[2023-06-20T11:15:35.732+0000] {taskinstance.py:1103} INFO - Dependencies all met for dep_context=non-requeueable deps ti=<TaskInstance: airflow_dbt.dbt_task.model.jaffle_shop.fact_orders manual__2023-06-20T11:13:13.789844+00:00 [queued]>
[2023-06-20T11:15:35.739+0000] {taskinstance.py:1103} INFO - Dependencies all met for dep_context=requeueable deps ti=<TaskInstance: airflow_dbt.dbt_task.model.jaffle_shop.fact_orders manual__2023-06-20T11:13:13.789844+00:00 [queued]>
[2023-06-20T11:15:35.739+0000] {taskinstance.py:1308} INFO - Starting attempt 1 of 1
[2023-06-20T11:15:35.764+0000] {taskinstance.py:1327} INFO - Executing <Task(BashOperator): dbt_task.model.jaffle_shop.fact_orders> on 2023-06-20 11:13:13.789844+00:00
[2023-06-20T11:15:35.768+0000] {standard_task_runner.py:57} INFO - Started process 9030 to run task
[2023-06-20T11:15:35.772+0000] {standard_task_runner.py:84} INFO - Running: ['airflow', 'tasks', 'run', 'airflow_dbt', 'dbt_task.model.jaffle_shop.fact_orders', 'manual__2023-06-20T11:13:13.789844+00:00', '--job-id', '144', '--raw', '--subdir', 'DAGS_FOLDER/dbt_dag.py', '--cfg-path', '/tmp/tmpaxcenkhv']
[2023-06-20T11:15:35.773+0000] {standard_task_runner.py:85} INFO - Job 144: Subtask dbt_task.model.jaffle_shop.fact_orders
[2023-06-20T11:15:35.824+0000] {task_command.py:410} INFO - Running <TaskInstance: airflow_dbt.dbt_task.model.jaffle_shop.fact_orders manual__2023-06-20T11:13:13.789844+00:00 [running]> on host ubuntu.thbnzb0d3dmuziyfg2t53bofqb.tx.internal.cloudapp.net
[2023-06-20T11:15:36.075+0000] {taskinstance.py:1545} INFO - Exporting env vars: AIRFLOW_CTX_DAG_OWNER='airflow' AIRFLOW_CTX_DAG_ID='airflow_dbt' AIRFLOW_CTX_TASK_ID='dbt_task.model.jaffle_shop.fact_orders' AIRFLOW_CTX_EXECUTION_DATE='2023-06-20T11:13:13.789844+00:00' AIRFLOW_CTX_TRY_NUMBER='1' AIRFLOW_CTX_DAG_RUN_ID='manual__2023-06-20T11:13:13.789844+00:00'
[2023-06-20T11:15:36.077+0000] {subprocess.py:63} INFO - Tmp dir root location: 
 /tmp
[2023-06-20T11:15:36.077+0000] {subprocess.py:75} INFO - Running command: ['/usr/bin/bash', '-c', 'cd /home/satyam/airflow/dags/dbt/ && dbt run --models fact_orders']
[2023-06-20T11:15:36.085+0000] {subprocess.py:86} INFO - Output:
[2023-06-20T11:15:38.613+0000] {subprocess.py:93} INFO - [0m11:15:38  Running with dbt=1.5.1
[2023-06-20T11:15:39.059+0000] {subprocess.py:93} INFO - [0m11:15:39  Found 5 models, 0 tests, 0 snapshots, 0 analyses, 321 macros, 0 operations, 0 seed files, 0 sources, 0 exposures, 0 metrics, 0 groups
[2023-06-20T11:15:39.061+0000] {subprocess.py:93} INFO - [0m11:15:39
[2023-06-20T11:15:40.156+0000] {subprocess.py:93} INFO - [0m11:15:40  Concurrency: 1 threads (target='dev')
[2023-06-20T11:15:40.156+0000] {subprocess.py:93} INFO - [0m11:15:40
[2023-06-20T11:15:40.163+0000] {subprocess.py:93} INFO - [0m11:15:40  1 of 1 START sql table model learn_dbt.fact_orders ............................. [RUN]
[2023-06-20T11:15:41.417+0000] {subprocess.py:93} INFO - [0m11:15:41  1 of 1 OK created sql table model learn_dbt.fact_orders ........................ [[32mSUCCESS 1[0m in 1.25s]
[2023-06-20T11:15:41.421+0000] {subprocess.py:93} INFO - [0m11:15:41
[2023-06-20T11:15:41.422+0000] {subprocess.py:93} INFO - [0m11:15:41  Finished running 1 table model in 0 hours 0 minutes and 2.36 seconds (2.36s).
[2023-06-20T11:15:41.433+0000] {subprocess.py:93} INFO - [0m11:15:41
[2023-06-20T11:15:41.433+0000] {subprocess.py:93} INFO - [0m11:15:41  [32mCompleted successfully[0m
[2023-06-20T11:15:41.434+0000] {subprocess.py:93} INFO - [0m11:15:41
[2023-06-20T11:15:41.435+0000] {subprocess.py:93} INFO - [0m11:15:41  Done. PASS=1 WARN=0 ERROR=0 SKIP=0 TOTAL=1
[2023-06-20T11:15:42.699+0000] {subprocess.py:97} INFO - Command exited with return code 0
[2023-06-20T11:15:42.734+0000] {taskinstance.py:1345} INFO - Marking task as SUCCESS. dag_id=airflow_dbt, task_id=dbt_task.model.jaffle_shop.fact_orders, execution_date=20230620T111313, start_date=20230620T111535, end_date=20230620T111542
[2023-06-20T11:15:42.801+0000] {local_task_job_runner.py:225} INFO - Task exited with return code 0
[2023-06-20T11:15:42.816+0000] {taskinstance.py:2651} INFO - 1 downstream tasks scheduled from follow-on schedule check
