[2023-06-23T14:53:28.878+0000] {taskinstance.py:1103} INFO - Dependencies all met for dep_context=non-requeueable deps ti=<TaskInstance: airflow_dbt.dbt_task.model.development.product_sales manual__2023-06-23T14:52:06.867856+00:00 [queued]>
[2023-06-23T14:53:28.886+0000] {taskinstance.py:1103} INFO - Dependencies all met for dep_context=requeueable deps ti=<TaskInstance: airflow_dbt.dbt_task.model.development.product_sales manual__2023-06-23T14:52:06.867856+00:00 [queued]>
[2023-06-23T14:53:28.887+0000] {taskinstance.py:1308} INFO - Starting attempt 1 of 1
[2023-06-23T14:53:28.913+0000] {taskinstance.py:1327} INFO - Executing <Task(BashOperator): dbt_task.model.development.product_sales> on 2023-06-23 14:52:06.867856+00:00
[2023-06-23T14:53:28.917+0000] {standard_task_runner.py:57} INFO - Started process 21246 to run task
[2023-06-23T14:53:28.922+0000] {standard_task_runner.py:84} INFO - Running: ['airflow', 'tasks', 'run', 'airflow_dbt', 'dbt_task.model.development.product_sales', 'manual__2023-06-23T14:52:06.867856+00:00', '--job-id', '260', '--raw', '--subdir', 'DAGS_FOLDER/dbt_dag.py', '--cfg-path', '/tmp/tmpaj2c_cn9']
[2023-06-23T14:53:28.923+0000] {standard_task_runner.py:85} INFO - Job 260: Subtask dbt_task.model.development.product_sales
[2023-06-23T14:53:28.976+0000] {task_command.py:410} INFO - Running <TaskInstance: airflow_dbt.dbt_task.model.development.product_sales manual__2023-06-23T14:52:06.867856+00:00 [running]> on host ubuntu.thbnzb0d3dmuziyfg2t53bofqb.tx.internal.cloudapp.net
[2023-06-23T14:53:29.240+0000] {taskinstance.py:1545} INFO - Exporting env vars: AIRFLOW_CTX_DAG_OWNER='airflow' AIRFLOW_CTX_DAG_ID='airflow_dbt' AIRFLOW_CTX_TASK_ID='dbt_task.model.development.product_sales' AIRFLOW_CTX_EXECUTION_DATE='2023-06-23T14:52:06.867856+00:00' AIRFLOW_CTX_TRY_NUMBER='1' AIRFLOW_CTX_DAG_RUN_ID='manual__2023-06-23T14:52:06.867856+00:00'
[2023-06-23T14:53:29.242+0000] {subprocess.py:63} INFO - Tmp dir root location: 
 /tmp
[2023-06-23T14:53:29.243+0000] {subprocess.py:75} INFO - Running command: ['/usr/bin/bash', '-c', "cd /home/satyam/airflow/dags/dbt/ && dbt run --models product_sales --vars '{'run_time_stamp': DateTime(2023, 6, 23, 0, 0, 0, tzinfo=Timezone('Etc/UTC'))}'"]
[2023-06-23T14:53:29.250+0000] {subprocess.py:86} INFO - Output:
[2023-06-23T14:53:31.841+0000] {subprocess.py:93} INFO - [0m14:53:31  Running with dbt=1.5.1
[2023-06-23T14:53:32.255+0000] {subprocess.py:93} INFO - [0m14:53:32  [[33mWARNING[0m]: Configuration paths exist in your dbt_project.yml file which do not apply to any resources.
[2023-06-23T14:53:32.256+0000] {subprocess.py:93} INFO - There are 3 unused configuration paths:
[2023-06-23T14:53:32.256+0000] {subprocess.py:93} INFO - - models.development.staging
[2023-06-23T14:53:32.256+0000] {subprocess.py:93} INFO - - models.development.intermediate
[2023-06-23T14:53:32.256+0000] {subprocess.py:93} INFO - - models.development.bronze
[2023-06-23T14:53:32.275+0000] {subprocess.py:93} INFO - [0m14:53:32  Found 7 models, 0 tests, 0 snapshots, 0 analyses, 321 macros, 0 operations, 0 seed files, 4 sources, 0 exposures, 0 metrics, 0 groups
[2023-06-23T14:53:32.279+0000] {subprocess.py:93} INFO - [0m14:53:32
[2023-06-23T14:53:33.824+0000] {subprocess.py:93} INFO - [0m14:53:33  Concurrency: 1 threads (target='dev')
[2023-06-23T14:53:33.825+0000] {subprocess.py:93} INFO - [0m14:53:33
[2023-06-23T14:53:33.831+0000] {subprocess.py:93} INFO - [0m14:53:33  1 of 1 START sql incremental model final_sales.product_sales ................... [RUN]
[2023-06-23T14:53:36.191+0000] {subprocess.py:93} INFO - [0m14:53:36  1 of 1 OK created sql incremental model final_sales.product_sales .............. [[32mSUCCESS 1[0m in 2.36s]
[2023-06-23T14:53:36.197+0000] {subprocess.py:93} INFO - [0m14:53:36
[2023-06-23T14:53:36.198+0000] {subprocess.py:93} INFO - [0m14:53:36  Finished running 1 incremental model in 0 hours 0 minutes and 3.92 seconds (3.92s).
[2023-06-23T14:53:36.212+0000] {subprocess.py:93} INFO - [0m14:53:36
[2023-06-23T14:53:36.214+0000] {subprocess.py:93} INFO - [0m14:53:36  [32mCompleted successfully[0m
[2023-06-23T14:53:36.215+0000] {subprocess.py:93} INFO - [0m14:53:36
[2023-06-23T14:53:36.216+0000] {subprocess.py:93} INFO - [0m14:53:36  Done. PASS=1 WARN=0 ERROR=0 SKIP=0 TOTAL=1
[2023-06-23T14:53:37.528+0000] {subprocess.py:97} INFO - Command exited with return code 0
[2023-06-23T14:53:37.564+0000] {taskinstance.py:1345} INFO - Marking task as SUCCESS. dag_id=airflow_dbt, task_id=dbt_task.model.development.product_sales, execution_date=20230623T145206, start_date=20230623T145328, end_date=20230623T145337
[2023-06-23T14:53:37.631+0000] {local_task_job_runner.py:225} INFO - Task exited with return code 0
[2023-06-23T14:53:37.643+0000] {taskinstance.py:2651} INFO - 0 downstream tasks scheduled from follow-on schedule check
