[2023-06-20T20:28:00.120+0000] {taskinstance.py:1103} INFO - Dependencies all met for dep_context=non-requeueable deps ti=<TaskInstance: airflow_dbt.dbt_task.source.development.sales_stage.products manual__2023-06-20T20:27:34.750582+00:00 [queued]>
[2023-06-20T20:28:00.128+0000] {taskinstance.py:1103} INFO - Dependencies all met for dep_context=requeueable deps ti=<TaskInstance: airflow_dbt.dbt_task.source.development.sales_stage.products manual__2023-06-20T20:27:34.750582+00:00 [queued]>
[2023-06-20T20:28:00.128+0000] {taskinstance.py:1308} INFO - Starting attempt 1 of 1
[2023-06-20T20:28:00.152+0000] {taskinstance.py:1327} INFO - Executing <Task(BashOperator): dbt_task.source.development.sales_stage.products> on 2023-06-20 20:27:34.750582+00:00
[2023-06-20T20:28:00.156+0000] {standard_task_runner.py:57} INFO - Started process 18881 to run task
[2023-06-20T20:28:00.160+0000] {standard_task_runner.py:84} INFO - Running: ['airflow', 'tasks', 'run', 'airflow_dbt', 'dbt_task.source.development.sales_stage.products', 'manual__2023-06-20T20:27:34.750582+00:00', '--job-id', '172', '--raw', '--subdir', 'DAGS_FOLDER/dbt_dag.py', '--cfg-path', '/tmp/tmpr_fh2rip']
[2023-06-20T20:28:00.161+0000] {standard_task_runner.py:85} INFO - Job 172: Subtask dbt_task.source.development.sales_stage.products
[2023-06-20T20:28:00.209+0000] {task_command.py:410} INFO - Running <TaskInstance: airflow_dbt.dbt_task.source.development.sales_stage.products manual__2023-06-20T20:27:34.750582+00:00 [running]> on host ubuntu.thbnzb0d3dmuziyfg2t53bofqb.tx.internal.cloudapp.net
[2023-06-20T20:28:00.446+0000] {taskinstance.py:1545} INFO - Exporting env vars: AIRFLOW_CTX_DAG_OWNER='airflow' AIRFLOW_CTX_DAG_ID='airflow_dbt' AIRFLOW_CTX_TASK_ID='dbt_task.source.development.sales_stage.products' AIRFLOW_CTX_EXECUTION_DATE='2023-06-20T20:27:34.750582+00:00' AIRFLOW_CTX_TRY_NUMBER='1' AIRFLOW_CTX_DAG_RUN_ID='manual__2023-06-20T20:27:34.750582+00:00'
[2023-06-20T20:28:00.447+0000] {subprocess.py:63} INFO - Tmp dir root location: 
 /tmp
[2023-06-20T20:28:00.448+0000] {subprocess.py:75} INFO - Running command: ['/usr/bin/bash', '-c', 'cd /home/satyam/airflow/dags/dbt/ && dbt run --models bronze_products']
[2023-06-20T20:28:00.456+0000] {subprocess.py:86} INFO - Output:
[2023-06-20T20:28:02.846+0000] {subprocess.py:93} INFO - [0m20:28:02  Running with dbt=1.5.1
[2023-06-20T20:28:03.259+0000] {subprocess.py:93} INFO - [0m20:28:03  [[33mWARNING[0m]: Configuration paths exist in your dbt_project.yml file which do not apply to any resources.
[2023-06-20T20:28:03.260+0000] {subprocess.py:93} INFO - There are 3 unused configuration paths:
[2023-06-20T20:28:03.260+0000] {subprocess.py:93} INFO - - models.development.staging
[2023-06-20T20:28:03.260+0000] {subprocess.py:93} INFO - - models.development.intermediate
[2023-06-20T20:28:03.260+0000] {subprocess.py:93} INFO - - models.development.bronze
[2023-06-20T20:28:03.277+0000] {subprocess.py:93} INFO - [0m20:28:03  Found 7 models, 0 tests, 0 snapshots, 0 analyses, 321 macros, 0 operations, 0 seed files, 4 sources, 0 exposures, 0 metrics, 0 groups
[2023-06-20T20:28:03.279+0000] {subprocess.py:93} INFO - [0m20:28:03
[2023-06-20T20:28:04.502+0000] {subprocess.py:93} INFO - [0m20:28:04  Concurrency: 1 threads (target='dev')
[2023-06-20T20:28:04.503+0000] {subprocess.py:93} INFO - [0m20:28:04
[2023-06-20T20:28:04.509+0000] {subprocess.py:93} INFO - [0m20:28:04  1 of 1 START sql view model sales.bronze_products .............................. [RUN]
[2023-06-20T20:28:05.059+0000] {subprocess.py:93} INFO - [0m20:28:05  1 of 1 OK created sql view model sales.bronze_products ......................... [[32mSUCCESS 1[0m in 0.55s]
[2023-06-20T20:28:05.063+0000] {subprocess.py:93} INFO - [0m20:28:05
[2023-06-20T20:28:05.064+0000] {subprocess.py:93} INFO - [0m20:28:05  Finished running 1 view model in 0 hours 0 minutes and 1.78 seconds (1.78s).
[2023-06-20T20:28:05.074+0000] {subprocess.py:93} INFO - [0m20:28:05
[2023-06-20T20:28:05.074+0000] {subprocess.py:93} INFO - [0m20:28:05  [32mCompleted successfully[0m
[2023-06-20T20:28:05.075+0000] {subprocess.py:93} INFO - [0m20:28:05
[2023-06-20T20:28:05.076+0000] {subprocess.py:93} INFO - [0m20:28:05  Done. PASS=1 WARN=0 ERROR=0 SKIP=0 TOTAL=1
[2023-06-20T20:28:06.204+0000] {subprocess.py:97} INFO - Command exited with return code 0
[2023-06-20T20:28:06.241+0000] {taskinstance.py:1345} INFO - Marking task as SUCCESS. dag_id=airflow_dbt, task_id=dbt_task.source.development.sales_stage.products, execution_date=20230620T202734, start_date=20230620T202800, end_date=20230620T202806
[2023-06-20T20:28:06.298+0000] {local_task_job_runner.py:225} INFO - Task exited with return code 0
[2023-06-20T20:28:06.422+0000] {taskinstance.py:2651} INFO - 1 downstream tasks scheduled from follow-on schedule check
