[2023-06-23T14:53:17.888+0000] {taskinstance.py:1103} INFO - Dependencies all met for dep_context=non-requeueable deps ti=<TaskInstance: airflow_dbt.dbt_task.model.development.bronze_customers manual__2023-06-23T14:52:06.867856+00:00 [queued]>
[2023-06-23T14:53:17.896+0000] {taskinstance.py:1103} INFO - Dependencies all met for dep_context=requeueable deps ti=<TaskInstance: airflow_dbt.dbt_task.model.development.bronze_customers manual__2023-06-23T14:52:06.867856+00:00 [queued]>
[2023-06-23T14:53:17.896+0000] {taskinstance.py:1308} INFO - Starting attempt 1 of 1
[2023-06-23T14:53:17.919+0000] {taskinstance.py:1327} INFO - Executing <Task(BashOperator): dbt_task.model.development.bronze_customers> on 2023-06-23 14:52:06.867856+00:00
[2023-06-23T14:53:17.923+0000] {standard_task_runner.py:57} INFO - Started process 21102 to run task
[2023-06-23T14:53:17.928+0000] {standard_task_runner.py:84} INFO - Running: ['airflow', 'tasks', 'run', 'airflow_dbt', 'dbt_task.model.development.bronze_customers', 'manual__2023-06-23T14:52:06.867856+00:00', '--job-id', '259', '--raw', '--subdir', 'DAGS_FOLDER/dbt_dag.py', '--cfg-path', '/tmp/tmpy8ikqm3e']
[2023-06-23T14:53:17.929+0000] {standard_task_runner.py:85} INFO - Job 259: Subtask dbt_task.model.development.bronze_customers
[2023-06-23T14:53:17.983+0000] {task_command.py:410} INFO - Running <TaskInstance: airflow_dbt.dbt_task.model.development.bronze_customers manual__2023-06-23T14:52:06.867856+00:00 [running]> on host ubuntu.thbnzb0d3dmuziyfg2t53bofqb.tx.internal.cloudapp.net
[2023-06-23T14:53:18.246+0000] {taskinstance.py:1545} INFO - Exporting env vars: AIRFLOW_CTX_DAG_OWNER='airflow' AIRFLOW_CTX_DAG_ID='airflow_dbt' AIRFLOW_CTX_TASK_ID='dbt_task.model.development.bronze_customers' AIRFLOW_CTX_EXECUTION_DATE='2023-06-23T14:52:06.867856+00:00' AIRFLOW_CTX_TRY_NUMBER='1' AIRFLOW_CTX_DAG_RUN_ID='manual__2023-06-23T14:52:06.867856+00:00'
[2023-06-23T14:53:18.247+0000] {subprocess.py:63} INFO - Tmp dir root location: 
 /tmp
[2023-06-23T14:53:18.248+0000] {subprocess.py:75} INFO - Running command: ['/usr/bin/bash', '-c', "cd /home/satyam/airflow/dags/dbt/ && dbt run --models bronze_customers --vars '{'run_time_stamp': DateTime(2023, 6, 23, 0, 0, 0, tzinfo=Timezone('Etc/UTC'))}'"]
[2023-06-23T14:53:18.258+0000] {subprocess.py:86} INFO - Output:
[2023-06-23T14:53:20.883+0000] {subprocess.py:93} INFO - [0m14:53:20  Running with dbt=1.5.1
[2023-06-23T14:53:21.318+0000] {subprocess.py:93} INFO - [0m14:53:21  [[33mWARNING[0m]: Configuration paths exist in your dbt_project.yml file which do not apply to any resources.
[2023-06-23T14:53:21.319+0000] {subprocess.py:93} INFO - There are 3 unused configuration paths:
[2023-06-23T14:53:21.319+0000] {subprocess.py:93} INFO - - models.development.intermediate
[2023-06-23T14:53:21.319+0000] {subprocess.py:93} INFO - - models.development.staging
[2023-06-23T14:53:21.319+0000] {subprocess.py:93} INFO - - models.development.bronze
[2023-06-23T14:53:21.341+0000] {subprocess.py:93} INFO - [0m14:53:21  Found 7 models, 0 tests, 0 snapshots, 0 analyses, 321 macros, 0 operations, 0 seed files, 4 sources, 0 exposures, 0 metrics, 0 groups
[2023-06-23T14:53:21.344+0000] {subprocess.py:93} INFO - [0m14:53:21
[2023-06-23T14:53:22.751+0000] {subprocess.py:93} INFO - [0m14:53:22  Concurrency: 1 threads (target='dev')
[2023-06-23T14:53:22.752+0000] {subprocess.py:93} INFO - [0m14:53:22
[2023-06-23T14:53:22.759+0000] {subprocess.py:93} INFO - [0m14:53:22  1 of 1 START sql incremental model final_sales.bronze_customers ................ [RUN]
[2023-06-23T14:53:24.848+0000] {subprocess.py:93} INFO - [0m14:53:24  1 of 1 OK created sql incremental model final_sales.bronze_customers ........... [[32mSUCCESS 10[0m in 2.09s]
[2023-06-23T14:53:24.854+0000] {subprocess.py:93} INFO - [0m14:53:24
[2023-06-23T14:53:24.855+0000] {subprocess.py:93} INFO - [0m14:53:24  Finished running 1 incremental model in 0 hours 0 minutes and 3.51 seconds (3.51s).
[2023-06-23T14:53:24.866+0000] {subprocess.py:93} INFO - [0m14:53:24
[2023-06-23T14:53:24.867+0000] {subprocess.py:93} INFO - [0m14:53:24  [32mCompleted successfully[0m
[2023-06-23T14:53:24.868+0000] {subprocess.py:93} INFO - [0m14:53:24
[2023-06-23T14:53:24.869+0000] {subprocess.py:93} INFO - [0m14:53:24  Done. PASS=1 WARN=0 ERROR=0 SKIP=0 TOTAL=1
[2023-06-23T14:53:26.091+0000] {subprocess.py:97} INFO - Command exited with return code 0
[2023-06-23T14:53:26.125+0000] {taskinstance.py:1345} INFO - Marking task as SUCCESS. dag_id=airflow_dbt, task_id=dbt_task.model.development.bronze_customers, execution_date=20230623T145206, start_date=20230623T145317, end_date=20230623T145326
[2023-06-23T14:53:26.174+0000] {local_task_job_runner.py:225} INFO - Task exited with return code 0
[2023-06-23T14:53:26.206+0000] {taskinstance.py:2651} INFO - 1 downstream tasks scheduled from follow-on schedule check
