[2023-06-15T06:46:54.856+0000] {taskinstance.py:1103} INFO - Dependencies all met for dep_context=non-requeueable deps ti=<TaskInstance: airflow_dbt.model.jaffle_shop.stg_orders manual__2023-06-15T06:46:52.166074+00:00 [queued]>
[2023-06-15T06:46:54.862+0000] {taskinstance.py:1103} INFO - Dependencies all met for dep_context=requeueable deps ti=<TaskInstance: airflow_dbt.model.jaffle_shop.stg_orders manual__2023-06-15T06:46:52.166074+00:00 [queued]>
[2023-06-15T06:46:54.862+0000] {taskinstance.py:1308} INFO - Starting attempt 1 of 1
[2023-06-15T06:46:54.884+0000] {taskinstance.py:1327} INFO - Executing <Task(BashOperator): model.jaffle_shop.stg_orders> on 2023-06-15 06:46:52.166074+00:00
[2023-06-15T06:46:54.887+0000] {standard_task_runner.py:57} INFO - Started process 18605 to run task
[2023-06-15T06:46:54.892+0000] {standard_task_runner.py:84} INFO - Running: ['airflow', 'tasks', 'run', 'airflow_dbt', 'model.jaffle_shop.stg_orders', 'manual__2023-06-15T06:46:52.166074+00:00', '--job-id', '42', '--raw', '--subdir', 'DAGS_FOLDER/dbt_dag.py', '--cfg-path', '/tmp/tmpp_51_yad']
[2023-06-15T06:46:54.892+0000] {standard_task_runner.py:85} INFO - Job 42: Subtask model.jaffle_shop.stg_orders
[2023-06-15T06:46:54.944+0000] {task_command.py:410} INFO - Running <TaskInstance: airflow_dbt.model.jaffle_shop.stg_orders manual__2023-06-15T06:46:52.166074+00:00 [running]> on host ubuntu.thbnzb0d3dmuziyfg2t53bofqb.tx.internal.cloudapp.net
[2023-06-15T06:46:56.078+0000] {taskinstance.py:1545} INFO - Exporting env vars: AIRFLOW_CTX_DAG_OWNER='airflow' AIRFLOW_CTX_DAG_ID='airflow_dbt' AIRFLOW_CTX_TASK_ID='model.jaffle_shop.stg_orders' AIRFLOW_CTX_EXECUTION_DATE='2023-06-15T06:46:52.166074+00:00' AIRFLOW_CTX_TRY_NUMBER='1' AIRFLOW_CTX_DAG_RUN_ID='manual__2023-06-15T06:46:52.166074+00:00'
[2023-06-15T06:46:56.080+0000] {subprocess.py:63} INFO - Tmp dir root location: 
 /tmp
[2023-06-15T06:46:56.080+0000] {subprocess.py:75} INFO - Running command: ['/usr/bin/bash', '-c', 'cd /home/satyam/airflow/dags/dbt/ && dbt run --models stg_orders']
[2023-06-15T06:46:56.088+0000] {subprocess.py:86} INFO - Output:
[2023-06-15T06:46:57.970+0000] {subprocess.py:93} INFO - [0m06:46:57  Running with dbt=1.5.1
[2023-06-15T06:46:58.321+0000] {subprocess.py:93} INFO - [0m06:46:58  Found 5 models, 0 tests, 0 snapshots, 0 analyses, 321 macros, 0 operations, 0 seed files, 0 sources, 0 exposures, 0 metrics, 0 groups
[2023-06-15T06:46:58.324+0000] {subprocess.py:93} INFO - [0m06:46:58
[2023-06-15T06:46:59.757+0000] {subprocess.py:93} INFO - [0m06:46:59  Concurrency: 1 threads (target='dev')
[2023-06-15T06:46:59.758+0000] {subprocess.py:93} INFO - [0m06:46:59
[2023-06-15T06:46:59.763+0000] {subprocess.py:93} INFO - [0m06:46:59  1 of 1 START sql view model learn_dbt.stg_orders ............................... [RUN]
[2023-06-15T06:47:00.307+0000] {subprocess.py:93} INFO - [0m06:47:00  1 of 1 OK created sql view model learn_dbt.stg_orders .......................... [[32mSUCCESS 1[0m in 0.54s]
[2023-06-15T06:47:00.311+0000] {subprocess.py:93} INFO - [0m06:47:00
[2023-06-15T06:47:00.312+0000] {subprocess.py:93} INFO - [0m06:47:00  Finished running 1 view model in 0 hours 0 minutes and 1.99 seconds (1.99s).
[2023-06-15T06:47:00.324+0000] {subprocess.py:93} INFO - [0m06:47:00
[2023-06-15T06:47:00.325+0000] {subprocess.py:93} INFO - [0m06:47:00  [32mCompleted successfully[0m
[2023-06-15T06:47:00.325+0000] {subprocess.py:93} INFO - [0m06:47:00
[2023-06-15T06:47:00.326+0000] {subprocess.py:93} INFO - [0m06:47:00  Done. PASS=1 WARN=0 ERROR=0 SKIP=0 TOTAL=1
[2023-06-15T06:47:01.888+0000] {subprocess.py:97} INFO - Command exited with return code 0
[2023-06-15T06:47:01.957+0000] {taskinstance.py:1345} INFO - Marking task as SUCCESS. dag_id=airflow_dbt, task_id=model.jaffle_shop.stg_orders, execution_date=20230615T064652, start_date=20230615T064654, end_date=20230615T064701
[2023-06-15T06:47:01.997+0000] {local_task_job_runner.py:225} INFO - Task exited with return code 0
[2023-06-15T06:47:02.017+0000] {taskinstance.py:2651} INFO - 0 downstream tasks scheduled from follow-on schedule check
