[2023-06-22T04:36:54.939+0000] {taskinstance.py:1103} INFO - Dependencies all met for dep_context=non-requeueable deps ti=<TaskInstance: airflow_dbt.dbt_task.model.development.bronze_products manual__2023-06-22T04:35:46.763656+00:00 [queued]>
[2023-06-22T04:36:54.947+0000] {taskinstance.py:1103} INFO - Dependencies all met for dep_context=requeueable deps ti=<TaskInstance: airflow_dbt.dbt_task.model.development.bronze_products manual__2023-06-22T04:35:46.763656+00:00 [queued]>
[2023-06-22T04:36:54.947+0000] {taskinstance.py:1308} INFO - Starting attempt 1 of 1
[2023-06-22T04:36:54.985+0000] {taskinstance.py:1327} INFO - Executing <Task(BashOperator): dbt_task.model.development.bronze_products> on 2023-06-22 04:35:46.763656+00:00
[2023-06-22T04:36:54.989+0000] {standard_task_runner.py:57} INFO - Started process 5906 to run task
[2023-06-22T04:36:54.994+0000] {standard_task_runner.py:84} INFO - Running: ['airflow', 'tasks', 'run', 'airflow_dbt', 'dbt_task.model.development.bronze_products', 'manual__2023-06-22T04:35:46.763656+00:00', '--job-id', '204', '--raw', '--subdir', 'DAGS_FOLDER/dbt_dag.py', '--cfg-path', '/tmp/tmpdcsh64vj']
[2023-06-22T04:36:54.994+0000] {standard_task_runner.py:85} INFO - Job 204: Subtask dbt_task.model.development.bronze_products
[2023-06-22T04:36:55.054+0000] {task_command.py:410} INFO - Running <TaskInstance: airflow_dbt.dbt_task.model.development.bronze_products manual__2023-06-22T04:35:46.763656+00:00 [running]> on host ubuntu.thbnzb0d3dmuziyfg2t53bofqb.tx.internal.cloudapp.net
[2023-06-22T04:36:55.332+0000] {taskinstance.py:1545} INFO - Exporting env vars: AIRFLOW_CTX_DAG_OWNER='airflow' AIRFLOW_CTX_DAG_ID='airflow_dbt' AIRFLOW_CTX_TASK_ID='dbt_task.model.development.bronze_products' AIRFLOW_CTX_EXECUTION_DATE='2023-06-22T04:35:46.763656+00:00' AIRFLOW_CTX_TRY_NUMBER='1' AIRFLOW_CTX_DAG_RUN_ID='manual__2023-06-22T04:35:46.763656+00:00'
[2023-06-22T04:36:55.333+0000] {subprocess.py:63} INFO - Tmp dir root location: 
 /tmp
[2023-06-22T04:36:55.334+0000] {subprocess.py:75} INFO - Running command: ['/usr/bin/bash', '-c', 'cd /home/satyam/airflow/dags/dbt/ && dbt run --models bronze_products']
[2023-06-22T04:36:55.341+0000] {subprocess.py:86} INFO - Output:
[2023-06-22T04:36:57.896+0000] {subprocess.py:93} INFO - [0m04:36:57  Running with dbt=1.5.1
[2023-06-22T04:36:58.294+0000] {subprocess.py:93} INFO - [0m04:36:58  [[33mWARNING[0m]: Configuration paths exist in your dbt_project.yml file which do not apply to any resources.
[2023-06-22T04:36:58.295+0000] {subprocess.py:93} INFO - There are 3 unused configuration paths:
[2023-06-22T04:36:58.295+0000] {subprocess.py:93} INFO - - models.development.staging
[2023-06-22T04:36:58.295+0000] {subprocess.py:93} INFO - - models.development.intermediate
[2023-06-22T04:36:58.295+0000] {subprocess.py:93} INFO - - models.development.bronze
[2023-06-22T04:36:58.314+0000] {subprocess.py:93} INFO - [0m04:36:58  Found 7 models, 0 tests, 0 snapshots, 0 analyses, 321 macros, 0 operations, 0 seed files, 4 sources, 0 exposures, 0 metrics, 0 groups
[2023-06-22T04:36:58.316+0000] {subprocess.py:93} INFO - [0m04:36:58
[2023-06-22T04:36:59.632+0000] {subprocess.py:93} INFO - [0m04:36:59  Concurrency: 1 threads (target='dev')
[2023-06-22T04:36:59.632+0000] {subprocess.py:93} INFO - [0m04:36:59
[2023-06-22T04:36:59.638+0000] {subprocess.py:93} INFO - [0m04:36:59  1 of 1 START sql view model final_sales.bronze_products ........................ [RUN]
[2023-06-22T04:37:00.236+0000] {subprocess.py:93} INFO - [0m04:37:00  1 of 1 OK created sql view model final_sales.bronze_products ................... [[32mSUCCESS 1[0m in 0.60s]
[2023-06-22T04:37:00.240+0000] {subprocess.py:93} INFO - [0m04:37:00
[2023-06-22T04:37:00.241+0000] {subprocess.py:93} INFO - [0m04:37:00  Finished running 1 view model in 0 hours 0 minutes and 1.92 seconds (1.92s).
[2023-06-22T04:37:00.251+0000] {subprocess.py:93} INFO - [0m04:37:00
[2023-06-22T04:37:00.252+0000] {subprocess.py:93} INFO - [0m04:37:00  [32mCompleted successfully[0m
[2023-06-22T04:37:00.252+0000] {subprocess.py:93} INFO - [0m04:37:00
[2023-06-22T04:37:00.253+0000] {subprocess.py:93} INFO - [0m04:37:00  Done. PASS=1 WARN=0 ERROR=0 SKIP=0 TOTAL=1
[2023-06-22T04:37:01.508+0000] {subprocess.py:97} INFO - Command exited with return code 0
[2023-06-22T04:37:01.542+0000] {taskinstance.py:1345} INFO - Marking task as SUCCESS. dag_id=airflow_dbt, task_id=dbt_task.model.development.bronze_products, execution_date=20230622T043546, start_date=20230622T043654, end_date=20230622T043701
[2023-06-22T04:37:01.616+0000] {local_task_job_runner.py:225} INFO - Task exited with return code 0
[2023-06-22T04:37:01.639+0000] {taskinstance.py:2651} INFO - 1 downstream tasks scheduled from follow-on schedule check
