[2023-06-23T14:53:05.720+0000] {taskinstance.py:1103} INFO - Dependencies all met for dep_context=non-requeueable deps ti=<TaskInstance: airflow_dbt.dbt_task.model.development.fct_payment_details manual__2023-06-23T14:52:06.867856+00:00 [queued]>
[2023-06-23T14:53:05.728+0000] {taskinstance.py:1103} INFO - Dependencies all met for dep_context=requeueable deps ti=<TaskInstance: airflow_dbt.dbt_task.model.development.fct_payment_details manual__2023-06-23T14:52:06.867856+00:00 [queued]>
[2023-06-23T14:53:05.728+0000] {taskinstance.py:1308} INFO - Starting attempt 1 of 1
[2023-06-23T14:53:05.757+0000] {taskinstance.py:1327} INFO - Executing <Task(BashOperator): dbt_task.model.development.fct_payment_details> on 2023-06-23 14:52:06.867856+00:00
[2023-06-23T14:53:05.773+0000] {standard_task_runner.py:57} INFO - Started process 20907 to run task
[2023-06-23T14:53:05.783+0000] {standard_task_runner.py:84} INFO - Running: ['airflow', 'tasks', 'run', 'airflow_dbt', 'dbt_task.model.development.fct_payment_details', 'manual__2023-06-23T14:52:06.867856+00:00', '--job-id', '257', '--raw', '--subdir', 'DAGS_FOLDER/dbt_dag.py', '--cfg-path', '/tmp/tmpre4h_mde']
[2023-06-23T14:53:05.784+0000] {standard_task_runner.py:85} INFO - Job 257: Subtask dbt_task.model.development.fct_payment_details
[2023-06-23T14:53:05.837+0000] {task_command.py:410} INFO - Running <TaskInstance: airflow_dbt.dbt_task.model.development.fct_payment_details manual__2023-06-23T14:52:06.867856+00:00 [running]> on host ubuntu.thbnzb0d3dmuziyfg2t53bofqb.tx.internal.cloudapp.net
[2023-06-23T14:53:06.130+0000] {taskinstance.py:1545} INFO - Exporting env vars: AIRFLOW_CTX_DAG_OWNER='airflow' AIRFLOW_CTX_DAG_ID='airflow_dbt' AIRFLOW_CTX_TASK_ID='dbt_task.model.development.fct_payment_details' AIRFLOW_CTX_EXECUTION_DATE='2023-06-23T14:52:06.867856+00:00' AIRFLOW_CTX_TRY_NUMBER='1' AIRFLOW_CTX_DAG_RUN_ID='manual__2023-06-23T14:52:06.867856+00:00'
[2023-06-23T14:53:06.131+0000] {subprocess.py:63} INFO - Tmp dir root location: 
 /tmp
[2023-06-23T14:53:06.132+0000] {subprocess.py:75} INFO - Running command: ['/usr/bin/bash', '-c', "cd /home/satyam/airflow/dags/dbt/ && dbt run --models fct_payment_details --vars '{'run_time_stamp': DateTime(2023, 6, 23, 0, 0, 0, tzinfo=Timezone('Etc/UTC'))}'"]
[2023-06-23T14:53:06.140+0000] {subprocess.py:86} INFO - Output:
[2023-06-23T14:53:08.789+0000] {subprocess.py:93} INFO - [0m14:53:08  Running with dbt=1.5.1
[2023-06-23T14:53:09.252+0000] {subprocess.py:93} INFO - [0m14:53:09  [[33mWARNING[0m]: Configuration paths exist in your dbt_project.yml file which do not apply to any resources.
[2023-06-23T14:53:09.252+0000] {subprocess.py:93} INFO - There are 3 unused configuration paths:
[2023-06-23T14:53:09.252+0000] {subprocess.py:93} INFO - - models.development.staging
[2023-06-23T14:53:09.252+0000] {subprocess.py:93} INFO - - models.development.intermediate
[2023-06-23T14:53:09.252+0000] {subprocess.py:93} INFO - - models.development.bronze
[2023-06-23T14:53:09.285+0000] {subprocess.py:93} INFO - [0m14:53:09  Found 7 models, 0 tests, 0 snapshots, 0 analyses, 321 macros, 0 operations, 0 seed files, 4 sources, 0 exposures, 0 metrics, 0 groups
[2023-06-23T14:53:09.287+0000] {subprocess.py:93} INFO - [0m14:53:09
[2023-06-23T14:53:10.747+0000] {subprocess.py:93} INFO - [0m14:53:10  Concurrency: 1 threads (target='dev')
[2023-06-23T14:53:10.748+0000] {subprocess.py:93} INFO - [0m14:53:10
[2023-06-23T14:53:10.753+0000] {subprocess.py:93} INFO - [0m14:53:10  1 of 1 START sql incremental model final_sales.fct_payment_details ............. [RUN]
[2023-06-23T14:53:12.857+0000] {subprocess.py:93} INFO - [0m14:53:12  1 of 1 OK created sql incremental model final_sales.fct_payment_details ........ [[32mSUCCESS 8[0m in 2.10s]
[2023-06-23T14:53:12.862+0000] {subprocess.py:93} INFO - [0m14:53:12
[2023-06-23T14:53:12.862+0000] {subprocess.py:93} INFO - [0m14:53:12  Finished running 1 incremental model in 0 hours 0 minutes and 3.57 seconds (3.57s).
[2023-06-23T14:53:12.877+0000] {subprocess.py:93} INFO - [0m14:53:12
[2023-06-23T14:53:12.878+0000] {subprocess.py:93} INFO - [0m14:53:12  [32mCompleted successfully[0m
[2023-06-23T14:53:12.879+0000] {subprocess.py:93} INFO - [0m14:53:12
[2023-06-23T14:53:12.879+0000] {subprocess.py:93} INFO - [0m14:53:12  Done. PASS=1 WARN=0 ERROR=0 SKIP=0 TOTAL=1
[2023-06-23T14:53:14.026+0000] {subprocess.py:97} INFO - Command exited with return code 0
[2023-06-23T14:53:14.063+0000] {taskinstance.py:1345} INFO - Marking task as SUCCESS. dag_id=airflow_dbt, task_id=dbt_task.model.development.fct_payment_details, execution_date=20230623T145206, start_date=20230623T145305, end_date=20230623T145314
[2023-06-23T14:53:14.104+0000] {local_task_job_runner.py:225} INFO - Task exited with return code 0
[2023-06-23T14:53:14.122+0000] {taskinstance.py:2651} INFO - 0 downstream tasks scheduled from follow-on schedule check
