[2023-06-15T06:47:10.159+0000] {taskinstance.py:1103} INFO - Dependencies all met for dep_context=non-requeueable deps ti=<TaskInstance: airflow_dbt.model.jaffle_shop.stg_customers manual__2023-06-15T06:46:52.166074+00:00 [queued]>
[2023-06-15T06:47:10.165+0000] {taskinstance.py:1103} INFO - Dependencies all met for dep_context=requeueable deps ti=<TaskInstance: airflow_dbt.model.jaffle_shop.stg_customers manual__2023-06-15T06:46:52.166074+00:00 [queued]>
[2023-06-15T06:47:10.165+0000] {taskinstance.py:1308} INFO - Starting attempt 1 of 1
[2023-06-15T06:47:10.185+0000] {taskinstance.py:1327} INFO - Executing <Task(BashOperator): model.jaffle_shop.stg_customers> on 2023-06-15 06:46:52.166074+00:00
[2023-06-15T06:47:10.188+0000] {standard_task_runner.py:57} INFO - Started process 18823 to run task
[2023-06-15T06:47:10.192+0000] {standard_task_runner.py:84} INFO - Running: ['airflow', 'tasks', 'run', 'airflow_dbt', 'model.jaffle_shop.stg_customers', 'manual__2023-06-15T06:46:52.166074+00:00', '--job-id', '44', '--raw', '--subdir', 'DAGS_FOLDER/dbt_dag.py', '--cfg-path', '/tmp/tmp2s029dia']
[2023-06-15T06:47:10.193+0000] {standard_task_runner.py:85} INFO - Job 44: Subtask model.jaffle_shop.stg_customers
[2023-06-15T06:47:10.243+0000] {task_command.py:410} INFO - Running <TaskInstance: airflow_dbt.model.jaffle_shop.stg_customers manual__2023-06-15T06:46:52.166074+00:00 [running]> on host ubuntu.thbnzb0d3dmuziyfg2t53bofqb.tx.internal.cloudapp.net
[2023-06-15T06:47:10.316+0000] {taskinstance.py:1545} INFO - Exporting env vars: AIRFLOW_CTX_DAG_OWNER='airflow' AIRFLOW_CTX_DAG_ID='airflow_dbt' AIRFLOW_CTX_TASK_ID='model.jaffle_shop.stg_customers' AIRFLOW_CTX_EXECUTION_DATE='2023-06-15T06:46:52.166074+00:00' AIRFLOW_CTX_TRY_NUMBER='1' AIRFLOW_CTX_DAG_RUN_ID='manual__2023-06-15T06:46:52.166074+00:00'
[2023-06-15T06:47:10.323+0000] {subprocess.py:63} INFO - Tmp dir root location: 
 /tmp
[2023-06-15T06:47:10.324+0000] {subprocess.py:75} INFO - Running command: ['/usr/bin/bash', '-c', 'cd /home/satyam/airflow/dags/dbt/ && dbt run --models stg_customers']
[2023-06-15T06:47:10.332+0000] {subprocess.py:86} INFO - Output:
[2023-06-15T06:47:12.248+0000] {subprocess.py:93} INFO - [0m06:47:12  Running with dbt=1.5.1
[2023-06-15T06:47:12.607+0000] {subprocess.py:93} INFO - [0m06:47:12  Found 5 models, 0 tests, 0 snapshots, 0 analyses, 321 macros, 0 operations, 0 seed files, 0 sources, 0 exposures, 0 metrics, 0 groups
[2023-06-15T06:47:12.608+0000] {subprocess.py:93} INFO - [0m06:47:12
[2023-06-15T06:47:14.237+0000] {subprocess.py:93} INFO - [0m06:47:14  Concurrency: 1 threads (target='dev')
[2023-06-15T06:47:14.238+0000] {subprocess.py:93} INFO - [0m06:47:14
[2023-06-15T06:47:14.242+0000] {subprocess.py:93} INFO - [0m06:47:14  1 of 1 START sql view model learn_dbt.stg_customers ............................ [RUN]
[2023-06-15T06:47:14.824+0000] {subprocess.py:93} INFO - [0m06:47:14  1 of 1 OK created sql view model learn_dbt.stg_customers ....................... [[32mSUCCESS 1[0m in 0.58s]
[2023-06-15T06:47:14.828+0000] {subprocess.py:93} INFO - [0m06:47:14
[2023-06-15T06:47:14.828+0000] {subprocess.py:93} INFO - [0m06:47:14  Finished running 1 view model in 0 hours 0 minutes and 2.22 seconds (2.22s).
[2023-06-15T06:47:14.836+0000] {subprocess.py:93} INFO - [0m06:47:14
[2023-06-15T06:47:14.837+0000] {subprocess.py:93} INFO - [0m06:47:14  [32mCompleted successfully[0m
[2023-06-15T06:47:14.837+0000] {subprocess.py:93} INFO - [0m06:47:14
[2023-06-15T06:47:14.838+0000] {subprocess.py:93} INFO - [0m06:47:14  Done. PASS=1 WARN=0 ERROR=0 SKIP=0 TOTAL=1
[2023-06-15T06:47:16.122+0000] {subprocess.py:97} INFO - Command exited with return code 0
[2023-06-15T06:47:16.154+0000] {taskinstance.py:1345} INFO - Marking task as SUCCESS. dag_id=airflow_dbt, task_id=model.jaffle_shop.stg_customers, execution_date=20230615T064652, start_date=20230615T064710, end_date=20230615T064716
[2023-06-15T06:47:16.212+0000] {local_task_job_runner.py:225} INFO - Task exited with return code 0
[2023-06-15T06:47:16.231+0000] {taskinstance.py:2651} INFO - 0 downstream tasks scheduled from follow-on schedule check
