[2023-06-20T11:15:25.601+0000] {taskinstance.py:1103} INFO - Dependencies all met for dep_context=non-requeueable deps ti=<TaskInstance: airflow_dbt.dbt_task.model.jaffle_shop.fact_orders manual__2023-06-20T11:13:06.724880+00:00 [queued]>
[2023-06-20T11:15:25.609+0000] {taskinstance.py:1103} INFO - Dependencies all met for dep_context=requeueable deps ti=<TaskInstance: airflow_dbt.dbt_task.model.jaffle_shop.fact_orders manual__2023-06-20T11:13:06.724880+00:00 [queued]>
[2023-06-20T11:15:25.609+0000] {taskinstance.py:1308} INFO - Starting attempt 1 of 1
[2023-06-20T11:15:25.640+0000] {taskinstance.py:1327} INFO - Executing <Task(BashOperator): dbt_task.model.jaffle_shop.fact_orders> on 2023-06-20 11:13:06.724880+00:00
[2023-06-20T11:15:25.645+0000] {standard_task_runner.py:57} INFO - Started process 8887 to run task
[2023-06-20T11:15:25.650+0000] {standard_task_runner.py:84} INFO - Running: ['airflow', 'tasks', 'run', 'airflow_dbt', 'dbt_task.model.jaffle_shop.fact_orders', 'manual__2023-06-20T11:13:06.724880+00:00', '--job-id', '143', '--raw', '--subdir', 'DAGS_FOLDER/dbt_dag.py', '--cfg-path', '/tmp/tmp9ynx32ln']
[2023-06-20T11:15:25.651+0000] {standard_task_runner.py:85} INFO - Job 143: Subtask dbt_task.model.jaffle_shop.fact_orders
[2023-06-20T11:15:25.706+0000] {task_command.py:410} INFO - Running <TaskInstance: airflow_dbt.dbt_task.model.jaffle_shop.fact_orders manual__2023-06-20T11:13:06.724880+00:00 [running]> on host ubuntu.thbnzb0d3dmuziyfg2t53bofqb.tx.internal.cloudapp.net
[2023-06-20T11:15:25.947+0000] {taskinstance.py:1545} INFO - Exporting env vars: AIRFLOW_CTX_DAG_OWNER='airflow' AIRFLOW_CTX_DAG_ID='airflow_dbt' AIRFLOW_CTX_TASK_ID='dbt_task.model.jaffle_shop.fact_orders' AIRFLOW_CTX_EXECUTION_DATE='2023-06-20T11:13:06.724880+00:00' AIRFLOW_CTX_TRY_NUMBER='1' AIRFLOW_CTX_DAG_RUN_ID='manual__2023-06-20T11:13:06.724880+00:00'
[2023-06-20T11:15:25.948+0000] {subprocess.py:63} INFO - Tmp dir root location: 
 /tmp
[2023-06-20T11:15:25.949+0000] {subprocess.py:75} INFO - Running command: ['/usr/bin/bash', '-c', 'cd /home/satyam/airflow/dags/dbt/ && dbt run --models fact_orders']
[2023-06-20T11:15:25.957+0000] {subprocess.py:86} INFO - Output:
[2023-06-20T11:15:28.459+0000] {subprocess.py:93} INFO - [0m11:15:28  Running with dbt=1.5.1
[2023-06-20T11:15:28.903+0000] {subprocess.py:93} INFO - [0m11:15:28  Found 5 models, 0 tests, 0 snapshots, 0 analyses, 321 macros, 0 operations, 0 seed files, 0 sources, 0 exposures, 0 metrics, 0 groups
[2023-06-20T11:15:28.905+0000] {subprocess.py:93} INFO - [0m11:15:28
[2023-06-20T11:15:30.136+0000] {subprocess.py:93} INFO - [0m11:15:30  Concurrency: 1 threads (target='dev')
[2023-06-20T11:15:30.136+0000] {subprocess.py:93} INFO - [0m11:15:30
[2023-06-20T11:15:30.142+0000] {subprocess.py:93} INFO - [0m11:15:30  1 of 1 START sql table model learn_dbt.fact_orders ............................. [RUN]
[2023-06-20T11:15:31.449+0000] {subprocess.py:93} INFO - [0m11:15:31  1 of 1 OK created sql table model learn_dbt.fact_orders ........................ [[32mSUCCESS 1[0m in 1.30s]
[2023-06-20T11:15:31.453+0000] {subprocess.py:93} INFO - [0m11:15:31
[2023-06-20T11:15:31.454+0000] {subprocess.py:93} INFO - [0m11:15:31  Finished running 1 table model in 0 hours 0 minutes and 2.55 seconds (2.55s).
[2023-06-20T11:15:31.466+0000] {subprocess.py:93} INFO - [0m11:15:31
[2023-06-20T11:15:31.467+0000] {subprocess.py:93} INFO - [0m11:15:31  [32mCompleted successfully[0m
[2023-06-20T11:15:31.467+0000] {subprocess.py:93} INFO - [0m11:15:31
[2023-06-20T11:15:31.468+0000] {subprocess.py:93} INFO - [0m11:15:31  Done. PASS=1 WARN=0 ERROR=0 SKIP=0 TOTAL=1
[2023-06-20T11:15:32.787+0000] {subprocess.py:97} INFO - Command exited with return code 0
[2023-06-20T11:15:32.821+0000] {taskinstance.py:1345} INFO - Marking task as SUCCESS. dag_id=airflow_dbt, task_id=dbt_task.model.jaffle_shop.fact_orders, execution_date=20230620T111306, start_date=20230620T111525, end_date=20230620T111532
[2023-06-20T11:15:32.875+0000] {local_task_job_runner.py:225} INFO - Task exited with return code 0
[2023-06-20T11:15:32.890+0000] {taskinstance.py:2651} INFO - 1 downstream tasks scheduled from follow-on schedule check
