[2023-06-20T20:27:41.547+0000] {taskinstance.py:1103} INFO - Dependencies all met for dep_context=non-requeueable deps ti=<TaskInstance: airflow_dbt.dbt_task.source.development.sales_stage.orders manual__2023-06-20T20:27:34.750582+00:00 [queued]>
[2023-06-20T20:27:41.555+0000] {taskinstance.py:1103} INFO - Dependencies all met for dep_context=requeueable deps ti=<TaskInstance: airflow_dbt.dbt_task.source.development.sales_stage.orders manual__2023-06-20T20:27:34.750582+00:00 [queued]>
[2023-06-20T20:27:41.555+0000] {taskinstance.py:1308} INFO - Starting attempt 1 of 1
[2023-06-20T20:27:41.577+0000] {taskinstance.py:1327} INFO - Executing <Task(BashOperator): dbt_task.source.development.sales_stage.orders> on 2023-06-20 20:27:34.750582+00:00
[2023-06-20T20:27:41.581+0000] {standard_task_runner.py:57} INFO - Started process 18615 to run task
[2023-06-20T20:27:41.586+0000] {standard_task_runner.py:84} INFO - Running: ['airflow', 'tasks', 'run', 'airflow_dbt', 'dbt_task.source.development.sales_stage.orders', 'manual__2023-06-20T20:27:34.750582+00:00', '--job-id', '170', '--raw', '--subdir', 'DAGS_FOLDER/dbt_dag.py', '--cfg-path', '/tmp/tmpgmy583q_']
[2023-06-20T20:27:41.587+0000] {standard_task_runner.py:85} INFO - Job 170: Subtask dbt_task.source.development.sales_stage.orders
[2023-06-20T20:27:41.639+0000] {task_command.py:410} INFO - Running <TaskInstance: airflow_dbt.dbt_task.source.development.sales_stage.orders manual__2023-06-20T20:27:34.750582+00:00 [running]> on host ubuntu.thbnzb0d3dmuziyfg2t53bofqb.tx.internal.cloudapp.net
[2023-06-20T20:27:41.846+0000] {taskinstance.py:1545} INFO - Exporting env vars: AIRFLOW_CTX_DAG_OWNER='airflow' AIRFLOW_CTX_DAG_ID='airflow_dbt' AIRFLOW_CTX_TASK_ID='dbt_task.source.development.sales_stage.orders' AIRFLOW_CTX_EXECUTION_DATE='2023-06-20T20:27:34.750582+00:00' AIRFLOW_CTX_TRY_NUMBER='1' AIRFLOW_CTX_DAG_RUN_ID='manual__2023-06-20T20:27:34.750582+00:00'
[2023-06-20T20:27:41.847+0000] {subprocess.py:63} INFO - Tmp dir root location: 
 /tmp
[2023-06-20T20:27:41.848+0000] {subprocess.py:75} INFO - Running command: ['/usr/bin/bash', '-c', 'cd /home/satyam/airflow/dags/dbt/ && dbt run --models bronze_orders']
[2023-06-20T20:27:41.856+0000] {subprocess.py:86} INFO - Output:
[2023-06-20T20:27:44.248+0000] {subprocess.py:93} INFO - [0m20:27:44  Running with dbt=1.5.1
[2023-06-20T20:27:44.614+0000] {subprocess.py:93} INFO - [0m20:27:44  [[33mWARNING[0m]: Configuration paths exist in your dbt_project.yml file which do not apply to any resources.
[2023-06-20T20:27:44.614+0000] {subprocess.py:93} INFO - There are 3 unused configuration paths:
[2023-06-20T20:27:44.614+0000] {subprocess.py:93} INFO - - models.development.intermediate
[2023-06-20T20:27:44.614+0000] {subprocess.py:93} INFO - - models.development.staging
[2023-06-20T20:27:44.614+0000] {subprocess.py:93} INFO - - models.development.bronze
[2023-06-20T20:27:44.630+0000] {subprocess.py:93} INFO - [0m20:27:44  Found 7 models, 0 tests, 0 snapshots, 0 analyses, 321 macros, 0 operations, 0 seed files, 4 sources, 0 exposures, 0 metrics, 0 groups
[2023-06-20T20:27:44.632+0000] {subprocess.py:93} INFO - [0m20:27:44
[2023-06-20T20:27:46.480+0000] {subprocess.py:93} INFO - [0m20:27:46  Concurrency: 1 threads (target='dev')
[2023-06-20T20:27:46.480+0000] {subprocess.py:93} INFO - [0m20:27:46
[2023-06-20T20:27:46.487+0000] {subprocess.py:93} INFO - [0m20:27:46  1 of 1 START sql view model sales.bronze_orders ................................ [RUN]
[2023-06-20T20:27:47.225+0000] {subprocess.py:93} INFO - [0m20:27:47  1 of 1 OK created sql view model sales.bronze_orders ........................... [[32mSUCCESS 1[0m in 0.74s]
[2023-06-20T20:27:47.229+0000] {subprocess.py:93} INFO - [0m20:27:47
[2023-06-20T20:27:47.230+0000] {subprocess.py:93} INFO - [0m20:27:47  Finished running 1 view model in 0 hours 0 minutes and 2.60 seconds (2.60s).
[2023-06-20T20:27:47.239+0000] {subprocess.py:93} INFO - [0m20:27:47
[2023-06-20T20:27:47.240+0000] {subprocess.py:93} INFO - [0m20:27:47  [32mCompleted successfully[0m
[2023-06-20T20:27:47.241+0000] {subprocess.py:93} INFO - [0m20:27:47
[2023-06-20T20:27:47.241+0000] {subprocess.py:93} INFO - [0m20:27:47  Done. PASS=1 WARN=0 ERROR=0 SKIP=0 TOTAL=1
[2023-06-20T20:27:48.473+0000] {subprocess.py:97} INFO - Command exited with return code 0
[2023-06-20T20:27:48.521+0000] {taskinstance.py:1345} INFO - Marking task as SUCCESS. dag_id=airflow_dbt, task_id=dbt_task.source.development.sales_stage.orders, execution_date=20230620T202734, start_date=20230620T202741, end_date=20230620T202748
[2023-06-20T20:27:48.566+0000] {local_task_job_runner.py:225} INFO - Task exited with return code 0
[2023-06-20T20:27:48.677+0000] {taskinstance.py:2651} INFO - 1 downstream tasks scheduled from follow-on schedule check
