[2023-06-20T11:15:56.082+0000] {taskinstance.py:1103} INFO - Dependencies all met for dep_context=non-requeueable deps ti=<TaskInstance: airflow_dbt.dbt_task.model.jaffle_shop.dim_customers manual__2023-06-20T11:13:06.724880+00:00 [queued]>
[2023-06-20T11:15:56.089+0000] {taskinstance.py:1103} INFO - Dependencies all met for dep_context=requeueable deps ti=<TaskInstance: airflow_dbt.dbt_task.model.jaffle_shop.dim_customers manual__2023-06-20T11:13:06.724880+00:00 [queued]>
[2023-06-20T11:15:56.089+0000] {taskinstance.py:1308} INFO - Starting attempt 1 of 1
[2023-06-20T11:15:56.118+0000] {taskinstance.py:1327} INFO - Executing <Task(BashOperator): dbt_task.model.jaffle_shop.dim_customers> on 2023-06-20 11:13:06.724880+00:00
[2023-06-20T11:15:56.122+0000] {standard_task_runner.py:57} INFO - Started process 9353 to run task
[2023-06-20T11:15:56.127+0000] {standard_task_runner.py:84} INFO - Running: ['airflow', 'tasks', 'run', 'airflow_dbt', 'dbt_task.model.jaffle_shop.dim_customers', 'manual__2023-06-20T11:13:06.724880+00:00', '--job-id', '146', '--raw', '--subdir', 'DAGS_FOLDER/dbt_dag.py', '--cfg-path', '/tmp/tmprzo_bap8']
[2023-06-20T11:15:56.127+0000] {standard_task_runner.py:85} INFO - Job 146: Subtask dbt_task.model.jaffle_shop.dim_customers
[2023-06-20T11:15:56.182+0000] {task_command.py:410} INFO - Running <TaskInstance: airflow_dbt.dbt_task.model.jaffle_shop.dim_customers manual__2023-06-20T11:13:06.724880+00:00 [running]> on host ubuntu.thbnzb0d3dmuziyfg2t53bofqb.tx.internal.cloudapp.net
[2023-06-20T11:15:56.431+0000] {taskinstance.py:1545} INFO - Exporting env vars: AIRFLOW_CTX_DAG_OWNER='airflow' AIRFLOW_CTX_DAG_ID='airflow_dbt' AIRFLOW_CTX_TASK_ID='dbt_task.model.jaffle_shop.dim_customers' AIRFLOW_CTX_EXECUTION_DATE='2023-06-20T11:13:06.724880+00:00' AIRFLOW_CTX_TRY_NUMBER='1' AIRFLOW_CTX_DAG_RUN_ID='manual__2023-06-20T11:13:06.724880+00:00'
[2023-06-20T11:15:56.432+0000] {subprocess.py:63} INFO - Tmp dir root location: 
 /tmp
[2023-06-20T11:15:56.433+0000] {subprocess.py:75} INFO - Running command: ['/usr/bin/bash', '-c', 'cd /home/satyam/airflow/dags/dbt/ && dbt run --models dim_customers']
[2023-06-20T11:15:56.441+0000] {subprocess.py:86} INFO - Output:
[2023-06-20T11:15:58.924+0000] {subprocess.py:93} INFO - [0m11:15:58  Running with dbt=1.5.1
[2023-06-20T11:15:59.340+0000] {subprocess.py:93} INFO - [0m11:15:59  Found 5 models, 0 tests, 0 snapshots, 0 analyses, 321 macros, 0 operations, 0 seed files, 0 sources, 0 exposures, 0 metrics, 0 groups
[2023-06-20T11:15:59.343+0000] {subprocess.py:93} INFO - [0m11:15:59
[2023-06-20T11:16:00.712+0000] {subprocess.py:93} INFO - [0m11:16:00  Concurrency: 1 threads (target='dev')
[2023-06-20T11:16:00.712+0000] {subprocess.py:93} INFO - [0m11:16:00
[2023-06-20T11:16:00.718+0000] {subprocess.py:93} INFO - [0m11:16:00  1 of 1 START sql table model learn_dbt.dim_customers ........................... [RUN]
[2023-06-20T11:16:01.853+0000] {subprocess.py:93} INFO - [0m11:16:01  1 of 1 OK created sql table model learn_dbt.dim_customers ...................... [[32mSUCCESS 1[0m in 1.13s]
[2023-06-20T11:16:01.857+0000] {subprocess.py:93} INFO - [0m11:16:01
[2023-06-20T11:16:01.859+0000] {subprocess.py:93} INFO - [0m11:16:01  Finished running 1 table model in 0 hours 0 minutes and 2.51 seconds (2.51s).
[2023-06-20T11:16:01.869+0000] {subprocess.py:93} INFO - [0m11:16:01
[2023-06-20T11:16:01.870+0000] {subprocess.py:93} INFO - [0m11:16:01  [32mCompleted successfully[0m
[2023-06-20T11:16:01.870+0000] {subprocess.py:93} INFO - [0m11:16:01
[2023-06-20T11:16:01.871+0000] {subprocess.py:93} INFO - [0m11:16:01  Done. PASS=1 WARN=0 ERROR=0 SKIP=0 TOTAL=1
[2023-06-20T11:16:03.115+0000] {subprocess.py:97} INFO - Command exited with return code 0
[2023-06-20T11:16:03.151+0000] {taskinstance.py:1345} INFO - Marking task as SUCCESS. dag_id=airflow_dbt, task_id=dbt_task.model.jaffle_shop.dim_customers, execution_date=20230620T111306, start_date=20230620T111556, end_date=20230620T111603
[2023-06-20T11:16:03.196+0000] {local_task_job_runner.py:225} INFO - Task exited with return code 0
[2023-06-20T11:16:03.207+0000] {taskinstance.py:2651} INFO - 0 downstream tasks scheduled from follow-on schedule check
