[2023-06-20T20:28:26.990+0000] {taskinstance.py:1103} INFO - Dependencies all met for dep_context=non-requeueable deps ti=<TaskInstance: airflow_dbt.dbt_task.model.development.bronze_payments manual__2023-06-20T20:27:34.750582+00:00 [queued]>
[2023-06-20T20:28:26.997+0000] {taskinstance.py:1103} INFO - Dependencies all met for dep_context=requeueable deps ti=<TaskInstance: airflow_dbt.dbt_task.model.development.bronze_payments manual__2023-06-20T20:27:34.750582+00:00 [queued]>
[2023-06-20T20:28:26.998+0000] {taskinstance.py:1308} INFO - Starting attempt 1 of 1
[2023-06-20T20:28:27.023+0000] {taskinstance.py:1327} INFO - Executing <Task(BashOperator): dbt_task.model.development.bronze_payments> on 2023-06-20 20:27:34.750582+00:00
[2023-06-20T20:28:27.027+0000] {standard_task_runner.py:57} INFO - Started process 19286 to run task
[2023-06-20T20:28:27.031+0000] {standard_task_runner.py:84} INFO - Running: ['airflow', 'tasks', 'run', 'airflow_dbt', 'dbt_task.model.development.bronze_payments', 'manual__2023-06-20T20:27:34.750582+00:00', '--job-id', '175', '--raw', '--subdir', 'DAGS_FOLDER/dbt_dag.py', '--cfg-path', '/tmp/tmpfpcuvi99']
[2023-06-20T20:28:27.032+0000] {standard_task_runner.py:85} INFO - Job 175: Subtask dbt_task.model.development.bronze_payments
[2023-06-20T20:28:27.090+0000] {task_command.py:410} INFO - Running <TaskInstance: airflow_dbt.dbt_task.model.development.bronze_payments manual__2023-06-20T20:27:34.750582+00:00 [running]> on host ubuntu.thbnzb0d3dmuziyfg2t53bofqb.tx.internal.cloudapp.net
[2023-06-20T20:28:27.309+0000] {taskinstance.py:1545} INFO - Exporting env vars: AIRFLOW_CTX_DAG_OWNER='airflow' AIRFLOW_CTX_DAG_ID='airflow_dbt' AIRFLOW_CTX_TASK_ID='dbt_task.model.development.bronze_payments' AIRFLOW_CTX_EXECUTION_DATE='2023-06-20T20:27:34.750582+00:00' AIRFLOW_CTX_TRY_NUMBER='1' AIRFLOW_CTX_DAG_RUN_ID='manual__2023-06-20T20:27:34.750582+00:00'
[2023-06-20T20:28:27.311+0000] {subprocess.py:63} INFO - Tmp dir root location: 
 /tmp
[2023-06-20T20:28:27.311+0000] {subprocess.py:75} INFO - Running command: ['/usr/bin/bash', '-c', 'cd /home/satyam/airflow/dags/dbt/ && dbt run --models bronze_payments']
[2023-06-20T20:28:27.319+0000] {subprocess.py:86} INFO - Output:
[2023-06-20T20:28:29.709+0000] {subprocess.py:93} INFO - [0m20:28:29  Running with dbt=1.5.1
[2023-06-20T20:28:30.113+0000] {subprocess.py:93} INFO - [0m20:28:30  [[33mWARNING[0m]: Configuration paths exist in your dbt_project.yml file which do not apply to any resources.
[2023-06-20T20:28:30.113+0000] {subprocess.py:93} INFO - There are 3 unused configuration paths:
[2023-06-20T20:28:30.113+0000] {subprocess.py:93} INFO - - models.development.bronze
[2023-06-20T20:28:30.113+0000] {subprocess.py:93} INFO - - models.development.staging
[2023-06-20T20:28:30.114+0000] {subprocess.py:93} INFO - - models.development.intermediate
[2023-06-20T20:28:30.130+0000] {subprocess.py:93} INFO - [0m20:28:30  Found 7 models, 0 tests, 0 snapshots, 0 analyses, 321 macros, 0 operations, 0 seed files, 4 sources, 0 exposures, 0 metrics, 0 groups
[2023-06-20T20:28:30.132+0000] {subprocess.py:93} INFO - [0m20:28:30
[2023-06-20T20:28:31.467+0000] {subprocess.py:93} INFO - [0m20:28:31  Concurrency: 1 threads (target='dev')
[2023-06-20T20:28:31.468+0000] {subprocess.py:93} INFO - [0m20:28:31
[2023-06-20T20:28:31.474+0000] {subprocess.py:93} INFO - [0m20:28:31  1 of 1 START sql view model sales.bronze_payments .............................. [RUN]
[2023-06-20T20:28:32.098+0000] {subprocess.py:93} INFO - [0m20:28:32  1 of 1 OK created sql view model sales.bronze_payments ......................... [[32mSUCCESS 1[0m in 0.62s]
[2023-06-20T20:28:32.103+0000] {subprocess.py:93} INFO - [0m20:28:32
[2023-06-20T20:28:32.104+0000] {subprocess.py:93} INFO - [0m20:28:32  Finished running 1 view model in 0 hours 0 minutes and 1.97 seconds (1.97s).
[2023-06-20T20:28:32.114+0000] {subprocess.py:93} INFO - [0m20:28:32
[2023-06-20T20:28:32.114+0000] {subprocess.py:93} INFO - [0m20:28:32  [32mCompleted successfully[0m
[2023-06-20T20:28:32.115+0000] {subprocess.py:93} INFO - [0m20:28:32
[2023-06-20T20:28:32.115+0000] {subprocess.py:93} INFO - [0m20:28:32  Done. PASS=1 WARN=0 ERROR=0 SKIP=0 TOTAL=1
[2023-06-20T20:28:33.243+0000] {subprocess.py:97} INFO - Command exited with return code 0
[2023-06-20T20:28:33.275+0000] {taskinstance.py:1345} INFO - Marking task as SUCCESS. dag_id=airflow_dbt, task_id=dbt_task.model.development.bronze_payments, execution_date=20230620T202734, start_date=20230620T202826, end_date=20230620T202833
[2023-06-20T20:28:33.329+0000] {local_task_job_runner.py:225} INFO - Task exited with return code 0
[2023-06-20T20:28:33.350+0000] {taskinstance.py:2651} INFO - 1 downstream tasks scheduled from follow-on schedule check
