[2023-06-20T11:11:30.675+0000] {taskinstance.py:1103} INFO - Dependencies all met for dep_context=non-requeueable deps ti=<TaskInstance: airflow_dbt.dbt_task.model.jaffle_shop.dim_customers manual__2023-06-20T11:09:56.639377+00:00 [queued]>
[2023-06-20T11:11:30.683+0000] {taskinstance.py:1103} INFO - Dependencies all met for dep_context=requeueable deps ti=<TaskInstance: airflow_dbt.dbt_task.model.jaffle_shop.dim_customers manual__2023-06-20T11:09:56.639377+00:00 [queued]>
[2023-06-20T11:11:30.684+0000] {taskinstance.py:1308} INFO - Starting attempt 1 of 1
[2023-06-20T11:11:30.713+0000] {taskinstance.py:1327} INFO - Executing <Task(BashOperator): dbt_task.model.jaffle_shop.dim_customers> on 2023-06-20 11:09:56.639377+00:00
[2023-06-20T11:11:30.717+0000] {standard_task_runner.py:57} INFO - Started process 5931 to run task
[2023-06-20T11:11:30.725+0000] {standard_task_runner.py:84} INFO - Running: ['airflow', 'tasks', 'run', 'airflow_dbt', 'dbt_task.model.jaffle_shop.dim_customers', 'manual__2023-06-20T11:09:56.639377+00:00', '--job-id', '124', '--raw', '--subdir', 'DAGS_FOLDER/dbt_dag.py', '--cfg-path', '/tmp/tmprpw46458']
[2023-06-20T11:11:30.726+0000] {standard_task_runner.py:85} INFO - Job 124: Subtask dbt_task.model.jaffle_shop.dim_customers
[2023-06-20T11:11:30.801+0000] {task_command.py:410} INFO - Running <TaskInstance: airflow_dbt.dbt_task.model.jaffle_shop.dim_customers manual__2023-06-20T11:09:56.639377+00:00 [running]> on host ubuntu.thbnzb0d3dmuziyfg2t53bofqb.tx.internal.cloudapp.net
[2023-06-20T11:11:31.060+0000] {taskinstance.py:1545} INFO - Exporting env vars: AIRFLOW_CTX_DAG_OWNER='airflow' AIRFLOW_CTX_DAG_ID='airflow_dbt' AIRFLOW_CTX_TASK_ID='dbt_task.model.jaffle_shop.dim_customers' AIRFLOW_CTX_EXECUTION_DATE='2023-06-20T11:09:56.639377+00:00' AIRFLOW_CTX_TRY_NUMBER='1' AIRFLOW_CTX_DAG_RUN_ID='manual__2023-06-20T11:09:56.639377+00:00'
[2023-06-20T11:11:31.062+0000] {subprocess.py:63} INFO - Tmp dir root location: 
 /tmp
[2023-06-20T11:11:31.062+0000] {subprocess.py:75} INFO - Running command: ['/usr/bin/bash', '-c', 'cd /home/satyam/airflow/dags/dbt/ && dbt run --models dim_customers']
[2023-06-20T11:11:31.070+0000] {subprocess.py:86} INFO - Output:
[2023-06-20T11:11:33.612+0000] {subprocess.py:93} INFO - [0m11:11:33  Running with dbt=1.5.1
[2023-06-20T11:11:34.029+0000] {subprocess.py:93} INFO - [0m11:11:34  Found 5 models, 0 tests, 0 snapshots, 0 analyses, 321 macros, 0 operations, 0 seed files, 0 sources, 0 exposures, 0 metrics, 0 groups
[2023-06-20T11:11:34.031+0000] {subprocess.py:93} INFO - [0m11:11:34
[2023-06-20T11:11:35.414+0000] {subprocess.py:93} INFO - [0m11:11:35  Concurrency: 1 threads (target='dev')
[2023-06-20T11:11:35.415+0000] {subprocess.py:93} INFO - [0m11:11:35
[2023-06-20T11:11:35.421+0000] {subprocess.py:93} INFO - [0m11:11:35  1 of 1 START sql table model learn_dbt.dim_customers ........................... [RUN]
[2023-06-20T11:11:36.521+0000] {subprocess.py:93} INFO - [0m11:11:36  1 of 1 OK created sql table model learn_dbt.dim_customers ...................... [[32mSUCCESS 1[0m in 1.10s]
[2023-06-20T11:11:36.525+0000] {subprocess.py:93} INFO - [0m11:11:36
[2023-06-20T11:11:36.526+0000] {subprocess.py:93} INFO - [0m11:11:36  Finished running 1 table model in 0 hours 0 minutes and 2.49 seconds (2.49s).
[2023-06-20T11:11:36.536+0000] {subprocess.py:93} INFO - [0m11:11:36
[2023-06-20T11:11:36.537+0000] {subprocess.py:93} INFO - [0m11:11:36  [32mCompleted successfully[0m
[2023-06-20T11:11:36.538+0000] {subprocess.py:93} INFO - [0m11:11:36
[2023-06-20T11:11:36.538+0000] {subprocess.py:93} INFO - [0m11:11:36  Done. PASS=1 WARN=0 ERROR=0 SKIP=0 TOTAL=1
[2023-06-20T11:11:37.763+0000] {subprocess.py:97} INFO - Command exited with return code 0
[2023-06-20T11:11:37.793+0000] {taskinstance.py:1345} INFO - Marking task as SUCCESS. dag_id=airflow_dbt, task_id=dbt_task.model.jaffle_shop.dim_customers, execution_date=20230620T110956, start_date=20230620T111130, end_date=20230620T111137
[2023-06-20T11:11:37.835+0000] {local_task_job_runner.py:225} INFO - Task exited with return code 0
[2023-06-20T11:11:37.846+0000] {taskinstance.py:2651} INFO - 0 downstream tasks scheduled from follow-on schedule check
