[2023-06-20T20:36:54.583+0000] {taskinstance.py:1103} INFO - Dependencies all met for dep_context=non-requeueable deps ti=<TaskInstance: airflow_dbt.dbt_task.model.development.bronze_products manual__2023-06-20T20:35:53.493417+00:00 [queued]>
[2023-06-20T20:36:54.590+0000] {taskinstance.py:1103} INFO - Dependencies all met for dep_context=requeueable deps ti=<TaskInstance: airflow_dbt.dbt_task.model.development.bronze_products manual__2023-06-20T20:35:53.493417+00:00 [queued]>
[2023-06-20T20:36:54.590+0000] {taskinstance.py:1308} INFO - Starting attempt 1 of 1
[2023-06-20T20:36:54.616+0000] {taskinstance.py:1327} INFO - Executing <Task(BashOperator): dbt_task.model.development.bronze_products> on 2023-06-20 20:35:53.493417+00:00
[2023-06-20T20:36:54.621+0000] {standard_task_runner.py:57} INFO - Started process 22161 to run task
[2023-06-20T20:36:54.632+0000] {standard_task_runner.py:84} INFO - Running: ['airflow', 'tasks', 'run', 'airflow_dbt', 'dbt_task.model.development.bronze_products', 'manual__2023-06-20T20:35:53.493417+00:00', '--job-id', '188', '--raw', '--subdir', 'DAGS_FOLDER/dbt_dag.py', '--cfg-path', '/tmp/tmp9vho7f1e']
[2023-06-20T20:36:54.633+0000] {standard_task_runner.py:85} INFO - Job 188: Subtask dbt_task.model.development.bronze_products
[2023-06-20T20:36:54.699+0000] {task_command.py:410} INFO - Running <TaskInstance: airflow_dbt.dbt_task.model.development.bronze_products manual__2023-06-20T20:35:53.493417+00:00 [running]> on host ubuntu.thbnzb0d3dmuziyfg2t53bofqb.tx.internal.cloudapp.net
[2023-06-20T20:36:54.919+0000] {taskinstance.py:1545} INFO - Exporting env vars: AIRFLOW_CTX_DAG_OWNER='airflow' AIRFLOW_CTX_DAG_ID='airflow_dbt' AIRFLOW_CTX_TASK_ID='dbt_task.model.development.bronze_products' AIRFLOW_CTX_EXECUTION_DATE='2023-06-20T20:35:53.493417+00:00' AIRFLOW_CTX_TRY_NUMBER='1' AIRFLOW_CTX_DAG_RUN_ID='manual__2023-06-20T20:35:53.493417+00:00'
[2023-06-20T20:36:54.920+0000] {subprocess.py:63} INFO - Tmp dir root location: 
 /tmp
[2023-06-20T20:36:54.921+0000] {subprocess.py:75} INFO - Running command: ['/usr/bin/bash', '-c', 'cd /home/satyam/airflow/dags/dbt/ && dbt run --models bronze_products']
[2023-06-20T20:36:54.928+0000] {subprocess.py:86} INFO - Output:
[2023-06-20T20:36:57.415+0000] {subprocess.py:93} INFO - [0m20:36:57  Running with dbt=1.5.1
[2023-06-20T20:36:57.792+0000] {subprocess.py:93} INFO - [0m20:36:57  [[33mWARNING[0m]: Configuration paths exist in your dbt_project.yml file which do not apply to any resources.
[2023-06-20T20:36:57.792+0000] {subprocess.py:93} INFO - There are 3 unused configuration paths:
[2023-06-20T20:36:57.792+0000] {subprocess.py:93} INFO - - models.development.intermediate
[2023-06-20T20:36:57.793+0000] {subprocess.py:93} INFO - - models.development.bronze
[2023-06-20T20:36:57.793+0000] {subprocess.py:93} INFO - - models.development.staging
[2023-06-20T20:36:57.809+0000] {subprocess.py:93} INFO - [0m20:36:57  Found 7 models, 0 tests, 0 snapshots, 0 analyses, 321 macros, 0 operations, 0 seed files, 4 sources, 0 exposures, 0 metrics, 0 groups
[2023-06-20T20:36:57.811+0000] {subprocess.py:93} INFO - [0m20:36:57
[2023-06-20T20:36:58.998+0000] {subprocess.py:93} INFO - [0m20:36:58  Concurrency: 1 threads (target='dev')
[2023-06-20T20:36:58.998+0000] {subprocess.py:93} INFO - [0m20:36:58
[2023-06-20T20:36:59.004+0000] {subprocess.py:93} INFO - [0m20:36:59  1 of 1 START sql view model final_sales.bronze_products ........................ [RUN]
[2023-06-20T20:36:59.545+0000] {subprocess.py:93} INFO - [0m20:36:59  1 of 1 OK created sql view model final_sales.bronze_products ................... [[32mSUCCESS 1[0m in 0.54s]
[2023-06-20T20:36:59.550+0000] {subprocess.py:93} INFO - [0m20:36:59
[2023-06-20T20:36:59.550+0000] {subprocess.py:93} INFO - [0m20:36:59  Finished running 1 view model in 0 hours 0 minutes and 1.74 seconds (1.74s).
[2023-06-20T20:36:59.563+0000] {subprocess.py:93} INFO - [0m20:36:59
[2023-06-20T20:36:59.563+0000] {subprocess.py:93} INFO - [0m20:36:59  [32mCompleted successfully[0m
[2023-06-20T20:36:59.564+0000] {subprocess.py:93} INFO - [0m20:36:59
[2023-06-20T20:36:59.565+0000] {subprocess.py:93} INFO - [0m20:36:59  Done. PASS=1 WARN=0 ERROR=0 SKIP=0 TOTAL=1
[2023-06-20T20:37:00.716+0000] {subprocess.py:97} INFO - Command exited with return code 0
[2023-06-20T20:37:00.749+0000] {taskinstance.py:1345} INFO - Marking task as SUCCESS. dag_id=airflow_dbt, task_id=dbt_task.model.development.bronze_products, execution_date=20230620T203553, start_date=20230620T203654, end_date=20230620T203700
[2023-06-20T20:37:00.815+0000] {local_task_job_runner.py:225} INFO - Task exited with return code 0
[2023-06-20T20:37:00.837+0000] {taskinstance.py:2651} INFO - 1 downstream tasks scheduled from follow-on schedule check
