[2023-06-17T18:12:22.699+0000] {taskinstance.py:1103} INFO - Dependencies all met for dep_context=non-requeueable deps ti=<TaskInstance: airflow_dbt.dbt_task.model.jaffle_shop.stg_orders manual__2023-06-17T18:12:14.465419+00:00 [queued]>
[2023-06-17T18:12:22.706+0000] {taskinstance.py:1103} INFO - Dependencies all met for dep_context=requeueable deps ti=<TaskInstance: airflow_dbt.dbt_task.model.jaffle_shop.stg_orders manual__2023-06-17T18:12:14.465419+00:00 [queued]>
[2023-06-17T18:12:22.706+0000] {taskinstance.py:1308} INFO - Starting attempt 1 of 1
[2023-06-17T18:12:22.731+0000] {taskinstance.py:1327} INFO - Executing <Task(BashOperator): dbt_task.model.jaffle_shop.stg_orders> on 2023-06-17 18:12:14.465419+00:00
[2023-06-17T18:12:22.734+0000] {standard_task_runner.py:57} INFO - Started process 3545 to run task
[2023-06-17T18:12:22.739+0000] {standard_task_runner.py:84} INFO - Running: ['airflow', 'tasks', 'run', 'airflow_dbt', 'dbt_task.model.jaffle_shop.stg_orders', 'manual__2023-06-17T18:12:14.465419+00:00', '--job-id', '84', '--raw', '--subdir', 'DAGS_FOLDER/dbt_dag.py', '--cfg-path', '/tmp/tmpl8ntfrs1']
[2023-06-17T18:12:22.740+0000] {standard_task_runner.py:85} INFO - Job 84: Subtask dbt_task.model.jaffle_shop.stg_orders
[2023-06-17T18:12:22.796+0000] {task_command.py:410} INFO - Running <TaskInstance: airflow_dbt.dbt_task.model.jaffle_shop.stg_orders manual__2023-06-17T18:12:14.465419+00:00 [running]> on host ubuntu.thbnzb0d3dmuziyfg2t53bofqb.tx.internal.cloudapp.net
[2023-06-17T18:12:23.019+0000] {taskinstance.py:1545} INFO - Exporting env vars: AIRFLOW_CTX_DAG_OWNER='airflow' AIRFLOW_CTX_DAG_ID='airflow_dbt' AIRFLOW_CTX_TASK_ID='dbt_task.model.jaffle_shop.stg_orders' AIRFLOW_CTX_EXECUTION_DATE='2023-06-17T18:12:14.465419+00:00' AIRFLOW_CTX_TRY_NUMBER='1' AIRFLOW_CTX_DAG_RUN_ID='manual__2023-06-17T18:12:14.465419+00:00'
[2023-06-17T18:12:23.020+0000] {subprocess.py:63} INFO - Tmp dir root location: 
 /tmp
[2023-06-17T18:12:23.021+0000] {subprocess.py:75} INFO - Running command: ['/usr/bin/bash', '-c', 'cd /home/satyam/airflow/dags/dbt/ && dbt run --models stg_orders']
[2023-06-17T18:12:23.028+0000] {subprocess.py:86} INFO - Output:
[2023-06-17T18:12:26.738+0000] {subprocess.py:93} INFO - [0m18:12:26  Running with dbt=1.5.1
[2023-06-17T18:12:27.931+0000] {subprocess.py:93} INFO - [0m18:12:27  Found 5 models, 0 tests, 0 snapshots, 0 analyses, 321 macros, 0 operations, 0 seed files, 0 sources, 0 exposures, 0 metrics, 0 groups
[2023-06-17T18:12:27.933+0000] {subprocess.py:93} INFO - [0m18:12:27
[2023-06-17T18:12:30.362+0000] {subprocess.py:93} INFO - [0m18:12:30  Concurrency: 1 threads (target='dev')
[2023-06-17T18:12:30.363+0000] {subprocess.py:93} INFO - [0m18:12:30
[2023-06-17T18:12:30.373+0000] {subprocess.py:93} INFO - [0m18:12:30  1 of 1 START sql view model learn_dbt.stg_orders ............................... [RUN]
[2023-06-17T18:12:30.983+0000] {subprocess.py:93} INFO - [0m18:12:30  1 of 1 OK created sql view model learn_dbt.stg_orders .......................... [[32mSUCCESS 1[0m in 0.61s]
[2023-06-17T18:12:30.989+0000] {subprocess.py:93} INFO - [0m18:12:30
[2023-06-17T18:12:30.989+0000] {subprocess.py:93} INFO - [0m18:12:30  Finished running 1 view model in 0 hours 0 minutes and 3.05 seconds (3.05s).
[2023-06-17T18:12:30.999+0000] {subprocess.py:93} INFO - [0m18:12:30
[2023-06-17T18:12:31.000+0000] {subprocess.py:93} INFO - [0m18:12:31  [32mCompleted successfully[0m
[2023-06-17T18:12:31.001+0000] {subprocess.py:93} INFO - [0m18:12:31
[2023-06-17T18:12:31.002+0000] {subprocess.py:93} INFO - [0m18:12:31  Done. PASS=1 WARN=0 ERROR=0 SKIP=0 TOTAL=1
[2023-06-17T18:12:32.368+0000] {subprocess.py:97} INFO - Command exited with return code 0
[2023-06-17T18:12:32.402+0000] {taskinstance.py:1345} INFO - Marking task as SUCCESS. dag_id=airflow_dbt, task_id=dbt_task.model.jaffle_shop.stg_orders, execution_date=20230617T181214, start_date=20230617T181222, end_date=20230617T181232
[2023-06-17T18:12:32.451+0000] {local_task_job_runner.py:225} INFO - Task exited with return code 0
[2023-06-17T18:12:32.473+0000] {taskinstance.py:2651} INFO - 0 downstream tasks scheduled from follow-on schedule check
