[2023-06-20T11:13:16.581+0000] {taskinstance.py:1103} INFO - Dependencies all met for dep_context=non-requeueable deps ti=<TaskInstance: airflow_dbt.dbt_task.model.jaffle_shop.stg_payment manual__2023-06-20T11:12:59.822990+00:00 [queued]>
[2023-06-20T11:13:16.589+0000] {taskinstance.py:1103} INFO - Dependencies all met for dep_context=requeueable deps ti=<TaskInstance: airflow_dbt.dbt_task.model.jaffle_shop.stg_payment manual__2023-06-20T11:12:59.822990+00:00 [queued]>
[2023-06-20T11:13:16.589+0000] {taskinstance.py:1308} INFO - Starting attempt 1 of 1
[2023-06-20T11:13:16.616+0000] {taskinstance.py:1327} INFO - Executing <Task(BashOperator): dbt_task.model.jaffle_shop.stg_payment> on 2023-06-20 11:12:59.822990+00:00
[2023-06-20T11:13:16.620+0000] {standard_task_runner.py:57} INFO - Started process 7043 to run task
[2023-06-20T11:13:16.626+0000] {standard_task_runner.py:84} INFO - Running: ['airflow', 'tasks', 'run', 'airflow_dbt', 'dbt_task.model.jaffle_shop.stg_payment', 'manual__2023-06-20T11:12:59.822990+00:00', '--job-id', '127', '--raw', '--subdir', 'DAGS_FOLDER/dbt_dag.py', '--cfg-path', '/tmp/tmp_ozw6xms']
[2023-06-20T11:13:16.626+0000] {standard_task_runner.py:85} INFO - Job 127: Subtask dbt_task.model.jaffle_shop.stg_payment
[2023-06-20T11:13:16.696+0000] {task_command.py:410} INFO - Running <TaskInstance: airflow_dbt.dbt_task.model.jaffle_shop.stg_payment manual__2023-06-20T11:12:59.822990+00:00 [running]> on host ubuntu.thbnzb0d3dmuziyfg2t53bofqb.tx.internal.cloudapp.net
[2023-06-20T11:13:17.060+0000] {taskinstance.py:1545} INFO - Exporting env vars: AIRFLOW_CTX_DAG_OWNER='airflow' AIRFLOW_CTX_DAG_ID='airflow_dbt' AIRFLOW_CTX_TASK_ID='dbt_task.model.jaffle_shop.stg_payment' AIRFLOW_CTX_EXECUTION_DATE='2023-06-20T11:12:59.822990+00:00' AIRFLOW_CTX_TRY_NUMBER='1' AIRFLOW_CTX_DAG_RUN_ID='manual__2023-06-20T11:12:59.822990+00:00'
[2023-06-20T11:13:17.062+0000] {subprocess.py:63} INFO - Tmp dir root location: 
 /tmp
[2023-06-20T11:13:17.063+0000] {subprocess.py:75} INFO - Running command: ['/usr/bin/bash', '-c', 'cd /home/satyam/airflow/dags/dbt/ && dbt run --models stg_payment']
[2023-06-20T11:13:17.070+0000] {subprocess.py:86} INFO - Output:
[2023-06-20T11:13:19.514+0000] {subprocess.py:93} INFO - [0m11:13:19  Running with dbt=1.5.1
[2023-06-20T11:13:19.915+0000] {subprocess.py:93} INFO - [0m11:13:19  Found 5 models, 0 tests, 0 snapshots, 0 analyses, 321 macros, 0 operations, 0 seed files, 0 sources, 0 exposures, 0 metrics, 0 groups
[2023-06-20T11:13:19.917+0000] {subprocess.py:93} INFO - [0m11:13:19  The selection criterion 'stg_payment' does not match any nodes
[2023-06-20T11:13:19.918+0000] {subprocess.py:93} INFO - [0m11:13:19
[2023-06-20T11:13:19.918+0000] {subprocess.py:93} INFO - [0m11:13:19  Nothing to do. Try checking your model configs and model specification args
[2023-06-20T11:13:21.152+0000] {subprocess.py:97} INFO - Command exited with return code 0
[2023-06-20T11:13:21.189+0000] {taskinstance.py:1345} INFO - Marking task as SUCCESS. dag_id=airflow_dbt, task_id=dbt_task.model.jaffle_shop.stg_payment, execution_date=20230620T111259, start_date=20230620T111316, end_date=20230620T111321
[2023-06-20T11:13:21.229+0000] {local_task_job_runner.py:225} INFO - Task exited with return code 0
[2023-06-20T11:13:21.258+0000] {taskinstance.py:2651} INFO - 1 downstream tasks scheduled from follow-on schedule check
