[2023-06-20T11:15:14.622+0000] {taskinstance.py:1103} INFO - Dependencies all met for dep_context=non-requeueable deps ti=<TaskInstance: airflow_dbt.dbt_task.model.jaffle_shop.dim_customers manual__2023-06-20T11:12:59.822990+00:00 [queued]>
[2023-06-20T11:15:14.629+0000] {taskinstance.py:1103} INFO - Dependencies all met for dep_context=requeueable deps ti=<TaskInstance: airflow_dbt.dbt_task.model.jaffle_shop.dim_customers manual__2023-06-20T11:12:59.822990+00:00 [queued]>
[2023-06-20T11:15:14.629+0000] {taskinstance.py:1308} INFO - Starting attempt 1 of 1
[2023-06-20T11:15:14.661+0000] {taskinstance.py:1327} INFO - Executing <Task(BashOperator): dbt_task.model.jaffle_shop.dim_customers> on 2023-06-20 11:12:59.822990+00:00
[2023-06-20T11:15:14.665+0000] {standard_task_runner.py:57} INFO - Started process 8717 to run task
[2023-06-20T11:15:14.674+0000] {standard_task_runner.py:84} INFO - Running: ['airflow', 'tasks', 'run', 'airflow_dbt', 'dbt_task.model.jaffle_shop.dim_customers', 'manual__2023-06-20T11:12:59.822990+00:00', '--job-id', '142', '--raw', '--subdir', 'DAGS_FOLDER/dbt_dag.py', '--cfg-path', '/tmp/tmp2o3kq4vh']
[2023-06-20T11:15:14.674+0000] {standard_task_runner.py:85} INFO - Job 142: Subtask dbt_task.model.jaffle_shop.dim_customers
[2023-06-20T11:15:14.726+0000] {task_command.py:410} INFO - Running <TaskInstance: airflow_dbt.dbt_task.model.jaffle_shop.dim_customers manual__2023-06-20T11:12:59.822990+00:00 [running]> on host ubuntu.thbnzb0d3dmuziyfg2t53bofqb.tx.internal.cloudapp.net
[2023-06-20T11:15:14.976+0000] {taskinstance.py:1545} INFO - Exporting env vars: AIRFLOW_CTX_DAG_OWNER='airflow' AIRFLOW_CTX_DAG_ID='airflow_dbt' AIRFLOW_CTX_TASK_ID='dbt_task.model.jaffle_shop.dim_customers' AIRFLOW_CTX_EXECUTION_DATE='2023-06-20T11:12:59.822990+00:00' AIRFLOW_CTX_TRY_NUMBER='1' AIRFLOW_CTX_DAG_RUN_ID='manual__2023-06-20T11:12:59.822990+00:00'
[2023-06-20T11:15:14.977+0000] {subprocess.py:63} INFO - Tmp dir root location: 
 /tmp
[2023-06-20T11:15:14.978+0000] {subprocess.py:75} INFO - Running command: ['/usr/bin/bash', '-c', 'cd /home/satyam/airflow/dags/dbt/ && dbt run --models dim_customers']
[2023-06-20T11:15:14.987+0000] {subprocess.py:86} INFO - Output:
[2023-06-20T11:15:17.521+0000] {subprocess.py:93} INFO - [0m11:15:17  Running with dbt=1.5.1
[2023-06-20T11:15:17.981+0000] {subprocess.py:93} INFO - [0m11:15:17  Found 5 models, 0 tests, 0 snapshots, 0 analyses, 321 macros, 0 operations, 0 seed files, 0 sources, 0 exposures, 0 metrics, 0 groups
[2023-06-20T11:15:17.984+0000] {subprocess.py:93} INFO - [0m11:15:17
[2023-06-20T11:15:19.182+0000] {subprocess.py:93} INFO - [0m11:15:19  Concurrency: 1 threads (target='dev')
[2023-06-20T11:15:19.182+0000] {subprocess.py:93} INFO - [0m11:15:19
[2023-06-20T11:15:19.188+0000] {subprocess.py:93} INFO - [0m11:15:19  1 of 1 START sql table model learn_dbt.dim_customers ........................... [RUN]
[2023-06-20T11:15:20.568+0000] {subprocess.py:93} INFO - [0m11:15:20  1 of 1 OK created sql table model learn_dbt.dim_customers ...................... [[32mSUCCESS 1[0m in 1.38s]
[2023-06-20T11:15:20.572+0000] {subprocess.py:93} INFO - [0m11:15:20
[2023-06-20T11:15:20.573+0000] {subprocess.py:93} INFO - [0m11:15:20  Finished running 1 table model in 0 hours 0 minutes and 2.59 seconds (2.59s).
[2023-06-20T11:15:20.583+0000] {subprocess.py:93} INFO - [0m11:15:20
[2023-06-20T11:15:20.584+0000] {subprocess.py:93} INFO - [0m11:15:20  [32mCompleted successfully[0m
[2023-06-20T11:15:20.585+0000] {subprocess.py:93} INFO - [0m11:15:20
[2023-06-20T11:15:20.586+0000] {subprocess.py:93} INFO - [0m11:15:20  Done. PASS=1 WARN=0 ERROR=0 SKIP=0 TOTAL=1
[2023-06-20T11:15:21.983+0000] {subprocess.py:97} INFO - Command exited with return code 0
[2023-06-20T11:15:22.014+0000] {taskinstance.py:1345} INFO - Marking task as SUCCESS. dag_id=airflow_dbt, task_id=dbt_task.model.jaffle_shop.dim_customers, execution_date=20230620T111259, start_date=20230620T111514, end_date=20230620T111522
[2023-06-20T11:15:22.058+0000] {local_task_job_runner.py:225} INFO - Task exited with return code 0
[2023-06-20T11:15:22.068+0000] {taskinstance.py:2651} INFO - 0 downstream tasks scheduled from follow-on schedule check
