[2023-06-14T14:16:56.640+0000] {processor.py:157} INFO - Started process (PID=1930) to work on /usr/local/lib/python3.8/dist-packages/airflow/example_dags/subdags/subdag.py
[2023-06-14T14:16:56.641+0000] {processor.py:826} INFO - Processing file /usr/local/lib/python3.8/dist-packages/airflow/example_dags/subdags/subdag.py for tasks to queue
[2023-06-14T14:16:56.644+0000] {logging_mixin.py:149} INFO - [2023-06-14T14:16:56.644+0000] {dagbag.py:541} INFO - Filling up the DagBag from /usr/local/lib/python3.8/dist-packages/airflow/example_dags/subdags/subdag.py
[2023-06-14T14:16:56.646+0000] {processor.py:838} WARNING - No viable dags retrieved from /usr/local/lib/python3.8/dist-packages/airflow/example_dags/subdags/subdag.py
[2023-06-14T14:16:56.658+0000] {processor.py:179} INFO - Processing /usr/local/lib/python3.8/dist-packages/airflow/example_dags/subdags/subdag.py took 0.021 seconds
[2023-06-14T14:19:20.082+0000] {processor.py:157} INFO - Started process (PID=4123) to work on /usr/local/lib/python3.8/dist-packages/airflow/example_dags/subdags/subdag.py
[2023-06-14T14:19:20.083+0000] {processor.py:826} INFO - Processing file /usr/local/lib/python3.8/dist-packages/airflow/example_dags/subdags/subdag.py for tasks to queue
[2023-06-14T14:19:20.088+0000] {logging_mixin.py:149} INFO - [2023-06-14T14:19:20.088+0000] {dagbag.py:541} INFO - Filling up the DagBag from /usr/local/lib/python3.8/dist-packages/airflow/example_dags/subdags/subdag.py
[2023-06-14T14:19:20.090+0000] {processor.py:838} WARNING - No viable dags retrieved from /usr/local/lib/python3.8/dist-packages/airflow/example_dags/subdags/subdag.py
[2023-06-14T14:19:20.110+0000] {processor.py:179} INFO - Processing /usr/local/lib/python3.8/dist-packages/airflow/example_dags/subdags/subdag.py took 0.037 seconds
[2023-06-14T14:20:08.247+0000] {processor.py:157} INFO - Started process (PID=4274) to work on /usr/local/lib/python3.8/dist-packages/airflow/example_dags/subdags/subdag.py
[2023-06-14T14:20:08.248+0000] {processor.py:826} INFO - Processing file /usr/local/lib/python3.8/dist-packages/airflow/example_dags/subdags/subdag.py for tasks to queue
[2023-06-14T14:20:08.251+0000] {logging_mixin.py:149} INFO - [2023-06-14T14:20:08.250+0000] {dagbag.py:541} INFO - Filling up the DagBag from /usr/local/lib/python3.8/dist-packages/airflow/example_dags/subdags/subdag.py
[2023-06-14T14:20:08.252+0000] {processor.py:838} WARNING - No viable dags retrieved from /usr/local/lib/python3.8/dist-packages/airflow/example_dags/subdags/subdag.py
[2023-06-14T14:20:08.265+0000] {processor.py:179} INFO - Processing /usr/local/lib/python3.8/dist-packages/airflow/example_dags/subdags/subdag.py took 0.022 seconds
[2023-06-14T14:20:56.070+0000] {processor.py:157} INFO - Started process (PID=4424) to work on /usr/local/lib/python3.8/dist-packages/airflow/example_dags/subdags/subdag.py
[2023-06-14T14:20:56.072+0000] {processor.py:826} INFO - Processing file /usr/local/lib/python3.8/dist-packages/airflow/example_dags/subdags/subdag.py for tasks to queue
[2023-06-14T14:20:56.074+0000] {logging_mixin.py:149} INFO - [2023-06-14T14:20:56.074+0000] {dagbag.py:541} INFO - Filling up the DagBag from /usr/local/lib/python3.8/dist-packages/airflow/example_dags/subdags/subdag.py
[2023-06-14T14:20:56.076+0000] {processor.py:838} WARNING - No viable dags retrieved from /usr/local/lib/python3.8/dist-packages/airflow/example_dags/subdags/subdag.py
[2023-06-14T14:20:56.089+0000] {processor.py:179} INFO - Processing /usr/local/lib/python3.8/dist-packages/airflow/example_dags/subdags/subdag.py took 0.023 seconds
[2023-06-14T14:21:49.187+0000] {processor.py:157} INFO - Started process (PID=4477) to work on /usr/local/lib/python3.8/dist-packages/airflow/example_dags/subdags/subdag.py
[2023-06-14T14:21:49.188+0000] {processor.py:826} INFO - Processing file /usr/local/lib/python3.8/dist-packages/airflow/example_dags/subdags/subdag.py for tasks to queue
[2023-06-14T14:21:49.191+0000] {logging_mixin.py:149} INFO - [2023-06-14T14:21:49.191+0000] {dagbag.py:541} INFO - Filling up the DagBag from /usr/local/lib/python3.8/dist-packages/airflow/example_dags/subdags/subdag.py
[2023-06-14T14:21:49.193+0000] {processor.py:838} WARNING - No viable dags retrieved from /usr/local/lib/python3.8/dist-packages/airflow/example_dags/subdags/subdag.py
[2023-06-14T14:21:49.205+0000] {processor.py:179} INFO - Processing /usr/local/lib/python3.8/dist-packages/airflow/example_dags/subdags/subdag.py took 0.022 seconds
[2023-06-14T14:22:42.634+0000] {processor.py:157} INFO - Started process (PID=4639) to work on /usr/local/lib/python3.8/dist-packages/airflow/example_dags/subdags/subdag.py
[2023-06-14T14:22:42.636+0000] {processor.py:826} INFO - Processing file /usr/local/lib/python3.8/dist-packages/airflow/example_dags/subdags/subdag.py for tasks to queue
[2023-06-14T14:22:42.638+0000] {logging_mixin.py:149} INFO - [2023-06-14T14:22:42.638+0000] {dagbag.py:541} INFO - Filling up the DagBag from /usr/local/lib/python3.8/dist-packages/airflow/example_dags/subdags/subdag.py
[2023-06-14T14:22:42.640+0000] {processor.py:838} WARNING - No viable dags retrieved from /usr/local/lib/python3.8/dist-packages/airflow/example_dags/subdags/subdag.py
[2023-06-14T14:22:42.652+0000] {processor.py:179} INFO - Processing /usr/local/lib/python3.8/dist-packages/airflow/example_dags/subdags/subdag.py took 0.022 seconds
[2023-06-14T14:23:30.112+0000] {processor.py:157} INFO - Started process (PID=4793) to work on /usr/local/lib/python3.8/dist-packages/airflow/example_dags/subdags/subdag.py
[2023-06-14T14:23:30.114+0000] {processor.py:826} INFO - Processing file /usr/local/lib/python3.8/dist-packages/airflow/example_dags/subdags/subdag.py for tasks to queue
[2023-06-14T14:23:30.116+0000] {logging_mixin.py:149} INFO - [2023-06-14T14:23:30.116+0000] {dagbag.py:541} INFO - Filling up the DagBag from /usr/local/lib/python3.8/dist-packages/airflow/example_dags/subdags/subdag.py
[2023-06-14T14:23:30.118+0000] {processor.py:838} WARNING - No viable dags retrieved from /usr/local/lib/python3.8/dist-packages/airflow/example_dags/subdags/subdag.py
[2023-06-14T14:23:30.149+0000] {processor.py:179} INFO - Processing /usr/local/lib/python3.8/dist-packages/airflow/example_dags/subdags/subdag.py took 0.041 seconds
[2023-06-14T14:24:22.701+0000] {processor.py:157} INFO - Started process (PID=5050) to work on /usr/local/lib/python3.8/dist-packages/airflow/example_dags/subdags/subdag.py
[2023-06-14T14:24:22.702+0000] {processor.py:826} INFO - Processing file /usr/local/lib/python3.8/dist-packages/airflow/example_dags/subdags/subdag.py for tasks to queue
[2023-06-14T14:24:22.705+0000] {logging_mixin.py:149} INFO - [2023-06-14T14:24:22.704+0000] {dagbag.py:541} INFO - Filling up the DagBag from /usr/local/lib/python3.8/dist-packages/airflow/example_dags/subdags/subdag.py
[2023-06-14T14:24:22.706+0000] {processor.py:838} WARNING - No viable dags retrieved from /usr/local/lib/python3.8/dist-packages/airflow/example_dags/subdags/subdag.py
[2023-06-14T14:24:22.718+0000] {processor.py:179} INFO - Processing /usr/local/lib/python3.8/dist-packages/airflow/example_dags/subdags/subdag.py took 0.021 seconds
[2023-06-14T14:25:12.173+0000] {processor.py:157} INFO - Started process (PID=5206) to work on /usr/local/lib/python3.8/dist-packages/airflow/example_dags/subdags/subdag.py
[2023-06-14T14:25:12.175+0000] {processor.py:826} INFO - Processing file /usr/local/lib/python3.8/dist-packages/airflow/example_dags/subdags/subdag.py for tasks to queue
[2023-06-14T14:25:12.177+0000] {logging_mixin.py:149} INFO - [2023-06-14T14:25:12.177+0000] {dagbag.py:541} INFO - Filling up the DagBag from /usr/local/lib/python3.8/dist-packages/airflow/example_dags/subdags/subdag.py
[2023-06-14T14:25:12.179+0000] {processor.py:838} WARNING - No viable dags retrieved from /usr/local/lib/python3.8/dist-packages/airflow/example_dags/subdags/subdag.py
[2023-06-14T14:25:12.191+0000] {processor.py:179} INFO - Processing /usr/local/lib/python3.8/dist-packages/airflow/example_dags/subdags/subdag.py took 0.022 seconds
[2023-06-14T14:26:02.415+0000] {processor.py:157} INFO - Started process (PID=5359) to work on /usr/local/lib/python3.8/dist-packages/airflow/example_dags/subdags/subdag.py
[2023-06-14T14:26:02.416+0000] {processor.py:826} INFO - Processing file /usr/local/lib/python3.8/dist-packages/airflow/example_dags/subdags/subdag.py for tasks to queue
[2023-06-14T14:26:02.418+0000] {logging_mixin.py:149} INFO - [2023-06-14T14:26:02.418+0000] {dagbag.py:541} INFO - Filling up the DagBag from /usr/local/lib/python3.8/dist-packages/airflow/example_dags/subdags/subdag.py
[2023-06-14T14:26:02.420+0000] {processor.py:838} WARNING - No viable dags retrieved from /usr/local/lib/python3.8/dist-packages/airflow/example_dags/subdags/subdag.py
[2023-06-14T14:26:02.432+0000] {processor.py:179} INFO - Processing /usr/local/lib/python3.8/dist-packages/airflow/example_dags/subdags/subdag.py took 0.022 seconds
[2023-06-14T14:26:53.917+0000] {processor.py:157} INFO - Started process (PID=5516) to work on /usr/local/lib/python3.8/dist-packages/airflow/example_dags/subdags/subdag.py
[2023-06-14T14:26:53.918+0000] {processor.py:826} INFO - Processing file /usr/local/lib/python3.8/dist-packages/airflow/example_dags/subdags/subdag.py for tasks to queue
[2023-06-14T14:26:53.920+0000] {logging_mixin.py:149} INFO - [2023-06-14T14:26:53.920+0000] {dagbag.py:541} INFO - Filling up the DagBag from /usr/local/lib/python3.8/dist-packages/airflow/example_dags/subdags/subdag.py
[2023-06-14T14:26:53.922+0000] {processor.py:838} WARNING - No viable dags retrieved from /usr/local/lib/python3.8/dist-packages/airflow/example_dags/subdags/subdag.py
[2023-06-14T14:26:53.934+0000] {processor.py:179} INFO - Processing /usr/local/lib/python3.8/dist-packages/airflow/example_dags/subdags/subdag.py took 0.022 seconds
[2023-06-14T14:27:46.592+0000] {processor.py:157} INFO - Started process (PID=5573) to work on /usr/local/lib/python3.8/dist-packages/airflow/example_dags/subdags/subdag.py
[2023-06-14T14:27:46.594+0000] {processor.py:826} INFO - Processing file /usr/local/lib/python3.8/dist-packages/airflow/example_dags/subdags/subdag.py for tasks to queue
[2023-06-14T14:27:46.596+0000] {logging_mixin.py:149} INFO - [2023-06-14T14:27:46.596+0000] {dagbag.py:541} INFO - Filling up the DagBag from /usr/local/lib/python3.8/dist-packages/airflow/example_dags/subdags/subdag.py
[2023-06-14T14:27:46.598+0000] {processor.py:838} WARNING - No viable dags retrieved from /usr/local/lib/python3.8/dist-packages/airflow/example_dags/subdags/subdag.py
[2023-06-14T14:27:46.610+0000] {processor.py:179} INFO - Processing /usr/local/lib/python3.8/dist-packages/airflow/example_dags/subdags/subdag.py took 0.026 seconds
[2023-06-14T14:28:40.905+0000] {processor.py:157} INFO - Started process (PID=5731) to work on /usr/local/lib/python3.8/dist-packages/airflow/example_dags/subdags/subdag.py
[2023-06-14T14:28:40.906+0000] {processor.py:826} INFO - Processing file /usr/local/lib/python3.8/dist-packages/airflow/example_dags/subdags/subdag.py for tasks to queue
[2023-06-14T14:28:40.909+0000] {logging_mixin.py:149} INFO - [2023-06-14T14:28:40.909+0000] {dagbag.py:541} INFO - Filling up the DagBag from /usr/local/lib/python3.8/dist-packages/airflow/example_dags/subdags/subdag.py
[2023-06-14T14:28:40.911+0000] {processor.py:838} WARNING - No viable dags retrieved from /usr/local/lib/python3.8/dist-packages/airflow/example_dags/subdags/subdag.py
[2023-06-14T14:28:40.922+0000] {processor.py:179} INFO - Processing /usr/local/lib/python3.8/dist-packages/airflow/example_dags/subdags/subdag.py took 0.021 seconds
[2023-06-14T14:29:29.801+0000] {processor.py:157} INFO - Started process (PID=5989) to work on /usr/local/lib/python3.8/dist-packages/airflow/example_dags/subdags/subdag.py
[2023-06-14T14:29:29.803+0000] {processor.py:826} INFO - Processing file /usr/local/lib/python3.8/dist-packages/airflow/example_dags/subdags/subdag.py for tasks to queue
[2023-06-14T14:29:29.806+0000] {logging_mixin.py:149} INFO - [2023-06-14T14:29:29.805+0000] {dagbag.py:541} INFO - Filling up the DagBag from /usr/local/lib/python3.8/dist-packages/airflow/example_dags/subdags/subdag.py
[2023-06-14T14:29:29.807+0000] {processor.py:838} WARNING - No viable dags retrieved from /usr/local/lib/python3.8/dist-packages/airflow/example_dags/subdags/subdag.py
[2023-06-14T14:29:29.819+0000] {processor.py:179} INFO - Processing /usr/local/lib/python3.8/dist-packages/airflow/example_dags/subdags/subdag.py took 0.024 seconds
[2023-06-14T14:30:26.382+0000] {processor.py:157} INFO - Started process (PID=6147) to work on /usr/local/lib/python3.8/dist-packages/airflow/example_dags/subdags/subdag.py
[2023-06-14T14:30:26.383+0000] {processor.py:826} INFO - Processing file /usr/local/lib/python3.8/dist-packages/airflow/example_dags/subdags/subdag.py for tasks to queue
[2023-06-14T14:30:26.386+0000] {logging_mixin.py:149} INFO - [2023-06-14T14:30:26.385+0000] {dagbag.py:541} INFO - Filling up the DagBag from /usr/local/lib/python3.8/dist-packages/airflow/example_dags/subdags/subdag.py
[2023-06-14T14:30:26.387+0000] {processor.py:838} WARNING - No viable dags retrieved from /usr/local/lib/python3.8/dist-packages/airflow/example_dags/subdags/subdag.py
[2023-06-14T14:30:26.399+0000] {processor.py:179} INFO - Processing /usr/local/lib/python3.8/dist-packages/airflow/example_dags/subdags/subdag.py took 0.021 seconds
[2023-06-14T14:31:19.557+0000] {processor.py:157} INFO - Started process (PID=6304) to work on /usr/local/lib/python3.8/dist-packages/airflow/example_dags/subdags/subdag.py
[2023-06-14T14:31:19.559+0000] {processor.py:826} INFO - Processing file /usr/local/lib/python3.8/dist-packages/airflow/example_dags/subdags/subdag.py for tasks to queue
[2023-06-14T14:31:19.561+0000] {logging_mixin.py:149} INFO - [2023-06-14T14:31:19.561+0000] {dagbag.py:541} INFO - Filling up the DagBag from /usr/local/lib/python3.8/dist-packages/airflow/example_dags/subdags/subdag.py
[2023-06-14T14:31:19.563+0000] {processor.py:838} WARNING - No viable dags retrieved from /usr/local/lib/python3.8/dist-packages/airflow/example_dags/subdags/subdag.py
[2023-06-14T14:31:19.575+0000] {processor.py:179} INFO - Processing /usr/local/lib/python3.8/dist-packages/airflow/example_dags/subdags/subdag.py took 0.021 seconds
[2023-06-14T14:32:10.079+0000] {processor.py:157} INFO - Started process (PID=6466) to work on /usr/local/lib/python3.8/dist-packages/airflow/example_dags/subdags/subdag.py
[2023-06-14T14:32:10.081+0000] {processor.py:826} INFO - Processing file /usr/local/lib/python3.8/dist-packages/airflow/example_dags/subdags/subdag.py for tasks to queue
[2023-06-14T14:32:10.083+0000] {logging_mixin.py:149} INFO - [2023-06-14T14:32:10.083+0000] {dagbag.py:541} INFO - Filling up the DagBag from /usr/local/lib/python3.8/dist-packages/airflow/example_dags/subdags/subdag.py
[2023-06-14T14:32:10.085+0000] {processor.py:838} WARNING - No viable dags retrieved from /usr/local/lib/python3.8/dist-packages/airflow/example_dags/subdags/subdag.py
[2023-06-14T14:32:10.097+0000] {processor.py:179} INFO - Processing /usr/local/lib/python3.8/dist-packages/airflow/example_dags/subdags/subdag.py took 0.022 seconds
[2023-06-14T14:33:01.461+0000] {processor.py:157} INFO - Started process (PID=6621) to work on /usr/local/lib/python3.8/dist-packages/airflow/example_dags/subdags/subdag.py
[2023-06-14T14:33:01.462+0000] {processor.py:826} INFO - Processing file /usr/local/lib/python3.8/dist-packages/airflow/example_dags/subdags/subdag.py for tasks to queue
[2023-06-14T14:33:01.465+0000] {logging_mixin.py:149} INFO - [2023-06-14T14:33:01.464+0000] {dagbag.py:541} INFO - Filling up the DagBag from /usr/local/lib/python3.8/dist-packages/airflow/example_dags/subdags/subdag.py
[2023-06-14T14:33:01.466+0000] {processor.py:838} WARNING - No viable dags retrieved from /usr/local/lib/python3.8/dist-packages/airflow/example_dags/subdags/subdag.py
[2023-06-14T14:33:01.478+0000] {processor.py:179} INFO - Processing /usr/local/lib/python3.8/dist-packages/airflow/example_dags/subdags/subdag.py took 0.021 seconds
[2023-06-14T14:33:52.163+0000] {processor.py:157} INFO - Started process (PID=6775) to work on /usr/local/lib/python3.8/dist-packages/airflow/example_dags/subdags/subdag.py
[2023-06-14T14:33:52.164+0000] {processor.py:826} INFO - Processing file /usr/local/lib/python3.8/dist-packages/airflow/example_dags/subdags/subdag.py for tasks to queue
[2023-06-14T14:33:52.167+0000] {logging_mixin.py:149} INFO - [2023-06-14T14:33:52.167+0000] {dagbag.py:541} INFO - Filling up the DagBag from /usr/local/lib/python3.8/dist-packages/airflow/example_dags/subdags/subdag.py
[2023-06-14T14:33:52.169+0000] {processor.py:838} WARNING - No viable dags retrieved from /usr/local/lib/python3.8/dist-packages/airflow/example_dags/subdags/subdag.py
[2023-06-14T14:33:52.180+0000] {processor.py:179} INFO - Processing /usr/local/lib/python3.8/dist-packages/airflow/example_dags/subdags/subdag.py took 0.021 seconds
[2023-06-14T14:34:48.489+0000] {processor.py:157} INFO - Started process (PID=6933) to work on /usr/local/lib/python3.8/dist-packages/airflow/example_dags/subdags/subdag.py
[2023-06-14T14:34:48.491+0000] {processor.py:826} INFO - Processing file /usr/local/lib/python3.8/dist-packages/airflow/example_dags/subdags/subdag.py for tasks to queue
[2023-06-14T14:34:48.493+0000] {logging_mixin.py:149} INFO - [2023-06-14T14:34:48.493+0000] {dagbag.py:541} INFO - Filling up the DagBag from /usr/local/lib/python3.8/dist-packages/airflow/example_dags/subdags/subdag.py
[2023-06-14T14:34:48.495+0000] {processor.py:838} WARNING - No viable dags retrieved from /usr/local/lib/python3.8/dist-packages/airflow/example_dags/subdags/subdag.py
[2023-06-14T14:34:48.507+0000] {processor.py:179} INFO - Processing /usr/local/lib/python3.8/dist-packages/airflow/example_dags/subdags/subdag.py took 0.022 seconds
[2023-06-14T14:35:40.218+0000] {processor.py:157} INFO - Started process (PID=7093) to work on /usr/local/lib/python3.8/dist-packages/airflow/example_dags/subdags/subdag.py
[2023-06-14T14:35:40.219+0000] {processor.py:826} INFO - Processing file /usr/local/lib/python3.8/dist-packages/airflow/example_dags/subdags/subdag.py for tasks to queue
[2023-06-14T14:35:40.221+0000] {logging_mixin.py:149} INFO - [2023-06-14T14:35:40.221+0000] {dagbag.py:541} INFO - Filling up the DagBag from /usr/local/lib/python3.8/dist-packages/airflow/example_dags/subdags/subdag.py
[2023-06-14T14:35:40.223+0000] {processor.py:838} WARNING - No viable dags retrieved from /usr/local/lib/python3.8/dist-packages/airflow/example_dags/subdags/subdag.py
[2023-06-14T14:35:40.235+0000] {processor.py:179} INFO - Processing /usr/local/lib/python3.8/dist-packages/airflow/example_dags/subdags/subdag.py took 0.021 seconds
[2023-06-14T14:36:30.629+0000] {processor.py:157} INFO - Started process (PID=7249) to work on /usr/local/lib/python3.8/dist-packages/airflow/example_dags/subdags/subdag.py
[2023-06-14T14:36:30.631+0000] {processor.py:826} INFO - Processing file /usr/local/lib/python3.8/dist-packages/airflow/example_dags/subdags/subdag.py for tasks to queue
[2023-06-14T14:36:30.633+0000] {logging_mixin.py:149} INFO - [2023-06-14T14:36:30.633+0000] {dagbag.py:541} INFO - Filling up the DagBag from /usr/local/lib/python3.8/dist-packages/airflow/example_dags/subdags/subdag.py
[2023-06-14T14:36:30.635+0000] {processor.py:838} WARNING - No viable dags retrieved from /usr/local/lib/python3.8/dist-packages/airflow/example_dags/subdags/subdag.py
[2023-06-14T14:36:30.646+0000] {processor.py:179} INFO - Processing /usr/local/lib/python3.8/dist-packages/airflow/example_dags/subdags/subdag.py took 0.022 seconds
[2023-06-14T14:37:22.329+0000] {processor.py:157} INFO - Started process (PID=7410) to work on /usr/local/lib/python3.8/dist-packages/airflow/example_dags/subdags/subdag.py
[2023-06-14T14:37:22.330+0000] {processor.py:826} INFO - Processing file /usr/local/lib/python3.8/dist-packages/airflow/example_dags/subdags/subdag.py for tasks to queue
[2023-06-14T14:37:22.333+0000] {logging_mixin.py:149} INFO - [2023-06-14T14:37:22.333+0000] {dagbag.py:541} INFO - Filling up the DagBag from /usr/local/lib/python3.8/dist-packages/airflow/example_dags/subdags/subdag.py
[2023-06-14T14:37:22.335+0000] {processor.py:838} WARNING - No viable dags retrieved from /usr/local/lib/python3.8/dist-packages/airflow/example_dags/subdags/subdag.py
[2023-06-14T14:37:22.346+0000] {processor.py:179} INFO - Processing /usr/local/lib/python3.8/dist-packages/airflow/example_dags/subdags/subdag.py took 0.021 seconds
[2023-06-14T14:38:15.145+0000] {processor.py:157} INFO - Started process (PID=7566) to work on /usr/local/lib/python3.8/dist-packages/airflow/example_dags/subdags/subdag.py
[2023-06-14T14:38:15.147+0000] {processor.py:826} INFO - Processing file /usr/local/lib/python3.8/dist-packages/airflow/example_dags/subdags/subdag.py for tasks to queue
[2023-06-14T14:38:15.149+0000] {logging_mixin.py:149} INFO - [2023-06-14T14:38:15.149+0000] {dagbag.py:541} INFO - Filling up the DagBag from /usr/local/lib/python3.8/dist-packages/airflow/example_dags/subdags/subdag.py
[2023-06-14T14:38:15.151+0000] {processor.py:838} WARNING - No viable dags retrieved from /usr/local/lib/python3.8/dist-packages/airflow/example_dags/subdags/subdag.py
[2023-06-14T14:38:15.163+0000] {processor.py:179} INFO - Processing /usr/local/lib/python3.8/dist-packages/airflow/example_dags/subdags/subdag.py took 0.022 seconds
[2023-06-14T14:39:03.366+0000] {processor.py:157} INFO - Started process (PID=7719) to work on /usr/local/lib/python3.8/dist-packages/airflow/example_dags/subdags/subdag.py
[2023-06-14T14:39:03.368+0000] {processor.py:826} INFO - Processing file /usr/local/lib/python3.8/dist-packages/airflow/example_dags/subdags/subdag.py for tasks to queue
[2023-06-14T14:39:03.370+0000] {logging_mixin.py:149} INFO - [2023-06-14T14:39:03.370+0000] {dagbag.py:541} INFO - Filling up the DagBag from /usr/local/lib/python3.8/dist-packages/airflow/example_dags/subdags/subdag.py
[2023-06-14T14:39:03.372+0000] {processor.py:838} WARNING - No viable dags retrieved from /usr/local/lib/python3.8/dist-packages/airflow/example_dags/subdags/subdag.py
[2023-06-14T14:39:03.384+0000] {processor.py:179} INFO - Processing /usr/local/lib/python3.8/dist-packages/airflow/example_dags/subdags/subdag.py took 0.021 seconds
[2023-06-14T14:39:51.900+0000] {processor.py:157} INFO - Started process (PID=7858) to work on /usr/local/lib/python3.8/dist-packages/airflow/example_dags/subdags/subdag.py
[2023-06-14T14:39:51.902+0000] {processor.py:826} INFO - Processing file /usr/local/lib/python3.8/dist-packages/airflow/example_dags/subdags/subdag.py for tasks to queue
[2023-06-14T14:39:51.904+0000] {logging_mixin.py:149} INFO - [2023-06-14T14:39:51.904+0000] {dagbag.py:541} INFO - Filling up the DagBag from /usr/local/lib/python3.8/dist-packages/airflow/example_dags/subdags/subdag.py
[2023-06-14T14:39:51.906+0000] {processor.py:838} WARNING - No viable dags retrieved from /usr/local/lib/python3.8/dist-packages/airflow/example_dags/subdags/subdag.py
[2023-06-14T14:39:51.918+0000] {processor.py:179} INFO - Processing /usr/local/lib/python3.8/dist-packages/airflow/example_dags/subdags/subdag.py took 0.022 seconds
[2023-06-14T14:40:46.468+0000] {processor.py:157} INFO - Started process (PID=7926) to work on /usr/local/lib/python3.8/dist-packages/airflow/example_dags/subdags/subdag.py
[2023-06-14T14:40:46.469+0000] {processor.py:826} INFO - Processing file /usr/local/lib/python3.8/dist-packages/airflow/example_dags/subdags/subdag.py for tasks to queue
[2023-06-14T14:40:46.472+0000] {logging_mixin.py:149} INFO - [2023-06-14T14:40:46.472+0000] {dagbag.py:541} INFO - Filling up the DagBag from /usr/local/lib/python3.8/dist-packages/airflow/example_dags/subdags/subdag.py
[2023-06-14T14:40:46.474+0000] {processor.py:838} WARNING - No viable dags retrieved from /usr/local/lib/python3.8/dist-packages/airflow/example_dags/subdags/subdag.py
[2023-06-14T14:40:46.486+0000] {processor.py:179} INFO - Processing /usr/local/lib/python3.8/dist-packages/airflow/example_dags/subdags/subdag.py took 0.021 seconds
[2023-06-14T14:41:40.681+0000] {processor.py:157} INFO - Started process (PID=8084) to work on /usr/local/lib/python3.8/dist-packages/airflow/example_dags/subdags/subdag.py
[2023-06-14T14:41:40.683+0000] {processor.py:826} INFO - Processing file /usr/local/lib/python3.8/dist-packages/airflow/example_dags/subdags/subdag.py for tasks to queue
[2023-06-14T14:41:40.685+0000] {logging_mixin.py:149} INFO - [2023-06-14T14:41:40.685+0000] {dagbag.py:541} INFO - Filling up the DagBag from /usr/local/lib/python3.8/dist-packages/airflow/example_dags/subdags/subdag.py
[2023-06-14T14:41:40.687+0000] {processor.py:838} WARNING - No viable dags retrieved from /usr/local/lib/python3.8/dist-packages/airflow/example_dags/subdags/subdag.py
[2023-06-14T14:41:40.698+0000] {processor.py:179} INFO - Processing /usr/local/lib/python3.8/dist-packages/airflow/example_dags/subdags/subdag.py took 0.021 seconds
[2023-06-14T14:42:34.371+0000] {processor.py:157} INFO - Started process (PID=8246) to work on /usr/local/lib/python3.8/dist-packages/airflow/example_dags/subdags/subdag.py
[2023-06-14T14:42:34.372+0000] {processor.py:826} INFO - Processing file /usr/local/lib/python3.8/dist-packages/airflow/example_dags/subdags/subdag.py for tasks to queue
[2023-06-14T14:42:34.375+0000] {logging_mixin.py:149} INFO - [2023-06-14T14:42:34.374+0000] {dagbag.py:541} INFO - Filling up the DagBag from /usr/local/lib/python3.8/dist-packages/airflow/example_dags/subdags/subdag.py
[2023-06-14T14:42:34.376+0000] {processor.py:838} WARNING - No viable dags retrieved from /usr/local/lib/python3.8/dist-packages/airflow/example_dags/subdags/subdag.py
[2023-06-14T14:42:34.389+0000] {processor.py:179} INFO - Processing /usr/local/lib/python3.8/dist-packages/airflow/example_dags/subdags/subdag.py took 0.022 seconds
[2023-06-14T14:43:31.176+0000] {processor.py:157} INFO - Started process (PID=8404) to work on /usr/local/lib/python3.8/dist-packages/airflow/example_dags/subdags/subdag.py
[2023-06-14T14:43:31.178+0000] {processor.py:826} INFO - Processing file /usr/local/lib/python3.8/dist-packages/airflow/example_dags/subdags/subdag.py for tasks to queue
[2023-06-14T14:43:31.180+0000] {logging_mixin.py:149} INFO - [2023-06-14T14:43:31.180+0000] {dagbag.py:541} INFO - Filling up the DagBag from /usr/local/lib/python3.8/dist-packages/airflow/example_dags/subdags/subdag.py
[2023-06-14T14:43:31.182+0000] {processor.py:838} WARNING - No viable dags retrieved from /usr/local/lib/python3.8/dist-packages/airflow/example_dags/subdags/subdag.py
[2023-06-14T14:43:31.194+0000] {processor.py:179} INFO - Processing /usr/local/lib/python3.8/dist-packages/airflow/example_dags/subdags/subdag.py took 0.022 seconds
[2023-06-14T14:44:25.923+0000] {processor.py:157} INFO - Started process (PID=8663) to work on /usr/local/lib/python3.8/dist-packages/airflow/example_dags/subdags/subdag.py
[2023-06-14T14:44:25.924+0000] {processor.py:826} INFO - Processing file /usr/local/lib/python3.8/dist-packages/airflow/example_dags/subdags/subdag.py for tasks to queue
[2023-06-14T14:44:25.927+0000] {logging_mixin.py:149} INFO - [2023-06-14T14:44:25.926+0000] {dagbag.py:541} INFO - Filling up the DagBag from /usr/local/lib/python3.8/dist-packages/airflow/example_dags/subdags/subdag.py
[2023-06-14T14:44:25.929+0000] {processor.py:838} WARNING - No viable dags retrieved from /usr/local/lib/python3.8/dist-packages/airflow/example_dags/subdags/subdag.py
[2023-06-14T14:44:25.941+0000] {processor.py:179} INFO - Processing /usr/local/lib/python3.8/dist-packages/airflow/example_dags/subdags/subdag.py took 0.022 seconds
[2023-06-14T14:45:20.684+0000] {processor.py:157} INFO - Started process (PID=8821) to work on /usr/local/lib/python3.8/dist-packages/airflow/example_dags/subdags/subdag.py
[2023-06-14T14:45:20.685+0000] {processor.py:826} INFO - Processing file /usr/local/lib/python3.8/dist-packages/airflow/example_dags/subdags/subdag.py for tasks to queue
[2023-06-14T14:45:20.688+0000] {logging_mixin.py:149} INFO - [2023-06-14T14:45:20.688+0000] {dagbag.py:541} INFO - Filling up the DagBag from /usr/local/lib/python3.8/dist-packages/airflow/example_dags/subdags/subdag.py
[2023-06-14T14:45:20.690+0000] {processor.py:838} WARNING - No viable dags retrieved from /usr/local/lib/python3.8/dist-packages/airflow/example_dags/subdags/subdag.py
[2023-06-14T14:45:20.702+0000] {processor.py:179} INFO - Processing /usr/local/lib/python3.8/dist-packages/airflow/example_dags/subdags/subdag.py took 0.022 seconds
[2023-06-14T14:46:18.491+0000] {processor.py:157} INFO - Started process (PID=8983) to work on /usr/local/lib/python3.8/dist-packages/airflow/example_dags/subdags/subdag.py
[2023-06-14T14:46:18.492+0000] {processor.py:826} INFO - Processing file /usr/local/lib/python3.8/dist-packages/airflow/example_dags/subdags/subdag.py for tasks to queue
[2023-06-14T14:46:18.495+0000] {logging_mixin.py:149} INFO - [2023-06-14T14:46:18.495+0000] {dagbag.py:541} INFO - Filling up the DagBag from /usr/local/lib/python3.8/dist-packages/airflow/example_dags/subdags/subdag.py
[2023-06-14T14:46:18.497+0000] {processor.py:838} WARNING - No viable dags retrieved from /usr/local/lib/python3.8/dist-packages/airflow/example_dags/subdags/subdag.py
[2023-06-14T14:46:18.509+0000] {processor.py:179} INFO - Processing /usr/local/lib/python3.8/dist-packages/airflow/example_dags/subdags/subdag.py took 0.021 seconds
[2023-06-14T14:47:07.797+0000] {processor.py:157} INFO - Started process (PID=9141) to work on /usr/local/lib/python3.8/dist-packages/airflow/example_dags/subdags/subdag.py
[2023-06-14T14:47:07.799+0000] {processor.py:826} INFO - Processing file /usr/local/lib/python3.8/dist-packages/airflow/example_dags/subdags/subdag.py for tasks to queue
[2023-06-14T14:47:07.801+0000] {logging_mixin.py:149} INFO - [2023-06-14T14:47:07.801+0000] {dagbag.py:541} INFO - Filling up the DagBag from /usr/local/lib/python3.8/dist-packages/airflow/example_dags/subdags/subdag.py
[2023-06-14T14:47:07.803+0000] {processor.py:838} WARNING - No viable dags retrieved from /usr/local/lib/python3.8/dist-packages/airflow/example_dags/subdags/subdag.py
[2023-06-14T14:47:07.816+0000] {processor.py:179} INFO - Processing /usr/local/lib/python3.8/dist-packages/airflow/example_dags/subdags/subdag.py took 0.023 seconds
[2023-06-14T14:48:01.681+0000] {processor.py:157} INFO - Started process (PID=9298) to work on /usr/local/lib/python3.8/dist-packages/airflow/example_dags/subdags/subdag.py
[2023-06-14T14:48:01.682+0000] {processor.py:826} INFO - Processing file /usr/local/lib/python3.8/dist-packages/airflow/example_dags/subdags/subdag.py for tasks to queue
[2023-06-14T14:48:01.684+0000] {logging_mixin.py:149} INFO - [2023-06-14T14:48:01.684+0000] {dagbag.py:541} INFO - Filling up the DagBag from /usr/local/lib/python3.8/dist-packages/airflow/example_dags/subdags/subdag.py
[2023-06-14T14:48:01.686+0000] {processor.py:838} WARNING - No viable dags retrieved from /usr/local/lib/python3.8/dist-packages/airflow/example_dags/subdags/subdag.py
[2023-06-14T14:48:01.698+0000] {processor.py:179} INFO - Processing /usr/local/lib/python3.8/dist-packages/airflow/example_dags/subdags/subdag.py took 0.021 seconds
[2023-06-14T14:48:57.044+0000] {processor.py:157} INFO - Started process (PID=9494) to work on /usr/local/lib/python3.8/dist-packages/airflow/example_dags/subdags/subdag.py
[2023-06-14T14:48:57.045+0000] {processor.py:826} INFO - Processing file /usr/local/lib/python3.8/dist-packages/airflow/example_dags/subdags/subdag.py for tasks to queue
[2023-06-14T14:48:57.048+0000] {logging_mixin.py:149} INFO - [2023-06-14T14:48:57.047+0000] {dagbag.py:541} INFO - Filling up the DagBag from /usr/local/lib/python3.8/dist-packages/airflow/example_dags/subdags/subdag.py
[2023-06-14T14:48:57.049+0000] {processor.py:838} WARNING - No viable dags retrieved from /usr/local/lib/python3.8/dist-packages/airflow/example_dags/subdags/subdag.py
[2023-06-14T14:48:57.062+0000] {processor.py:179} INFO - Processing /usr/local/lib/python3.8/dist-packages/airflow/example_dags/subdags/subdag.py took 0.022 seconds
[2023-06-14T14:49:53.384+0000] {processor.py:157} INFO - Started process (PID=9715) to work on /usr/local/lib/python3.8/dist-packages/airflow/example_dags/subdags/subdag.py
[2023-06-14T14:49:53.385+0000] {processor.py:826} INFO - Processing file /usr/local/lib/python3.8/dist-packages/airflow/example_dags/subdags/subdag.py for tasks to queue
[2023-06-14T14:49:53.388+0000] {logging_mixin.py:149} INFO - [2023-06-14T14:49:53.388+0000] {dagbag.py:541} INFO - Filling up the DagBag from /usr/local/lib/python3.8/dist-packages/airflow/example_dags/subdags/subdag.py
[2023-06-14T14:49:53.390+0000] {processor.py:838} WARNING - No viable dags retrieved from /usr/local/lib/python3.8/dist-packages/airflow/example_dags/subdags/subdag.py
[2023-06-14T14:49:53.402+0000] {processor.py:179} INFO - Processing /usr/local/lib/python3.8/dist-packages/airflow/example_dags/subdags/subdag.py took 0.022 seconds
[2023-06-14T14:50:46.038+0000] {processor.py:157} INFO - Started process (PID=9770) to work on /usr/local/lib/python3.8/dist-packages/airflow/example_dags/subdags/subdag.py
[2023-06-14T14:50:46.039+0000] {processor.py:826} INFO - Processing file /usr/local/lib/python3.8/dist-packages/airflow/example_dags/subdags/subdag.py for tasks to queue
[2023-06-14T14:50:46.041+0000] {logging_mixin.py:149} INFO - [2023-06-14T14:50:46.041+0000] {dagbag.py:541} INFO - Filling up the DagBag from /usr/local/lib/python3.8/dist-packages/airflow/example_dags/subdags/subdag.py
[2023-06-14T14:50:46.043+0000] {processor.py:838} WARNING - No viable dags retrieved from /usr/local/lib/python3.8/dist-packages/airflow/example_dags/subdags/subdag.py
[2023-06-14T14:50:46.055+0000] {processor.py:179} INFO - Processing /usr/local/lib/python3.8/dist-packages/airflow/example_dags/subdags/subdag.py took 0.022 seconds
[2023-06-14T14:51:36.419+0000] {processor.py:157} INFO - Started process (PID=9925) to work on /usr/local/lib/python3.8/dist-packages/airflow/example_dags/subdags/subdag.py
[2023-06-14T14:51:36.421+0000] {processor.py:826} INFO - Processing file /usr/local/lib/python3.8/dist-packages/airflow/example_dags/subdags/subdag.py for tasks to queue
[2023-06-14T14:51:36.423+0000] {logging_mixin.py:149} INFO - [2023-06-14T14:51:36.423+0000] {dagbag.py:541} INFO - Filling up the DagBag from /usr/local/lib/python3.8/dist-packages/airflow/example_dags/subdags/subdag.py
[2023-06-14T14:51:36.425+0000] {processor.py:838} WARNING - No viable dags retrieved from /usr/local/lib/python3.8/dist-packages/airflow/example_dags/subdags/subdag.py
[2023-06-14T14:51:36.437+0000] {processor.py:179} INFO - Processing /usr/local/lib/python3.8/dist-packages/airflow/example_dags/subdags/subdag.py took 0.022 seconds
[2023-06-14T14:52:23.259+0000] {processor.py:157} INFO - Started process (PID=10081) to work on /usr/local/lib/python3.8/dist-packages/airflow/example_dags/subdags/subdag.py
[2023-06-14T14:52:23.260+0000] {processor.py:826} INFO - Processing file /usr/local/lib/python3.8/dist-packages/airflow/example_dags/subdags/subdag.py for tasks to queue
[2023-06-14T14:52:23.263+0000] {logging_mixin.py:149} INFO - [2023-06-14T14:52:23.263+0000] {dagbag.py:541} INFO - Filling up the DagBag from /usr/local/lib/python3.8/dist-packages/airflow/example_dags/subdags/subdag.py
[2023-06-14T14:52:23.265+0000] {processor.py:838} WARNING - No viable dags retrieved from /usr/local/lib/python3.8/dist-packages/airflow/example_dags/subdags/subdag.py
[2023-06-14T14:52:23.278+0000] {processor.py:179} INFO - Processing /usr/local/lib/python3.8/dist-packages/airflow/example_dags/subdags/subdag.py took 0.024 seconds
[2023-06-14T14:53:14.757+0000] {processor.py:157} INFO - Started process (PID=10236) to work on /usr/local/lib/python3.8/dist-packages/airflow/example_dags/subdags/subdag.py
[2023-06-14T14:53:14.758+0000] {processor.py:826} INFO - Processing file /usr/local/lib/python3.8/dist-packages/airflow/example_dags/subdags/subdag.py for tasks to queue
[2023-06-14T14:53:14.761+0000] {logging_mixin.py:149} INFO - [2023-06-14T14:53:14.761+0000] {dagbag.py:541} INFO - Filling up the DagBag from /usr/local/lib/python3.8/dist-packages/airflow/example_dags/subdags/subdag.py
[2023-06-14T14:53:14.763+0000] {processor.py:838} WARNING - No viable dags retrieved from /usr/local/lib/python3.8/dist-packages/airflow/example_dags/subdags/subdag.py
[2023-06-14T14:53:14.775+0000] {processor.py:179} INFO - Processing /usr/local/lib/python3.8/dist-packages/airflow/example_dags/subdags/subdag.py took 0.022 seconds
[2023-06-14T14:54:08.892+0000] {processor.py:157} INFO - Started process (PID=10497) to work on /usr/local/lib/python3.8/dist-packages/airflow/example_dags/subdags/subdag.py
[2023-06-14T14:54:08.894+0000] {processor.py:826} INFO - Processing file /usr/local/lib/python3.8/dist-packages/airflow/example_dags/subdags/subdag.py for tasks to queue
[2023-06-14T14:54:08.896+0000] {logging_mixin.py:149} INFO - [2023-06-14T14:54:08.896+0000] {dagbag.py:541} INFO - Filling up the DagBag from /usr/local/lib/python3.8/dist-packages/airflow/example_dags/subdags/subdag.py
[2023-06-14T14:54:08.898+0000] {processor.py:838} WARNING - No viable dags retrieved from /usr/local/lib/python3.8/dist-packages/airflow/example_dags/subdags/subdag.py
[2023-06-14T14:54:08.910+0000] {processor.py:179} INFO - Processing /usr/local/lib/python3.8/dist-packages/airflow/example_dags/subdags/subdag.py took 0.021 seconds
[2023-06-14T14:55:03.000+0000] {processor.py:157} INFO - Started process (PID=10756) to work on /usr/local/lib/python3.8/dist-packages/airflow/example_dags/subdags/subdag.py
[2023-06-14T14:55:03.002+0000] {processor.py:826} INFO - Processing file /usr/local/lib/python3.8/dist-packages/airflow/example_dags/subdags/subdag.py for tasks to queue
[2023-06-14T14:55:03.004+0000] {logging_mixin.py:149} INFO - [2023-06-14T14:55:03.004+0000] {dagbag.py:541} INFO - Filling up the DagBag from /usr/local/lib/python3.8/dist-packages/airflow/example_dags/subdags/subdag.py
[2023-06-14T14:55:03.006+0000] {processor.py:838} WARNING - No viable dags retrieved from /usr/local/lib/python3.8/dist-packages/airflow/example_dags/subdags/subdag.py
[2023-06-14T14:55:03.018+0000] {processor.py:179} INFO - Processing /usr/local/lib/python3.8/dist-packages/airflow/example_dags/subdags/subdag.py took 0.022 seconds
[2023-06-14T14:55:55.038+0000] {processor.py:157} INFO - Started process (PID=10913) to work on /usr/local/lib/python3.8/dist-packages/airflow/example_dags/subdags/subdag.py
[2023-06-14T14:55:55.040+0000] {processor.py:826} INFO - Processing file /usr/local/lib/python3.8/dist-packages/airflow/example_dags/subdags/subdag.py for tasks to queue
[2023-06-14T14:55:55.043+0000] {logging_mixin.py:149} INFO - [2023-06-14T14:55:55.042+0000] {dagbag.py:541} INFO - Filling up the DagBag from /usr/local/lib/python3.8/dist-packages/airflow/example_dags/subdags/subdag.py
[2023-06-14T14:55:55.044+0000] {processor.py:838} WARNING - No viable dags retrieved from /usr/local/lib/python3.8/dist-packages/airflow/example_dags/subdags/subdag.py
[2023-06-14T14:55:55.056+0000] {processor.py:179} INFO - Processing /usr/local/lib/python3.8/dist-packages/airflow/example_dags/subdags/subdag.py took 0.022 seconds
[2023-06-14T14:56:47.509+0000] {processor.py:157} INFO - Started process (PID=10967) to work on /usr/local/lib/python3.8/dist-packages/airflow/example_dags/subdags/subdag.py
[2023-06-14T14:56:47.510+0000] {processor.py:826} INFO - Processing file /usr/local/lib/python3.8/dist-packages/airflow/example_dags/subdags/subdag.py for tasks to queue
[2023-06-14T14:56:47.512+0000] {logging_mixin.py:149} INFO - [2023-06-14T14:56:47.512+0000] {dagbag.py:541} INFO - Filling up the DagBag from /usr/local/lib/python3.8/dist-packages/airflow/example_dags/subdags/subdag.py
[2023-06-14T14:56:47.514+0000] {processor.py:838} WARNING - No viable dags retrieved from /usr/local/lib/python3.8/dist-packages/airflow/example_dags/subdags/subdag.py
[2023-06-14T14:56:47.526+0000] {processor.py:179} INFO - Processing /usr/local/lib/python3.8/dist-packages/airflow/example_dags/subdags/subdag.py took 0.021 seconds
[2023-06-14T14:57:36.352+0000] {processor.py:157} INFO - Started process (PID=11124) to work on /usr/local/lib/python3.8/dist-packages/airflow/example_dags/subdags/subdag.py
[2023-06-14T14:57:36.354+0000] {processor.py:826} INFO - Processing file /usr/local/lib/python3.8/dist-packages/airflow/example_dags/subdags/subdag.py for tasks to queue
[2023-06-14T14:57:36.356+0000] {logging_mixin.py:149} INFO - [2023-06-14T14:57:36.356+0000] {dagbag.py:541} INFO - Filling up the DagBag from /usr/local/lib/python3.8/dist-packages/airflow/example_dags/subdags/subdag.py
[2023-06-14T14:57:36.358+0000] {processor.py:838} WARNING - No viable dags retrieved from /usr/local/lib/python3.8/dist-packages/airflow/example_dags/subdags/subdag.py
[2023-06-14T14:57:36.370+0000] {processor.py:179} INFO - Processing /usr/local/lib/python3.8/dist-packages/airflow/example_dags/subdags/subdag.py took 0.021 seconds
[2023-06-14T14:58:29.287+0000] {processor.py:157} INFO - Started process (PID=11280) to work on /usr/local/lib/python3.8/dist-packages/airflow/example_dags/subdags/subdag.py
[2023-06-14T14:58:29.288+0000] {processor.py:826} INFO - Processing file /usr/local/lib/python3.8/dist-packages/airflow/example_dags/subdags/subdag.py for tasks to queue
[2023-06-14T14:58:29.291+0000] {logging_mixin.py:149} INFO - [2023-06-14T14:58:29.291+0000] {dagbag.py:541} INFO - Filling up the DagBag from /usr/local/lib/python3.8/dist-packages/airflow/example_dags/subdags/subdag.py
[2023-06-14T14:58:29.293+0000] {processor.py:838} WARNING - No viable dags retrieved from /usr/local/lib/python3.8/dist-packages/airflow/example_dags/subdags/subdag.py
[2023-06-14T14:58:29.304+0000] {processor.py:179} INFO - Processing /usr/local/lib/python3.8/dist-packages/airflow/example_dags/subdags/subdag.py took 0.022 seconds
[2023-06-14T14:59:15.844+0000] {processor.py:157} INFO - Started process (PID=11535) to work on /usr/local/lib/python3.8/dist-packages/airflow/example_dags/subdags/subdag.py
[2023-06-14T14:59:15.845+0000] {processor.py:826} INFO - Processing file /usr/local/lib/python3.8/dist-packages/airflow/example_dags/subdags/subdag.py for tasks to queue
[2023-06-14T14:59:15.848+0000] {logging_mixin.py:149} INFO - [2023-06-14T14:59:15.848+0000] {dagbag.py:541} INFO - Filling up the DagBag from /usr/local/lib/python3.8/dist-packages/airflow/example_dags/subdags/subdag.py
[2023-06-14T14:59:15.850+0000] {processor.py:838} WARNING - No viable dags retrieved from /usr/local/lib/python3.8/dist-packages/airflow/example_dags/subdags/subdag.py
[2023-06-14T14:59:15.861+0000] {processor.py:179} INFO - Processing /usr/local/lib/python3.8/dist-packages/airflow/example_dags/subdags/subdag.py took 0.021 seconds
[2023-06-14T15:00:01.363+0000] {processor.py:157} INFO - Started process (PID=11686) to work on /usr/local/lib/python3.8/dist-packages/airflow/example_dags/subdags/subdag.py
[2023-06-14T15:00:01.365+0000] {processor.py:826} INFO - Processing file /usr/local/lib/python3.8/dist-packages/airflow/example_dags/subdags/subdag.py for tasks to queue
[2023-06-14T15:00:01.367+0000] {logging_mixin.py:149} INFO - [2023-06-14T15:00:01.367+0000] {dagbag.py:541} INFO - Filling up the DagBag from /usr/local/lib/python3.8/dist-packages/airflow/example_dags/subdags/subdag.py
[2023-06-14T15:00:01.369+0000] {processor.py:838} WARNING - No viable dags retrieved from /usr/local/lib/python3.8/dist-packages/airflow/example_dags/subdags/subdag.py
[2023-06-14T15:00:01.381+0000] {processor.py:179} INFO - Processing /usr/local/lib/python3.8/dist-packages/airflow/example_dags/subdags/subdag.py took 0.021 seconds
[2023-06-14T15:00:53.038+0000] {processor.py:157} INFO - Started process (PID=11842) to work on /usr/local/lib/python3.8/dist-packages/airflow/example_dags/subdags/subdag.py
[2023-06-14T15:00:53.039+0000] {processor.py:826} INFO - Processing file /usr/local/lib/python3.8/dist-packages/airflow/example_dags/subdags/subdag.py for tasks to queue
[2023-06-14T15:00:53.041+0000] {logging_mixin.py:149} INFO - [2023-06-14T15:00:53.041+0000] {dagbag.py:541} INFO - Filling up the DagBag from /usr/local/lib/python3.8/dist-packages/airflow/example_dags/subdags/subdag.py
[2023-06-14T15:00:53.043+0000] {processor.py:838} WARNING - No viable dags retrieved from /usr/local/lib/python3.8/dist-packages/airflow/example_dags/subdags/subdag.py
[2023-06-14T15:00:53.058+0000] {processor.py:179} INFO - Processing /usr/local/lib/python3.8/dist-packages/airflow/example_dags/subdags/subdag.py took 0.024 seconds
[2023-06-14T15:01:45.276+0000] {processor.py:157} INFO - Started process (PID=11896) to work on /usr/local/lib/python3.8/dist-packages/airflow/example_dags/subdags/subdag.py
[2023-06-14T15:01:45.277+0000] {processor.py:826} INFO - Processing file /usr/local/lib/python3.8/dist-packages/airflow/example_dags/subdags/subdag.py for tasks to queue
[2023-06-14T15:01:45.280+0000] {logging_mixin.py:149} INFO - [2023-06-14T15:01:45.280+0000] {dagbag.py:541} INFO - Filling up the DagBag from /usr/local/lib/python3.8/dist-packages/airflow/example_dags/subdags/subdag.py
[2023-06-14T15:01:45.282+0000] {processor.py:838} WARNING - No viable dags retrieved from /usr/local/lib/python3.8/dist-packages/airflow/example_dags/subdags/subdag.py
[2023-06-14T15:01:45.294+0000] {processor.py:179} INFO - Processing /usr/local/lib/python3.8/dist-packages/airflow/example_dags/subdags/subdag.py took 0.022 seconds
[2023-06-14T15:02:34.229+0000] {processor.py:157} INFO - Started process (PID=12058) to work on /usr/local/lib/python3.8/dist-packages/airflow/example_dags/subdags/subdag.py
[2023-06-14T15:02:34.230+0000] {processor.py:826} INFO - Processing file /usr/local/lib/python3.8/dist-packages/airflow/example_dags/subdags/subdag.py for tasks to queue
[2023-06-14T15:02:34.232+0000] {logging_mixin.py:149} INFO - [2023-06-14T15:02:34.232+0000] {dagbag.py:541} INFO - Filling up the DagBag from /usr/local/lib/python3.8/dist-packages/airflow/example_dags/subdags/subdag.py
[2023-06-14T15:02:34.234+0000] {processor.py:838} WARNING - No viable dags retrieved from /usr/local/lib/python3.8/dist-packages/airflow/example_dags/subdags/subdag.py
[2023-06-14T15:02:34.246+0000] {processor.py:179} INFO - Processing /usr/local/lib/python3.8/dist-packages/airflow/example_dags/subdags/subdag.py took 0.021 seconds
[2023-06-14T15:03:25.731+0000] {processor.py:157} INFO - Started process (PID=12316) to work on /usr/local/lib/python3.8/dist-packages/airflow/example_dags/subdags/subdag.py
[2023-06-14T15:03:25.732+0000] {processor.py:826} INFO - Processing file /usr/local/lib/python3.8/dist-packages/airflow/example_dags/subdags/subdag.py for tasks to queue
[2023-06-14T15:03:25.734+0000] {logging_mixin.py:149} INFO - [2023-06-14T15:03:25.734+0000] {dagbag.py:541} INFO - Filling up the DagBag from /usr/local/lib/python3.8/dist-packages/airflow/example_dags/subdags/subdag.py
[2023-06-14T15:03:25.736+0000] {processor.py:838} WARNING - No viable dags retrieved from /usr/local/lib/python3.8/dist-packages/airflow/example_dags/subdags/subdag.py
[2023-06-14T15:03:25.748+0000] {processor.py:179} INFO - Processing /usr/local/lib/python3.8/dist-packages/airflow/example_dags/subdags/subdag.py took 0.022 seconds
[2023-06-14T15:04:17.375+0000] {processor.py:157} INFO - Started process (PID=12576) to work on /usr/local/lib/python3.8/dist-packages/airflow/example_dags/subdags/subdag.py
[2023-06-14T15:04:17.376+0000] {processor.py:826} INFO - Processing file /usr/local/lib/python3.8/dist-packages/airflow/example_dags/subdags/subdag.py for tasks to queue
[2023-06-14T15:04:17.378+0000] {logging_mixin.py:149} INFO - [2023-06-14T15:04:17.378+0000] {dagbag.py:541} INFO - Filling up the DagBag from /usr/local/lib/python3.8/dist-packages/airflow/example_dags/subdags/subdag.py
[2023-06-14T15:04:17.380+0000] {processor.py:838} WARNING - No viable dags retrieved from /usr/local/lib/python3.8/dist-packages/airflow/example_dags/subdags/subdag.py
[2023-06-14T15:04:17.392+0000] {processor.py:179} INFO - Processing /usr/local/lib/python3.8/dist-packages/airflow/example_dags/subdags/subdag.py took 0.021 seconds
[2023-06-14T15:05:10.452+0000] {processor.py:157} INFO - Started process (PID=12949) to work on /usr/local/lib/python3.8/dist-packages/airflow/example_dags/subdags/subdag.py
[2023-06-14T15:05:10.455+0000] {processor.py:826} INFO - Processing file /usr/local/lib/python3.8/dist-packages/airflow/example_dags/subdags/subdag.py for tasks to queue
[2023-06-14T15:05:10.457+0000] {logging_mixin.py:149} INFO - [2023-06-14T15:05:10.457+0000] {dagbag.py:541} INFO - Filling up the DagBag from /usr/local/lib/python3.8/dist-packages/airflow/example_dags/subdags/subdag.py
[2023-06-14T15:05:10.459+0000] {processor.py:838} WARNING - No viable dags retrieved from /usr/local/lib/python3.8/dist-packages/airflow/example_dags/subdags/subdag.py
[2023-06-14T15:05:10.471+0000] {processor.py:179} INFO - Processing /usr/local/lib/python3.8/dist-packages/airflow/example_dags/subdags/subdag.py took 0.023 seconds
[2023-06-14T15:06:08.504+0000] {processor.py:157} INFO - Started process (PID=13129) to work on /usr/local/lib/python3.8/dist-packages/airflow/example_dags/subdags/subdag.py
[2023-06-14T15:06:08.506+0000] {processor.py:826} INFO - Processing file /usr/local/lib/python3.8/dist-packages/airflow/example_dags/subdags/subdag.py for tasks to queue
[2023-06-14T15:06:08.508+0000] {logging_mixin.py:149} INFO - [2023-06-14T15:06:08.508+0000] {dagbag.py:541} INFO - Filling up the DagBag from /usr/local/lib/python3.8/dist-packages/airflow/example_dags/subdags/subdag.py
[2023-06-14T15:06:08.510+0000] {processor.py:838} WARNING - No viable dags retrieved from /usr/local/lib/python3.8/dist-packages/airflow/example_dags/subdags/subdag.py
[2023-06-14T15:06:08.522+0000] {processor.py:179} INFO - Processing /usr/local/lib/python3.8/dist-packages/airflow/example_dags/subdags/subdag.py took 0.021 seconds
[2023-06-14T15:06:59.492+0000] {processor.py:157} INFO - Started process (PID=13389) to work on /usr/local/lib/python3.8/dist-packages/airflow/example_dags/subdags/subdag.py
[2023-06-14T15:06:59.494+0000] {processor.py:826} INFO - Processing file /usr/local/lib/python3.8/dist-packages/airflow/example_dags/subdags/subdag.py for tasks to queue
[2023-06-14T15:06:59.496+0000] {logging_mixin.py:149} INFO - [2023-06-14T15:06:59.496+0000] {dagbag.py:541} INFO - Filling up the DagBag from /usr/local/lib/python3.8/dist-packages/airflow/example_dags/subdags/subdag.py
[2023-06-14T15:06:59.498+0000] {processor.py:838} WARNING - No viable dags retrieved from /usr/local/lib/python3.8/dist-packages/airflow/example_dags/subdags/subdag.py
[2023-06-14T15:06:59.510+0000] {processor.py:179} INFO - Processing /usr/local/lib/python3.8/dist-packages/airflow/example_dags/subdags/subdag.py took 0.022 seconds
[2023-06-14T15:07:50.415+0000] {processor.py:157} INFO - Started process (PID=13455) to work on /usr/local/lib/python3.8/dist-packages/airflow/example_dags/subdags/subdag.py
[2023-06-14T15:07:50.416+0000] {processor.py:826} INFO - Processing file /usr/local/lib/python3.8/dist-packages/airflow/example_dags/subdags/subdag.py for tasks to queue
[2023-06-14T15:07:50.418+0000] {logging_mixin.py:149} INFO - [2023-06-14T15:07:50.418+0000] {dagbag.py:541} INFO - Filling up the DagBag from /usr/local/lib/python3.8/dist-packages/airflow/example_dags/subdags/subdag.py
[2023-06-14T15:07:50.420+0000] {processor.py:838} WARNING - No viable dags retrieved from /usr/local/lib/python3.8/dist-packages/airflow/example_dags/subdags/subdag.py
[2023-06-14T15:07:50.432+0000] {processor.py:179} INFO - Processing /usr/local/lib/python3.8/dist-packages/airflow/example_dags/subdags/subdag.py took 0.021 seconds
[2023-06-14T15:08:40.507+0000] {processor.py:157} INFO - Started process (PID=13610) to work on /usr/local/lib/python3.8/dist-packages/airflow/example_dags/subdags/subdag.py
[2023-06-14T15:08:40.508+0000] {processor.py:826} INFO - Processing file /usr/local/lib/python3.8/dist-packages/airflow/example_dags/subdags/subdag.py for tasks to queue
[2023-06-14T15:08:40.510+0000] {logging_mixin.py:149} INFO - [2023-06-14T15:08:40.510+0000] {dagbag.py:541} INFO - Filling up the DagBag from /usr/local/lib/python3.8/dist-packages/airflow/example_dags/subdags/subdag.py
[2023-06-14T15:08:40.512+0000] {processor.py:838} WARNING - No viable dags retrieved from /usr/local/lib/python3.8/dist-packages/airflow/example_dags/subdags/subdag.py
[2023-06-14T15:08:40.524+0000] {processor.py:179} INFO - Processing /usr/local/lib/python3.8/dist-packages/airflow/example_dags/subdags/subdag.py took 0.021 seconds
[2023-06-14T15:09:28.229+0000] {processor.py:157} INFO - Started process (PID=13865) to work on /usr/local/lib/python3.8/dist-packages/airflow/example_dags/subdags/subdag.py
[2023-06-14T15:09:28.230+0000] {processor.py:826} INFO - Processing file /usr/local/lib/python3.8/dist-packages/airflow/example_dags/subdags/subdag.py for tasks to queue
[2023-06-14T15:09:28.233+0000] {logging_mixin.py:149} INFO - [2023-06-14T15:09:28.233+0000] {dagbag.py:541} INFO - Filling up the DagBag from /usr/local/lib/python3.8/dist-packages/airflow/example_dags/subdags/subdag.py
[2023-06-14T15:09:28.235+0000] {processor.py:838} WARNING - No viable dags retrieved from /usr/local/lib/python3.8/dist-packages/airflow/example_dags/subdags/subdag.py
[2023-06-14T15:09:28.246+0000] {processor.py:179} INFO - Processing /usr/local/lib/python3.8/dist-packages/airflow/example_dags/subdags/subdag.py took 0.022 seconds
[2023-06-14T15:10:21.103+0000] {processor.py:157} INFO - Started process (PID=14020) to work on /usr/local/lib/python3.8/dist-packages/airflow/example_dags/subdags/subdag.py
[2023-06-14T15:10:21.105+0000] {processor.py:826} INFO - Processing file /usr/local/lib/python3.8/dist-packages/airflow/example_dags/subdags/subdag.py for tasks to queue
[2023-06-14T15:10:21.107+0000] {logging_mixin.py:149} INFO - [2023-06-14T15:10:21.107+0000] {dagbag.py:541} INFO - Filling up the DagBag from /usr/local/lib/python3.8/dist-packages/airflow/example_dags/subdags/subdag.py
[2023-06-14T15:10:21.109+0000] {processor.py:838} WARNING - No viable dags retrieved from /usr/local/lib/python3.8/dist-packages/airflow/example_dags/subdags/subdag.py
[2023-06-14T15:10:21.121+0000] {processor.py:179} INFO - Processing /usr/local/lib/python3.8/dist-packages/airflow/example_dags/subdags/subdag.py took 0.021 seconds
[2023-06-14T15:11:08.166+0000] {processor.py:157} INFO - Started process (PID=14175) to work on /usr/local/lib/python3.8/dist-packages/airflow/example_dags/subdags/subdag.py
[2023-06-14T15:11:08.167+0000] {processor.py:826} INFO - Processing file /usr/local/lib/python3.8/dist-packages/airflow/example_dags/subdags/subdag.py for tasks to queue
[2023-06-14T15:11:08.170+0000] {logging_mixin.py:149} INFO - [2023-06-14T15:11:08.169+0000] {dagbag.py:541} INFO - Filling up the DagBag from /usr/local/lib/python3.8/dist-packages/airflow/example_dags/subdags/subdag.py
[2023-06-14T15:11:08.171+0000] {processor.py:838} WARNING - No viable dags retrieved from /usr/local/lib/python3.8/dist-packages/airflow/example_dags/subdags/subdag.py
[2023-06-14T15:11:08.183+0000] {processor.py:179} INFO - Processing /usr/local/lib/python3.8/dist-packages/airflow/example_dags/subdags/subdag.py took 0.021 seconds
[2023-06-14T15:11:58.012+0000] {processor.py:157} INFO - Started process (PID=14327) to work on /usr/local/lib/python3.8/dist-packages/airflow/example_dags/subdags/subdag.py
[2023-06-14T15:11:58.014+0000] {processor.py:826} INFO - Processing file /usr/local/lib/python3.8/dist-packages/airflow/example_dags/subdags/subdag.py for tasks to queue
[2023-06-14T15:11:58.016+0000] {logging_mixin.py:149} INFO - [2023-06-14T15:11:58.016+0000] {dagbag.py:541} INFO - Filling up the DagBag from /usr/local/lib/python3.8/dist-packages/airflow/example_dags/subdags/subdag.py
[2023-06-14T15:11:58.018+0000] {processor.py:838} WARNING - No viable dags retrieved from /usr/local/lib/python3.8/dist-packages/airflow/example_dags/subdags/subdag.py
[2023-06-14T15:11:58.030+0000] {processor.py:179} INFO - Processing /usr/local/lib/python3.8/dist-packages/airflow/example_dags/subdags/subdag.py took 0.022 seconds
[2023-06-14T15:12:48.889+0000] {processor.py:157} INFO - Started process (PID=14385) to work on /usr/local/lib/python3.8/dist-packages/airflow/example_dags/subdags/subdag.py
[2023-06-14T15:12:48.890+0000] {processor.py:826} INFO - Processing file /usr/local/lib/python3.8/dist-packages/airflow/example_dags/subdags/subdag.py for tasks to queue
[2023-06-14T15:12:48.893+0000] {logging_mixin.py:149} INFO - [2023-06-14T15:12:48.893+0000] {dagbag.py:541} INFO - Filling up the DagBag from /usr/local/lib/python3.8/dist-packages/airflow/example_dags/subdags/subdag.py
[2023-06-14T15:12:48.895+0000] {processor.py:838} WARNING - No viable dags retrieved from /usr/local/lib/python3.8/dist-packages/airflow/example_dags/subdags/subdag.py
[2023-06-14T15:12:48.906+0000] {processor.py:179} INFO - Processing /usr/local/lib/python3.8/dist-packages/airflow/example_dags/subdags/subdag.py took 0.021 seconds
[2023-06-14T15:13:41.133+0000] {processor.py:157} INFO - Started process (PID=14541) to work on /usr/local/lib/python3.8/dist-packages/airflow/example_dags/subdags/subdag.py
[2023-06-14T15:13:41.135+0000] {processor.py:826} INFO - Processing file /usr/local/lib/python3.8/dist-packages/airflow/example_dags/subdags/subdag.py for tasks to queue
[2023-06-14T15:13:41.137+0000] {logging_mixin.py:149} INFO - [2023-06-14T15:13:41.137+0000] {dagbag.py:541} INFO - Filling up the DagBag from /usr/local/lib/python3.8/dist-packages/airflow/example_dags/subdags/subdag.py
[2023-06-14T15:13:41.139+0000] {processor.py:838} WARNING - No viable dags retrieved from /usr/local/lib/python3.8/dist-packages/airflow/example_dags/subdags/subdag.py
[2023-06-14T15:13:41.151+0000] {processor.py:179} INFO - Processing /usr/local/lib/python3.8/dist-packages/airflow/example_dags/subdags/subdag.py took 0.022 seconds
[2023-06-14T15:14:29.679+0000] {processor.py:157} INFO - Started process (PID=14799) to work on /usr/local/lib/python3.8/dist-packages/airflow/example_dags/subdags/subdag.py
[2023-06-14T15:14:29.680+0000] {processor.py:826} INFO - Processing file /usr/local/lib/python3.8/dist-packages/airflow/example_dags/subdags/subdag.py for tasks to queue
[2023-06-14T15:14:29.683+0000] {logging_mixin.py:149} INFO - [2023-06-14T15:14:29.683+0000] {dagbag.py:541} INFO - Filling up the DagBag from /usr/local/lib/python3.8/dist-packages/airflow/example_dags/subdags/subdag.py
[2023-06-14T15:14:29.685+0000] {processor.py:838} WARNING - No viable dags retrieved from /usr/local/lib/python3.8/dist-packages/airflow/example_dags/subdags/subdag.py
[2023-06-14T15:14:29.697+0000] {processor.py:179} INFO - Processing /usr/local/lib/python3.8/dist-packages/airflow/example_dags/subdags/subdag.py took 0.022 seconds
[2023-06-14T15:15:20.571+0000] {processor.py:157} INFO - Started process (PID=14953) to work on /usr/local/lib/python3.8/dist-packages/airflow/example_dags/subdags/subdag.py
[2023-06-14T15:15:20.573+0000] {processor.py:826} INFO - Processing file /usr/local/lib/python3.8/dist-packages/airflow/example_dags/subdags/subdag.py for tasks to queue
[2023-06-14T15:15:20.575+0000] {logging_mixin.py:149} INFO - [2023-06-14T15:15:20.575+0000] {dagbag.py:541} INFO - Filling up the DagBag from /usr/local/lib/python3.8/dist-packages/airflow/example_dags/subdags/subdag.py
[2023-06-14T15:15:20.577+0000] {processor.py:838} WARNING - No viable dags retrieved from /usr/local/lib/python3.8/dist-packages/airflow/example_dags/subdags/subdag.py
[2023-06-14T15:15:20.589+0000] {processor.py:179} INFO - Processing /usr/local/lib/python3.8/dist-packages/airflow/example_dags/subdags/subdag.py took 0.022 seconds
