[2023-06-20T20:36:00.354+0000] {taskinstance.py:1103} INFO - Dependencies all met for dep_context=non-requeueable deps ti=<TaskInstance: airflow_dbt.dbt_task.source.development.sales_stage.orders manual__2023-06-20T20:35:53.493417+00:00 [queued]>
[2023-06-20T20:36:00.362+0000] {taskinstance.py:1103} INFO - Dependencies all met for dep_context=requeueable deps ti=<TaskInstance: airflow_dbt.dbt_task.source.development.sales_stage.orders manual__2023-06-20T20:35:53.493417+00:00 [queued]>
[2023-06-20T20:36:00.362+0000] {taskinstance.py:1308} INFO - Starting attempt 1 of 1
[2023-06-20T20:36:00.384+0000] {taskinstance.py:1327} INFO - Executing <Task(BashOperator): dbt_task.source.development.sales_stage.orders> on 2023-06-20 20:35:53.493417+00:00
[2023-06-20T20:36:00.388+0000] {standard_task_runner.py:57} INFO - Started process 21368 to run task
[2023-06-20T20:36:00.392+0000] {standard_task_runner.py:84} INFO - Running: ['airflow', 'tasks', 'run', 'airflow_dbt', 'dbt_task.source.development.sales_stage.orders', 'manual__2023-06-20T20:35:53.493417+00:00', '--job-id', '182', '--raw', '--subdir', 'DAGS_FOLDER/dbt_dag.py', '--cfg-path', '/tmp/tmpzszbijba']
[2023-06-20T20:36:00.393+0000] {standard_task_runner.py:85} INFO - Job 182: Subtask dbt_task.source.development.sales_stage.orders
[2023-06-20T20:36:00.446+0000] {task_command.py:410} INFO - Running <TaskInstance: airflow_dbt.dbt_task.source.development.sales_stage.orders manual__2023-06-20T20:35:53.493417+00:00 [running]> on host ubuntu.thbnzb0d3dmuziyfg2t53bofqb.tx.internal.cloudapp.net
[2023-06-20T20:36:00.662+0000] {taskinstance.py:1545} INFO - Exporting env vars: AIRFLOW_CTX_DAG_OWNER='airflow' AIRFLOW_CTX_DAG_ID='airflow_dbt' AIRFLOW_CTX_TASK_ID='dbt_task.source.development.sales_stage.orders' AIRFLOW_CTX_EXECUTION_DATE='2023-06-20T20:35:53.493417+00:00' AIRFLOW_CTX_TRY_NUMBER='1' AIRFLOW_CTX_DAG_RUN_ID='manual__2023-06-20T20:35:53.493417+00:00'
[2023-06-20T20:36:00.664+0000] {subprocess.py:63} INFO - Tmp dir root location: 
 /tmp
[2023-06-20T20:36:00.664+0000] {subprocess.py:75} INFO - Running command: ['/usr/bin/bash', '-c', 'cd /home/satyam/airflow/dags/dbt/ && dbt run --models bronze_orders']
[2023-06-20T20:36:00.671+0000] {subprocess.py:86} INFO - Output:
[2023-06-20T20:36:03.075+0000] {subprocess.py:93} INFO - [0m20:36:03  Running with dbt=1.5.1
[2023-06-20T20:36:03.468+0000] {subprocess.py:93} INFO - [0m20:36:03  [[33mWARNING[0m]: Configuration paths exist in your dbt_project.yml file which do not apply to any resources.
[2023-06-20T20:36:03.468+0000] {subprocess.py:93} INFO - There are 3 unused configuration paths:
[2023-06-20T20:36:03.468+0000] {subprocess.py:93} INFO - - models.development.staging
[2023-06-20T20:36:03.468+0000] {subprocess.py:93} INFO - - models.development.intermediate
[2023-06-20T20:36:03.468+0000] {subprocess.py:93} INFO - - models.development.bronze
[2023-06-20T20:36:03.485+0000] {subprocess.py:93} INFO - [0m20:36:03  Found 7 models, 0 tests, 0 snapshots, 0 analyses, 321 macros, 0 operations, 0 seed files, 4 sources, 0 exposures, 0 metrics, 0 groups
[2023-06-20T20:36:03.488+0000] {subprocess.py:93} INFO - [0m20:36:03
[2023-06-20T20:36:05.344+0000] {subprocess.py:93} INFO - [0m20:36:05  Concurrency: 1 threads (target='dev')
[2023-06-20T20:36:05.344+0000] {subprocess.py:93} INFO - [0m20:36:05
[2023-06-20T20:36:05.349+0000] {subprocess.py:93} INFO - [0m20:36:05  1 of 1 START sql view model final_sales.bronze_orders .......................... [RUN]
[2023-06-20T20:36:05.884+0000] {subprocess.py:93} INFO - [0m20:36:05  1 of 1 OK created sql view model final_sales.bronze_orders ..................... [[32mSUCCESS 1[0m in 0.53s]
[2023-06-20T20:36:05.888+0000] {subprocess.py:93} INFO - [0m20:36:05
[2023-06-20T20:36:05.889+0000] {subprocess.py:93} INFO - [0m20:36:05  Finished running 1 view model in 0 hours 0 minutes and 2.40 seconds (2.40s).
[2023-06-20T20:36:05.898+0000] {subprocess.py:93} INFO - [0m20:36:05
[2023-06-20T20:36:05.898+0000] {subprocess.py:93} INFO - [0m20:36:05  [32mCompleted successfully[0m
[2023-06-20T20:36:05.899+0000] {subprocess.py:93} INFO - [0m20:36:05
[2023-06-20T20:36:05.900+0000] {subprocess.py:93} INFO - [0m20:36:05  Done. PASS=1 WARN=0 ERROR=0 SKIP=0 TOTAL=1
[2023-06-20T20:36:07.131+0000] {subprocess.py:97} INFO - Command exited with return code 0
[2023-06-20T20:36:07.163+0000] {taskinstance.py:1345} INFO - Marking task as SUCCESS. dag_id=airflow_dbt, task_id=dbt_task.source.development.sales_stage.orders, execution_date=20230620T203553, start_date=20230620T203600, end_date=20230620T203607
[2023-06-20T20:36:07.216+0000] {local_task_job_runner.py:225} INFO - Task exited with return code 0
[2023-06-20T20:36:07.338+0000] {taskinstance.py:2651} INFO - 1 downstream tasks scheduled from follow-on schedule check
