[2023-06-22T11:36:20.289+0000] {taskinstance.py:1103} INFO - Dependencies all met for dep_context=non-requeueable deps ti=<TaskInstance: airflow_dbt.wait_for_blob manual__2023-06-22T11:36:16.320737+00:00 [queued]>
[2023-06-22T11:36:20.295+0000] {taskinstance.py:1103} INFO - Dependencies all met for dep_context=requeueable deps ti=<TaskInstance: airflow_dbt.wait_for_blob manual__2023-06-22T11:36:16.320737+00:00 [queued]>
[2023-06-22T11:36:20.295+0000] {taskinstance.py:1308} INFO - Starting attempt 1 of 1
[2023-06-22T11:36:20.329+0000] {taskinstance.py:1327} INFO - Executing <Task(WasbBlobSensor): wait_for_blob> on 2023-06-22 11:36:16.320737+00:00
[2023-06-22T11:36:20.333+0000] {standard_task_runner.py:57} INFO - Started process 80326 to run task
[2023-06-22T11:36:20.338+0000] {standard_task_runner.py:84} INFO - Running: ['airflow', 'tasks', 'run', 'airflow_dbt', 'wait_for_blob', 'manual__2023-06-22T11:36:16.320737+00:00', '--job-id', '215', '--raw', '--subdir', 'DAGS_FOLDER/dbt_dag.py', '--cfg-path', '/tmp/tmpm6kb1pfv']
[2023-06-22T11:36:20.338+0000] {standard_task_runner.py:85} INFO - Job 215: Subtask wait_for_blob
[2023-06-22T11:36:20.405+0000] {task_command.py:410} INFO - Running <TaskInstance: airflow_dbt.wait_for_blob manual__2023-06-22T11:36:16.320737+00:00 [running]> on host ubuntu.thbnzb0d3dmuziyfg2t53bofqb.tx.internal.cloudapp.net
[2023-06-22T11:36:20.668+0000] {taskinstance.py:1545} INFO - Exporting env vars: AIRFLOW_CTX_DAG_OWNER='airflow' AIRFLOW_CTX_DAG_ID='airflow_dbt' AIRFLOW_CTX_TASK_ID='wait_for_blob' AIRFLOW_CTX_EXECUTION_DATE='2023-06-22T11:36:16.320737+00:00' AIRFLOW_CTX_TRY_NUMBER='1' AIRFLOW_CTX_DAG_RUN_ID='manual__2023-06-22T11:36:16.320737+00:00'
[2023-06-22T11:36:20.669+0000] {wasb.py:70} INFO - Poking for blob: trigger.txt
 in wasb://input
[2023-06-22T11:36:20.673+0000] {base.py:73} INFO - Using connection ID 'azure_blob' for task execution.
[2023-06-22T11:37:20.919+0000] {wasb.py:70} INFO - Poking for blob: trigger.txt
 in wasb://input
[2023-06-22T11:37:20.922+0000] {base.py:73} INFO - Using connection ID 'azure_blob' for task execution.
[2023-06-22T11:38:21.191+0000] {wasb.py:70} INFO - Poking for blob: trigger.txt
 in wasb://input
[2023-06-22T11:38:21.194+0000] {base.py:73} INFO - Using connection ID 'azure_blob' for task execution.
[2023-06-22T11:39:21.432+0000] {wasb.py:70} INFO - Poking for blob: trigger.txt
 in wasb://input
[2023-06-22T11:39:21.435+0000] {base.py:73} INFO - Using connection ID 'azure_blob' for task execution.
[2023-06-22T11:40:21.679+0000] {wasb.py:70} INFO - Poking for blob: trigger.txt
 in wasb://input
[2023-06-22T11:40:21.681+0000] {base.py:73} INFO - Using connection ID 'azure_blob' for task execution.
[2023-06-22T11:41:21.940+0000] {wasb.py:70} INFO - Poking for blob: trigger.txt
 in wasb://input
[2023-06-22T11:41:21.943+0000] {base.py:73} INFO - Using connection ID 'azure_blob' for task execution.
[2023-06-22T11:41:22.138+0000] {base.py:255} INFO - Success criteria met. Exiting.
[2023-06-22T11:41:22.151+0000] {taskinstance.py:1345} INFO - Marking task as SUCCESS. dag_id=airflow_dbt, task_id=wait_for_blob, execution_date=20230622T113616, start_date=20230622T113620, end_date=20230622T114122
[2023-06-22T11:41:22.228+0000] {local_task_job_runner.py:225} INFO - Task exited with return code 0
[2023-06-22T11:41:22.367+0000] {taskinstance.py:2651} INFO - 4 downstream tasks scheduled from follow-on schedule check
