[2023-06-23T14:52:14.336+0000] {taskinstance.py:1103} INFO - Dependencies all met for dep_context=non-requeueable deps ti=<TaskInstance: airflow_dbt.dbt_task.source.development.sales_stage.orders manual__2023-06-23T14:52:06.867856+00:00 [queued]>
[2023-06-23T14:52:14.344+0000] {taskinstance.py:1103} INFO - Dependencies all met for dep_context=requeueable deps ti=<TaskInstance: airflow_dbt.dbt_task.source.development.sales_stage.orders manual__2023-06-23T14:52:06.867856+00:00 [queued]>
[2023-06-23T14:52:14.344+0000] {taskinstance.py:1308} INFO - Starting attempt 1 of 1
[2023-06-23T14:52:14.368+0000] {taskinstance.py:1327} INFO - Executing <Task(BashOperator): dbt_task.source.development.sales_stage.orders> on 2023-06-23 14:52:06.867856+00:00
[2023-06-23T14:52:14.373+0000] {standard_task_runner.py:57} INFO - Started process 20115 to run task
[2023-06-23T14:52:14.377+0000] {standard_task_runner.py:84} INFO - Running: ['airflow', 'tasks', 'run', 'airflow_dbt', 'dbt_task.source.development.sales_stage.orders', 'manual__2023-06-23T14:52:06.867856+00:00', '--job-id', '250', '--raw', '--subdir', 'DAGS_FOLDER/dbt_dag.py', '--cfg-path', '/tmp/tmp5ba2fqm5']
[2023-06-23T14:52:14.378+0000] {standard_task_runner.py:85} INFO - Job 250: Subtask dbt_task.source.development.sales_stage.orders
[2023-06-23T14:52:14.431+0000] {task_command.py:410} INFO - Running <TaskInstance: airflow_dbt.dbt_task.source.development.sales_stage.orders manual__2023-06-23T14:52:06.867856+00:00 [running]> on host ubuntu.thbnzb0d3dmuziyfg2t53bofqb.tx.internal.cloudapp.net
[2023-06-23T14:52:14.709+0000] {taskinstance.py:1545} INFO - Exporting env vars: AIRFLOW_CTX_DAG_OWNER='airflow' AIRFLOW_CTX_DAG_ID='airflow_dbt' AIRFLOW_CTX_TASK_ID='dbt_task.source.development.sales_stage.orders' AIRFLOW_CTX_EXECUTION_DATE='2023-06-23T14:52:06.867856+00:00' AIRFLOW_CTX_TRY_NUMBER='1' AIRFLOW_CTX_DAG_RUN_ID='manual__2023-06-23T14:52:06.867856+00:00'
[2023-06-23T14:52:14.710+0000] {subprocess.py:63} INFO - Tmp dir root location: 
 /tmp
[2023-06-23T14:52:14.710+0000] {subprocess.py:75} INFO - Running command: ['/usr/bin/bash', '-c', "cd /home/satyam/airflow/dags/dbt/ && dbt run --models bronze_orders --vars '{'run_time_stamp': DateTime(2023, 6, 23, 0, 0, 0, tzinfo=Timezone('Etc/UTC'))}'"]
[2023-06-23T14:52:14.718+0000] {subprocess.py:86} INFO - Output:
[2023-06-23T14:52:18.306+0000] {subprocess.py:93} INFO - [0m14:52:18  Running with dbt=1.5.1
[2023-06-23T14:52:19.405+0000] {subprocess.py:93} INFO - [0m14:52:19  Unable to do partial parsing because config vars, config profile, or config target have changed
[2023-06-23T14:52:20.642+0000] {subprocess.py:93} INFO - [0m14:52:20  [[33mWARNING[0m]: Configuration paths exist in your dbt_project.yml file which do not apply to any resources.
[2023-06-23T14:52:20.642+0000] {subprocess.py:93} INFO - There are 3 unused configuration paths:
[2023-06-23T14:52:20.642+0000] {subprocess.py:93} INFO - - models.development.intermediate
[2023-06-23T14:52:20.642+0000] {subprocess.py:93} INFO - - models.development.staging
[2023-06-23T14:52:20.642+0000] {subprocess.py:93} INFO - - models.development.bronze
[2023-06-23T14:52:20.663+0000] {subprocess.py:93} INFO - [0m14:52:20  Found 7 models, 0 tests, 0 snapshots, 0 analyses, 321 macros, 0 operations, 0 seed files, 4 sources, 0 exposures, 0 metrics, 0 groups
[2023-06-23T14:52:20.667+0000] {subprocess.py:93} INFO - [0m14:52:20
[2023-06-23T14:52:22.609+0000] {subprocess.py:93} INFO - [0m14:52:22  Concurrency: 1 threads (target='dev')
[2023-06-23T14:52:22.609+0000] {subprocess.py:93} INFO - [0m14:52:22
[2023-06-23T14:52:22.620+0000] {subprocess.py:93} INFO - [0m14:52:22  1 of 1 START sql incremental model final_sales.bronze_orders ................... [RUN]
[2023-06-23T14:52:25.517+0000] {subprocess.py:93} INFO - [0m14:52:25  1 of 1 OK created sql incremental model final_sales.bronze_orders .............. [[32mSUCCESS 10[0m in 2.90s]
[2023-06-23T14:52:25.522+0000] {subprocess.py:93} INFO - [0m14:52:25
[2023-06-23T14:52:25.523+0000] {subprocess.py:93} INFO - [0m14:52:25  Finished running 1 incremental model in 0 hours 0 minutes and 4.85 seconds (4.85s).
[2023-06-23T14:52:25.534+0000] {subprocess.py:93} INFO - [0m14:52:25
[2023-06-23T14:52:25.534+0000] {subprocess.py:93} INFO - [0m14:52:25  [32mCompleted successfully[0m
[2023-06-23T14:52:25.535+0000] {subprocess.py:93} INFO - [0m14:52:25
[2023-06-23T14:52:25.535+0000] {subprocess.py:93} INFO - [0m14:52:25  Done. PASS=1 WARN=0 ERROR=0 SKIP=0 TOTAL=1
[2023-06-23T14:52:26.871+0000] {subprocess.py:97} INFO - Command exited with return code 0
[2023-06-23T14:52:26.916+0000] {taskinstance.py:1345} INFO - Marking task as SUCCESS. dag_id=airflow_dbt, task_id=dbt_task.source.development.sales_stage.orders, execution_date=20230623T145206, start_date=20230623T145214, end_date=20230623T145226
[2023-06-23T14:52:26.993+0000] {local_task_job_runner.py:225} INFO - Task exited with return code 0
[2023-06-23T14:52:27.147+0000] {taskinstance.py:2651} INFO - 1 downstream tasks scheduled from follow-on schedule check
