[2023-06-20T20:37:21.438+0000] {taskinstance.py:1103} INFO - Dependencies all met for dep_context=non-requeueable deps ti=<TaskInstance: airflow_dbt.dbt_task.model.development.fct_payment_details manual__2023-06-20T20:35:53.493417+00:00 [queued]>
[2023-06-20T20:37:21.445+0000] {taskinstance.py:1103} INFO - Dependencies all met for dep_context=requeueable deps ti=<TaskInstance: airflow_dbt.dbt_task.model.development.fct_payment_details manual__2023-06-20T20:35:53.493417+00:00 [queued]>
[2023-06-20T20:37:21.445+0000] {taskinstance.py:1308} INFO - Starting attempt 1 of 1
[2023-06-20T20:37:21.474+0000] {taskinstance.py:1327} INFO - Executing <Task(BashOperator): dbt_task.model.development.fct_payment_details> on 2023-06-20 20:35:53.493417+00:00
[2023-06-20T20:37:21.478+0000] {standard_task_runner.py:57} INFO - Started process 22593 to run task
[2023-06-20T20:37:21.482+0000] {standard_task_runner.py:84} INFO - Running: ['airflow', 'tasks', 'run', 'airflow_dbt', 'dbt_task.model.development.fct_payment_details', 'manual__2023-06-20T20:35:53.493417+00:00', '--job-id', '191', '--raw', '--subdir', 'DAGS_FOLDER/dbt_dag.py', '--cfg-path', '/tmp/tmp8irqmq2y']
[2023-06-20T20:37:21.483+0000] {standard_task_runner.py:85} INFO - Job 191: Subtask dbt_task.model.development.fct_payment_details
[2023-06-20T20:37:21.532+0000] {task_command.py:410} INFO - Running <TaskInstance: airflow_dbt.dbt_task.model.development.fct_payment_details manual__2023-06-20T20:35:53.493417+00:00 [running]> on host ubuntu.thbnzb0d3dmuziyfg2t53bofqb.tx.internal.cloudapp.net
[2023-06-20T20:37:21.748+0000] {taskinstance.py:1545} INFO - Exporting env vars: AIRFLOW_CTX_DAG_OWNER='airflow' AIRFLOW_CTX_DAG_ID='airflow_dbt' AIRFLOW_CTX_TASK_ID='dbt_task.model.development.fct_payment_details' AIRFLOW_CTX_EXECUTION_DATE='2023-06-20T20:35:53.493417+00:00' AIRFLOW_CTX_TRY_NUMBER='1' AIRFLOW_CTX_DAG_RUN_ID='manual__2023-06-20T20:35:53.493417+00:00'
[2023-06-20T20:37:21.749+0000] {subprocess.py:63} INFO - Tmp dir root location: 
 /tmp
[2023-06-20T20:37:21.749+0000] {subprocess.py:75} INFO - Running command: ['/usr/bin/bash', '-c', 'cd /home/satyam/airflow/dags/dbt/ && dbt run --models fct_payment_details']
[2023-06-20T20:37:21.758+0000] {subprocess.py:86} INFO - Output:
[2023-06-20T20:37:24.150+0000] {subprocess.py:93} INFO - [0m20:37:24  Running with dbt=1.5.1
[2023-06-20T20:37:24.543+0000] {subprocess.py:93} INFO - [0m20:37:24  [[33mWARNING[0m]: Configuration paths exist in your dbt_project.yml file which do not apply to any resources.
[2023-06-20T20:37:24.543+0000] {subprocess.py:93} INFO - There are 3 unused configuration paths:
[2023-06-20T20:37:24.544+0000] {subprocess.py:93} INFO - - models.development.bronze
[2023-06-20T20:37:24.544+0000] {subprocess.py:93} INFO - - models.development.intermediate
[2023-06-20T20:37:24.544+0000] {subprocess.py:93} INFO - - models.development.staging
[2023-06-20T20:37:24.562+0000] {subprocess.py:93} INFO - [0m20:37:24  Found 7 models, 0 tests, 0 snapshots, 0 analyses, 321 macros, 0 operations, 0 seed files, 4 sources, 0 exposures, 0 metrics, 0 groups
[2023-06-20T20:37:24.564+0000] {subprocess.py:93} INFO - [0m20:37:24
[2023-06-20T20:37:25.779+0000] {subprocess.py:93} INFO - [0m20:37:25  Concurrency: 1 threads (target='dev')
[2023-06-20T20:37:25.780+0000] {subprocess.py:93} INFO - [0m20:37:25
[2023-06-20T20:37:25.786+0000] {subprocess.py:93} INFO - [0m20:37:25  1 of 1 START sql view model final_sales.fct_payment_details .................... [RUN]
[2023-06-20T20:37:26.444+0000] {subprocess.py:93} INFO - [0m20:37:26  1 of 1 OK created sql view model final_sales.fct_payment_details ............... [[32mSUCCESS 1[0m in 0.66s]
[2023-06-20T20:37:26.449+0000] {subprocess.py:93} INFO - [0m20:37:26
[2023-06-20T20:37:26.450+0000] {subprocess.py:93} INFO - [0m20:37:26  Finished running 1 view model in 0 hours 0 minutes and 1.88 seconds (1.88s).
[2023-06-20T20:37:26.460+0000] {subprocess.py:93} INFO - [0m20:37:26
[2023-06-20T20:37:26.461+0000] {subprocess.py:93} INFO - [0m20:37:26  [32mCompleted successfully[0m
[2023-06-20T20:37:26.461+0000] {subprocess.py:93} INFO - [0m20:37:26
[2023-06-20T20:37:26.462+0000] {subprocess.py:93} INFO - [0m20:37:26  Done. PASS=1 WARN=0 ERROR=0 SKIP=0 TOTAL=1
[2023-06-20T20:37:27.606+0000] {subprocess.py:97} INFO - Command exited with return code 0
[2023-06-20T20:37:27.637+0000] {taskinstance.py:1345} INFO - Marking task as SUCCESS. dag_id=airflow_dbt, task_id=dbt_task.model.development.fct_payment_details, execution_date=20230620T203553, start_date=20230620T203721, end_date=20230620T203727
[2023-06-20T20:37:27.698+0000] {local_task_job_runner.py:225} INFO - Task exited with return code 0
[2023-06-20T20:37:27.714+0000] {taskinstance.py:2651} INFO - 1 downstream tasks scheduled from follow-on schedule check
