[2023-06-22T04:37:24.596+0000] {taskinstance.py:1103} INFO - Dependencies all met for dep_context=non-requeueable deps ti=<TaskInstance: airflow_dbt.dbt_task.model.development.fct_payment_details manual__2023-06-22T04:35:46.763656+00:00 [queued]>
[2023-06-22T04:37:24.605+0000] {taskinstance.py:1103} INFO - Dependencies all met for dep_context=requeueable deps ti=<TaskInstance: airflow_dbt.dbt_task.model.development.fct_payment_details manual__2023-06-22T04:35:46.763656+00:00 [queued]>
[2023-06-22T04:37:24.605+0000] {taskinstance.py:1308} INFO - Starting attempt 1 of 1
[2023-06-22T04:37:24.637+0000] {taskinstance.py:1327} INFO - Executing <Task(BashOperator): dbt_task.model.development.fct_payment_details> on 2023-06-22 04:35:46.763656+00:00
[2023-06-22T04:37:24.641+0000] {standard_task_runner.py:57} INFO - Started process 6346 to run task
[2023-06-22T04:37:24.646+0000] {standard_task_runner.py:84} INFO - Running: ['airflow', 'tasks', 'run', 'airflow_dbt', 'dbt_task.model.development.fct_payment_details', 'manual__2023-06-22T04:35:46.763656+00:00', '--job-id', '207', '--raw', '--subdir', 'DAGS_FOLDER/dbt_dag.py', '--cfg-path', '/tmp/tmpg6prijsy']
[2023-06-22T04:37:24.647+0000] {standard_task_runner.py:85} INFO - Job 207: Subtask dbt_task.model.development.fct_payment_details
[2023-06-22T04:37:24.727+0000] {task_command.py:410} INFO - Running <TaskInstance: airflow_dbt.dbt_task.model.development.fct_payment_details manual__2023-06-22T04:35:46.763656+00:00 [running]> on host ubuntu.thbnzb0d3dmuziyfg2t53bofqb.tx.internal.cloudapp.net
[2023-06-22T04:37:25.008+0000] {taskinstance.py:1545} INFO - Exporting env vars: AIRFLOW_CTX_DAG_OWNER='airflow' AIRFLOW_CTX_DAG_ID='airflow_dbt' AIRFLOW_CTX_TASK_ID='dbt_task.model.development.fct_payment_details' AIRFLOW_CTX_EXECUTION_DATE='2023-06-22T04:35:46.763656+00:00' AIRFLOW_CTX_TRY_NUMBER='1' AIRFLOW_CTX_DAG_RUN_ID='manual__2023-06-22T04:35:46.763656+00:00'
[2023-06-22T04:37:25.009+0000] {subprocess.py:63} INFO - Tmp dir root location: 
 /tmp
[2023-06-22T04:37:25.010+0000] {subprocess.py:75} INFO - Running command: ['/usr/bin/bash', '-c', 'cd /home/satyam/airflow/dags/dbt/ && dbt run --models fct_payment_details']
[2023-06-22T04:37:25.020+0000] {subprocess.py:86} INFO - Output:
[2023-06-22T04:37:27.552+0000] {subprocess.py:93} INFO - [0m04:37:27  Running with dbt=1.5.1
[2023-06-22T04:37:27.995+0000] {subprocess.py:93} INFO - [0m04:37:27  [[33mWARNING[0m]: Configuration paths exist in your dbt_project.yml file which do not apply to any resources.
[2023-06-22T04:37:27.995+0000] {subprocess.py:93} INFO - There are 3 unused configuration paths:
[2023-06-22T04:37:27.995+0000] {subprocess.py:93} INFO - - models.development.staging
[2023-06-22T04:37:27.995+0000] {subprocess.py:93} INFO - - models.development.intermediate
[2023-06-22T04:37:27.995+0000] {subprocess.py:93} INFO - - models.development.bronze
[2023-06-22T04:37:28.015+0000] {subprocess.py:93} INFO - [0m04:37:28  Found 7 models, 0 tests, 0 snapshots, 0 analyses, 321 macros, 0 operations, 0 seed files, 4 sources, 0 exposures, 0 metrics, 0 groups
[2023-06-22T04:37:28.017+0000] {subprocess.py:93} INFO - [0m04:37:28
[2023-06-22T04:37:29.478+0000] {subprocess.py:93} INFO - [0m04:37:29  Concurrency: 1 threads (target='dev')
[2023-06-22T04:37:29.479+0000] {subprocess.py:93} INFO - [0m04:37:29
[2023-06-22T04:37:29.485+0000] {subprocess.py:93} INFO - [0m04:37:29  1 of 1 START sql view model final_sales.fct_payment_details .................... [RUN]
[2023-06-22T04:37:30.094+0000] {subprocess.py:93} INFO - [0m04:37:30  1 of 1 OK created sql view model final_sales.fct_payment_details ............... [[32mSUCCESS 1[0m in 0.61s]
[2023-06-22T04:37:30.099+0000] {subprocess.py:93} INFO - [0m04:37:30
[2023-06-22T04:37:30.099+0000] {subprocess.py:93} INFO - [0m04:37:30  Finished running 1 view model in 0 hours 0 minutes and 2.08 seconds (2.08s).
[2023-06-22T04:37:30.109+0000] {subprocess.py:93} INFO - [0m04:37:30
[2023-06-22T04:37:30.110+0000] {subprocess.py:93} INFO - [0m04:37:30  [32mCompleted successfully[0m
[2023-06-22T04:37:30.111+0000] {subprocess.py:93} INFO - [0m04:37:30
[2023-06-22T04:37:30.111+0000] {subprocess.py:93} INFO - [0m04:37:30  Done. PASS=1 WARN=0 ERROR=0 SKIP=0 TOTAL=1
[2023-06-22T04:37:31.418+0000] {subprocess.py:97} INFO - Command exited with return code 0
[2023-06-22T04:37:31.453+0000] {taskinstance.py:1345} INFO - Marking task as SUCCESS. dag_id=airflow_dbt, task_id=dbt_task.model.development.fct_payment_details, execution_date=20230622T043546, start_date=20230622T043724, end_date=20230622T043731
[2023-06-22T04:37:31.508+0000] {local_task_job_runner.py:225} INFO - Task exited with return code 0
[2023-06-22T04:37:31.526+0000] {taskinstance.py:2651} INFO - 1 downstream tasks scheduled from follow-on schedule check
