[2023-06-20T11:09:55.580+0000] {taskinstance.py:1103} INFO - Dependencies all met for dep_context=non-requeueable deps ti=<TaskInstance: airflow_dbt.dbt_task.model.jaffle_shop.stg_orders manual__2023-06-20T11:09:48.837968+00:00 [queued]>
[2023-06-20T11:09:55.586+0000] {taskinstance.py:1103} INFO - Dependencies all met for dep_context=requeueable deps ti=<TaskInstance: airflow_dbt.dbt_task.model.jaffle_shop.stg_orders manual__2023-06-20T11:09:48.837968+00:00 [queued]>
[2023-06-20T11:09:55.586+0000] {taskinstance.py:1308} INFO - Starting attempt 1 of 1
[2023-06-20T11:09:55.614+0000] {taskinstance.py:1327} INFO - Executing <Task(BashOperator): dbt_task.model.jaffle_shop.stg_orders> on 2023-06-20 11:09:48.837968+00:00
[2023-06-20T11:09:55.617+0000] {standard_task_runner.py:57} INFO - Started process 4569 to run task
[2023-06-20T11:09:55.622+0000] {standard_task_runner.py:84} INFO - Running: ['airflow', 'tasks', 'run', 'airflow_dbt', 'dbt_task.model.jaffle_shop.stg_orders', 'manual__2023-06-20T11:09:48.837968+00:00', '--job-id', '113', '--raw', '--subdir', 'DAGS_FOLDER/dbt_dag.py', '--cfg-path', '/tmp/tmp9th4151k']
[2023-06-20T11:09:55.623+0000] {standard_task_runner.py:85} INFO - Job 113: Subtask dbt_task.model.jaffle_shop.stg_orders
[2023-06-20T11:09:55.678+0000] {task_command.py:410} INFO - Running <TaskInstance: airflow_dbt.dbt_task.model.jaffle_shop.stg_orders manual__2023-06-20T11:09:48.837968+00:00 [running]> on host ubuntu.thbnzb0d3dmuziyfg2t53bofqb.tx.internal.cloudapp.net
[2023-06-20T11:09:55.971+0000] {taskinstance.py:1545} INFO - Exporting env vars: AIRFLOW_CTX_DAG_OWNER='airflow' AIRFLOW_CTX_DAG_ID='airflow_dbt' AIRFLOW_CTX_TASK_ID='dbt_task.model.jaffle_shop.stg_orders' AIRFLOW_CTX_EXECUTION_DATE='2023-06-20T11:09:48.837968+00:00' AIRFLOW_CTX_TRY_NUMBER='1' AIRFLOW_CTX_DAG_RUN_ID='manual__2023-06-20T11:09:48.837968+00:00'
[2023-06-20T11:09:55.972+0000] {subprocess.py:63} INFO - Tmp dir root location: 
 /tmp
[2023-06-20T11:09:55.973+0000] {subprocess.py:75} INFO - Running command: ['/usr/bin/bash', '-c', 'cd /home/satyam/airflow/dags/dbt/ && dbt run --models stg_orders']
[2023-06-20T11:09:55.981+0000] {subprocess.py:86} INFO - Output:
[2023-06-20T11:09:59.757+0000] {subprocess.py:93} INFO - [0m11:09:59  Running with dbt=1.5.1
[2023-06-20T11:10:01.009+0000] {subprocess.py:93} INFO - [0m11:10:01  Found 5 models, 0 tests, 0 snapshots, 0 analyses, 321 macros, 0 operations, 0 seed files, 0 sources, 0 exposures, 0 metrics, 0 groups
[2023-06-20T11:10:01.012+0000] {subprocess.py:93} INFO - [0m11:10:01
[2023-06-20T11:10:02.914+0000] {subprocess.py:93} INFO - [0m11:10:02  Concurrency: 1 threads (target='dev')
[2023-06-20T11:10:02.915+0000] {subprocess.py:93} INFO - [0m11:10:02
[2023-06-20T11:10:02.924+0000] {subprocess.py:93} INFO - [0m11:10:02  1 of 1 START sql view model learn_dbt.stg_orders ............................... [RUN]
[2023-06-20T11:10:03.540+0000] {subprocess.py:93} INFO - [0m11:10:03  1 of 1 OK created sql view model learn_dbt.stg_orders .......................... [[32mSUCCESS 1[0m in 0.61s]
[2023-06-20T11:10:03.544+0000] {subprocess.py:93} INFO - [0m11:10:03
[2023-06-20T11:10:03.544+0000] {subprocess.py:93} INFO - [0m11:10:03  Finished running 1 view model in 0 hours 0 minutes and 2.53 seconds (2.53s).
[2023-06-20T11:10:03.554+0000] {subprocess.py:93} INFO - [0m11:10:03
[2023-06-20T11:10:03.554+0000] {subprocess.py:93} INFO - [0m11:10:03  [32mCompleted successfully[0m
[2023-06-20T11:10:03.555+0000] {subprocess.py:93} INFO - [0m11:10:03
[2023-06-20T11:10:03.555+0000] {subprocess.py:93} INFO - [0m11:10:03  Done. PASS=1 WARN=0 ERROR=0 SKIP=0 TOTAL=1
[2023-06-20T11:10:05.137+0000] {subprocess.py:97} INFO - Command exited with return code 0
[2023-06-20T11:10:05.174+0000] {taskinstance.py:1345} INFO - Marking task as SUCCESS. dag_id=airflow_dbt, task_id=dbt_task.model.jaffle_shop.stg_orders, execution_date=20230620T110948, start_date=20230620T110955, end_date=20230620T111005
[2023-06-20T11:10:05.214+0000] {local_task_job_runner.py:225} INFO - Task exited with return code 0
[2023-06-20T11:10:05.346+0000] {taskinstance.py:2651} INFO - 0 downstream tasks scheduled from follow-on schedule check
