[2023-06-20T11:15:05.175+0000] {taskinstance.py:1103} INFO - Dependencies all met for dep_context=non-requeueable deps ti=<TaskInstance: airflow_dbt.dbt_task.model.jaffle_shop.stg_customers manual__2023-06-20T11:13:20.412190+00:00 [queued]>
[2023-06-20T11:15:05.183+0000] {taskinstance.py:1103} INFO - Dependencies all met for dep_context=requeueable deps ti=<TaskInstance: airflow_dbt.dbt_task.model.jaffle_shop.stg_customers manual__2023-06-20T11:13:20.412190+00:00 [queued]>
[2023-06-20T11:15:05.183+0000] {taskinstance.py:1308} INFO - Starting attempt 1 of 1
[2023-06-20T11:15:05.209+0000] {taskinstance.py:1327} INFO - Executing <Task(BashOperator): dbt_task.model.jaffle_shop.stg_customers> on 2023-06-20 11:13:20.412190+00:00
[2023-06-20T11:15:05.213+0000] {standard_task_runner.py:57} INFO - Started process 8597 to run task
[2023-06-20T11:15:05.218+0000] {standard_task_runner.py:84} INFO - Running: ['airflow', 'tasks', 'run', 'airflow_dbt', 'dbt_task.model.jaffle_shop.stg_customers', 'manual__2023-06-20T11:13:20.412190+00:00', '--job-id', '141', '--raw', '--subdir', 'DAGS_FOLDER/dbt_dag.py', '--cfg-path', '/tmp/tmpd29jy_4j']
[2023-06-20T11:15:05.218+0000] {standard_task_runner.py:85} INFO - Job 141: Subtask dbt_task.model.jaffle_shop.stg_customers
[2023-06-20T11:15:05.271+0000] {task_command.py:410} INFO - Running <TaskInstance: airflow_dbt.dbt_task.model.jaffle_shop.stg_customers manual__2023-06-20T11:13:20.412190+00:00 [running]> on host ubuntu.thbnzb0d3dmuziyfg2t53bofqb.tx.internal.cloudapp.net
[2023-06-20T11:15:05.523+0000] {taskinstance.py:1545} INFO - Exporting env vars: AIRFLOW_CTX_DAG_OWNER='airflow' AIRFLOW_CTX_DAG_ID='airflow_dbt' AIRFLOW_CTX_TASK_ID='dbt_task.model.jaffle_shop.stg_customers' AIRFLOW_CTX_EXECUTION_DATE='2023-06-20T11:13:20.412190+00:00' AIRFLOW_CTX_TRY_NUMBER='1' AIRFLOW_CTX_DAG_RUN_ID='manual__2023-06-20T11:13:20.412190+00:00'
[2023-06-20T11:15:05.525+0000] {subprocess.py:63} INFO - Tmp dir root location: 
 /tmp
[2023-06-20T11:15:05.526+0000] {subprocess.py:75} INFO - Running command: ['/usr/bin/bash', '-c', 'cd /home/satyam/airflow/dags/dbt/ && dbt run --models stg_customers']
[2023-06-20T11:15:05.536+0000] {subprocess.py:86} INFO - Output:
[2023-06-20T11:15:07.999+0000] {subprocess.py:93} INFO - [0m11:15:07  Running with dbt=1.5.1
[2023-06-20T11:15:08.417+0000] {subprocess.py:93} INFO - [0m11:15:08  Found 5 models, 0 tests, 0 snapshots, 0 analyses, 321 macros, 0 operations, 0 seed files, 0 sources, 0 exposures, 0 metrics, 0 groups
[2023-06-20T11:15:08.420+0000] {subprocess.py:93} INFO - [0m11:15:08
[2023-06-20T11:15:09.746+0000] {subprocess.py:93} INFO - [0m11:15:09  Concurrency: 1 threads (target='dev')
[2023-06-20T11:15:09.746+0000] {subprocess.py:93} INFO - [0m11:15:09
[2023-06-20T11:15:09.755+0000] {subprocess.py:93} INFO - [0m11:15:09  1 of 1 START sql view model learn_dbt.stg_customers ............................ [RUN]
[2023-06-20T11:15:10.337+0000] {subprocess.py:93} INFO - [0m11:15:10  1 of 1 OK created sql view model learn_dbt.stg_customers ....................... [[32mSUCCESS 1[0m in 0.58s]
[2023-06-20T11:15:10.342+0000] {subprocess.py:93} INFO - [0m11:15:10
[2023-06-20T11:15:10.342+0000] {subprocess.py:93} INFO - [0m11:15:10  Finished running 1 view model in 0 hours 0 minutes and 1.92 seconds (1.92s).
[2023-06-20T11:15:10.352+0000] {subprocess.py:93} INFO - [0m11:15:10
[2023-06-20T11:15:10.353+0000] {subprocess.py:93} INFO - [0m11:15:10  [32mCompleted successfully[0m
[2023-06-20T11:15:10.354+0000] {subprocess.py:93} INFO - [0m11:15:10
[2023-06-20T11:15:10.354+0000] {subprocess.py:93} INFO - [0m11:15:10  Done. PASS=1 WARN=0 ERROR=0 SKIP=0 TOTAL=1
[2023-06-20T11:15:11.641+0000] {subprocess.py:97} INFO - Command exited with return code 0
[2023-06-20T11:15:11.683+0000] {taskinstance.py:1345} INFO - Marking task as SUCCESS. dag_id=airflow_dbt, task_id=dbt_task.model.jaffle_shop.stg_customers, execution_date=20230620T111320, start_date=20230620T111505, end_date=20230620T111511
[2023-06-20T11:15:11.718+0000] {local_task_job_runner.py:225} INFO - Task exited with return code 0
[2023-06-20T11:15:11.855+0000] {taskinstance.py:2651} INFO - 0 downstream tasks scheduled from follow-on schedule check
