[2023-06-20T11:13:24.194+0000] {taskinstance.py:1103} INFO - Dependencies all met for dep_context=non-requeueable deps ti=<TaskInstance: airflow_dbt.dbt_task.model.jaffle_shop.stg_customers manual__2023-06-20T11:12:59.822990+00:00 [queued]>
[2023-06-20T11:13:24.203+0000] {taskinstance.py:1103} INFO - Dependencies all met for dep_context=requeueable deps ti=<TaskInstance: airflow_dbt.dbt_task.model.jaffle_shop.stg_customers manual__2023-06-20T11:12:59.822990+00:00 [queued]>
[2023-06-20T11:13:24.203+0000] {taskinstance.py:1308} INFO - Starting attempt 1 of 1
[2023-06-20T11:13:24.248+0000] {taskinstance.py:1327} INFO - Executing <Task(BashOperator): dbt_task.model.jaffle_shop.stg_customers> on 2023-06-20 11:12:59.822990+00:00
[2023-06-20T11:13:24.260+0000] {standard_task_runner.py:84} INFO - Running: ['airflow', 'tasks', 'run', 'airflow_dbt', 'dbt_task.model.jaffle_shop.stg_customers', 'manual__2023-06-20T11:12:59.822990+00:00', '--job-id', '128', '--raw', '--subdir', 'DAGS_FOLDER/dbt_dag.py', '--cfg-path', '/tmp/tmpn9u5c7pf']
[2023-06-20T11:13:24.261+0000] {standard_task_runner.py:85} INFO - Job 128: Subtask dbt_task.model.jaffle_shop.stg_customers
[2023-06-20T11:13:24.253+0000] {standard_task_runner.py:57} INFO - Started process 7120 to run task
[2023-06-20T11:13:24.344+0000] {task_command.py:410} INFO - Running <TaskInstance: airflow_dbt.dbt_task.model.jaffle_shop.stg_customers manual__2023-06-20T11:12:59.822990+00:00 [running]> on host ubuntu.thbnzb0d3dmuziyfg2t53bofqb.tx.internal.cloudapp.net
[2023-06-20T11:13:24.567+0000] {taskinstance.py:1545} INFO - Exporting env vars: AIRFLOW_CTX_DAG_OWNER='airflow' AIRFLOW_CTX_DAG_ID='airflow_dbt' AIRFLOW_CTX_TASK_ID='dbt_task.model.jaffle_shop.stg_customers' AIRFLOW_CTX_EXECUTION_DATE='2023-06-20T11:12:59.822990+00:00' AIRFLOW_CTX_TRY_NUMBER='1' AIRFLOW_CTX_DAG_RUN_ID='manual__2023-06-20T11:12:59.822990+00:00'
[2023-06-20T11:13:24.569+0000] {subprocess.py:63} INFO - Tmp dir root location: 
 /tmp
[2023-06-20T11:13:24.569+0000] {subprocess.py:75} INFO - Running command: ['/usr/bin/bash', '-c', 'cd /home/satyam/airflow/dags/dbt/ && dbt run --models stg_customers']
[2023-06-20T11:13:24.576+0000] {subprocess.py:86} INFO - Output:
[2023-06-20T11:13:27.237+0000] {subprocess.py:93} INFO - [0m11:13:27  Running with dbt=1.5.1
[2023-06-20T11:13:27.689+0000] {subprocess.py:93} INFO - [0m11:13:27  Found 5 models, 0 tests, 0 snapshots, 0 analyses, 321 macros, 0 operations, 0 seed files, 0 sources, 0 exposures, 0 metrics, 0 groups
[2023-06-20T11:13:27.692+0000] {subprocess.py:93} INFO - [0m11:13:27
[2023-06-20T11:13:29.048+0000] {subprocess.py:93} INFO - [0m11:13:29  Concurrency: 1 threads (target='dev')
[2023-06-20T11:13:29.049+0000] {subprocess.py:93} INFO - [0m11:13:29
[2023-06-20T11:13:29.056+0000] {subprocess.py:93} INFO - [0m11:13:29  1 of 1 START sql view model learn_dbt.stg_customers ............................ [RUN]
[2023-06-20T11:13:29.635+0000] {subprocess.py:93} INFO - [0m11:13:29  1 of 1 OK created sql view model learn_dbt.stg_customers ....................... [[32mSUCCESS 1[0m in 0.58s]
[2023-06-20T11:13:29.641+0000] {subprocess.py:93} INFO - [0m11:13:29
[2023-06-20T11:13:29.642+0000] {subprocess.py:93} INFO - [0m11:13:29  Finished running 1 view model in 0 hours 0 minutes and 1.95 seconds (1.95s).
[2023-06-20T11:13:29.654+0000] {subprocess.py:93} INFO - [0m11:13:29
[2023-06-20T11:13:29.654+0000] {subprocess.py:93} INFO - [0m11:13:29  [32mCompleted successfully[0m
[2023-06-20T11:13:29.655+0000] {subprocess.py:93} INFO - [0m11:13:29
[2023-06-20T11:13:29.655+0000] {subprocess.py:93} INFO - [0m11:13:29  Done. PASS=1 WARN=0 ERROR=0 SKIP=0 TOTAL=1
[2023-06-20T11:13:30.940+0000] {subprocess.py:97} INFO - Command exited with return code 0
[2023-06-20T11:13:30.981+0000] {taskinstance.py:1345} INFO - Marking task as SUCCESS. dag_id=airflow_dbt, task_id=dbt_task.model.jaffle_shop.stg_customers, execution_date=20230620T111259, start_date=20230620T111324, end_date=20230620T111330
[2023-06-20T11:13:31.037+0000] {local_task_job_runner.py:225} INFO - Task exited with return code 0
[2023-06-20T11:13:31.173+0000] {taskinstance.py:2651} INFO - 0 downstream tasks scheduled from follow-on schedule check
