[2023-06-14T14:16:49.761+0000] {processor.py:157} INFO - Started process (PID=1921) to work on /usr/local/lib/python3.8/dist-packages/airflow/example_dags/example_skip_dag.py
[2023-06-14T14:16:49.762+0000] {processor.py:826} INFO - Processing file /usr/local/lib/python3.8/dist-packages/airflow/example_dags/example_skip_dag.py for tasks to queue
[2023-06-14T14:16:49.765+0000] {logging_mixin.py:149} INFO - [2023-06-14T14:16:49.765+0000] {dagbag.py:541} INFO - Filling up the DagBag from /usr/local/lib/python3.8/dist-packages/airflow/example_dags/example_skip_dag.py
[2023-06-14T14:16:49.771+0000] {processor.py:836} INFO - DAG(s) dict_keys(['example_skip_dag']) retrieved from /usr/local/lib/python3.8/dist-packages/airflow/example_dags/example_skip_dag.py
[2023-06-14T14:16:49.782+0000] {logging_mixin.py:149} INFO - [2023-06-14T14:16:49.782+0000] {dag.py:2726} INFO - Sync 1 DAGs
[2023-06-14T14:16:49.803+0000] {logging_mixin.py:149} INFO - [2023-06-14T14:16:49.803+0000] {dag.py:3486} INFO - Setting next_dagrun for example_skip_dag to 2023-06-13T14:16:49.802985+00:00, run_after=2023-06-14T14:16:49.802985+00:00
[2023-06-14T14:16:49.832+0000] {processor.py:179} INFO - Processing /usr/local/lib/python3.8/dist-packages/airflow/example_dags/example_skip_dag.py took 0.075 seconds
[2023-06-14T14:17:55.182+0000] {processor.py:157} INFO - Started process (PID=2404) to work on /usr/local/lib/python3.8/dist-packages/airflow/example_dags/example_skip_dag.py
[2023-06-14T14:17:55.183+0000] {processor.py:826} INFO - Processing file /usr/local/lib/python3.8/dist-packages/airflow/example_dags/example_skip_dag.py for tasks to queue
[2023-06-14T14:17:55.186+0000] {logging_mixin.py:149} INFO - [2023-06-14T14:17:55.186+0000] {dagbag.py:541} INFO - Filling up the DagBag from /usr/local/lib/python3.8/dist-packages/airflow/example_dags/example_skip_dag.py
[2023-06-14T14:17:55.192+0000] {processor.py:836} INFO - DAG(s) dict_keys(['example_skip_dag']) retrieved from /usr/local/lib/python3.8/dist-packages/airflow/example_dags/example_skip_dag.py
[2023-06-14T14:17:55.203+0000] {logging_mixin.py:149} INFO - [2023-06-14T14:17:55.202+0000] {dag.py:2726} INFO - Sync 1 DAGs
[2023-06-14T14:17:55.223+0000] {logging_mixin.py:149} INFO - [2023-06-14T14:17:55.223+0000] {dag.py:3486} INFO - Setting next_dagrun for example_skip_dag to 2023-06-13T14:17:55.223476+00:00, run_after=2023-06-14T14:17:55.223476+00:00
[2023-06-14T14:17:55.252+0000] {processor.py:179} INFO - Processing /usr/local/lib/python3.8/dist-packages/airflow/example_dags/example_skip_dag.py took 0.073 seconds
[2023-06-14T14:19:11.444+0000] {processor.py:157} INFO - Started process (PID=3830) to work on /usr/local/lib/python3.8/dist-packages/airflow/example_dags/example_skip_dag.py
[2023-06-14T14:19:11.445+0000] {processor.py:826} INFO - Processing file /usr/local/lib/python3.8/dist-packages/airflow/example_dags/example_skip_dag.py for tasks to queue
[2023-06-14T14:19:11.448+0000] {logging_mixin.py:149} INFO - [2023-06-14T14:19:11.448+0000] {dagbag.py:541} INFO - Filling up the DagBag from /usr/local/lib/python3.8/dist-packages/airflow/example_dags/example_skip_dag.py
[2023-06-14T14:19:11.455+0000] {processor.py:836} INFO - DAG(s) dict_keys(['example_skip_dag']) retrieved from /usr/local/lib/python3.8/dist-packages/airflow/example_dags/example_skip_dag.py
[2023-06-14T14:19:11.465+0000] {logging_mixin.py:149} INFO - [2023-06-14T14:19:11.465+0000] {dag.py:2726} INFO - Sync 1 DAGs
[2023-06-14T14:19:11.486+0000] {logging_mixin.py:149} INFO - [2023-06-14T14:19:11.486+0000] {dag.py:3486} INFO - Setting next_dagrun for example_skip_dag to 2023-06-13T14:19:11.486404+00:00, run_after=2023-06-14T14:19:11.486404+00:00
[2023-06-14T14:19:11.523+0000] {processor.py:179} INFO - Processing /usr/local/lib/python3.8/dist-packages/airflow/example_dags/example_skip_dag.py took 0.083 seconds
[2023-06-14T14:20:00.184+0000] {processor.py:157} INFO - Started process (PID=4266) to work on /usr/local/lib/python3.8/dist-packages/airflow/example_dags/example_skip_dag.py
[2023-06-14T14:20:00.185+0000] {processor.py:826} INFO - Processing file /usr/local/lib/python3.8/dist-packages/airflow/example_dags/example_skip_dag.py for tasks to queue
[2023-06-14T14:20:00.190+0000] {logging_mixin.py:149} INFO - [2023-06-14T14:20:00.189+0000] {dagbag.py:541} INFO - Filling up the DagBag from /usr/local/lib/python3.8/dist-packages/airflow/example_dags/example_skip_dag.py
[2023-06-14T14:20:00.197+0000] {processor.py:836} INFO - DAG(s) dict_keys(['example_skip_dag']) retrieved from /usr/local/lib/python3.8/dist-packages/airflow/example_dags/example_skip_dag.py
[2023-06-14T14:20:00.221+0000] {logging_mixin.py:149} INFO - [2023-06-14T14:20:00.221+0000] {dag.py:2726} INFO - Sync 1 DAGs
[2023-06-14T14:20:00.244+0000] {logging_mixin.py:149} INFO - [2023-06-14T14:20:00.244+0000] {dag.py:3486} INFO - Setting next_dagrun for example_skip_dag to 2023-06-13T14:20:00.243869+00:00, run_after=2023-06-14T14:20:00.243869+00:00
[2023-06-14T14:20:00.271+0000] {processor.py:179} INFO - Processing /usr/local/lib/python3.8/dist-packages/airflow/example_dags/example_skip_dag.py took 0.091 seconds
[2023-06-14T14:20:48.901+0000] {processor.py:157} INFO - Started process (PID=4314) to work on /usr/local/lib/python3.8/dist-packages/airflow/example_dags/example_skip_dag.py
[2023-06-14T14:20:48.903+0000] {processor.py:826} INFO - Processing file /usr/local/lib/python3.8/dist-packages/airflow/example_dags/example_skip_dag.py for tasks to queue
[2023-06-14T14:20:48.905+0000] {logging_mixin.py:149} INFO - [2023-06-14T14:20:48.905+0000] {dagbag.py:541} INFO - Filling up the DagBag from /usr/local/lib/python3.8/dist-packages/airflow/example_dags/example_skip_dag.py
[2023-06-14T14:20:48.913+0000] {processor.py:836} INFO - DAG(s) dict_keys(['example_skip_dag']) retrieved from /usr/local/lib/python3.8/dist-packages/airflow/example_dags/example_skip_dag.py
[2023-06-14T14:20:48.935+0000] {logging_mixin.py:149} INFO - [2023-06-14T14:20:48.935+0000] {dag.py:2726} INFO - Sync 1 DAGs
[2023-06-14T14:20:48.956+0000] {logging_mixin.py:149} INFO - [2023-06-14T14:20:48.956+0000] {dag.py:3486} INFO - Setting next_dagrun for example_skip_dag to 2023-06-13T14:20:48.955993+00:00, run_after=2023-06-14T14:20:48.955993+00:00
[2023-06-14T14:20:48.982+0000] {processor.py:179} INFO - Processing /usr/local/lib/python3.8/dist-packages/airflow/example_dags/example_skip_dag.py took 0.084 seconds
[2023-06-14T14:21:41.523+0000] {processor.py:157} INFO - Started process (PID=4469) to work on /usr/local/lib/python3.8/dist-packages/airflow/example_dags/example_skip_dag.py
[2023-06-14T14:21:41.524+0000] {processor.py:826} INFO - Processing file /usr/local/lib/python3.8/dist-packages/airflow/example_dags/example_skip_dag.py for tasks to queue
[2023-06-14T14:21:41.528+0000] {logging_mixin.py:149} INFO - [2023-06-14T14:21:41.527+0000] {dagbag.py:541} INFO - Filling up the DagBag from /usr/local/lib/python3.8/dist-packages/airflow/example_dags/example_skip_dag.py
[2023-06-14T14:21:41.534+0000] {processor.py:836} INFO - DAG(s) dict_keys(['example_skip_dag']) retrieved from /usr/local/lib/python3.8/dist-packages/airflow/example_dags/example_skip_dag.py
[2023-06-14T14:21:41.556+0000] {logging_mixin.py:149} INFO - [2023-06-14T14:21:41.555+0000] {dag.py:2726} INFO - Sync 1 DAGs
[2023-06-14T14:21:41.576+0000] {logging_mixin.py:149} INFO - [2023-06-14T14:21:41.576+0000] {dag.py:3486} INFO - Setting next_dagrun for example_skip_dag to 2023-06-13T14:21:41.576241+00:00, run_after=2023-06-14T14:21:41.576241+00:00
[2023-06-14T14:21:41.720+0000] {processor.py:179} INFO - Processing /usr/local/lib/python3.8/dist-packages/airflow/example_dags/example_skip_dag.py took 0.200 seconds
[2023-06-14T14:22:34.809+0000] {processor.py:157} INFO - Started process (PID=4631) to work on /usr/local/lib/python3.8/dist-packages/airflow/example_dags/example_skip_dag.py
[2023-06-14T14:22:34.811+0000] {processor.py:826} INFO - Processing file /usr/local/lib/python3.8/dist-packages/airflow/example_dags/example_skip_dag.py for tasks to queue
[2023-06-14T14:22:34.813+0000] {logging_mixin.py:149} INFO - [2023-06-14T14:22:34.813+0000] {dagbag.py:541} INFO - Filling up the DagBag from /usr/local/lib/python3.8/dist-packages/airflow/example_dags/example_skip_dag.py
[2023-06-14T14:22:34.820+0000] {processor.py:836} INFO - DAG(s) dict_keys(['example_skip_dag']) retrieved from /usr/local/lib/python3.8/dist-packages/airflow/example_dags/example_skip_dag.py
[2023-06-14T14:22:34.842+0000] {logging_mixin.py:149} INFO - [2023-06-14T14:22:34.841+0000] {dag.py:2726} INFO - Sync 1 DAGs
[2023-06-14T14:22:34.863+0000] {logging_mixin.py:149} INFO - [2023-06-14T14:22:34.862+0000] {dag.py:3486} INFO - Setting next_dagrun for example_skip_dag to 2023-06-13T14:22:34.862539+00:00, run_after=2023-06-14T14:22:34.862539+00:00
[2023-06-14T14:22:34.890+0000] {processor.py:179} INFO - Processing /usr/local/lib/python3.8/dist-packages/airflow/example_dags/example_skip_dag.py took 0.085 seconds
[2023-06-14T14:23:22.379+0000] {processor.py:157} INFO - Started process (PID=4785) to work on /usr/local/lib/python3.8/dist-packages/airflow/example_dags/example_skip_dag.py
[2023-06-14T14:23:22.380+0000] {processor.py:826} INFO - Processing file /usr/local/lib/python3.8/dist-packages/airflow/example_dags/example_skip_dag.py for tasks to queue
[2023-06-14T14:23:22.383+0000] {logging_mixin.py:149} INFO - [2023-06-14T14:23:22.382+0000] {dagbag.py:541} INFO - Filling up the DagBag from /usr/local/lib/python3.8/dist-packages/airflow/example_dags/example_skip_dag.py
[2023-06-14T14:23:22.390+0000] {processor.py:836} INFO - DAG(s) dict_keys(['example_skip_dag']) retrieved from /usr/local/lib/python3.8/dist-packages/airflow/example_dags/example_skip_dag.py
[2023-06-14T14:23:22.411+0000] {logging_mixin.py:149} INFO - [2023-06-14T14:23:22.411+0000] {dag.py:2726} INFO - Sync 1 DAGs
[2023-06-14T14:23:22.431+0000] {logging_mixin.py:149} INFO - [2023-06-14T14:23:22.431+0000] {dag.py:3486} INFO - Setting next_dagrun for example_skip_dag to 2023-06-13T14:23:22.431232+00:00, run_after=2023-06-14T14:23:22.431232+00:00
[2023-06-14T14:23:22.457+0000] {processor.py:179} INFO - Processing /usr/local/lib/python3.8/dist-packages/airflow/example_dags/example_skip_dag.py took 0.085 seconds
[2023-06-14T14:24:15.070+0000] {processor.py:157} INFO - Started process (PID=5042) to work on /usr/local/lib/python3.8/dist-packages/airflow/example_dags/example_skip_dag.py
[2023-06-14T14:24:15.072+0000] {processor.py:826} INFO - Processing file /usr/local/lib/python3.8/dist-packages/airflow/example_dags/example_skip_dag.py for tasks to queue
[2023-06-14T14:24:15.075+0000] {logging_mixin.py:149} INFO - [2023-06-14T14:24:15.074+0000] {dagbag.py:541} INFO - Filling up the DagBag from /usr/local/lib/python3.8/dist-packages/airflow/example_dags/example_skip_dag.py
[2023-06-14T14:24:15.081+0000] {processor.py:836} INFO - DAG(s) dict_keys(['example_skip_dag']) retrieved from /usr/local/lib/python3.8/dist-packages/airflow/example_dags/example_skip_dag.py
[2023-06-14T14:24:15.103+0000] {logging_mixin.py:149} INFO - [2023-06-14T14:24:15.102+0000] {dag.py:2726} INFO - Sync 1 DAGs
[2023-06-14T14:24:15.123+0000] {logging_mixin.py:149} INFO - [2023-06-14T14:24:15.123+0000] {dag.py:3486} INFO - Setting next_dagrun for example_skip_dag to 2023-06-13T14:24:15.123182+00:00, run_after=2023-06-14T14:24:15.123182+00:00
[2023-06-14T14:24:15.151+0000] {processor.py:179} INFO - Processing /usr/local/lib/python3.8/dist-packages/airflow/example_dags/example_skip_dag.py took 0.085 seconds
[2023-06-14T14:25:04.560+0000] {processor.py:157} INFO - Started process (PID=5198) to work on /usr/local/lib/python3.8/dist-packages/airflow/example_dags/example_skip_dag.py
[2023-06-14T14:25:04.562+0000] {processor.py:826} INFO - Processing file /usr/local/lib/python3.8/dist-packages/airflow/example_dags/example_skip_dag.py for tasks to queue
[2023-06-14T14:25:04.564+0000] {logging_mixin.py:149} INFO - [2023-06-14T14:25:04.564+0000] {dagbag.py:541} INFO - Filling up the DagBag from /usr/local/lib/python3.8/dist-packages/airflow/example_dags/example_skip_dag.py
[2023-06-14T14:25:04.571+0000] {processor.py:836} INFO - DAG(s) dict_keys(['example_skip_dag']) retrieved from /usr/local/lib/python3.8/dist-packages/airflow/example_dags/example_skip_dag.py
[2023-06-14T14:25:04.593+0000] {logging_mixin.py:149} INFO - [2023-06-14T14:25:04.592+0000] {dag.py:2726} INFO - Sync 1 DAGs
[2023-06-14T14:25:04.614+0000] {logging_mixin.py:149} INFO - [2023-06-14T14:25:04.614+0000] {dag.py:3486} INFO - Setting next_dagrun for example_skip_dag to 2023-06-13T14:25:04.613849+00:00, run_after=2023-06-14T14:25:04.613849+00:00
[2023-06-14T14:25:04.639+0000] {processor.py:179} INFO - Processing /usr/local/lib/python3.8/dist-packages/airflow/example_dags/example_skip_dag.py took 0.083 seconds
[2023-06-14T14:25:53.787+0000] {processor.py:157} INFO - Started process (PID=5350) to work on /usr/local/lib/python3.8/dist-packages/airflow/example_dags/example_skip_dag.py
[2023-06-14T14:25:53.788+0000] {processor.py:826} INFO - Processing file /usr/local/lib/python3.8/dist-packages/airflow/example_dags/example_skip_dag.py for tasks to queue
[2023-06-14T14:25:53.790+0000] {logging_mixin.py:149} INFO - [2023-06-14T14:25:53.790+0000] {dagbag.py:541} INFO - Filling up the DagBag from /usr/local/lib/python3.8/dist-packages/airflow/example_dags/example_skip_dag.py
[2023-06-14T14:25:53.797+0000] {processor.py:836} INFO - DAG(s) dict_keys(['example_skip_dag']) retrieved from /usr/local/lib/python3.8/dist-packages/airflow/example_dags/example_skip_dag.py
[2023-06-14T14:25:53.819+0000] {logging_mixin.py:149} INFO - [2023-06-14T14:25:53.818+0000] {dag.py:2726} INFO - Sync 1 DAGs
[2023-06-14T14:25:53.839+0000] {logging_mixin.py:149} INFO - [2023-06-14T14:25:53.838+0000] {dag.py:3486} INFO - Setting next_dagrun for example_skip_dag to 2023-06-13T14:25:53.838649+00:00, run_after=2023-06-14T14:25:53.838649+00:00
[2023-06-14T14:25:53.864+0000] {processor.py:179} INFO - Processing /usr/local/lib/python3.8/dist-packages/airflow/example_dags/example_skip_dag.py took 0.081 seconds
[2023-06-14T14:26:29.665+0000] {processor.py:157} INFO - Started process (PID=5389) to work on /usr/local/lib/python3.8/dist-packages/airflow/example_dags/example_skip_dag.py
[2023-06-14T14:26:29.667+0000] {processor.py:826} INFO - Processing file /usr/local/lib/python3.8/dist-packages/airflow/example_dags/example_skip_dag.py for tasks to queue
[2023-06-14T14:26:29.669+0000] {logging_mixin.py:149} INFO - [2023-06-14T14:26:29.669+0000] {dagbag.py:541} INFO - Filling up the DagBag from /usr/local/lib/python3.8/dist-packages/airflow/example_dags/example_skip_dag.py
[2023-06-14T14:26:29.676+0000] {processor.py:836} INFO - DAG(s) dict_keys(['example_skip_dag']) retrieved from /usr/local/lib/python3.8/dist-packages/airflow/example_dags/example_skip_dag.py
[2023-06-14T14:26:29.698+0000] {logging_mixin.py:149} INFO - [2023-06-14T14:26:29.697+0000] {dag.py:2726} INFO - Sync 1 DAGs
[2023-06-14T14:26:29.718+0000] {logging_mixin.py:149} INFO - [2023-06-14T14:26:29.718+0000] {dag.py:3486} INFO - Setting next_dagrun for example_skip_dag to 2023-06-13T14:26:29.718141+00:00, run_after=2023-06-14T14:26:29.718141+00:00
[2023-06-14T14:26:29.745+0000] {processor.py:179} INFO - Processing /usr/local/lib/python3.8/dist-packages/airflow/example_dags/example_skip_dag.py took 0.083 seconds
[2023-06-14T14:27:21.398+0000] {processor.py:157} INFO - Started process (PID=5547) to work on /usr/local/lib/python3.8/dist-packages/airflow/example_dags/example_skip_dag.py
[2023-06-14T14:27:21.400+0000] {processor.py:826} INFO - Processing file /usr/local/lib/python3.8/dist-packages/airflow/example_dags/example_skip_dag.py for tasks to queue
[2023-06-14T14:27:21.403+0000] {logging_mixin.py:149} INFO - [2023-06-14T14:27:21.403+0000] {dagbag.py:541} INFO - Filling up the DagBag from /usr/local/lib/python3.8/dist-packages/airflow/example_dags/example_skip_dag.py
[2023-06-14T14:27:21.410+0000] {processor.py:836} INFO - DAG(s) dict_keys(['example_skip_dag']) retrieved from /usr/local/lib/python3.8/dist-packages/airflow/example_dags/example_skip_dag.py
[2023-06-14T14:27:21.431+0000] {logging_mixin.py:149} INFO - [2023-06-14T14:27:21.431+0000] {dag.py:2726} INFO - Sync 1 DAGs
[2023-06-14T14:27:21.451+0000] {logging_mixin.py:149} INFO - [2023-06-14T14:27:21.451+0000] {dag.py:3486} INFO - Setting next_dagrun for example_skip_dag to 2023-06-13T14:27:21.451448+00:00, run_after=2023-06-14T14:27:21.451448+00:00
[2023-06-14T14:27:21.482+0000] {processor.py:179} INFO - Processing /usr/local/lib/python3.8/dist-packages/airflow/example_dags/example_skip_dag.py took 0.088 seconds
[2023-06-14T14:28:15.195+0000] {processor.py:157} INFO - Started process (PID=5705) to work on /usr/local/lib/python3.8/dist-packages/airflow/example_dags/example_skip_dag.py
[2023-06-14T14:28:15.196+0000] {processor.py:826} INFO - Processing file /usr/local/lib/python3.8/dist-packages/airflow/example_dags/example_skip_dag.py for tasks to queue
[2023-06-14T14:28:15.198+0000] {logging_mixin.py:149} INFO - [2023-06-14T14:28:15.198+0000] {dagbag.py:541} INFO - Filling up the DagBag from /usr/local/lib/python3.8/dist-packages/airflow/example_dags/example_skip_dag.py
[2023-06-14T14:28:15.205+0000] {processor.py:836} INFO - DAG(s) dict_keys(['example_skip_dag']) retrieved from /usr/local/lib/python3.8/dist-packages/airflow/example_dags/example_skip_dag.py
[2023-06-14T14:28:15.227+0000] {logging_mixin.py:149} INFO - [2023-06-14T14:28:15.227+0000] {dag.py:2726} INFO - Sync 1 DAGs
[2023-06-14T14:28:15.248+0000] {logging_mixin.py:149} INFO - [2023-06-14T14:28:15.248+0000] {dag.py:3486} INFO - Setting next_dagrun for example_skip_dag to 2023-06-13T14:28:15.247813+00:00, run_after=2023-06-14T14:28:15.247813+00:00
[2023-06-14T14:28:15.273+0000] {processor.py:179} INFO - Processing /usr/local/lib/python3.8/dist-packages/airflow/example_dags/example_skip_dag.py took 0.083 seconds
[2023-06-14T14:29:06.828+0000] {processor.py:157} INFO - Started process (PID=5964) to work on /usr/local/lib/python3.8/dist-packages/airflow/example_dags/example_skip_dag.py
[2023-06-14T14:29:06.829+0000] {processor.py:826} INFO - Processing file /usr/local/lib/python3.8/dist-packages/airflow/example_dags/example_skip_dag.py for tasks to queue
[2023-06-14T14:29:06.832+0000] {logging_mixin.py:149} INFO - [2023-06-14T14:29:06.832+0000] {dagbag.py:541} INFO - Filling up the DagBag from /usr/local/lib/python3.8/dist-packages/airflow/example_dags/example_skip_dag.py
[2023-06-14T14:29:06.838+0000] {processor.py:836} INFO - DAG(s) dict_keys(['example_skip_dag']) retrieved from /usr/local/lib/python3.8/dist-packages/airflow/example_dags/example_skip_dag.py
[2023-06-14T14:29:06.860+0000] {logging_mixin.py:149} INFO - [2023-06-14T14:29:06.859+0000] {dag.py:2726} INFO - Sync 1 DAGs
[2023-06-14T14:29:06.879+0000] {logging_mixin.py:149} INFO - [2023-06-14T14:29:06.879+0000] {dag.py:3486} INFO - Setting next_dagrun for example_skip_dag to 2023-06-13T14:29:06.879526+00:00, run_after=2023-06-14T14:29:06.879526+00:00
[2023-06-14T14:29:06.906+0000] {processor.py:179} INFO - Processing /usr/local/lib/python3.8/dist-packages/airflow/example_dags/example_skip_dag.py took 0.082 seconds
[2023-06-14T14:29:58.036+0000] {processor.py:157} INFO - Started process (PID=6119) to work on /usr/local/lib/python3.8/dist-packages/airflow/example_dags/example_skip_dag.py
[2023-06-14T14:29:58.037+0000] {processor.py:826} INFO - Processing file /usr/local/lib/python3.8/dist-packages/airflow/example_dags/example_skip_dag.py for tasks to queue
[2023-06-14T14:29:58.040+0000] {logging_mixin.py:149} INFO - [2023-06-14T14:29:58.040+0000] {dagbag.py:541} INFO - Filling up the DagBag from /usr/local/lib/python3.8/dist-packages/airflow/example_dags/example_skip_dag.py
[2023-06-14T14:29:58.047+0000] {processor.py:836} INFO - DAG(s) dict_keys(['example_skip_dag']) retrieved from /usr/local/lib/python3.8/dist-packages/airflow/example_dags/example_skip_dag.py
[2023-06-14T14:29:58.068+0000] {logging_mixin.py:149} INFO - [2023-06-14T14:29:58.068+0000] {dag.py:2726} INFO - Sync 1 DAGs
[2023-06-14T14:29:58.090+0000] {logging_mixin.py:149} INFO - [2023-06-14T14:29:58.089+0000] {dag.py:3486} INFO - Setting next_dagrun for example_skip_dag to 2023-06-13T14:29:58.089588+00:00, run_after=2023-06-14T14:29:58.089588+00:00
[2023-06-14T14:29:58.121+0000] {processor.py:179} INFO - Processing /usr/local/lib/python3.8/dist-packages/airflow/example_dags/example_skip_dag.py took 0.089 seconds
[2023-06-14T14:30:38.325+0000] {processor.py:157} INFO - Started process (PID=6160) to work on /usr/local/lib/python3.8/dist-packages/airflow/example_dags/example_skip_dag.py
[2023-06-14T14:30:38.326+0000] {processor.py:826} INFO - Processing file /usr/local/lib/python3.8/dist-packages/airflow/example_dags/example_skip_dag.py for tasks to queue
[2023-06-14T14:30:38.329+0000] {logging_mixin.py:149} INFO - [2023-06-14T14:30:38.329+0000] {dagbag.py:541} INFO - Filling up the DagBag from /usr/local/lib/python3.8/dist-packages/airflow/example_dags/example_skip_dag.py
[2023-06-14T14:30:38.336+0000] {processor.py:836} INFO - DAG(s) dict_keys(['example_skip_dag']) retrieved from /usr/local/lib/python3.8/dist-packages/airflow/example_dags/example_skip_dag.py
[2023-06-14T14:30:38.357+0000] {logging_mixin.py:149} INFO - [2023-06-14T14:30:38.356+0000] {dag.py:2726} INFO - Sync 1 DAGs
[2023-06-14T14:30:38.376+0000] {logging_mixin.py:149} INFO - [2023-06-14T14:30:38.376+0000] {dag.py:3486} INFO - Setting next_dagrun for example_skip_dag to 2023-06-13T14:30:38.376508+00:00, run_after=2023-06-14T14:30:38.376508+00:00
[2023-06-14T14:30:38.406+0000] {processor.py:179} INFO - Processing /usr/local/lib/python3.8/dist-packages/airflow/example_dags/example_skip_dag.py took 0.085 seconds
[2023-06-14T14:31:30.271+0000] {processor.py:157} INFO - Started process (PID=6315) to work on /usr/local/lib/python3.8/dist-packages/airflow/example_dags/example_skip_dag.py
[2023-06-14T14:31:30.273+0000] {processor.py:826} INFO - Processing file /usr/local/lib/python3.8/dist-packages/airflow/example_dags/example_skip_dag.py for tasks to queue
[2023-06-14T14:31:30.275+0000] {logging_mixin.py:149} INFO - [2023-06-14T14:31:30.275+0000] {dagbag.py:541} INFO - Filling up the DagBag from /usr/local/lib/python3.8/dist-packages/airflow/example_dags/example_skip_dag.py
[2023-06-14T14:31:30.282+0000] {processor.py:836} INFO - DAG(s) dict_keys(['example_skip_dag']) retrieved from /usr/local/lib/python3.8/dist-packages/airflow/example_dags/example_skip_dag.py
[2023-06-14T14:31:30.303+0000] {logging_mixin.py:149} INFO - [2023-06-14T14:31:30.303+0000] {dag.py:2726} INFO - Sync 1 DAGs
[2023-06-14T14:31:30.323+0000] {logging_mixin.py:149} INFO - [2023-06-14T14:31:30.323+0000] {dag.py:3486} INFO - Setting next_dagrun for example_skip_dag to 2023-06-13T14:31:30.323183+00:00, run_after=2023-06-14T14:31:30.323183+00:00
[2023-06-14T14:31:30.351+0000] {processor.py:179} INFO - Processing /usr/local/lib/python3.8/dist-packages/airflow/example_dags/example_skip_dag.py took 0.084 seconds
[2023-06-14T14:32:22.181+0000] {processor.py:157} INFO - Started process (PID=6478) to work on /usr/local/lib/python3.8/dist-packages/airflow/example_dags/example_skip_dag.py
[2023-06-14T14:32:22.182+0000] {processor.py:826} INFO - Processing file /usr/local/lib/python3.8/dist-packages/airflow/example_dags/example_skip_dag.py for tasks to queue
[2023-06-14T14:32:22.184+0000] {logging_mixin.py:149} INFO - [2023-06-14T14:32:22.184+0000] {dagbag.py:541} INFO - Filling up the DagBag from /usr/local/lib/python3.8/dist-packages/airflow/example_dags/example_skip_dag.py
[2023-06-14T14:32:22.191+0000] {processor.py:836} INFO - DAG(s) dict_keys(['example_skip_dag']) retrieved from /usr/local/lib/python3.8/dist-packages/airflow/example_dags/example_skip_dag.py
[2023-06-14T14:32:22.212+0000] {logging_mixin.py:149} INFO - [2023-06-14T14:32:22.211+0000] {dag.py:2726} INFO - Sync 1 DAGs
[2023-06-14T14:32:22.232+0000] {logging_mixin.py:149} INFO - [2023-06-14T14:32:22.232+0000] {dag.py:3486} INFO - Setting next_dagrun for example_skip_dag to 2023-06-13T14:32:22.231830+00:00, run_after=2023-06-14T14:32:22.231830+00:00
[2023-06-14T14:32:22.262+0000] {processor.py:179} INFO - Processing /usr/local/lib/python3.8/dist-packages/airflow/example_dags/example_skip_dag.py took 0.085 seconds
[2023-06-14T14:33:11.601+0000] {processor.py:157} INFO - Started process (PID=6632) to work on /usr/local/lib/python3.8/dist-packages/airflow/example_dags/example_skip_dag.py
[2023-06-14T14:33:11.602+0000] {processor.py:826} INFO - Processing file /usr/local/lib/python3.8/dist-packages/airflow/example_dags/example_skip_dag.py for tasks to queue
[2023-06-14T14:33:11.604+0000] {logging_mixin.py:149} INFO - [2023-06-14T14:33:11.604+0000] {dagbag.py:541} INFO - Filling up the DagBag from /usr/local/lib/python3.8/dist-packages/airflow/example_dags/example_skip_dag.py
[2023-06-14T14:33:11.611+0000] {processor.py:836} INFO - DAG(s) dict_keys(['example_skip_dag']) retrieved from /usr/local/lib/python3.8/dist-packages/airflow/example_dags/example_skip_dag.py
[2023-06-14T14:33:11.633+0000] {logging_mixin.py:149} INFO - [2023-06-14T14:33:11.632+0000] {dag.py:2726} INFO - Sync 1 DAGs
[2023-06-14T14:33:11.653+0000] {logging_mixin.py:149} INFO - [2023-06-14T14:33:11.652+0000] {dag.py:3486} INFO - Setting next_dagrun for example_skip_dag to 2023-06-13T14:33:11.652677+00:00, run_after=2023-06-14T14:33:11.652677+00:00
[2023-06-14T14:33:11.680+0000] {processor.py:179} INFO - Processing /usr/local/lib/python3.8/dist-packages/airflow/example_dags/example_skip_dag.py took 0.083 seconds
[2023-06-14T14:34:03.622+0000] {processor.py:157} INFO - Started process (PID=6889) to work on /usr/local/lib/python3.8/dist-packages/airflow/example_dags/example_skip_dag.py
[2023-06-14T14:34:03.624+0000] {processor.py:826} INFO - Processing file /usr/local/lib/python3.8/dist-packages/airflow/example_dags/example_skip_dag.py for tasks to queue
[2023-06-14T14:34:03.626+0000] {logging_mixin.py:149} INFO - [2023-06-14T14:34:03.626+0000] {dagbag.py:541} INFO - Filling up the DagBag from /usr/local/lib/python3.8/dist-packages/airflow/example_dags/example_skip_dag.py
[2023-06-14T14:34:03.634+0000] {processor.py:836} INFO - DAG(s) dict_keys(['example_skip_dag']) retrieved from /usr/local/lib/python3.8/dist-packages/airflow/example_dags/example_skip_dag.py
[2023-06-14T14:34:03.655+0000] {logging_mixin.py:149} INFO - [2023-06-14T14:34:03.655+0000] {dag.py:2726} INFO - Sync 1 DAGs
[2023-06-14T14:34:03.678+0000] {logging_mixin.py:149} INFO - [2023-06-14T14:34:03.678+0000] {dag.py:3486} INFO - Setting next_dagrun for example_skip_dag to 2023-06-13T14:34:03.678148+00:00, run_after=2023-06-14T14:34:03.678148+00:00
[2023-06-14T14:34:03.707+0000] {processor.py:179} INFO - Processing /usr/local/lib/python3.8/dist-packages/airflow/example_dags/example_skip_dag.py took 0.089 seconds
[2023-06-14T14:34:58.899+0000] {processor.py:157} INFO - Started process (PID=7050) to work on /usr/local/lib/python3.8/dist-packages/airflow/example_dags/example_skip_dag.py
[2023-06-14T14:34:58.900+0000] {processor.py:826} INFO - Processing file /usr/local/lib/python3.8/dist-packages/airflow/example_dags/example_skip_dag.py for tasks to queue
[2023-06-14T14:34:58.902+0000] {logging_mixin.py:149} INFO - [2023-06-14T14:34:58.902+0000] {dagbag.py:541} INFO - Filling up the DagBag from /usr/local/lib/python3.8/dist-packages/airflow/example_dags/example_skip_dag.py
[2023-06-14T14:34:58.909+0000] {processor.py:836} INFO - DAG(s) dict_keys(['example_skip_dag']) retrieved from /usr/local/lib/python3.8/dist-packages/airflow/example_dags/example_skip_dag.py
[2023-06-14T14:34:58.931+0000] {logging_mixin.py:149} INFO - [2023-06-14T14:34:58.931+0000] {dag.py:2726} INFO - Sync 1 DAGs
[2023-06-14T14:34:58.951+0000] {logging_mixin.py:149} INFO - [2023-06-14T14:34:58.951+0000] {dag.py:3486} INFO - Setting next_dagrun for example_skip_dag to 2023-06-13T14:34:58.951493+00:00, run_after=2023-06-14T14:34:58.951493+00:00
[2023-06-14T14:34:58.980+0000] {processor.py:179} INFO - Processing /usr/local/lib/python3.8/dist-packages/airflow/example_dags/example_skip_dag.py took 0.085 seconds
[2023-06-14T14:35:50.634+0000] {processor.py:157} INFO - Started process (PID=7104) to work on /usr/local/lib/python3.8/dist-packages/airflow/example_dags/example_skip_dag.py
[2023-06-14T14:35:50.636+0000] {processor.py:826} INFO - Processing file /usr/local/lib/python3.8/dist-packages/airflow/example_dags/example_skip_dag.py for tasks to queue
[2023-06-14T14:35:50.639+0000] {logging_mixin.py:149} INFO - [2023-06-14T14:35:50.639+0000] {dagbag.py:541} INFO - Filling up the DagBag from /usr/local/lib/python3.8/dist-packages/airflow/example_dags/example_skip_dag.py
[2023-06-14T14:35:50.646+0000] {processor.py:836} INFO - DAG(s) dict_keys(['example_skip_dag']) retrieved from /usr/local/lib/python3.8/dist-packages/airflow/example_dags/example_skip_dag.py
[2023-06-14T14:35:50.668+0000] {logging_mixin.py:149} INFO - [2023-06-14T14:35:50.668+0000] {dag.py:2726} INFO - Sync 1 DAGs
[2023-06-14T14:35:50.690+0000] {logging_mixin.py:149} INFO - [2023-06-14T14:35:50.689+0000] {dag.py:3486} INFO - Setting next_dagrun for example_skip_dag to 2023-06-13T14:35:50.689643+00:00, run_after=2023-06-14T14:35:50.689643+00:00
[2023-06-14T14:35:50.718+0000] {processor.py:179} INFO - Processing /usr/local/lib/python3.8/dist-packages/airflow/example_dags/example_skip_dag.py took 0.087 seconds
[2023-06-14T14:36:42.246+0000] {processor.py:157} INFO - Started process (PID=7260) to work on /usr/local/lib/python3.8/dist-packages/airflow/example_dags/example_skip_dag.py
[2023-06-14T14:36:42.248+0000] {processor.py:826} INFO - Processing file /usr/local/lib/python3.8/dist-packages/airflow/example_dags/example_skip_dag.py for tasks to queue
[2023-06-14T14:36:42.250+0000] {logging_mixin.py:149} INFO - [2023-06-14T14:36:42.250+0000] {dagbag.py:541} INFO - Filling up the DagBag from /usr/local/lib/python3.8/dist-packages/airflow/example_dags/example_skip_dag.py
[2023-06-14T14:36:42.257+0000] {processor.py:836} INFO - DAG(s) dict_keys(['example_skip_dag']) retrieved from /usr/local/lib/python3.8/dist-packages/airflow/example_dags/example_skip_dag.py
[2023-06-14T14:36:42.278+0000] {logging_mixin.py:149} INFO - [2023-06-14T14:36:42.278+0000] {dag.py:2726} INFO - Sync 1 DAGs
[2023-06-14T14:36:42.299+0000] {logging_mixin.py:149} INFO - [2023-06-14T14:36:42.298+0000] {dag.py:3486} INFO - Setting next_dagrun for example_skip_dag to 2023-06-13T14:36:42.298589+00:00, run_after=2023-06-14T14:36:42.298589+00:00
[2023-06-14T14:36:42.327+0000] {processor.py:179} INFO - Processing /usr/local/lib/python3.8/dist-packages/airflow/example_dags/example_skip_dag.py took 0.084 seconds
[2023-06-14T14:37:34.699+0000] {processor.py:157} INFO - Started process (PID=7422) to work on /usr/local/lib/python3.8/dist-packages/airflow/example_dags/example_skip_dag.py
[2023-06-14T14:37:34.700+0000] {processor.py:826} INFO - Processing file /usr/local/lib/python3.8/dist-packages/airflow/example_dags/example_skip_dag.py for tasks to queue
[2023-06-14T14:37:34.703+0000] {logging_mixin.py:149} INFO - [2023-06-14T14:37:34.702+0000] {dagbag.py:541} INFO - Filling up the DagBag from /usr/local/lib/python3.8/dist-packages/airflow/example_dags/example_skip_dag.py
[2023-06-14T14:37:34.710+0000] {processor.py:836} INFO - DAG(s) dict_keys(['example_skip_dag']) retrieved from /usr/local/lib/python3.8/dist-packages/airflow/example_dags/example_skip_dag.py
[2023-06-14T14:37:34.731+0000] {logging_mixin.py:149} INFO - [2023-06-14T14:37:34.731+0000] {dag.py:2726} INFO - Sync 1 DAGs
[2023-06-14T14:37:34.751+0000] {logging_mixin.py:149} INFO - [2023-06-14T14:37:34.751+0000] {dag.py:3486} INFO - Setting next_dagrun for example_skip_dag to 2023-06-13T14:37:34.750984+00:00, run_after=2023-06-14T14:37:34.750984+00:00
[2023-06-14T14:37:34.779+0000] {processor.py:179} INFO - Processing /usr/local/lib/python3.8/dist-packages/airflow/example_dags/example_skip_dag.py took 0.084 seconds
[2023-06-14T14:38:25.569+0000] {processor.py:157} INFO - Started process (PID=7577) to work on /usr/local/lib/python3.8/dist-packages/airflow/example_dags/example_skip_dag.py
[2023-06-14T14:38:25.570+0000] {processor.py:826} INFO - Processing file /usr/local/lib/python3.8/dist-packages/airflow/example_dags/example_skip_dag.py for tasks to queue
[2023-06-14T14:38:25.573+0000] {logging_mixin.py:149} INFO - [2023-06-14T14:38:25.573+0000] {dagbag.py:541} INFO - Filling up the DagBag from /usr/local/lib/python3.8/dist-packages/airflow/example_dags/example_skip_dag.py
[2023-06-14T14:38:25.580+0000] {processor.py:836} INFO - DAG(s) dict_keys(['example_skip_dag']) retrieved from /usr/local/lib/python3.8/dist-packages/airflow/example_dags/example_skip_dag.py
[2023-06-14T14:38:25.601+0000] {logging_mixin.py:149} INFO - [2023-06-14T14:38:25.601+0000] {dag.py:2726} INFO - Sync 1 DAGs
[2023-06-14T14:38:25.622+0000] {logging_mixin.py:149} INFO - [2023-06-14T14:38:25.622+0000] {dag.py:3486} INFO - Setting next_dagrun for example_skip_dag to 2023-06-13T14:38:25.621859+00:00, run_after=2023-06-14T14:38:25.621859+00:00
[2023-06-14T14:38:25.649+0000] {processor.py:179} INFO - Processing /usr/local/lib/python3.8/dist-packages/airflow/example_dags/example_skip_dag.py took 0.083 seconds
[2023-06-14T14:39:13.340+0000] {processor.py:157} INFO - Started process (PID=7729) to work on /usr/local/lib/python3.8/dist-packages/airflow/example_dags/example_skip_dag.py
[2023-06-14T14:39:13.342+0000] {processor.py:826} INFO - Processing file /usr/local/lib/python3.8/dist-packages/airflow/example_dags/example_skip_dag.py for tasks to queue
[2023-06-14T14:39:13.345+0000] {logging_mixin.py:149} INFO - [2023-06-14T14:39:13.344+0000] {dagbag.py:541} INFO - Filling up the DagBag from /usr/local/lib/python3.8/dist-packages/airflow/example_dags/example_skip_dag.py
[2023-06-14T14:39:13.351+0000] {processor.py:836} INFO - DAG(s) dict_keys(['example_skip_dag']) retrieved from /usr/local/lib/python3.8/dist-packages/airflow/example_dags/example_skip_dag.py
[2023-06-14T14:39:13.372+0000] {logging_mixin.py:149} INFO - [2023-06-14T14:39:13.372+0000] {dag.py:2726} INFO - Sync 1 DAGs
[2023-06-14T14:39:13.392+0000] {logging_mixin.py:149} INFO - [2023-06-14T14:39:13.392+0000] {dag.py:3486} INFO - Setting next_dagrun for example_skip_dag to 2023-06-13T14:39:13.391860+00:00, run_after=2023-06-14T14:39:13.391860+00:00
[2023-06-14T14:39:13.418+0000] {processor.py:179} INFO - Processing /usr/local/lib/python3.8/dist-packages/airflow/example_dags/example_skip_dag.py took 0.082 seconds
[2023-06-14T14:40:04.031+0000] {processor.py:157} INFO - Started process (PID=7883) to work on /usr/local/lib/python3.8/dist-packages/airflow/example_dags/example_skip_dag.py
[2023-06-14T14:40:04.032+0000] {processor.py:826} INFO - Processing file /usr/local/lib/python3.8/dist-packages/airflow/example_dags/example_skip_dag.py for tasks to queue
[2023-06-14T14:40:04.035+0000] {logging_mixin.py:149} INFO - [2023-06-14T14:40:04.035+0000] {dagbag.py:541} INFO - Filling up the DagBag from /usr/local/lib/python3.8/dist-packages/airflow/example_dags/example_skip_dag.py
[2023-06-14T14:40:04.042+0000] {processor.py:836} INFO - DAG(s) dict_keys(['example_skip_dag']) retrieved from /usr/local/lib/python3.8/dist-packages/airflow/example_dags/example_skip_dag.py
[2023-06-14T14:40:04.064+0000] {logging_mixin.py:149} INFO - [2023-06-14T14:40:04.064+0000] {dag.py:2726} INFO - Sync 1 DAGs
[2023-06-14T14:40:04.085+0000] {logging_mixin.py:149} INFO - [2023-06-14T14:40:04.085+0000] {dag.py:3486} INFO - Setting next_dagrun for example_skip_dag to 2023-06-13T14:40:04.084873+00:00, run_after=2023-06-14T14:40:04.084873+00:00
[2023-06-14T14:40:04.112+0000] {processor.py:179} INFO - Processing /usr/local/lib/python3.8/dist-packages/airflow/example_dags/example_skip_dag.py took 0.085 seconds
[2023-06-14T14:40:57.914+0000] {processor.py:157} INFO - Started process (PID=8041) to work on /usr/local/lib/python3.8/dist-packages/airflow/example_dags/example_skip_dag.py
[2023-06-14T14:40:57.915+0000] {processor.py:826} INFO - Processing file /usr/local/lib/python3.8/dist-packages/airflow/example_dags/example_skip_dag.py for tasks to queue
[2023-06-14T14:40:57.918+0000] {logging_mixin.py:149} INFO - [2023-06-14T14:40:57.918+0000] {dagbag.py:541} INFO - Filling up the DagBag from /usr/local/lib/python3.8/dist-packages/airflow/example_dags/example_skip_dag.py
[2023-06-14T14:40:57.925+0000] {processor.py:836} INFO - DAG(s) dict_keys(['example_skip_dag']) retrieved from /usr/local/lib/python3.8/dist-packages/airflow/example_dags/example_skip_dag.py
[2023-06-14T14:40:57.947+0000] {logging_mixin.py:149} INFO - [2023-06-14T14:40:57.946+0000] {dag.py:2726} INFO - Sync 1 DAGs
[2023-06-14T14:40:57.968+0000] {logging_mixin.py:149} INFO - [2023-06-14T14:40:57.968+0000] {dag.py:3486} INFO - Setting next_dagrun for example_skip_dag to 2023-06-13T14:40:57.968027+00:00, run_after=2023-06-14T14:40:57.968027+00:00
[2023-06-14T14:40:57.993+0000] {processor.py:179} INFO - Processing /usr/local/lib/python3.8/dist-packages/airflow/example_dags/example_skip_dag.py took 0.083 seconds
[2023-06-14T14:41:52.203+0000] {processor.py:157} INFO - Started process (PID=8198) to work on /usr/local/lib/python3.8/dist-packages/airflow/example_dags/example_skip_dag.py
[2023-06-14T14:41:52.205+0000] {processor.py:826} INFO - Processing file /usr/local/lib/python3.8/dist-packages/airflow/example_dags/example_skip_dag.py for tasks to queue
[2023-06-14T14:41:52.207+0000] {logging_mixin.py:149} INFO - [2023-06-14T14:41:52.207+0000] {dagbag.py:541} INFO - Filling up the DagBag from /usr/local/lib/python3.8/dist-packages/airflow/example_dags/example_skip_dag.py
[2023-06-14T14:41:52.214+0000] {processor.py:836} INFO - DAG(s) dict_keys(['example_skip_dag']) retrieved from /usr/local/lib/python3.8/dist-packages/airflow/example_dags/example_skip_dag.py
[2023-06-14T14:41:52.236+0000] {logging_mixin.py:149} INFO - [2023-06-14T14:41:52.235+0000] {dag.py:2726} INFO - Sync 1 DAGs
[2023-06-14T14:41:52.256+0000] {logging_mixin.py:149} INFO - [2023-06-14T14:41:52.256+0000] {dag.py:3486} INFO - Setting next_dagrun for example_skip_dag to 2023-06-13T14:41:52.255979+00:00, run_after=2023-06-14T14:41:52.255979+00:00
[2023-06-14T14:41:52.285+0000] {processor.py:179} INFO - Processing /usr/local/lib/python3.8/dist-packages/airflow/example_dags/example_skip_dag.py took 0.086 seconds
[2023-06-14T14:42:46.700+0000] {processor.py:157} INFO - Started process (PID=8258) to work on /usr/local/lib/python3.8/dist-packages/airflow/example_dags/example_skip_dag.py
[2023-06-14T14:42:46.702+0000] {processor.py:826} INFO - Processing file /usr/local/lib/python3.8/dist-packages/airflow/example_dags/example_skip_dag.py for tasks to queue
[2023-06-14T14:42:46.704+0000] {logging_mixin.py:149} INFO - [2023-06-14T14:42:46.704+0000] {dagbag.py:541} INFO - Filling up the DagBag from /usr/local/lib/python3.8/dist-packages/airflow/example_dags/example_skip_dag.py
[2023-06-14T14:42:46.711+0000] {processor.py:836} INFO - DAG(s) dict_keys(['example_skip_dag']) retrieved from /usr/local/lib/python3.8/dist-packages/airflow/example_dags/example_skip_dag.py
[2023-06-14T14:42:46.732+0000] {logging_mixin.py:149} INFO - [2023-06-14T14:42:46.732+0000] {dag.py:2726} INFO - Sync 1 DAGs
[2023-06-14T14:42:46.752+0000] {logging_mixin.py:149} INFO - [2023-06-14T14:42:46.752+0000] {dag.py:3486} INFO - Setting next_dagrun for example_skip_dag to 2023-06-13T14:42:46.752020+00:00, run_after=2023-06-14T14:42:46.752020+00:00
[2023-06-14T14:42:46.780+0000] {processor.py:179} INFO - Processing /usr/local/lib/python3.8/dist-packages/airflow/example_dags/example_skip_dag.py took 0.084 seconds
[2023-06-14T14:43:43.222+0000] {processor.py:157} INFO - Started process (PID=8416) to work on /usr/local/lib/python3.8/dist-packages/airflow/example_dags/example_skip_dag.py
[2023-06-14T14:43:43.224+0000] {processor.py:826} INFO - Processing file /usr/local/lib/python3.8/dist-packages/airflow/example_dags/example_skip_dag.py for tasks to queue
[2023-06-14T14:43:43.226+0000] {logging_mixin.py:149} INFO - [2023-06-14T14:43:43.226+0000] {dagbag.py:541} INFO - Filling up the DagBag from /usr/local/lib/python3.8/dist-packages/airflow/example_dags/example_skip_dag.py
[2023-06-14T14:43:43.234+0000] {processor.py:836} INFO - DAG(s) dict_keys(['example_skip_dag']) retrieved from /usr/local/lib/python3.8/dist-packages/airflow/example_dags/example_skip_dag.py
[2023-06-14T14:43:43.260+0000] {logging_mixin.py:149} INFO - [2023-06-14T14:43:43.260+0000] {dag.py:2726} INFO - Sync 1 DAGs
[2023-06-14T14:43:43.282+0000] {logging_mixin.py:149} INFO - [2023-06-14T14:43:43.282+0000] {dag.py:3486} INFO - Setting next_dagrun for example_skip_dag to 2023-06-13T14:43:43.281815+00:00, run_after=2023-06-14T14:43:43.281815+00:00
[2023-06-14T14:43:43.311+0000] {processor.py:179} INFO - Processing /usr/local/lib/python3.8/dist-packages/airflow/example_dags/example_skip_dag.py took 0.094 seconds
[2023-06-14T14:44:36.997+0000] {processor.py:157} INFO - Started process (PID=8674) to work on /usr/local/lib/python3.8/dist-packages/airflow/example_dags/example_skip_dag.py
[2023-06-14T14:44:36.998+0000] {processor.py:826} INFO - Processing file /usr/local/lib/python3.8/dist-packages/airflow/example_dags/example_skip_dag.py for tasks to queue
[2023-06-14T14:44:37.001+0000] {logging_mixin.py:149} INFO - [2023-06-14T14:44:37.001+0000] {dagbag.py:541} INFO - Filling up the DagBag from /usr/local/lib/python3.8/dist-packages/airflow/example_dags/example_skip_dag.py
[2023-06-14T14:44:37.008+0000] {processor.py:836} INFO - DAG(s) dict_keys(['example_skip_dag']) retrieved from /usr/local/lib/python3.8/dist-packages/airflow/example_dags/example_skip_dag.py
[2023-06-14T14:44:37.029+0000] {logging_mixin.py:149} INFO - [2023-06-14T14:44:37.029+0000] {dag.py:2726} INFO - Sync 1 DAGs
[2023-06-14T14:44:37.051+0000] {logging_mixin.py:149} INFO - [2023-06-14T14:44:37.050+0000] {dag.py:3486} INFO - Setting next_dagrun for example_skip_dag to 2023-06-13T14:44:37.050560+00:00, run_after=2023-06-14T14:44:37.050560+00:00
[2023-06-14T14:44:37.078+0000] {processor.py:179} INFO - Processing /usr/local/lib/python3.8/dist-packages/airflow/example_dags/example_skip_dag.py took 0.085 seconds
[2023-06-14T14:45:33.802+0000] {processor.py:157} INFO - Started process (PID=8834) to work on /usr/local/lib/python3.8/dist-packages/airflow/example_dags/example_skip_dag.py
[2023-06-14T14:45:33.804+0000] {processor.py:826} INFO - Processing file /usr/local/lib/python3.8/dist-packages/airflow/example_dags/example_skip_dag.py for tasks to queue
[2023-06-14T14:45:33.807+0000] {logging_mixin.py:149} INFO - [2023-06-14T14:45:33.807+0000] {dagbag.py:541} INFO - Filling up the DagBag from /usr/local/lib/python3.8/dist-packages/airflow/example_dags/example_skip_dag.py
[2023-06-14T14:45:33.814+0000] {processor.py:836} INFO - DAG(s) dict_keys(['example_skip_dag']) retrieved from /usr/local/lib/python3.8/dist-packages/airflow/example_dags/example_skip_dag.py
[2023-06-14T14:45:33.836+0000] {logging_mixin.py:149} INFO - [2023-06-14T14:45:33.835+0000] {dag.py:2726} INFO - Sync 1 DAGs
[2023-06-14T14:45:33.856+0000] {logging_mixin.py:149} INFO - [2023-06-14T14:45:33.856+0000] {dag.py:3486} INFO - Setting next_dagrun for example_skip_dag to 2023-06-13T14:45:33.856272+00:00, run_after=2023-06-14T14:45:33.856272+00:00
[2023-06-14T14:45:33.883+0000] {processor.py:179} INFO - Processing /usr/local/lib/python3.8/dist-packages/airflow/example_dags/example_skip_dag.py took 0.085 seconds
[2023-06-14T14:46:31.073+0000] {processor.py:157} INFO - Started process (PID=8996) to work on /usr/local/lib/python3.8/dist-packages/airflow/example_dags/example_skip_dag.py
[2023-06-14T14:46:31.075+0000] {processor.py:826} INFO - Processing file /usr/local/lib/python3.8/dist-packages/airflow/example_dags/example_skip_dag.py for tasks to queue
[2023-06-14T14:46:31.077+0000] {logging_mixin.py:149} INFO - [2023-06-14T14:46:31.077+0000] {dagbag.py:541} INFO - Filling up the DagBag from /usr/local/lib/python3.8/dist-packages/airflow/example_dags/example_skip_dag.py
[2023-06-14T14:46:31.084+0000] {processor.py:836} INFO - DAG(s) dict_keys(['example_skip_dag']) retrieved from /usr/local/lib/python3.8/dist-packages/airflow/example_dags/example_skip_dag.py
[2023-06-14T14:46:31.106+0000] {logging_mixin.py:149} INFO - [2023-06-14T14:46:31.106+0000] {dag.py:2726} INFO - Sync 1 DAGs
[2023-06-14T14:46:31.127+0000] {logging_mixin.py:149} INFO - [2023-06-14T14:46:31.127+0000] {dag.py:3486} INFO - Setting next_dagrun for example_skip_dag to 2023-06-13T14:46:31.127329+00:00, run_after=2023-06-14T14:46:31.127329+00:00
[2023-06-14T14:46:31.160+0000] {processor.py:179} INFO - Processing /usr/local/lib/python3.8/dist-packages/airflow/example_dags/example_skip_dag.py took 0.092 seconds
[2023-06-14T14:47:19.251+0000] {processor.py:157} INFO - Started process (PID=9152) to work on /usr/local/lib/python3.8/dist-packages/airflow/example_dags/example_skip_dag.py
[2023-06-14T14:47:19.253+0000] {processor.py:826} INFO - Processing file /usr/local/lib/python3.8/dist-packages/airflow/example_dags/example_skip_dag.py for tasks to queue
[2023-06-14T14:47:19.255+0000] {logging_mixin.py:149} INFO - [2023-06-14T14:47:19.255+0000] {dagbag.py:541} INFO - Filling up the DagBag from /usr/local/lib/python3.8/dist-packages/airflow/example_dags/example_skip_dag.py
[2023-06-14T14:47:19.262+0000] {processor.py:836} INFO - DAG(s) dict_keys(['example_skip_dag']) retrieved from /usr/local/lib/python3.8/dist-packages/airflow/example_dags/example_skip_dag.py
[2023-06-14T14:47:19.284+0000] {logging_mixin.py:149} INFO - [2023-06-14T14:47:19.284+0000] {dag.py:2726} INFO - Sync 1 DAGs
[2023-06-14T14:47:19.305+0000] {logging_mixin.py:149} INFO - [2023-06-14T14:47:19.305+0000] {dag.py:3486} INFO - Setting next_dagrun for example_skip_dag to 2023-06-13T14:47:19.304768+00:00, run_after=2023-06-14T14:47:19.304768+00:00
[2023-06-14T14:47:19.335+0000] {processor.py:179} INFO - Processing /usr/local/lib/python3.8/dist-packages/airflow/example_dags/example_skip_dag.py took 0.087 seconds
[2023-06-14T14:48:12.989+0000] {processor.py:157} INFO - Started process (PID=9309) to work on /usr/local/lib/python3.8/dist-packages/airflow/example_dags/example_skip_dag.py
[2023-06-14T14:48:12.990+0000] {processor.py:826} INFO - Processing file /usr/local/lib/python3.8/dist-packages/airflow/example_dags/example_skip_dag.py for tasks to queue
[2023-06-14T14:48:12.992+0000] {logging_mixin.py:149} INFO - [2023-06-14T14:48:12.992+0000] {dagbag.py:541} INFO - Filling up the DagBag from /usr/local/lib/python3.8/dist-packages/airflow/example_dags/example_skip_dag.py
[2023-06-14T14:48:13.000+0000] {processor.py:836} INFO - DAG(s) dict_keys(['example_skip_dag']) retrieved from /usr/local/lib/python3.8/dist-packages/airflow/example_dags/example_skip_dag.py
[2023-06-14T14:48:13.021+0000] {logging_mixin.py:149} INFO - [2023-06-14T14:48:13.021+0000] {dag.py:2726} INFO - Sync 1 DAGs
[2023-06-14T14:48:13.041+0000] {logging_mixin.py:149} INFO - [2023-06-14T14:48:13.041+0000] {dag.py:3486} INFO - Setting next_dagrun for example_skip_dag to 2023-06-13T14:48:13.041483+00:00, run_after=2023-06-14T14:48:13.041483+00:00
[2023-06-14T14:48:13.070+0000] {processor.py:179} INFO - Processing /usr/local/lib/python3.8/dist-packages/airflow/example_dags/example_skip_dag.py took 0.085 seconds
[2023-06-14T14:49:08.787+0000] {processor.py:157} INFO - Started process (PID=9569) to work on /usr/local/lib/python3.8/dist-packages/airflow/example_dags/example_skip_dag.py
[2023-06-14T14:49:08.789+0000] {processor.py:826} INFO - Processing file /usr/local/lib/python3.8/dist-packages/airflow/example_dags/example_skip_dag.py for tasks to queue
[2023-06-14T14:49:08.791+0000] {logging_mixin.py:149} INFO - [2023-06-14T14:49:08.791+0000] {dagbag.py:541} INFO - Filling up the DagBag from /usr/local/lib/python3.8/dist-packages/airflow/example_dags/example_skip_dag.py
[2023-06-14T14:49:08.798+0000] {processor.py:836} INFO - DAG(s) dict_keys(['example_skip_dag']) retrieved from /usr/local/lib/python3.8/dist-packages/airflow/example_dags/example_skip_dag.py
[2023-06-14T14:49:08.820+0000] {logging_mixin.py:149} INFO - [2023-06-14T14:49:08.820+0000] {dag.py:2726} INFO - Sync 1 DAGs
[2023-06-14T14:49:08.841+0000] {logging_mixin.py:149} INFO - [2023-06-14T14:49:08.841+0000] {dag.py:3486} INFO - Setting next_dagrun for example_skip_dag to 2023-06-13T14:49:08.840801+00:00, run_after=2023-06-14T14:49:08.840801+00:00
[2023-06-14T14:49:08.867+0000] {processor.py:179} INFO - Processing /usr/local/lib/python3.8/dist-packages/airflow/example_dags/example_skip_dag.py took 0.084 seconds
[2023-06-14T14:50:05.478+0000] {processor.py:157} INFO - Started process (PID=9728) to work on /usr/local/lib/python3.8/dist-packages/airflow/example_dags/example_skip_dag.py
[2023-06-14T14:50:05.479+0000] {processor.py:826} INFO - Processing file /usr/local/lib/python3.8/dist-packages/airflow/example_dags/example_skip_dag.py for tasks to queue
[2023-06-14T14:50:05.482+0000] {logging_mixin.py:149} INFO - [2023-06-14T14:50:05.481+0000] {dagbag.py:541} INFO - Filling up the DagBag from /usr/local/lib/python3.8/dist-packages/airflow/example_dags/example_skip_dag.py
[2023-06-14T14:50:05.489+0000] {processor.py:836} INFO - DAG(s) dict_keys(['example_skip_dag']) retrieved from /usr/local/lib/python3.8/dist-packages/airflow/example_dags/example_skip_dag.py
[2023-06-14T14:50:05.510+0000] {logging_mixin.py:149} INFO - [2023-06-14T14:50:05.510+0000] {dag.py:2726} INFO - Sync 1 DAGs
[2023-06-14T14:50:05.531+0000] {logging_mixin.py:149} INFO - [2023-06-14T14:50:05.530+0000] {dag.py:3486} INFO - Setting next_dagrun for example_skip_dag to 2023-06-13T14:50:05.530542+00:00, run_after=2023-06-14T14:50:05.530542+00:00
[2023-06-14T14:50:05.557+0000] {processor.py:179} INFO - Processing /usr/local/lib/python3.8/dist-packages/airflow/example_dags/example_skip_dag.py took 0.084 seconds
[2023-06-14T14:50:56.178+0000] {processor.py:157} INFO - Started process (PID=9883) to work on /usr/local/lib/python3.8/dist-packages/airflow/example_dags/example_skip_dag.py
[2023-06-14T14:50:56.179+0000] {processor.py:826} INFO - Processing file /usr/local/lib/python3.8/dist-packages/airflow/example_dags/example_skip_dag.py for tasks to queue
[2023-06-14T14:50:56.182+0000] {logging_mixin.py:149} INFO - [2023-06-14T14:50:56.182+0000] {dagbag.py:541} INFO - Filling up the DagBag from /usr/local/lib/python3.8/dist-packages/airflow/example_dags/example_skip_dag.py
[2023-06-14T14:50:56.189+0000] {processor.py:836} INFO - DAG(s) dict_keys(['example_skip_dag']) retrieved from /usr/local/lib/python3.8/dist-packages/airflow/example_dags/example_skip_dag.py
[2023-06-14T14:50:56.210+0000] {logging_mixin.py:149} INFO - [2023-06-14T14:50:56.210+0000] {dag.py:2726} INFO - Sync 1 DAGs
[2023-06-14T14:50:56.231+0000] {logging_mixin.py:149} INFO - [2023-06-14T14:50:56.230+0000] {dag.py:3486} INFO - Setting next_dagrun for example_skip_dag to 2023-06-13T14:50:56.230693+00:00, run_after=2023-06-14T14:50:56.230693+00:00
[2023-06-14T14:50:56.260+0000] {processor.py:179} INFO - Processing /usr/local/lib/python3.8/dist-packages/airflow/example_dags/example_skip_dag.py took 0.087 seconds
[2023-06-14T14:51:45.491+0000] {processor.py:157} INFO - Started process (PID=9935) to work on /usr/local/lib/python3.8/dist-packages/airflow/example_dags/example_skip_dag.py
[2023-06-14T14:51:45.492+0000] {processor.py:826} INFO - Processing file /usr/local/lib/python3.8/dist-packages/airflow/example_dags/example_skip_dag.py for tasks to queue
[2023-06-14T14:51:45.495+0000] {logging_mixin.py:149} INFO - [2023-06-14T14:51:45.495+0000] {dagbag.py:541} INFO - Filling up the DagBag from /usr/local/lib/python3.8/dist-packages/airflow/example_dags/example_skip_dag.py
[2023-06-14T14:51:45.502+0000] {processor.py:836} INFO - DAG(s) dict_keys(['example_skip_dag']) retrieved from /usr/local/lib/python3.8/dist-packages/airflow/example_dags/example_skip_dag.py
[2023-06-14T14:51:45.524+0000] {logging_mixin.py:149} INFO - [2023-06-14T14:51:45.524+0000] {dag.py:2726} INFO - Sync 1 DAGs
[2023-06-14T14:51:45.545+0000] {logging_mixin.py:149} INFO - [2023-06-14T14:51:45.545+0000] {dag.py:3486} INFO - Setting next_dagrun for example_skip_dag to 2023-06-13T14:51:45.544853+00:00, run_after=2023-06-14T14:51:45.544853+00:00
[2023-06-14T14:51:45.577+0000] {processor.py:179} INFO - Processing /usr/local/lib/python3.8/dist-packages/airflow/example_dags/example_skip_dag.py took 0.090 seconds
[2023-06-14T14:52:34.718+0000] {processor.py:157} INFO - Started process (PID=10093) to work on /usr/local/lib/python3.8/dist-packages/airflow/example_dags/example_skip_dag.py
[2023-06-14T14:52:34.719+0000] {processor.py:826} INFO - Processing file /usr/local/lib/python3.8/dist-packages/airflow/example_dags/example_skip_dag.py for tasks to queue
[2023-06-14T14:52:34.721+0000] {logging_mixin.py:149} INFO - [2023-06-14T14:52:34.721+0000] {dagbag.py:541} INFO - Filling up the DagBag from /usr/local/lib/python3.8/dist-packages/airflow/example_dags/example_skip_dag.py
[2023-06-14T14:52:34.728+0000] {processor.py:836} INFO - DAG(s) dict_keys(['example_skip_dag']) retrieved from /usr/local/lib/python3.8/dist-packages/airflow/example_dags/example_skip_dag.py
[2023-06-14T14:52:34.750+0000] {logging_mixin.py:149} INFO - [2023-06-14T14:52:34.749+0000] {dag.py:2726} INFO - Sync 1 DAGs
[2023-06-14T14:52:34.770+0000] {logging_mixin.py:149} INFO - [2023-06-14T14:52:34.769+0000] {dag.py:3486} INFO - Setting next_dagrun for example_skip_dag to 2023-06-13T14:52:34.769632+00:00, run_after=2023-06-14T14:52:34.769632+00:00
[2023-06-14T14:52:34.796+0000] {processor.py:179} INFO - Processing /usr/local/lib/python3.8/dist-packages/airflow/example_dags/example_skip_dag.py took 0.082 seconds
[2023-06-14T14:53:26.477+0000] {processor.py:157} INFO - Started process (PID=10248) to work on /usr/local/lib/python3.8/dist-packages/airflow/example_dags/example_skip_dag.py
[2023-06-14T14:53:26.479+0000] {processor.py:826} INFO - Processing file /usr/local/lib/python3.8/dist-packages/airflow/example_dags/example_skip_dag.py for tasks to queue
[2023-06-14T14:53:26.481+0000] {logging_mixin.py:149} INFO - [2023-06-14T14:53:26.481+0000] {dagbag.py:541} INFO - Filling up the DagBag from /usr/local/lib/python3.8/dist-packages/airflow/example_dags/example_skip_dag.py
[2023-06-14T14:53:26.488+0000] {processor.py:836} INFO - DAG(s) dict_keys(['example_skip_dag']) retrieved from /usr/local/lib/python3.8/dist-packages/airflow/example_dags/example_skip_dag.py
[2023-06-14T14:53:26.510+0000] {logging_mixin.py:149} INFO - [2023-06-14T14:53:26.510+0000] {dag.py:2726} INFO - Sync 1 DAGs
[2023-06-14T14:53:26.531+0000] {logging_mixin.py:149} INFO - [2023-06-14T14:53:26.531+0000] {dag.py:3486} INFO - Setting next_dagrun for example_skip_dag to 2023-06-13T14:53:26.531094+00:00, run_after=2023-06-14T14:53:26.531094+00:00
[2023-06-14T14:53:26.558+0000] {processor.py:179} INFO - Processing /usr/local/lib/python3.8/dist-packages/airflow/example_dags/example_skip_dag.py took 0.085 seconds
[2023-06-14T14:54:21.308+0000] {processor.py:157} INFO - Started process (PID=10510) to work on /usr/local/lib/python3.8/dist-packages/airflow/example_dags/example_skip_dag.py
[2023-06-14T14:54:21.309+0000] {processor.py:826} INFO - Processing file /usr/local/lib/python3.8/dist-packages/airflow/example_dags/example_skip_dag.py for tasks to queue
[2023-06-14T14:54:21.312+0000] {logging_mixin.py:149} INFO - [2023-06-14T14:54:21.312+0000] {dagbag.py:541} INFO - Filling up the DagBag from /usr/local/lib/python3.8/dist-packages/airflow/example_dags/example_skip_dag.py
[2023-06-14T14:54:21.319+0000] {processor.py:836} INFO - DAG(s) dict_keys(['example_skip_dag']) retrieved from /usr/local/lib/python3.8/dist-packages/airflow/example_dags/example_skip_dag.py
[2023-06-14T14:54:21.341+0000] {logging_mixin.py:149} INFO - [2023-06-14T14:54:21.341+0000] {dag.py:2726} INFO - Sync 1 DAGs
[2023-06-14T14:54:21.362+0000] {logging_mixin.py:149} INFO - [2023-06-14T14:54:21.362+0000] {dag.py:3486} INFO - Setting next_dagrun for example_skip_dag to 2023-06-13T14:54:21.361838+00:00, run_after=2023-06-14T14:54:21.361838+00:00
[2023-06-14T14:54:21.394+0000] {processor.py:179} INFO - Processing /usr/local/lib/python3.8/dist-packages/airflow/example_dags/example_skip_dag.py took 0.090 seconds
[2023-06-14T14:55:13.490+0000] {processor.py:157} INFO - Started process (PID=10767) to work on /usr/local/lib/python3.8/dist-packages/airflow/example_dags/example_skip_dag.py
[2023-06-14T14:55:13.492+0000] {processor.py:826} INFO - Processing file /usr/local/lib/python3.8/dist-packages/airflow/example_dags/example_skip_dag.py for tasks to queue
[2023-06-14T14:55:13.494+0000] {logging_mixin.py:149} INFO - [2023-06-14T14:55:13.494+0000] {dagbag.py:541} INFO - Filling up the DagBag from /usr/local/lib/python3.8/dist-packages/airflow/example_dags/example_skip_dag.py
[2023-06-14T14:55:13.501+0000] {processor.py:836} INFO - DAG(s) dict_keys(['example_skip_dag']) retrieved from /usr/local/lib/python3.8/dist-packages/airflow/example_dags/example_skip_dag.py
[2023-06-14T14:55:13.522+0000] {logging_mixin.py:149} INFO - [2023-06-14T14:55:13.522+0000] {dag.py:2726} INFO - Sync 1 DAGs
[2023-06-14T14:55:13.542+0000] {logging_mixin.py:149} INFO - [2023-06-14T14:55:13.542+0000] {dag.py:3486} INFO - Setting next_dagrun for example_skip_dag to 2023-06-13T14:55:13.541793+00:00, run_after=2023-06-14T14:55:13.541793+00:00
[2023-06-14T14:55:13.571+0000] {processor.py:179} INFO - Processing /usr/local/lib/python3.8/dist-packages/airflow/example_dags/example_skip_dag.py took 0.085 seconds
[2023-06-14T14:56:07.476+0000] {processor.py:157} INFO - Started process (PID=10925) to work on /usr/local/lib/python3.8/dist-packages/airflow/example_dags/example_skip_dag.py
[2023-06-14T14:56:07.477+0000] {processor.py:826} INFO - Processing file /usr/local/lib/python3.8/dist-packages/airflow/example_dags/example_skip_dag.py for tasks to queue
[2023-06-14T14:56:07.479+0000] {logging_mixin.py:149} INFO - [2023-06-14T14:56:07.479+0000] {dagbag.py:541} INFO - Filling up the DagBag from /usr/local/lib/python3.8/dist-packages/airflow/example_dags/example_skip_dag.py
[2023-06-14T14:56:07.487+0000] {processor.py:836} INFO - DAG(s) dict_keys(['example_skip_dag']) retrieved from /usr/local/lib/python3.8/dist-packages/airflow/example_dags/example_skip_dag.py
[2023-06-14T14:56:07.511+0000] {logging_mixin.py:149} INFO - [2023-06-14T14:56:07.511+0000] {dag.py:2726} INFO - Sync 1 DAGs
[2023-06-14T14:56:07.533+0000] {logging_mixin.py:149} INFO - [2023-06-14T14:56:07.533+0000] {dag.py:3486} INFO - Setting next_dagrun for example_skip_dag to 2023-06-13T14:56:07.532877+00:00, run_after=2023-06-14T14:56:07.532877+00:00
[2023-06-14T14:56:07.563+0000] {processor.py:179} INFO - Processing /usr/local/lib/python3.8/dist-packages/airflow/example_dags/example_skip_dag.py took 0.091 seconds
[2023-06-14T14:56:58.431+0000] {processor.py:157} INFO - Started process (PID=11082) to work on /usr/local/lib/python3.8/dist-packages/airflow/example_dags/example_skip_dag.py
[2023-06-14T14:56:58.432+0000] {processor.py:826} INFO - Processing file /usr/local/lib/python3.8/dist-packages/airflow/example_dags/example_skip_dag.py for tasks to queue
[2023-06-14T14:56:58.435+0000] {logging_mixin.py:149} INFO - [2023-06-14T14:56:58.435+0000] {dagbag.py:541} INFO - Filling up the DagBag from /usr/local/lib/python3.8/dist-packages/airflow/example_dags/example_skip_dag.py
[2023-06-14T14:56:58.442+0000] {processor.py:836} INFO - DAG(s) dict_keys(['example_skip_dag']) retrieved from /usr/local/lib/python3.8/dist-packages/airflow/example_dags/example_skip_dag.py
[2023-06-14T14:56:58.463+0000] {logging_mixin.py:149} INFO - [2023-06-14T14:56:58.463+0000] {dag.py:2726} INFO - Sync 1 DAGs
[2023-06-14T14:56:58.484+0000] {logging_mixin.py:149} INFO - [2023-06-14T14:56:58.484+0000] {dag.py:3486} INFO - Setting next_dagrun for example_skip_dag to 2023-06-13T14:56:58.483866+00:00, run_after=2023-06-14T14:56:58.483866+00:00
[2023-06-14T14:56:58.512+0000] {processor.py:179} INFO - Processing /usr/local/lib/python3.8/dist-packages/airflow/example_dags/example_skip_dag.py took 0.084 seconds
[2023-06-14T14:57:48.336+0000] {processor.py:157} INFO - Started process (PID=11136) to work on /usr/local/lib/python3.8/dist-packages/airflow/example_dags/example_skip_dag.py
[2023-06-14T14:57:48.338+0000] {processor.py:826} INFO - Processing file /usr/local/lib/python3.8/dist-packages/airflow/example_dags/example_skip_dag.py for tasks to queue
[2023-06-14T14:57:48.340+0000] {logging_mixin.py:149} INFO - [2023-06-14T14:57:48.340+0000] {dagbag.py:541} INFO - Filling up the DagBag from /usr/local/lib/python3.8/dist-packages/airflow/example_dags/example_skip_dag.py
[2023-06-14T14:57:48.347+0000] {processor.py:836} INFO - DAG(s) dict_keys(['example_skip_dag']) retrieved from /usr/local/lib/python3.8/dist-packages/airflow/example_dags/example_skip_dag.py
[2023-06-14T14:57:48.369+0000] {logging_mixin.py:149} INFO - [2023-06-14T14:57:48.368+0000] {dag.py:2726} INFO - Sync 1 DAGs
[2023-06-14T14:57:48.390+0000] {logging_mixin.py:149} INFO - [2023-06-14T14:57:48.389+0000] {dag.py:3486} INFO - Setting next_dagrun for example_skip_dag to 2023-06-13T14:57:48.389533+00:00, run_after=2023-06-14T14:57:48.389533+00:00
[2023-06-14T14:57:48.417+0000] {processor.py:179} INFO - Processing /usr/local/lib/python3.8/dist-packages/airflow/example_dags/example_skip_dag.py took 0.085 seconds
[2023-06-14T14:58:41.061+0000] {processor.py:157} INFO - Started process (PID=11292) to work on /usr/local/lib/python3.8/dist-packages/airflow/example_dags/example_skip_dag.py
[2023-06-14T14:58:41.063+0000] {processor.py:826} INFO - Processing file /usr/local/lib/python3.8/dist-packages/airflow/example_dags/example_skip_dag.py for tasks to queue
[2023-06-14T14:58:41.065+0000] {logging_mixin.py:149} INFO - [2023-06-14T14:58:41.065+0000] {dagbag.py:541} INFO - Filling up the DagBag from /usr/local/lib/python3.8/dist-packages/airflow/example_dags/example_skip_dag.py
[2023-06-14T14:58:41.072+0000] {processor.py:836} INFO - DAG(s) dict_keys(['example_skip_dag']) retrieved from /usr/local/lib/python3.8/dist-packages/airflow/example_dags/example_skip_dag.py
[2023-06-14T14:58:41.094+0000] {logging_mixin.py:149} INFO - [2023-06-14T14:58:41.093+0000] {dag.py:2726} INFO - Sync 1 DAGs
[2023-06-14T14:58:41.115+0000] {logging_mixin.py:149} INFO - [2023-06-14T14:58:41.114+0000] {dag.py:3486} INFO - Setting next_dagrun for example_skip_dag to 2023-06-13T14:58:41.114531+00:00, run_after=2023-06-14T14:58:41.114531+00:00
[2023-06-14T14:58:41.142+0000] {processor.py:179} INFO - Processing /usr/local/lib/python3.8/dist-packages/airflow/example_dags/example_skip_dag.py took 0.085 seconds
[2023-06-14T14:59:24.616+0000] {processor.py:157} INFO - Started process (PID=11544) to work on /usr/local/lib/python3.8/dist-packages/airflow/example_dags/example_skip_dag.py
[2023-06-14T14:59:24.617+0000] {processor.py:826} INFO - Processing file /usr/local/lib/python3.8/dist-packages/airflow/example_dags/example_skip_dag.py for tasks to queue
[2023-06-14T14:59:24.619+0000] {logging_mixin.py:149} INFO - [2023-06-14T14:59:24.619+0000] {dagbag.py:541} INFO - Filling up the DagBag from /usr/local/lib/python3.8/dist-packages/airflow/example_dags/example_skip_dag.py
[2023-06-14T14:59:24.626+0000] {processor.py:836} INFO - DAG(s) dict_keys(['example_skip_dag']) retrieved from /usr/local/lib/python3.8/dist-packages/airflow/example_dags/example_skip_dag.py
[2023-06-14T14:59:24.648+0000] {logging_mixin.py:149} INFO - [2023-06-14T14:59:24.647+0000] {dag.py:2726} INFO - Sync 1 DAGs
[2023-06-14T14:59:24.668+0000] {logging_mixin.py:149} INFO - [2023-06-14T14:59:24.668+0000] {dag.py:3486} INFO - Setting next_dagrun for example_skip_dag to 2023-06-13T14:59:24.668428+00:00, run_after=2023-06-14T14:59:24.668428+00:00
[2023-06-14T14:59:24.696+0000] {processor.py:179} INFO - Processing /usr/local/lib/python3.8/dist-packages/airflow/example_dags/example_skip_dag.py took 0.084 seconds
[2023-06-14T15:00:15.197+0000] {processor.py:157} INFO - Started process (PID=11700) to work on /usr/local/lib/python3.8/dist-packages/airflow/example_dags/example_skip_dag.py
[2023-06-14T15:00:15.198+0000] {processor.py:826} INFO - Processing file /usr/local/lib/python3.8/dist-packages/airflow/example_dags/example_skip_dag.py for tasks to queue
[2023-06-14T15:00:15.201+0000] {logging_mixin.py:149} INFO - [2023-06-14T15:00:15.200+0000] {dagbag.py:541} INFO - Filling up the DagBag from /usr/local/lib/python3.8/dist-packages/airflow/example_dags/example_skip_dag.py
[2023-06-14T15:00:15.208+0000] {processor.py:836} INFO - DAG(s) dict_keys(['example_skip_dag']) retrieved from /usr/local/lib/python3.8/dist-packages/airflow/example_dags/example_skip_dag.py
[2023-06-14T15:00:15.230+0000] {logging_mixin.py:149} INFO - [2023-06-14T15:00:15.229+0000] {dag.py:2726} INFO - Sync 1 DAGs
[2023-06-14T15:00:15.250+0000] {logging_mixin.py:149} INFO - [2023-06-14T15:00:15.250+0000] {dag.py:3486} INFO - Setting next_dagrun for example_skip_dag to 2023-06-13T15:00:15.249983+00:00, run_after=2023-06-14T15:00:15.249983+00:00
[2023-06-14T15:00:15.279+0000] {processor.py:179} INFO - Processing /usr/local/lib/python3.8/dist-packages/airflow/example_dags/example_skip_dag.py took 0.086 seconds
[2023-06-14T15:01:05.894+0000] {processor.py:157} INFO - Started process (PID=11857) to work on /usr/local/lib/python3.8/dist-packages/airflow/example_dags/example_skip_dag.py
[2023-06-14T15:01:05.896+0000] {processor.py:826} INFO - Processing file /usr/local/lib/python3.8/dist-packages/airflow/example_dags/example_skip_dag.py for tasks to queue
[2023-06-14T15:01:05.898+0000] {logging_mixin.py:149} INFO - [2023-06-14T15:01:05.898+0000] {dagbag.py:541} INFO - Filling up the DagBag from /usr/local/lib/python3.8/dist-packages/airflow/example_dags/example_skip_dag.py
[2023-06-14T15:01:05.905+0000] {processor.py:836} INFO - DAG(s) dict_keys(['example_skip_dag']) retrieved from /usr/local/lib/python3.8/dist-packages/airflow/example_dags/example_skip_dag.py
[2023-06-14T15:01:05.927+0000] {logging_mixin.py:149} INFO - [2023-06-14T15:01:05.927+0000] {dag.py:2726} INFO - Sync 1 DAGs
[2023-06-14T15:01:05.947+0000] {logging_mixin.py:149} INFO - [2023-06-14T15:01:05.947+0000] {dag.py:3486} INFO - Setting next_dagrun for example_skip_dag to 2023-06-13T15:01:05.947408+00:00, run_after=2023-06-14T15:01:05.947408+00:00
[2023-06-14T15:01:05.976+0000] {processor.py:179} INFO - Processing /usr/local/lib/python3.8/dist-packages/airflow/example_dags/example_skip_dag.py took 0.086 seconds
[2023-06-14T15:01:58.128+0000] {processor.py:157} INFO - Started process (PID=12012) to work on /usr/local/lib/python3.8/dist-packages/airflow/example_dags/example_skip_dag.py
[2023-06-14T15:01:58.129+0000] {processor.py:826} INFO - Processing file /usr/local/lib/python3.8/dist-packages/airflow/example_dags/example_skip_dag.py for tasks to queue
[2023-06-14T15:01:58.132+0000] {logging_mixin.py:149} INFO - [2023-06-14T15:01:58.131+0000] {dagbag.py:541} INFO - Filling up the DagBag from /usr/local/lib/python3.8/dist-packages/airflow/example_dags/example_skip_dag.py
[2023-06-14T15:01:58.139+0000] {processor.py:836} INFO - DAG(s) dict_keys(['example_skip_dag']) retrieved from /usr/local/lib/python3.8/dist-packages/airflow/example_dags/example_skip_dag.py
[2023-06-14T15:01:58.160+0000] {logging_mixin.py:149} INFO - [2023-06-14T15:01:58.159+0000] {dag.py:2726} INFO - Sync 1 DAGs
[2023-06-14T15:01:58.181+0000] {logging_mixin.py:149} INFO - [2023-06-14T15:01:58.181+0000] {dag.py:3486} INFO - Setting next_dagrun for example_skip_dag to 2023-06-13T15:01:58.180922+00:00, run_after=2023-06-14T15:01:58.180922+00:00
[2023-06-14T15:01:58.213+0000] {processor.py:179} INFO - Processing /usr/local/lib/python3.8/dist-packages/airflow/example_dags/example_skip_dag.py took 0.089 seconds
[2023-06-14T15:02:48.558+0000] {processor.py:157} INFO - Started process (PID=12073) to work on /usr/local/lib/python3.8/dist-packages/airflow/example_dags/example_skip_dag.py
[2023-06-14T15:02:48.559+0000] {processor.py:826} INFO - Processing file /usr/local/lib/python3.8/dist-packages/airflow/example_dags/example_skip_dag.py for tasks to queue
[2023-06-14T15:02:48.561+0000] {logging_mixin.py:149} INFO - [2023-06-14T15:02:48.561+0000] {dagbag.py:541} INFO - Filling up the DagBag from /usr/local/lib/python3.8/dist-packages/airflow/example_dags/example_skip_dag.py
[2023-06-14T15:02:48.568+0000] {processor.py:836} INFO - DAG(s) dict_keys(['example_skip_dag']) retrieved from /usr/local/lib/python3.8/dist-packages/airflow/example_dags/example_skip_dag.py
[2023-06-14T15:02:48.590+0000] {logging_mixin.py:149} INFO - [2023-06-14T15:02:48.590+0000] {dag.py:2726} INFO - Sync 1 DAGs
[2023-06-14T15:02:48.611+0000] {logging_mixin.py:149} INFO - [2023-06-14T15:02:48.610+0000] {dag.py:3486} INFO - Setting next_dagrun for example_skip_dag to 2023-06-13T15:02:48.610688+00:00, run_after=2023-06-14T15:02:48.610688+00:00
[2023-06-14T15:02:48.639+0000] {processor.py:179} INFO - Processing /usr/local/lib/python3.8/dist-packages/airflow/example_dags/example_skip_dag.py took 0.086 seconds
[2023-06-14T15:03:41.190+0000] {processor.py:157} INFO - Started process (PID=12332) to work on /usr/local/lib/python3.8/dist-packages/airflow/example_dags/example_skip_dag.py
[2023-06-14T15:03:41.192+0000] {processor.py:826} INFO - Processing file /usr/local/lib/python3.8/dist-packages/airflow/example_dags/example_skip_dag.py for tasks to queue
[2023-06-14T15:03:41.194+0000] {logging_mixin.py:149} INFO - [2023-06-14T15:03:41.194+0000] {dagbag.py:541} INFO - Filling up the DagBag from /usr/local/lib/python3.8/dist-packages/airflow/example_dags/example_skip_dag.py
[2023-06-14T15:03:41.201+0000] {processor.py:836} INFO - DAG(s) dict_keys(['example_skip_dag']) retrieved from /usr/local/lib/python3.8/dist-packages/airflow/example_dags/example_skip_dag.py
[2023-06-14T15:03:41.223+0000] {logging_mixin.py:149} INFO - [2023-06-14T15:03:41.223+0000] {dag.py:2726} INFO - Sync 1 DAGs
[2023-06-14T15:03:41.243+0000] {logging_mixin.py:149} INFO - [2023-06-14T15:03:41.243+0000] {dag.py:3486} INFO - Setting next_dagrun for example_skip_dag to 2023-06-13T15:03:41.243216+00:00, run_after=2023-06-14T15:03:41.243216+00:00
[2023-06-14T15:03:41.271+0000] {processor.py:179} INFO - Processing /usr/local/lib/python3.8/dist-packages/airflow/example_dags/example_skip_dag.py took 0.084 seconds
[2023-06-14T15:04:31.555+0000] {processor.py:157} INFO - Started process (PID=12590) to work on /usr/local/lib/python3.8/dist-packages/airflow/example_dags/example_skip_dag.py
[2023-06-14T15:04:31.557+0000] {processor.py:826} INFO - Processing file /usr/local/lib/python3.8/dist-packages/airflow/example_dags/example_skip_dag.py for tasks to queue
[2023-06-14T15:04:31.560+0000] {logging_mixin.py:149} INFO - [2023-06-14T15:04:31.560+0000] {dagbag.py:541} INFO - Filling up the DagBag from /usr/local/lib/python3.8/dist-packages/airflow/example_dags/example_skip_dag.py
[2023-06-14T15:04:31.567+0000] {processor.py:836} INFO - DAG(s) dict_keys(['example_skip_dag']) retrieved from /usr/local/lib/python3.8/dist-packages/airflow/example_dags/example_skip_dag.py
[2023-06-14T15:04:31.589+0000] {logging_mixin.py:149} INFO - [2023-06-14T15:04:31.588+0000] {dag.py:2726} INFO - Sync 1 DAGs
[2023-06-14T15:04:31.610+0000] {logging_mixin.py:149} INFO - [2023-06-14T15:04:31.610+0000] {dag.py:3486} INFO - Setting next_dagrun for example_skip_dag to 2023-06-13T15:04:31.610050+00:00, run_after=2023-06-14T15:04:31.610050+00:00
[2023-06-14T15:04:31.639+0000] {processor.py:179} INFO - Processing /usr/local/lib/python3.8/dist-packages/airflow/example_dags/example_skip_dag.py took 0.088 seconds
[2023-06-14T15:05:27.030+0000] {processor.py:157} INFO - Started process (PID=12986) to work on /usr/local/lib/python3.8/dist-packages/airflow/example_dags/example_skip_dag.py
[2023-06-14T15:05:27.032+0000] {processor.py:826} INFO - Processing file /usr/local/lib/python3.8/dist-packages/airflow/example_dags/example_skip_dag.py for tasks to queue
[2023-06-14T15:05:27.034+0000] {logging_mixin.py:149} INFO - [2023-06-14T15:05:27.034+0000] {dagbag.py:541} INFO - Filling up the DagBag from /usr/local/lib/python3.8/dist-packages/airflow/example_dags/example_skip_dag.py
[2023-06-14T15:05:27.043+0000] {processor.py:836} INFO - DAG(s) dict_keys(['example_skip_dag']) retrieved from /usr/local/lib/python3.8/dist-packages/airflow/example_dags/example_skip_dag.py
[2023-06-14T15:05:27.070+0000] {logging_mixin.py:149} INFO - [2023-06-14T15:05:27.069+0000] {dag.py:2726} INFO - Sync 1 DAGs
[2023-06-14T15:05:27.092+0000] {logging_mixin.py:149} INFO - [2023-06-14T15:05:27.092+0000] {dag.py:3486} INFO - Setting next_dagrun for example_skip_dag to 2023-06-13T15:05:27.091862+00:00, run_after=2023-06-14T15:05:27.091862+00:00
[2023-06-14T15:05:27.123+0000] {processor.py:179} INFO - Processing /usr/local/lib/python3.8/dist-packages/airflow/example_dags/example_skip_dag.py took 0.098 seconds
[2023-06-14T15:06:21.643+0000] {processor.py:157} INFO - Started process (PID=13144) to work on /usr/local/lib/python3.8/dist-packages/airflow/example_dags/example_skip_dag.py
[2023-06-14T15:06:21.645+0000] {processor.py:826} INFO - Processing file /usr/local/lib/python3.8/dist-packages/airflow/example_dags/example_skip_dag.py for tasks to queue
[2023-06-14T15:06:21.647+0000] {logging_mixin.py:149} INFO - [2023-06-14T15:06:21.647+0000] {dagbag.py:541} INFO - Filling up the DagBag from /usr/local/lib/python3.8/dist-packages/airflow/example_dags/example_skip_dag.py
[2023-06-14T15:06:21.654+0000] {processor.py:836} INFO - DAG(s) dict_keys(['example_skip_dag']) retrieved from /usr/local/lib/python3.8/dist-packages/airflow/example_dags/example_skip_dag.py
[2023-06-14T15:06:21.676+0000] {logging_mixin.py:149} INFO - [2023-06-14T15:06:21.675+0000] {dag.py:2726} INFO - Sync 1 DAGs
[2023-06-14T15:06:21.696+0000] {logging_mixin.py:149} INFO - [2023-06-14T15:06:21.696+0000] {dag.py:3486} INFO - Setting next_dagrun for example_skip_dag to 2023-06-13T15:06:21.695876+00:00, run_after=2023-06-14T15:06:21.695876+00:00
[2023-06-14T15:06:21.722+0000] {processor.py:179} INFO - Processing /usr/local/lib/python3.8/dist-packages/airflow/example_dags/example_skip_dag.py took 0.083 seconds
[2023-06-14T15:07:11.711+0000] {processor.py:157} INFO - Started process (PID=13407) to work on /usr/local/lib/python3.8/dist-packages/airflow/example_dags/example_skip_dag.py
[2023-06-14T15:07:11.713+0000] {processor.py:826} INFO - Processing file /usr/local/lib/python3.8/dist-packages/airflow/example_dags/example_skip_dag.py for tasks to queue
[2023-06-14T15:07:11.716+0000] {logging_mixin.py:149} INFO - [2023-06-14T15:07:11.716+0000] {dagbag.py:541} INFO - Filling up the DagBag from /usr/local/lib/python3.8/dist-packages/airflow/example_dags/example_skip_dag.py
[2023-06-14T15:07:11.723+0000] {processor.py:836} INFO - DAG(s) dict_keys(['example_skip_dag']) retrieved from /usr/local/lib/python3.8/dist-packages/airflow/example_dags/example_skip_dag.py
[2023-06-14T15:07:11.749+0000] {logging_mixin.py:149} INFO - [2023-06-14T15:07:11.748+0000] {dag.py:2726} INFO - Sync 1 DAGs
[2023-06-14T15:07:11.768+0000] {logging_mixin.py:149} INFO - [2023-06-14T15:07:11.768+0000] {dag.py:3486} INFO - Setting next_dagrun for example_skip_dag to 2023-06-13T15:07:11.768364+00:00, run_after=2023-06-14T15:07:11.768364+00:00
[2023-06-14T15:07:11.795+0000] {processor.py:179} INFO - Processing /usr/local/lib/python3.8/dist-packages/airflow/example_dags/example_skip_dag.py took 0.088 seconds
[2023-06-14T15:08:03.182+0000] {processor.py:157} INFO - Started process (PID=13571) to work on /usr/local/lib/python3.8/dist-packages/airflow/example_dags/example_skip_dag.py
[2023-06-14T15:08:03.183+0000] {processor.py:826} INFO - Processing file /usr/local/lib/python3.8/dist-packages/airflow/example_dags/example_skip_dag.py for tasks to queue
[2023-06-14T15:08:03.185+0000] {logging_mixin.py:149} INFO - [2023-06-14T15:08:03.185+0000] {dagbag.py:541} INFO - Filling up the DagBag from /usr/local/lib/python3.8/dist-packages/airflow/example_dags/example_skip_dag.py
[2023-06-14T15:08:03.193+0000] {processor.py:836} INFO - DAG(s) dict_keys(['example_skip_dag']) retrieved from /usr/local/lib/python3.8/dist-packages/airflow/example_dags/example_skip_dag.py
[2023-06-14T15:08:03.214+0000] {logging_mixin.py:149} INFO - [2023-06-14T15:08:03.214+0000] {dag.py:2726} INFO - Sync 1 DAGs
[2023-06-14T15:08:03.235+0000] {logging_mixin.py:149} INFO - [2023-06-14T15:08:03.235+0000] {dag.py:3486} INFO - Setting next_dagrun for example_skip_dag to 2023-06-13T15:08:03.235020+00:00, run_after=2023-06-14T15:08:03.235020+00:00
[2023-06-14T15:08:03.271+0000] {processor.py:179} INFO - Processing /usr/local/lib/python3.8/dist-packages/airflow/example_dags/example_skip_dag.py took 0.093 seconds
[2023-06-14T15:08:53.606+0000] {processor.py:157} INFO - Started process (PID=13726) to work on /usr/local/lib/python3.8/dist-packages/airflow/example_dags/example_skip_dag.py
[2023-06-14T15:08:53.608+0000] {processor.py:826} INFO - Processing file /usr/local/lib/python3.8/dist-packages/airflow/example_dags/example_skip_dag.py for tasks to queue
[2023-06-14T15:08:53.610+0000] {logging_mixin.py:149} INFO - [2023-06-14T15:08:53.610+0000] {dagbag.py:541} INFO - Filling up the DagBag from /usr/local/lib/python3.8/dist-packages/airflow/example_dags/example_skip_dag.py
[2023-06-14T15:08:53.617+0000] {processor.py:836} INFO - DAG(s) dict_keys(['example_skip_dag']) retrieved from /usr/local/lib/python3.8/dist-packages/airflow/example_dags/example_skip_dag.py
[2023-06-14T15:08:53.638+0000] {logging_mixin.py:149} INFO - [2023-06-14T15:08:53.638+0000] {dag.py:2726} INFO - Sync 1 DAGs
[2023-06-14T15:08:53.658+0000] {logging_mixin.py:149} INFO - [2023-06-14T15:08:53.658+0000] {dag.py:3486} INFO - Setting next_dagrun for example_skip_dag to 2023-06-13T15:08:53.658434+00:00, run_after=2023-06-14T15:08:53.658434+00:00
[2023-06-14T15:08:53.686+0000] {processor.py:179} INFO - Processing /usr/local/lib/python3.8/dist-packages/airflow/example_dags/example_skip_dag.py took 0.083 seconds
[2023-06-14T15:09:42.057+0000] {processor.py:157} INFO - Started process (PID=13879) to work on /usr/local/lib/python3.8/dist-packages/airflow/example_dags/example_skip_dag.py
[2023-06-14T15:09:42.059+0000] {processor.py:826} INFO - Processing file /usr/local/lib/python3.8/dist-packages/airflow/example_dags/example_skip_dag.py for tasks to queue
[2023-06-14T15:09:42.062+0000] {logging_mixin.py:149} INFO - [2023-06-14T15:09:42.062+0000] {dagbag.py:541} INFO - Filling up the DagBag from /usr/local/lib/python3.8/dist-packages/airflow/example_dags/example_skip_dag.py
[2023-06-14T15:09:42.069+0000] {processor.py:836} INFO - DAG(s) dict_keys(['example_skip_dag']) retrieved from /usr/local/lib/python3.8/dist-packages/airflow/example_dags/example_skip_dag.py
[2023-06-14T15:09:42.091+0000] {logging_mixin.py:149} INFO - [2023-06-14T15:09:42.090+0000] {dag.py:2726} INFO - Sync 1 DAGs
[2023-06-14T15:09:42.112+0000] {logging_mixin.py:149} INFO - [2023-06-14T15:09:42.112+0000] {dag.py:3486} INFO - Setting next_dagrun for example_skip_dag to 2023-06-13T15:09:42.111776+00:00, run_after=2023-06-14T15:09:42.111776+00:00
[2023-06-14T15:09:42.138+0000] {processor.py:179} INFO - Processing /usr/local/lib/python3.8/dist-packages/airflow/example_dags/example_skip_dag.py took 0.085 seconds
[2023-06-14T15:10:36.227+0000] {processor.py:157} INFO - Started process (PID=14035) to work on /usr/local/lib/python3.8/dist-packages/airflow/example_dags/example_skip_dag.py
[2023-06-14T15:10:36.228+0000] {processor.py:826} INFO - Processing file /usr/local/lib/python3.8/dist-packages/airflow/example_dags/example_skip_dag.py for tasks to queue
[2023-06-14T15:10:36.230+0000] {logging_mixin.py:149} INFO - [2023-06-14T15:10:36.230+0000] {dagbag.py:541} INFO - Filling up the DagBag from /usr/local/lib/python3.8/dist-packages/airflow/example_dags/example_skip_dag.py
[2023-06-14T15:10:36.238+0000] {processor.py:836} INFO - DAG(s) dict_keys(['example_skip_dag']) retrieved from /usr/local/lib/python3.8/dist-packages/airflow/example_dags/example_skip_dag.py
[2023-06-14T15:10:36.260+0000] {logging_mixin.py:149} INFO - [2023-06-14T15:10:36.259+0000] {dag.py:2726} INFO - Sync 1 DAGs
[2023-06-14T15:10:36.281+0000] {logging_mixin.py:149} INFO - [2023-06-14T15:10:36.281+0000] {dag.py:3486} INFO - Setting next_dagrun for example_skip_dag to 2023-06-13T15:10:36.281245+00:00, run_after=2023-06-14T15:10:36.281245+00:00
[2023-06-14T15:10:36.310+0000] {processor.py:179} INFO - Processing /usr/local/lib/python3.8/dist-packages/airflow/example_dags/example_skip_dag.py took 0.087 seconds
[2023-06-14T15:11:18.683+0000] {processor.py:157} INFO - Started process (PID=14187) to work on /usr/local/lib/python3.8/dist-packages/airflow/example_dags/example_skip_dag.py
[2023-06-14T15:11:18.685+0000] {processor.py:826} INFO - Processing file /usr/local/lib/python3.8/dist-packages/airflow/example_dags/example_skip_dag.py for tasks to queue
[2023-06-14T15:11:18.687+0000] {logging_mixin.py:149} INFO - [2023-06-14T15:11:18.687+0000] {dagbag.py:541} INFO - Filling up the DagBag from /usr/local/lib/python3.8/dist-packages/airflow/example_dags/example_skip_dag.py
[2023-06-14T15:11:18.694+0000] {processor.py:836} INFO - DAG(s) dict_keys(['example_skip_dag']) retrieved from /usr/local/lib/python3.8/dist-packages/airflow/example_dags/example_skip_dag.py
[2023-06-14T15:11:18.716+0000] {logging_mixin.py:149} INFO - [2023-06-14T15:11:18.715+0000] {dag.py:2726} INFO - Sync 1 DAGs
[2023-06-14T15:11:18.737+0000] {logging_mixin.py:149} INFO - [2023-06-14T15:11:18.736+0000] {dag.py:3486} INFO - Setting next_dagrun for example_skip_dag to 2023-06-13T15:11:18.736615+00:00, run_after=2023-06-14T15:11:18.736615+00:00
[2023-06-14T15:11:18.768+0000] {processor.py:179} INFO - Processing /usr/local/lib/python3.8/dist-packages/airflow/example_dags/example_skip_dag.py took 0.089 seconds
[2023-06-14T15:12:13.856+0000] {processor.py:157} INFO - Started process (PID=14349) to work on /usr/local/lib/python3.8/dist-packages/airflow/example_dags/example_skip_dag.py
[2023-06-14T15:12:13.858+0000] {processor.py:826} INFO - Processing file /usr/local/lib/python3.8/dist-packages/airflow/example_dags/example_skip_dag.py for tasks to queue
[2023-06-14T15:12:13.860+0000] {logging_mixin.py:149} INFO - [2023-06-14T15:12:13.860+0000] {dagbag.py:541} INFO - Filling up the DagBag from /usr/local/lib/python3.8/dist-packages/airflow/example_dags/example_skip_dag.py
[2023-06-14T15:12:13.867+0000] {processor.py:836} INFO - DAG(s) dict_keys(['example_skip_dag']) retrieved from /usr/local/lib/python3.8/dist-packages/airflow/example_dags/example_skip_dag.py
[2023-06-14T15:12:13.889+0000] {logging_mixin.py:149} INFO - [2023-06-14T15:12:13.889+0000] {dag.py:2726} INFO - Sync 1 DAGs
[2023-06-14T15:12:13.909+0000] {logging_mixin.py:149} INFO - [2023-06-14T15:12:13.909+0000] {dag.py:3486} INFO - Setting next_dagrun for example_skip_dag to 2023-06-13T15:12:13.909388+00:00, run_after=2023-06-14T15:12:13.909388+00:00
[2023-06-14T15:12:13.937+0000] {processor.py:179} INFO - Processing /usr/local/lib/python3.8/dist-packages/airflow/example_dags/example_skip_dag.py took 0.085 seconds
[2023-06-14T15:13:04.839+0000] {processor.py:157} INFO - Started process (PID=14504) to work on /usr/local/lib/python3.8/dist-packages/airflow/example_dags/example_skip_dag.py
[2023-06-14T15:13:04.840+0000] {processor.py:826} INFO - Processing file /usr/local/lib/python3.8/dist-packages/airflow/example_dags/example_skip_dag.py for tasks to queue
[2023-06-14T15:13:04.842+0000] {logging_mixin.py:149} INFO - [2023-06-14T15:13:04.842+0000] {dagbag.py:541} INFO - Filling up the DagBag from /usr/local/lib/python3.8/dist-packages/airflow/example_dags/example_skip_dag.py
[2023-06-14T15:13:04.849+0000] {processor.py:836} INFO - DAG(s) dict_keys(['example_skip_dag']) retrieved from /usr/local/lib/python3.8/dist-packages/airflow/example_dags/example_skip_dag.py
[2023-06-14T15:13:04.871+0000] {logging_mixin.py:149} INFO - [2023-06-14T15:13:04.870+0000] {dag.py:2726} INFO - Sync 1 DAGs
[2023-06-14T15:13:04.891+0000] {logging_mixin.py:149} INFO - [2023-06-14T15:13:04.891+0000] {dag.py:3486} INFO - Setting next_dagrun for example_skip_dag to 2023-06-13T15:13:04.891500+00:00, run_after=2023-06-14T15:13:04.891500+00:00
[2023-06-14T15:13:04.918+0000] {processor.py:179} INFO - Processing /usr/local/lib/python3.8/dist-packages/airflow/example_dags/example_skip_dag.py took 0.083 seconds
[2023-06-14T15:13:55.635+0000] {processor.py:157} INFO - Started process (PID=14660) to work on /usr/local/lib/python3.8/dist-packages/airflow/example_dags/example_skip_dag.py
[2023-06-14T15:13:55.636+0000] {processor.py:826} INFO - Processing file /usr/local/lib/python3.8/dist-packages/airflow/example_dags/example_skip_dag.py for tasks to queue
[2023-06-14T15:13:55.639+0000] {logging_mixin.py:149} INFO - [2023-06-14T15:13:55.639+0000] {dagbag.py:541} INFO - Filling up the DagBag from /usr/local/lib/python3.8/dist-packages/airflow/example_dags/example_skip_dag.py
[2023-06-14T15:13:55.646+0000] {processor.py:836} INFO - DAG(s) dict_keys(['example_skip_dag']) retrieved from /usr/local/lib/python3.8/dist-packages/airflow/example_dags/example_skip_dag.py
[2023-06-14T15:13:55.667+0000] {logging_mixin.py:149} INFO - [2023-06-14T15:13:55.667+0000] {dag.py:2726} INFO - Sync 1 DAGs
[2023-06-14T15:13:55.687+0000] {logging_mixin.py:149} INFO - [2023-06-14T15:13:55.687+0000] {dag.py:3486} INFO - Setting next_dagrun for example_skip_dag to 2023-06-13T15:13:55.687357+00:00, run_after=2023-06-14T15:13:55.687357+00:00
[2023-06-14T15:13:55.717+0000] {processor.py:179} INFO - Processing /usr/local/lib/python3.8/dist-packages/airflow/example_dags/example_skip_dag.py took 0.086 seconds
[2023-06-14T15:14:43.723+0000] {processor.py:157} INFO - Started process (PID=14813) to work on /usr/local/lib/python3.8/dist-packages/airflow/example_dags/example_skip_dag.py
[2023-06-14T15:14:43.725+0000] {processor.py:826} INFO - Processing file /usr/local/lib/python3.8/dist-packages/airflow/example_dags/example_skip_dag.py for tasks to queue
[2023-06-14T15:14:43.728+0000] {logging_mixin.py:149} INFO - [2023-06-14T15:14:43.728+0000] {dagbag.py:541} INFO - Filling up the DagBag from /usr/local/lib/python3.8/dist-packages/airflow/example_dags/example_skip_dag.py
[2023-06-14T15:14:43.735+0000] {processor.py:836} INFO - DAG(s) dict_keys(['example_skip_dag']) retrieved from /usr/local/lib/python3.8/dist-packages/airflow/example_dags/example_skip_dag.py
[2023-06-14T15:14:43.756+0000] {logging_mixin.py:149} INFO - [2023-06-14T15:14:43.756+0000] {dag.py:2726} INFO - Sync 1 DAGs
[2023-06-14T15:14:43.776+0000] {logging_mixin.py:149} INFO - [2023-06-14T15:14:43.776+0000] {dag.py:3486} INFO - Setting next_dagrun for example_skip_dag to 2023-06-13T15:14:43.776494+00:00, run_after=2023-06-14T15:14:43.776494+00:00
[2023-06-14T15:14:43.812+0000] {processor.py:179} INFO - Processing /usr/local/lib/python3.8/dist-packages/airflow/example_dags/example_skip_dag.py took 0.093 seconds
[2023-06-14T15:15:36.582+0000] {processor.py:157} INFO - Started process (PID=14968) to work on /usr/local/lib/python3.8/dist-packages/airflow/example_dags/example_skip_dag.py
[2023-06-14T15:15:36.583+0000] {processor.py:826} INFO - Processing file /usr/local/lib/python3.8/dist-packages/airflow/example_dags/example_skip_dag.py for tasks to queue
[2023-06-14T15:15:36.586+0000] {logging_mixin.py:149} INFO - [2023-06-14T15:15:36.586+0000] {dagbag.py:541} INFO - Filling up the DagBag from /usr/local/lib/python3.8/dist-packages/airflow/example_dags/example_skip_dag.py
[2023-06-14T15:15:36.593+0000] {processor.py:836} INFO - DAG(s) dict_keys(['example_skip_dag']) retrieved from /usr/local/lib/python3.8/dist-packages/airflow/example_dags/example_skip_dag.py
[2023-06-14T15:15:36.614+0000] {logging_mixin.py:149} INFO - [2023-06-14T15:15:36.614+0000] {dag.py:2726} INFO - Sync 1 DAGs
[2023-06-14T15:15:36.635+0000] {logging_mixin.py:149} INFO - [2023-06-14T15:15:36.635+0000] {dag.py:3486} INFO - Setting next_dagrun for example_skip_dag to 2023-06-13T15:15:36.635088+00:00, run_after=2023-06-14T15:15:36.635088+00:00
[2023-06-14T15:15:36.663+0000] {processor.py:179} INFO - Processing /usr/local/lib/python3.8/dist-packages/airflow/example_dags/example_skip_dag.py took 0.085 seconds
