[2023-06-14T14:16:51.177+0000] {processor.py:157} INFO - Started process (PID=1923) to work on /usr/local/lib/python3.8/dist-packages/airflow/example_dags/example_setup_teardown.py
[2023-06-14T14:16:51.178+0000] {processor.py:826} INFO - Processing file /usr/local/lib/python3.8/dist-packages/airflow/example_dags/example_setup_teardown.py for tasks to queue
[2023-06-14T14:16:51.181+0000] {logging_mixin.py:149} INFO - [2023-06-14T14:16:51.180+0000] {dagbag.py:541} INFO - Filling up the DagBag from /usr/local/lib/python3.8/dist-packages/airflow/example_dags/example_setup_teardown.py
[2023-06-14T14:16:51.182+0000] {processor.py:838} WARNING - No viable dags retrieved from /usr/local/lib/python3.8/dist-packages/airflow/example_dags/example_setup_teardown.py
[2023-06-14T14:16:51.194+0000] {processor.py:179} INFO - Processing /usr/local/lib/python3.8/dist-packages/airflow/example_dags/example_setup_teardown.py took 0.021 seconds
[2023-06-14T14:19:13.825+0000] {processor.py:157} INFO - Started process (PID=3896) to work on /usr/local/lib/python3.8/dist-packages/airflow/example_dags/example_setup_teardown.py
[2023-06-14T14:19:13.826+0000] {processor.py:826} INFO - Processing file /usr/local/lib/python3.8/dist-packages/airflow/example_dags/example_setup_teardown.py for tasks to queue
[2023-06-14T14:19:13.830+0000] {logging_mixin.py:149} INFO - [2023-06-14T14:19:13.830+0000] {dagbag.py:541} INFO - Filling up the DagBag from /usr/local/lib/python3.8/dist-packages/airflow/example_dags/example_setup_teardown.py
[2023-06-14T14:19:13.832+0000] {processor.py:838} WARNING - No viable dags retrieved from /usr/local/lib/python3.8/dist-packages/airflow/example_dags/example_setup_teardown.py
[2023-06-14T14:19:13.846+0000] {processor.py:179} INFO - Processing /usr/local/lib/python3.8/dist-packages/airflow/example_dags/example_setup_teardown.py took 0.025 seconds
[2023-06-14T14:20:01.936+0000] {processor.py:157} INFO - Started process (PID=4268) to work on /usr/local/lib/python3.8/dist-packages/airflow/example_dags/example_setup_teardown.py
[2023-06-14T14:20:01.937+0000] {processor.py:826} INFO - Processing file /usr/local/lib/python3.8/dist-packages/airflow/example_dags/example_setup_teardown.py for tasks to queue
[2023-06-14T14:20:01.939+0000] {logging_mixin.py:149} INFO - [2023-06-14T14:20:01.939+0000] {dagbag.py:541} INFO - Filling up the DagBag from /usr/local/lib/python3.8/dist-packages/airflow/example_dags/example_setup_teardown.py
[2023-06-14T14:20:01.941+0000] {processor.py:838} WARNING - No viable dags retrieved from /usr/local/lib/python3.8/dist-packages/airflow/example_dags/example_setup_teardown.py
[2023-06-14T14:20:01.953+0000] {processor.py:179} INFO - Processing /usr/local/lib/python3.8/dist-packages/airflow/example_dags/example_setup_teardown.py took 0.021 seconds
[2023-06-14T14:20:50.194+0000] {processor.py:157} INFO - Started process (PID=4355) to work on /usr/local/lib/python3.8/dist-packages/airflow/example_dags/example_setup_teardown.py
[2023-06-14T14:20:50.195+0000] {processor.py:826} INFO - Processing file /usr/local/lib/python3.8/dist-packages/airflow/example_dags/example_setup_teardown.py for tasks to queue
[2023-06-14T14:20:50.198+0000] {logging_mixin.py:149} INFO - [2023-06-14T14:20:50.197+0000] {dagbag.py:541} INFO - Filling up the DagBag from /usr/local/lib/python3.8/dist-packages/airflow/example_dags/example_setup_teardown.py
[2023-06-14T14:20:50.199+0000] {processor.py:838} WARNING - No viable dags retrieved from /usr/local/lib/python3.8/dist-packages/airflow/example_dags/example_setup_teardown.py
[2023-06-14T14:20:50.211+0000] {processor.py:179} INFO - Processing /usr/local/lib/python3.8/dist-packages/airflow/example_dags/example_setup_teardown.py took 0.021 seconds
[2023-06-14T14:21:44.003+0000] {processor.py:157} INFO - Started process (PID=4471) to work on /usr/local/lib/python3.8/dist-packages/airflow/example_dags/example_setup_teardown.py
[2023-06-14T14:21:44.005+0000] {processor.py:826} INFO - Processing file /usr/local/lib/python3.8/dist-packages/airflow/example_dags/example_setup_teardown.py for tasks to queue
[2023-06-14T14:21:44.007+0000] {logging_mixin.py:149} INFO - [2023-06-14T14:21:44.007+0000] {dagbag.py:541} INFO - Filling up the DagBag from /usr/local/lib/python3.8/dist-packages/airflow/example_dags/example_setup_teardown.py
[2023-06-14T14:21:44.009+0000] {processor.py:838} WARNING - No viable dags retrieved from /usr/local/lib/python3.8/dist-packages/airflow/example_dags/example_setup_teardown.py
[2023-06-14T14:21:44.021+0000] {processor.py:179} INFO - Processing /usr/local/lib/python3.8/dist-packages/airflow/example_dags/example_setup_teardown.py took 0.022 seconds
[2023-06-14T14:22:36.955+0000] {processor.py:157} INFO - Started process (PID=4633) to work on /usr/local/lib/python3.8/dist-packages/airflow/example_dags/example_setup_teardown.py
[2023-06-14T14:22:36.957+0000] {processor.py:826} INFO - Processing file /usr/local/lib/python3.8/dist-packages/airflow/example_dags/example_setup_teardown.py for tasks to queue
[2023-06-14T14:22:36.959+0000] {logging_mixin.py:149} INFO - [2023-06-14T14:22:36.959+0000] {dagbag.py:541} INFO - Filling up the DagBag from /usr/local/lib/python3.8/dist-packages/airflow/example_dags/example_setup_teardown.py
[2023-06-14T14:22:36.961+0000] {processor.py:838} WARNING - No viable dags retrieved from /usr/local/lib/python3.8/dist-packages/airflow/example_dags/example_setup_teardown.py
[2023-06-14T14:22:36.974+0000] {processor.py:179} INFO - Processing /usr/local/lib/python3.8/dist-packages/airflow/example_dags/example_setup_teardown.py took 0.023 seconds
[2023-06-14T14:23:23.806+0000] {processor.py:157} INFO - Started process (PID=4787) to work on /usr/local/lib/python3.8/dist-packages/airflow/example_dags/example_setup_teardown.py
[2023-06-14T14:23:23.807+0000] {processor.py:826} INFO - Processing file /usr/local/lib/python3.8/dist-packages/airflow/example_dags/example_setup_teardown.py for tasks to queue
[2023-06-14T14:23:23.810+0000] {logging_mixin.py:149} INFO - [2023-06-14T14:23:23.810+0000] {dagbag.py:541} INFO - Filling up the DagBag from /usr/local/lib/python3.8/dist-packages/airflow/example_dags/example_setup_teardown.py
[2023-06-14T14:23:23.813+0000] {processor.py:838} WARNING - No viable dags retrieved from /usr/local/lib/python3.8/dist-packages/airflow/example_dags/example_setup_teardown.py
[2023-06-14T14:23:23.825+0000] {processor.py:179} INFO - Processing /usr/local/lib/python3.8/dist-packages/airflow/example_dags/example_setup_teardown.py took 0.023 seconds
[2023-06-14T14:24:16.410+0000] {processor.py:157} INFO - Started process (PID=5044) to work on /usr/local/lib/python3.8/dist-packages/airflow/example_dags/example_setup_teardown.py
[2023-06-14T14:24:16.411+0000] {processor.py:826} INFO - Processing file /usr/local/lib/python3.8/dist-packages/airflow/example_dags/example_setup_teardown.py for tasks to queue
[2023-06-14T14:24:16.414+0000] {logging_mixin.py:149} INFO - [2023-06-14T14:24:16.414+0000] {dagbag.py:541} INFO - Filling up the DagBag from /usr/local/lib/python3.8/dist-packages/airflow/example_dags/example_setup_teardown.py
[2023-06-14T14:24:16.416+0000] {processor.py:838} WARNING - No viable dags retrieved from /usr/local/lib/python3.8/dist-packages/airflow/example_dags/example_setup_teardown.py
[2023-06-14T14:24:16.427+0000] {processor.py:179} INFO - Processing /usr/local/lib/python3.8/dist-packages/airflow/example_dags/example_setup_teardown.py took 0.021 seconds
[2023-06-14T14:25:06.843+0000] {processor.py:157} INFO - Started process (PID=5200) to work on /usr/local/lib/python3.8/dist-packages/airflow/example_dags/example_setup_teardown.py
[2023-06-14T14:25:06.844+0000] {processor.py:826} INFO - Processing file /usr/local/lib/python3.8/dist-packages/airflow/example_dags/example_setup_teardown.py for tasks to queue
[2023-06-14T14:25:06.847+0000] {logging_mixin.py:149} INFO - [2023-06-14T14:25:06.847+0000] {dagbag.py:541} INFO - Filling up the DagBag from /usr/local/lib/python3.8/dist-packages/airflow/example_dags/example_setup_teardown.py
[2023-06-14T14:25:06.849+0000] {processor.py:838} WARNING - No viable dags retrieved from /usr/local/lib/python3.8/dist-packages/airflow/example_dags/example_setup_teardown.py
[2023-06-14T14:25:06.860+0000] {processor.py:179} INFO - Processing /usr/local/lib/python3.8/dist-packages/airflow/example_dags/example_setup_teardown.py took 0.022 seconds
[2023-06-14T14:25:55.362+0000] {processor.py:157} INFO - Started process (PID=5353) to work on /usr/local/lib/python3.8/dist-packages/airflow/example_dags/example_setup_teardown.py
[2023-06-14T14:25:55.364+0000] {processor.py:826} INFO - Processing file /usr/local/lib/python3.8/dist-packages/airflow/example_dags/example_setup_teardown.py for tasks to queue
[2023-06-14T14:25:55.366+0000] {logging_mixin.py:149} INFO - [2023-06-14T14:25:55.366+0000] {dagbag.py:541} INFO - Filling up the DagBag from /usr/local/lib/python3.8/dist-packages/airflow/example_dags/example_setup_teardown.py
[2023-06-14T14:25:55.368+0000] {processor.py:838} WARNING - No viable dags retrieved from /usr/local/lib/python3.8/dist-packages/airflow/example_dags/example_setup_teardown.py
[2023-06-14T14:25:55.380+0000] {processor.py:179} INFO - Processing /usr/local/lib/python3.8/dist-packages/airflow/example_dags/example_setup_teardown.py took 0.022 seconds
[2023-06-14T14:26:48.493+0000] {processor.py:157} INFO - Started process (PID=5408) to work on /usr/local/lib/python3.8/dist-packages/airflow/example_dags/example_setup_teardown.py
[2023-06-14T14:26:48.494+0000] {processor.py:826} INFO - Processing file /usr/local/lib/python3.8/dist-packages/airflow/example_dags/example_setup_teardown.py for tasks to queue
[2023-06-14T14:26:48.496+0000] {logging_mixin.py:149} INFO - [2023-06-14T14:26:48.496+0000] {dagbag.py:541} INFO - Filling up the DagBag from /usr/local/lib/python3.8/dist-packages/airflow/example_dags/example_setup_teardown.py
[2023-06-14T14:26:48.498+0000] {processor.py:838} WARNING - No viable dags retrieved from /usr/local/lib/python3.8/dist-packages/airflow/example_dags/example_setup_teardown.py
[2023-06-14T14:26:48.510+0000] {processor.py:179} INFO - Processing /usr/local/lib/python3.8/dist-packages/airflow/example_dags/example_setup_teardown.py took 0.021 seconds
[2023-06-14T14:27:40.334+0000] {processor.py:157} INFO - Started process (PID=5567) to work on /usr/local/lib/python3.8/dist-packages/airflow/example_dags/example_setup_teardown.py
[2023-06-14T14:27:40.335+0000] {processor.py:826} INFO - Processing file /usr/local/lib/python3.8/dist-packages/airflow/example_dags/example_setup_teardown.py for tasks to queue
[2023-06-14T14:27:40.337+0000] {logging_mixin.py:149} INFO - [2023-06-14T14:27:40.337+0000] {dagbag.py:541} INFO - Filling up the DagBag from /usr/local/lib/python3.8/dist-packages/airflow/example_dags/example_setup_teardown.py
[2023-06-14T14:27:40.339+0000] {processor.py:838} WARNING - No viable dags retrieved from /usr/local/lib/python3.8/dist-packages/airflow/example_dags/example_setup_teardown.py
[2023-06-14T14:27:40.352+0000] {processor.py:179} INFO - Processing /usr/local/lib/python3.8/dist-packages/airflow/example_dags/example_setup_teardown.py took 0.022 seconds
[2023-06-14T14:28:34.678+0000] {processor.py:157} INFO - Started process (PID=5725) to work on /usr/local/lib/python3.8/dist-packages/airflow/example_dags/example_setup_teardown.py
[2023-06-14T14:28:34.680+0000] {processor.py:826} INFO - Processing file /usr/local/lib/python3.8/dist-packages/airflow/example_dags/example_setup_teardown.py for tasks to queue
[2023-06-14T14:28:34.683+0000] {logging_mixin.py:149} INFO - [2023-06-14T14:28:34.682+0000] {dagbag.py:541} INFO - Filling up the DagBag from /usr/local/lib/python3.8/dist-packages/airflow/example_dags/example_setup_teardown.py
[2023-06-14T14:28:34.685+0000] {processor.py:838} WARNING - No viable dags retrieved from /usr/local/lib/python3.8/dist-packages/airflow/example_dags/example_setup_teardown.py
[2023-06-14T14:28:34.696+0000] {processor.py:179} INFO - Processing /usr/local/lib/python3.8/dist-packages/airflow/example_dags/example_setup_teardown.py took 0.022 seconds
[2023-06-14T14:29:24.332+0000] {processor.py:157} INFO - Started process (PID=5983) to work on /usr/local/lib/python3.8/dist-packages/airflow/example_dags/example_setup_teardown.py
[2023-06-14T14:29:24.333+0000] {processor.py:826} INFO - Processing file /usr/local/lib/python3.8/dist-packages/airflow/example_dags/example_setup_teardown.py for tasks to queue
[2023-06-14T14:29:24.336+0000] {logging_mixin.py:149} INFO - [2023-06-14T14:29:24.336+0000] {dagbag.py:541} INFO - Filling up the DagBag from /usr/local/lib/python3.8/dist-packages/airflow/example_dags/example_setup_teardown.py
[2023-06-14T14:29:24.338+0000] {processor.py:838} WARNING - No viable dags retrieved from /usr/local/lib/python3.8/dist-packages/airflow/example_dags/example_setup_teardown.py
[2023-06-14T14:29:24.350+0000] {processor.py:179} INFO - Processing /usr/local/lib/python3.8/dist-packages/airflow/example_dags/example_setup_teardown.py took 0.023 seconds
[2023-06-14T14:30:19.325+0000] {processor.py:157} INFO - Started process (PID=6141) to work on /usr/local/lib/python3.8/dist-packages/airflow/example_dags/example_setup_teardown.py
[2023-06-14T14:30:19.327+0000] {processor.py:826} INFO - Processing file /usr/local/lib/python3.8/dist-packages/airflow/example_dags/example_setup_teardown.py for tasks to queue
[2023-06-14T14:30:19.329+0000] {logging_mixin.py:149} INFO - [2023-06-14T14:30:19.329+0000] {dagbag.py:541} INFO - Filling up the DagBag from /usr/local/lib/python3.8/dist-packages/airflow/example_dags/example_setup_teardown.py
[2023-06-14T14:30:19.331+0000] {processor.py:838} WARNING - No viable dags retrieved from /usr/local/lib/python3.8/dist-packages/airflow/example_dags/example_setup_teardown.py
[2023-06-14T14:30:19.343+0000] {processor.py:179} INFO - Processing /usr/local/lib/python3.8/dist-packages/airflow/example_dags/example_setup_teardown.py took 0.022 seconds
[2023-06-14T14:31:13.248+0000] {processor.py:157} INFO - Started process (PID=6298) to work on /usr/local/lib/python3.8/dist-packages/airflow/example_dags/example_setup_teardown.py
[2023-06-14T14:31:13.249+0000] {processor.py:826} INFO - Processing file /usr/local/lib/python3.8/dist-packages/airflow/example_dags/example_setup_teardown.py for tasks to queue
[2023-06-14T14:31:13.251+0000] {logging_mixin.py:149} INFO - [2023-06-14T14:31:13.251+0000] {dagbag.py:541} INFO - Filling up the DagBag from /usr/local/lib/python3.8/dist-packages/airflow/example_dags/example_setup_teardown.py
[2023-06-14T14:31:13.253+0000] {processor.py:838} WARNING - No viable dags retrieved from /usr/local/lib/python3.8/dist-packages/airflow/example_dags/example_setup_teardown.py
[2023-06-14T14:31:13.264+0000] {processor.py:179} INFO - Processing /usr/local/lib/python3.8/dist-packages/airflow/example_dags/example_setup_teardown.py took 0.021 seconds
[2023-06-14T14:32:04.176+0000] {processor.py:157} INFO - Started process (PID=6460) to work on /usr/local/lib/python3.8/dist-packages/airflow/example_dags/example_setup_teardown.py
[2023-06-14T14:32:04.178+0000] {processor.py:826} INFO - Processing file /usr/local/lib/python3.8/dist-packages/airflow/example_dags/example_setup_teardown.py for tasks to queue
[2023-06-14T14:32:04.180+0000] {logging_mixin.py:149} INFO - [2023-06-14T14:32:04.180+0000] {dagbag.py:541} INFO - Filling up the DagBag from /usr/local/lib/python3.8/dist-packages/airflow/example_dags/example_setup_teardown.py
[2023-06-14T14:32:04.182+0000] {processor.py:838} WARNING - No viable dags retrieved from /usr/local/lib/python3.8/dist-packages/airflow/example_dags/example_setup_teardown.py
[2023-06-14T14:32:04.194+0000] {processor.py:179} INFO - Processing /usr/local/lib/python3.8/dist-packages/airflow/example_dags/example_setup_teardown.py took 0.022 seconds
[2023-06-14T14:32:55.981+0000] {processor.py:157} INFO - Started process (PID=6615) to work on /usr/local/lib/python3.8/dist-packages/airflow/example_dags/example_setup_teardown.py
[2023-06-14T14:32:55.983+0000] {processor.py:826} INFO - Processing file /usr/local/lib/python3.8/dist-packages/airflow/example_dags/example_setup_teardown.py for tasks to queue
[2023-06-14T14:32:55.985+0000] {logging_mixin.py:149} INFO - [2023-06-14T14:32:55.985+0000] {dagbag.py:541} INFO - Filling up the DagBag from /usr/local/lib/python3.8/dist-packages/airflow/example_dags/example_setup_teardown.py
[2023-06-14T14:32:55.987+0000] {processor.py:838} WARNING - No viable dags retrieved from /usr/local/lib/python3.8/dist-packages/airflow/example_dags/example_setup_teardown.py
[2023-06-14T14:32:56.004+0000] {processor.py:179} INFO - Processing /usr/local/lib/python3.8/dist-packages/airflow/example_dags/example_setup_teardown.py took 0.027 seconds
[2023-06-14T14:33:46.412+0000] {processor.py:157} INFO - Started process (PID=6667) to work on /usr/local/lib/python3.8/dist-packages/airflow/example_dags/example_setup_teardown.py
[2023-06-14T14:33:46.413+0000] {processor.py:826} INFO - Processing file /usr/local/lib/python3.8/dist-packages/airflow/example_dags/example_setup_teardown.py for tasks to queue
[2023-06-14T14:33:46.416+0000] {logging_mixin.py:149} INFO - [2023-06-14T14:33:46.416+0000] {dagbag.py:541} INFO - Filling up the DagBag from /usr/local/lib/python3.8/dist-packages/airflow/example_dags/example_setup_teardown.py
[2023-06-14T14:33:46.418+0000] {processor.py:838} WARNING - No viable dags retrieved from /usr/local/lib/python3.8/dist-packages/airflow/example_dags/example_setup_teardown.py
[2023-06-14T14:33:46.430+0000] {processor.py:179} INFO - Processing /usr/local/lib/python3.8/dist-packages/airflow/example_dags/example_setup_teardown.py took 0.022 seconds
[2023-06-14T14:34:42.950+0000] {processor.py:157} INFO - Started process (PID=6927) to work on /usr/local/lib/python3.8/dist-packages/airflow/example_dags/example_setup_teardown.py
[2023-06-14T14:34:42.951+0000] {processor.py:826} INFO - Processing file /usr/local/lib/python3.8/dist-packages/airflow/example_dags/example_setup_teardown.py for tasks to queue
[2023-06-14T14:34:42.954+0000] {logging_mixin.py:149} INFO - [2023-06-14T14:34:42.954+0000] {dagbag.py:541} INFO - Filling up the DagBag from /usr/local/lib/python3.8/dist-packages/airflow/example_dags/example_setup_teardown.py
[2023-06-14T14:34:42.956+0000] {processor.py:838} WARNING - No viable dags retrieved from /usr/local/lib/python3.8/dist-packages/airflow/example_dags/example_setup_teardown.py
[2023-06-14T14:34:42.968+0000] {processor.py:179} INFO - Processing /usr/local/lib/python3.8/dist-packages/airflow/example_dags/example_setup_teardown.py took 0.021 seconds
[2023-06-14T14:35:33.657+0000] {processor.py:157} INFO - Started process (PID=7087) to work on /usr/local/lib/python3.8/dist-packages/airflow/example_dags/example_setup_teardown.py
[2023-06-14T14:35:33.658+0000] {processor.py:826} INFO - Processing file /usr/local/lib/python3.8/dist-packages/airflow/example_dags/example_setup_teardown.py for tasks to queue
[2023-06-14T14:35:33.660+0000] {logging_mixin.py:149} INFO - [2023-06-14T14:35:33.660+0000] {dagbag.py:541} INFO - Filling up the DagBag from /usr/local/lib/python3.8/dist-packages/airflow/example_dags/example_setup_teardown.py
[2023-06-14T14:35:33.662+0000] {processor.py:838} WARNING - No viable dags retrieved from /usr/local/lib/python3.8/dist-packages/airflow/example_dags/example_setup_teardown.py
[2023-06-14T14:35:33.674+0000] {processor.py:179} INFO - Processing /usr/local/lib/python3.8/dist-packages/airflow/example_dags/example_setup_teardown.py took 0.021 seconds
[2023-06-14T14:36:24.234+0000] {processor.py:157} INFO - Started process (PID=7243) to work on /usr/local/lib/python3.8/dist-packages/airflow/example_dags/example_setup_teardown.py
[2023-06-14T14:36:24.236+0000] {processor.py:826} INFO - Processing file /usr/local/lib/python3.8/dist-packages/airflow/example_dags/example_setup_teardown.py for tasks to queue
[2023-06-14T14:36:24.239+0000] {logging_mixin.py:149} INFO - [2023-06-14T14:36:24.239+0000] {dagbag.py:541} INFO - Filling up the DagBag from /usr/local/lib/python3.8/dist-packages/airflow/example_dags/example_setup_teardown.py
[2023-06-14T14:36:24.241+0000] {processor.py:838} WARNING - No viable dags retrieved from /usr/local/lib/python3.8/dist-packages/airflow/example_dags/example_setup_teardown.py
[2023-06-14T14:36:24.252+0000] {processor.py:179} INFO - Processing /usr/local/lib/python3.8/dist-packages/airflow/example_dags/example_setup_teardown.py took 0.022 seconds
[2023-06-14T14:37:16.039+0000] {processor.py:157} INFO - Started process (PID=7404) to work on /usr/local/lib/python3.8/dist-packages/airflow/example_dags/example_setup_teardown.py
[2023-06-14T14:37:16.040+0000] {processor.py:826} INFO - Processing file /usr/local/lib/python3.8/dist-packages/airflow/example_dags/example_setup_teardown.py for tasks to queue
[2023-06-14T14:37:16.043+0000] {logging_mixin.py:149} INFO - [2023-06-14T14:37:16.042+0000] {dagbag.py:541} INFO - Filling up the DagBag from /usr/local/lib/python3.8/dist-packages/airflow/example_dags/example_setup_teardown.py
[2023-06-14T14:37:16.044+0000] {processor.py:838} WARNING - No viable dags retrieved from /usr/local/lib/python3.8/dist-packages/airflow/example_dags/example_setup_teardown.py
[2023-06-14T14:37:16.056+0000] {processor.py:179} INFO - Processing /usr/local/lib/python3.8/dist-packages/airflow/example_dags/example_setup_teardown.py took 0.022 seconds
[2023-06-14T14:38:08.748+0000] {processor.py:157} INFO - Started process (PID=7560) to work on /usr/local/lib/python3.8/dist-packages/airflow/example_dags/example_setup_teardown.py
[2023-06-14T14:38:08.749+0000] {processor.py:826} INFO - Processing file /usr/local/lib/python3.8/dist-packages/airflow/example_dags/example_setup_teardown.py for tasks to queue
[2023-06-14T14:38:08.752+0000] {logging_mixin.py:149} INFO - [2023-06-14T14:38:08.752+0000] {dagbag.py:541} INFO - Filling up the DagBag from /usr/local/lib/python3.8/dist-packages/airflow/example_dags/example_setup_teardown.py
[2023-06-14T14:38:08.754+0000] {processor.py:838} WARNING - No viable dags retrieved from /usr/local/lib/python3.8/dist-packages/airflow/example_dags/example_setup_teardown.py
[2023-06-14T14:38:08.766+0000] {processor.py:179} INFO - Processing /usr/local/lib/python3.8/dist-packages/airflow/example_dags/example_setup_teardown.py took 0.021 seconds
[2023-06-14T14:38:57.398+0000] {processor.py:157} INFO - Started process (PID=7713) to work on /usr/local/lib/python3.8/dist-packages/airflow/example_dags/example_setup_teardown.py
[2023-06-14T14:38:57.400+0000] {processor.py:826} INFO - Processing file /usr/local/lib/python3.8/dist-packages/airflow/example_dags/example_setup_teardown.py for tasks to queue
[2023-06-14T14:38:57.402+0000] {logging_mixin.py:149} INFO - [2023-06-14T14:38:57.402+0000] {dagbag.py:541} INFO - Filling up the DagBag from /usr/local/lib/python3.8/dist-packages/airflow/example_dags/example_setup_teardown.py
[2023-06-14T14:38:57.404+0000] {processor.py:838} WARNING - No viable dags retrieved from /usr/local/lib/python3.8/dist-packages/airflow/example_dags/example_setup_teardown.py
[2023-06-14T14:38:57.416+0000] {processor.py:179} INFO - Processing /usr/local/lib/python3.8/dist-packages/airflow/example_dags/example_setup_teardown.py took 0.022 seconds
[2023-06-14T14:39:46.007+0000] {processor.py:157} INFO - Started process (PID=7763) to work on /usr/local/lib/python3.8/dist-packages/airflow/example_dags/example_setup_teardown.py
[2023-06-14T14:39:46.008+0000] {processor.py:826} INFO - Processing file /usr/local/lib/python3.8/dist-packages/airflow/example_dags/example_setup_teardown.py for tasks to queue
[2023-06-14T14:39:46.010+0000] {logging_mixin.py:149} INFO - [2023-06-14T14:39:46.010+0000] {dagbag.py:541} INFO - Filling up the DagBag from /usr/local/lib/python3.8/dist-packages/airflow/example_dags/example_setup_teardown.py
[2023-06-14T14:39:46.012+0000] {processor.py:838} WARNING - No viable dags retrieved from /usr/local/lib/python3.8/dist-packages/airflow/example_dags/example_setup_teardown.py
[2023-06-14T14:39:46.024+0000] {processor.py:179} INFO - Processing /usr/local/lib/python3.8/dist-packages/airflow/example_dags/example_setup_teardown.py took 0.021 seconds
[2023-06-14T14:40:39.913+0000] {processor.py:157} INFO - Started process (PID=7920) to work on /usr/local/lib/python3.8/dist-packages/airflow/example_dags/example_setup_teardown.py
[2023-06-14T14:40:39.915+0000] {processor.py:826} INFO - Processing file /usr/local/lib/python3.8/dist-packages/airflow/example_dags/example_setup_teardown.py for tasks to queue
[2023-06-14T14:40:39.917+0000] {logging_mixin.py:149} INFO - [2023-06-14T14:40:39.917+0000] {dagbag.py:541} INFO - Filling up the DagBag from /usr/local/lib/python3.8/dist-packages/airflow/example_dags/example_setup_teardown.py
[2023-06-14T14:40:39.919+0000] {processor.py:838} WARNING - No viable dags retrieved from /usr/local/lib/python3.8/dist-packages/airflow/example_dags/example_setup_teardown.py
[2023-06-14T14:40:39.931+0000] {processor.py:179} INFO - Processing /usr/local/lib/python3.8/dist-packages/airflow/example_dags/example_setup_teardown.py took 0.022 seconds
[2023-06-14T14:41:33.805+0000] {processor.py:157} INFO - Started process (PID=8078) to work on /usr/local/lib/python3.8/dist-packages/airflow/example_dags/example_setup_teardown.py
[2023-06-14T14:41:33.806+0000] {processor.py:826} INFO - Processing file /usr/local/lib/python3.8/dist-packages/airflow/example_dags/example_setup_teardown.py for tasks to queue
[2023-06-14T14:41:33.808+0000] {logging_mixin.py:149} INFO - [2023-06-14T14:41:33.808+0000] {dagbag.py:541} INFO - Filling up the DagBag from /usr/local/lib/python3.8/dist-packages/airflow/example_dags/example_setup_teardown.py
[2023-06-14T14:41:33.810+0000] {processor.py:838} WARNING - No viable dags retrieved from /usr/local/lib/python3.8/dist-packages/airflow/example_dags/example_setup_teardown.py
[2023-06-14T14:41:33.822+0000] {processor.py:179} INFO - Processing /usr/local/lib/python3.8/dist-packages/airflow/example_dags/example_setup_teardown.py took 0.021 seconds
[2023-06-14T14:42:28.358+0000] {processor.py:157} INFO - Started process (PID=8240) to work on /usr/local/lib/python3.8/dist-packages/airflow/example_dags/example_setup_teardown.py
[2023-06-14T14:42:28.359+0000] {processor.py:826} INFO - Processing file /usr/local/lib/python3.8/dist-packages/airflow/example_dags/example_setup_teardown.py for tasks to queue
[2023-06-14T14:42:28.361+0000] {logging_mixin.py:149} INFO - [2023-06-14T14:42:28.361+0000] {dagbag.py:541} INFO - Filling up the DagBag from /usr/local/lib/python3.8/dist-packages/airflow/example_dags/example_setup_teardown.py
[2023-06-14T14:42:28.363+0000] {processor.py:838} WARNING - No viable dags retrieved from /usr/local/lib/python3.8/dist-packages/airflow/example_dags/example_setup_teardown.py
[2023-06-14T14:42:28.375+0000] {processor.py:179} INFO - Processing /usr/local/lib/python3.8/dist-packages/airflow/example_dags/example_setup_teardown.py took 0.022 seconds
[2023-06-14T14:43:24.779+0000] {processor.py:157} INFO - Started process (PID=8398) to work on /usr/local/lib/python3.8/dist-packages/airflow/example_dags/example_setup_teardown.py
[2023-06-14T14:43:24.780+0000] {processor.py:826} INFO - Processing file /usr/local/lib/python3.8/dist-packages/airflow/example_dags/example_setup_teardown.py for tasks to queue
[2023-06-14T14:43:24.782+0000] {logging_mixin.py:149} INFO - [2023-06-14T14:43:24.782+0000] {dagbag.py:541} INFO - Filling up the DagBag from /usr/local/lib/python3.8/dist-packages/airflow/example_dags/example_setup_teardown.py
[2023-06-14T14:43:24.784+0000] {processor.py:838} WARNING - No viable dags retrieved from /usr/local/lib/python3.8/dist-packages/airflow/example_dags/example_setup_teardown.py
[2023-06-14T14:43:24.796+0000] {processor.py:179} INFO - Processing /usr/local/lib/python3.8/dist-packages/airflow/example_dags/example_setup_teardown.py took 0.021 seconds
[2023-06-14T14:44:19.634+0000] {processor.py:157} INFO - Started process (PID=8657) to work on /usr/local/lib/python3.8/dist-packages/airflow/example_dags/example_setup_teardown.py
[2023-06-14T14:44:19.635+0000] {processor.py:826} INFO - Processing file /usr/local/lib/python3.8/dist-packages/airflow/example_dags/example_setup_teardown.py for tasks to queue
[2023-06-14T14:44:19.637+0000] {logging_mixin.py:149} INFO - [2023-06-14T14:44:19.637+0000] {dagbag.py:541} INFO - Filling up the DagBag from /usr/local/lib/python3.8/dist-packages/airflow/example_dags/example_setup_teardown.py
[2023-06-14T14:44:19.639+0000] {processor.py:838} WARNING - No viable dags retrieved from /usr/local/lib/python3.8/dist-packages/airflow/example_dags/example_setup_teardown.py
[2023-06-14T14:44:19.651+0000] {processor.py:179} INFO - Processing /usr/local/lib/python3.8/dist-packages/airflow/example_dags/example_setup_teardown.py took 0.022 seconds
[2023-06-14T14:45:14.780+0000] {processor.py:157} INFO - Started process (PID=8815) to work on /usr/local/lib/python3.8/dist-packages/airflow/example_dags/example_setup_teardown.py
[2023-06-14T14:45:14.781+0000] {processor.py:826} INFO - Processing file /usr/local/lib/python3.8/dist-packages/airflow/example_dags/example_setup_teardown.py for tasks to queue
[2023-06-14T14:45:14.784+0000] {logging_mixin.py:149} INFO - [2023-06-14T14:45:14.783+0000] {dagbag.py:541} INFO - Filling up the DagBag from /usr/local/lib/python3.8/dist-packages/airflow/example_dags/example_setup_teardown.py
[2023-06-14T14:45:14.786+0000] {processor.py:838} WARNING - No viable dags retrieved from /usr/local/lib/python3.8/dist-packages/airflow/example_dags/example_setup_teardown.py
[2023-06-14T14:45:14.797+0000] {processor.py:179} INFO - Processing /usr/local/lib/python3.8/dist-packages/airflow/example_dags/example_setup_teardown.py took 0.021 seconds
[2023-06-14T14:46:12.169+0000] {processor.py:157} INFO - Started process (PID=8977) to work on /usr/local/lib/python3.8/dist-packages/airflow/example_dags/example_setup_teardown.py
[2023-06-14T14:46:12.171+0000] {processor.py:826} INFO - Processing file /usr/local/lib/python3.8/dist-packages/airflow/example_dags/example_setup_teardown.py for tasks to queue
[2023-06-14T14:46:12.173+0000] {logging_mixin.py:149} INFO - [2023-06-14T14:46:12.173+0000] {dagbag.py:541} INFO - Filling up the DagBag from /usr/local/lib/python3.8/dist-packages/airflow/example_dags/example_setup_teardown.py
[2023-06-14T14:46:12.175+0000] {processor.py:838} WARNING - No viable dags retrieved from /usr/local/lib/python3.8/dist-packages/airflow/example_dags/example_setup_teardown.py
[2023-06-14T14:46:12.188+0000] {processor.py:179} INFO - Processing /usr/local/lib/python3.8/dist-packages/airflow/example_dags/example_setup_teardown.py took 0.023 seconds
[2023-06-14T14:47:02.094+0000] {processor.py:157} INFO - Started process (PID=9131) to work on /usr/local/lib/python3.8/dist-packages/airflow/example_dags/example_setup_teardown.py
[2023-06-14T14:47:02.096+0000] {processor.py:826} INFO - Processing file /usr/local/lib/python3.8/dist-packages/airflow/example_dags/example_setup_teardown.py for tasks to queue
[2023-06-14T14:47:02.098+0000] {logging_mixin.py:149} INFO - [2023-06-14T14:47:02.098+0000] {dagbag.py:541} INFO - Filling up the DagBag from /usr/local/lib/python3.8/dist-packages/airflow/example_dags/example_setup_teardown.py
[2023-06-14T14:47:02.100+0000] {processor.py:838} WARNING - No viable dags retrieved from /usr/local/lib/python3.8/dist-packages/airflow/example_dags/example_setup_teardown.py
[2023-06-14T14:47:02.112+0000] {processor.py:179} INFO - Processing /usr/local/lib/python3.8/dist-packages/airflow/example_dags/example_setup_teardown.py took 0.021 seconds
[2023-06-14T14:47:55.377+0000] {processor.py:157} INFO - Started process (PID=9292) to work on /usr/local/lib/python3.8/dist-packages/airflow/example_dags/example_setup_teardown.py
[2023-06-14T14:47:55.378+0000] {processor.py:826} INFO - Processing file /usr/local/lib/python3.8/dist-packages/airflow/example_dags/example_setup_teardown.py for tasks to queue
[2023-06-14T14:47:55.381+0000] {logging_mixin.py:149} INFO - [2023-06-14T14:47:55.381+0000] {dagbag.py:541} INFO - Filling up the DagBag from /usr/local/lib/python3.8/dist-packages/airflow/example_dags/example_setup_teardown.py
[2023-06-14T14:47:55.383+0000] {processor.py:838} WARNING - No viable dags retrieved from /usr/local/lib/python3.8/dist-packages/airflow/example_dags/example_setup_teardown.py
[2023-06-14T14:47:55.395+0000] {processor.py:179} INFO - Processing /usr/local/lib/python3.8/dist-packages/airflow/example_dags/example_setup_teardown.py took 0.022 seconds
[2023-06-14T14:48:50.946+0000] {processor.py:157} INFO - Started process (PID=9346) to work on /usr/local/lib/python3.8/dist-packages/airflow/example_dags/example_setup_teardown.py
[2023-06-14T14:48:50.947+0000] {processor.py:826} INFO - Processing file /usr/local/lib/python3.8/dist-packages/airflow/example_dags/example_setup_teardown.py for tasks to queue
[2023-06-14T14:48:50.949+0000] {logging_mixin.py:149} INFO - [2023-06-14T14:48:50.949+0000] {dagbag.py:541} INFO - Filling up the DagBag from /usr/local/lib/python3.8/dist-packages/airflow/example_dags/example_setup_teardown.py
[2023-06-14T14:48:50.951+0000] {processor.py:838} WARNING - No viable dags retrieved from /usr/local/lib/python3.8/dist-packages/airflow/example_dags/example_setup_teardown.py
[2023-06-14T14:48:50.963+0000] {processor.py:179} INFO - Processing /usr/local/lib/python3.8/dist-packages/airflow/example_dags/example_setup_teardown.py took 0.021 seconds
[2023-06-14T14:49:46.492+0000] {processor.py:157} INFO - Started process (PID=9606) to work on /usr/local/lib/python3.8/dist-packages/airflow/example_dags/example_setup_teardown.py
[2023-06-14T14:49:46.493+0000] {processor.py:826} INFO - Processing file /usr/local/lib/python3.8/dist-packages/airflow/example_dags/example_setup_teardown.py for tasks to queue
[2023-06-14T14:49:46.495+0000] {logging_mixin.py:149} INFO - [2023-06-14T14:49:46.495+0000] {dagbag.py:541} INFO - Filling up the DagBag from /usr/local/lib/python3.8/dist-packages/airflow/example_dags/example_setup_teardown.py
[2023-06-14T14:49:46.497+0000] {processor.py:838} WARNING - No viable dags retrieved from /usr/local/lib/python3.8/dist-packages/airflow/example_dags/example_setup_teardown.py
[2023-06-14T14:49:46.509+0000] {processor.py:179} INFO - Processing /usr/local/lib/python3.8/dist-packages/airflow/example_dags/example_setup_teardown.py took 0.021 seconds
[2023-06-14T14:50:40.382+0000] {processor.py:157} INFO - Started process (PID=9764) to work on /usr/local/lib/python3.8/dist-packages/airflow/example_dags/example_setup_teardown.py
[2023-06-14T14:50:40.383+0000] {processor.py:826} INFO - Processing file /usr/local/lib/python3.8/dist-packages/airflow/example_dags/example_setup_teardown.py for tasks to queue
[2023-06-14T14:50:40.386+0000] {logging_mixin.py:149} INFO - [2023-06-14T14:50:40.386+0000] {dagbag.py:541} INFO - Filling up the DagBag from /usr/local/lib/python3.8/dist-packages/airflow/example_dags/example_setup_teardown.py
[2023-06-14T14:50:40.388+0000] {processor.py:838} WARNING - No viable dags retrieved from /usr/local/lib/python3.8/dist-packages/airflow/example_dags/example_setup_teardown.py
[2023-06-14T14:50:40.400+0000] {processor.py:179} INFO - Processing /usr/local/lib/python3.8/dist-packages/airflow/example_dags/example_setup_teardown.py took 0.022 seconds
[2023-06-14T14:51:30.024+0000] {processor.py:157} INFO - Started process (PID=9919) to work on /usr/local/lib/python3.8/dist-packages/airflow/example_dags/example_setup_teardown.py
[2023-06-14T14:51:30.025+0000] {processor.py:826} INFO - Processing file /usr/local/lib/python3.8/dist-packages/airflow/example_dags/example_setup_teardown.py for tasks to queue
[2023-06-14T14:51:30.028+0000] {logging_mixin.py:149} INFO - [2023-06-14T14:51:30.027+0000] {dagbag.py:541} INFO - Filling up the DagBag from /usr/local/lib/python3.8/dist-packages/airflow/example_dags/example_setup_teardown.py
[2023-06-14T14:51:30.029+0000] {processor.py:838} WARNING - No viable dags retrieved from /usr/local/lib/python3.8/dist-packages/airflow/example_dags/example_setup_teardown.py
[2023-06-14T14:51:30.041+0000] {processor.py:179} INFO - Processing /usr/local/lib/python3.8/dist-packages/airflow/example_dags/example_setup_teardown.py took 0.021 seconds
[2023-06-14T14:52:17.411+0000] {processor.py:157} INFO - Started process (PID=10075) to work on /usr/local/lib/python3.8/dist-packages/airflow/example_dags/example_setup_teardown.py
[2023-06-14T14:52:17.412+0000] {processor.py:826} INFO - Processing file /usr/local/lib/python3.8/dist-packages/airflow/example_dags/example_setup_teardown.py for tasks to queue
[2023-06-14T14:52:17.415+0000] {logging_mixin.py:149} INFO - [2023-06-14T14:52:17.414+0000] {dagbag.py:541} INFO - Filling up the DagBag from /usr/local/lib/python3.8/dist-packages/airflow/example_dags/example_setup_teardown.py
[2023-06-14T14:52:17.417+0000] {processor.py:838} WARNING - No viable dags retrieved from /usr/local/lib/python3.8/dist-packages/airflow/example_dags/example_setup_teardown.py
[2023-06-14T14:52:17.429+0000] {processor.py:179} INFO - Processing /usr/local/lib/python3.8/dist-packages/airflow/example_dags/example_setup_teardown.py took 0.022 seconds
[2023-06-14T14:53:09.255+0000] {processor.py:157} INFO - Started process (PID=10230) to work on /usr/local/lib/python3.8/dist-packages/airflow/example_dags/example_setup_teardown.py
[2023-06-14T14:53:09.257+0000] {processor.py:826} INFO - Processing file /usr/local/lib/python3.8/dist-packages/airflow/example_dags/example_setup_teardown.py for tasks to queue
[2023-06-14T14:53:09.259+0000] {logging_mixin.py:149} INFO - [2023-06-14T14:53:09.259+0000] {dagbag.py:541} INFO - Filling up the DagBag from /usr/local/lib/python3.8/dist-packages/airflow/example_dags/example_setup_teardown.py
[2023-06-14T14:53:09.261+0000] {processor.py:838} WARNING - No viable dags retrieved from /usr/local/lib/python3.8/dist-packages/airflow/example_dags/example_setup_teardown.py
[2023-06-14T14:53:09.273+0000] {processor.py:179} INFO - Processing /usr/local/lib/python3.8/dist-packages/airflow/example_dags/example_setup_teardown.py took 0.021 seconds
[2023-06-14T14:54:02.579+0000] {processor.py:157} INFO - Started process (PID=10491) to work on /usr/local/lib/python3.8/dist-packages/airflow/example_dags/example_setup_teardown.py
[2023-06-14T14:54:02.580+0000] {processor.py:826} INFO - Processing file /usr/local/lib/python3.8/dist-packages/airflow/example_dags/example_setup_teardown.py for tasks to queue
[2023-06-14T14:54:02.582+0000] {logging_mixin.py:149} INFO - [2023-06-14T14:54:02.582+0000] {dagbag.py:541} INFO - Filling up the DagBag from /usr/local/lib/python3.8/dist-packages/airflow/example_dags/example_setup_teardown.py
[2023-06-14T14:54:02.584+0000] {processor.py:838} WARNING - No viable dags retrieved from /usr/local/lib/python3.8/dist-packages/airflow/example_dags/example_setup_teardown.py
[2023-06-14T14:54:02.596+0000] {processor.py:179} INFO - Processing /usr/local/lib/python3.8/dist-packages/airflow/example_dags/example_setup_teardown.py took 0.021 seconds
[2023-06-14T14:54:56.316+0000] {processor.py:157} INFO - Started process (PID=10648) to work on /usr/local/lib/python3.8/dist-packages/airflow/example_dags/example_setup_teardown.py
[2023-06-14T14:54:56.318+0000] {processor.py:826} INFO - Processing file /usr/local/lib/python3.8/dist-packages/airflow/example_dags/example_setup_teardown.py for tasks to queue
[2023-06-14T14:54:56.320+0000] {logging_mixin.py:149} INFO - [2023-06-14T14:54:56.320+0000] {dagbag.py:541} INFO - Filling up the DagBag from /usr/local/lib/python3.8/dist-packages/airflow/example_dags/example_setup_teardown.py
[2023-06-14T14:54:56.322+0000] {processor.py:838} WARNING - No viable dags retrieved from /usr/local/lib/python3.8/dist-packages/airflow/example_dags/example_setup_teardown.py
[2023-06-14T14:54:56.334+0000] {processor.py:179} INFO - Processing /usr/local/lib/python3.8/dist-packages/airflow/example_dags/example_setup_teardown.py took 0.022 seconds
[2023-06-14T14:55:49.885+0000] {processor.py:157} INFO - Started process (PID=10803) to work on /usr/local/lib/python3.8/dist-packages/airflow/example_dags/example_setup_teardown.py
[2023-06-14T14:55:49.886+0000] {processor.py:826} INFO - Processing file /usr/local/lib/python3.8/dist-packages/airflow/example_dags/example_setup_teardown.py for tasks to queue
[2023-06-14T14:55:49.889+0000] {logging_mixin.py:149} INFO - [2023-06-14T14:55:49.888+0000] {dagbag.py:541} INFO - Filling up the DagBag from /usr/local/lib/python3.8/dist-packages/airflow/example_dags/example_setup_teardown.py
[2023-06-14T14:55:49.891+0000] {processor.py:838} WARNING - No viable dags retrieved from /usr/local/lib/python3.8/dist-packages/airflow/example_dags/example_setup_teardown.py
[2023-06-14T14:55:49.908+0000] {processor.py:179} INFO - Processing /usr/local/lib/python3.8/dist-packages/airflow/example_dags/example_setup_teardown.py took 0.027 seconds
[2023-06-14T14:56:41.198+0000] {processor.py:157} INFO - Started process (PID=10960) to work on /usr/local/lib/python3.8/dist-packages/airflow/example_dags/example_setup_teardown.py
[2023-06-14T14:56:41.200+0000] {processor.py:826} INFO - Processing file /usr/local/lib/python3.8/dist-packages/airflow/example_dags/example_setup_teardown.py for tasks to queue
[2023-06-14T14:56:41.202+0000] {logging_mixin.py:149} INFO - [2023-06-14T14:56:41.202+0000] {dagbag.py:541} INFO - Filling up the DagBag from /usr/local/lib/python3.8/dist-packages/airflow/example_dags/example_setup_teardown.py
[2023-06-14T14:56:41.204+0000] {processor.py:838} WARNING - No viable dags retrieved from /usr/local/lib/python3.8/dist-packages/airflow/example_dags/example_setup_teardown.py
[2023-06-14T14:56:41.216+0000] {processor.py:179} INFO - Processing /usr/local/lib/python3.8/dist-packages/airflow/example_dags/example_setup_teardown.py took 0.021 seconds
[2023-06-14T14:57:29.849+0000] {processor.py:157} INFO - Started process (PID=11118) to work on /usr/local/lib/python3.8/dist-packages/airflow/example_dags/example_setup_teardown.py
[2023-06-14T14:57:29.851+0000] {processor.py:826} INFO - Processing file /usr/local/lib/python3.8/dist-packages/airflow/example_dags/example_setup_teardown.py for tasks to queue
[2023-06-14T14:57:29.853+0000] {logging_mixin.py:149} INFO - [2023-06-14T14:57:29.853+0000] {dagbag.py:541} INFO - Filling up the DagBag from /usr/local/lib/python3.8/dist-packages/airflow/example_dags/example_setup_teardown.py
[2023-06-14T14:57:29.855+0000] {processor.py:838} WARNING - No viable dags retrieved from /usr/local/lib/python3.8/dist-packages/airflow/example_dags/example_setup_teardown.py
[2023-06-14T14:57:29.867+0000] {processor.py:179} INFO - Processing /usr/local/lib/python3.8/dist-packages/airflow/example_dags/example_setup_teardown.py took 0.022 seconds
[2023-06-14T14:58:23.763+0000] {processor.py:157} INFO - Started process (PID=11274) to work on /usr/local/lib/python3.8/dist-packages/airflow/example_dags/example_setup_teardown.py
[2023-06-14T14:58:23.765+0000] {processor.py:826} INFO - Processing file /usr/local/lib/python3.8/dist-packages/airflow/example_dags/example_setup_teardown.py for tasks to queue
[2023-06-14T14:58:23.767+0000] {logging_mixin.py:149} INFO - [2023-06-14T14:58:23.767+0000] {dagbag.py:541} INFO - Filling up the DagBag from /usr/local/lib/python3.8/dist-packages/airflow/example_dags/example_setup_teardown.py
[2023-06-14T14:58:23.769+0000] {processor.py:838} WARNING - No viable dags retrieved from /usr/local/lib/python3.8/dist-packages/airflow/example_dags/example_setup_teardown.py
[2023-06-14T14:58:23.781+0000] {processor.py:179} INFO - Processing /usr/local/lib/python3.8/dist-packages/airflow/example_dags/example_setup_teardown.py took 0.021 seconds
[2023-06-14T14:59:10.343+0000] {processor.py:157} INFO - Started process (PID=11529) to work on /usr/local/lib/python3.8/dist-packages/airflow/example_dags/example_setup_teardown.py
[2023-06-14T14:59:10.344+0000] {processor.py:826} INFO - Processing file /usr/local/lib/python3.8/dist-packages/airflow/example_dags/example_setup_teardown.py for tasks to queue
[2023-06-14T14:59:10.346+0000] {logging_mixin.py:149} INFO - [2023-06-14T14:59:10.346+0000] {dagbag.py:541} INFO - Filling up the DagBag from /usr/local/lib/python3.8/dist-packages/airflow/example_dags/example_setup_teardown.py
[2023-06-14T14:59:10.348+0000] {processor.py:838} WARNING - No viable dags retrieved from /usr/local/lib/python3.8/dist-packages/airflow/example_dags/example_setup_teardown.py
[2023-06-14T14:59:10.360+0000] {processor.py:179} INFO - Processing /usr/local/lib/python3.8/dist-packages/airflow/example_dags/example_setup_teardown.py took 0.021 seconds
[2023-06-14T14:59:55.977+0000] {processor.py:157} INFO - Started process (PID=11680) to work on /usr/local/lib/python3.8/dist-packages/airflow/example_dags/example_setup_teardown.py
[2023-06-14T14:59:55.978+0000] {processor.py:826} INFO - Processing file /usr/local/lib/python3.8/dist-packages/airflow/example_dags/example_setup_teardown.py for tasks to queue
[2023-06-14T14:59:55.980+0000] {logging_mixin.py:149} INFO - [2023-06-14T14:59:55.980+0000] {dagbag.py:541} INFO - Filling up the DagBag from /usr/local/lib/python3.8/dist-packages/airflow/example_dags/example_setup_teardown.py
[2023-06-14T14:59:55.982+0000] {processor.py:838} WARNING - No viable dags retrieved from /usr/local/lib/python3.8/dist-packages/airflow/example_dags/example_setup_teardown.py
[2023-06-14T14:59:55.994+0000] {processor.py:179} INFO - Processing /usr/local/lib/python3.8/dist-packages/airflow/example_dags/example_setup_teardown.py took 0.022 seconds
[2023-06-14T15:00:46.758+0000] {processor.py:157} INFO - Started process (PID=11732) to work on /usr/local/lib/python3.8/dist-packages/airflow/example_dags/example_setup_teardown.py
[2023-06-14T15:00:46.760+0000] {processor.py:826} INFO - Processing file /usr/local/lib/python3.8/dist-packages/airflow/example_dags/example_setup_teardown.py for tasks to queue
[2023-06-14T15:00:46.762+0000] {logging_mixin.py:149} INFO - [2023-06-14T15:00:46.762+0000] {dagbag.py:541} INFO - Filling up the DagBag from /usr/local/lib/python3.8/dist-packages/airflow/example_dags/example_setup_teardown.py
[2023-06-14T15:00:46.764+0000] {processor.py:838} WARNING - No viable dags retrieved from /usr/local/lib/python3.8/dist-packages/airflow/example_dags/example_setup_teardown.py
[2023-06-14T15:00:46.776+0000] {processor.py:179} INFO - Processing /usr/local/lib/python3.8/dist-packages/airflow/example_dags/example_setup_teardown.py took 0.021 seconds
[2023-06-14T15:01:39.691+0000] {processor.py:157} INFO - Started process (PID=11890) to work on /usr/local/lib/python3.8/dist-packages/airflow/example_dags/example_setup_teardown.py
[2023-06-14T15:01:39.693+0000] {processor.py:826} INFO - Processing file /usr/local/lib/python3.8/dist-packages/airflow/example_dags/example_setup_teardown.py for tasks to queue
[2023-06-14T15:01:39.695+0000] {logging_mixin.py:149} INFO - [2023-06-14T15:01:39.695+0000] {dagbag.py:541} INFO - Filling up the DagBag from /usr/local/lib/python3.8/dist-packages/airflow/example_dags/example_setup_teardown.py
[2023-06-14T15:01:39.697+0000] {processor.py:838} WARNING - No viable dags retrieved from /usr/local/lib/python3.8/dist-packages/airflow/example_dags/example_setup_teardown.py
[2023-06-14T15:01:39.709+0000] {processor.py:179} INFO - Processing /usr/local/lib/python3.8/dist-packages/airflow/example_dags/example_setup_teardown.py took 0.021 seconds
[2023-06-14T15:02:29.079+0000] {processor.py:157} INFO - Started process (PID=12052) to work on /usr/local/lib/python3.8/dist-packages/airflow/example_dags/example_setup_teardown.py
[2023-06-14T15:02:29.080+0000] {processor.py:826} INFO - Processing file /usr/local/lib/python3.8/dist-packages/airflow/example_dags/example_setup_teardown.py for tasks to queue
[2023-06-14T15:02:29.082+0000] {logging_mixin.py:149} INFO - [2023-06-14T15:02:29.082+0000] {dagbag.py:541} INFO - Filling up the DagBag from /usr/local/lib/python3.8/dist-packages/airflow/example_dags/example_setup_teardown.py
[2023-06-14T15:02:29.084+0000] {processor.py:838} WARNING - No viable dags retrieved from /usr/local/lib/python3.8/dist-packages/airflow/example_dags/example_setup_teardown.py
[2023-06-14T15:02:29.096+0000] {processor.py:179} INFO - Processing /usr/local/lib/python3.8/dist-packages/airflow/example_dags/example_setup_teardown.py took 0.021 seconds
[2023-06-14T15:03:19.440+0000] {processor.py:157} INFO - Started process (PID=12310) to work on /usr/local/lib/python3.8/dist-packages/airflow/example_dags/example_setup_teardown.py
[2023-06-14T15:03:19.441+0000] {processor.py:826} INFO - Processing file /usr/local/lib/python3.8/dist-packages/airflow/example_dags/example_setup_teardown.py for tasks to queue
[2023-06-14T15:03:19.443+0000] {logging_mixin.py:149} INFO - [2023-06-14T15:03:19.443+0000] {dagbag.py:541} INFO - Filling up the DagBag from /usr/local/lib/python3.8/dist-packages/airflow/example_dags/example_setup_teardown.py
[2023-06-14T15:03:19.445+0000] {processor.py:838} WARNING - No viable dags retrieved from /usr/local/lib/python3.8/dist-packages/airflow/example_dags/example_setup_teardown.py
[2023-06-14T15:03:19.457+0000] {processor.py:179} INFO - Processing /usr/local/lib/python3.8/dist-packages/airflow/example_dags/example_setup_teardown.py took 0.021 seconds
[2023-06-14T15:04:11.080+0000] {processor.py:157} INFO - Started process (PID=12570) to work on /usr/local/lib/python3.8/dist-packages/airflow/example_dags/example_setup_teardown.py
[2023-06-14T15:04:11.082+0000] {processor.py:826} INFO - Processing file /usr/local/lib/python3.8/dist-packages/airflow/example_dags/example_setup_teardown.py for tasks to queue
[2023-06-14T15:04:11.084+0000] {logging_mixin.py:149} INFO - [2023-06-14T15:04:11.084+0000] {dagbag.py:541} INFO - Filling up the DagBag from /usr/local/lib/python3.8/dist-packages/airflow/example_dags/example_setup_teardown.py
[2023-06-14T15:04:11.086+0000] {processor.py:838} WARNING - No viable dags retrieved from /usr/local/lib/python3.8/dist-packages/airflow/example_dags/example_setup_teardown.py
[2023-06-14T15:04:11.097+0000] {processor.py:179} INFO - Processing /usr/local/lib/python3.8/dist-packages/airflow/example_dags/example_setup_teardown.py took 0.021 seconds
[2023-06-14T15:05:04.478+0000] {processor.py:157} INFO - Started process (PID=12785) to work on /usr/local/lib/python3.8/dist-packages/airflow/example_dags/example_setup_teardown.py
[2023-06-14T15:05:04.479+0000] {processor.py:826} INFO - Processing file /usr/local/lib/python3.8/dist-packages/airflow/example_dags/example_setup_teardown.py for tasks to queue
[2023-06-14T15:05:04.481+0000] {logging_mixin.py:149} INFO - [2023-06-14T15:05:04.481+0000] {dagbag.py:541} INFO - Filling up the DagBag from /usr/local/lib/python3.8/dist-packages/airflow/example_dags/example_setup_teardown.py
[2023-06-14T15:05:04.483+0000] {processor.py:838} WARNING - No viable dags retrieved from /usr/local/lib/python3.8/dist-packages/airflow/example_dags/example_setup_teardown.py
[2023-06-14T15:05:04.496+0000] {processor.py:179} INFO - Processing /usr/local/lib/python3.8/dist-packages/airflow/example_dags/example_setup_teardown.py took 0.022 seconds
[2023-06-14T15:05:46.062+0000] {processor.py:157} INFO - Started process (PID=13004) to work on /usr/local/lib/python3.8/dist-packages/airflow/example_dags/example_setup_teardown.py
[2023-06-14T15:05:46.064+0000] {processor.py:826} INFO - Processing file /usr/local/lib/python3.8/dist-packages/airflow/example_dags/example_setup_teardown.py for tasks to queue
[2023-06-14T15:05:46.067+0000] {logging_mixin.py:149} INFO - [2023-06-14T15:05:46.067+0000] {dagbag.py:541} INFO - Filling up the DagBag from /usr/local/lib/python3.8/dist-packages/airflow/example_dags/example_setup_teardown.py
[2023-06-14T15:05:46.069+0000] {processor.py:838} WARNING - No viable dags retrieved from /usr/local/lib/python3.8/dist-packages/airflow/example_dags/example_setup_teardown.py
[2023-06-14T15:05:46.081+0000] {processor.py:179} INFO - Processing /usr/local/lib/python3.8/dist-packages/airflow/example_dags/example_setup_teardown.py took 0.023 seconds
[2023-06-14T15:06:38.945+0000] {processor.py:157} INFO - Started process (PID=13160) to work on /usr/local/lib/python3.8/dist-packages/airflow/example_dags/example_setup_teardown.py
[2023-06-14T15:06:38.946+0000] {processor.py:826} INFO - Processing file /usr/local/lib/python3.8/dist-packages/airflow/example_dags/example_setup_teardown.py for tasks to queue
[2023-06-14T15:06:38.948+0000] {logging_mixin.py:149} INFO - [2023-06-14T15:06:38.948+0000] {dagbag.py:541} INFO - Filling up the DagBag from /usr/local/lib/python3.8/dist-packages/airflow/example_dags/example_setup_teardown.py
[2023-06-14T15:06:38.950+0000] {processor.py:838} WARNING - No viable dags retrieved from /usr/local/lib/python3.8/dist-packages/airflow/example_dags/example_setup_teardown.py
[2023-06-14T15:06:38.963+0000] {processor.py:179} INFO - Processing /usr/local/lib/python3.8/dist-packages/airflow/example_dags/example_setup_teardown.py took 0.022 seconds
[2023-06-14T15:07:28.410+0000] {processor.py:157} INFO - Started process (PID=13432) to work on /usr/local/lib/python3.8/dist-packages/airflow/example_dags/example_setup_teardown.py
[2023-06-14T15:07:28.412+0000] {processor.py:826} INFO - Processing file /usr/local/lib/python3.8/dist-packages/airflow/example_dags/example_setup_teardown.py for tasks to queue
[2023-06-14T15:07:28.415+0000] {logging_mixin.py:149} INFO - [2023-06-14T15:07:28.415+0000] {dagbag.py:541} INFO - Filling up the DagBag from /usr/local/lib/python3.8/dist-packages/airflow/example_dags/example_setup_teardown.py
[2023-06-14T15:07:28.417+0000] {processor.py:838} WARNING - No viable dags retrieved from /usr/local/lib/python3.8/dist-packages/airflow/example_dags/example_setup_teardown.py
[2023-06-14T15:07:28.429+0000] {processor.py:179} INFO - Processing /usr/local/lib/python3.8/dist-packages/airflow/example_dags/example_setup_teardown.py took 0.023 seconds
[2023-06-14T15:08:19.775+0000] {processor.py:157} INFO - Started process (PID=13588) to work on /usr/local/lib/python3.8/dist-packages/airflow/example_dags/example_setup_teardown.py
[2023-06-14T15:08:19.776+0000] {processor.py:826} INFO - Processing file /usr/local/lib/python3.8/dist-packages/airflow/example_dags/example_setup_teardown.py for tasks to queue
[2023-06-14T15:08:19.778+0000] {logging_mixin.py:149} INFO - [2023-06-14T15:08:19.778+0000] {dagbag.py:541} INFO - Filling up the DagBag from /usr/local/lib/python3.8/dist-packages/airflow/example_dags/example_setup_teardown.py
[2023-06-14T15:08:19.780+0000] {processor.py:838} WARNING - No viable dags retrieved from /usr/local/lib/python3.8/dist-packages/airflow/example_dags/example_setup_teardown.py
[2023-06-14T15:08:19.792+0000] {processor.py:179} INFO - Processing /usr/local/lib/python3.8/dist-packages/airflow/example_dags/example_setup_teardown.py took 0.021 seconds
[2023-06-14T15:09:08.384+0000] {processor.py:157} INFO - Started process (PID=13844) to work on /usr/local/lib/python3.8/dist-packages/airflow/example_dags/example_setup_teardown.py
[2023-06-14T15:09:08.385+0000] {processor.py:826} INFO - Processing file /usr/local/lib/python3.8/dist-packages/airflow/example_dags/example_setup_teardown.py for tasks to queue
[2023-06-14T15:09:08.388+0000] {logging_mixin.py:149} INFO - [2023-06-14T15:09:08.388+0000] {dagbag.py:541} INFO - Filling up the DagBag from /usr/local/lib/python3.8/dist-packages/airflow/example_dags/example_setup_teardown.py
[2023-06-14T15:09:08.390+0000] {processor.py:838} WARNING - No viable dags retrieved from /usr/local/lib/python3.8/dist-packages/airflow/example_dags/example_setup_teardown.py
[2023-06-14T15:09:08.403+0000] {processor.py:179} INFO - Processing /usr/local/lib/python3.8/dist-packages/airflow/example_dags/example_setup_teardown.py took 0.023 seconds
[2023-06-14T15:09:58.873+0000] {processor.py:157} INFO - Started process (PID=13997) to work on /usr/local/lib/python3.8/dist-packages/airflow/example_dags/example_setup_teardown.py
[2023-06-14T15:09:58.874+0000] {processor.py:826} INFO - Processing file /usr/local/lib/python3.8/dist-packages/airflow/example_dags/example_setup_teardown.py for tasks to queue
[2023-06-14T15:09:58.876+0000] {logging_mixin.py:149} INFO - [2023-06-14T15:09:58.876+0000] {dagbag.py:541} INFO - Filling up the DagBag from /usr/local/lib/python3.8/dist-packages/airflow/example_dags/example_setup_teardown.py
[2023-06-14T15:09:58.878+0000] {processor.py:838} WARNING - No viable dags retrieved from /usr/local/lib/python3.8/dist-packages/airflow/example_dags/example_setup_teardown.py
[2023-06-14T15:09:58.890+0000] {processor.py:179} INFO - Processing /usr/local/lib/python3.8/dist-packages/airflow/example_dags/example_setup_teardown.py took 0.021 seconds
[2023-06-14T15:10:51.196+0000] {processor.py:157} INFO - Started process (PID=14052) to work on /usr/local/lib/python3.8/dist-packages/airflow/example_dags/example_setup_teardown.py
[2023-06-14T15:10:51.198+0000] {processor.py:826} INFO - Processing file /usr/local/lib/python3.8/dist-packages/airflow/example_dags/example_setup_teardown.py for tasks to queue
[2023-06-14T15:10:51.201+0000] {logging_mixin.py:149} INFO - [2023-06-14T15:10:51.200+0000] {dagbag.py:541} INFO - Filling up the DagBag from /usr/local/lib/python3.8/dist-packages/airflow/example_dags/example_setup_teardown.py
[2023-06-14T15:10:51.203+0000] {processor.py:838} WARNING - No viable dags retrieved from /usr/local/lib/python3.8/dist-packages/airflow/example_dags/example_setup_teardown.py
[2023-06-14T15:10:51.214+0000] {processor.py:179} INFO - Processing /usr/local/lib/python3.8/dist-packages/airflow/example_dags/example_setup_teardown.py took 0.022 seconds
[2023-06-14T15:11:35.400+0000] {processor.py:157} INFO - Started process (PID=14203) to work on /usr/local/lib/python3.8/dist-packages/airflow/example_dags/example_setup_teardown.py
[2023-06-14T15:11:35.401+0000] {processor.py:826} INFO - Processing file /usr/local/lib/python3.8/dist-packages/airflow/example_dags/example_setup_teardown.py for tasks to queue
[2023-06-14T15:11:35.404+0000] {logging_mixin.py:149} INFO - [2023-06-14T15:11:35.404+0000] {dagbag.py:541} INFO - Filling up the DagBag from /usr/local/lib/python3.8/dist-packages/airflow/example_dags/example_setup_teardown.py
[2023-06-14T15:11:35.406+0000] {processor.py:838} WARNING - No viable dags retrieved from /usr/local/lib/python3.8/dist-packages/airflow/example_dags/example_setup_teardown.py
[2023-06-14T15:11:35.418+0000] {processor.py:179} INFO - Processing /usr/local/lib/python3.8/dist-packages/airflow/example_dags/example_setup_teardown.py took 0.021 seconds
[2023-06-14T15:12:28.280+0000] {processor.py:157} INFO - Started process (PID=14365) to work on /usr/local/lib/python3.8/dist-packages/airflow/example_dags/example_setup_teardown.py
[2023-06-14T15:12:28.281+0000] {processor.py:826} INFO - Processing file /usr/local/lib/python3.8/dist-packages/airflow/example_dags/example_setup_teardown.py for tasks to queue
[2023-06-14T15:12:28.284+0000] {logging_mixin.py:149} INFO - [2023-06-14T15:12:28.284+0000] {dagbag.py:541} INFO - Filling up the DagBag from /usr/local/lib/python3.8/dist-packages/airflow/example_dags/example_setup_teardown.py
[2023-06-14T15:12:28.286+0000] {processor.py:838} WARNING - No viable dags retrieved from /usr/local/lib/python3.8/dist-packages/airflow/example_dags/example_setup_teardown.py
[2023-06-14T15:12:28.298+0000] {processor.py:179} INFO - Processing /usr/local/lib/python3.8/dist-packages/airflow/example_dags/example_setup_teardown.py took 0.022 seconds
[2023-06-14T15:13:22.191+0000] {processor.py:157} INFO - Started process (PID=14521) to work on /usr/local/lib/python3.8/dist-packages/airflow/example_dags/example_setup_teardown.py
[2023-06-14T15:13:22.193+0000] {processor.py:826} INFO - Processing file /usr/local/lib/python3.8/dist-packages/airflow/example_dags/example_setup_teardown.py for tasks to queue
[2023-06-14T15:13:22.195+0000] {logging_mixin.py:149} INFO - [2023-06-14T15:13:22.195+0000] {dagbag.py:541} INFO - Filling up the DagBag from /usr/local/lib/python3.8/dist-packages/airflow/example_dags/example_setup_teardown.py
[2023-06-14T15:13:22.197+0000] {processor.py:838} WARNING - No viable dags retrieved from /usr/local/lib/python3.8/dist-packages/airflow/example_dags/example_setup_teardown.py
[2023-06-14T15:13:22.209+0000] {processor.py:179} INFO - Processing /usr/local/lib/python3.8/dist-packages/airflow/example_dags/example_setup_teardown.py took 0.021 seconds
[2023-06-14T15:14:11.665+0000] {processor.py:157} INFO - Started process (PID=14780) to work on /usr/local/lib/python3.8/dist-packages/airflow/example_dags/example_setup_teardown.py
[2023-06-14T15:14:11.667+0000] {processor.py:826} INFO - Processing file /usr/local/lib/python3.8/dist-packages/airflow/example_dags/example_setup_teardown.py for tasks to queue
[2023-06-14T15:14:11.669+0000] {logging_mixin.py:149} INFO - [2023-06-14T15:14:11.669+0000] {dagbag.py:541} INFO - Filling up the DagBag from /usr/local/lib/python3.8/dist-packages/airflow/example_dags/example_setup_teardown.py
[2023-06-14T15:14:11.671+0000] {processor.py:838} WARNING - No viable dags retrieved from /usr/local/lib/python3.8/dist-packages/airflow/example_dags/example_setup_teardown.py
[2023-06-14T15:14:11.683+0000] {processor.py:179} INFO - Processing /usr/local/lib/python3.8/dist-packages/airflow/example_dags/example_setup_teardown.py took 0.021 seconds
[2023-06-14T15:15:00.816+0000] {processor.py:157} INFO - Started process (PID=14932) to work on /usr/local/lib/python3.8/dist-packages/airflow/example_dags/example_setup_teardown.py
[2023-06-14T15:15:00.818+0000] {processor.py:826} INFO - Processing file /usr/local/lib/python3.8/dist-packages/airflow/example_dags/example_setup_teardown.py for tasks to queue
[2023-06-14T15:15:00.820+0000] {logging_mixin.py:149} INFO - [2023-06-14T15:15:00.820+0000] {dagbag.py:541} INFO - Filling up the DagBag from /usr/local/lib/python3.8/dist-packages/airflow/example_dags/example_setup_teardown.py
[2023-06-14T15:15:00.822+0000] {processor.py:838} WARNING - No viable dags retrieved from /usr/local/lib/python3.8/dist-packages/airflow/example_dags/example_setup_teardown.py
[2023-06-14T15:15:00.834+0000] {processor.py:179} INFO - Processing /usr/local/lib/python3.8/dist-packages/airflow/example_dags/example_setup_teardown.py took 0.022 seconds
[2023-06-14T15:15:52.728+0000] {processor.py:157} INFO - Started process (PID=14985) to work on /usr/local/lib/python3.8/dist-packages/airflow/example_dags/example_setup_teardown.py
[2023-06-14T15:15:52.730+0000] {processor.py:826} INFO - Processing file /usr/local/lib/python3.8/dist-packages/airflow/example_dags/example_setup_teardown.py for tasks to queue
[2023-06-14T15:15:52.732+0000] {logging_mixin.py:149} INFO - [2023-06-14T15:15:52.732+0000] {dagbag.py:541} INFO - Filling up the DagBag from /usr/local/lib/python3.8/dist-packages/airflow/example_dags/example_setup_teardown.py
[2023-06-14T15:15:52.734+0000] {processor.py:838} WARNING - No viable dags retrieved from /usr/local/lib/python3.8/dist-packages/airflow/example_dags/example_setup_teardown.py
[2023-06-14T15:15:52.746+0000] {processor.py:179} INFO - Processing /usr/local/lib/python3.8/dist-packages/airflow/example_dags/example_setup_teardown.py took 0.022 seconds
