[2023-06-14T14:17:05.451+0000] {processor.py:157} INFO - Started process (PID=1945) to work on /usr/local/lib/python3.8/dist-packages/airflow/example_dags/example_branch_operator.py
[2023-06-14T14:17:05.452+0000] {processor.py:826} INFO - Processing file /usr/local/lib/python3.8/dist-packages/airflow/example_dags/example_branch_operator.py for tasks to queue
[2023-06-14T14:17:05.454+0000] {logging_mixin.py:149} INFO - [2023-06-14T14:17:05.454+0000] {dagbag.py:541} INFO - Filling up the DagBag from /usr/local/lib/python3.8/dist-packages/airflow/example_dags/example_branch_operator.py
[2023-06-14T14:17:05.464+0000] {processor.py:836} INFO - DAG(s) dict_keys(['example_branch_operator']) retrieved from /usr/local/lib/python3.8/dist-packages/airflow/example_dags/example_branch_operator.py
[2023-06-14T14:17:05.490+0000] {logging_mixin.py:149} INFO - [2023-06-14T14:17:05.489+0000] {dag.py:2726} INFO - Sync 1 DAGs
[2023-06-14T14:17:05.511+0000] {logging_mixin.py:149} INFO - [2023-06-14T14:17:05.510+0000] {dag.py:3486} INFO - Setting next_dagrun for example_branch_operator to 2023-06-13T00:00:00+00:00, run_after=2023-06-14T00:00:00+00:00
[2023-06-14T14:17:05.537+0000] {processor.py:179} INFO - Processing /usr/local/lib/python3.8/dist-packages/airflow/example_dags/example_branch_operator.py took 0.090 seconds
[2023-06-14T14:19:28.222+0000] {processor.py:157} INFO - Started process (PID=4131) to work on /usr/local/lib/python3.8/dist-packages/airflow/example_dags/example_branch_operator.py
[2023-06-14T14:19:28.224+0000] {processor.py:826} INFO - Processing file /usr/local/lib/python3.8/dist-packages/airflow/example_dags/example_branch_operator.py for tasks to queue
[2023-06-14T14:19:28.226+0000] {logging_mixin.py:149} INFO - [2023-06-14T14:19:28.226+0000] {dagbag.py:541} INFO - Filling up the DagBag from /usr/local/lib/python3.8/dist-packages/airflow/example_dags/example_branch_operator.py
[2023-06-14T14:19:28.236+0000] {processor.py:836} INFO - DAG(s) dict_keys(['example_branch_operator']) retrieved from /usr/local/lib/python3.8/dist-packages/airflow/example_dags/example_branch_operator.py
[2023-06-14T14:19:28.262+0000] {logging_mixin.py:149} INFO - [2023-06-14T14:19:28.262+0000] {dag.py:2726} INFO - Sync 1 DAGs
[2023-06-14T14:19:28.283+0000] {logging_mixin.py:149} INFO - [2023-06-14T14:19:28.283+0000] {dag.py:3486} INFO - Setting next_dagrun for example_branch_operator to 2023-06-13T00:00:00+00:00, run_after=2023-06-14T00:00:00+00:00
[2023-06-14T14:19:28.385+0000] {processor.py:179} INFO - Processing /usr/local/lib/python3.8/dist-packages/airflow/example_dags/example_branch_operator.py took 0.167 seconds
[2023-06-14T14:20:17.318+0000] {processor.py:157} INFO - Started process (PID=4282) to work on /usr/local/lib/python3.8/dist-packages/airflow/example_dags/example_branch_operator.py
[2023-06-14T14:20:17.319+0000] {processor.py:826} INFO - Processing file /usr/local/lib/python3.8/dist-packages/airflow/example_dags/example_branch_operator.py for tasks to queue
[2023-06-14T14:20:17.322+0000] {logging_mixin.py:149} INFO - [2023-06-14T14:20:17.321+0000] {dagbag.py:541} INFO - Filling up the DagBag from /usr/local/lib/python3.8/dist-packages/airflow/example_dags/example_branch_operator.py
[2023-06-14T14:20:17.333+0000] {processor.py:836} INFO - DAG(s) dict_keys(['example_branch_operator']) retrieved from /usr/local/lib/python3.8/dist-packages/airflow/example_dags/example_branch_operator.py
[2023-06-14T14:20:17.358+0000] {logging_mixin.py:149} INFO - [2023-06-14T14:20:17.357+0000] {dag.py:2726} INFO - Sync 1 DAGs
[2023-06-14T14:20:17.382+0000] {logging_mixin.py:149} INFO - [2023-06-14T14:20:17.382+0000] {dag.py:3486} INFO - Setting next_dagrun for example_branch_operator to 2023-06-13T00:00:00+00:00, run_after=2023-06-14T00:00:00+00:00
[2023-06-14T14:20:17.416+0000] {processor.py:179} INFO - Processing /usr/local/lib/python3.8/dist-packages/airflow/example_dags/example_branch_operator.py took 0.102 seconds
[2023-06-14T14:21:13.658+0000] {processor.py:157} INFO - Started process (PID=4441) to work on /usr/local/lib/python3.8/dist-packages/airflow/example_dags/example_branch_operator.py
[2023-06-14T14:21:13.659+0000] {processor.py:826} INFO - Processing file /usr/local/lib/python3.8/dist-packages/airflow/example_dags/example_branch_operator.py for tasks to queue
[2023-06-14T14:21:13.661+0000] {logging_mixin.py:149} INFO - [2023-06-14T14:21:13.661+0000] {dagbag.py:541} INFO - Filling up the DagBag from /usr/local/lib/python3.8/dist-packages/airflow/example_dags/example_branch_operator.py
[2023-06-14T14:21:13.671+0000] {processor.py:836} INFO - DAG(s) dict_keys(['example_branch_operator']) retrieved from /usr/local/lib/python3.8/dist-packages/airflow/example_dags/example_branch_operator.py
[2023-06-14T14:21:13.695+0000] {logging_mixin.py:149} INFO - [2023-06-14T14:21:13.694+0000] {dag.py:2726} INFO - Sync 1 DAGs
[2023-06-14T14:21:13.717+0000] {logging_mixin.py:149} INFO - [2023-06-14T14:21:13.717+0000] {dag.py:3486} INFO - Setting next_dagrun for example_branch_operator to 2023-06-13T00:00:00+00:00, run_after=2023-06-14T00:00:00+00:00
[2023-06-14T14:21:13.752+0000] {processor.py:179} INFO - Processing /usr/local/lib/python3.8/dist-packages/airflow/example_dags/example_branch_operator.py took 0.098 seconds
[2023-06-14T14:22:06.136+0000] {processor.py:157} INFO - Started process (PID=4603) to work on /usr/local/lib/python3.8/dist-packages/airflow/example_dags/example_branch_operator.py
[2023-06-14T14:22:06.137+0000] {processor.py:826} INFO - Processing file /usr/local/lib/python3.8/dist-packages/airflow/example_dags/example_branch_operator.py for tasks to queue
[2023-06-14T14:22:06.140+0000] {logging_mixin.py:149} INFO - [2023-06-14T14:22:06.139+0000] {dagbag.py:541} INFO - Filling up the DagBag from /usr/local/lib/python3.8/dist-packages/airflow/example_dags/example_branch_operator.py
[2023-06-14T14:22:06.149+0000] {processor.py:836} INFO - DAG(s) dict_keys(['example_branch_operator']) retrieved from /usr/local/lib/python3.8/dist-packages/airflow/example_dags/example_branch_operator.py
[2023-06-14T14:22:06.172+0000] {logging_mixin.py:149} INFO - [2023-06-14T14:22:06.171+0000] {dag.py:2726} INFO - Sync 1 DAGs
[2023-06-14T14:22:06.193+0000] {logging_mixin.py:149} INFO - [2023-06-14T14:22:06.193+0000] {dag.py:3486} INFO - Setting next_dagrun for example_branch_operator to 2023-06-13T00:00:00+00:00, run_after=2023-06-14T00:00:00+00:00
[2023-06-14T14:22:06.270+0000] {processor.py:179} INFO - Processing /usr/local/lib/python3.8/dist-packages/airflow/example_dags/example_branch_operator.py took 0.139 seconds
[2023-06-14T14:23:00.342+0000] {processor.py:157} INFO - Started process (PID=4761) to work on /usr/local/lib/python3.8/dist-packages/airflow/example_dags/example_branch_operator.py
[2023-06-14T14:23:00.344+0000] {processor.py:826} INFO - Processing file /usr/local/lib/python3.8/dist-packages/airflow/example_dags/example_branch_operator.py for tasks to queue
[2023-06-14T14:23:00.346+0000] {logging_mixin.py:149} INFO - [2023-06-14T14:23:00.346+0000] {dagbag.py:541} INFO - Filling up the DagBag from /usr/local/lib/python3.8/dist-packages/airflow/example_dags/example_branch_operator.py
[2023-06-14T14:23:00.356+0000] {processor.py:836} INFO - DAG(s) dict_keys(['example_branch_operator']) retrieved from /usr/local/lib/python3.8/dist-packages/airflow/example_dags/example_branch_operator.py
[2023-06-14T14:23:00.378+0000] {logging_mixin.py:149} INFO - [2023-06-14T14:23:00.378+0000] {dag.py:2726} INFO - Sync 1 DAGs
[2023-06-14T14:23:00.400+0000] {logging_mixin.py:149} INFO - [2023-06-14T14:23:00.399+0000] {dag.py:3486} INFO - Setting next_dagrun for example_branch_operator to 2023-06-13T00:00:00+00:00, run_after=2023-06-14T00:00:00+00:00
[2023-06-14T14:23:00.426+0000] {processor.py:179} INFO - Processing /usr/local/lib/python3.8/dist-packages/airflow/example_dags/example_branch_operator.py took 0.087 seconds
[2023-06-14T14:23:48.926+0000] {processor.py:157} INFO - Started process (PID=4811) to work on /usr/local/lib/python3.8/dist-packages/airflow/example_dags/example_branch_operator.py
[2023-06-14T14:23:48.927+0000] {processor.py:826} INFO - Processing file /usr/local/lib/python3.8/dist-packages/airflow/example_dags/example_branch_operator.py for tasks to queue
[2023-06-14T14:23:48.929+0000] {logging_mixin.py:149} INFO - [2023-06-14T14:23:48.929+0000] {dagbag.py:541} INFO - Filling up the DagBag from /usr/local/lib/python3.8/dist-packages/airflow/example_dags/example_branch_operator.py
[2023-06-14T14:23:48.939+0000] {processor.py:836} INFO - DAG(s) dict_keys(['example_branch_operator']) retrieved from /usr/local/lib/python3.8/dist-packages/airflow/example_dags/example_branch_operator.py
[2023-06-14T14:23:48.962+0000] {logging_mixin.py:149} INFO - [2023-06-14T14:23:48.961+0000] {dag.py:2726} INFO - Sync 1 DAGs
[2023-06-14T14:23:48.984+0000] {logging_mixin.py:149} INFO - [2023-06-14T14:23:48.984+0000] {dag.py:3486} INFO - Setting next_dagrun for example_branch_operator to 2023-06-13T00:00:00+00:00, run_after=2023-06-14T00:00:00+00:00
[2023-06-14T14:23:49.022+0000] {processor.py:179} INFO - Processing /usr/local/lib/python3.8/dist-packages/airflow/example_dags/example_branch_operator.py took 0.101 seconds
[2023-06-14T14:24:40.646+0000] {processor.py:157} INFO - Started process (PID=5069) to work on /usr/local/lib/python3.8/dist-packages/airflow/example_dags/example_branch_operator.py
[2023-06-14T14:24:40.647+0000] {processor.py:826} INFO - Processing file /usr/local/lib/python3.8/dist-packages/airflow/example_dags/example_branch_operator.py for tasks to queue
[2023-06-14T14:24:40.650+0000] {logging_mixin.py:149} INFO - [2023-06-14T14:24:40.650+0000] {dagbag.py:541} INFO - Filling up the DagBag from /usr/local/lib/python3.8/dist-packages/airflow/example_dags/example_branch_operator.py
[2023-06-14T14:24:40.659+0000] {processor.py:836} INFO - DAG(s) dict_keys(['example_branch_operator']) retrieved from /usr/local/lib/python3.8/dist-packages/airflow/example_dags/example_branch_operator.py
[2023-06-14T14:24:40.682+0000] {logging_mixin.py:149} INFO - [2023-06-14T14:24:40.681+0000] {dag.py:2726} INFO - Sync 1 DAGs
[2023-06-14T14:24:40.703+0000] {logging_mixin.py:149} INFO - [2023-06-14T14:24:40.703+0000] {dag.py:3486} INFO - Setting next_dagrun for example_branch_operator to 2023-06-13T00:00:00+00:00, run_after=2023-06-14T00:00:00+00:00
[2023-06-14T14:24:40.728+0000] {processor.py:179} INFO - Processing /usr/local/lib/python3.8/dist-packages/airflow/example_dags/example_branch_operator.py took 0.086 seconds
[2023-06-14T14:25:27.323+0000] {processor.py:157} INFO - Started process (PID=5222) to work on /usr/local/lib/python3.8/dist-packages/airflow/example_dags/example_branch_operator.py
[2023-06-14T14:25:27.324+0000] {processor.py:826} INFO - Processing file /usr/local/lib/python3.8/dist-packages/airflow/example_dags/example_branch_operator.py for tasks to queue
[2023-06-14T14:25:27.326+0000] {logging_mixin.py:149} INFO - [2023-06-14T14:25:27.326+0000] {dagbag.py:541} INFO - Filling up the DagBag from /usr/local/lib/python3.8/dist-packages/airflow/example_dags/example_branch_operator.py
[2023-06-14T14:25:27.336+0000] {processor.py:836} INFO - DAG(s) dict_keys(['example_branch_operator']) retrieved from /usr/local/lib/python3.8/dist-packages/airflow/example_dags/example_branch_operator.py
[2023-06-14T14:25:27.359+0000] {logging_mixin.py:149} INFO - [2023-06-14T14:25:27.359+0000] {dag.py:2726} INFO - Sync 1 DAGs
[2023-06-14T14:25:27.381+0000] {logging_mixin.py:149} INFO - [2023-06-14T14:25:27.381+0000] {dag.py:3486} INFO - Setting next_dagrun for example_branch_operator to 2023-06-13T00:00:00+00:00, run_after=2023-06-14T00:00:00+00:00
[2023-06-14T14:25:27.407+0000] {processor.py:179} INFO - Processing /usr/local/lib/python3.8/dist-packages/airflow/example_dags/example_branch_operator.py took 0.088 seconds
[2023-06-14T14:26:20.516+0000] {processor.py:157} INFO - Started process (PID=5379) to work on /usr/local/lib/python3.8/dist-packages/airflow/example_dags/example_branch_operator.py
[2023-06-14T14:26:20.517+0000] {processor.py:826} INFO - Processing file /usr/local/lib/python3.8/dist-packages/airflow/example_dags/example_branch_operator.py for tasks to queue
[2023-06-14T14:26:20.520+0000] {logging_mixin.py:149} INFO - [2023-06-14T14:26:20.520+0000] {dagbag.py:541} INFO - Filling up the DagBag from /usr/local/lib/python3.8/dist-packages/airflow/example_dags/example_branch_operator.py
[2023-06-14T14:26:20.529+0000] {processor.py:836} INFO - DAG(s) dict_keys(['example_branch_operator']) retrieved from /usr/local/lib/python3.8/dist-packages/airflow/example_dags/example_branch_operator.py
[2023-06-14T14:26:20.551+0000] {logging_mixin.py:149} INFO - [2023-06-14T14:26:20.551+0000] {dag.py:2726} INFO - Sync 1 DAGs
[2023-06-14T14:26:20.573+0000] {logging_mixin.py:149} INFO - [2023-06-14T14:26:20.573+0000] {dag.py:3486} INFO - Setting next_dagrun for example_branch_operator to 2023-06-13T00:00:00+00:00, run_after=2023-06-14T00:00:00+00:00
[2023-06-14T14:26:20.605+0000] {processor.py:179} INFO - Processing /usr/local/lib/python3.8/dist-packages/airflow/example_dags/example_branch_operator.py took 0.093 seconds
[2023-06-14T14:27:11.099+0000] {processor.py:157} INFO - Started process (PID=5537) to work on /usr/local/lib/python3.8/dist-packages/airflow/example_dags/example_branch_operator.py
[2023-06-14T14:27:11.101+0000] {processor.py:826} INFO - Processing file /usr/local/lib/python3.8/dist-packages/airflow/example_dags/example_branch_operator.py for tasks to queue
[2023-06-14T14:27:11.103+0000] {logging_mixin.py:149} INFO - [2023-06-14T14:27:11.103+0000] {dagbag.py:541} INFO - Filling up the DagBag from /usr/local/lib/python3.8/dist-packages/airflow/example_dags/example_branch_operator.py
[2023-06-14T14:27:11.112+0000] {processor.py:836} INFO - DAG(s) dict_keys(['example_branch_operator']) retrieved from /usr/local/lib/python3.8/dist-packages/airflow/example_dags/example_branch_operator.py
[2023-06-14T14:27:11.135+0000] {logging_mixin.py:149} INFO - [2023-06-14T14:27:11.134+0000] {dag.py:2726} INFO - Sync 1 DAGs
[2023-06-14T14:27:11.156+0000] {logging_mixin.py:149} INFO - [2023-06-14T14:27:11.156+0000] {dag.py:3486} INFO - Setting next_dagrun for example_branch_operator to 2023-06-13T00:00:00+00:00, run_after=2023-06-14T00:00:00+00:00
[2023-06-14T14:27:11.184+0000] {processor.py:179} INFO - Processing /usr/local/lib/python3.8/dist-packages/airflow/example_dags/example_branch_operator.py took 0.089 seconds
[2023-06-14T14:28:03.804+0000] {processor.py:157} INFO - Started process (PID=5694) to work on /usr/local/lib/python3.8/dist-packages/airflow/example_dags/example_branch_operator.py
[2023-06-14T14:28:03.806+0000] {processor.py:826} INFO - Processing file /usr/local/lib/python3.8/dist-packages/airflow/example_dags/example_branch_operator.py for tasks to queue
[2023-06-14T14:28:03.809+0000] {logging_mixin.py:149} INFO - [2023-06-14T14:28:03.808+0000] {dagbag.py:541} INFO - Filling up the DagBag from /usr/local/lib/python3.8/dist-packages/airflow/example_dags/example_branch_operator.py
[2023-06-14T14:28:03.819+0000] {processor.py:836} INFO - DAG(s) dict_keys(['example_branch_operator']) retrieved from /usr/local/lib/python3.8/dist-packages/airflow/example_dags/example_branch_operator.py
[2023-06-14T14:28:03.842+0000] {logging_mixin.py:149} INFO - [2023-06-14T14:28:03.842+0000] {dag.py:2726} INFO - Sync 1 DAGs
[2023-06-14T14:28:03.863+0000] {logging_mixin.py:149} INFO - [2023-06-14T14:28:03.863+0000] {dag.py:3486} INFO - Setting next_dagrun for example_branch_operator to 2023-06-13T00:00:00+00:00, run_after=2023-06-14T00:00:00+00:00
[2023-06-14T14:28:04.034+0000] {processor.py:179} INFO - Processing /usr/local/lib/python3.8/dist-packages/airflow/example_dags/example_branch_operator.py took 0.233 seconds
[2023-06-14T14:28:57.296+0000] {processor.py:157} INFO - Started process (PID=5955) to work on /usr/local/lib/python3.8/dist-packages/airflow/example_dags/example_branch_operator.py
[2023-06-14T14:28:57.298+0000] {processor.py:826} INFO - Processing file /usr/local/lib/python3.8/dist-packages/airflow/example_dags/example_branch_operator.py for tasks to queue
[2023-06-14T14:28:57.301+0000] {logging_mixin.py:149} INFO - [2023-06-14T14:28:57.301+0000] {dagbag.py:541} INFO - Filling up the DagBag from /usr/local/lib/python3.8/dist-packages/airflow/example_dags/example_branch_operator.py
[2023-06-14T14:28:57.312+0000] {processor.py:836} INFO - DAG(s) dict_keys(['example_branch_operator']) retrieved from /usr/local/lib/python3.8/dist-packages/airflow/example_dags/example_branch_operator.py
[2023-06-14T14:28:57.335+0000] {logging_mixin.py:149} INFO - [2023-06-14T14:28:57.334+0000] {dag.py:2726} INFO - Sync 1 DAGs
[2023-06-14T14:28:57.356+0000] {logging_mixin.py:149} INFO - [2023-06-14T14:28:57.356+0000] {dag.py:3486} INFO - Setting next_dagrun for example_branch_operator to 2023-06-13T00:00:00+00:00, run_after=2023-06-14T00:00:00+00:00
[2023-06-14T14:28:57.383+0000] {processor.py:179} INFO - Processing /usr/local/lib/python3.8/dist-packages/airflow/example_dags/example_branch_operator.py took 0.093 seconds
[2023-06-14T14:29:46.564+0000] {processor.py:157} INFO - Started process (PID=6006) to work on /usr/local/lib/python3.8/dist-packages/airflow/example_dags/example_branch_operator.py
[2023-06-14T14:29:46.566+0000] {processor.py:826} INFO - Processing file /usr/local/lib/python3.8/dist-packages/airflow/example_dags/example_branch_operator.py for tasks to queue
[2023-06-14T14:29:46.569+0000] {logging_mixin.py:149} INFO - [2023-06-14T14:29:46.569+0000] {dagbag.py:541} INFO - Filling up the DagBag from /usr/local/lib/python3.8/dist-packages/airflow/example_dags/example_branch_operator.py
[2023-06-14T14:29:46.578+0000] {processor.py:836} INFO - DAG(s) dict_keys(['example_branch_operator']) retrieved from /usr/local/lib/python3.8/dist-packages/airflow/example_dags/example_branch_operator.py
[2023-06-14T14:29:46.601+0000] {logging_mixin.py:149} INFO - [2023-06-14T14:29:46.600+0000] {dag.py:2726} INFO - Sync 1 DAGs
[2023-06-14T14:29:46.622+0000] {logging_mixin.py:149} INFO - [2023-06-14T14:29:46.622+0000] {dag.py:3486} INFO - Setting next_dagrun for example_branch_operator to 2023-06-13T00:00:00+00:00, run_after=2023-06-14T00:00:00+00:00
[2023-06-14T14:29:46.649+0000] {processor.py:179} INFO - Processing /usr/local/lib/python3.8/dist-packages/airflow/example_dags/example_branch_operator.py took 0.088 seconds
[2023-06-14T14:30:44.717+0000] {processor.py:157} INFO - Started process (PID=6166) to work on /usr/local/lib/python3.8/dist-packages/airflow/example_dags/example_branch_operator.py
[2023-06-14T14:30:44.718+0000] {processor.py:826} INFO - Processing file /usr/local/lib/python3.8/dist-packages/airflow/example_dags/example_branch_operator.py for tasks to queue
[2023-06-14T14:30:44.720+0000] {logging_mixin.py:149} INFO - [2023-06-14T14:30:44.720+0000] {dagbag.py:541} INFO - Filling up the DagBag from /usr/local/lib/python3.8/dist-packages/airflow/example_dags/example_branch_operator.py
[2023-06-14T14:30:44.730+0000] {processor.py:836} INFO - DAG(s) dict_keys(['example_branch_operator']) retrieved from /usr/local/lib/python3.8/dist-packages/airflow/example_dags/example_branch_operator.py
[2023-06-14T14:30:44.753+0000] {logging_mixin.py:149} INFO - [2023-06-14T14:30:44.752+0000] {dag.py:2726} INFO - Sync 1 DAGs
[2023-06-14T14:30:44.775+0000] {logging_mixin.py:149} INFO - [2023-06-14T14:30:44.774+0000] {dag.py:3486} INFO - Setting next_dagrun for example_branch_operator to 2023-06-13T00:00:00+00:00, run_after=2023-06-14T00:00:00+00:00
[2023-06-14T14:30:44.802+0000] {processor.py:179} INFO - Processing /usr/local/lib/python3.8/dist-packages/airflow/example_dags/example_branch_operator.py took 0.090 seconds
[2023-06-14T14:31:37.328+0000] {processor.py:157} INFO - Started process (PID=6321) to work on /usr/local/lib/python3.8/dist-packages/airflow/example_dags/example_branch_operator.py
[2023-06-14T14:31:37.329+0000] {processor.py:826} INFO - Processing file /usr/local/lib/python3.8/dist-packages/airflow/example_dags/example_branch_operator.py for tasks to queue
[2023-06-14T14:31:37.332+0000] {logging_mixin.py:149} INFO - [2023-06-14T14:31:37.331+0000] {dagbag.py:541} INFO - Filling up the DagBag from /usr/local/lib/python3.8/dist-packages/airflow/example_dags/example_branch_operator.py
[2023-06-14T14:31:37.342+0000] {processor.py:836} INFO - DAG(s) dict_keys(['example_branch_operator']) retrieved from /usr/local/lib/python3.8/dist-packages/airflow/example_dags/example_branch_operator.py
[2023-06-14T14:31:37.365+0000] {logging_mixin.py:149} INFO - [2023-06-14T14:31:37.365+0000] {dag.py:2726} INFO - Sync 1 DAGs
[2023-06-14T14:31:37.387+0000] {logging_mixin.py:149} INFO - [2023-06-14T14:31:37.386+0000] {dag.py:3486} INFO - Setting next_dagrun for example_branch_operator to 2023-06-13T00:00:00+00:00, run_after=2023-06-14T00:00:00+00:00
[2023-06-14T14:31:37.412+0000] {processor.py:179} INFO - Processing /usr/local/lib/python3.8/dist-packages/airflow/example_dags/example_branch_operator.py took 0.089 seconds
[2023-06-14T14:32:28.231+0000] {processor.py:157} INFO - Started process (PID=6484) to work on /usr/local/lib/python3.8/dist-packages/airflow/example_dags/example_branch_operator.py
[2023-06-14T14:32:28.232+0000] {processor.py:826} INFO - Processing file /usr/local/lib/python3.8/dist-packages/airflow/example_dags/example_branch_operator.py for tasks to queue
[2023-06-14T14:32:28.234+0000] {logging_mixin.py:149} INFO - [2023-06-14T14:32:28.234+0000] {dagbag.py:541} INFO - Filling up the DagBag from /usr/local/lib/python3.8/dist-packages/airflow/example_dags/example_branch_operator.py
[2023-06-14T14:32:28.244+0000] {processor.py:836} INFO - DAG(s) dict_keys(['example_branch_operator']) retrieved from /usr/local/lib/python3.8/dist-packages/airflow/example_dags/example_branch_operator.py
[2023-06-14T14:32:28.266+0000] {logging_mixin.py:149} INFO - [2023-06-14T14:32:28.266+0000] {dag.py:2726} INFO - Sync 1 DAGs
[2023-06-14T14:32:28.287+0000] {logging_mixin.py:149} INFO - [2023-06-14T14:32:28.287+0000] {dag.py:3486} INFO - Setting next_dagrun for example_branch_operator to 2023-06-13T00:00:00+00:00, run_after=2023-06-14T00:00:00+00:00
[2023-06-14T14:32:28.313+0000] {processor.py:179} INFO - Processing /usr/local/lib/python3.8/dist-packages/airflow/example_dags/example_branch_operator.py took 0.086 seconds
[2023-06-14T14:33:17.082+0000] {processor.py:157} INFO - Started process (PID=6638) to work on /usr/local/lib/python3.8/dist-packages/airflow/example_dags/example_branch_operator.py
[2023-06-14T14:33:17.085+0000] {processor.py:826} INFO - Processing file /usr/local/lib/python3.8/dist-packages/airflow/example_dags/example_branch_operator.py for tasks to queue
[2023-06-14T14:33:17.087+0000] {logging_mixin.py:149} INFO - [2023-06-14T14:33:17.087+0000] {dagbag.py:541} INFO - Filling up the DagBag from /usr/local/lib/python3.8/dist-packages/airflow/example_dags/example_branch_operator.py
[2023-06-14T14:33:17.096+0000] {processor.py:836} INFO - DAG(s) dict_keys(['example_branch_operator']) retrieved from /usr/local/lib/python3.8/dist-packages/airflow/example_dags/example_branch_operator.py
[2023-06-14T14:33:17.118+0000] {logging_mixin.py:149} INFO - [2023-06-14T14:33:17.118+0000] {dag.py:2726} INFO - Sync 1 DAGs
[2023-06-14T14:33:17.140+0000] {logging_mixin.py:149} INFO - [2023-06-14T14:33:17.140+0000] {dag.py:3486} INFO - Setting next_dagrun for example_branch_operator to 2023-06-13T00:00:00+00:00, run_after=2023-06-14T00:00:00+00:00
[2023-06-14T14:33:17.169+0000] {processor.py:179} INFO - Processing /usr/local/lib/python3.8/dist-packages/airflow/example_dags/example_branch_operator.py took 0.091 seconds
[2023-06-14T14:34:10.034+0000] {processor.py:157} INFO - Started process (PID=6895) to work on /usr/local/lib/python3.8/dist-packages/airflow/example_dags/example_branch_operator.py
[2023-06-14T14:34:10.036+0000] {processor.py:826} INFO - Processing file /usr/local/lib/python3.8/dist-packages/airflow/example_dags/example_branch_operator.py for tasks to queue
[2023-06-14T14:34:10.039+0000] {logging_mixin.py:149} INFO - [2023-06-14T14:34:10.038+0000] {dagbag.py:541} INFO - Filling up the DagBag from /usr/local/lib/python3.8/dist-packages/airflow/example_dags/example_branch_operator.py
[2023-06-14T14:34:10.048+0000] {processor.py:836} INFO - DAG(s) dict_keys(['example_branch_operator']) retrieved from /usr/local/lib/python3.8/dist-packages/airflow/example_dags/example_branch_operator.py
[2023-06-14T14:34:10.071+0000] {logging_mixin.py:149} INFO - [2023-06-14T14:34:10.071+0000] {dag.py:2726} INFO - Sync 1 DAGs
[2023-06-14T14:34:10.093+0000] {logging_mixin.py:149} INFO - [2023-06-14T14:34:10.093+0000] {dag.py:3486} INFO - Setting next_dagrun for example_branch_operator to 2023-06-13T00:00:00+00:00, run_after=2023-06-14T00:00:00+00:00
[2023-06-14T14:34:10.126+0000] {processor.py:179} INFO - Processing /usr/local/lib/python3.8/dist-packages/airflow/example_dags/example_branch_operator.py took 0.095 seconds
[2023-06-14T14:35:04.472+0000] {processor.py:157} INFO - Started process (PID=7056) to work on /usr/local/lib/python3.8/dist-packages/airflow/example_dags/example_branch_operator.py
[2023-06-14T14:35:04.474+0000] {processor.py:826} INFO - Processing file /usr/local/lib/python3.8/dist-packages/airflow/example_dags/example_branch_operator.py for tasks to queue
[2023-06-14T14:35:04.476+0000] {logging_mixin.py:149} INFO - [2023-06-14T14:35:04.476+0000] {dagbag.py:541} INFO - Filling up the DagBag from /usr/local/lib/python3.8/dist-packages/airflow/example_dags/example_branch_operator.py
[2023-06-14T14:35:04.486+0000] {processor.py:836} INFO - DAG(s) dict_keys(['example_branch_operator']) retrieved from /usr/local/lib/python3.8/dist-packages/airflow/example_dags/example_branch_operator.py
[2023-06-14T14:35:04.509+0000] {logging_mixin.py:149} INFO - [2023-06-14T14:35:04.509+0000] {dag.py:2726} INFO - Sync 1 DAGs
[2023-06-14T14:35:04.532+0000] {logging_mixin.py:149} INFO - [2023-06-14T14:35:04.531+0000] {dag.py:3486} INFO - Setting next_dagrun for example_branch_operator to 2023-06-13T00:00:00+00:00, run_after=2023-06-14T00:00:00+00:00
[2023-06-14T14:35:04.565+0000] {processor.py:179} INFO - Processing /usr/local/lib/python3.8/dist-packages/airflow/example_dags/example_branch_operator.py took 0.097 seconds
[2023-06-14T14:35:56.317+0000] {processor.py:157} INFO - Started process (PID=7214) to work on /usr/local/lib/python3.8/dist-packages/airflow/example_dags/example_branch_operator.py
[2023-06-14T14:35:56.319+0000] {processor.py:826} INFO - Processing file /usr/local/lib/python3.8/dist-packages/airflow/example_dags/example_branch_operator.py for tasks to queue
[2023-06-14T14:35:56.321+0000] {logging_mixin.py:149} INFO - [2023-06-14T14:35:56.321+0000] {dagbag.py:541} INFO - Filling up the DagBag from /usr/local/lib/python3.8/dist-packages/airflow/example_dags/example_branch_operator.py
[2023-06-14T14:35:56.330+0000] {processor.py:836} INFO - DAG(s) dict_keys(['example_branch_operator']) retrieved from /usr/local/lib/python3.8/dist-packages/airflow/example_dags/example_branch_operator.py
[2023-06-14T14:35:56.352+0000] {logging_mixin.py:149} INFO - [2023-06-14T14:35:56.352+0000] {dag.py:2726} INFO - Sync 1 DAGs
[2023-06-14T14:35:56.374+0000] {logging_mixin.py:149} INFO - [2023-06-14T14:35:56.374+0000] {dag.py:3486} INFO - Setting next_dagrun for example_branch_operator to 2023-06-13T00:00:00+00:00, run_after=2023-06-14T00:00:00+00:00
[2023-06-14T14:35:56.402+0000] {processor.py:179} INFO - Processing /usr/local/lib/python3.8/dist-packages/airflow/example_dags/example_branch_operator.py took 0.088 seconds
[2023-06-14T14:36:48.134+0000] {processor.py:157} INFO - Started process (PID=7266) to work on /usr/local/lib/python3.8/dist-packages/airflow/example_dags/example_branch_operator.py
[2023-06-14T14:36:48.136+0000] {processor.py:826} INFO - Processing file /usr/local/lib/python3.8/dist-packages/airflow/example_dags/example_branch_operator.py for tasks to queue
[2023-06-14T14:36:48.139+0000] {logging_mixin.py:149} INFO - [2023-06-14T14:36:48.139+0000] {dagbag.py:541} INFO - Filling up the DagBag from /usr/local/lib/python3.8/dist-packages/airflow/example_dags/example_branch_operator.py
[2023-06-14T14:36:48.148+0000] {processor.py:836} INFO - DAG(s) dict_keys(['example_branch_operator']) retrieved from /usr/local/lib/python3.8/dist-packages/airflow/example_dags/example_branch_operator.py
[2023-06-14T14:36:48.170+0000] {logging_mixin.py:149} INFO - [2023-06-14T14:36:48.170+0000] {dag.py:2726} INFO - Sync 1 DAGs
[2023-06-14T14:36:48.191+0000] {logging_mixin.py:149} INFO - [2023-06-14T14:36:48.191+0000] {dag.py:3486} INFO - Setting next_dagrun for example_branch_operator to 2023-06-13T00:00:00+00:00, run_after=2023-06-14T00:00:00+00:00
[2023-06-14T14:36:48.219+0000] {processor.py:179} INFO - Processing /usr/local/lib/python3.8/dist-packages/airflow/example_dags/example_branch_operator.py took 0.089 seconds
[2023-06-14T14:37:40.129+0000] {processor.py:157} INFO - Started process (PID=7428) to work on /usr/local/lib/python3.8/dist-packages/airflow/example_dags/example_branch_operator.py
[2023-06-14T14:37:40.130+0000] {processor.py:826} INFO - Processing file /usr/local/lib/python3.8/dist-packages/airflow/example_dags/example_branch_operator.py for tasks to queue
[2023-06-14T14:37:40.132+0000] {logging_mixin.py:149} INFO - [2023-06-14T14:37:40.132+0000] {dagbag.py:541} INFO - Filling up the DagBag from /usr/local/lib/python3.8/dist-packages/airflow/example_dags/example_branch_operator.py
[2023-06-14T14:37:40.142+0000] {processor.py:836} INFO - DAG(s) dict_keys(['example_branch_operator']) retrieved from /usr/local/lib/python3.8/dist-packages/airflow/example_dags/example_branch_operator.py
[2023-06-14T14:37:40.165+0000] {logging_mixin.py:149} INFO - [2023-06-14T14:37:40.165+0000] {dag.py:2726} INFO - Sync 1 DAGs
[2023-06-14T14:37:40.186+0000] {logging_mixin.py:149} INFO - [2023-06-14T14:37:40.186+0000] {dag.py:3486} INFO - Setting next_dagrun for example_branch_operator to 2023-06-13T00:00:00+00:00, run_after=2023-06-14T00:00:00+00:00
[2023-06-14T14:37:40.215+0000] {processor.py:179} INFO - Processing /usr/local/lib/python3.8/dist-packages/airflow/example_dags/example_branch_operator.py took 0.090 seconds
[2023-06-14T14:38:30.921+0000] {processor.py:157} INFO - Started process (PID=7583) to work on /usr/local/lib/python3.8/dist-packages/airflow/example_dags/example_branch_operator.py
[2023-06-14T14:38:30.922+0000] {processor.py:826} INFO - Processing file /usr/local/lib/python3.8/dist-packages/airflow/example_dags/example_branch_operator.py for tasks to queue
[2023-06-14T14:38:30.924+0000] {logging_mixin.py:149} INFO - [2023-06-14T14:38:30.924+0000] {dagbag.py:541} INFO - Filling up the DagBag from /usr/local/lib/python3.8/dist-packages/airflow/example_dags/example_branch_operator.py
[2023-06-14T14:38:30.934+0000] {processor.py:836} INFO - DAG(s) dict_keys(['example_branch_operator']) retrieved from /usr/local/lib/python3.8/dist-packages/airflow/example_dags/example_branch_operator.py
[2023-06-14T14:38:30.956+0000] {logging_mixin.py:149} INFO - [2023-06-14T14:38:30.956+0000] {dag.py:2726} INFO - Sync 1 DAGs
[2023-06-14T14:38:30.978+0000] {logging_mixin.py:149} INFO - [2023-06-14T14:38:30.978+0000] {dag.py:3486} INFO - Setting next_dagrun for example_branch_operator to 2023-06-13T00:00:00+00:00, run_after=2023-06-14T00:00:00+00:00
[2023-06-14T14:38:31.004+0000] {processor.py:179} INFO - Processing /usr/local/lib/python3.8/dist-packages/airflow/example_dags/example_branch_operator.py took 0.087 seconds
[2023-06-14T14:39:18.608+0000] {processor.py:157} INFO - Started process (PID=7735) to work on /usr/local/lib/python3.8/dist-packages/airflow/example_dags/example_branch_operator.py
[2023-06-14T14:39:18.609+0000] {processor.py:826} INFO - Processing file /usr/local/lib/python3.8/dist-packages/airflow/example_dags/example_branch_operator.py for tasks to queue
[2023-06-14T14:39:18.612+0000] {logging_mixin.py:149} INFO - [2023-06-14T14:39:18.611+0000] {dagbag.py:541} INFO - Filling up the DagBag from /usr/local/lib/python3.8/dist-packages/airflow/example_dags/example_branch_operator.py
[2023-06-14T14:39:18.621+0000] {processor.py:836} INFO - DAG(s) dict_keys(['example_branch_operator']) retrieved from /usr/local/lib/python3.8/dist-packages/airflow/example_dags/example_branch_operator.py
[2023-06-14T14:39:18.644+0000] {logging_mixin.py:149} INFO - [2023-06-14T14:39:18.643+0000] {dag.py:2726} INFO - Sync 1 DAGs
[2023-06-14T14:39:18.665+0000] {logging_mixin.py:149} INFO - [2023-06-14T14:39:18.664+0000] {dag.py:3486} INFO - Setting next_dagrun for example_branch_operator to 2023-06-13T00:00:00+00:00, run_after=2023-06-14T00:00:00+00:00
[2023-06-14T14:39:18.693+0000] {processor.py:179} INFO - Processing /usr/local/lib/python3.8/dist-packages/airflow/example_dags/example_branch_operator.py took 0.089 seconds
[2023-06-14T14:40:09.639+0000] {processor.py:157} INFO - Started process (PID=7889) to work on /usr/local/lib/python3.8/dist-packages/airflow/example_dags/example_branch_operator.py
[2023-06-14T14:40:09.640+0000] {processor.py:826} INFO - Processing file /usr/local/lib/python3.8/dist-packages/airflow/example_dags/example_branch_operator.py for tasks to queue
[2023-06-14T14:40:09.642+0000] {logging_mixin.py:149} INFO - [2023-06-14T14:40:09.642+0000] {dagbag.py:541} INFO - Filling up the DagBag from /usr/local/lib/python3.8/dist-packages/airflow/example_dags/example_branch_operator.py
[2023-06-14T14:40:09.652+0000] {processor.py:836} INFO - DAG(s) dict_keys(['example_branch_operator']) retrieved from /usr/local/lib/python3.8/dist-packages/airflow/example_dags/example_branch_operator.py
[2023-06-14T14:40:09.674+0000] {logging_mixin.py:149} INFO - [2023-06-14T14:40:09.673+0000] {dag.py:2726} INFO - Sync 1 DAGs
[2023-06-14T14:40:09.695+0000] {logging_mixin.py:149} INFO - [2023-06-14T14:40:09.694+0000] {dag.py:3486} INFO - Setting next_dagrun for example_branch_operator to 2023-06-13T00:00:00+00:00, run_after=2023-06-14T00:00:00+00:00
[2023-06-14T14:40:09.720+0000] {processor.py:179} INFO - Processing /usr/local/lib/python3.8/dist-packages/airflow/example_dags/example_branch_operator.py took 0.085 seconds
[2023-06-14T14:41:04.665+0000] {processor.py:157} INFO - Started process (PID=8047) to work on /usr/local/lib/python3.8/dist-packages/airflow/example_dags/example_branch_operator.py
[2023-06-14T14:41:04.667+0000] {processor.py:826} INFO - Processing file /usr/local/lib/python3.8/dist-packages/airflow/example_dags/example_branch_operator.py for tasks to queue
[2023-06-14T14:41:04.669+0000] {logging_mixin.py:149} INFO - [2023-06-14T14:41:04.669+0000] {dagbag.py:541} INFO - Filling up the DagBag from /usr/local/lib/python3.8/dist-packages/airflow/example_dags/example_branch_operator.py
[2023-06-14T14:41:04.679+0000] {processor.py:836} INFO - DAG(s) dict_keys(['example_branch_operator']) retrieved from /usr/local/lib/python3.8/dist-packages/airflow/example_dags/example_branch_operator.py
[2023-06-14T14:41:04.701+0000] {logging_mixin.py:149} INFO - [2023-06-14T14:41:04.701+0000] {dag.py:2726} INFO - Sync 1 DAGs
[2023-06-14T14:41:04.723+0000] {logging_mixin.py:149} INFO - [2023-06-14T14:41:04.723+0000] {dag.py:3486} INFO - Setting next_dagrun for example_branch_operator to 2023-06-13T00:00:00+00:00, run_after=2023-06-14T00:00:00+00:00
[2023-06-14T14:41:04.750+0000] {processor.py:179} INFO - Processing /usr/local/lib/python3.8/dist-packages/airflow/example_dags/example_branch_operator.py took 0.088 seconds
[2023-06-14T14:41:58.673+0000] {processor.py:157} INFO - Started process (PID=8204) to work on /usr/local/lib/python3.8/dist-packages/airflow/example_dags/example_branch_operator.py
[2023-06-14T14:41:58.675+0000] {processor.py:826} INFO - Processing file /usr/local/lib/python3.8/dist-packages/airflow/example_dags/example_branch_operator.py for tasks to queue
[2023-06-14T14:41:58.677+0000] {logging_mixin.py:149} INFO - [2023-06-14T14:41:58.677+0000] {dagbag.py:541} INFO - Filling up the DagBag from /usr/local/lib/python3.8/dist-packages/airflow/example_dags/example_branch_operator.py
[2023-06-14T14:41:58.687+0000] {processor.py:836} INFO - DAG(s) dict_keys(['example_branch_operator']) retrieved from /usr/local/lib/python3.8/dist-packages/airflow/example_dags/example_branch_operator.py
[2023-06-14T14:41:58.709+0000] {logging_mixin.py:149} INFO - [2023-06-14T14:41:58.709+0000] {dag.py:2726} INFO - Sync 1 DAGs
[2023-06-14T14:41:58.731+0000] {logging_mixin.py:149} INFO - [2023-06-14T14:41:58.730+0000] {dag.py:3486} INFO - Setting next_dagrun for example_branch_operator to 2023-06-13T00:00:00+00:00, run_after=2023-06-14T00:00:00+00:00
[2023-06-14T14:41:58.761+0000] {processor.py:179} INFO - Processing /usr/local/lib/python3.8/dist-packages/airflow/example_dags/example_branch_operator.py took 0.092 seconds
[2023-06-14T14:42:52.344+0000] {processor.py:157} INFO - Started process (PID=8366) to work on /usr/local/lib/python3.8/dist-packages/airflow/example_dags/example_branch_operator.py
[2023-06-14T14:42:52.345+0000] {processor.py:826} INFO - Processing file /usr/local/lib/python3.8/dist-packages/airflow/example_dags/example_branch_operator.py for tasks to queue
[2023-06-14T14:42:52.347+0000] {logging_mixin.py:149} INFO - [2023-06-14T14:42:52.347+0000] {dagbag.py:541} INFO - Filling up the DagBag from /usr/local/lib/python3.8/dist-packages/airflow/example_dags/example_branch_operator.py
[2023-06-14T14:42:52.357+0000] {processor.py:836} INFO - DAG(s) dict_keys(['example_branch_operator']) retrieved from /usr/local/lib/python3.8/dist-packages/airflow/example_dags/example_branch_operator.py
[2023-06-14T14:42:52.379+0000] {logging_mixin.py:149} INFO - [2023-06-14T14:42:52.379+0000] {dag.py:2726} INFO - Sync 1 DAGs
[2023-06-14T14:42:52.400+0000] {logging_mixin.py:149} INFO - [2023-06-14T14:42:52.400+0000] {dag.py:3486} INFO - Setting next_dagrun for example_branch_operator to 2023-06-13T00:00:00+00:00, run_after=2023-06-14T00:00:00+00:00
[2023-06-14T14:42:52.429+0000] {processor.py:179} INFO - Processing /usr/local/lib/python3.8/dist-packages/airflow/example_dags/example_branch_operator.py took 0.089 seconds
[2023-06-14T14:43:49.635+0000] {processor.py:157} INFO - Started process (PID=8422) to work on /usr/local/lib/python3.8/dist-packages/airflow/example_dags/example_branch_operator.py
[2023-06-14T14:43:49.637+0000] {processor.py:826} INFO - Processing file /usr/local/lib/python3.8/dist-packages/airflow/example_dags/example_branch_operator.py for tasks to queue
[2023-06-14T14:43:49.639+0000] {logging_mixin.py:149} INFO - [2023-06-14T14:43:49.639+0000] {dagbag.py:541} INFO - Filling up the DagBag from /usr/local/lib/python3.8/dist-packages/airflow/example_dags/example_branch_operator.py
[2023-06-14T14:43:49.649+0000] {processor.py:836} INFO - DAG(s) dict_keys(['example_branch_operator']) retrieved from /usr/local/lib/python3.8/dist-packages/airflow/example_dags/example_branch_operator.py
[2023-06-14T14:43:49.671+0000] {logging_mixin.py:149} INFO - [2023-06-14T14:43:49.671+0000] {dag.py:2726} INFO - Sync 1 DAGs
[2023-06-14T14:43:49.693+0000] {logging_mixin.py:149} INFO - [2023-06-14T14:43:49.693+0000] {dag.py:3486} INFO - Setting next_dagrun for example_branch_operator to 2023-06-13T00:00:00+00:00, run_after=2023-06-14T00:00:00+00:00
[2023-06-14T14:43:49.721+0000] {processor.py:179} INFO - Processing /usr/local/lib/python3.8/dist-packages/airflow/example_dags/example_branch_operator.py took 0.090 seconds
[2023-06-14T14:44:43.384+0000] {processor.py:157} INFO - Started process (PID=8680) to work on /usr/local/lib/python3.8/dist-packages/airflow/example_dags/example_branch_operator.py
[2023-06-14T14:44:43.386+0000] {processor.py:826} INFO - Processing file /usr/local/lib/python3.8/dist-packages/airflow/example_dags/example_branch_operator.py for tasks to queue
[2023-06-14T14:44:43.388+0000] {logging_mixin.py:149} INFO - [2023-06-14T14:44:43.388+0000] {dagbag.py:541} INFO - Filling up the DagBag from /usr/local/lib/python3.8/dist-packages/airflow/example_dags/example_branch_operator.py
[2023-06-14T14:44:43.398+0000] {processor.py:836} INFO - DAG(s) dict_keys(['example_branch_operator']) retrieved from /usr/local/lib/python3.8/dist-packages/airflow/example_dags/example_branch_operator.py
[2023-06-14T14:44:43.421+0000] {logging_mixin.py:149} INFO - [2023-06-14T14:44:43.421+0000] {dag.py:2726} INFO - Sync 1 DAGs
[2023-06-14T14:44:43.443+0000] {logging_mixin.py:149} INFO - [2023-06-14T14:44:43.443+0000] {dag.py:3486} INFO - Setting next_dagrun for example_branch_operator to 2023-06-13T00:00:00+00:00, run_after=2023-06-14T00:00:00+00:00
[2023-06-14T14:44:43.474+0000] {processor.py:179} INFO - Processing /usr/local/lib/python3.8/dist-packages/airflow/example_dags/example_branch_operator.py took 0.093 seconds
[2023-06-14T14:45:40.142+0000] {processor.py:157} INFO - Started process (PID=8840) to work on /usr/local/lib/python3.8/dist-packages/airflow/example_dags/example_branch_operator.py
[2023-06-14T14:45:40.144+0000] {processor.py:826} INFO - Processing file /usr/local/lib/python3.8/dist-packages/airflow/example_dags/example_branch_operator.py for tasks to queue
[2023-06-14T14:45:40.146+0000] {logging_mixin.py:149} INFO - [2023-06-14T14:45:40.146+0000] {dagbag.py:541} INFO - Filling up the DagBag from /usr/local/lib/python3.8/dist-packages/airflow/example_dags/example_branch_operator.py
[2023-06-14T14:45:40.160+0000] {processor.py:836} INFO - DAG(s) dict_keys(['example_branch_operator']) retrieved from /usr/local/lib/python3.8/dist-packages/airflow/example_dags/example_branch_operator.py
[2023-06-14T14:45:40.188+0000] {logging_mixin.py:149} INFO - [2023-06-14T14:45:40.188+0000] {dag.py:2726} INFO - Sync 1 DAGs
[2023-06-14T14:45:40.210+0000] {logging_mixin.py:149} INFO - [2023-06-14T14:45:40.210+0000] {dag.py:3486} INFO - Setting next_dagrun for example_branch_operator to 2023-06-13T00:00:00+00:00, run_after=2023-06-14T00:00:00+00:00
[2023-06-14T14:45:40.239+0000] {processor.py:179} INFO - Processing /usr/local/lib/python3.8/dist-packages/airflow/example_dags/example_branch_operator.py took 0.102 seconds
[2023-06-14T14:46:36.424+0000] {processor.py:157} INFO - Started process (PID=9002) to work on /usr/local/lib/python3.8/dist-packages/airflow/example_dags/example_branch_operator.py
[2023-06-14T14:46:36.426+0000] {processor.py:826} INFO - Processing file /usr/local/lib/python3.8/dist-packages/airflow/example_dags/example_branch_operator.py for tasks to queue
[2023-06-14T14:46:36.428+0000] {logging_mixin.py:149} INFO - [2023-06-14T14:46:36.428+0000] {dagbag.py:541} INFO - Filling up the DagBag from /usr/local/lib/python3.8/dist-packages/airflow/example_dags/example_branch_operator.py
[2023-06-14T14:46:36.438+0000] {processor.py:836} INFO - DAG(s) dict_keys(['example_branch_operator']) retrieved from /usr/local/lib/python3.8/dist-packages/airflow/example_dags/example_branch_operator.py
[2023-06-14T14:46:36.461+0000] {logging_mixin.py:149} INFO - [2023-06-14T14:46:36.461+0000] {dag.py:2726} INFO - Sync 1 DAGs
[2023-06-14T14:46:36.483+0000] {logging_mixin.py:149} INFO - [2023-06-14T14:46:36.482+0000] {dag.py:3486} INFO - Setting next_dagrun for example_branch_operator to 2023-06-13T00:00:00+00:00, run_after=2023-06-14T00:00:00+00:00
[2023-06-14T14:46:36.509+0000] {processor.py:179} INFO - Processing /usr/local/lib/python3.8/dist-packages/airflow/example_dags/example_branch_operator.py took 0.088 seconds
[2023-06-14T14:47:25.670+0000] {processor.py:157} INFO - Started process (PID=9158) to work on /usr/local/lib/python3.8/dist-packages/airflow/example_dags/example_branch_operator.py
[2023-06-14T14:47:25.671+0000] {processor.py:826} INFO - Processing file /usr/local/lib/python3.8/dist-packages/airflow/example_dags/example_branch_operator.py for tasks to queue
[2023-06-14T14:47:25.673+0000] {logging_mixin.py:149} INFO - [2023-06-14T14:47:25.673+0000] {dagbag.py:541} INFO - Filling up the DagBag from /usr/local/lib/python3.8/dist-packages/airflow/example_dags/example_branch_operator.py
[2023-06-14T14:47:25.683+0000] {processor.py:836} INFO - DAG(s) dict_keys(['example_branch_operator']) retrieved from /usr/local/lib/python3.8/dist-packages/airflow/example_dags/example_branch_operator.py
[2023-06-14T14:47:25.706+0000] {logging_mixin.py:149} INFO - [2023-06-14T14:47:25.705+0000] {dag.py:2726} INFO - Sync 1 DAGs
[2023-06-14T14:47:25.728+0000] {logging_mixin.py:149} INFO - [2023-06-14T14:47:25.727+0000] {dag.py:3486} INFO - Setting next_dagrun for example_branch_operator to 2023-06-13T00:00:00+00:00, run_after=2023-06-14T00:00:00+00:00
[2023-06-14T14:47:25.759+0000] {processor.py:179} INFO - Processing /usr/local/lib/python3.8/dist-packages/airflow/example_dags/example_branch_operator.py took 0.094 seconds
[2023-06-14T14:48:19.485+0000] {processor.py:157} INFO - Started process (PID=9315) to work on /usr/local/lib/python3.8/dist-packages/airflow/example_dags/example_branch_operator.py
[2023-06-14T14:48:19.486+0000] {processor.py:826} INFO - Processing file /usr/local/lib/python3.8/dist-packages/airflow/example_dags/example_branch_operator.py for tasks to queue
[2023-06-14T14:48:19.489+0000] {logging_mixin.py:149} INFO - [2023-06-14T14:48:19.489+0000] {dagbag.py:541} INFO - Filling up the DagBag from /usr/local/lib/python3.8/dist-packages/airflow/example_dags/example_branch_operator.py
[2023-06-14T14:48:19.499+0000] {processor.py:836} INFO - DAG(s) dict_keys(['example_branch_operator']) retrieved from /usr/local/lib/python3.8/dist-packages/airflow/example_dags/example_branch_operator.py
[2023-06-14T14:48:19.522+0000] {logging_mixin.py:149} INFO - [2023-06-14T14:48:19.521+0000] {dag.py:2726} INFO - Sync 1 DAGs
[2023-06-14T14:48:19.545+0000] {logging_mixin.py:149} INFO - [2023-06-14T14:48:19.545+0000] {dag.py:3486} INFO - Setting next_dagrun for example_branch_operator to 2023-06-13T00:00:00+00:00, run_after=2023-06-14T00:00:00+00:00
[2023-06-14T14:48:19.573+0000] {processor.py:179} INFO - Processing /usr/local/lib/python3.8/dist-packages/airflow/example_dags/example_branch_operator.py took 0.092 seconds
[2023-06-14T14:49:15.013+0000] {processor.py:157} INFO - Started process (PID=9575) to work on /usr/local/lib/python3.8/dist-packages/airflow/example_dags/example_branch_operator.py
[2023-06-14T14:49:15.014+0000] {processor.py:826} INFO - Processing file /usr/local/lib/python3.8/dist-packages/airflow/example_dags/example_branch_operator.py for tasks to queue
[2023-06-14T14:49:15.016+0000] {logging_mixin.py:149} INFO - [2023-06-14T14:49:15.016+0000] {dagbag.py:541} INFO - Filling up the DagBag from /usr/local/lib/python3.8/dist-packages/airflow/example_dags/example_branch_operator.py
[2023-06-14T14:49:15.026+0000] {processor.py:836} INFO - DAG(s) dict_keys(['example_branch_operator']) retrieved from /usr/local/lib/python3.8/dist-packages/airflow/example_dags/example_branch_operator.py
[2023-06-14T14:49:15.049+0000] {logging_mixin.py:149} INFO - [2023-06-14T14:49:15.048+0000] {dag.py:2726} INFO - Sync 1 DAGs
[2023-06-14T14:49:15.071+0000] {logging_mixin.py:149} INFO - [2023-06-14T14:49:15.070+0000] {dag.py:3486} INFO - Setting next_dagrun for example_branch_operator to 2023-06-13T00:00:00+00:00, run_after=2023-06-14T00:00:00+00:00
[2023-06-14T14:49:15.099+0000] {processor.py:179} INFO - Processing /usr/local/lib/python3.8/dist-packages/airflow/example_dags/example_branch_operator.py took 0.090 seconds
[2023-06-14T14:50:11.752+0000] {processor.py:157} INFO - Started process (PID=9734) to work on /usr/local/lib/python3.8/dist-packages/airflow/example_dags/example_branch_operator.py
[2023-06-14T14:50:11.753+0000] {processor.py:826} INFO - Processing file /usr/local/lib/python3.8/dist-packages/airflow/example_dags/example_branch_operator.py for tasks to queue
[2023-06-14T14:50:11.755+0000] {logging_mixin.py:149} INFO - [2023-06-14T14:50:11.755+0000] {dagbag.py:541} INFO - Filling up the DagBag from /usr/local/lib/python3.8/dist-packages/airflow/example_dags/example_branch_operator.py
[2023-06-14T14:50:11.766+0000] {processor.py:836} INFO - DAG(s) dict_keys(['example_branch_operator']) retrieved from /usr/local/lib/python3.8/dist-packages/airflow/example_dags/example_branch_operator.py
[2023-06-14T14:50:11.791+0000] {logging_mixin.py:149} INFO - [2023-06-14T14:50:11.791+0000] {dag.py:2726} INFO - Sync 1 DAGs
[2023-06-14T14:50:11.815+0000] {logging_mixin.py:149} INFO - [2023-06-14T14:50:11.815+0000] {dag.py:3486} INFO - Setting next_dagrun for example_branch_operator to 2023-06-13T00:00:00+00:00, run_after=2023-06-14T00:00:00+00:00
[2023-06-14T14:50:11.842+0000] {processor.py:179} INFO - Processing /usr/local/lib/python3.8/dist-packages/airflow/example_dags/example_branch_operator.py took 0.094 seconds
[2023-06-14T14:51:03.293+0000] {processor.py:157} INFO - Started process (PID=9889) to work on /usr/local/lib/python3.8/dist-packages/airflow/example_dags/example_branch_operator.py
[2023-06-14T14:51:03.294+0000] {processor.py:826} INFO - Processing file /usr/local/lib/python3.8/dist-packages/airflow/example_dags/example_branch_operator.py for tasks to queue
[2023-06-14T14:51:03.297+0000] {logging_mixin.py:149} INFO - [2023-06-14T14:51:03.296+0000] {dagbag.py:541} INFO - Filling up the DagBag from /usr/local/lib/python3.8/dist-packages/airflow/example_dags/example_branch_operator.py
[2023-06-14T14:51:03.306+0000] {processor.py:836} INFO - DAG(s) dict_keys(['example_branch_operator']) retrieved from /usr/local/lib/python3.8/dist-packages/airflow/example_dags/example_branch_operator.py
[2023-06-14T14:51:03.329+0000] {logging_mixin.py:149} INFO - [2023-06-14T14:51:03.329+0000] {dag.py:2726} INFO - Sync 1 DAGs
[2023-06-14T14:51:03.352+0000] {logging_mixin.py:149} INFO - [2023-06-14T14:51:03.351+0000] {dag.py:3486} INFO - Setting next_dagrun for example_branch_operator to 2023-06-13T00:00:00+00:00, run_after=2023-06-14T00:00:00+00:00
[2023-06-14T14:51:03.379+0000] {processor.py:179} INFO - Processing /usr/local/lib/python3.8/dist-packages/airflow/example_dags/example_branch_operator.py took 0.090 seconds
[2023-06-14T14:51:50.839+0000] {processor.py:157} INFO - Started process (PID=9941) to work on /usr/local/lib/python3.8/dist-packages/airflow/example_dags/example_branch_operator.py
[2023-06-14T14:51:50.840+0000] {processor.py:826} INFO - Processing file /usr/local/lib/python3.8/dist-packages/airflow/example_dags/example_branch_operator.py for tasks to queue
[2023-06-14T14:51:50.843+0000] {logging_mixin.py:149} INFO - [2023-06-14T14:51:50.842+0000] {dagbag.py:541} INFO - Filling up the DagBag from /usr/local/lib/python3.8/dist-packages/airflow/example_dags/example_branch_operator.py
[2023-06-14T14:51:50.852+0000] {processor.py:836} INFO - DAG(s) dict_keys(['example_branch_operator']) retrieved from /usr/local/lib/python3.8/dist-packages/airflow/example_dags/example_branch_operator.py
[2023-06-14T14:51:50.884+0000] {logging_mixin.py:149} INFO - [2023-06-14T14:51:50.884+0000] {dag.py:2726} INFO - Sync 1 DAGs
[2023-06-14T14:51:50.906+0000] {logging_mixin.py:149} INFO - [2023-06-14T14:51:50.906+0000] {dag.py:3486} INFO - Setting next_dagrun for example_branch_operator to 2023-06-13T00:00:00+00:00, run_after=2023-06-14T00:00:00+00:00
[2023-06-14T14:51:50.937+0000] {processor.py:179} INFO - Processing /usr/local/lib/python3.8/dist-packages/airflow/example_dags/example_branch_operator.py took 0.102 seconds
[2023-06-14T14:52:40.952+0000] {processor.py:157} INFO - Started process (PID=10099) to work on /usr/local/lib/python3.8/dist-packages/airflow/example_dags/example_branch_operator.py
[2023-06-14T14:52:40.954+0000] {processor.py:826} INFO - Processing file /usr/local/lib/python3.8/dist-packages/airflow/example_dags/example_branch_operator.py for tasks to queue
[2023-06-14T14:52:40.956+0000] {logging_mixin.py:149} INFO - [2023-06-14T14:52:40.956+0000] {dagbag.py:541} INFO - Filling up the DagBag from /usr/local/lib/python3.8/dist-packages/airflow/example_dags/example_branch_operator.py
[2023-06-14T14:52:40.965+0000] {processor.py:836} INFO - DAG(s) dict_keys(['example_branch_operator']) retrieved from /usr/local/lib/python3.8/dist-packages/airflow/example_dags/example_branch_operator.py
[2023-06-14T14:52:40.988+0000] {logging_mixin.py:149} INFO - [2023-06-14T14:52:40.988+0000] {dag.py:2726} INFO - Sync 1 DAGs
[2023-06-14T14:52:41.009+0000] {logging_mixin.py:149} INFO - [2023-06-14T14:52:41.009+0000] {dag.py:3486} INFO - Setting next_dagrun for example_branch_operator to 2023-06-13T00:00:00+00:00, run_after=2023-06-14T00:00:00+00:00
[2023-06-14T14:52:41.036+0000] {processor.py:179} INFO - Processing /usr/local/lib/python3.8/dist-packages/airflow/example_dags/example_branch_operator.py took 0.088 seconds
[2023-06-14T14:53:32.703+0000] {processor.py:157} INFO - Started process (PID=10254) to work on /usr/local/lib/python3.8/dist-packages/airflow/example_dags/example_branch_operator.py
[2023-06-14T14:53:32.704+0000] {processor.py:826} INFO - Processing file /usr/local/lib/python3.8/dist-packages/airflow/example_dags/example_branch_operator.py for tasks to queue
[2023-06-14T14:53:32.706+0000] {logging_mixin.py:149} INFO - [2023-06-14T14:53:32.706+0000] {dagbag.py:541} INFO - Filling up the DagBag from /usr/local/lib/python3.8/dist-packages/airflow/example_dags/example_branch_operator.py
[2023-06-14T14:53:32.716+0000] {processor.py:836} INFO - DAG(s) dict_keys(['example_branch_operator']) retrieved from /usr/local/lib/python3.8/dist-packages/airflow/example_dags/example_branch_operator.py
[2023-06-14T14:53:32.739+0000] {logging_mixin.py:149} INFO - [2023-06-14T14:53:32.738+0000] {dag.py:2726} INFO - Sync 1 DAGs
[2023-06-14T14:53:32.761+0000] {logging_mixin.py:149} INFO - [2023-06-14T14:53:32.761+0000] {dag.py:3486} INFO - Setting next_dagrun for example_branch_operator to 2023-06-13T00:00:00+00:00, run_after=2023-06-14T00:00:00+00:00
[2023-06-14T14:53:32.787+0000] {processor.py:179} INFO - Processing /usr/local/lib/python3.8/dist-packages/airflow/example_dags/example_branch_operator.py took 0.088 seconds
[2023-06-14T14:54:27.209+0000] {processor.py:157} INFO - Started process (PID=10516) to work on /usr/local/lib/python3.8/dist-packages/airflow/example_dags/example_branch_operator.py
[2023-06-14T14:54:27.210+0000] {processor.py:826} INFO - Processing file /usr/local/lib/python3.8/dist-packages/airflow/example_dags/example_branch_operator.py for tasks to queue
[2023-06-14T14:54:27.213+0000] {logging_mixin.py:149} INFO - [2023-06-14T14:54:27.212+0000] {dagbag.py:541} INFO - Filling up the DagBag from /usr/local/lib/python3.8/dist-packages/airflow/example_dags/example_branch_operator.py
[2023-06-14T14:54:27.223+0000] {processor.py:836} INFO - DAG(s) dict_keys(['example_branch_operator']) retrieved from /usr/local/lib/python3.8/dist-packages/airflow/example_dags/example_branch_operator.py
[2023-06-14T14:54:27.246+0000] {logging_mixin.py:149} INFO - [2023-06-14T14:54:27.246+0000] {dag.py:2726} INFO - Sync 1 DAGs
[2023-06-14T14:54:27.268+0000] {logging_mixin.py:149} INFO - [2023-06-14T14:54:27.268+0000] {dag.py:3486} INFO - Setting next_dagrun for example_branch_operator to 2023-06-13T00:00:00+00:00, run_after=2023-06-14T00:00:00+00:00
[2023-06-14T14:54:27.296+0000] {processor.py:179} INFO - Processing /usr/local/lib/python3.8/dist-packages/airflow/example_dags/example_branch_operator.py took 0.091 seconds
[2023-06-14T14:55:18.966+0000] {processor.py:157} INFO - Started process (PID=10773) to work on /usr/local/lib/python3.8/dist-packages/airflow/example_dags/example_branch_operator.py
[2023-06-14T14:55:18.967+0000] {processor.py:826} INFO - Processing file /usr/local/lib/python3.8/dist-packages/airflow/example_dags/example_branch_operator.py for tasks to queue
[2023-06-14T14:55:18.969+0000] {logging_mixin.py:149} INFO - [2023-06-14T14:55:18.969+0000] {dagbag.py:541} INFO - Filling up the DagBag from /usr/local/lib/python3.8/dist-packages/airflow/example_dags/example_branch_operator.py
[2023-06-14T14:55:18.979+0000] {processor.py:836} INFO - DAG(s) dict_keys(['example_branch_operator']) retrieved from /usr/local/lib/python3.8/dist-packages/airflow/example_dags/example_branch_operator.py
[2023-06-14T14:55:19.001+0000] {logging_mixin.py:149} INFO - [2023-06-14T14:55:19.001+0000] {dag.py:2726} INFO - Sync 1 DAGs
[2023-06-14T14:55:19.022+0000] {logging_mixin.py:149} INFO - [2023-06-14T14:55:19.022+0000] {dag.py:3486} INFO - Setting next_dagrun for example_branch_operator to 2023-06-13T00:00:00+00:00, run_after=2023-06-14T00:00:00+00:00
[2023-06-14T14:55:19.049+0000] {processor.py:179} INFO - Processing /usr/local/lib/python3.8/dist-packages/airflow/example_dags/example_branch_operator.py took 0.087 seconds
[2023-06-14T14:56:13.009+0000] {processor.py:157} INFO - Started process (PID=10931) to work on /usr/local/lib/python3.8/dist-packages/airflow/example_dags/example_branch_operator.py
[2023-06-14T14:56:13.011+0000] {processor.py:826} INFO - Processing file /usr/local/lib/python3.8/dist-packages/airflow/example_dags/example_branch_operator.py for tasks to queue
[2023-06-14T14:56:13.013+0000] {logging_mixin.py:149} INFO - [2023-06-14T14:56:13.013+0000] {dagbag.py:541} INFO - Filling up the DagBag from /usr/local/lib/python3.8/dist-packages/airflow/example_dags/example_branch_operator.py
[2023-06-14T14:56:13.023+0000] {processor.py:836} INFO - DAG(s) dict_keys(['example_branch_operator']) retrieved from /usr/local/lib/python3.8/dist-packages/airflow/example_dags/example_branch_operator.py
[2023-06-14T14:56:13.045+0000] {logging_mixin.py:149} INFO - [2023-06-14T14:56:13.045+0000] {dag.py:2726} INFO - Sync 1 DAGs
[2023-06-14T14:56:13.067+0000] {logging_mixin.py:149} INFO - [2023-06-14T14:56:13.067+0000] {dag.py:3486} INFO - Setting next_dagrun for example_branch_operator to 2023-06-13T00:00:00+00:00, run_after=2023-06-14T00:00:00+00:00
[2023-06-14T14:56:13.093+0000] {processor.py:179} INFO - Processing /usr/local/lib/python3.8/dist-packages/airflow/example_dags/example_branch_operator.py took 0.088 seconds
[2023-06-14T14:57:04.297+0000] {processor.py:157} INFO - Started process (PID=11092) to work on /usr/local/lib/python3.8/dist-packages/airflow/example_dags/example_branch_operator.py
[2023-06-14T14:57:04.299+0000] {processor.py:826} INFO - Processing file /usr/local/lib/python3.8/dist-packages/airflow/example_dags/example_branch_operator.py for tasks to queue
[2023-06-14T14:57:04.301+0000] {logging_mixin.py:149} INFO - [2023-06-14T14:57:04.301+0000] {dagbag.py:541} INFO - Filling up the DagBag from /usr/local/lib/python3.8/dist-packages/airflow/example_dags/example_branch_operator.py
[2023-06-14T14:57:04.310+0000] {processor.py:836} INFO - DAG(s) dict_keys(['example_branch_operator']) retrieved from /usr/local/lib/python3.8/dist-packages/airflow/example_dags/example_branch_operator.py
[2023-06-14T14:57:04.333+0000] {logging_mixin.py:149} INFO - [2023-06-14T14:57:04.332+0000] {dag.py:2726} INFO - Sync 1 DAGs
[2023-06-14T14:57:04.355+0000] {logging_mixin.py:149} INFO - [2023-06-14T14:57:04.355+0000] {dag.py:3486} INFO - Setting next_dagrun for example_branch_operator to 2023-06-13T00:00:00+00:00, run_after=2023-06-14T00:00:00+00:00
[2023-06-14T14:57:04.384+0000] {processor.py:179} INFO - Processing /usr/local/lib/python3.8/dist-packages/airflow/example_dags/example_branch_operator.py took 0.090 seconds
[2023-06-14T14:57:53.487+0000] {processor.py:157} INFO - Started process (PID=11244) to work on /usr/local/lib/python3.8/dist-packages/airflow/example_dags/example_branch_operator.py
[2023-06-14T14:57:53.489+0000] {processor.py:826} INFO - Processing file /usr/local/lib/python3.8/dist-packages/airflow/example_dags/example_branch_operator.py for tasks to queue
[2023-06-14T14:57:53.491+0000] {logging_mixin.py:149} INFO - [2023-06-14T14:57:53.491+0000] {dagbag.py:541} INFO - Filling up the DagBag from /usr/local/lib/python3.8/dist-packages/airflow/example_dags/example_branch_operator.py
[2023-06-14T14:57:53.501+0000] {processor.py:836} INFO - DAG(s) dict_keys(['example_branch_operator']) retrieved from /usr/local/lib/python3.8/dist-packages/airflow/example_dags/example_branch_operator.py
[2023-06-14T14:57:53.524+0000] {logging_mixin.py:149} INFO - [2023-06-14T14:57:53.523+0000] {dag.py:2726} INFO - Sync 1 DAGs
[2023-06-14T14:57:53.545+0000] {logging_mixin.py:149} INFO - [2023-06-14T14:57:53.545+0000] {dag.py:3486} INFO - Setting next_dagrun for example_branch_operator to 2023-06-13T00:00:00+00:00, run_after=2023-06-14T00:00:00+00:00
[2023-06-14T14:57:53.574+0000] {processor.py:179} INFO - Processing /usr/local/lib/python3.8/dist-packages/airflow/example_dags/example_branch_operator.py took 0.091 seconds
[2023-06-14T14:58:46.318+0000] {processor.py:157} INFO - Started process (PID=11298) to work on /usr/local/lib/python3.8/dist-packages/airflow/example_dags/example_branch_operator.py
[2023-06-14T14:58:46.319+0000] {processor.py:826} INFO - Processing file /usr/local/lib/python3.8/dist-packages/airflow/example_dags/example_branch_operator.py for tasks to queue
[2023-06-14T14:58:46.321+0000] {logging_mixin.py:149} INFO - [2023-06-14T14:58:46.321+0000] {dagbag.py:541} INFO - Filling up the DagBag from /usr/local/lib/python3.8/dist-packages/airflow/example_dags/example_branch_operator.py
[2023-06-14T14:58:46.331+0000] {processor.py:836} INFO - DAG(s) dict_keys(['example_branch_operator']) retrieved from /usr/local/lib/python3.8/dist-packages/airflow/example_dags/example_branch_operator.py
[2023-06-14T14:58:46.354+0000] {logging_mixin.py:149} INFO - [2023-06-14T14:58:46.354+0000] {dag.py:2726} INFO - Sync 1 DAGs
[2023-06-14T14:58:46.376+0000] {logging_mixin.py:149} INFO - [2023-06-14T14:58:46.376+0000] {dag.py:3486} INFO - Setting next_dagrun for example_branch_operator to 2023-06-13T00:00:00+00:00, run_after=2023-06-14T00:00:00+00:00
[2023-06-14T14:58:46.402+0000] {processor.py:179} INFO - Processing /usr/local/lib/python3.8/dist-packages/airflow/example_dags/example_branch_operator.py took 0.089 seconds
[2023-06-14T14:59:31.086+0000] {processor.py:157} INFO - Started process (PID=11550) to work on /usr/local/lib/python3.8/dist-packages/airflow/example_dags/example_branch_operator.py
[2023-06-14T14:59:31.088+0000] {processor.py:826} INFO - Processing file /usr/local/lib/python3.8/dist-packages/airflow/example_dags/example_branch_operator.py for tasks to queue
[2023-06-14T14:59:31.090+0000] {logging_mixin.py:149} INFO - [2023-06-14T14:59:31.090+0000] {dagbag.py:541} INFO - Filling up the DagBag from /usr/local/lib/python3.8/dist-packages/airflow/example_dags/example_branch_operator.py
[2023-06-14T14:59:31.100+0000] {processor.py:836} INFO - DAG(s) dict_keys(['example_branch_operator']) retrieved from /usr/local/lib/python3.8/dist-packages/airflow/example_dags/example_branch_operator.py
[2023-06-14T14:59:31.122+0000] {logging_mixin.py:149} INFO - [2023-06-14T14:59:31.121+0000] {dag.py:2726} INFO - Sync 1 DAGs
[2023-06-14T14:59:31.144+0000] {logging_mixin.py:149} INFO - [2023-06-14T14:59:31.143+0000] {dag.py:3486} INFO - Setting next_dagrun for example_branch_operator to 2023-06-13T00:00:00+00:00, run_after=2023-06-14T00:00:00+00:00
[2023-06-14T14:59:31.177+0000] {processor.py:179} INFO - Processing /usr/local/lib/python3.8/dist-packages/airflow/example_dags/example_branch_operator.py took 0.095 seconds
[2023-06-14T15:00:20.715+0000] {processor.py:157} INFO - Started process (PID=11706) to work on /usr/local/lib/python3.8/dist-packages/airflow/example_dags/example_branch_operator.py
[2023-06-14T15:00:20.716+0000] {processor.py:826} INFO - Processing file /usr/local/lib/python3.8/dist-packages/airflow/example_dags/example_branch_operator.py for tasks to queue
[2023-06-14T15:00:20.719+0000] {logging_mixin.py:149} INFO - [2023-06-14T15:00:20.719+0000] {dagbag.py:541} INFO - Filling up the DagBag from /usr/local/lib/python3.8/dist-packages/airflow/example_dags/example_branch_operator.py
[2023-06-14T15:00:20.729+0000] {processor.py:836} INFO - DAG(s) dict_keys(['example_branch_operator']) retrieved from /usr/local/lib/python3.8/dist-packages/airflow/example_dags/example_branch_operator.py
[2023-06-14T15:00:20.751+0000] {logging_mixin.py:149} INFO - [2023-06-14T15:00:20.751+0000] {dag.py:2726} INFO - Sync 1 DAGs
[2023-06-14T15:00:20.773+0000] {logging_mixin.py:149} INFO - [2023-06-14T15:00:20.773+0000] {dag.py:3486} INFO - Setting next_dagrun for example_branch_operator to 2023-06-13T00:00:00+00:00, run_after=2023-06-14T00:00:00+00:00
[2023-06-14T15:00:20.804+0000] {processor.py:179} INFO - Processing /usr/local/lib/python3.8/dist-packages/airflow/example_dags/example_branch_operator.py took 0.093 seconds
[2023-06-14T15:01:12.945+0000] {processor.py:157} INFO - Started process (PID=11863) to work on /usr/local/lib/python3.8/dist-packages/airflow/example_dags/example_branch_operator.py
[2023-06-14T15:01:12.946+0000] {processor.py:826} INFO - Processing file /usr/local/lib/python3.8/dist-packages/airflow/example_dags/example_branch_operator.py for tasks to queue
[2023-06-14T15:01:12.948+0000] {logging_mixin.py:149} INFO - [2023-06-14T15:01:12.948+0000] {dagbag.py:541} INFO - Filling up the DagBag from /usr/local/lib/python3.8/dist-packages/airflow/example_dags/example_branch_operator.py
[2023-06-14T15:01:12.958+0000] {processor.py:836} INFO - DAG(s) dict_keys(['example_branch_operator']) retrieved from /usr/local/lib/python3.8/dist-packages/airflow/example_dags/example_branch_operator.py
[2023-06-14T15:01:12.980+0000] {logging_mixin.py:149} INFO - [2023-06-14T15:01:12.980+0000] {dag.py:2726} INFO - Sync 1 DAGs
[2023-06-14T15:01:13.001+0000] {logging_mixin.py:149} INFO - [2023-06-14T15:01:13.001+0000] {dag.py:3486} INFO - Setting next_dagrun for example_branch_operator to 2023-06-13T00:00:00+00:00, run_after=2023-06-14T00:00:00+00:00
[2023-06-14T15:01:13.027+0000] {processor.py:179} INFO - Processing /usr/local/lib/python3.8/dist-packages/airflow/example_dags/example_branch_operator.py took 0.086 seconds
[2023-06-14T15:02:03.701+0000] {processor.py:157} INFO - Started process (PID=12025) to work on /usr/local/lib/python3.8/dist-packages/airflow/example_dags/example_branch_operator.py
[2023-06-14T15:02:03.702+0000] {processor.py:826} INFO - Processing file /usr/local/lib/python3.8/dist-packages/airflow/example_dags/example_branch_operator.py for tasks to queue
[2023-06-14T15:02:03.704+0000] {logging_mixin.py:149} INFO - [2023-06-14T15:02:03.704+0000] {dagbag.py:541} INFO - Filling up the DagBag from /usr/local/lib/python3.8/dist-packages/airflow/example_dags/example_branch_operator.py
[2023-06-14T15:02:03.714+0000] {processor.py:836} INFO - DAG(s) dict_keys(['example_branch_operator']) retrieved from /usr/local/lib/python3.8/dist-packages/airflow/example_dags/example_branch_operator.py
[2023-06-14T15:02:03.737+0000] {logging_mixin.py:149} INFO - [2023-06-14T15:02:03.736+0000] {dag.py:2726} INFO - Sync 1 DAGs
[2023-06-14T15:02:03.758+0000] {logging_mixin.py:149} INFO - [2023-06-14T15:02:03.758+0000] {dag.py:3486} INFO - Setting next_dagrun for example_branch_operator to 2023-06-13T00:00:00+00:00, run_after=2023-06-14T00:00:00+00:00
[2023-06-14T15:02:03.785+0000] {processor.py:179} INFO - Processing /usr/local/lib/python3.8/dist-packages/airflow/example_dags/example_branch_operator.py took 0.088 seconds
[2023-06-14T15:02:54.956+0000] {processor.py:157} INFO - Started process (PID=12183) to work on /usr/local/lib/python3.8/dist-packages/airflow/example_dags/example_branch_operator.py
[2023-06-14T15:02:54.957+0000] {processor.py:826} INFO - Processing file /usr/local/lib/python3.8/dist-packages/airflow/example_dags/example_branch_operator.py for tasks to queue
[2023-06-14T15:02:54.960+0000] {logging_mixin.py:149} INFO - [2023-06-14T15:02:54.960+0000] {dagbag.py:541} INFO - Filling up the DagBag from /usr/local/lib/python3.8/dist-packages/airflow/example_dags/example_branch_operator.py
[2023-06-14T15:02:54.970+0000] {processor.py:836} INFO - DAG(s) dict_keys(['example_branch_operator']) retrieved from /usr/local/lib/python3.8/dist-packages/airflow/example_dags/example_branch_operator.py
[2023-06-14T15:02:54.992+0000] {logging_mixin.py:149} INFO - [2023-06-14T15:02:54.992+0000] {dag.py:2726} INFO - Sync 1 DAGs
[2023-06-14T15:02:55.014+0000] {logging_mixin.py:149} INFO - [2023-06-14T15:02:55.013+0000] {dag.py:3486} INFO - Setting next_dagrun for example_branch_operator to 2023-06-13T00:00:00+00:00, run_after=2023-06-14T00:00:00+00:00
[2023-06-14T15:02:55.046+0000] {processor.py:179} INFO - Processing /usr/local/lib/python3.8/dist-packages/airflow/example_dags/example_branch_operator.py took 0.094 seconds
[2023-06-14T15:03:46.958+0000] {processor.py:157} INFO - Started process (PID=12338) to work on /usr/local/lib/python3.8/dist-packages/airflow/example_dags/example_branch_operator.py
[2023-06-14T15:03:46.959+0000] {processor.py:826} INFO - Processing file /usr/local/lib/python3.8/dist-packages/airflow/example_dags/example_branch_operator.py for tasks to queue
[2023-06-14T15:03:46.961+0000] {logging_mixin.py:149} INFO - [2023-06-14T15:03:46.961+0000] {dagbag.py:541} INFO - Filling up the DagBag from /usr/local/lib/python3.8/dist-packages/airflow/example_dags/example_branch_operator.py
[2023-06-14T15:03:46.971+0000] {processor.py:836} INFO - DAG(s) dict_keys(['example_branch_operator']) retrieved from /usr/local/lib/python3.8/dist-packages/airflow/example_dags/example_branch_operator.py
[2023-06-14T15:03:46.993+0000] {logging_mixin.py:149} INFO - [2023-06-14T15:03:46.993+0000] {dag.py:2726} INFO - Sync 1 DAGs
[2023-06-14T15:03:47.015+0000] {logging_mixin.py:149} INFO - [2023-06-14T15:03:47.014+0000] {dag.py:3486} INFO - Setting next_dagrun for example_branch_operator to 2023-06-13T00:00:00+00:00, run_after=2023-06-14T00:00:00+00:00
[2023-06-14T15:03:47.045+0000] {processor.py:179} INFO - Processing /usr/local/lib/python3.8/dist-packages/airflow/example_dags/example_branch_operator.py took 0.091 seconds
[2023-06-14T15:04:37.656+0000] {processor.py:157} INFO - Started process (PID=12596) to work on /usr/local/lib/python3.8/dist-packages/airflow/example_dags/example_branch_operator.py
[2023-06-14T15:04:37.658+0000] {processor.py:826} INFO - Processing file /usr/local/lib/python3.8/dist-packages/airflow/example_dags/example_branch_operator.py for tasks to queue
[2023-06-14T15:04:37.661+0000] {logging_mixin.py:149} INFO - [2023-06-14T15:04:37.660+0000] {dagbag.py:541} INFO - Filling up the DagBag from /usr/local/lib/python3.8/dist-packages/airflow/example_dags/example_branch_operator.py
[2023-06-14T15:04:37.670+0000] {processor.py:836} INFO - DAG(s) dict_keys(['example_branch_operator']) retrieved from /usr/local/lib/python3.8/dist-packages/airflow/example_dags/example_branch_operator.py
[2023-06-14T15:04:37.693+0000] {logging_mixin.py:149} INFO - [2023-06-14T15:04:37.692+0000] {dag.py:2726} INFO - Sync 1 DAGs
[2023-06-14T15:04:37.714+0000] {logging_mixin.py:149} INFO - [2023-06-14T15:04:37.714+0000] {dag.py:3486} INFO - Setting next_dagrun for example_branch_operator to 2023-06-13T00:00:00+00:00, run_after=2023-06-14T00:00:00+00:00
[2023-06-14T15:04:37.742+0000] {processor.py:179} INFO - Processing /usr/local/lib/python3.8/dist-packages/airflow/example_dags/example_branch_operator.py took 0.090 seconds
[2023-06-14T15:05:33.537+0000] {processor.py:157} INFO - Started process (PID=12992) to work on /usr/local/lib/python3.8/dist-packages/airflow/example_dags/example_branch_operator.py
[2023-06-14T15:05:33.538+0000] {processor.py:826} INFO - Processing file /usr/local/lib/python3.8/dist-packages/airflow/example_dags/example_branch_operator.py for tasks to queue
[2023-06-14T15:05:33.541+0000] {logging_mixin.py:149} INFO - [2023-06-14T15:05:33.540+0000] {dagbag.py:541} INFO - Filling up the DagBag from /usr/local/lib/python3.8/dist-packages/airflow/example_dags/example_branch_operator.py
[2023-06-14T15:05:33.550+0000] {processor.py:836} INFO - DAG(s) dict_keys(['example_branch_operator']) retrieved from /usr/local/lib/python3.8/dist-packages/airflow/example_dags/example_branch_operator.py
[2023-06-14T15:05:33.573+0000] {logging_mixin.py:149} INFO - [2023-06-14T15:05:33.572+0000] {dag.py:2726} INFO - Sync 1 DAGs
[2023-06-14T15:05:33.595+0000] {logging_mixin.py:149} INFO - [2023-06-14T15:05:33.595+0000] {dag.py:3486} INFO - Setting next_dagrun for example_branch_operator to 2023-06-13T00:00:00+00:00, run_after=2023-06-14T00:00:00+00:00
[2023-06-14T15:05:33.625+0000] {processor.py:179} INFO - Processing /usr/local/lib/python3.8/dist-packages/airflow/example_dags/example_branch_operator.py took 0.092 seconds
[2023-06-14T15:06:28.888+0000] {processor.py:157} INFO - Started process (PID=13150) to work on /usr/local/lib/python3.8/dist-packages/airflow/example_dags/example_branch_operator.py
[2023-06-14T15:06:28.890+0000] {processor.py:826} INFO - Processing file /usr/local/lib/python3.8/dist-packages/airflow/example_dags/example_branch_operator.py for tasks to queue
[2023-06-14T15:06:28.892+0000] {logging_mixin.py:149} INFO - [2023-06-14T15:06:28.892+0000] {dagbag.py:541} INFO - Filling up the DagBag from /usr/local/lib/python3.8/dist-packages/airflow/example_dags/example_branch_operator.py
[2023-06-14T15:06:28.902+0000] {processor.py:836} INFO - DAG(s) dict_keys(['example_branch_operator']) retrieved from /usr/local/lib/python3.8/dist-packages/airflow/example_dags/example_branch_operator.py
[2023-06-14T15:06:28.924+0000] {logging_mixin.py:149} INFO - [2023-06-14T15:06:28.924+0000] {dag.py:2726} INFO - Sync 1 DAGs
[2023-06-14T15:06:28.945+0000] {logging_mixin.py:149} INFO - [2023-06-14T15:06:28.945+0000] {dag.py:3486} INFO - Setting next_dagrun for example_branch_operator to 2023-06-13T00:00:00+00:00, run_after=2023-06-14T00:00:00+00:00
[2023-06-14T15:06:28.973+0000] {processor.py:179} INFO - Processing /usr/local/lib/python3.8/dist-packages/airflow/example_dags/example_branch_operator.py took 0.089 seconds
[2023-06-14T15:07:18.008+0000] {processor.py:157} INFO - Started process (PID=13414) to work on /usr/local/lib/python3.8/dist-packages/airflow/example_dags/example_branch_operator.py
[2023-06-14T15:07:18.009+0000] {processor.py:826} INFO - Processing file /usr/local/lib/python3.8/dist-packages/airflow/example_dags/example_branch_operator.py for tasks to queue
[2023-06-14T15:07:18.011+0000] {logging_mixin.py:149} INFO - [2023-06-14T15:07:18.011+0000] {dagbag.py:541} INFO - Filling up the DagBag from /usr/local/lib/python3.8/dist-packages/airflow/example_dags/example_branch_operator.py
[2023-06-14T15:07:18.021+0000] {processor.py:836} INFO - DAG(s) dict_keys(['example_branch_operator']) retrieved from /usr/local/lib/python3.8/dist-packages/airflow/example_dags/example_branch_operator.py
[2023-06-14T15:07:18.044+0000] {logging_mixin.py:149} INFO - [2023-06-14T15:07:18.043+0000] {dag.py:2726} INFO - Sync 1 DAGs
[2023-06-14T15:07:18.066+0000] {logging_mixin.py:149} INFO - [2023-06-14T15:07:18.066+0000] {dag.py:3486} INFO - Setting next_dagrun for example_branch_operator to 2023-06-13T00:00:00+00:00, run_after=2023-06-14T00:00:00+00:00
[2023-06-14T15:07:18.095+0000] {processor.py:179} INFO - Processing /usr/local/lib/python3.8/dist-packages/airflow/example_dags/example_branch_operator.py took 0.092 seconds
[2023-06-14T15:08:09.573+0000] {processor.py:157} INFO - Started process (PID=13578) to work on /usr/local/lib/python3.8/dist-packages/airflow/example_dags/example_branch_operator.py
[2023-06-14T15:08:09.574+0000] {processor.py:826} INFO - Processing file /usr/local/lib/python3.8/dist-packages/airflow/example_dags/example_branch_operator.py for tasks to queue
[2023-06-14T15:08:09.577+0000] {logging_mixin.py:149} INFO - [2023-06-14T15:08:09.576+0000] {dagbag.py:541} INFO - Filling up the DagBag from /usr/local/lib/python3.8/dist-packages/airflow/example_dags/example_branch_operator.py
[2023-06-14T15:08:09.586+0000] {processor.py:836} INFO - DAG(s) dict_keys(['example_branch_operator']) retrieved from /usr/local/lib/python3.8/dist-packages/airflow/example_dags/example_branch_operator.py
[2023-06-14T15:08:09.608+0000] {logging_mixin.py:149} INFO - [2023-06-14T15:08:09.608+0000] {dag.py:2726} INFO - Sync 1 DAGs
[2023-06-14T15:08:09.630+0000] {logging_mixin.py:149} INFO - [2023-06-14T15:08:09.630+0000] {dag.py:3486} INFO - Setting next_dagrun for example_branch_operator to 2023-06-13T00:00:00+00:00, run_after=2023-06-14T00:00:00+00:00
[2023-06-14T15:08:09.659+0000] {processor.py:179} INFO - Processing /usr/local/lib/python3.8/dist-packages/airflow/example_dags/example_branch_operator.py took 0.090 seconds
[2023-06-14T15:08:59.983+0000] {processor.py:157} INFO - Started process (PID=13835) to work on /usr/local/lib/python3.8/dist-packages/airflow/example_dags/example_branch_operator.py
[2023-06-14T15:08:59.985+0000] {processor.py:826} INFO - Processing file /usr/local/lib/python3.8/dist-packages/airflow/example_dags/example_branch_operator.py for tasks to queue
[2023-06-14T15:08:59.987+0000] {logging_mixin.py:149} INFO - [2023-06-14T15:08:59.987+0000] {dagbag.py:541} INFO - Filling up the DagBag from /usr/local/lib/python3.8/dist-packages/airflow/example_dags/example_branch_operator.py
[2023-06-14T15:08:59.997+0000] {processor.py:836} INFO - DAG(s) dict_keys(['example_branch_operator']) retrieved from /usr/local/lib/python3.8/dist-packages/airflow/example_dags/example_branch_operator.py
[2023-06-14T15:09:00.019+0000] {logging_mixin.py:149} INFO - [2023-06-14T15:09:00.018+0000] {dag.py:2726} INFO - Sync 1 DAGs
[2023-06-14T15:09:00.040+0000] {logging_mixin.py:149} INFO - [2023-06-14T15:09:00.040+0000] {dag.py:3486} INFO - Setting next_dagrun for example_branch_operator to 2023-06-13T00:00:00+00:00, run_after=2023-06-14T00:00:00+00:00
[2023-06-14T15:09:00.068+0000] {processor.py:179} INFO - Processing /usr/local/lib/python3.8/dist-packages/airflow/example_dags/example_branch_operator.py took 0.088 seconds
[2023-06-14T15:09:48.952+0000] {processor.py:157} INFO - Started process (PID=13885) to work on /usr/local/lib/python3.8/dist-packages/airflow/example_dags/example_branch_operator.py
[2023-06-14T15:09:48.953+0000] {processor.py:826} INFO - Processing file /usr/local/lib/python3.8/dist-packages/airflow/example_dags/example_branch_operator.py for tasks to queue
[2023-06-14T15:09:48.956+0000] {logging_mixin.py:149} INFO - [2023-06-14T15:09:48.955+0000] {dagbag.py:541} INFO - Filling up the DagBag from /usr/local/lib/python3.8/dist-packages/airflow/example_dags/example_branch_operator.py
[2023-06-14T15:09:48.967+0000] {processor.py:836} INFO - DAG(s) dict_keys(['example_branch_operator']) retrieved from /usr/local/lib/python3.8/dist-packages/airflow/example_dags/example_branch_operator.py
[2023-06-14T15:09:48.991+0000] {logging_mixin.py:149} INFO - [2023-06-14T15:09:48.991+0000] {dag.py:2726} INFO - Sync 1 DAGs
[2023-06-14T15:09:49.015+0000] {logging_mixin.py:149} INFO - [2023-06-14T15:09:49.015+0000] {dag.py:3486} INFO - Setting next_dagrun for example_branch_operator to 2023-06-13T00:00:00+00:00, run_after=2023-06-14T00:00:00+00:00
[2023-06-14T15:09:49.047+0000] {processor.py:179} INFO - Processing /usr/local/lib/python3.8/dist-packages/airflow/example_dags/example_branch_operator.py took 0.099 seconds
[2023-06-14T15:10:42.027+0000] {processor.py:157} INFO - Started process (PID=14042) to work on /usr/local/lib/python3.8/dist-packages/airflow/example_dags/example_branch_operator.py
[2023-06-14T15:10:42.028+0000] {processor.py:826} INFO - Processing file /usr/local/lib/python3.8/dist-packages/airflow/example_dags/example_branch_operator.py for tasks to queue
[2023-06-14T15:10:42.031+0000] {logging_mixin.py:149} INFO - [2023-06-14T15:10:42.031+0000] {dagbag.py:541} INFO - Filling up the DagBag from /usr/local/lib/python3.8/dist-packages/airflow/example_dags/example_branch_operator.py
[2023-06-14T15:10:42.040+0000] {processor.py:836} INFO - DAG(s) dict_keys(['example_branch_operator']) retrieved from /usr/local/lib/python3.8/dist-packages/airflow/example_dags/example_branch_operator.py
[2023-06-14T15:10:42.063+0000] {logging_mixin.py:149} INFO - [2023-06-14T15:10:42.062+0000] {dag.py:2726} INFO - Sync 1 DAGs
[2023-06-14T15:10:42.085+0000] {logging_mixin.py:149} INFO - [2023-06-14T15:10:42.085+0000] {dag.py:3486} INFO - Setting next_dagrun for example_branch_operator to 2023-06-13T00:00:00+00:00, run_after=2023-06-14T00:00:00+00:00
[2023-06-14T15:10:42.117+0000] {processor.py:179} INFO - Processing /usr/local/lib/python3.8/dist-packages/airflow/example_dags/example_branch_operator.py took 0.094 seconds
[2023-06-14T15:11:25.090+0000] {processor.py:157} INFO - Started process (PID=14193) to work on /usr/local/lib/python3.8/dist-packages/airflow/example_dags/example_branch_operator.py
[2023-06-14T15:11:25.092+0000] {processor.py:826} INFO - Processing file /usr/local/lib/python3.8/dist-packages/airflow/example_dags/example_branch_operator.py for tasks to queue
[2023-06-14T15:11:25.094+0000] {logging_mixin.py:149} INFO - [2023-06-14T15:11:25.094+0000] {dagbag.py:541} INFO - Filling up the DagBag from /usr/local/lib/python3.8/dist-packages/airflow/example_dags/example_branch_operator.py
[2023-06-14T15:11:25.104+0000] {processor.py:836} INFO - DAG(s) dict_keys(['example_branch_operator']) retrieved from /usr/local/lib/python3.8/dist-packages/airflow/example_dags/example_branch_operator.py
[2023-06-14T15:11:25.128+0000] {logging_mixin.py:149} INFO - [2023-06-14T15:11:25.127+0000] {dag.py:2726} INFO - Sync 1 DAGs
[2023-06-14T15:11:25.150+0000] {logging_mixin.py:149} INFO - [2023-06-14T15:11:25.150+0000] {dag.py:3486} INFO - Setting next_dagrun for example_branch_operator to 2023-06-13T00:00:00+00:00, run_after=2023-06-14T00:00:00+00:00
[2023-06-14T15:11:25.180+0000] {processor.py:179} INFO - Processing /usr/local/lib/python3.8/dist-packages/airflow/example_dags/example_branch_operator.py took 0.093 seconds
[2023-06-14T15:12:19.209+0000] {processor.py:157} INFO - Started process (PID=14356) to work on /usr/local/lib/python3.8/dist-packages/airflow/example_dags/example_branch_operator.py
[2023-06-14T15:12:19.210+0000] {processor.py:826} INFO - Processing file /usr/local/lib/python3.8/dist-packages/airflow/example_dags/example_branch_operator.py for tasks to queue
[2023-06-14T15:12:19.212+0000] {logging_mixin.py:149} INFO - [2023-06-14T15:12:19.212+0000] {dagbag.py:541} INFO - Filling up the DagBag from /usr/local/lib/python3.8/dist-packages/airflow/example_dags/example_branch_operator.py
[2023-06-14T15:12:19.222+0000] {processor.py:836} INFO - DAG(s) dict_keys(['example_branch_operator']) retrieved from /usr/local/lib/python3.8/dist-packages/airflow/example_dags/example_branch_operator.py
[2023-06-14T15:12:19.245+0000] {logging_mixin.py:149} INFO - [2023-06-14T15:12:19.245+0000] {dag.py:2726} INFO - Sync 1 DAGs
[2023-06-14T15:12:19.268+0000] {logging_mixin.py:149} INFO - [2023-06-14T15:12:19.268+0000] {dag.py:3486} INFO - Setting next_dagrun for example_branch_operator to 2023-06-13T00:00:00+00:00, run_after=2023-06-14T00:00:00+00:00
[2023-06-14T15:12:19.296+0000] {processor.py:179} INFO - Processing /usr/local/lib/python3.8/dist-packages/airflow/example_dags/example_branch_operator.py took 0.092 seconds
[2023-06-14T15:13:11.987+0000] {processor.py:157} INFO - Started process (PID=14510) to work on /usr/local/lib/python3.8/dist-packages/airflow/example_dags/example_branch_operator.py
[2023-06-14T15:13:11.989+0000] {processor.py:826} INFO - Processing file /usr/local/lib/python3.8/dist-packages/airflow/example_dags/example_branch_operator.py for tasks to queue
[2023-06-14T15:13:11.991+0000] {logging_mixin.py:149} INFO - [2023-06-14T15:13:11.991+0000] {dagbag.py:541} INFO - Filling up the DagBag from /usr/local/lib/python3.8/dist-packages/airflow/example_dags/example_branch_operator.py
[2023-06-14T15:13:12.001+0000] {processor.py:836} INFO - DAG(s) dict_keys(['example_branch_operator']) retrieved from /usr/local/lib/python3.8/dist-packages/airflow/example_dags/example_branch_operator.py
[2023-06-14T15:13:12.024+0000] {logging_mixin.py:149} INFO - [2023-06-14T15:13:12.023+0000] {dag.py:2726} INFO - Sync 1 DAGs
[2023-06-14T15:13:12.046+0000] {logging_mixin.py:149} INFO - [2023-06-14T15:13:12.046+0000] {dag.py:3486} INFO - Setting next_dagrun for example_branch_operator to 2023-06-13T00:00:00+00:00, run_after=2023-06-14T00:00:00+00:00
[2023-06-14T15:13:12.075+0000] {processor.py:179} INFO - Processing /usr/local/lib/python3.8/dist-packages/airflow/example_dags/example_branch_operator.py took 0.091 seconds
[2023-06-14T15:14:01.450+0000] {processor.py:157} INFO - Started process (PID=14768) to work on /usr/local/lib/python3.8/dist-packages/airflow/example_dags/example_branch_operator.py
[2023-06-14T15:14:01.451+0000] {processor.py:826} INFO - Processing file /usr/local/lib/python3.8/dist-packages/airflow/example_dags/example_branch_operator.py for tasks to queue
[2023-06-14T15:14:01.454+0000] {logging_mixin.py:149} INFO - [2023-06-14T15:14:01.454+0000] {dagbag.py:541} INFO - Filling up the DagBag from /usr/local/lib/python3.8/dist-packages/airflow/example_dags/example_branch_operator.py
[2023-06-14T15:14:01.464+0000] {processor.py:836} INFO - DAG(s) dict_keys(['example_branch_operator']) retrieved from /usr/local/lib/python3.8/dist-packages/airflow/example_dags/example_branch_operator.py
[2023-06-14T15:14:01.487+0000] {logging_mixin.py:149} INFO - [2023-06-14T15:14:01.486+0000] {dag.py:2726} INFO - Sync 1 DAGs
[2023-06-14T15:14:01.508+0000] {logging_mixin.py:149} INFO - [2023-06-14T15:14:01.508+0000] {dag.py:3486} INFO - Setting next_dagrun for example_branch_operator to 2023-06-13T00:00:00+00:00, run_after=2023-06-14T00:00:00+00:00
[2023-06-14T15:14:01.539+0000] {processor.py:179} INFO - Processing /usr/local/lib/python3.8/dist-packages/airflow/example_dags/example_branch_operator.py took 0.093 seconds
[2023-06-14T15:14:50.051+0000] {processor.py:157} INFO - Started process (PID=14819) to work on /usr/local/lib/python3.8/dist-packages/airflow/example_dags/example_branch_operator.py
[2023-06-14T15:14:50.052+0000] {processor.py:826} INFO - Processing file /usr/local/lib/python3.8/dist-packages/airflow/example_dags/example_branch_operator.py for tasks to queue
[2023-06-14T15:14:50.054+0000] {logging_mixin.py:149} INFO - [2023-06-14T15:14:50.054+0000] {dagbag.py:541} INFO - Filling up the DagBag from /usr/local/lib/python3.8/dist-packages/airflow/example_dags/example_branch_operator.py
[2023-06-14T15:14:50.064+0000] {processor.py:836} INFO - DAG(s) dict_keys(['example_branch_operator']) retrieved from /usr/local/lib/python3.8/dist-packages/airflow/example_dags/example_branch_operator.py
[2023-06-14T15:14:50.088+0000] {logging_mixin.py:149} INFO - [2023-06-14T15:14:50.087+0000] {dag.py:2726} INFO - Sync 1 DAGs
[2023-06-14T15:14:50.110+0000] {logging_mixin.py:149} INFO - [2023-06-14T15:14:50.109+0000] {dag.py:3486} INFO - Setting next_dagrun for example_branch_operator to 2023-06-13T00:00:00+00:00, run_after=2023-06-14T00:00:00+00:00
[2023-06-14T15:14:50.139+0000] {processor.py:179} INFO - Processing /usr/local/lib/python3.8/dist-packages/airflow/example_dags/example_branch_operator.py took 0.092 seconds
[2023-06-14T15:15:41.350+0000] {processor.py:157} INFO - Started process (PID=14974) to work on /usr/local/lib/python3.8/dist-packages/airflow/example_dags/example_branch_operator.py
[2023-06-14T15:15:41.352+0000] {processor.py:826} INFO - Processing file /usr/local/lib/python3.8/dist-packages/airflow/example_dags/example_branch_operator.py for tasks to queue
[2023-06-14T15:15:41.354+0000] {logging_mixin.py:149} INFO - [2023-06-14T15:15:41.354+0000] {dagbag.py:541} INFO - Filling up the DagBag from /usr/local/lib/python3.8/dist-packages/airflow/example_dags/example_branch_operator.py
[2023-06-14T15:15:41.364+0000] {processor.py:836} INFO - DAG(s) dict_keys(['example_branch_operator']) retrieved from /usr/local/lib/python3.8/dist-packages/airflow/example_dags/example_branch_operator.py
[2023-06-14T15:15:41.387+0000] {logging_mixin.py:149} INFO - [2023-06-14T15:15:41.386+0000] {dag.py:2726} INFO - Sync 1 DAGs
[2023-06-14T15:15:41.409+0000] {logging_mixin.py:149} INFO - [2023-06-14T15:15:41.409+0000] {dag.py:3486} INFO - Setting next_dagrun for example_branch_operator to 2023-06-13T00:00:00+00:00, run_after=2023-06-14T00:00:00+00:00
[2023-06-14T15:15:41.436+0000] {processor.py:179} INFO - Processing /usr/local/lib/python3.8/dist-packages/airflow/example_dags/example_branch_operator.py took 0.090 seconds
