[2023-06-14T14:16:47.486+0000] {processor.py:157} INFO - Started process (PID=1916) to work on /usr/local/lib/python3.8/dist-packages/airflow/example_dags/example_sla_dag.py
[2023-06-14T14:16:47.487+0000] {processor.py:826} INFO - Processing file /usr/local/lib/python3.8/dist-packages/airflow/example_dags/example_sla_dag.py for tasks to queue
[2023-06-14T14:16:47.490+0000] {logging_mixin.py:149} INFO - [2023-06-14T14:16:47.490+0000] {dagbag.py:541} INFO - Filling up the DagBag from /usr/local/lib/python3.8/dist-packages/airflow/example_dags/example_sla_dag.py
[2023-06-14T14:16:47.498+0000] {processor.py:836} INFO - DAG(s) dict_keys(['example_sla_dag']) retrieved from /usr/local/lib/python3.8/dist-packages/airflow/example_dags/example_sla_dag.py
[2023-06-14T14:16:47.508+0000] {logging_mixin.py:149} INFO - [2023-06-14T14:16:47.508+0000] {dag.py:2726} INFO - Sync 1 DAGs
[2023-06-14T14:16:47.531+0000] {logging_mixin.py:149} INFO - [2023-06-14T14:16:47.530+0000] {dag.py:3486} INFO - Setting next_dagrun for example_sla_dag to 2023-06-14T14:14:00+00:00, run_after=2023-06-14T14:16:00+00:00
[2023-06-14T14:16:47.557+0000] {processor.py:179} INFO - Processing /usr/local/lib/python3.8/dist-packages/airflow/example_dags/example_sla_dag.py took 0.075 seconds
[2023-06-14T14:17:53.551+0000] {processor.py:157} INFO - Started process (PID=2402) to work on /usr/local/lib/python3.8/dist-packages/airflow/example_dags/example_sla_dag.py
[2023-06-14T14:17:53.552+0000] {processor.py:826} INFO - Processing file /usr/local/lib/python3.8/dist-packages/airflow/example_dags/example_sla_dag.py for tasks to queue
[2023-06-14T14:17:53.555+0000] {logging_mixin.py:149} INFO - [2023-06-14T14:17:53.555+0000] {dagbag.py:541} INFO - Filling up the DagBag from /usr/local/lib/python3.8/dist-packages/airflow/example_dags/example_sla_dag.py
[2023-06-14T14:17:53.563+0000] {processor.py:836} INFO - DAG(s) dict_keys(['example_sla_dag']) retrieved from /usr/local/lib/python3.8/dist-packages/airflow/example_dags/example_sla_dag.py
[2023-06-14T14:17:53.573+0000] {logging_mixin.py:149} INFO - [2023-06-14T14:17:53.573+0000] {dag.py:2726} INFO - Sync 1 DAGs
[2023-06-14T14:17:53.597+0000] {logging_mixin.py:149} INFO - [2023-06-14T14:17:53.597+0000] {dag.py:3486} INFO - Setting next_dagrun for example_sla_dag to 2023-06-14T14:14:00+00:00, run_after=2023-06-14T14:16:00+00:00
[2023-06-14T14:17:53.675+0000] {processor.py:179} INFO - Processing /usr/local/lib/python3.8/dist-packages/airflow/example_dags/example_sla_dag.py took 0.128 seconds
[2023-06-14T14:19:09.346+0000] {processor.py:157} INFO - Started process (PID=3725) to work on /usr/local/lib/python3.8/dist-packages/airflow/example_dags/example_sla_dag.py
[2023-06-14T14:19:09.348+0000] {processor.py:826} INFO - Processing file /usr/local/lib/python3.8/dist-packages/airflow/example_dags/example_sla_dag.py for tasks to queue
[2023-06-14T14:19:09.351+0000] {logging_mixin.py:149} INFO - [2023-06-14T14:19:09.350+0000] {dagbag.py:541} INFO - Filling up the DagBag from /usr/local/lib/python3.8/dist-packages/airflow/example_dags/example_sla_dag.py
[2023-06-14T14:19:09.360+0000] {processor.py:836} INFO - DAG(s) dict_keys(['example_sla_dag']) retrieved from /usr/local/lib/python3.8/dist-packages/airflow/example_dags/example_sla_dag.py
[2023-06-14T14:19:09.371+0000] {logging_mixin.py:149} INFO - [2023-06-14T14:19:09.370+0000] {dag.py:2726} INFO - Sync 1 DAGs
[2023-06-14T14:19:09.397+0000] {logging_mixin.py:149} INFO - [2023-06-14T14:19:09.397+0000] {dag.py:3486} INFO - Setting next_dagrun for example_sla_dag to 2023-06-14T14:16:00+00:00, run_after=2023-06-14T14:18:00+00:00
[2023-06-14T14:19:09.426+0000] {processor.py:179} INFO - Processing /usr/local/lib/python3.8/dist-packages/airflow/example_dags/example_sla_dag.py took 0.084 seconds
[2023-06-14T14:19:57.936+0000] {processor.py:157} INFO - Started process (PID=4264) to work on /usr/local/lib/python3.8/dist-packages/airflow/example_dags/example_sla_dag.py
[2023-06-14T14:19:57.937+0000] {processor.py:826} INFO - Processing file /usr/local/lib/python3.8/dist-packages/airflow/example_dags/example_sla_dag.py for tasks to queue
[2023-06-14T14:19:57.940+0000] {logging_mixin.py:149} INFO - [2023-06-14T14:19:57.940+0000] {dagbag.py:541} INFO - Filling up the DagBag from /usr/local/lib/python3.8/dist-packages/airflow/example_dags/example_sla_dag.py
[2023-06-14T14:19:57.949+0000] {processor.py:836} INFO - DAG(s) dict_keys(['example_sla_dag']) retrieved from /usr/local/lib/python3.8/dist-packages/airflow/example_dags/example_sla_dag.py
[2023-06-14T14:19:57.970+0000] {logging_mixin.py:149} INFO - [2023-06-14T14:19:57.969+0000] {dag.py:2726} INFO - Sync 1 DAGs
[2023-06-14T14:19:57.993+0000] {logging_mixin.py:149} INFO - [2023-06-14T14:19:57.993+0000] {dag.py:3486} INFO - Setting next_dagrun for example_sla_dag to 2023-06-14T14:16:00+00:00, run_after=2023-06-14T14:18:00+00:00
[2023-06-14T14:19:58.024+0000] {processor.py:179} INFO - Processing /usr/local/lib/python3.8/dist-packages/airflow/example_dags/example_sla_dag.py took 0.092 seconds
[2023-06-14T14:20:48.136+0000] {processor.py:157} INFO - Started process (PID=4312) to work on /usr/local/lib/python3.8/dist-packages/airflow/example_dags/example_sla_dag.py
[2023-06-14T14:20:48.137+0000] {processor.py:826} INFO - Processing file /usr/local/lib/python3.8/dist-packages/airflow/example_dags/example_sla_dag.py for tasks to queue
[2023-06-14T14:20:48.139+0000] {logging_mixin.py:149} INFO - [2023-06-14T14:20:48.139+0000] {dagbag.py:541} INFO - Filling up the DagBag from /usr/local/lib/python3.8/dist-packages/airflow/example_dags/example_sla_dag.py
[2023-06-14T14:20:48.148+0000] {processor.py:836} INFO - DAG(s) dict_keys(['example_sla_dag']) retrieved from /usr/local/lib/python3.8/dist-packages/airflow/example_dags/example_sla_dag.py
[2023-06-14T14:20:48.169+0000] {logging_mixin.py:149} INFO - [2023-06-14T14:20:48.168+0000] {dag.py:2726} INFO - Sync 1 DAGs
[2023-06-14T14:20:48.191+0000] {logging_mixin.py:149} INFO - [2023-06-14T14:20:48.191+0000] {dag.py:3486} INFO - Setting next_dagrun for example_sla_dag to 2023-06-14T14:18:00+00:00, run_after=2023-06-14T14:20:00+00:00
[2023-06-14T14:20:48.216+0000] {processor.py:179} INFO - Processing /usr/local/lib/python3.8/dist-packages/airflow/example_dags/example_sla_dag.py took 0.084 seconds
[2023-06-14T14:21:39.786+0000] {processor.py:157} INFO - Started process (PID=4467) to work on /usr/local/lib/python3.8/dist-packages/airflow/example_dags/example_sla_dag.py
[2023-06-14T14:21:39.787+0000] {processor.py:826} INFO - Processing file /usr/local/lib/python3.8/dist-packages/airflow/example_dags/example_sla_dag.py for tasks to queue
[2023-06-14T14:21:39.790+0000] {logging_mixin.py:149} INFO - [2023-06-14T14:21:39.790+0000] {dagbag.py:541} INFO - Filling up the DagBag from /usr/local/lib/python3.8/dist-packages/airflow/example_dags/example_sla_dag.py
[2023-06-14T14:21:39.799+0000] {processor.py:836} INFO - DAG(s) dict_keys(['example_sla_dag']) retrieved from /usr/local/lib/python3.8/dist-packages/airflow/example_dags/example_sla_dag.py
[2023-06-14T14:21:39.819+0000] {logging_mixin.py:149} INFO - [2023-06-14T14:21:39.818+0000] {dag.py:2726} INFO - Sync 1 DAGs
[2023-06-14T14:21:39.842+0000] {logging_mixin.py:149} INFO - [2023-06-14T14:21:39.842+0000] {dag.py:3486} INFO - Setting next_dagrun for example_sla_dag to 2023-06-14T14:18:00+00:00, run_after=2023-06-14T14:20:00+00:00
[2023-06-14T14:21:39.867+0000] {processor.py:179} INFO - Processing /usr/local/lib/python3.8/dist-packages/airflow/example_dags/example_sla_dag.py took 0.084 seconds
[2023-06-14T14:22:32.527+0000] {processor.py:157} INFO - Started process (PID=4629) to work on /usr/local/lib/python3.8/dist-packages/airflow/example_dags/example_sla_dag.py
[2023-06-14T14:22:32.528+0000] {processor.py:826} INFO - Processing file /usr/local/lib/python3.8/dist-packages/airflow/example_dags/example_sla_dag.py for tasks to queue
[2023-06-14T14:22:32.531+0000] {logging_mixin.py:149} INFO - [2023-06-14T14:22:32.531+0000] {dagbag.py:541} INFO - Filling up the DagBag from /usr/local/lib/python3.8/dist-packages/airflow/example_dags/example_sla_dag.py
[2023-06-14T14:22:32.540+0000] {processor.py:836} INFO - DAG(s) dict_keys(['example_sla_dag']) retrieved from /usr/local/lib/python3.8/dist-packages/airflow/example_dags/example_sla_dag.py
[2023-06-14T14:22:32.560+0000] {logging_mixin.py:149} INFO - [2023-06-14T14:22:32.560+0000] {dag.py:2726} INFO - Sync 1 DAGs
[2023-06-14T14:22:32.584+0000] {logging_mixin.py:149} INFO - [2023-06-14T14:22:32.583+0000] {dag.py:3486} INFO - Setting next_dagrun for example_sla_dag to 2023-06-14T14:20:00+00:00, run_after=2023-06-14T14:22:00+00:00
[2023-06-14T14:22:32.609+0000] {processor.py:179} INFO - Processing /usr/local/lib/python3.8/dist-packages/airflow/example_dags/example_sla_dag.py took 0.086 seconds
[2023-06-14T14:23:08.341+0000] {processor.py:157} INFO - Started process (PID=4770) to work on /usr/local/lib/python3.8/dist-packages/airflow/example_dags/example_sla_dag.py
[2023-06-14T14:23:08.342+0000] {processor.py:826} INFO - Processing file /usr/local/lib/python3.8/dist-packages/airflow/example_dags/example_sla_dag.py for tasks to queue
[2023-06-14T14:23:08.345+0000] {logging_mixin.py:149} INFO - [2023-06-14T14:23:08.345+0000] {dagbag.py:541} INFO - Filling up the DagBag from /usr/local/lib/python3.8/dist-packages/airflow/example_dags/example_sla_dag.py
[2023-06-14T14:23:08.354+0000] {processor.py:836} INFO - DAG(s) dict_keys(['example_sla_dag']) retrieved from /usr/local/lib/python3.8/dist-packages/airflow/example_dags/example_sla_dag.py
[2023-06-14T14:23:08.374+0000] {logging_mixin.py:149} INFO - [2023-06-14T14:23:08.374+0000] {dag.py:2726} INFO - Sync 1 DAGs
[2023-06-14T14:23:08.397+0000] {logging_mixin.py:149} INFO - [2023-06-14T14:23:08.396+0000] {dag.py:3486} INFO - Setting next_dagrun for example_sla_dag to 2023-06-14T14:20:00+00:00, run_after=2023-06-14T14:22:00+00:00
[2023-06-14T14:23:08.423+0000] {processor.py:179} INFO - Processing /usr/local/lib/python3.8/dist-packages/airflow/example_dags/example_sla_dag.py took 0.086 seconds
[2023-06-14T14:23:57.124+0000] {processor.py:157} INFO - Started process (PID=5024) to work on /usr/local/lib/python3.8/dist-packages/airflow/example_dags/example_sla_dag.py
[2023-06-14T14:23:57.126+0000] {processor.py:826} INFO - Processing file /usr/local/lib/python3.8/dist-packages/airflow/example_dags/example_sla_dag.py for tasks to queue
[2023-06-14T14:23:57.128+0000] {logging_mixin.py:149} INFO - [2023-06-14T14:23:57.128+0000] {dagbag.py:541} INFO - Filling up the DagBag from /usr/local/lib/python3.8/dist-packages/airflow/example_dags/example_sla_dag.py
[2023-06-14T14:23:57.137+0000] {processor.py:836} INFO - DAG(s) dict_keys(['example_sla_dag']) retrieved from /usr/local/lib/python3.8/dist-packages/airflow/example_dags/example_sla_dag.py
[2023-06-14T14:23:57.157+0000] {logging_mixin.py:149} INFO - [2023-06-14T14:23:57.157+0000] {dag.py:2726} INFO - Sync 1 DAGs
[2023-06-14T14:23:57.181+0000] {logging_mixin.py:149} INFO - [2023-06-14T14:23:57.181+0000] {dag.py:3486} INFO - Setting next_dagrun for example_sla_dag to 2023-06-14T14:20:00+00:00, run_after=2023-06-14T14:22:00+00:00
[2023-06-14T14:23:57.208+0000] {processor.py:179} INFO - Processing /usr/local/lib/python3.8/dist-packages/airflow/example_dags/example_sla_dag.py took 0.088 seconds
[2023-06-14T14:24:49.189+0000] {processor.py:157} INFO - Started process (PID=5079) to work on /usr/local/lib/python3.8/dist-packages/airflow/example_dags/example_sla_dag.py
[2023-06-14T14:24:49.190+0000] {processor.py:826} INFO - Processing file /usr/local/lib/python3.8/dist-packages/airflow/example_dags/example_sla_dag.py for tasks to queue
[2023-06-14T14:24:49.193+0000] {logging_mixin.py:149} INFO - [2023-06-14T14:24:49.192+0000] {dagbag.py:541} INFO - Filling up the DagBag from /usr/local/lib/python3.8/dist-packages/airflow/example_dags/example_sla_dag.py
[2023-06-14T14:24:49.203+0000] {processor.py:836} INFO - DAG(s) dict_keys(['example_sla_dag']) retrieved from /usr/local/lib/python3.8/dist-packages/airflow/example_dags/example_sla_dag.py
[2023-06-14T14:24:49.225+0000] {logging_mixin.py:149} INFO - [2023-06-14T14:24:49.224+0000] {dag.py:2726} INFO - Sync 1 DAGs
[2023-06-14T14:24:49.248+0000] {logging_mixin.py:149} INFO - [2023-06-14T14:24:49.248+0000] {dag.py:3486} INFO - Setting next_dagrun for example_sla_dag to 2023-06-14T14:22:00+00:00, run_after=2023-06-14T14:24:00+00:00
[2023-06-14T14:24:49.275+0000] {processor.py:179} INFO - Processing /usr/local/lib/python3.8/dist-packages/airflow/example_dags/example_sla_dag.py took 0.090 seconds
[2023-06-14T14:25:35.082+0000] {processor.py:157} INFO - Started process (PID=5230) to work on /usr/local/lib/python3.8/dist-packages/airflow/example_dags/example_sla_dag.py
[2023-06-14T14:25:35.084+0000] {processor.py:826} INFO - Processing file /usr/local/lib/python3.8/dist-packages/airflow/example_dags/example_sla_dag.py for tasks to queue
[2023-06-14T14:25:35.086+0000] {logging_mixin.py:149} INFO - [2023-06-14T14:25:35.086+0000] {dagbag.py:541} INFO - Filling up the DagBag from /usr/local/lib/python3.8/dist-packages/airflow/example_dags/example_sla_dag.py
[2023-06-14T14:25:35.095+0000] {processor.py:836} INFO - DAG(s) dict_keys(['example_sla_dag']) retrieved from /usr/local/lib/python3.8/dist-packages/airflow/example_dags/example_sla_dag.py
[2023-06-14T14:25:35.116+0000] {logging_mixin.py:149} INFO - [2023-06-14T14:25:35.115+0000] {dag.py:2726} INFO - Sync 1 DAGs
[2023-06-14T14:25:35.139+0000] {logging_mixin.py:149} INFO - [2023-06-14T14:25:35.138+0000] {dag.py:3486} INFO - Setting next_dagrun for example_sla_dag to 2023-06-14T14:22:00+00:00, run_after=2023-06-14T14:24:00+00:00
[2023-06-14T14:25:35.164+0000] {processor.py:179} INFO - Processing /usr/local/lib/python3.8/dist-packages/airflow/example_dags/example_sla_dag.py took 0.086 seconds
[2023-06-14T14:26:14.346+0000] {processor.py:157} INFO - Started process (PID=5373) to work on /usr/local/lib/python3.8/dist-packages/airflow/example_dags/example_sla_dag.py
[2023-06-14T14:26:14.347+0000] {processor.py:826} INFO - Processing file /usr/local/lib/python3.8/dist-packages/airflow/example_dags/example_sla_dag.py for tasks to queue
[2023-06-14T14:26:14.350+0000] {logging_mixin.py:149} INFO - [2023-06-14T14:26:14.350+0000] {dagbag.py:541} INFO - Filling up the DagBag from /usr/local/lib/python3.8/dist-packages/airflow/example_dags/example_sla_dag.py
[2023-06-14T14:26:14.359+0000] {processor.py:836} INFO - DAG(s) dict_keys(['example_sla_dag']) retrieved from /usr/local/lib/python3.8/dist-packages/airflow/example_dags/example_sla_dag.py
[2023-06-14T14:26:14.380+0000] {logging_mixin.py:149} INFO - [2023-06-14T14:26:14.380+0000] {dag.py:2726} INFO - Sync 1 DAGs
[2023-06-14T14:26:14.403+0000] {logging_mixin.py:149} INFO - [2023-06-14T14:26:14.403+0000] {dag.py:3486} INFO - Setting next_dagrun for example_sla_dag to 2023-06-14T14:24:00+00:00, run_after=2023-06-14T14:26:00+00:00
[2023-06-14T14:26:14.429+0000] {processor.py:179} INFO - Processing /usr/local/lib/python3.8/dist-packages/airflow/example_dags/example_sla_dag.py took 0.087 seconds
[2023-06-14T14:27:05.359+0000] {processor.py:157} INFO - Started process (PID=5531) to work on /usr/local/lib/python3.8/dist-packages/airflow/example_dags/example_sla_dag.py
[2023-06-14T14:27:05.361+0000] {processor.py:826} INFO - Processing file /usr/local/lib/python3.8/dist-packages/airflow/example_dags/example_sla_dag.py for tasks to queue
[2023-06-14T14:27:05.363+0000] {logging_mixin.py:149} INFO - [2023-06-14T14:27:05.363+0000] {dagbag.py:541} INFO - Filling up the DagBag from /usr/local/lib/python3.8/dist-packages/airflow/example_dags/example_sla_dag.py
[2023-06-14T14:27:05.372+0000] {processor.py:836} INFO - DAG(s) dict_keys(['example_sla_dag']) retrieved from /usr/local/lib/python3.8/dist-packages/airflow/example_dags/example_sla_dag.py
[2023-06-14T14:27:05.393+0000] {logging_mixin.py:149} INFO - [2023-06-14T14:27:05.392+0000] {dag.py:2726} INFO - Sync 1 DAGs
[2023-06-14T14:27:05.415+0000] {logging_mixin.py:149} INFO - [2023-06-14T14:27:05.415+0000] {dag.py:3486} INFO - Setting next_dagrun for example_sla_dag to 2023-06-14T14:24:00+00:00, run_after=2023-06-14T14:26:00+00:00
[2023-06-14T14:27:05.442+0000] {processor.py:179} INFO - Processing /usr/local/lib/python3.8/dist-packages/airflow/example_dags/example_sla_dag.py took 0.087 seconds
[2023-06-14T14:27:57.396+0000] {processor.py:157} INFO - Started process (PID=5688) to work on /usr/local/lib/python3.8/dist-packages/airflow/example_dags/example_sla_dag.py
[2023-06-14T14:27:57.398+0000] {processor.py:826} INFO - Processing file /usr/local/lib/python3.8/dist-packages/airflow/example_dags/example_sla_dag.py for tasks to queue
[2023-06-14T14:27:57.401+0000] {logging_mixin.py:149} INFO - [2023-06-14T14:27:57.401+0000] {dagbag.py:541} INFO - Filling up the DagBag from /usr/local/lib/python3.8/dist-packages/airflow/example_dags/example_sla_dag.py
[2023-06-14T14:27:57.409+0000] {processor.py:836} INFO - DAG(s) dict_keys(['example_sla_dag']) retrieved from /usr/local/lib/python3.8/dist-packages/airflow/example_dags/example_sla_dag.py
[2023-06-14T14:27:57.431+0000] {logging_mixin.py:149} INFO - [2023-06-14T14:27:57.430+0000] {dag.py:2726} INFO - Sync 1 DAGs
[2023-06-14T14:27:57.454+0000] {logging_mixin.py:149} INFO - [2023-06-14T14:27:57.454+0000] {dag.py:3486} INFO - Setting next_dagrun for example_sla_dag to 2023-06-14T14:24:00+00:00, run_after=2023-06-14T14:26:00+00:00
[2023-06-14T14:27:57.481+0000] {processor.py:179} INFO - Processing /usr/local/lib/python3.8/dist-packages/airflow/example_dags/example_sla_dag.py took 0.088 seconds
[2023-06-14T14:28:51.481+0000] {processor.py:157} INFO - Started process (PID=5846) to work on /usr/local/lib/python3.8/dist-packages/airflow/example_dags/example_sla_dag.py
[2023-06-14T14:28:51.483+0000] {processor.py:826} INFO - Processing file /usr/local/lib/python3.8/dist-packages/airflow/example_dags/example_sla_dag.py for tasks to queue
[2023-06-14T14:28:51.485+0000] {logging_mixin.py:149} INFO - [2023-06-14T14:28:51.485+0000] {dagbag.py:541} INFO - Filling up the DagBag from /usr/local/lib/python3.8/dist-packages/airflow/example_dags/example_sla_dag.py
[2023-06-14T14:28:51.494+0000] {processor.py:836} INFO - DAG(s) dict_keys(['example_sla_dag']) retrieved from /usr/local/lib/python3.8/dist-packages/airflow/example_dags/example_sla_dag.py
[2023-06-14T14:28:51.514+0000] {logging_mixin.py:149} INFO - [2023-06-14T14:28:51.513+0000] {dag.py:2726} INFO - Sync 1 DAGs
[2023-06-14T14:28:51.536+0000] {logging_mixin.py:149} INFO - [2023-06-14T14:28:51.536+0000] {dag.py:3486} INFO - Setting next_dagrun for example_sla_dag to 2023-06-14T14:26:00+00:00, run_after=2023-06-14T14:28:00+00:00
[2023-06-14T14:28:51.562+0000] {processor.py:179} INFO - Processing /usr/local/lib/python3.8/dist-packages/airflow/example_dags/example_sla_dag.py took 0.085 seconds
[2023-06-14T14:29:40.380+0000] {processor.py:157} INFO - Started process (PID=6000) to work on /usr/local/lib/python3.8/dist-packages/airflow/example_dags/example_sla_dag.py
[2023-06-14T14:29:40.381+0000] {processor.py:826} INFO - Processing file /usr/local/lib/python3.8/dist-packages/airflow/example_dags/example_sla_dag.py for tasks to queue
[2023-06-14T14:29:40.383+0000] {logging_mixin.py:149} INFO - [2023-06-14T14:29:40.383+0000] {dagbag.py:541} INFO - Filling up the DagBag from /usr/local/lib/python3.8/dist-packages/airflow/example_dags/example_sla_dag.py
[2023-06-14T14:29:40.393+0000] {processor.py:836} INFO - DAG(s) dict_keys(['example_sla_dag']) retrieved from /usr/local/lib/python3.8/dist-packages/airflow/example_dags/example_sla_dag.py
[2023-06-14T14:29:40.417+0000] {logging_mixin.py:149} INFO - [2023-06-14T14:29:40.417+0000] {dag.py:2726} INFO - Sync 1 DAGs
[2023-06-14T14:29:40.440+0000] {logging_mixin.py:149} INFO - [2023-06-14T14:29:40.440+0000] {dag.py:3486} INFO - Setting next_dagrun for example_sla_dag to 2023-06-14T14:26:00+00:00, run_after=2023-06-14T14:28:00+00:00
[2023-06-14T14:29:40.470+0000] {processor.py:179} INFO - Processing /usr/local/lib/python3.8/dist-packages/airflow/example_dags/example_sla_dag.py took 0.095 seconds
[2023-06-14T14:30:36.681+0000] {processor.py:157} INFO - Started process (PID=6158) to work on /usr/local/lib/python3.8/dist-packages/airflow/example_dags/example_sla_dag.py
[2023-06-14T14:30:36.682+0000] {processor.py:826} INFO - Processing file /usr/local/lib/python3.8/dist-packages/airflow/example_dags/example_sla_dag.py for tasks to queue
[2023-06-14T14:30:36.685+0000] {logging_mixin.py:149} INFO - [2023-06-14T14:30:36.685+0000] {dagbag.py:541} INFO - Filling up the DagBag from /usr/local/lib/python3.8/dist-packages/airflow/example_dags/example_sla_dag.py
[2023-06-14T14:30:36.693+0000] {processor.py:836} INFO - DAG(s) dict_keys(['example_sla_dag']) retrieved from /usr/local/lib/python3.8/dist-packages/airflow/example_dags/example_sla_dag.py
[2023-06-14T14:30:36.713+0000] {logging_mixin.py:149} INFO - [2023-06-14T14:30:36.713+0000] {dag.py:2726} INFO - Sync 1 DAGs
[2023-06-14T14:30:36.736+0000] {logging_mixin.py:149} INFO - [2023-06-14T14:30:36.736+0000] {dag.py:3486} INFO - Setting next_dagrun for example_sla_dag to 2023-06-14T14:28:00+00:00, run_after=2023-06-14T14:30:00+00:00
[2023-06-14T14:30:36.762+0000] {processor.py:179} INFO - Processing /usr/local/lib/python3.8/dist-packages/airflow/example_dags/example_sla_dag.py took 0.086 seconds
[2023-06-14T14:31:28.707+0000] {processor.py:157} INFO - Started process (PID=6313) to work on /usr/local/lib/python3.8/dist-packages/airflow/example_dags/example_sla_dag.py
[2023-06-14T14:31:28.708+0000] {processor.py:826} INFO - Processing file /usr/local/lib/python3.8/dist-packages/airflow/example_dags/example_sla_dag.py for tasks to queue
[2023-06-14T14:31:28.710+0000] {logging_mixin.py:149} INFO - [2023-06-14T14:31:28.710+0000] {dagbag.py:541} INFO - Filling up the DagBag from /usr/local/lib/python3.8/dist-packages/airflow/example_dags/example_sla_dag.py
[2023-06-14T14:31:28.719+0000] {processor.py:836} INFO - DAG(s) dict_keys(['example_sla_dag']) retrieved from /usr/local/lib/python3.8/dist-packages/airflow/example_dags/example_sla_dag.py
[2023-06-14T14:31:28.739+0000] {logging_mixin.py:149} INFO - [2023-06-14T14:31:28.739+0000] {dag.py:2726} INFO - Sync 1 DAGs
[2023-06-14T14:31:28.761+0000] {logging_mixin.py:149} INFO - [2023-06-14T14:31:28.761+0000] {dag.py:3486} INFO - Setting next_dagrun for example_sla_dag to 2023-06-14T14:28:00+00:00, run_after=2023-06-14T14:30:00+00:00
[2023-06-14T14:31:28.788+0000] {processor.py:179} INFO - Processing /usr/local/lib/python3.8/dist-packages/airflow/example_dags/example_sla_dag.py took 0.085 seconds
[2023-06-14T14:32:20.391+0000] {processor.py:157} INFO - Started process (PID=6476) to work on /usr/local/lib/python3.8/dist-packages/airflow/example_dags/example_sla_dag.py
[2023-06-14T14:32:20.392+0000] {processor.py:826} INFO - Processing file /usr/local/lib/python3.8/dist-packages/airflow/example_dags/example_sla_dag.py for tasks to queue
[2023-06-14T14:32:20.394+0000] {logging_mixin.py:149} INFO - [2023-06-14T14:32:20.394+0000] {dagbag.py:541} INFO - Filling up the DagBag from /usr/local/lib/python3.8/dist-packages/airflow/example_dags/example_sla_dag.py
[2023-06-14T14:32:20.403+0000] {processor.py:836} INFO - DAG(s) dict_keys(['example_sla_dag']) retrieved from /usr/local/lib/python3.8/dist-packages/airflow/example_dags/example_sla_dag.py
[2023-06-14T14:32:20.423+0000] {logging_mixin.py:149} INFO - [2023-06-14T14:32:20.423+0000] {dag.py:2726} INFO - Sync 1 DAGs
[2023-06-14T14:32:20.447+0000] {logging_mixin.py:149} INFO - [2023-06-14T14:32:20.446+0000] {dag.py:3486} INFO - Setting next_dagrun for example_sla_dag to 2023-06-14T14:30:00+00:00, run_after=2023-06-14T14:32:00+00:00
[2023-06-14T14:32:20.480+0000] {processor.py:179} INFO - Processing /usr/local/lib/python3.8/dist-packages/airflow/example_dags/example_sla_dag.py took 0.093 seconds
[2023-06-14T14:33:10.203+0000] {processor.py:157} INFO - Started process (PID=6630) to work on /usr/local/lib/python3.8/dist-packages/airflow/example_dags/example_sla_dag.py
[2023-06-14T14:33:10.205+0000] {processor.py:826} INFO - Processing file /usr/local/lib/python3.8/dist-packages/airflow/example_dags/example_sla_dag.py for tasks to queue
[2023-06-14T14:33:10.207+0000] {logging_mixin.py:149} INFO - [2023-06-14T14:33:10.207+0000] {dagbag.py:541} INFO - Filling up the DagBag from /usr/local/lib/python3.8/dist-packages/airflow/example_dags/example_sla_dag.py
[2023-06-14T14:33:10.216+0000] {processor.py:836} INFO - DAG(s) dict_keys(['example_sla_dag']) retrieved from /usr/local/lib/python3.8/dist-packages/airflow/example_dags/example_sla_dag.py
[2023-06-14T14:33:10.237+0000] {logging_mixin.py:149} INFO - [2023-06-14T14:33:10.237+0000] {dag.py:2726} INFO - Sync 1 DAGs
[2023-06-14T14:33:10.260+0000] {logging_mixin.py:149} INFO - [2023-06-14T14:33:10.260+0000] {dag.py:3486} INFO - Setting next_dagrun for example_sla_dag to 2023-06-14T14:30:00+00:00, run_after=2023-06-14T14:32:00+00:00
[2023-06-14T14:33:10.288+0000] {processor.py:179} INFO - Processing /usr/local/lib/python3.8/dist-packages/airflow/example_dags/example_sla_dag.py took 0.089 seconds
[2023-06-14T14:34:02.304+0000] {processor.py:157} INFO - Started process (PID=6887) to work on /usr/local/lib/python3.8/dist-packages/airflow/example_dags/example_sla_dag.py
[2023-06-14T14:34:02.306+0000] {processor.py:826} INFO - Processing file /usr/local/lib/python3.8/dist-packages/airflow/example_dags/example_sla_dag.py for tasks to queue
[2023-06-14T14:34:02.308+0000] {logging_mixin.py:149} INFO - [2023-06-14T14:34:02.308+0000] {dagbag.py:541} INFO - Filling up the DagBag from /usr/local/lib/python3.8/dist-packages/airflow/example_dags/example_sla_dag.py
[2023-06-14T14:34:02.317+0000] {processor.py:836} INFO - DAG(s) dict_keys(['example_sla_dag']) retrieved from /usr/local/lib/python3.8/dist-packages/airflow/example_dags/example_sla_dag.py
[2023-06-14T14:34:02.337+0000] {logging_mixin.py:149} INFO - [2023-06-14T14:34:02.337+0000] {dag.py:2726} INFO - Sync 1 DAGs
[2023-06-14T14:34:02.359+0000] {logging_mixin.py:149} INFO - [2023-06-14T14:34:02.359+0000] {dag.py:3486} INFO - Setting next_dagrun for example_sla_dag to 2023-06-14T14:32:00+00:00, run_after=2023-06-14T14:34:00+00:00
[2023-06-14T14:34:02.389+0000] {processor.py:179} INFO - Processing /usr/local/lib/python3.8/dist-packages/airflow/example_dags/example_sla_dag.py took 0.089 seconds
[2023-06-14T14:34:40.953+0000] {processor.py:157} INFO - Started process (PID=6925) to work on /usr/local/lib/python3.8/dist-packages/airflow/example_dags/example_sla_dag.py
[2023-06-14T14:34:40.954+0000] {processor.py:826} INFO - Processing file /usr/local/lib/python3.8/dist-packages/airflow/example_dags/example_sla_dag.py for tasks to queue
[2023-06-14T14:34:40.957+0000] {logging_mixin.py:149} INFO - [2023-06-14T14:34:40.956+0000] {dagbag.py:541} INFO - Filling up the DagBag from /usr/local/lib/python3.8/dist-packages/airflow/example_dags/example_sla_dag.py
[2023-06-14T14:34:40.966+0000] {processor.py:836} INFO - DAG(s) dict_keys(['example_sla_dag']) retrieved from /usr/local/lib/python3.8/dist-packages/airflow/example_dags/example_sla_dag.py
[2023-06-14T14:34:40.985+0000] {logging_mixin.py:149} INFO - [2023-06-14T14:34:40.985+0000] {dag.py:2726} INFO - Sync 1 DAGs
[2023-06-14T14:34:41.008+0000] {logging_mixin.py:149} INFO - [2023-06-14T14:34:41.008+0000] {dag.py:3486} INFO - Setting next_dagrun for example_sla_dag to 2023-06-14T14:32:00+00:00, run_after=2023-06-14T14:34:00+00:00
[2023-06-14T14:34:41.036+0000] {processor.py:179} INFO - Processing /usr/local/lib/python3.8/dist-packages/airflow/example_dags/example_sla_dag.py took 0.087 seconds
[2023-06-14T14:35:31.528+0000] {processor.py:157} INFO - Started process (PID=7085) to work on /usr/local/lib/python3.8/dist-packages/airflow/example_dags/example_sla_dag.py
[2023-06-14T14:35:31.530+0000] {processor.py:826} INFO - Processing file /usr/local/lib/python3.8/dist-packages/airflow/example_dags/example_sla_dag.py for tasks to queue
[2023-06-14T14:35:31.532+0000] {logging_mixin.py:149} INFO - [2023-06-14T14:35:31.532+0000] {dagbag.py:541} INFO - Filling up the DagBag from /usr/local/lib/python3.8/dist-packages/airflow/example_dags/example_sla_dag.py
[2023-06-14T14:35:31.541+0000] {processor.py:836} INFO - DAG(s) dict_keys(['example_sla_dag']) retrieved from /usr/local/lib/python3.8/dist-packages/airflow/example_dags/example_sla_dag.py
[2023-06-14T14:35:31.560+0000] {logging_mixin.py:149} INFO - [2023-06-14T14:35:31.560+0000] {dag.py:2726} INFO - Sync 1 DAGs
[2023-06-14T14:35:31.583+0000] {logging_mixin.py:149} INFO - [2023-06-14T14:35:31.583+0000] {dag.py:3486} INFO - Setting next_dagrun for example_sla_dag to 2023-06-14T14:32:00+00:00, run_after=2023-06-14T14:34:00+00:00
[2023-06-14T14:35:31.609+0000] {processor.py:179} INFO - Processing /usr/local/lib/python3.8/dist-packages/airflow/example_dags/example_sla_dag.py took 0.084 seconds
[2023-06-14T14:36:22.666+0000] {processor.py:157} INFO - Started process (PID=7241) to work on /usr/local/lib/python3.8/dist-packages/airflow/example_dags/example_sla_dag.py
[2023-06-14T14:36:22.667+0000] {processor.py:826} INFO - Processing file /usr/local/lib/python3.8/dist-packages/airflow/example_dags/example_sla_dag.py for tasks to queue
[2023-06-14T14:36:22.670+0000] {logging_mixin.py:149} INFO - [2023-06-14T14:36:22.670+0000] {dagbag.py:541} INFO - Filling up the DagBag from /usr/local/lib/python3.8/dist-packages/airflow/example_dags/example_sla_dag.py
[2023-06-14T14:36:22.679+0000] {processor.py:836} INFO - DAG(s) dict_keys(['example_sla_dag']) retrieved from /usr/local/lib/python3.8/dist-packages/airflow/example_dags/example_sla_dag.py
[2023-06-14T14:36:22.700+0000] {logging_mixin.py:149} INFO - [2023-06-14T14:36:22.699+0000] {dag.py:2726} INFO - Sync 1 DAGs
[2023-06-14T14:36:22.723+0000] {logging_mixin.py:149} INFO - [2023-06-14T14:36:22.723+0000] {dag.py:3486} INFO - Setting next_dagrun for example_sla_dag to 2023-06-14T14:34:00+00:00, run_after=2023-06-14T14:36:00+00:00
[2023-06-14T14:36:22.751+0000] {processor.py:179} INFO - Processing /usr/local/lib/python3.8/dist-packages/airflow/example_dags/example_sla_dag.py took 0.089 seconds
[2023-06-14T14:37:14.297+0000] {processor.py:157} INFO - Started process (PID=7402) to work on /usr/local/lib/python3.8/dist-packages/airflow/example_dags/example_sla_dag.py
[2023-06-14T14:37:14.299+0000] {processor.py:826} INFO - Processing file /usr/local/lib/python3.8/dist-packages/airflow/example_dags/example_sla_dag.py for tasks to queue
[2023-06-14T14:37:14.302+0000] {logging_mixin.py:149} INFO - [2023-06-14T14:37:14.302+0000] {dagbag.py:541} INFO - Filling up the DagBag from /usr/local/lib/python3.8/dist-packages/airflow/example_dags/example_sla_dag.py
[2023-06-14T14:37:14.311+0000] {processor.py:836} INFO - DAG(s) dict_keys(['example_sla_dag']) retrieved from /usr/local/lib/python3.8/dist-packages/airflow/example_dags/example_sla_dag.py
[2023-06-14T14:37:14.332+0000] {logging_mixin.py:149} INFO - [2023-06-14T14:37:14.331+0000] {dag.py:2726} INFO - Sync 1 DAGs
[2023-06-14T14:37:14.355+0000] {logging_mixin.py:149} INFO - [2023-06-14T14:37:14.355+0000] {dag.py:3486} INFO - Setting next_dagrun for example_sla_dag to 2023-06-14T14:34:00+00:00, run_after=2023-06-14T14:36:00+00:00
[2023-06-14T14:37:14.382+0000] {processor.py:179} INFO - Processing /usr/local/lib/python3.8/dist-packages/airflow/example_dags/example_sla_dag.py took 0.088 seconds
[2023-06-14T14:38:06.452+0000] {processor.py:157} INFO - Started process (PID=7558) to work on /usr/local/lib/python3.8/dist-packages/airflow/example_dags/example_sla_dag.py
[2023-06-14T14:38:06.454+0000] {processor.py:826} INFO - Processing file /usr/local/lib/python3.8/dist-packages/airflow/example_dags/example_sla_dag.py for tasks to queue
[2023-06-14T14:38:06.456+0000] {logging_mixin.py:149} INFO - [2023-06-14T14:38:06.456+0000] {dagbag.py:541} INFO - Filling up the DagBag from /usr/local/lib/python3.8/dist-packages/airflow/example_dags/example_sla_dag.py
[2023-06-14T14:38:06.466+0000] {processor.py:836} INFO - DAG(s) dict_keys(['example_sla_dag']) retrieved from /usr/local/lib/python3.8/dist-packages/airflow/example_dags/example_sla_dag.py
[2023-06-14T14:38:06.486+0000] {logging_mixin.py:149} INFO - [2023-06-14T14:38:06.485+0000] {dag.py:2726} INFO - Sync 1 DAGs
[2023-06-14T14:38:06.508+0000] {logging_mixin.py:149} INFO - [2023-06-14T14:38:06.508+0000] {dag.py:3486} INFO - Setting next_dagrun for example_sla_dag to 2023-06-14T14:36:00+00:00, run_after=2023-06-14T14:38:00+00:00
[2023-06-14T14:38:06.537+0000] {processor.py:179} INFO - Processing /usr/local/lib/python3.8/dist-packages/airflow/example_dags/example_sla_dag.py took 0.089 seconds
[2023-06-14T14:38:55.459+0000] {processor.py:157} INFO - Started process (PID=7711) to work on /usr/local/lib/python3.8/dist-packages/airflow/example_dags/example_sla_dag.py
[2023-06-14T14:38:55.461+0000] {processor.py:826} INFO - Processing file /usr/local/lib/python3.8/dist-packages/airflow/example_dags/example_sla_dag.py for tasks to queue
[2023-06-14T14:38:55.463+0000] {logging_mixin.py:149} INFO - [2023-06-14T14:38:55.463+0000] {dagbag.py:541} INFO - Filling up the DagBag from /usr/local/lib/python3.8/dist-packages/airflow/example_dags/example_sla_dag.py
[2023-06-14T14:38:55.477+0000] {processor.py:836} INFO - DAG(s) dict_keys(['example_sla_dag']) retrieved from /usr/local/lib/python3.8/dist-packages/airflow/example_dags/example_sla_dag.py
[2023-06-14T14:38:55.498+0000] {logging_mixin.py:149} INFO - [2023-06-14T14:38:55.498+0000] {dag.py:2726} INFO - Sync 1 DAGs
[2023-06-14T14:38:55.521+0000] {logging_mixin.py:149} INFO - [2023-06-14T14:38:55.520+0000] {dag.py:3486} INFO - Setting next_dagrun for example_sla_dag to 2023-06-14T14:36:00+00:00, run_after=2023-06-14T14:38:00+00:00
[2023-06-14T14:38:55.548+0000] {processor.py:179} INFO - Processing /usr/local/lib/python3.8/dist-packages/airflow/example_dags/example_sla_dag.py took 0.093 seconds
[2023-06-14T14:39:44.266+0000] {processor.py:157} INFO - Started process (PID=7761) to work on /usr/local/lib/python3.8/dist-packages/airflow/example_dags/example_sla_dag.py
[2023-06-14T14:39:44.267+0000] {processor.py:826} INFO - Processing file /usr/local/lib/python3.8/dist-packages/airflow/example_dags/example_sla_dag.py for tasks to queue
[2023-06-14T14:39:44.269+0000] {logging_mixin.py:149} INFO - [2023-06-14T14:39:44.269+0000] {dagbag.py:541} INFO - Filling up the DagBag from /usr/local/lib/python3.8/dist-packages/airflow/example_dags/example_sla_dag.py
[2023-06-14T14:39:44.279+0000] {processor.py:836} INFO - DAG(s) dict_keys(['example_sla_dag']) retrieved from /usr/local/lib/python3.8/dist-packages/airflow/example_dags/example_sla_dag.py
[2023-06-14T14:39:44.299+0000] {logging_mixin.py:149} INFO - [2023-06-14T14:39:44.299+0000] {dag.py:2726} INFO - Sync 1 DAGs
[2023-06-14T14:39:44.323+0000] {logging_mixin.py:149} INFO - [2023-06-14T14:39:44.323+0000] {dag.py:3486} INFO - Setting next_dagrun for example_sla_dag to 2023-06-14T14:36:00+00:00, run_after=2023-06-14T14:38:00+00:00
[2023-06-14T14:39:44.351+0000] {processor.py:179} INFO - Processing /usr/local/lib/python3.8/dist-packages/airflow/example_dags/example_sla_dag.py took 0.091 seconds
[2023-06-14T14:40:37.633+0000] {processor.py:157} INFO - Started process (PID=7918) to work on /usr/local/lib/python3.8/dist-packages/airflow/example_dags/example_sla_dag.py
[2023-06-14T14:40:37.635+0000] {processor.py:826} INFO - Processing file /usr/local/lib/python3.8/dist-packages/airflow/example_dags/example_sla_dag.py for tasks to queue
[2023-06-14T14:40:37.637+0000] {logging_mixin.py:149} INFO - [2023-06-14T14:40:37.637+0000] {dagbag.py:541} INFO - Filling up the DagBag from /usr/local/lib/python3.8/dist-packages/airflow/example_dags/example_sla_dag.py
[2023-06-14T14:40:37.647+0000] {processor.py:836} INFO - DAG(s) dict_keys(['example_sla_dag']) retrieved from /usr/local/lib/python3.8/dist-packages/airflow/example_dags/example_sla_dag.py
[2023-06-14T14:40:37.667+0000] {logging_mixin.py:149} INFO - [2023-06-14T14:40:37.667+0000] {dag.py:2726} INFO - Sync 1 DAGs
[2023-06-14T14:40:37.690+0000] {logging_mixin.py:149} INFO - [2023-06-14T14:40:37.690+0000] {dag.py:3486} INFO - Setting next_dagrun for example_sla_dag to 2023-06-14T14:38:00+00:00, run_after=2023-06-14T14:40:00+00:00
[2023-06-14T14:40:37.718+0000] {processor.py:179} INFO - Processing /usr/local/lib/python3.8/dist-packages/airflow/example_dags/example_sla_dag.py took 0.088 seconds
[2023-06-14T14:41:32.805+0000] {processor.py:157} INFO - Started process (PID=8076) to work on /usr/local/lib/python3.8/dist-packages/airflow/example_dags/example_sla_dag.py
[2023-06-14T14:41:32.806+0000] {processor.py:826} INFO - Processing file /usr/local/lib/python3.8/dist-packages/airflow/example_dags/example_sla_dag.py for tasks to queue
[2023-06-14T14:41:32.808+0000] {logging_mixin.py:149} INFO - [2023-06-14T14:41:32.808+0000] {dagbag.py:541} INFO - Filling up the DagBag from /usr/local/lib/python3.8/dist-packages/airflow/example_dags/example_sla_dag.py
[2023-06-14T14:41:32.817+0000] {processor.py:836} INFO - DAG(s) dict_keys(['example_sla_dag']) retrieved from /usr/local/lib/python3.8/dist-packages/airflow/example_dags/example_sla_dag.py
[2023-06-14T14:41:32.837+0000] {logging_mixin.py:149} INFO - [2023-06-14T14:41:32.837+0000] {dag.py:2726} INFO - Sync 1 DAGs
[2023-06-14T14:41:32.860+0000] {logging_mixin.py:149} INFO - [2023-06-14T14:41:32.860+0000] {dag.py:3486} INFO - Setting next_dagrun for example_sla_dag to 2023-06-14T14:38:00+00:00, run_after=2023-06-14T14:40:00+00:00
[2023-06-14T14:41:32.886+0000] {processor.py:179} INFO - Processing /usr/local/lib/python3.8/dist-packages/airflow/example_dags/example_sla_dag.py took 0.086 seconds
[2023-06-14T14:42:26.080+0000] {processor.py:157} INFO - Started process (PID=8238) to work on /usr/local/lib/python3.8/dist-packages/airflow/example_dags/example_sla_dag.py
[2023-06-14T14:42:26.082+0000] {processor.py:826} INFO - Processing file /usr/local/lib/python3.8/dist-packages/airflow/example_dags/example_sla_dag.py for tasks to queue
[2023-06-14T14:42:26.084+0000] {logging_mixin.py:149} INFO - [2023-06-14T14:42:26.084+0000] {dagbag.py:541} INFO - Filling up the DagBag from /usr/local/lib/python3.8/dist-packages/airflow/example_dags/example_sla_dag.py
[2023-06-14T14:42:26.093+0000] {processor.py:836} INFO - DAG(s) dict_keys(['example_sla_dag']) retrieved from /usr/local/lib/python3.8/dist-packages/airflow/example_dags/example_sla_dag.py
[2023-06-14T14:42:26.113+0000] {logging_mixin.py:149} INFO - [2023-06-14T14:42:26.113+0000] {dag.py:2726} INFO - Sync 1 DAGs
[2023-06-14T14:42:26.137+0000] {logging_mixin.py:149} INFO - [2023-06-14T14:42:26.136+0000] {dag.py:3486} INFO - Setting next_dagrun for example_sla_dag to 2023-06-14T14:40:00+00:00, run_after=2023-06-14T14:42:00+00:00
[2023-06-14T14:42:26.162+0000] {processor.py:179} INFO - Processing /usr/local/lib/python3.8/dist-packages/airflow/example_dags/example_sla_dag.py took 0.086 seconds
[2023-06-14T14:43:22.502+0000] {processor.py:157} INFO - Started process (PID=8396) to work on /usr/local/lib/python3.8/dist-packages/airflow/example_dags/example_sla_dag.py
[2023-06-14T14:43:22.503+0000] {processor.py:826} INFO - Processing file /usr/local/lib/python3.8/dist-packages/airflow/example_dags/example_sla_dag.py for tasks to queue
[2023-06-14T14:43:22.505+0000] {logging_mixin.py:149} INFO - [2023-06-14T14:43:22.505+0000] {dagbag.py:541} INFO - Filling up the DagBag from /usr/local/lib/python3.8/dist-packages/airflow/example_dags/example_sla_dag.py
[2023-06-14T14:43:22.515+0000] {processor.py:836} INFO - DAG(s) dict_keys(['example_sla_dag']) retrieved from /usr/local/lib/python3.8/dist-packages/airflow/example_dags/example_sla_dag.py
[2023-06-14T14:43:22.535+0000] {logging_mixin.py:149} INFO - [2023-06-14T14:43:22.534+0000] {dag.py:2726} INFO - Sync 1 DAGs
[2023-06-14T14:43:22.558+0000] {logging_mixin.py:149} INFO - [2023-06-14T14:43:22.558+0000] {dag.py:3486} INFO - Setting next_dagrun for example_sla_dag to 2023-06-14T14:40:00+00:00, run_after=2023-06-14T14:42:00+00:00
[2023-06-14T14:43:22.588+0000] {processor.py:179} INFO - Processing /usr/local/lib/python3.8/dist-packages/airflow/example_dags/example_sla_dag.py took 0.090 seconds
[2023-06-14T14:44:17.901+0000] {processor.py:157} INFO - Started process (PID=8655) to work on /usr/local/lib/python3.8/dist-packages/airflow/example_dags/example_sla_dag.py
[2023-06-14T14:44:17.902+0000] {processor.py:826} INFO - Processing file /usr/local/lib/python3.8/dist-packages/airflow/example_dags/example_sla_dag.py for tasks to queue
[2023-06-14T14:44:17.905+0000] {logging_mixin.py:149} INFO - [2023-06-14T14:44:17.905+0000] {dagbag.py:541} INFO - Filling up the DagBag from /usr/local/lib/python3.8/dist-packages/airflow/example_dags/example_sla_dag.py
[2023-06-14T14:44:17.914+0000] {processor.py:836} INFO - DAG(s) dict_keys(['example_sla_dag']) retrieved from /usr/local/lib/python3.8/dist-packages/airflow/example_dags/example_sla_dag.py
[2023-06-14T14:44:17.934+0000] {logging_mixin.py:149} INFO - [2023-06-14T14:44:17.934+0000] {dag.py:2726} INFO - Sync 1 DAGs
[2023-06-14T14:44:17.957+0000] {logging_mixin.py:149} INFO - [2023-06-14T14:44:17.957+0000] {dag.py:3486} INFO - Setting next_dagrun for example_sla_dag to 2023-06-14T14:42:00+00:00, run_after=2023-06-14T14:44:00+00:00
[2023-06-14T14:44:17.984+0000] {processor.py:179} INFO - Processing /usr/local/lib/python3.8/dist-packages/airflow/example_dags/example_sla_dag.py took 0.089 seconds
[2023-06-14T14:45:12.500+0000] {processor.py:157} INFO - Started process (PID=8813) to work on /usr/local/lib/python3.8/dist-packages/airflow/example_dags/example_sla_dag.py
[2023-06-14T14:45:12.502+0000] {processor.py:826} INFO - Processing file /usr/local/lib/python3.8/dist-packages/airflow/example_dags/example_sla_dag.py for tasks to queue
[2023-06-14T14:45:12.504+0000] {logging_mixin.py:149} INFO - [2023-06-14T14:45:12.504+0000] {dagbag.py:541} INFO - Filling up the DagBag from /usr/local/lib/python3.8/dist-packages/airflow/example_dags/example_sla_dag.py
[2023-06-14T14:45:12.513+0000] {processor.py:836} INFO - DAG(s) dict_keys(['example_sla_dag']) retrieved from /usr/local/lib/python3.8/dist-packages/airflow/example_dags/example_sla_dag.py
[2023-06-14T14:45:12.533+0000] {logging_mixin.py:149} INFO - [2023-06-14T14:45:12.533+0000] {dag.py:2726} INFO - Sync 1 DAGs
[2023-06-14T14:45:12.556+0000] {logging_mixin.py:149} INFO - [2023-06-14T14:45:12.556+0000] {dag.py:3486} INFO - Setting next_dagrun for example_sla_dag to 2023-06-14T14:42:00+00:00, run_after=2023-06-14T14:44:00+00:00
[2023-06-14T14:45:12.584+0000] {processor.py:179} INFO - Processing /usr/local/lib/python3.8/dist-packages/airflow/example_dags/example_sla_dag.py took 0.087 seconds
[2023-06-14T14:45:51.172+0000] {processor.py:157} INFO - Started process (PID=8851) to work on /usr/local/lib/python3.8/dist-packages/airflow/example_dags/example_sla_dag.py
[2023-06-14T14:45:51.174+0000] {processor.py:826} INFO - Processing file /usr/local/lib/python3.8/dist-packages/airflow/example_dags/example_sla_dag.py for tasks to queue
[2023-06-14T14:45:51.176+0000] {logging_mixin.py:149} INFO - [2023-06-14T14:45:51.176+0000] {dagbag.py:541} INFO - Filling up the DagBag from /usr/local/lib/python3.8/dist-packages/airflow/example_dags/example_sla_dag.py
[2023-06-14T14:45:51.185+0000] {processor.py:836} INFO - DAG(s) dict_keys(['example_sla_dag']) retrieved from /usr/local/lib/python3.8/dist-packages/airflow/example_dags/example_sla_dag.py
[2023-06-14T14:45:51.207+0000] {logging_mixin.py:149} INFO - [2023-06-14T14:45:51.207+0000] {dag.py:2726} INFO - Sync 1 DAGs
[2023-06-14T14:45:51.231+0000] {logging_mixin.py:149} INFO - [2023-06-14T14:45:51.231+0000] {dag.py:3486} INFO - Setting next_dagrun for example_sla_dag to 2023-06-14T14:42:00+00:00, run_after=2023-06-14T14:44:00+00:00
[2023-06-14T14:45:51.259+0000] {processor.py:179} INFO - Processing /usr/local/lib/python3.8/dist-packages/airflow/example_dags/example_sla_dag.py took 0.090 seconds
[2023-06-14T14:46:28.795+0000] {processor.py:157} INFO - Started process (PID=8994) to work on /usr/local/lib/python3.8/dist-packages/airflow/example_dags/example_sla_dag.py
[2023-06-14T14:46:28.797+0000] {processor.py:826} INFO - Processing file /usr/local/lib/python3.8/dist-packages/airflow/example_dags/example_sla_dag.py for tasks to queue
[2023-06-14T14:46:28.799+0000] {logging_mixin.py:149} INFO - [2023-06-14T14:46:28.799+0000] {dagbag.py:541} INFO - Filling up the DagBag from /usr/local/lib/python3.8/dist-packages/airflow/example_dags/example_sla_dag.py
[2023-06-14T14:46:28.808+0000] {processor.py:836} INFO - DAG(s) dict_keys(['example_sla_dag']) retrieved from /usr/local/lib/python3.8/dist-packages/airflow/example_dags/example_sla_dag.py
[2023-06-14T14:46:28.829+0000] {logging_mixin.py:149} INFO - [2023-06-14T14:46:28.828+0000] {dag.py:2726} INFO - Sync 1 DAGs
[2023-06-14T14:46:28.852+0000] {logging_mixin.py:149} INFO - [2023-06-14T14:46:28.851+0000] {dag.py:3486} INFO - Setting next_dagrun for example_sla_dag to 2023-06-14T14:44:00+00:00, run_after=2023-06-14T14:46:00+00:00
[2023-06-14T14:46:28.877+0000] {processor.py:179} INFO - Processing /usr/local/lib/python3.8/dist-packages/airflow/example_dags/example_sla_dag.py took 0.086 seconds
[2023-06-14T14:47:17.528+0000] {processor.py:157} INFO - Started process (PID=9150) to work on /usr/local/lib/python3.8/dist-packages/airflow/example_dags/example_sla_dag.py
[2023-06-14T14:47:17.530+0000] {processor.py:826} INFO - Processing file /usr/local/lib/python3.8/dist-packages/airflow/example_dags/example_sla_dag.py for tasks to queue
[2023-06-14T14:47:17.533+0000] {logging_mixin.py:149} INFO - [2023-06-14T14:47:17.532+0000] {dagbag.py:541} INFO - Filling up the DagBag from /usr/local/lib/python3.8/dist-packages/airflow/example_dags/example_sla_dag.py
[2023-06-14T14:47:17.542+0000] {processor.py:836} INFO - DAG(s) dict_keys(['example_sla_dag']) retrieved from /usr/local/lib/python3.8/dist-packages/airflow/example_dags/example_sla_dag.py
[2023-06-14T14:47:17.561+0000] {logging_mixin.py:149} INFO - [2023-06-14T14:47:17.561+0000] {dag.py:2726} INFO - Sync 1 DAGs
[2023-06-14T14:47:17.584+0000] {logging_mixin.py:149} INFO - [2023-06-14T14:47:17.584+0000] {dag.py:3486} INFO - Setting next_dagrun for example_sla_dag to 2023-06-14T14:44:00+00:00, run_after=2023-06-14T14:46:00+00:00
[2023-06-14T14:47:17.616+0000] {processor.py:179} INFO - Processing /usr/local/lib/python3.8/dist-packages/airflow/example_dags/example_sla_dag.py took 0.092 seconds
[2023-06-14T14:47:53.905+0000] {processor.py:157} INFO - Started process (PID=9290) to work on /usr/local/lib/python3.8/dist-packages/airflow/example_dags/example_sla_dag.py
[2023-06-14T14:47:53.906+0000] {processor.py:826} INFO - Processing file /usr/local/lib/python3.8/dist-packages/airflow/example_dags/example_sla_dag.py for tasks to queue
[2023-06-14T14:47:53.908+0000] {logging_mixin.py:149} INFO - [2023-06-14T14:47:53.908+0000] {dagbag.py:541} INFO - Filling up the DagBag from /usr/local/lib/python3.8/dist-packages/airflow/example_dags/example_sla_dag.py
[2023-06-14T14:47:53.918+0000] {processor.py:836} INFO - DAG(s) dict_keys(['example_sla_dag']) retrieved from /usr/local/lib/python3.8/dist-packages/airflow/example_dags/example_sla_dag.py
[2023-06-14T14:47:53.939+0000] {logging_mixin.py:149} INFO - [2023-06-14T14:47:53.938+0000] {dag.py:2726} INFO - Sync 1 DAGs
[2023-06-14T14:47:53.962+0000] {logging_mixin.py:149} INFO - [2023-06-14T14:47:53.962+0000] {dag.py:3486} INFO - Setting next_dagrun for example_sla_dag to 2023-06-14T14:44:00+00:00, run_after=2023-06-14T14:46:00+00:00
[2023-06-14T14:47:53.989+0000] {processor.py:179} INFO - Processing /usr/local/lib/python3.8/dist-packages/airflow/example_dags/example_sla_dag.py took 0.088 seconds
[2023-06-14T14:48:49.196+0000] {processor.py:157} INFO - Started process (PID=9344) to work on /usr/local/lib/python3.8/dist-packages/airflow/example_dags/example_sla_dag.py
[2023-06-14T14:48:49.197+0000] {processor.py:826} INFO - Processing file /usr/local/lib/python3.8/dist-packages/airflow/example_dags/example_sla_dag.py for tasks to queue
[2023-06-14T14:48:49.200+0000] {logging_mixin.py:149} INFO - [2023-06-14T14:48:49.200+0000] {dagbag.py:541} INFO - Filling up the DagBag from /usr/local/lib/python3.8/dist-packages/airflow/example_dags/example_sla_dag.py
[2023-06-14T14:48:49.209+0000] {processor.py:836} INFO - DAG(s) dict_keys(['example_sla_dag']) retrieved from /usr/local/lib/python3.8/dist-packages/airflow/example_dags/example_sla_dag.py
[2023-06-14T14:48:49.230+0000] {logging_mixin.py:149} INFO - [2023-06-14T14:48:49.229+0000] {dag.py:2726} INFO - Sync 1 DAGs
[2023-06-14T14:48:49.254+0000] {logging_mixin.py:149} INFO - [2023-06-14T14:48:49.254+0000] {dag.py:3486} INFO - Setting next_dagrun for example_sla_dag to 2023-06-14T14:46:00+00:00, run_after=2023-06-14T14:48:00+00:00
[2023-06-14T14:48:49.286+0000] {processor.py:179} INFO - Processing /usr/local/lib/python3.8/dist-packages/airflow/example_dags/example_sla_dag.py took 0.094 seconds
[2023-06-14T14:49:44.876+0000] {processor.py:157} INFO - Started process (PID=9604) to work on /usr/local/lib/python3.8/dist-packages/airflow/example_dags/example_sla_dag.py
[2023-06-14T14:49:44.877+0000] {processor.py:826} INFO - Processing file /usr/local/lib/python3.8/dist-packages/airflow/example_dags/example_sla_dag.py for tasks to queue
[2023-06-14T14:49:44.880+0000] {logging_mixin.py:149} INFO - [2023-06-14T14:49:44.880+0000] {dagbag.py:541} INFO - Filling up the DagBag from /usr/local/lib/python3.8/dist-packages/airflow/example_dags/example_sla_dag.py
[2023-06-14T14:49:44.889+0000] {processor.py:836} INFO - DAG(s) dict_keys(['example_sla_dag']) retrieved from /usr/local/lib/python3.8/dist-packages/airflow/example_dags/example_sla_dag.py
[2023-06-14T14:49:44.909+0000] {logging_mixin.py:149} INFO - [2023-06-14T14:49:44.909+0000] {dag.py:2726} INFO - Sync 1 DAGs
[2023-06-14T14:49:44.933+0000] {logging_mixin.py:149} INFO - [2023-06-14T14:49:44.933+0000] {dag.py:3486} INFO - Setting next_dagrun for example_sla_dag to 2023-06-14T14:46:00+00:00, run_after=2023-06-14T14:48:00+00:00
[2023-06-14T14:49:44.961+0000] {processor.py:179} INFO - Processing /usr/local/lib/python3.8/dist-packages/airflow/example_dags/example_sla_dag.py took 0.089 seconds
[2023-06-14T14:50:39.421+0000] {processor.py:157} INFO - Started process (PID=9762) to work on /usr/local/lib/python3.8/dist-packages/airflow/example_dags/example_sla_dag.py
[2023-06-14T14:50:39.423+0000] {processor.py:826} INFO - Processing file /usr/local/lib/python3.8/dist-packages/airflow/example_dags/example_sla_dag.py for tasks to queue
[2023-06-14T14:50:39.425+0000] {logging_mixin.py:149} INFO - [2023-06-14T14:50:39.425+0000] {dagbag.py:541} INFO - Filling up the DagBag from /usr/local/lib/python3.8/dist-packages/airflow/example_dags/example_sla_dag.py
[2023-06-14T14:50:39.435+0000] {processor.py:836} INFO - DAG(s) dict_keys(['example_sla_dag']) retrieved from /usr/local/lib/python3.8/dist-packages/airflow/example_dags/example_sla_dag.py
[2023-06-14T14:50:39.456+0000] {logging_mixin.py:149} INFO - [2023-06-14T14:50:39.456+0000] {dag.py:2726} INFO - Sync 1 DAGs
[2023-06-14T14:50:39.482+0000] {logging_mixin.py:149} INFO - [2023-06-14T14:50:39.482+0000] {dag.py:3486} INFO - Setting next_dagrun for example_sla_dag to 2023-06-14T14:48:00+00:00, run_after=2023-06-14T14:50:00+00:00
[2023-06-14T14:50:39.510+0000] {processor.py:179} INFO - Processing /usr/local/lib/python3.8/dist-packages/airflow/example_dags/example_sla_dag.py took 0.093 seconds
[2023-06-14T14:51:27.749+0000] {processor.py:157} INFO - Started process (PID=9917) to work on /usr/local/lib/python3.8/dist-packages/airflow/example_dags/example_sla_dag.py
[2023-06-14T14:51:27.751+0000] {processor.py:826} INFO - Processing file /usr/local/lib/python3.8/dist-packages/airflow/example_dags/example_sla_dag.py for tasks to queue
[2023-06-14T14:51:27.753+0000] {logging_mixin.py:149} INFO - [2023-06-14T14:51:27.753+0000] {dagbag.py:541} INFO - Filling up the DagBag from /usr/local/lib/python3.8/dist-packages/airflow/example_dags/example_sla_dag.py
[2023-06-14T14:51:27.763+0000] {processor.py:836} INFO - DAG(s) dict_keys(['example_sla_dag']) retrieved from /usr/local/lib/python3.8/dist-packages/airflow/example_dags/example_sla_dag.py
[2023-06-14T14:51:27.784+0000] {logging_mixin.py:149} INFO - [2023-06-14T14:51:27.783+0000] {dag.py:2726} INFO - Sync 1 DAGs
[2023-06-14T14:51:27.807+0000] {logging_mixin.py:149} INFO - [2023-06-14T14:51:27.807+0000] {dag.py:3486} INFO - Setting next_dagrun for example_sla_dag to 2023-06-14T14:48:00+00:00, run_after=2023-06-14T14:50:00+00:00
[2023-06-14T14:51:27.836+0000] {processor.py:179} INFO - Processing /usr/local/lib/python3.8/dist-packages/airflow/example_dags/example_sla_dag.py took 0.092 seconds
[2023-06-14T14:52:15.246+0000] {processor.py:157} INFO - Started process (PID=10073) to work on /usr/local/lib/python3.8/dist-packages/airflow/example_dags/example_sla_dag.py
[2023-06-14T14:52:15.248+0000] {processor.py:826} INFO - Processing file /usr/local/lib/python3.8/dist-packages/airflow/example_dags/example_sla_dag.py for tasks to queue
[2023-06-14T14:52:15.250+0000] {logging_mixin.py:149} INFO - [2023-06-14T14:52:15.250+0000] {dagbag.py:541} INFO - Filling up the DagBag from /usr/local/lib/python3.8/dist-packages/airflow/example_dags/example_sla_dag.py
[2023-06-14T14:52:15.260+0000] {processor.py:836} INFO - DAG(s) dict_keys(['example_sla_dag']) retrieved from /usr/local/lib/python3.8/dist-packages/airflow/example_dags/example_sla_dag.py
[2023-06-14T14:52:15.280+0000] {logging_mixin.py:149} INFO - [2023-06-14T14:52:15.280+0000] {dag.py:2726} INFO - Sync 1 DAGs
[2023-06-14T14:52:15.304+0000] {logging_mixin.py:149} INFO - [2023-06-14T14:52:15.304+0000] {dag.py:3486} INFO - Setting next_dagrun for example_sla_dag to 2023-06-14T14:50:00+00:00, run_after=2023-06-14T14:52:00+00:00
[2023-06-14T14:52:15.339+0000] {processor.py:179} INFO - Processing /usr/local/lib/python3.8/dist-packages/airflow/example_dags/example_sla_dag.py took 0.097 seconds
[2023-06-14T14:53:06.867+0000] {processor.py:157} INFO - Started process (PID=10228) to work on /usr/local/lib/python3.8/dist-packages/airflow/example_dags/example_sla_dag.py
[2023-06-14T14:53:06.868+0000] {processor.py:826} INFO - Processing file /usr/local/lib/python3.8/dist-packages/airflow/example_dags/example_sla_dag.py for tasks to queue
[2023-06-14T14:53:06.871+0000] {logging_mixin.py:149} INFO - [2023-06-14T14:53:06.871+0000] {dagbag.py:541} INFO - Filling up the DagBag from /usr/local/lib/python3.8/dist-packages/airflow/example_dags/example_sla_dag.py
[2023-06-14T14:53:06.880+0000] {processor.py:836} INFO - DAG(s) dict_keys(['example_sla_dag']) retrieved from /usr/local/lib/python3.8/dist-packages/airflow/example_dags/example_sla_dag.py
[2023-06-14T14:53:06.900+0000] {logging_mixin.py:149} INFO - [2023-06-14T14:53:06.900+0000] {dag.py:2726} INFO - Sync 1 DAGs
[2023-06-14T14:53:06.923+0000] {logging_mixin.py:149} INFO - [2023-06-14T14:53:06.923+0000] {dag.py:3486} INFO - Setting next_dagrun for example_sla_dag to 2023-06-14T14:50:00+00:00, run_after=2023-06-14T14:52:00+00:00
[2023-06-14T14:53:06.950+0000] {processor.py:179} INFO - Processing /usr/local/lib/python3.8/dist-packages/airflow/example_dags/example_sla_dag.py took 0.087 seconds
[2023-06-14T14:54:01.122+0000] {processor.py:157} INFO - Started process (PID=10489) to work on /usr/local/lib/python3.8/dist-packages/airflow/example_dags/example_sla_dag.py
[2023-06-14T14:54:01.123+0000] {processor.py:826} INFO - Processing file /usr/local/lib/python3.8/dist-packages/airflow/example_dags/example_sla_dag.py for tasks to queue
[2023-06-14T14:54:01.126+0000] {logging_mixin.py:149} INFO - [2023-06-14T14:54:01.125+0000] {dagbag.py:541} INFO - Filling up the DagBag from /usr/local/lib/python3.8/dist-packages/airflow/example_dags/example_sla_dag.py
[2023-06-14T14:54:01.135+0000] {processor.py:836} INFO - DAG(s) dict_keys(['example_sla_dag']) retrieved from /usr/local/lib/python3.8/dist-packages/airflow/example_dags/example_sla_dag.py
[2023-06-14T14:54:01.155+0000] {logging_mixin.py:149} INFO - [2023-06-14T14:54:01.155+0000] {dag.py:2726} INFO - Sync 1 DAGs
[2023-06-14T14:54:01.178+0000] {logging_mixin.py:149} INFO - [2023-06-14T14:54:01.178+0000] {dag.py:3486} INFO - Setting next_dagrun for example_sla_dag to 2023-06-14T14:52:00+00:00, run_after=2023-06-14T14:54:00+00:00
[2023-06-14T14:54:01.204+0000] {processor.py:179} INFO - Processing /usr/local/lib/python3.8/dist-packages/airflow/example_dags/example_sla_dag.py took 0.087 seconds
[2023-06-14T14:54:54.039+0000] {processor.py:157} INFO - Started process (PID=10646) to work on /usr/local/lib/python3.8/dist-packages/airflow/example_dags/example_sla_dag.py
[2023-06-14T14:54:54.041+0000] {processor.py:826} INFO - Processing file /usr/local/lib/python3.8/dist-packages/airflow/example_dags/example_sla_dag.py for tasks to queue
[2023-06-14T14:54:54.044+0000] {logging_mixin.py:149} INFO - [2023-06-14T14:54:54.044+0000] {dagbag.py:541} INFO - Filling up the DagBag from /usr/local/lib/python3.8/dist-packages/airflow/example_dags/example_sla_dag.py
[2023-06-14T14:54:54.053+0000] {processor.py:836} INFO - DAG(s) dict_keys(['example_sla_dag']) retrieved from /usr/local/lib/python3.8/dist-packages/airflow/example_dags/example_sla_dag.py
[2023-06-14T14:54:54.077+0000] {logging_mixin.py:149} INFO - [2023-06-14T14:54:54.077+0000] {dag.py:2726} INFO - Sync 1 DAGs
[2023-06-14T14:54:54.102+0000] {logging_mixin.py:149} INFO - [2023-06-14T14:54:54.102+0000] {dag.py:3486} INFO - Setting next_dagrun for example_sla_dag to 2023-06-14T14:52:00+00:00, run_after=2023-06-14T14:54:00+00:00
[2023-06-14T14:54:54.127+0000] {processor.py:179} INFO - Processing /usr/local/lib/python3.8/dist-packages/airflow/example_dags/example_sla_dag.py took 0.092 seconds
[2023-06-14T14:55:48.262+0000] {processor.py:157} INFO - Started process (PID=10801) to work on /usr/local/lib/python3.8/dist-packages/airflow/example_dags/example_sla_dag.py
[2023-06-14T14:55:48.264+0000] {processor.py:826} INFO - Processing file /usr/local/lib/python3.8/dist-packages/airflow/example_dags/example_sla_dag.py for tasks to queue
[2023-06-14T14:55:48.266+0000] {logging_mixin.py:149} INFO - [2023-06-14T14:55:48.266+0000] {dagbag.py:541} INFO - Filling up the DagBag from /usr/local/lib/python3.8/dist-packages/airflow/example_dags/example_sla_dag.py
[2023-06-14T14:55:48.276+0000] {processor.py:836} INFO - DAG(s) dict_keys(['example_sla_dag']) retrieved from /usr/local/lib/python3.8/dist-packages/airflow/example_dags/example_sla_dag.py
[2023-06-14T14:55:48.296+0000] {logging_mixin.py:149} INFO - [2023-06-14T14:55:48.295+0000] {dag.py:2726} INFO - Sync 1 DAGs
[2023-06-14T14:55:48.319+0000] {logging_mixin.py:149} INFO - [2023-06-14T14:55:48.319+0000] {dag.py:3486} INFO - Setting next_dagrun for example_sla_dag to 2023-06-14T14:52:00+00:00, run_after=2023-06-14T14:54:00+00:00
[2023-06-14T14:55:48.344+0000] {processor.py:179} INFO - Processing /usr/local/lib/python3.8/dist-packages/airflow/example_dags/example_sla_dag.py took 0.086 seconds
[2023-06-14T14:56:39.726+0000] {processor.py:157} INFO - Started process (PID=10958) to work on /usr/local/lib/python3.8/dist-packages/airflow/example_dags/example_sla_dag.py
[2023-06-14T14:56:39.727+0000] {processor.py:826} INFO - Processing file /usr/local/lib/python3.8/dist-packages/airflow/example_dags/example_sla_dag.py for tasks to queue
[2023-06-14T14:56:39.730+0000] {logging_mixin.py:149} INFO - [2023-06-14T14:56:39.730+0000] {dagbag.py:541} INFO - Filling up the DagBag from /usr/local/lib/python3.8/dist-packages/airflow/example_dags/example_sla_dag.py
[2023-06-14T14:56:39.739+0000] {processor.py:836} INFO - DAG(s) dict_keys(['example_sla_dag']) retrieved from /usr/local/lib/python3.8/dist-packages/airflow/example_dags/example_sla_dag.py
[2023-06-14T14:56:39.759+0000] {logging_mixin.py:149} INFO - [2023-06-14T14:56:39.759+0000] {dag.py:2726} INFO - Sync 1 DAGs
[2023-06-14T14:56:39.782+0000] {logging_mixin.py:149} INFO - [2023-06-14T14:56:39.782+0000] {dag.py:3486} INFO - Setting next_dagrun for example_sla_dag to 2023-06-14T14:54:00+00:00, run_after=2023-06-14T14:56:00+00:00
[2023-06-14T14:56:39.817+0000] {processor.py:179} INFO - Processing /usr/local/lib/python3.8/dist-packages/airflow/example_dags/example_sla_dag.py took 0.095 seconds
[2023-06-14T14:57:27.670+0000] {processor.py:157} INFO - Started process (PID=11116) to work on /usr/local/lib/python3.8/dist-packages/airflow/example_dags/example_sla_dag.py
[2023-06-14T14:57:27.671+0000] {processor.py:826} INFO - Processing file /usr/local/lib/python3.8/dist-packages/airflow/example_dags/example_sla_dag.py for tasks to queue
[2023-06-14T14:57:27.674+0000] {logging_mixin.py:149} INFO - [2023-06-14T14:57:27.674+0000] {dagbag.py:541} INFO - Filling up the DagBag from /usr/local/lib/python3.8/dist-packages/airflow/example_dags/example_sla_dag.py
[2023-06-14T14:57:27.683+0000] {processor.py:836} INFO - DAG(s) dict_keys(['example_sla_dag']) retrieved from /usr/local/lib/python3.8/dist-packages/airflow/example_dags/example_sla_dag.py
[2023-06-14T14:57:27.704+0000] {logging_mixin.py:149} INFO - [2023-06-14T14:57:27.703+0000] {dag.py:2726} INFO - Sync 1 DAGs
[2023-06-14T14:57:27.727+0000] {logging_mixin.py:149} INFO - [2023-06-14T14:57:27.726+0000] {dag.py:3486} INFO - Setting next_dagrun for example_sla_dag to 2023-06-14T14:54:00+00:00, run_after=2023-06-14T14:56:00+00:00
[2023-06-14T14:57:27.753+0000] {processor.py:179} INFO - Processing /usr/local/lib/python3.8/dist-packages/airflow/example_dags/example_sla_dag.py took 0.087 seconds
[2023-06-14T14:58:21.592+0000] {processor.py:157} INFO - Started process (PID=11272) to work on /usr/local/lib/python3.8/dist-packages/airflow/example_dags/example_sla_dag.py
[2023-06-14T14:58:21.593+0000] {processor.py:826} INFO - Processing file /usr/local/lib/python3.8/dist-packages/airflow/example_dags/example_sla_dag.py for tasks to queue
[2023-06-14T14:58:21.595+0000] {logging_mixin.py:149} INFO - [2023-06-14T14:58:21.595+0000] {dagbag.py:541} INFO - Filling up the DagBag from /usr/local/lib/python3.8/dist-packages/airflow/example_dags/example_sla_dag.py
[2023-06-14T14:58:21.605+0000] {processor.py:836} INFO - DAG(s) dict_keys(['example_sla_dag']) retrieved from /usr/local/lib/python3.8/dist-packages/airflow/example_dags/example_sla_dag.py
[2023-06-14T14:58:21.626+0000] {logging_mixin.py:149} INFO - [2023-06-14T14:58:21.626+0000] {dag.py:2726} INFO - Sync 1 DAGs
[2023-06-14T14:58:21.652+0000] {logging_mixin.py:149} INFO - [2023-06-14T14:58:21.652+0000] {dag.py:3486} INFO - Setting next_dagrun for example_sla_dag to 2023-06-14T14:56:00+00:00, run_after=2023-06-14T14:58:00+00:00
[2023-06-14T14:58:21.681+0000] {processor.py:179} INFO - Processing /usr/local/lib/python3.8/dist-packages/airflow/example_dags/example_sla_dag.py took 0.093 seconds
[2023-06-14T14:59:08.067+0000] {processor.py:157} INFO - Started process (PID=11527) to work on /usr/local/lib/python3.8/dist-packages/airflow/example_dags/example_sla_dag.py
[2023-06-14T14:59:08.068+0000] {processor.py:826} INFO - Processing file /usr/local/lib/python3.8/dist-packages/airflow/example_dags/example_sla_dag.py for tasks to queue
[2023-06-14T14:59:08.070+0000] {logging_mixin.py:149} INFO - [2023-06-14T14:59:08.070+0000] {dagbag.py:541} INFO - Filling up the DagBag from /usr/local/lib/python3.8/dist-packages/airflow/example_dags/example_sla_dag.py
[2023-06-14T14:59:08.079+0000] {processor.py:836} INFO - DAG(s) dict_keys(['example_sla_dag']) retrieved from /usr/local/lib/python3.8/dist-packages/airflow/example_dags/example_sla_dag.py
[2023-06-14T14:59:08.099+0000] {logging_mixin.py:149} INFO - [2023-06-14T14:59:08.099+0000] {dag.py:2726} INFO - Sync 1 DAGs
[2023-06-14T14:59:08.123+0000] {logging_mixin.py:149} INFO - [2023-06-14T14:59:08.122+0000] {dag.py:3486} INFO - Setting next_dagrun for example_sla_dag to 2023-06-14T14:56:00+00:00, run_after=2023-06-14T14:58:00+00:00
[2023-06-14T14:59:08.149+0000] {processor.py:179} INFO - Processing /usr/local/lib/python3.8/dist-packages/airflow/example_dags/example_sla_dag.py took 0.086 seconds
[2023-06-14T14:59:53.893+0000] {processor.py:157} INFO - Started process (PID=11678) to work on /usr/local/lib/python3.8/dist-packages/airflow/example_dags/example_sla_dag.py
[2023-06-14T14:59:53.894+0000] {processor.py:826} INFO - Processing file /usr/local/lib/python3.8/dist-packages/airflow/example_dags/example_sla_dag.py for tasks to queue
[2023-06-14T14:59:53.897+0000] {logging_mixin.py:149} INFO - [2023-06-14T14:59:53.896+0000] {dagbag.py:541} INFO - Filling up the DagBag from /usr/local/lib/python3.8/dist-packages/airflow/example_dags/example_sla_dag.py
[2023-06-14T14:59:53.906+0000] {processor.py:836} INFO - DAG(s) dict_keys(['example_sla_dag']) retrieved from /usr/local/lib/python3.8/dist-packages/airflow/example_dags/example_sla_dag.py
[2023-06-14T14:59:53.927+0000] {logging_mixin.py:149} INFO - [2023-06-14T14:59:53.926+0000] {dag.py:2726} INFO - Sync 1 DAGs
[2023-06-14T14:59:53.950+0000] {logging_mixin.py:149} INFO - [2023-06-14T14:59:53.950+0000] {dag.py:3486} INFO - Setting next_dagrun for example_sla_dag to 2023-06-14T14:56:00+00:00, run_after=2023-06-14T14:58:00+00:00
[2023-06-14T14:59:53.976+0000] {processor.py:179} INFO - Processing /usr/local/lib/python3.8/dist-packages/airflow/example_dags/example_sla_dag.py took 0.087 seconds
[2023-06-14T15:00:44.476+0000] {processor.py:157} INFO - Started process (PID=11730) to work on /usr/local/lib/python3.8/dist-packages/airflow/example_dags/example_sla_dag.py
[2023-06-14T15:00:44.478+0000] {processor.py:826} INFO - Processing file /usr/local/lib/python3.8/dist-packages/airflow/example_dags/example_sla_dag.py for tasks to queue
[2023-06-14T15:00:44.480+0000] {logging_mixin.py:149} INFO - [2023-06-14T15:00:44.480+0000] {dagbag.py:541} INFO - Filling up the DagBag from /usr/local/lib/python3.8/dist-packages/airflow/example_dags/example_sla_dag.py
[2023-06-14T15:00:44.489+0000] {processor.py:836} INFO - DAG(s) dict_keys(['example_sla_dag']) retrieved from /usr/local/lib/python3.8/dist-packages/airflow/example_dags/example_sla_dag.py
[2023-06-14T15:00:44.509+0000] {logging_mixin.py:149} INFO - [2023-06-14T15:00:44.509+0000] {dag.py:2726} INFO - Sync 1 DAGs
[2023-06-14T15:00:44.533+0000] {logging_mixin.py:149} INFO - [2023-06-14T15:00:44.533+0000] {dag.py:3486} INFO - Setting next_dagrun for example_sla_dag to 2023-06-14T14:58:00+00:00, run_after=2023-06-14T15:00:00+00:00
[2023-06-14T15:00:44.561+0000] {processor.py:179} INFO - Processing /usr/local/lib/python3.8/dist-packages/airflow/example_dags/example_sla_dag.py took 0.088 seconds
[2023-06-14T15:01:22.106+0000] {processor.py:157} INFO - Started process (PID=11873) to work on /usr/local/lib/python3.8/dist-packages/airflow/example_dags/example_sla_dag.py
[2023-06-14T15:01:22.107+0000] {processor.py:826} INFO - Processing file /usr/local/lib/python3.8/dist-packages/airflow/example_dags/example_sla_dag.py for tasks to queue
[2023-06-14T15:01:22.109+0000] {logging_mixin.py:149} INFO - [2023-06-14T15:01:22.109+0000] {dagbag.py:541} INFO - Filling up the DagBag from /usr/local/lib/python3.8/dist-packages/airflow/example_dags/example_sla_dag.py
[2023-06-14T15:01:22.119+0000] {processor.py:836} INFO - DAG(s) dict_keys(['example_sla_dag']) retrieved from /usr/local/lib/python3.8/dist-packages/airflow/example_dags/example_sla_dag.py
[2023-06-14T15:01:22.139+0000] {logging_mixin.py:149} INFO - [2023-06-14T15:01:22.138+0000] {dag.py:2726} INFO - Sync 1 DAGs
[2023-06-14T15:01:22.162+0000] {logging_mixin.py:149} INFO - [2023-06-14T15:01:22.162+0000] {dag.py:3486} INFO - Setting next_dagrun for example_sla_dag to 2023-06-14T14:58:00+00:00, run_after=2023-06-14T15:00:00+00:00
[2023-06-14T15:01:22.189+0000] {processor.py:179} INFO - Processing /usr/local/lib/python3.8/dist-packages/airflow/example_dags/example_sla_dag.py took 0.088 seconds
[2023-06-14T15:02:12.552+0000] {processor.py:157} INFO - Started process (PID=12036) to work on /usr/local/lib/python3.8/dist-packages/airflow/example_dags/example_sla_dag.py
[2023-06-14T15:02:12.553+0000] {processor.py:826} INFO - Processing file /usr/local/lib/python3.8/dist-packages/airflow/example_dags/example_sla_dag.py for tasks to queue
[2023-06-14T15:02:12.556+0000] {logging_mixin.py:149} INFO - [2023-06-14T15:02:12.556+0000] {dagbag.py:541} INFO - Filling up the DagBag from /usr/local/lib/python3.8/dist-packages/airflow/example_dags/example_sla_dag.py
[2023-06-14T15:02:12.565+0000] {processor.py:836} INFO - DAG(s) dict_keys(['example_sla_dag']) retrieved from /usr/local/lib/python3.8/dist-packages/airflow/example_dags/example_sla_dag.py
[2023-06-14T15:02:12.586+0000] {logging_mixin.py:149} INFO - [2023-06-14T15:02:12.586+0000] {dag.py:2726} INFO - Sync 1 DAGs
[2023-06-14T15:02:12.610+0000] {logging_mixin.py:149} INFO - [2023-06-14T15:02:12.610+0000] {dag.py:3486} INFO - Setting next_dagrun for example_sla_dag to 2023-06-14T15:00:00+00:00, run_after=2023-06-14T15:02:00+00:00
[2023-06-14T15:02:12.647+0000] {processor.py:179} INFO - Processing /usr/local/lib/python3.8/dist-packages/airflow/example_dags/example_sla_dag.py took 0.099 seconds
[2023-06-14T15:03:02.869+0000] {processor.py:157} INFO - Started process (PID=12294) to work on /usr/local/lib/python3.8/dist-packages/airflow/example_dags/example_sla_dag.py
[2023-06-14T15:03:02.870+0000] {processor.py:826} INFO - Processing file /usr/local/lib/python3.8/dist-packages/airflow/example_dags/example_sla_dag.py for tasks to queue
[2023-06-14T15:03:02.873+0000] {logging_mixin.py:149} INFO - [2023-06-14T15:03:02.873+0000] {dagbag.py:541} INFO - Filling up the DagBag from /usr/local/lib/python3.8/dist-packages/airflow/example_dags/example_sla_dag.py
[2023-06-14T15:03:02.882+0000] {processor.py:836} INFO - DAG(s) dict_keys(['example_sla_dag']) retrieved from /usr/local/lib/python3.8/dist-packages/airflow/example_dags/example_sla_dag.py
[2023-06-14T15:03:02.901+0000] {logging_mixin.py:149} INFO - [2023-06-14T15:03:02.901+0000] {dag.py:2726} INFO - Sync 1 DAGs
[2023-06-14T15:03:02.923+0000] {logging_mixin.py:149} INFO - [2023-06-14T15:03:02.923+0000] {dag.py:3486} INFO - Setting next_dagrun for example_sla_dag to 2023-06-14T15:00:00+00:00, run_after=2023-06-14T15:02:00+00:00
[2023-06-14T15:03:02.951+0000] {processor.py:179} INFO - Processing /usr/local/lib/python3.8/dist-packages/airflow/example_dags/example_sla_dag.py took 0.086 seconds
[2023-06-14T15:03:55.593+0000] {processor.py:157} INFO - Started process (PID=12451) to work on /usr/local/lib/python3.8/dist-packages/airflow/example_dags/example_sla_dag.py
[2023-06-14T15:03:55.594+0000] {processor.py:826} INFO - Processing file /usr/local/lib/python3.8/dist-packages/airflow/example_dags/example_sla_dag.py for tasks to queue
[2023-06-14T15:03:55.596+0000] {logging_mixin.py:149} INFO - [2023-06-14T15:03:55.596+0000] {dagbag.py:541} INFO - Filling up the DagBag from /usr/local/lib/python3.8/dist-packages/airflow/example_dags/example_sla_dag.py
[2023-06-14T15:03:55.606+0000] {processor.py:836} INFO - DAG(s) dict_keys(['example_sla_dag']) retrieved from /usr/local/lib/python3.8/dist-packages/airflow/example_dags/example_sla_dag.py
[2023-06-14T15:03:55.626+0000] {logging_mixin.py:149} INFO - [2023-06-14T15:03:55.625+0000] {dag.py:2726} INFO - Sync 1 DAGs
[2023-06-14T15:03:55.648+0000] {logging_mixin.py:149} INFO - [2023-06-14T15:03:55.648+0000] {dag.py:3486} INFO - Setting next_dagrun for example_sla_dag to 2023-06-14T15:00:00+00:00, run_after=2023-06-14T15:02:00+00:00
[2023-06-14T15:03:55.681+0000] {processor.py:179} INFO - Processing /usr/local/lib/python3.8/dist-packages/airflow/example_dags/example_sla_dag.py took 0.092 seconds
[2023-06-14T15:04:48.194+0000] {processor.py:157} INFO - Started process (PID=12607) to work on /usr/local/lib/python3.8/dist-packages/airflow/example_dags/example_sla_dag.py
[2023-06-14T15:04:48.195+0000] {processor.py:826} INFO - Processing file /usr/local/lib/python3.8/dist-packages/airflow/example_dags/example_sla_dag.py for tasks to queue
[2023-06-14T15:04:48.198+0000] {logging_mixin.py:149} INFO - [2023-06-14T15:04:48.198+0000] {dagbag.py:541} INFO - Filling up the DagBag from /usr/local/lib/python3.8/dist-packages/airflow/example_dags/example_sla_dag.py
[2023-06-14T15:04:48.207+0000] {processor.py:836} INFO - DAG(s) dict_keys(['example_sla_dag']) retrieved from /usr/local/lib/python3.8/dist-packages/airflow/example_dags/example_sla_dag.py
[2023-06-14T15:04:48.227+0000] {logging_mixin.py:149} INFO - [2023-06-14T15:04:48.227+0000] {dag.py:2726} INFO - Sync 1 DAGs
[2023-06-14T15:04:48.250+0000] {logging_mixin.py:149} INFO - [2023-06-14T15:04:48.250+0000] {dag.py:3486} INFO - Setting next_dagrun for example_sla_dag to 2023-06-14T15:02:00+00:00, run_after=2023-06-14T15:04:00+00:00
[2023-06-14T15:04:48.277+0000] {processor.py:179} INFO - Processing /usr/local/lib/python3.8/dist-packages/airflow/example_dags/example_sla_dag.py took 0.087 seconds
[2023-06-14T15:05:43.763+0000] {processor.py:157} INFO - Started process (PID=13002) to work on /usr/local/lib/python3.8/dist-packages/airflow/example_dags/example_sla_dag.py
[2023-06-14T15:05:43.765+0000] {processor.py:826} INFO - Processing file /usr/local/lib/python3.8/dist-packages/airflow/example_dags/example_sla_dag.py for tasks to queue
[2023-06-14T15:05:43.768+0000] {logging_mixin.py:149} INFO - [2023-06-14T15:05:43.767+0000] {dagbag.py:541} INFO - Filling up the DagBag from /usr/local/lib/python3.8/dist-packages/airflow/example_dags/example_sla_dag.py
[2023-06-14T15:05:43.776+0000] {processor.py:836} INFO - DAG(s) dict_keys(['example_sla_dag']) retrieved from /usr/local/lib/python3.8/dist-packages/airflow/example_dags/example_sla_dag.py
[2023-06-14T15:05:43.797+0000] {logging_mixin.py:149} INFO - [2023-06-14T15:05:43.797+0000] {dag.py:2726} INFO - Sync 1 DAGs
[2023-06-14T15:05:43.821+0000] {logging_mixin.py:149} INFO - [2023-06-14T15:05:43.821+0000] {dag.py:3486} INFO - Setting next_dagrun for example_sla_dag to 2023-06-14T15:02:00+00:00, run_after=2023-06-14T15:04:00+00:00
[2023-06-14T15:05:43.850+0000] {processor.py:179} INFO - Processing /usr/local/lib/python3.8/dist-packages/airflow/example_dags/example_sla_dag.py took 0.091 seconds
[2023-06-14T15:06:36.668+0000] {processor.py:157} INFO - Started process (PID=13158) to work on /usr/local/lib/python3.8/dist-packages/airflow/example_dags/example_sla_dag.py
[2023-06-14T15:06:36.670+0000] {processor.py:826} INFO - Processing file /usr/local/lib/python3.8/dist-packages/airflow/example_dags/example_sla_dag.py for tasks to queue
[2023-06-14T15:06:36.674+0000] {logging_mixin.py:149} INFO - [2023-06-14T15:06:36.674+0000] {dagbag.py:541} INFO - Filling up the DagBag from /usr/local/lib/python3.8/dist-packages/airflow/example_dags/example_sla_dag.py
[2023-06-14T15:06:36.683+0000] {processor.py:836} INFO - DAG(s) dict_keys(['example_sla_dag']) retrieved from /usr/local/lib/python3.8/dist-packages/airflow/example_dags/example_sla_dag.py
[2023-06-14T15:06:36.702+0000] {logging_mixin.py:149} INFO - [2023-06-14T15:06:36.702+0000] {dag.py:2726} INFO - Sync 1 DAGs
[2023-06-14T15:06:36.725+0000] {logging_mixin.py:149} INFO - [2023-06-14T15:06:36.725+0000] {dag.py:3486} INFO - Setting next_dagrun for example_sla_dag to 2023-06-14T15:04:00+00:00, run_after=2023-06-14T15:06:00+00:00
[2023-06-14T15:06:36.757+0000] {processor.py:179} INFO - Processing /usr/local/lib/python3.8/dist-packages/airflow/example_dags/example_sla_dag.py took 0.093 seconds
[2023-06-14T15:07:26.014+0000] {processor.py:157} INFO - Started process (PID=13426) to work on /usr/local/lib/python3.8/dist-packages/airflow/example_dags/example_sla_dag.py
[2023-06-14T15:07:26.016+0000] {processor.py:826} INFO - Processing file /usr/local/lib/python3.8/dist-packages/airflow/example_dags/example_sla_dag.py for tasks to queue
[2023-06-14T15:07:26.019+0000] {logging_mixin.py:149} INFO - [2023-06-14T15:07:26.019+0000] {dagbag.py:541} INFO - Filling up the DagBag from /usr/local/lib/python3.8/dist-packages/airflow/example_dags/example_sla_dag.py
[2023-06-14T15:07:26.029+0000] {processor.py:836} INFO - DAG(s) dict_keys(['example_sla_dag']) retrieved from /usr/local/lib/python3.8/dist-packages/airflow/example_dags/example_sla_dag.py
[2023-06-14T15:07:26.051+0000] {logging_mixin.py:149} INFO - [2023-06-14T15:07:26.051+0000] {dag.py:2726} INFO - Sync 1 DAGs
[2023-06-14T15:07:26.076+0000] {logging_mixin.py:149} INFO - [2023-06-14T15:07:26.076+0000] {dag.py:3486} INFO - Setting next_dagrun for example_sla_dag to 2023-06-14T15:04:00+00:00, run_after=2023-06-14T15:06:00+00:00
[2023-06-14T15:07:26.103+0000] {processor.py:179} INFO - Processing /usr/local/lib/python3.8/dist-packages/airflow/example_dags/example_sla_dag.py took 0.093 seconds
[2023-06-14T15:08:17.486+0000] {processor.py:157} INFO - Started process (PID=13586) to work on /usr/local/lib/python3.8/dist-packages/airflow/example_dags/example_sla_dag.py
[2023-06-14T15:08:17.488+0000] {processor.py:826} INFO - Processing file /usr/local/lib/python3.8/dist-packages/airflow/example_dags/example_sla_dag.py for tasks to queue
[2023-06-14T15:08:17.491+0000] {logging_mixin.py:149} INFO - [2023-06-14T15:08:17.490+0000] {dagbag.py:541} INFO - Filling up the DagBag from /usr/local/lib/python3.8/dist-packages/airflow/example_dags/example_sla_dag.py
[2023-06-14T15:08:17.500+0000] {processor.py:836} INFO - DAG(s) dict_keys(['example_sla_dag']) retrieved from /usr/local/lib/python3.8/dist-packages/airflow/example_dags/example_sla_dag.py
[2023-06-14T15:08:17.520+0000] {logging_mixin.py:149} INFO - [2023-06-14T15:08:17.519+0000] {dag.py:2726} INFO - Sync 1 DAGs
[2023-06-14T15:08:17.543+0000] {logging_mixin.py:149} INFO - [2023-06-14T15:08:17.543+0000] {dag.py:3486} INFO - Setting next_dagrun for example_sla_dag to 2023-06-14T15:06:00+00:00, run_after=2023-06-14T15:08:00+00:00
[2023-06-14T15:08:17.569+0000] {processor.py:179} INFO - Processing /usr/local/lib/python3.8/dist-packages/airflow/example_dags/example_sla_dag.py took 0.088 seconds
[2023-06-14T15:09:06.005+0000] {processor.py:157} INFO - Started process (PID=13842) to work on /usr/local/lib/python3.8/dist-packages/airflow/example_dags/example_sla_dag.py
[2023-06-14T15:09:06.007+0000] {processor.py:826} INFO - Processing file /usr/local/lib/python3.8/dist-packages/airflow/example_dags/example_sla_dag.py for tasks to queue
[2023-06-14T15:09:06.010+0000] {logging_mixin.py:149} INFO - [2023-06-14T15:09:06.009+0000] {dagbag.py:541} INFO - Filling up the DagBag from /usr/local/lib/python3.8/dist-packages/airflow/example_dags/example_sla_dag.py
[2023-06-14T15:09:06.019+0000] {processor.py:836} INFO - DAG(s) dict_keys(['example_sla_dag']) retrieved from /usr/local/lib/python3.8/dist-packages/airflow/example_dags/example_sla_dag.py
[2023-06-14T15:09:06.047+0000] {logging_mixin.py:149} INFO - [2023-06-14T15:09:06.047+0000] {dag.py:2726} INFO - Sync 1 DAGs
[2023-06-14T15:09:06.070+0000] {logging_mixin.py:149} INFO - [2023-06-14T15:09:06.070+0000] {dag.py:3486} INFO - Setting next_dagrun for example_sla_dag to 2023-06-14T15:06:00+00:00, run_after=2023-06-14T15:08:00+00:00
[2023-06-14T15:09:06.099+0000] {processor.py:179} INFO - Processing /usr/local/lib/python3.8/dist-packages/airflow/example_dags/example_sla_dag.py took 0.098 seconds
[2023-06-14T15:09:56.592+0000] {processor.py:157} INFO - Started process (PID=13995) to work on /usr/local/lib/python3.8/dist-packages/airflow/example_dags/example_sla_dag.py
[2023-06-14T15:09:56.594+0000] {processor.py:826} INFO - Processing file /usr/local/lib/python3.8/dist-packages/airflow/example_dags/example_sla_dag.py for tasks to queue
[2023-06-14T15:09:56.596+0000] {logging_mixin.py:149} INFO - [2023-06-14T15:09:56.596+0000] {dagbag.py:541} INFO - Filling up the DagBag from /usr/local/lib/python3.8/dist-packages/airflow/example_dags/example_sla_dag.py
[2023-06-14T15:09:56.605+0000] {processor.py:836} INFO - DAG(s) dict_keys(['example_sla_dag']) retrieved from /usr/local/lib/python3.8/dist-packages/airflow/example_dags/example_sla_dag.py
[2023-06-14T15:09:56.626+0000] {logging_mixin.py:149} INFO - [2023-06-14T15:09:56.626+0000] {dag.py:2726} INFO - Sync 1 DAGs
[2023-06-14T15:09:56.649+0000] {logging_mixin.py:149} INFO - [2023-06-14T15:09:56.649+0000] {dag.py:3486} INFO - Setting next_dagrun for example_sla_dag to 2023-06-14T15:06:00+00:00, run_after=2023-06-14T15:08:00+00:00
[2023-06-14T15:09:56.681+0000] {processor.py:179} INFO - Processing /usr/local/lib/python3.8/dist-packages/airflow/example_dags/example_sla_dag.py took 0.093 seconds
[2023-06-14T15:10:48.922+0000] {processor.py:157} INFO - Started process (PID=14050) to work on /usr/local/lib/python3.8/dist-packages/airflow/example_dags/example_sla_dag.py
[2023-06-14T15:10:48.923+0000] {processor.py:826} INFO - Processing file /usr/local/lib/python3.8/dist-packages/airflow/example_dags/example_sla_dag.py for tasks to queue
[2023-06-14T15:10:48.927+0000] {logging_mixin.py:149} INFO - [2023-06-14T15:10:48.926+0000] {dagbag.py:541} INFO - Filling up the DagBag from /usr/local/lib/python3.8/dist-packages/airflow/example_dags/example_sla_dag.py
[2023-06-14T15:10:48.935+0000] {processor.py:836} INFO - DAG(s) dict_keys(['example_sla_dag']) retrieved from /usr/local/lib/python3.8/dist-packages/airflow/example_dags/example_sla_dag.py
[2023-06-14T15:10:48.955+0000] {logging_mixin.py:149} INFO - [2023-06-14T15:10:48.955+0000] {dag.py:2726} INFO - Sync 1 DAGs
[2023-06-14T15:10:48.978+0000] {logging_mixin.py:149} INFO - [2023-06-14T15:10:48.978+0000] {dag.py:3486} INFO - Setting next_dagrun for example_sla_dag to 2023-06-14T15:08:00+00:00, run_after=2023-06-14T15:10:00+00:00
[2023-06-14T15:10:49.006+0000] {processor.py:179} INFO - Processing /usr/local/lib/python3.8/dist-packages/airflow/example_dags/example_sla_dag.py took 0.088 seconds
[2023-06-14T15:11:33.549+0000] {processor.py:157} INFO - Started process (PID=14201) to work on /usr/local/lib/python3.8/dist-packages/airflow/example_dags/example_sla_dag.py
[2023-06-14T15:11:33.550+0000] {processor.py:826} INFO - Processing file /usr/local/lib/python3.8/dist-packages/airflow/example_dags/example_sla_dag.py for tasks to queue
[2023-06-14T15:11:33.554+0000] {logging_mixin.py:149} INFO - [2023-06-14T15:11:33.554+0000] {dagbag.py:541} INFO - Filling up the DagBag from /usr/local/lib/python3.8/dist-packages/airflow/example_dags/example_sla_dag.py
[2023-06-14T15:11:33.563+0000] {processor.py:836} INFO - DAG(s) dict_keys(['example_sla_dag']) retrieved from /usr/local/lib/python3.8/dist-packages/airflow/example_dags/example_sla_dag.py
[2023-06-14T15:11:33.582+0000] {logging_mixin.py:149} INFO - [2023-06-14T15:11:33.582+0000] {dag.py:2726} INFO - Sync 1 DAGs
[2023-06-14T15:11:33.605+0000] {logging_mixin.py:149} INFO - [2023-06-14T15:11:33.605+0000] {dag.py:3486} INFO - Setting next_dagrun for example_sla_dag to 2023-06-14T15:08:00+00:00, run_after=2023-06-14T15:10:00+00:00
[2023-06-14T15:11:33.632+0000] {processor.py:179} INFO - Processing /usr/local/lib/python3.8/dist-packages/airflow/example_dags/example_sla_dag.py took 0.088 seconds
[2023-06-14T15:12:11.580+0000] {processor.py:157} INFO - Started process (PID=14347) to work on /usr/local/lib/python3.8/dist-packages/airflow/example_dags/example_sla_dag.py
[2023-06-14T15:12:11.581+0000] {processor.py:826} INFO - Processing file /usr/local/lib/python3.8/dist-packages/airflow/example_dags/example_sla_dag.py for tasks to queue
[2023-06-14T15:12:11.584+0000] {logging_mixin.py:149} INFO - [2023-06-14T15:12:11.584+0000] {dagbag.py:541} INFO - Filling up the DagBag from /usr/local/lib/python3.8/dist-packages/airflow/example_dags/example_sla_dag.py
[2023-06-14T15:12:11.593+0000] {processor.py:836} INFO - DAG(s) dict_keys(['example_sla_dag']) retrieved from /usr/local/lib/python3.8/dist-packages/airflow/example_dags/example_sla_dag.py
[2023-06-14T15:12:11.613+0000] {logging_mixin.py:149} INFO - [2023-06-14T15:12:11.613+0000] {dag.py:2726} INFO - Sync 1 DAGs
[2023-06-14T15:12:11.636+0000] {logging_mixin.py:149} INFO - [2023-06-14T15:12:11.636+0000] {dag.py:3486} INFO - Setting next_dagrun for example_sla_dag to 2023-06-14T15:10:00+00:00, run_after=2023-06-14T15:12:00+00:00
[2023-06-14T15:12:11.667+0000] {processor.py:179} INFO - Processing /usr/local/lib/python3.8/dist-packages/airflow/example_dags/example_sla_dag.py took 0.092 seconds
[2023-06-14T15:13:03.316+0000] {processor.py:157} INFO - Started process (PID=14502) to work on /usr/local/lib/python3.8/dist-packages/airflow/example_dags/example_sla_dag.py
[2023-06-14T15:13:03.317+0000] {processor.py:826} INFO - Processing file /usr/local/lib/python3.8/dist-packages/airflow/example_dags/example_sla_dag.py for tasks to queue
[2023-06-14T15:13:03.320+0000] {logging_mixin.py:149} INFO - [2023-06-14T15:13:03.320+0000] {dagbag.py:541} INFO - Filling up the DagBag from /usr/local/lib/python3.8/dist-packages/airflow/example_dags/example_sla_dag.py
[2023-06-14T15:13:03.329+0000] {processor.py:836} INFO - DAG(s) dict_keys(['example_sla_dag']) retrieved from /usr/local/lib/python3.8/dist-packages/airflow/example_dags/example_sla_dag.py
[2023-06-14T15:13:03.349+0000] {logging_mixin.py:149} INFO - [2023-06-14T15:13:03.348+0000] {dag.py:2726} INFO - Sync 1 DAGs
[2023-06-14T15:13:03.372+0000] {logging_mixin.py:149} INFO - [2023-06-14T15:13:03.372+0000] {dag.py:3486} INFO - Setting next_dagrun for example_sla_dag to 2023-06-14T15:10:00+00:00, run_after=2023-06-14T15:12:00+00:00
[2023-06-14T15:13:03.399+0000] {processor.py:179} INFO - Processing /usr/local/lib/python3.8/dist-packages/airflow/example_dags/example_sla_dag.py took 0.087 seconds
[2023-06-14T15:13:53.895+0000] {processor.py:157} INFO - Started process (PID=14658) to work on /usr/local/lib/python3.8/dist-packages/airflow/example_dags/example_sla_dag.py
[2023-06-14T15:13:53.896+0000] {processor.py:826} INFO - Processing file /usr/local/lib/python3.8/dist-packages/airflow/example_dags/example_sla_dag.py for tasks to queue
[2023-06-14T15:13:53.898+0000] {logging_mixin.py:149} INFO - [2023-06-14T15:13:53.898+0000] {dagbag.py:541} INFO - Filling up the DagBag from /usr/local/lib/python3.8/dist-packages/airflow/example_dags/example_sla_dag.py
[2023-06-14T15:13:53.908+0000] {processor.py:836} INFO - DAG(s) dict_keys(['example_sla_dag']) retrieved from /usr/local/lib/python3.8/dist-packages/airflow/example_dags/example_sla_dag.py
[2023-06-14T15:13:53.928+0000] {logging_mixin.py:149} INFO - [2023-06-14T15:13:53.928+0000] {dag.py:2726} INFO - Sync 1 DAGs
[2023-06-14T15:13:53.951+0000] {logging_mixin.py:149} INFO - [2023-06-14T15:13:53.951+0000] {dag.py:3486} INFO - Setting next_dagrun for example_sla_dag to 2023-06-14T15:10:00+00:00, run_after=2023-06-14T15:12:00+00:00
[2023-06-14T15:13:53.981+0000] {processor.py:179} INFO - Processing /usr/local/lib/python3.8/dist-packages/airflow/example_dags/example_sla_dag.py took 0.090 seconds
[2023-06-14T15:14:41.447+0000] {processor.py:157} INFO - Started process (PID=14811) to work on /usr/local/lib/python3.8/dist-packages/airflow/example_dags/example_sla_dag.py
[2023-06-14T15:14:41.448+0000] {processor.py:826} INFO - Processing file /usr/local/lib/python3.8/dist-packages/airflow/example_dags/example_sla_dag.py for tasks to queue
[2023-06-14T15:14:41.451+0000] {logging_mixin.py:149} INFO - [2023-06-14T15:14:41.451+0000] {dagbag.py:541} INFO - Filling up the DagBag from /usr/local/lib/python3.8/dist-packages/airflow/example_dags/example_sla_dag.py
[2023-06-14T15:14:41.460+0000] {processor.py:836} INFO - DAG(s) dict_keys(['example_sla_dag']) retrieved from /usr/local/lib/python3.8/dist-packages/airflow/example_dags/example_sla_dag.py
[2023-06-14T15:14:41.480+0000] {logging_mixin.py:149} INFO - [2023-06-14T15:14:41.480+0000] {dag.py:2726} INFO - Sync 1 DAGs
[2023-06-14T15:14:41.502+0000] {logging_mixin.py:149} INFO - [2023-06-14T15:14:41.502+0000] {dag.py:3486} INFO - Setting next_dagrun for example_sla_dag to 2023-06-14T15:12:00+00:00, run_after=2023-06-14T15:14:00+00:00
[2023-06-14T15:14:41.530+0000] {processor.py:179} INFO - Processing /usr/local/lib/python3.8/dist-packages/airflow/example_dags/example_sla_dag.py took 0.087 seconds
[2023-06-14T15:15:34.307+0000] {processor.py:157} INFO - Started process (PID=14966) to work on /usr/local/lib/python3.8/dist-packages/airflow/example_dags/example_sla_dag.py
[2023-06-14T15:15:34.309+0000] {processor.py:826} INFO - Processing file /usr/local/lib/python3.8/dist-packages/airflow/example_dags/example_sla_dag.py for tasks to queue
[2023-06-14T15:15:34.311+0000] {logging_mixin.py:149} INFO - [2023-06-14T15:15:34.311+0000] {dagbag.py:541} INFO - Filling up the DagBag from /usr/local/lib/python3.8/dist-packages/airflow/example_dags/example_sla_dag.py
[2023-06-14T15:15:34.320+0000] {processor.py:836} INFO - DAG(s) dict_keys(['example_sla_dag']) retrieved from /usr/local/lib/python3.8/dist-packages/airflow/example_dags/example_sla_dag.py
[2023-06-14T15:15:34.341+0000] {logging_mixin.py:149} INFO - [2023-06-14T15:15:34.340+0000] {dag.py:2726} INFO - Sync 1 DAGs
[2023-06-14T15:15:34.364+0000] {logging_mixin.py:149} INFO - [2023-06-14T15:15:34.364+0000] {dag.py:3486} INFO - Setting next_dagrun for example_sla_dag to 2023-06-14T15:12:00+00:00, run_after=2023-06-14T15:14:00+00:00
[2023-06-14T15:15:34.392+0000] {processor.py:179} INFO - Processing /usr/local/lib/python3.8/dist-packages/airflow/example_dags/example_sla_dag.py took 0.088 seconds
