[2023-06-14T14:16:45.864+0000] {processor.py:157} INFO - Started process (PID=1913) to work on /usr/local/lib/python3.8/dist-packages/airflow/example_dags/example_task_group.py
[2023-06-14T14:16:45.865+0000] {processor.py:826} INFO - Processing file /usr/local/lib/python3.8/dist-packages/airflow/example_dags/example_task_group.py for tasks to queue
[2023-06-14T14:16:45.867+0000] {logging_mixin.py:149} INFO - [2023-06-14T14:16:45.867+0000] {dagbag.py:541} INFO - Filling up the DagBag from /usr/local/lib/python3.8/dist-packages/airflow/example_dags/example_task_group.py
[2023-06-14T14:16:45.875+0000] {processor.py:836} INFO - DAG(s) dict_keys(['example_task_group']) retrieved from /usr/local/lib/python3.8/dist-packages/airflow/example_dags/example_task_group.py
[2023-06-14T14:16:45.885+0000] {logging_mixin.py:149} INFO - [2023-06-14T14:16:45.885+0000] {dag.py:2726} INFO - Sync 1 DAGs
[2023-06-14T14:16:45.906+0000] {logging_mixin.py:149} INFO - [2023-06-14T14:16:45.906+0000] {dag.py:3486} INFO - Setting next_dagrun for example_task_group to 2023-06-13T14:16:45.905840+00:00, run_after=2023-06-14T14:16:45.905840+00:00
[2023-06-14T14:16:45.935+0000] {processor.py:179} INFO - Processing /usr/local/lib/python3.8/dist-packages/airflow/example_dags/example_task_group.py took 0.075 seconds
[2023-06-14T14:17:50.034+0000] {processor.py:157} INFO - Started process (PID=2399) to work on /usr/local/lib/python3.8/dist-packages/airflow/example_dags/example_task_group.py
[2023-06-14T14:17:50.035+0000] {processor.py:826} INFO - Processing file /usr/local/lib/python3.8/dist-packages/airflow/example_dags/example_task_group.py for tasks to queue
[2023-06-14T14:17:50.038+0000] {logging_mixin.py:149} INFO - [2023-06-14T14:17:50.038+0000] {dagbag.py:541} INFO - Filling up the DagBag from /usr/local/lib/python3.8/dist-packages/airflow/example_dags/example_task_group.py
[2023-06-14T14:17:50.046+0000] {processor.py:836} INFO - DAG(s) dict_keys(['example_task_group']) retrieved from /usr/local/lib/python3.8/dist-packages/airflow/example_dags/example_task_group.py
[2023-06-14T14:17:50.055+0000] {logging_mixin.py:149} INFO - [2023-06-14T14:17:50.055+0000] {dag.py:2726} INFO - Sync 1 DAGs
[2023-06-14T14:17:50.076+0000] {logging_mixin.py:149} INFO - [2023-06-14T14:17:50.076+0000] {dag.py:3486} INFO - Setting next_dagrun for example_task_group to 2023-06-13T14:17:50.075722+00:00, run_after=2023-06-14T14:17:50.075722+00:00
[2023-06-14T14:17:50.104+0000] {processor.py:179} INFO - Processing /usr/local/lib/python3.8/dist-packages/airflow/example_dags/example_task_group.py took 0.074 seconds
[2023-06-14T14:19:06.071+0000] {processor.py:157} INFO - Started process (PID=3507) to work on /usr/local/lib/python3.8/dist-packages/airflow/example_dags/example_task_group.py
[2023-06-14T14:19:06.079+0000] {processor.py:826} INFO - Processing file /usr/local/lib/python3.8/dist-packages/airflow/example_dags/example_task_group.py for tasks to queue
[2023-06-14T14:19:06.081+0000] {logging_mixin.py:149} INFO - [2023-06-14T14:19:06.081+0000] {dagbag.py:541} INFO - Filling up the DagBag from /usr/local/lib/python3.8/dist-packages/airflow/example_dags/example_task_group.py
[2023-06-14T14:19:06.089+0000] {processor.py:836} INFO - DAG(s) dict_keys(['example_task_group']) retrieved from /usr/local/lib/python3.8/dist-packages/airflow/example_dags/example_task_group.py
[2023-06-14T14:19:06.114+0000] {logging_mixin.py:149} INFO - [2023-06-14T14:19:06.114+0000] {dag.py:2726} INFO - Sync 1 DAGs
[2023-06-14T14:19:06.139+0000] {logging_mixin.py:149} INFO - [2023-06-14T14:19:06.139+0000] {dag.py:3486} INFO - Setting next_dagrun for example_task_group to 2023-06-13T14:19:06.139466+00:00, run_after=2023-06-14T14:19:06.139466+00:00
[2023-06-14T14:19:06.321+0000] {processor.py:179} INFO - Processing /usr/local/lib/python3.8/dist-packages/airflow/example_dags/example_task_group.py took 0.257 seconds
[2023-06-14T14:19:55.059+0000] {processor.py:157} INFO - Started process (PID=4260) to work on /usr/local/lib/python3.8/dist-packages/airflow/example_dags/example_task_group.py
[2023-06-14T14:19:55.060+0000] {processor.py:826} INFO - Processing file /usr/local/lib/python3.8/dist-packages/airflow/example_dags/example_task_group.py for tasks to queue
[2023-06-14T14:19:55.063+0000] {logging_mixin.py:149} INFO - [2023-06-14T14:19:55.062+0000] {dagbag.py:541} INFO - Filling up the DagBag from /usr/local/lib/python3.8/dist-packages/airflow/example_dags/example_task_group.py
[2023-06-14T14:19:55.071+0000] {processor.py:836} INFO - DAG(s) dict_keys(['example_task_group']) retrieved from /usr/local/lib/python3.8/dist-packages/airflow/example_dags/example_task_group.py
[2023-06-14T14:19:55.093+0000] {logging_mixin.py:149} INFO - [2023-06-14T14:19:55.093+0000] {dag.py:2726} INFO - Sync 1 DAGs
[2023-06-14T14:19:55.114+0000] {logging_mixin.py:149} INFO - [2023-06-14T14:19:55.113+0000] {dag.py:3486} INFO - Setting next_dagrun for example_task_group to 2023-06-13T14:19:55.113599+00:00, run_after=2023-06-14T14:19:55.113599+00:00
[2023-06-14T14:19:55.141+0000] {processor.py:179} INFO - Processing /usr/local/lib/python3.8/dist-packages/airflow/example_dags/example_task_group.py took 0.087 seconds
[2023-06-14T14:20:44.623+0000] {processor.py:157} INFO - Started process (PID=4309) to work on /usr/local/lib/python3.8/dist-packages/airflow/example_dags/example_task_group.py
[2023-06-14T14:20:44.625+0000] {processor.py:826} INFO - Processing file /usr/local/lib/python3.8/dist-packages/airflow/example_dags/example_task_group.py for tasks to queue
[2023-06-14T14:20:44.627+0000] {logging_mixin.py:149} INFO - [2023-06-14T14:20:44.627+0000] {dagbag.py:541} INFO - Filling up the DagBag from /usr/local/lib/python3.8/dist-packages/airflow/example_dags/example_task_group.py
[2023-06-14T14:20:44.635+0000] {processor.py:836} INFO - DAG(s) dict_keys(['example_task_group']) retrieved from /usr/local/lib/python3.8/dist-packages/airflow/example_dags/example_task_group.py
[2023-06-14T14:20:44.657+0000] {logging_mixin.py:149} INFO - [2023-06-14T14:20:44.657+0000] {dag.py:2726} INFO - Sync 1 DAGs
[2023-06-14T14:20:44.677+0000] {logging_mixin.py:149} INFO - [2023-06-14T14:20:44.676+0000] {dag.py:3486} INFO - Setting next_dagrun for example_task_group to 2023-06-13T14:20:44.676635+00:00, run_after=2023-06-14T14:20:44.676635+00:00
[2023-06-14T14:20:44.766+0000] {processor.py:179} INFO - Processing /usr/local/lib/python3.8/dist-packages/airflow/example_dags/example_task_group.py took 0.147 seconds
[2023-06-14T14:21:21.289+0000] {processor.py:157} INFO - Started process (PID=4449) to work on /usr/local/lib/python3.8/dist-packages/airflow/example_dags/example_task_group.py
[2023-06-14T14:21:21.291+0000] {processor.py:826} INFO - Processing file /usr/local/lib/python3.8/dist-packages/airflow/example_dags/example_task_group.py for tasks to queue
[2023-06-14T14:21:21.293+0000] {logging_mixin.py:149} INFO - [2023-06-14T14:21:21.293+0000] {dagbag.py:541} INFO - Filling up the DagBag from /usr/local/lib/python3.8/dist-packages/airflow/example_dags/example_task_group.py
[2023-06-14T14:21:21.302+0000] {processor.py:836} INFO - DAG(s) dict_keys(['example_task_group']) retrieved from /usr/local/lib/python3.8/dist-packages/airflow/example_dags/example_task_group.py
[2023-06-14T14:21:21.326+0000] {logging_mixin.py:149} INFO - [2023-06-14T14:21:21.326+0000] {dag.py:2726} INFO - Sync 1 DAGs
[2023-06-14T14:21:21.348+0000] {logging_mixin.py:149} INFO - [2023-06-14T14:21:21.348+0000] {dag.py:3486} INFO - Setting next_dagrun for example_task_group to 2023-06-13T14:21:21.347890+00:00, run_after=2023-06-14T14:21:21.347890+00:00
[2023-06-14T14:21:21.376+0000] {processor.py:179} INFO - Processing /usr/local/lib/python3.8/dist-packages/airflow/example_dags/example_task_group.py took 0.090 seconds
[2023-06-14T14:22:00.698+0000] {processor.py:157} INFO - Started process (PID=4592) to work on /usr/local/lib/python3.8/dist-packages/airflow/example_dags/example_task_group.py
[2023-06-14T14:22:00.699+0000] {processor.py:826} INFO - Processing file /usr/local/lib/python3.8/dist-packages/airflow/example_dags/example_task_group.py for tasks to queue
[2023-06-14T14:22:00.702+0000] {logging_mixin.py:149} INFO - [2023-06-14T14:22:00.702+0000] {dagbag.py:541} INFO - Filling up the DagBag from /usr/local/lib/python3.8/dist-packages/airflow/example_dags/example_task_group.py
[2023-06-14T14:22:00.710+0000] {processor.py:836} INFO - DAG(s) dict_keys(['example_task_group']) retrieved from /usr/local/lib/python3.8/dist-packages/airflow/example_dags/example_task_group.py
[2023-06-14T14:22:00.732+0000] {logging_mixin.py:149} INFO - [2023-06-14T14:22:00.731+0000] {dag.py:2726} INFO - Sync 1 DAGs
[2023-06-14T14:22:00.751+0000] {logging_mixin.py:149} INFO - [2023-06-14T14:22:00.751+0000] {dag.py:3486} INFO - Setting next_dagrun for example_task_group to 2023-06-13T14:22:00.751511+00:00, run_after=2023-06-14T14:22:00.751511+00:00
[2023-06-14T14:22:00.779+0000] {processor.py:179} INFO - Processing /usr/local/lib/python3.8/dist-packages/airflow/example_dags/example_task_group.py took 0.085 seconds
[2023-06-14T14:22:52.095+0000] {processor.py:157} INFO - Started process (PID=4752) to work on /usr/local/lib/python3.8/dist-packages/airflow/example_dags/example_task_group.py
[2023-06-14T14:22:52.099+0000] {processor.py:826} INFO - Processing file /usr/local/lib/python3.8/dist-packages/airflow/example_dags/example_task_group.py for tasks to queue
[2023-06-14T14:22:52.104+0000] {logging_mixin.py:149} INFO - [2023-06-14T14:22:52.104+0000] {dagbag.py:541} INFO - Filling up the DagBag from /usr/local/lib/python3.8/dist-packages/airflow/example_dags/example_task_group.py
[2023-06-14T14:22:52.111+0000] {processor.py:836} INFO - DAG(s) dict_keys(['example_task_group']) retrieved from /usr/local/lib/python3.8/dist-packages/airflow/example_dags/example_task_group.py
[2023-06-14T14:22:52.133+0000] {logging_mixin.py:149} INFO - [2023-06-14T14:22:52.133+0000] {dag.py:2726} INFO - Sync 1 DAGs
[2023-06-14T14:22:52.153+0000] {logging_mixin.py:149} INFO - [2023-06-14T14:22:52.153+0000] {dag.py:3486} INFO - Setting next_dagrun for example_task_group to 2023-06-13T14:22:52.153073+00:00, run_after=2023-06-14T14:22:52.153073+00:00
[2023-06-14T14:22:52.180+0000] {processor.py:179} INFO - Processing /usr/local/lib/python3.8/dist-packages/airflow/example_dags/example_task_group.py took 0.089 seconds
[2023-06-14T14:23:40.429+0000] {processor.py:157} INFO - Started process (PID=4803) to work on /usr/local/lib/python3.8/dist-packages/airflow/example_dags/example_task_group.py
[2023-06-14T14:23:40.431+0000] {processor.py:826} INFO - Processing file /usr/local/lib/python3.8/dist-packages/airflow/example_dags/example_task_group.py for tasks to queue
[2023-06-14T14:23:40.434+0000] {logging_mixin.py:149} INFO - [2023-06-14T14:23:40.434+0000] {dagbag.py:541} INFO - Filling up the DagBag from /usr/local/lib/python3.8/dist-packages/airflow/example_dags/example_task_group.py
[2023-06-14T14:23:40.442+0000] {processor.py:836} INFO - DAG(s) dict_keys(['example_task_group']) retrieved from /usr/local/lib/python3.8/dist-packages/airflow/example_dags/example_task_group.py
[2023-06-14T14:23:40.464+0000] {logging_mixin.py:149} INFO - [2023-06-14T14:23:40.464+0000] {dag.py:2726} INFO - Sync 1 DAGs
[2023-06-14T14:23:40.484+0000] {logging_mixin.py:149} INFO - [2023-06-14T14:23:40.483+0000] {dag.py:3486} INFO - Setting next_dagrun for example_task_group to 2023-06-13T14:23:40.483515+00:00, run_after=2023-06-14T14:23:40.483515+00:00
[2023-06-14T14:23:40.514+0000] {processor.py:179} INFO - Processing /usr/local/lib/python3.8/dist-packages/airflow/example_dags/example_task_group.py took 0.090 seconds
[2023-06-14T14:24:31.865+0000] {processor.py:157} INFO - Started process (PID=5061) to work on /usr/local/lib/python3.8/dist-packages/airflow/example_dags/example_task_group.py
[2023-06-14T14:24:31.866+0000] {processor.py:826} INFO - Processing file /usr/local/lib/python3.8/dist-packages/airflow/example_dags/example_task_group.py for tasks to queue
[2023-06-14T14:24:31.869+0000] {logging_mixin.py:149} INFO - [2023-06-14T14:24:31.869+0000] {dagbag.py:541} INFO - Filling up the DagBag from /usr/local/lib/python3.8/dist-packages/airflow/example_dags/example_task_group.py
[2023-06-14T14:24:31.877+0000] {processor.py:836} INFO - DAG(s) dict_keys(['example_task_group']) retrieved from /usr/local/lib/python3.8/dist-packages/airflow/example_dags/example_task_group.py
[2023-06-14T14:24:31.898+0000] {logging_mixin.py:149} INFO - [2023-06-14T14:24:31.898+0000] {dag.py:2726} INFO - Sync 1 DAGs
[2023-06-14T14:24:31.919+0000] {logging_mixin.py:149} INFO - [2023-06-14T14:24:31.919+0000] {dag.py:3486} INFO - Setting next_dagrun for example_task_group to 2023-06-13T14:24:31.919356+00:00, run_after=2023-06-14T14:24:31.919356+00:00
[2023-06-14T14:24:31.953+0000] {processor.py:179} INFO - Processing /usr/local/lib/python3.8/dist-packages/airflow/example_dags/example_task_group.py took 0.092 seconds
[2023-06-14T14:25:19.623+0000] {processor.py:157} INFO - Started process (PID=5214) to work on /usr/local/lib/python3.8/dist-packages/airflow/example_dags/example_task_group.py
[2023-06-14T14:25:19.625+0000] {processor.py:826} INFO - Processing file /usr/local/lib/python3.8/dist-packages/airflow/example_dags/example_task_group.py for tasks to queue
[2023-06-14T14:25:19.627+0000] {logging_mixin.py:149} INFO - [2023-06-14T14:25:19.627+0000] {dagbag.py:541} INFO - Filling up the DagBag from /usr/local/lib/python3.8/dist-packages/airflow/example_dags/example_task_group.py
[2023-06-14T14:25:19.635+0000] {processor.py:836} INFO - DAG(s) dict_keys(['example_task_group']) retrieved from /usr/local/lib/python3.8/dist-packages/airflow/example_dags/example_task_group.py
[2023-06-14T14:25:19.657+0000] {logging_mixin.py:149} INFO - [2023-06-14T14:25:19.656+0000] {dag.py:2726} INFO - Sync 1 DAGs
[2023-06-14T14:25:19.677+0000] {logging_mixin.py:149} INFO - [2023-06-14T14:25:19.676+0000] {dag.py:3486} INFO - Setting next_dagrun for example_task_group to 2023-06-13T14:25:19.676531+00:00, run_after=2023-06-14T14:25:19.676531+00:00
[2023-06-14T14:25:19.705+0000] {processor.py:179} INFO - Processing /usr/local/lib/python3.8/dist-packages/airflow/example_dags/example_task_group.py took 0.086 seconds
[2023-06-14T14:26:11.697+0000] {processor.py:157} INFO - Started process (PID=5370) to work on /usr/local/lib/python3.8/dist-packages/airflow/example_dags/example_task_group.py
[2023-06-14T14:26:11.699+0000] {processor.py:826} INFO - Processing file /usr/local/lib/python3.8/dist-packages/airflow/example_dags/example_task_group.py for tasks to queue
[2023-06-14T14:26:11.701+0000] {logging_mixin.py:149} INFO - [2023-06-14T14:26:11.701+0000] {dagbag.py:541} INFO - Filling up the DagBag from /usr/local/lib/python3.8/dist-packages/airflow/example_dags/example_task_group.py
[2023-06-14T14:26:11.709+0000] {processor.py:836} INFO - DAG(s) dict_keys(['example_task_group']) retrieved from /usr/local/lib/python3.8/dist-packages/airflow/example_dags/example_task_group.py
[2023-06-14T14:26:11.730+0000] {logging_mixin.py:149} INFO - [2023-06-14T14:26:11.730+0000] {dag.py:2726} INFO - Sync 1 DAGs
[2023-06-14T14:26:11.751+0000] {logging_mixin.py:149} INFO - [2023-06-14T14:26:11.751+0000] {dag.py:3486} INFO - Setting next_dagrun for example_task_group to 2023-06-13T14:26:11.750801+00:00, run_after=2023-06-14T14:26:11.750801+00:00
[2023-06-14T14:26:11.777+0000] {processor.py:179} INFO - Processing /usr/local/lib/python3.8/dist-packages/airflow/example_dags/example_task_group.py took 0.083 seconds
[2023-06-14T14:27:01.943+0000] {processor.py:157} INFO - Started process (PID=5524) to work on /usr/local/lib/python3.8/dist-packages/airflow/example_dags/example_task_group.py
[2023-06-14T14:27:01.944+0000] {processor.py:826} INFO - Processing file /usr/local/lib/python3.8/dist-packages/airflow/example_dags/example_task_group.py for tasks to queue
[2023-06-14T14:27:01.947+0000] {logging_mixin.py:149} INFO - [2023-06-14T14:27:01.946+0000] {dagbag.py:541} INFO - Filling up the DagBag from /usr/local/lib/python3.8/dist-packages/airflow/example_dags/example_task_group.py
[2023-06-14T14:27:01.955+0000] {processor.py:836} INFO - DAG(s) dict_keys(['example_task_group']) retrieved from /usr/local/lib/python3.8/dist-packages/airflow/example_dags/example_task_group.py
[2023-06-14T14:27:01.977+0000] {logging_mixin.py:149} INFO - [2023-06-14T14:27:01.977+0000] {dag.py:2726} INFO - Sync 1 DAGs
[2023-06-14T14:27:01.997+0000] {logging_mixin.py:149} INFO - [2023-06-14T14:27:01.997+0000] {dag.py:3486} INFO - Setting next_dagrun for example_task_group to 2023-06-13T14:27:01.996719+00:00, run_after=2023-06-14T14:27:01.996719+00:00
[2023-06-14T14:27:02.025+0000] {processor.py:179} INFO - Processing /usr/local/lib/python3.8/dist-packages/airflow/example_dags/example_task_group.py took 0.086 seconds
[2023-06-14T14:27:55.478+0000] {processor.py:157} INFO - Started process (PID=5685) to work on /usr/local/lib/python3.8/dist-packages/airflow/example_dags/example_task_group.py
[2023-06-14T14:27:55.479+0000] {processor.py:826} INFO - Processing file /usr/local/lib/python3.8/dist-packages/airflow/example_dags/example_task_group.py for tasks to queue
[2023-06-14T14:27:55.482+0000] {logging_mixin.py:149} INFO - [2023-06-14T14:27:55.482+0000] {dagbag.py:541} INFO - Filling up the DagBag from /usr/local/lib/python3.8/dist-packages/airflow/example_dags/example_task_group.py
[2023-06-14T14:27:55.490+0000] {processor.py:836} INFO - DAG(s) dict_keys(['example_task_group']) retrieved from /usr/local/lib/python3.8/dist-packages/airflow/example_dags/example_task_group.py
[2023-06-14T14:27:55.513+0000] {logging_mixin.py:149} INFO - [2023-06-14T14:27:55.512+0000] {dag.py:2726} INFO - Sync 1 DAGs
[2023-06-14T14:27:55.533+0000] {logging_mixin.py:149} INFO - [2023-06-14T14:27:55.533+0000] {dag.py:3486} INFO - Setting next_dagrun for example_task_group to 2023-06-13T14:27:55.533233+00:00, run_after=2023-06-14T14:27:55.533233+00:00
[2023-06-14T14:27:55.561+0000] {processor.py:179} INFO - Processing /usr/local/lib/python3.8/dist-packages/airflow/example_dags/example_task_group.py took 0.087 seconds
[2023-06-14T14:28:33.040+0000] {processor.py:157} INFO - Started process (PID=5723) to work on /usr/local/lib/python3.8/dist-packages/airflow/example_dags/example_task_group.py
[2023-06-14T14:28:33.042+0000] {processor.py:826} INFO - Processing file /usr/local/lib/python3.8/dist-packages/airflow/example_dags/example_task_group.py for tasks to queue
[2023-06-14T14:28:33.045+0000] {logging_mixin.py:149} INFO - [2023-06-14T14:28:33.045+0000] {dagbag.py:541} INFO - Filling up the DagBag from /usr/local/lib/python3.8/dist-packages/airflow/example_dags/example_task_group.py
[2023-06-14T14:28:33.052+0000] {processor.py:836} INFO - DAG(s) dict_keys(['example_task_group']) retrieved from /usr/local/lib/python3.8/dist-packages/airflow/example_dags/example_task_group.py
[2023-06-14T14:28:33.074+0000] {logging_mixin.py:149} INFO - [2023-06-14T14:28:33.073+0000] {dag.py:2726} INFO - Sync 1 DAGs
[2023-06-14T14:28:33.094+0000] {logging_mixin.py:149} INFO - [2023-06-14T14:28:33.094+0000] {dag.py:3486} INFO - Setting next_dagrun for example_task_group to 2023-06-13T14:28:33.093947+00:00, run_after=2023-06-14T14:28:33.093947+00:00
[2023-06-14T14:28:33.122+0000] {processor.py:179} INFO - Processing /usr/local/lib/python3.8/dist-packages/airflow/example_dags/example_task_group.py took 0.085 seconds
[2023-06-14T14:29:22.055+0000] {processor.py:157} INFO - Started process (PID=5980) to work on /usr/local/lib/python3.8/dist-packages/airflow/example_dags/example_task_group.py
[2023-06-14T14:29:22.056+0000] {processor.py:826} INFO - Processing file /usr/local/lib/python3.8/dist-packages/airflow/example_dags/example_task_group.py for tasks to queue
[2023-06-14T14:29:22.059+0000] {logging_mixin.py:149} INFO - [2023-06-14T14:29:22.059+0000] {dagbag.py:541} INFO - Filling up the DagBag from /usr/local/lib/python3.8/dist-packages/airflow/example_dags/example_task_group.py
[2023-06-14T14:29:22.067+0000] {processor.py:836} INFO - DAG(s) dict_keys(['example_task_group']) retrieved from /usr/local/lib/python3.8/dist-packages/airflow/example_dags/example_task_group.py
[2023-06-14T14:29:22.089+0000] {logging_mixin.py:149} INFO - [2023-06-14T14:29:22.089+0000] {dag.py:2726} INFO - Sync 1 DAGs
[2023-06-14T14:29:22.109+0000] {logging_mixin.py:149} INFO - [2023-06-14T14:29:22.108+0000] {dag.py:3486} INFO - Setting next_dagrun for example_task_group to 2023-06-13T14:29:22.108601+00:00, run_after=2023-06-14T14:29:22.108601+00:00
[2023-06-14T14:29:22.136+0000] {processor.py:179} INFO - Processing /usr/local/lib/python3.8/dist-packages/airflow/example_dags/example_task_group.py took 0.084 seconds
[2023-06-14T14:30:16.462+0000] {processor.py:157} INFO - Started process (PID=6138) to work on /usr/local/lib/python3.8/dist-packages/airflow/example_dags/example_task_group.py
[2023-06-14T14:30:16.463+0000] {processor.py:826} INFO - Processing file /usr/local/lib/python3.8/dist-packages/airflow/example_dags/example_task_group.py for tasks to queue
[2023-06-14T14:30:16.465+0000] {logging_mixin.py:149} INFO - [2023-06-14T14:30:16.465+0000] {dagbag.py:541} INFO - Filling up the DagBag from /usr/local/lib/python3.8/dist-packages/airflow/example_dags/example_task_group.py
[2023-06-14T14:30:16.473+0000] {processor.py:836} INFO - DAG(s) dict_keys(['example_task_group']) retrieved from /usr/local/lib/python3.8/dist-packages/airflow/example_dags/example_task_group.py
[2023-06-14T14:30:16.494+0000] {logging_mixin.py:149} INFO - [2023-06-14T14:30:16.494+0000] {dag.py:2726} INFO - Sync 1 DAGs
[2023-06-14T14:30:16.514+0000] {logging_mixin.py:149} INFO - [2023-06-14T14:30:16.514+0000] {dag.py:3486} INFO - Setting next_dagrun for example_task_group to 2023-06-13T14:30:16.514037+00:00, run_after=2023-06-14T14:30:16.514037+00:00
[2023-06-14T14:30:16.549+0000] {processor.py:179} INFO - Processing /usr/local/lib/python3.8/dist-packages/airflow/example_dags/example_task_group.py took 0.092 seconds
[2023-06-14T14:30:54.924+0000] {processor.py:157} INFO - Started process (PID=6278) to work on /usr/local/lib/python3.8/dist-packages/airflow/example_dags/example_task_group.py
[2023-06-14T14:30:54.926+0000] {processor.py:826} INFO - Processing file /usr/local/lib/python3.8/dist-packages/airflow/example_dags/example_task_group.py for tasks to queue
[2023-06-14T14:30:54.928+0000] {logging_mixin.py:149} INFO - [2023-06-14T14:30:54.928+0000] {dagbag.py:541} INFO - Filling up the DagBag from /usr/local/lib/python3.8/dist-packages/airflow/example_dags/example_task_group.py
[2023-06-14T14:30:54.936+0000] {processor.py:836} INFO - DAG(s) dict_keys(['example_task_group']) retrieved from /usr/local/lib/python3.8/dist-packages/airflow/example_dags/example_task_group.py
[2023-06-14T14:30:54.957+0000] {logging_mixin.py:149} INFO - [2023-06-14T14:30:54.957+0000] {dag.py:2726} INFO - Sync 1 DAGs
[2023-06-14T14:30:54.977+0000] {logging_mixin.py:149} INFO - [2023-06-14T14:30:54.977+0000] {dag.py:3486} INFO - Setting next_dagrun for example_task_group to 2023-06-13T14:30:54.977416+00:00, run_after=2023-06-14T14:30:54.977416+00:00
[2023-06-14T14:30:55.006+0000] {processor.py:179} INFO - Processing /usr/local/lib/python3.8/dist-packages/airflow/example_dags/example_task_group.py took 0.086 seconds
[2023-06-14T14:31:46.598+0000] {processor.py:157} INFO - Started process (PID=6332) to work on /usr/local/lib/python3.8/dist-packages/airflow/example_dags/example_task_group.py
[2023-06-14T14:31:46.600+0000] {processor.py:826} INFO - Processing file /usr/local/lib/python3.8/dist-packages/airflow/example_dags/example_task_group.py for tasks to queue
[2023-06-14T14:31:46.603+0000] {logging_mixin.py:149} INFO - [2023-06-14T14:31:46.602+0000] {dagbag.py:541} INFO - Filling up the DagBag from /usr/local/lib/python3.8/dist-packages/airflow/example_dags/example_task_group.py
[2023-06-14T14:31:46.610+0000] {processor.py:836} INFO - DAG(s) dict_keys(['example_task_group']) retrieved from /usr/local/lib/python3.8/dist-packages/airflow/example_dags/example_task_group.py
[2023-06-14T14:31:46.632+0000] {logging_mixin.py:149} INFO - [2023-06-14T14:31:46.631+0000] {dag.py:2726} INFO - Sync 1 DAGs
[2023-06-14T14:31:46.652+0000] {logging_mixin.py:149} INFO - [2023-06-14T14:31:46.651+0000] {dag.py:3486} INFO - Setting next_dagrun for example_task_group to 2023-06-13T14:31:46.651578+00:00, run_after=2023-06-14T14:31:46.651578+00:00
[2023-06-14T14:31:46.678+0000] {processor.py:179} INFO - Processing /usr/local/lib/python3.8/dist-packages/airflow/example_dags/example_task_group.py took 0.084 seconds
[2023-06-14T14:32:38.136+0000] {processor.py:157} INFO - Started process (PID=6494) to work on /usr/local/lib/python3.8/dist-packages/airflow/example_dags/example_task_group.py
[2023-06-14T14:32:38.138+0000] {processor.py:826} INFO - Processing file /usr/local/lib/python3.8/dist-packages/airflow/example_dags/example_task_group.py for tasks to queue
[2023-06-14T14:32:38.140+0000] {logging_mixin.py:149} INFO - [2023-06-14T14:32:38.140+0000] {dagbag.py:541} INFO - Filling up the DagBag from /usr/local/lib/python3.8/dist-packages/airflow/example_dags/example_task_group.py
[2023-06-14T14:32:38.148+0000] {processor.py:836} INFO - DAG(s) dict_keys(['example_task_group']) retrieved from /usr/local/lib/python3.8/dist-packages/airflow/example_dags/example_task_group.py
[2023-06-14T14:32:38.170+0000] {logging_mixin.py:149} INFO - [2023-06-14T14:32:38.169+0000] {dag.py:2726} INFO - Sync 1 DAGs
[2023-06-14T14:32:38.189+0000] {logging_mixin.py:149} INFO - [2023-06-14T14:32:38.189+0000] {dag.py:3486} INFO - Setting next_dagrun for example_task_group to 2023-06-13T14:32:38.189281+00:00, run_after=2023-06-14T14:32:38.189281+00:00
[2023-06-14T14:32:38.216+0000] {processor.py:179} INFO - Processing /usr/local/lib/python3.8/dist-packages/airflow/example_dags/example_task_group.py took 0.083 seconds
[2023-06-14T14:33:26.907+0000] {processor.py:157} INFO - Started process (PID=6647) to work on /usr/local/lib/python3.8/dist-packages/airflow/example_dags/example_task_group.py
[2023-06-14T14:33:26.908+0000] {processor.py:826} INFO - Processing file /usr/local/lib/python3.8/dist-packages/airflow/example_dags/example_task_group.py for tasks to queue
[2023-06-14T14:33:26.911+0000] {logging_mixin.py:149} INFO - [2023-06-14T14:33:26.911+0000] {dagbag.py:541} INFO - Filling up the DagBag from /usr/local/lib/python3.8/dist-packages/airflow/example_dags/example_task_group.py
[2023-06-14T14:33:26.919+0000] {processor.py:836} INFO - DAG(s) dict_keys(['example_task_group']) retrieved from /usr/local/lib/python3.8/dist-packages/airflow/example_dags/example_task_group.py
[2023-06-14T14:33:26.941+0000] {logging_mixin.py:149} INFO - [2023-06-14T14:33:26.941+0000] {dag.py:2726} INFO - Sync 1 DAGs
[2023-06-14T14:33:26.962+0000] {logging_mixin.py:149} INFO - [2023-06-14T14:33:26.962+0000] {dag.py:3486} INFO - Setting next_dagrun for example_task_group to 2023-06-13T14:33:26.961942+00:00, run_after=2023-06-14T14:33:26.961942+00:00
[2023-06-14T14:33:26.990+0000] {processor.py:179} INFO - Processing /usr/local/lib/python3.8/dist-packages/airflow/example_dags/example_task_group.py took 0.086 seconds
[2023-06-14T14:34:21.469+0000] {processor.py:157} INFO - Started process (PID=6906) to work on /usr/local/lib/python3.8/dist-packages/airflow/example_dags/example_task_group.py
[2023-06-14T14:34:21.470+0000] {processor.py:826} INFO - Processing file /usr/local/lib/python3.8/dist-packages/airflow/example_dags/example_task_group.py for tasks to queue
[2023-06-14T14:34:21.473+0000] {logging_mixin.py:149} INFO - [2023-06-14T14:34:21.472+0000] {dagbag.py:541} INFO - Filling up the DagBag from /usr/local/lib/python3.8/dist-packages/airflow/example_dags/example_task_group.py
[2023-06-14T14:34:21.481+0000] {processor.py:836} INFO - DAG(s) dict_keys(['example_task_group']) retrieved from /usr/local/lib/python3.8/dist-packages/airflow/example_dags/example_task_group.py
[2023-06-14T14:34:21.502+0000] {logging_mixin.py:149} INFO - [2023-06-14T14:34:21.502+0000] {dag.py:2726} INFO - Sync 1 DAGs
[2023-06-14T14:34:21.522+0000] {logging_mixin.py:149} INFO - [2023-06-14T14:34:21.522+0000] {dag.py:3486} INFO - Setting next_dagrun for example_task_group to 2023-06-13T14:34:21.522468+00:00, run_after=2023-06-14T14:34:21.522468+00:00
[2023-06-14T14:34:21.552+0000] {processor.py:179} INFO - Processing /usr/local/lib/python3.8/dist-packages/airflow/example_dags/example_task_group.py took 0.087 seconds
[2023-06-14T14:35:13.472+0000] {processor.py:157} INFO - Started process (PID=7065) to work on /usr/local/lib/python3.8/dist-packages/airflow/example_dags/example_task_group.py
[2023-06-14T14:35:13.474+0000] {processor.py:826} INFO - Processing file /usr/local/lib/python3.8/dist-packages/airflow/example_dags/example_task_group.py for tasks to queue
[2023-06-14T14:35:13.476+0000] {logging_mixin.py:149} INFO - [2023-06-14T14:35:13.476+0000] {dagbag.py:541} INFO - Filling up the DagBag from /usr/local/lib/python3.8/dist-packages/airflow/example_dags/example_task_group.py
[2023-06-14T14:35:13.484+0000] {processor.py:836} INFO - DAG(s) dict_keys(['example_task_group']) retrieved from /usr/local/lib/python3.8/dist-packages/airflow/example_dags/example_task_group.py
[2023-06-14T14:35:13.505+0000] {logging_mixin.py:149} INFO - [2023-06-14T14:35:13.505+0000] {dag.py:2726} INFO - Sync 1 DAGs
[2023-06-14T14:35:13.525+0000] {logging_mixin.py:149} INFO - [2023-06-14T14:35:13.525+0000] {dag.py:3486} INFO - Setting next_dagrun for example_task_group to 2023-06-13T14:35:13.525337+00:00, run_after=2023-06-14T14:35:13.525337+00:00
[2023-06-14T14:35:13.552+0000] {processor.py:179} INFO - Processing /usr/local/lib/python3.8/dist-packages/airflow/example_dags/example_task_group.py took 0.084 seconds
[2023-06-14T14:36:05.218+0000] {processor.py:157} INFO - Started process (PID=7223) to work on /usr/local/lib/python3.8/dist-packages/airflow/example_dags/example_task_group.py
[2023-06-14T14:36:05.220+0000] {processor.py:826} INFO - Processing file /usr/local/lib/python3.8/dist-packages/airflow/example_dags/example_task_group.py for tasks to queue
[2023-06-14T14:36:05.222+0000] {logging_mixin.py:149} INFO - [2023-06-14T14:36:05.222+0000] {dagbag.py:541} INFO - Filling up the DagBag from /usr/local/lib/python3.8/dist-packages/airflow/example_dags/example_task_group.py
[2023-06-14T14:36:05.230+0000] {processor.py:836} INFO - DAG(s) dict_keys(['example_task_group']) retrieved from /usr/local/lib/python3.8/dist-packages/airflow/example_dags/example_task_group.py
[2023-06-14T14:36:05.252+0000] {logging_mixin.py:149} INFO - [2023-06-14T14:36:05.252+0000] {dag.py:2726} INFO - Sync 1 DAGs
[2023-06-14T14:36:05.273+0000] {logging_mixin.py:149} INFO - [2023-06-14T14:36:05.273+0000] {dag.py:3486} INFO - Setting next_dagrun for example_task_group to 2023-06-13T14:36:05.272700+00:00, run_after=2023-06-14T14:36:05.272700+00:00
[2023-06-14T14:36:05.304+0000] {processor.py:179} INFO - Processing /usr/local/lib/python3.8/dist-packages/airflow/example_dags/example_task_group.py took 0.090 seconds
[2023-06-14T14:36:57.037+0000] {processor.py:157} INFO - Started process (PID=7378) to work on /usr/local/lib/python3.8/dist-packages/airflow/example_dags/example_task_group.py
[2023-06-14T14:36:57.038+0000] {processor.py:826} INFO - Processing file /usr/local/lib/python3.8/dist-packages/airflow/example_dags/example_task_group.py for tasks to queue
[2023-06-14T14:36:57.040+0000] {logging_mixin.py:149} INFO - [2023-06-14T14:36:57.040+0000] {dagbag.py:541} INFO - Filling up the DagBag from /usr/local/lib/python3.8/dist-packages/airflow/example_dags/example_task_group.py
[2023-06-14T14:36:57.048+0000] {processor.py:836} INFO - DAG(s) dict_keys(['example_task_group']) retrieved from /usr/local/lib/python3.8/dist-packages/airflow/example_dags/example_task_group.py
[2023-06-14T14:36:57.069+0000] {logging_mixin.py:149} INFO - [2023-06-14T14:36:57.069+0000] {dag.py:2726} INFO - Sync 1 DAGs
[2023-06-14T14:36:57.089+0000] {logging_mixin.py:149} INFO - [2023-06-14T14:36:57.089+0000] {dag.py:3486} INFO - Setting next_dagrun for example_task_group to 2023-06-13T14:36:57.089219+00:00, run_after=2023-06-14T14:36:57.089219+00:00
[2023-06-14T14:36:57.115+0000] {processor.py:179} INFO - Processing /usr/local/lib/python3.8/dist-packages/airflow/example_dags/example_task_group.py took 0.083 seconds
[2023-06-14T14:37:48.701+0000] {processor.py:157} INFO - Started process (PID=7437) to work on /usr/local/lib/python3.8/dist-packages/airflow/example_dags/example_task_group.py
[2023-06-14T14:37:48.702+0000] {processor.py:826} INFO - Processing file /usr/local/lib/python3.8/dist-packages/airflow/example_dags/example_task_group.py for tasks to queue
[2023-06-14T14:37:48.705+0000] {logging_mixin.py:149} INFO - [2023-06-14T14:37:48.705+0000] {dagbag.py:541} INFO - Filling up the DagBag from /usr/local/lib/python3.8/dist-packages/airflow/example_dags/example_task_group.py
[2023-06-14T14:37:48.713+0000] {processor.py:836} INFO - DAG(s) dict_keys(['example_task_group']) retrieved from /usr/local/lib/python3.8/dist-packages/airflow/example_dags/example_task_group.py
[2023-06-14T14:37:48.734+0000] {logging_mixin.py:149} INFO - [2023-06-14T14:37:48.734+0000] {dag.py:2726} INFO - Sync 1 DAGs
[2023-06-14T14:37:48.754+0000] {logging_mixin.py:149} INFO - [2023-06-14T14:37:48.754+0000] {dag.py:3486} INFO - Setting next_dagrun for example_task_group to 2023-06-13T14:37:48.754026+00:00, run_after=2023-06-14T14:37:48.754026+00:00
[2023-06-14T14:37:48.783+0000] {processor.py:179} INFO - Processing /usr/local/lib/python3.8/dist-packages/airflow/example_dags/example_task_group.py took 0.085 seconds
[2023-06-14T14:38:38.859+0000] {processor.py:157} INFO - Started process (PID=7591) to work on /usr/local/lib/python3.8/dist-packages/airflow/example_dags/example_task_group.py
[2023-06-14T14:38:38.860+0000] {processor.py:826} INFO - Processing file /usr/local/lib/python3.8/dist-packages/airflow/example_dags/example_task_group.py for tasks to queue
[2023-06-14T14:38:38.862+0000] {logging_mixin.py:149} INFO - [2023-06-14T14:38:38.862+0000] {dagbag.py:541} INFO - Filling up the DagBag from /usr/local/lib/python3.8/dist-packages/airflow/example_dags/example_task_group.py
[2023-06-14T14:38:38.870+0000] {processor.py:836} INFO - DAG(s) dict_keys(['example_task_group']) retrieved from /usr/local/lib/python3.8/dist-packages/airflow/example_dags/example_task_group.py
[2023-06-14T14:38:38.892+0000] {logging_mixin.py:149} INFO - [2023-06-14T14:38:38.892+0000] {dag.py:2726} INFO - Sync 1 DAGs
[2023-06-14T14:38:38.912+0000] {logging_mixin.py:149} INFO - [2023-06-14T14:38:38.912+0000] {dag.py:3486} INFO - Setting next_dagrun for example_task_group to 2023-06-13T14:38:38.912292+00:00, run_after=2023-06-14T14:38:38.912292+00:00
[2023-06-14T14:38:38.943+0000] {processor.py:179} INFO - Processing /usr/local/lib/python3.8/dist-packages/airflow/example_dags/example_task_group.py took 0.088 seconds
[2023-06-14T14:39:25.390+0000] {processor.py:157} INFO - Started process (PID=7742) to work on /usr/local/lib/python3.8/dist-packages/airflow/example_dags/example_task_group.py
[2023-06-14T14:39:25.392+0000] {processor.py:826} INFO - Processing file /usr/local/lib/python3.8/dist-packages/airflow/example_dags/example_task_group.py for tasks to queue
[2023-06-14T14:39:25.394+0000] {logging_mixin.py:149} INFO - [2023-06-14T14:39:25.394+0000] {dagbag.py:541} INFO - Filling up the DagBag from /usr/local/lib/python3.8/dist-packages/airflow/example_dags/example_task_group.py
[2023-06-14T14:39:25.402+0000] {processor.py:836} INFO - DAG(s) dict_keys(['example_task_group']) retrieved from /usr/local/lib/python3.8/dist-packages/airflow/example_dags/example_task_group.py
[2023-06-14T14:39:25.424+0000] {logging_mixin.py:149} INFO - [2023-06-14T14:39:25.424+0000] {dag.py:2726} INFO - Sync 1 DAGs
[2023-06-14T14:39:25.444+0000] {logging_mixin.py:149} INFO - [2023-06-14T14:39:25.444+0000] {dag.py:3486} INFO - Setting next_dagrun for example_task_group to 2023-06-13T14:39:25.443740+00:00, run_after=2023-06-14T14:39:25.443740+00:00
[2023-06-14T14:39:25.473+0000] {processor.py:179} INFO - Processing /usr/local/lib/python3.8/dist-packages/airflow/example_dags/example_task_group.py took 0.086 seconds
[2023-06-14T14:40:18.029+0000] {processor.py:157} INFO - Started process (PID=7898) to work on /usr/local/lib/python3.8/dist-packages/airflow/example_dags/example_task_group.py
[2023-06-14T14:40:18.031+0000] {processor.py:826} INFO - Processing file /usr/local/lib/python3.8/dist-packages/airflow/example_dags/example_task_group.py for tasks to queue
[2023-06-14T14:40:18.033+0000] {logging_mixin.py:149} INFO - [2023-06-14T14:40:18.033+0000] {dagbag.py:541} INFO - Filling up the DagBag from /usr/local/lib/python3.8/dist-packages/airflow/example_dags/example_task_group.py
[2023-06-14T14:40:18.041+0000] {processor.py:836} INFO - DAG(s) dict_keys(['example_task_group']) retrieved from /usr/local/lib/python3.8/dist-packages/airflow/example_dags/example_task_group.py
[2023-06-14T14:40:18.062+0000] {logging_mixin.py:149} INFO - [2023-06-14T14:40:18.062+0000] {dag.py:2726} INFO - Sync 1 DAGs
[2023-06-14T14:40:18.082+0000] {logging_mixin.py:149} INFO - [2023-06-14T14:40:18.082+0000] {dag.py:3486} INFO - Setting next_dagrun for example_task_group to 2023-06-13T14:40:18.081816+00:00, run_after=2023-06-14T14:40:18.081816+00:00
[2023-06-14T14:40:18.110+0000] {processor.py:179} INFO - Processing /usr/local/lib/python3.8/dist-packages/airflow/example_dags/example_task_group.py took 0.084 seconds
[2023-06-14T14:40:56.624+0000] {processor.py:157} INFO - Started process (PID=8039) to work on /usr/local/lib/python3.8/dist-packages/airflow/example_dags/example_task_group.py
[2023-06-14T14:40:56.626+0000] {processor.py:826} INFO - Processing file /usr/local/lib/python3.8/dist-packages/airflow/example_dags/example_task_group.py for tasks to queue
[2023-06-14T14:40:56.628+0000] {logging_mixin.py:149} INFO - [2023-06-14T14:40:56.628+0000] {dagbag.py:541} INFO - Filling up the DagBag from /usr/local/lib/python3.8/dist-packages/airflow/example_dags/example_task_group.py
[2023-06-14T14:40:56.636+0000] {processor.py:836} INFO - DAG(s) dict_keys(['example_task_group']) retrieved from /usr/local/lib/python3.8/dist-packages/airflow/example_dags/example_task_group.py
[2023-06-14T14:40:56.658+0000] {logging_mixin.py:149} INFO - [2023-06-14T14:40:56.658+0000] {dag.py:2726} INFO - Sync 1 DAGs
[2023-06-14T14:40:56.679+0000] {logging_mixin.py:149} INFO - [2023-06-14T14:40:56.678+0000] {dag.py:3486} INFO - Setting next_dagrun for example_task_group to 2023-06-13T14:40:56.678618+00:00, run_after=2023-06-14T14:40:56.678618+00:00
[2023-06-14T14:40:56.706+0000] {processor.py:179} INFO - Processing /usr/local/lib/python3.8/dist-packages/airflow/example_dags/example_task_group.py took 0.085 seconds
[2023-06-14T14:41:50.089+0000] {processor.py:157} INFO - Started process (PID=8094) to work on /usr/local/lib/python3.8/dist-packages/airflow/example_dags/example_task_group.py
[2023-06-14T14:41:50.091+0000] {processor.py:826} INFO - Processing file /usr/local/lib/python3.8/dist-packages/airflow/example_dags/example_task_group.py for tasks to queue
[2023-06-14T14:41:50.093+0000] {logging_mixin.py:149} INFO - [2023-06-14T14:41:50.093+0000] {dagbag.py:541} INFO - Filling up the DagBag from /usr/local/lib/python3.8/dist-packages/airflow/example_dags/example_task_group.py
[2023-06-14T14:41:50.101+0000] {processor.py:836} INFO - DAG(s) dict_keys(['example_task_group']) retrieved from /usr/local/lib/python3.8/dist-packages/airflow/example_dags/example_task_group.py
[2023-06-14T14:41:50.123+0000] {logging_mixin.py:149} INFO - [2023-06-14T14:41:50.123+0000] {dag.py:2726} INFO - Sync 1 DAGs
[2023-06-14T14:41:50.143+0000] {logging_mixin.py:149} INFO - [2023-06-14T14:41:50.143+0000] {dag.py:3486} INFO - Setting next_dagrun for example_task_group to 2023-06-13T14:41:50.142815+00:00, run_after=2023-06-14T14:41:50.142815+00:00
[2023-06-14T14:41:50.170+0000] {processor.py:179} INFO - Processing /usr/local/lib/python3.8/dist-packages/airflow/example_dags/example_task_group.py took 0.085 seconds
[2023-06-14T14:42:43.826+0000] {processor.py:157} INFO - Started process (PID=8255) to work on /usr/local/lib/python3.8/dist-packages/airflow/example_dags/example_task_group.py
[2023-06-14T14:42:43.827+0000] {processor.py:826} INFO - Processing file /usr/local/lib/python3.8/dist-packages/airflow/example_dags/example_task_group.py for tasks to queue
[2023-06-14T14:42:43.830+0000] {logging_mixin.py:149} INFO - [2023-06-14T14:42:43.830+0000] {dagbag.py:541} INFO - Filling up the DagBag from /usr/local/lib/python3.8/dist-packages/airflow/example_dags/example_task_group.py
[2023-06-14T14:42:43.838+0000] {processor.py:836} INFO - DAG(s) dict_keys(['example_task_group']) retrieved from /usr/local/lib/python3.8/dist-packages/airflow/example_dags/example_task_group.py
[2023-06-14T14:42:43.859+0000] {logging_mixin.py:149} INFO - [2023-06-14T14:42:43.859+0000] {dag.py:2726} INFO - Sync 1 DAGs
[2023-06-14T14:42:43.879+0000] {logging_mixin.py:149} INFO - [2023-06-14T14:42:43.879+0000] {dag.py:3486} INFO - Setting next_dagrun for example_task_group to 2023-06-13T14:42:43.879500+00:00, run_after=2023-06-14T14:42:43.879500+00:00
[2023-06-14T14:42:43.907+0000] {processor.py:179} INFO - Processing /usr/local/lib/python3.8/dist-packages/airflow/example_dags/example_task_group.py took 0.085 seconds
[2023-06-14T14:43:21.141+0000] {processor.py:157} INFO - Started process (PID=8394) to work on /usr/local/lib/python3.8/dist-packages/airflow/example_dags/example_task_group.py
[2023-06-14T14:43:21.143+0000] {processor.py:826} INFO - Processing file /usr/local/lib/python3.8/dist-packages/airflow/example_dags/example_task_group.py for tasks to queue
[2023-06-14T14:43:21.145+0000] {logging_mixin.py:149} INFO - [2023-06-14T14:43:21.145+0000] {dagbag.py:541} INFO - Filling up the DagBag from /usr/local/lib/python3.8/dist-packages/airflow/example_dags/example_task_group.py
[2023-06-14T14:43:21.153+0000] {processor.py:836} INFO - DAG(s) dict_keys(['example_task_group']) retrieved from /usr/local/lib/python3.8/dist-packages/airflow/example_dags/example_task_group.py
[2023-06-14T14:43:21.175+0000] {logging_mixin.py:149} INFO - [2023-06-14T14:43:21.175+0000] {dag.py:2726} INFO - Sync 1 DAGs
[2023-06-14T14:43:21.196+0000] {logging_mixin.py:149} INFO - [2023-06-14T14:43:21.196+0000] {dag.py:3486} INFO - Setting next_dagrun for example_task_group to 2023-06-13T14:43:21.195938+00:00, run_after=2023-06-14T14:43:21.195938+00:00
[2023-06-14T14:43:21.223+0000] {processor.py:179} INFO - Processing /usr/local/lib/python3.8/dist-packages/airflow/example_dags/example_task_group.py took 0.086 seconds
[2023-06-14T14:43:58.782+0000] {processor.py:157} INFO - Started process (PID=8635) to work on /usr/local/lib/python3.8/dist-packages/airflow/example_dags/example_task_group.py
[2023-06-14T14:43:58.784+0000] {processor.py:826} INFO - Processing file /usr/local/lib/python3.8/dist-packages/airflow/example_dags/example_task_group.py for tasks to queue
[2023-06-14T14:43:58.786+0000] {logging_mixin.py:149} INFO - [2023-06-14T14:43:58.786+0000] {dagbag.py:541} INFO - Filling up the DagBag from /usr/local/lib/python3.8/dist-packages/airflow/example_dags/example_task_group.py
[2023-06-14T14:43:58.795+0000] {processor.py:836} INFO - DAG(s) dict_keys(['example_task_group']) retrieved from /usr/local/lib/python3.8/dist-packages/airflow/example_dags/example_task_group.py
[2023-06-14T14:43:58.818+0000] {logging_mixin.py:149} INFO - [2023-06-14T14:43:58.818+0000] {dag.py:2726} INFO - Sync 1 DAGs
[2023-06-14T14:43:58.840+0000] {logging_mixin.py:149} INFO - [2023-06-14T14:43:58.840+0000] {dag.py:3486} INFO - Setting next_dagrun for example_task_group to 2023-06-13T14:43:58.839805+00:00, run_after=2023-06-14T14:43:58.839805+00:00
[2023-06-14T14:43:58.868+0000] {processor.py:179} INFO - Processing /usr/local/lib/python3.8/dist-packages/airflow/example_dags/example_task_group.py took 0.089 seconds
[2023-06-14T14:44:52.243+0000] {processor.py:157} INFO - Started process (PID=8793) to work on /usr/local/lib/python3.8/dist-packages/airflow/example_dags/example_task_group.py
[2023-06-14T14:44:52.244+0000] {processor.py:826} INFO - Processing file /usr/local/lib/python3.8/dist-packages/airflow/example_dags/example_task_group.py for tasks to queue
[2023-06-14T14:44:52.247+0000] {logging_mixin.py:149} INFO - [2023-06-14T14:44:52.247+0000] {dagbag.py:541} INFO - Filling up the DagBag from /usr/local/lib/python3.8/dist-packages/airflow/example_dags/example_task_group.py
[2023-06-14T14:44:52.255+0000] {processor.py:836} INFO - DAG(s) dict_keys(['example_task_group']) retrieved from /usr/local/lib/python3.8/dist-packages/airflow/example_dags/example_task_group.py
[2023-06-14T14:44:52.279+0000] {logging_mixin.py:149} INFO - [2023-06-14T14:44:52.278+0000] {dag.py:2726} INFO - Sync 1 DAGs
[2023-06-14T14:44:52.301+0000] {logging_mixin.py:149} INFO - [2023-06-14T14:44:52.301+0000] {dag.py:3486} INFO - Setting next_dagrun for example_task_group to 2023-06-13T14:44:52.301341+00:00, run_after=2023-06-14T14:44:52.301341+00:00
[2023-06-14T14:44:52.328+0000] {processor.py:179} INFO - Processing /usr/local/lib/python3.8/dist-packages/airflow/example_dags/example_task_group.py took 0.089 seconds
[2023-06-14T14:45:30.995+0000] {processor.py:157} INFO - Started process (PID=8831) to work on /usr/local/lib/python3.8/dist-packages/airflow/example_dags/example_task_group.py
[2023-06-14T14:45:30.996+0000] {processor.py:826} INFO - Processing file /usr/local/lib/python3.8/dist-packages/airflow/example_dags/example_task_group.py for tasks to queue
[2023-06-14T14:45:30.998+0000] {logging_mixin.py:149} INFO - [2023-06-14T14:45:30.998+0000] {dagbag.py:541} INFO - Filling up the DagBag from /usr/local/lib/python3.8/dist-packages/airflow/example_dags/example_task_group.py
[2023-06-14T14:45:31.007+0000] {processor.py:836} INFO - DAG(s) dict_keys(['example_task_group']) retrieved from /usr/local/lib/python3.8/dist-packages/airflow/example_dags/example_task_group.py
[2023-06-14T14:45:31.029+0000] {logging_mixin.py:149} INFO - [2023-06-14T14:45:31.029+0000] {dag.py:2726} INFO - Sync 1 DAGs
[2023-06-14T14:45:31.051+0000] {logging_mixin.py:149} INFO - [2023-06-14T14:45:31.050+0000] {dag.py:3486} INFO - Setting next_dagrun for example_task_group to 2023-06-13T14:45:31.050563+00:00, run_after=2023-06-14T14:45:31.050563+00:00
[2023-06-14T14:45:31.078+0000] {processor.py:179} INFO - Processing /usr/local/lib/python3.8/dist-packages/airflow/example_dags/example_task_group.py took 0.087 seconds
[2023-06-14T14:46:09.408+0000] {processor.py:157} INFO - Started process (PID=8974) to work on /usr/local/lib/python3.8/dist-packages/airflow/example_dags/example_task_group.py
[2023-06-14T14:46:09.410+0000] {processor.py:826} INFO - Processing file /usr/local/lib/python3.8/dist-packages/airflow/example_dags/example_task_group.py for tasks to queue
[2023-06-14T14:46:09.412+0000] {logging_mixin.py:149} INFO - [2023-06-14T14:46:09.412+0000] {dagbag.py:541} INFO - Filling up the DagBag from /usr/local/lib/python3.8/dist-packages/airflow/example_dags/example_task_group.py
[2023-06-14T14:46:09.420+0000] {processor.py:836} INFO - DAG(s) dict_keys(['example_task_group']) retrieved from /usr/local/lib/python3.8/dist-packages/airflow/example_dags/example_task_group.py
[2023-06-14T14:46:09.442+0000] {logging_mixin.py:149} INFO - [2023-06-14T14:46:09.442+0000] {dag.py:2726} INFO - Sync 1 DAGs
[2023-06-14T14:46:09.464+0000] {logging_mixin.py:149} INFO - [2023-06-14T14:46:09.463+0000] {dag.py:3486} INFO - Setting next_dagrun for example_task_group to 2023-06-13T14:46:09.463531+00:00, run_after=2023-06-14T14:46:09.463531+00:00
[2023-06-14T14:46:09.491+0000] {processor.py:179} INFO - Processing /usr/local/lib/python3.8/dist-packages/airflow/example_dags/example_task_group.py took 0.087 seconds
[2023-06-14T14:46:58.665+0000] {processor.py:157} INFO - Started process (PID=9128) to work on /usr/local/lib/python3.8/dist-packages/airflow/example_dags/example_task_group.py
[2023-06-14T14:46:58.666+0000] {processor.py:826} INFO - Processing file /usr/local/lib/python3.8/dist-packages/airflow/example_dags/example_task_group.py for tasks to queue
[2023-06-14T14:46:58.669+0000] {logging_mixin.py:149} INFO - [2023-06-14T14:46:58.668+0000] {dagbag.py:541} INFO - Filling up the DagBag from /usr/local/lib/python3.8/dist-packages/airflow/example_dags/example_task_group.py
[2023-06-14T14:46:58.677+0000] {processor.py:836} INFO - DAG(s) dict_keys(['example_task_group']) retrieved from /usr/local/lib/python3.8/dist-packages/airflow/example_dags/example_task_group.py
[2023-06-14T14:46:58.699+0000] {logging_mixin.py:149} INFO - [2023-06-14T14:46:58.698+0000] {dag.py:2726} INFO - Sync 1 DAGs
[2023-06-14T14:46:58.719+0000] {logging_mixin.py:149} INFO - [2023-06-14T14:46:58.719+0000] {dag.py:3486} INFO - Setting next_dagrun for example_task_group to 2023-06-13T14:46:58.718915+00:00, run_after=2023-06-14T14:46:58.718915+00:00
[2023-06-14T14:46:58.746+0000] {processor.py:179} INFO - Processing /usr/local/lib/python3.8/dist-packages/airflow/example_dags/example_task_group.py took 0.085 seconds
[2023-06-14T14:47:38.026+0000] {processor.py:157} INFO - Started process (PID=9170) to work on /usr/local/lib/python3.8/dist-packages/airflow/example_dags/example_task_group.py
[2023-06-14T14:47:38.028+0000] {processor.py:826} INFO - Processing file /usr/local/lib/python3.8/dist-packages/airflow/example_dags/example_task_group.py for tasks to queue
[2023-06-14T14:47:38.030+0000] {logging_mixin.py:149} INFO - [2023-06-14T14:47:38.030+0000] {dagbag.py:541} INFO - Filling up the DagBag from /usr/local/lib/python3.8/dist-packages/airflow/example_dags/example_task_group.py
[2023-06-14T14:47:38.038+0000] {processor.py:836} INFO - DAG(s) dict_keys(['example_task_group']) retrieved from /usr/local/lib/python3.8/dist-packages/airflow/example_dags/example_task_group.py
[2023-06-14T14:47:38.060+0000] {logging_mixin.py:149} INFO - [2023-06-14T14:47:38.060+0000] {dag.py:2726} INFO - Sync 1 DAGs
[2023-06-14T14:47:38.080+0000] {logging_mixin.py:149} INFO - [2023-06-14T14:47:38.080+0000] {dag.py:3486} INFO - Setting next_dagrun for example_task_group to 2023-06-13T14:47:38.079787+00:00, run_after=2023-06-14T14:47:38.079787+00:00
[2023-06-14T14:47:38.104+0000] {processor.py:179} INFO - Processing /usr/local/lib/python3.8/dist-packages/airflow/example_dags/example_task_group.py took 0.082 seconds
[2023-06-14T14:48:28.650+0000] {processor.py:157} INFO - Started process (PID=9324) to work on /usr/local/lib/python3.8/dist-packages/airflow/example_dags/example_task_group.py
[2023-06-14T14:48:28.652+0000] {processor.py:826} INFO - Processing file /usr/local/lib/python3.8/dist-packages/airflow/example_dags/example_task_group.py for tasks to queue
[2023-06-14T14:48:28.655+0000] {logging_mixin.py:149} INFO - [2023-06-14T14:48:28.654+0000] {dagbag.py:541} INFO - Filling up the DagBag from /usr/local/lib/python3.8/dist-packages/airflow/example_dags/example_task_group.py
[2023-06-14T14:48:28.662+0000] {processor.py:836} INFO - DAG(s) dict_keys(['example_task_group']) retrieved from /usr/local/lib/python3.8/dist-packages/airflow/example_dags/example_task_group.py
[2023-06-14T14:48:28.684+0000] {logging_mixin.py:149} INFO - [2023-06-14T14:48:28.684+0000] {dag.py:2726} INFO - Sync 1 DAGs
[2023-06-14T14:48:28.705+0000] {logging_mixin.py:149} INFO - [2023-06-14T14:48:28.704+0000] {dag.py:3486} INFO - Setting next_dagrun for example_task_group to 2023-06-13T14:48:28.704518+00:00, run_after=2023-06-14T14:48:28.704518+00:00
[2023-06-14T14:48:28.730+0000] {processor.py:179} INFO - Processing /usr/local/lib/python3.8/dist-packages/airflow/example_dags/example_task_group.py took 0.083 seconds
[2023-06-14T14:49:07.157+0000] {processor.py:157} INFO - Started process (PID=9567) to work on /usr/local/lib/python3.8/dist-packages/airflow/example_dags/example_task_group.py
[2023-06-14T14:49:07.159+0000] {processor.py:826} INFO - Processing file /usr/local/lib/python3.8/dist-packages/airflow/example_dags/example_task_group.py for tasks to queue
[2023-06-14T14:49:07.164+0000] {logging_mixin.py:149} INFO - [2023-06-14T14:49:07.163+0000] {dagbag.py:541} INFO - Filling up the DagBag from /usr/local/lib/python3.8/dist-packages/airflow/example_dags/example_task_group.py
[2023-06-14T14:49:07.172+0000] {processor.py:836} INFO - DAG(s) dict_keys(['example_task_group']) retrieved from /usr/local/lib/python3.8/dist-packages/airflow/example_dags/example_task_group.py
[2023-06-14T14:49:07.194+0000] {logging_mixin.py:149} INFO - [2023-06-14T14:49:07.194+0000] {dag.py:2726} INFO - Sync 1 DAGs
[2023-06-14T14:49:07.215+0000] {logging_mixin.py:149} INFO - [2023-06-14T14:49:07.215+0000] {dag.py:3486} INFO - Setting next_dagrun for example_task_group to 2023-06-13T14:49:07.214995+00:00, run_after=2023-06-14T14:49:07.214995+00:00
[2023-06-14T14:49:07.241+0000] {processor.py:179} INFO - Processing /usr/local/lib/python3.8/dist-packages/airflow/example_dags/example_task_group.py took 0.091 seconds
[2023-06-14T14:50:02.702+0000] {processor.py:157} INFO - Started process (PID=9725) to work on /usr/local/lib/python3.8/dist-packages/airflow/example_dags/example_task_group.py
[2023-06-14T14:50:02.703+0000] {processor.py:826} INFO - Processing file /usr/local/lib/python3.8/dist-packages/airflow/example_dags/example_task_group.py for tasks to queue
[2023-06-14T14:50:02.706+0000] {logging_mixin.py:149} INFO - [2023-06-14T14:50:02.706+0000] {dagbag.py:541} INFO - Filling up the DagBag from /usr/local/lib/python3.8/dist-packages/airflow/example_dags/example_task_group.py
[2023-06-14T14:50:02.714+0000] {processor.py:836} INFO - DAG(s) dict_keys(['example_task_group']) retrieved from /usr/local/lib/python3.8/dist-packages/airflow/example_dags/example_task_group.py
[2023-06-14T14:50:02.736+0000] {logging_mixin.py:149} INFO - [2023-06-14T14:50:02.736+0000] {dag.py:2726} INFO - Sync 1 DAGs
[2023-06-14T14:50:02.756+0000] {logging_mixin.py:149} INFO - [2023-06-14T14:50:02.756+0000] {dag.py:3486} INFO - Setting next_dagrun for example_task_group to 2023-06-13T14:50:02.756167+00:00, run_after=2023-06-14T14:50:02.756167+00:00
[2023-06-14T14:50:02.784+0000] {processor.py:179} INFO - Processing /usr/local/lib/python3.8/dist-packages/airflow/example_dags/example_task_group.py took 0.085 seconds
[2023-06-14T14:50:53.523+0000] {processor.py:157} INFO - Started process (PID=9880) to work on /usr/local/lib/python3.8/dist-packages/airflow/example_dags/example_task_group.py
[2023-06-14T14:50:53.524+0000] {processor.py:826} INFO - Processing file /usr/local/lib/python3.8/dist-packages/airflow/example_dags/example_task_group.py for tasks to queue
[2023-06-14T14:50:53.527+0000] {logging_mixin.py:149} INFO - [2023-06-14T14:50:53.527+0000] {dagbag.py:541} INFO - Filling up the DagBag from /usr/local/lib/python3.8/dist-packages/airflow/example_dags/example_task_group.py
[2023-06-14T14:50:53.535+0000] {processor.py:836} INFO - DAG(s) dict_keys(['example_task_group']) retrieved from /usr/local/lib/python3.8/dist-packages/airflow/example_dags/example_task_group.py
[2023-06-14T14:50:53.558+0000] {logging_mixin.py:149} INFO - [2023-06-14T14:50:53.558+0000] {dag.py:2726} INFO - Sync 1 DAGs
[2023-06-14T14:50:53.580+0000] {logging_mixin.py:149} INFO - [2023-06-14T14:50:53.580+0000] {dag.py:3486} INFO - Setting next_dagrun for example_task_group to 2023-06-13T14:50:53.580075+00:00, run_after=2023-06-14T14:50:53.580075+00:00
[2023-06-14T14:50:53.612+0000] {processor.py:179} INFO - Processing /usr/local/lib/python3.8/dist-packages/airflow/example_dags/example_task_group.py took 0.093 seconds
[2023-06-14T14:51:42.058+0000] {processor.py:157} INFO - Started process (PID=9932) to work on /usr/local/lib/python3.8/dist-packages/airflow/example_dags/example_task_group.py
[2023-06-14T14:51:42.059+0000] {processor.py:826} INFO - Processing file /usr/local/lib/python3.8/dist-packages/airflow/example_dags/example_task_group.py for tasks to queue
[2023-06-14T14:51:42.061+0000] {logging_mixin.py:149} INFO - [2023-06-14T14:51:42.061+0000] {dagbag.py:541} INFO - Filling up the DagBag from /usr/local/lib/python3.8/dist-packages/airflow/example_dags/example_task_group.py
[2023-06-14T14:51:42.069+0000] {processor.py:836} INFO - DAG(s) dict_keys(['example_task_group']) retrieved from /usr/local/lib/python3.8/dist-packages/airflow/example_dags/example_task_group.py
[2023-06-14T14:51:42.091+0000] {logging_mixin.py:149} INFO - [2023-06-14T14:51:42.091+0000] {dag.py:2726} INFO - Sync 1 DAGs
[2023-06-14T14:51:42.111+0000] {logging_mixin.py:149} INFO - [2023-06-14T14:51:42.111+0000] {dag.py:3486} INFO - Setting next_dagrun for example_task_group to 2023-06-13T14:51:42.110753+00:00, run_after=2023-06-14T14:51:42.110753+00:00
[2023-06-14T14:51:42.136+0000] {processor.py:179} INFO - Processing /usr/local/lib/python3.8/dist-packages/airflow/example_dags/example_task_group.py took 0.083 seconds
[2023-06-14T14:52:31.840+0000] {processor.py:157} INFO - Started process (PID=10090) to work on /usr/local/lib/python3.8/dist-packages/airflow/example_dags/example_task_group.py
[2023-06-14T14:52:31.841+0000] {processor.py:826} INFO - Processing file /usr/local/lib/python3.8/dist-packages/airflow/example_dags/example_task_group.py for tasks to queue
[2023-06-14T14:52:31.843+0000] {logging_mixin.py:149} INFO - [2023-06-14T14:52:31.843+0000] {dagbag.py:541} INFO - Filling up the DagBag from /usr/local/lib/python3.8/dist-packages/airflow/example_dags/example_task_group.py
[2023-06-14T14:52:31.851+0000] {processor.py:836} INFO - DAG(s) dict_keys(['example_task_group']) retrieved from /usr/local/lib/python3.8/dist-packages/airflow/example_dags/example_task_group.py
[2023-06-14T14:52:31.874+0000] {logging_mixin.py:149} INFO - [2023-06-14T14:52:31.874+0000] {dag.py:2726} INFO - Sync 1 DAGs
[2023-06-14T14:52:31.894+0000] {logging_mixin.py:149} INFO - [2023-06-14T14:52:31.894+0000] {dag.py:3486} INFO - Setting next_dagrun for example_task_group to 2023-06-13T14:52:31.894475+00:00, run_after=2023-06-14T14:52:31.894475+00:00
[2023-06-14T14:52:31.921+0000] {processor.py:179} INFO - Processing /usr/local/lib/python3.8/dist-packages/airflow/example_dags/example_task_group.py took 0.085 seconds
[2023-06-14T14:53:24.575+0000] {processor.py:157} INFO - Started process (PID=10245) to work on /usr/local/lib/python3.8/dist-packages/airflow/example_dags/example_task_group.py
[2023-06-14T14:53:24.577+0000] {processor.py:826} INFO - Processing file /usr/local/lib/python3.8/dist-packages/airflow/example_dags/example_task_group.py for tasks to queue
[2023-06-14T14:53:24.579+0000] {logging_mixin.py:149} INFO - [2023-06-14T14:53:24.579+0000] {dagbag.py:541} INFO - Filling up the DagBag from /usr/local/lib/python3.8/dist-packages/airflow/example_dags/example_task_group.py
[2023-06-14T14:53:24.587+0000] {processor.py:836} INFO - DAG(s) dict_keys(['example_task_group']) retrieved from /usr/local/lib/python3.8/dist-packages/airflow/example_dags/example_task_group.py
[2023-06-14T14:53:24.609+0000] {logging_mixin.py:149} INFO - [2023-06-14T14:53:24.609+0000] {dag.py:2726} INFO - Sync 1 DAGs
[2023-06-14T14:53:24.631+0000] {logging_mixin.py:149} INFO - [2023-06-14T14:53:24.631+0000] {dag.py:3486} INFO - Setting next_dagrun for example_task_group to 2023-06-13T14:53:24.630695+00:00, run_after=2023-06-14T14:53:24.630695+00:00
[2023-06-14T14:53:24.664+0000] {processor.py:179} INFO - Processing /usr/local/lib/python3.8/dist-packages/airflow/example_dags/example_task_group.py took 0.093 seconds
[2023-06-14T14:54:18.055+0000] {processor.py:157} INFO - Started process (PID=10507) to work on /usr/local/lib/python3.8/dist-packages/airflow/example_dags/example_task_group.py
[2023-06-14T14:54:18.056+0000] {processor.py:826} INFO - Processing file /usr/local/lib/python3.8/dist-packages/airflow/example_dags/example_task_group.py for tasks to queue
[2023-06-14T14:54:18.060+0000] {logging_mixin.py:149} INFO - [2023-06-14T14:54:18.059+0000] {dagbag.py:541} INFO - Filling up the DagBag from /usr/local/lib/python3.8/dist-packages/airflow/example_dags/example_task_group.py
[2023-06-14T14:54:18.067+0000] {processor.py:836} INFO - DAG(s) dict_keys(['example_task_group']) retrieved from /usr/local/lib/python3.8/dist-packages/airflow/example_dags/example_task_group.py
[2023-06-14T14:54:18.090+0000] {logging_mixin.py:149} INFO - [2023-06-14T14:54:18.090+0000] {dag.py:2726} INFO - Sync 1 DAGs
[2023-06-14T14:54:18.111+0000] {logging_mixin.py:149} INFO - [2023-06-14T14:54:18.111+0000] {dag.py:3486} INFO - Setting next_dagrun for example_task_group to 2023-06-13T14:54:18.110937+00:00, run_after=2023-06-14T14:54:18.110937+00:00
[2023-06-14T14:54:18.140+0000] {processor.py:179} INFO - Processing /usr/local/lib/python3.8/dist-packages/airflow/example_dags/example_task_group.py took 0.089 seconds
[2023-06-14T14:55:10.868+0000] {processor.py:157} INFO - Started process (PID=10764) to work on /usr/local/lib/python3.8/dist-packages/airflow/example_dags/example_task_group.py
[2023-06-14T14:55:10.869+0000] {processor.py:826} INFO - Processing file /usr/local/lib/python3.8/dist-packages/airflow/example_dags/example_task_group.py for tasks to queue
[2023-06-14T14:55:10.872+0000] {logging_mixin.py:149} INFO - [2023-06-14T14:55:10.871+0000] {dagbag.py:541} INFO - Filling up the DagBag from /usr/local/lib/python3.8/dist-packages/airflow/example_dags/example_task_group.py
[2023-06-14T14:55:10.880+0000] {processor.py:836} INFO - DAG(s) dict_keys(['example_task_group']) retrieved from /usr/local/lib/python3.8/dist-packages/airflow/example_dags/example_task_group.py
[2023-06-14T14:55:10.901+0000] {logging_mixin.py:149} INFO - [2023-06-14T14:55:10.901+0000] {dag.py:2726} INFO - Sync 1 DAGs
[2023-06-14T14:55:10.921+0000] {logging_mixin.py:149} INFO - [2023-06-14T14:55:10.921+0000] {dag.py:3486} INFO - Setting next_dagrun for example_task_group to 2023-06-13T14:55:10.921218+00:00, run_after=2023-06-14T14:55:10.921218+00:00
[2023-06-14T14:55:10.951+0000] {processor.py:179} INFO - Processing /usr/local/lib/python3.8/dist-packages/airflow/example_dags/example_task_group.py took 0.087 seconds
[2023-06-14T14:56:04.045+0000] {processor.py:157} INFO - Started process (PID=10922) to work on /usr/local/lib/python3.8/dist-packages/airflow/example_dags/example_task_group.py
[2023-06-14T14:56:04.046+0000] {processor.py:826} INFO - Processing file /usr/local/lib/python3.8/dist-packages/airflow/example_dags/example_task_group.py for tasks to queue
[2023-06-14T14:56:04.049+0000] {logging_mixin.py:149} INFO - [2023-06-14T14:56:04.049+0000] {dagbag.py:541} INFO - Filling up the DagBag from /usr/local/lib/python3.8/dist-packages/airflow/example_dags/example_task_group.py
[2023-06-14T14:56:04.057+0000] {processor.py:836} INFO - DAG(s) dict_keys(['example_task_group']) retrieved from /usr/local/lib/python3.8/dist-packages/airflow/example_dags/example_task_group.py
[2023-06-14T14:56:04.079+0000] {logging_mixin.py:149} INFO - [2023-06-14T14:56:04.079+0000] {dag.py:2726} INFO - Sync 1 DAGs
[2023-06-14T14:56:04.100+0000] {logging_mixin.py:149} INFO - [2023-06-14T14:56:04.100+0000] {dag.py:3486} INFO - Setting next_dagrun for example_task_group to 2023-06-13T14:56:04.100213+00:00, run_after=2023-06-14T14:56:04.100213+00:00
[2023-06-14T14:56:04.129+0000] {processor.py:179} INFO - Processing /usr/local/lib/python3.8/dist-packages/airflow/example_dags/example_task_group.py took 0.088 seconds
[2023-06-14T14:56:56.595+0000] {processor.py:157} INFO - Started process (PID=11079) to work on /usr/local/lib/python3.8/dist-packages/airflow/example_dags/example_task_group.py
[2023-06-14T14:56:56.596+0000] {processor.py:826} INFO - Processing file /usr/local/lib/python3.8/dist-packages/airflow/example_dags/example_task_group.py for tasks to queue
[2023-06-14T14:56:56.599+0000] {logging_mixin.py:149} INFO - [2023-06-14T14:56:56.598+0000] {dagbag.py:541} INFO - Filling up the DagBag from /usr/local/lib/python3.8/dist-packages/airflow/example_dags/example_task_group.py
[2023-06-14T14:56:56.607+0000] {processor.py:836} INFO - DAG(s) dict_keys(['example_task_group']) retrieved from /usr/local/lib/python3.8/dist-packages/airflow/example_dags/example_task_group.py
[2023-06-14T14:56:56.629+0000] {logging_mixin.py:149} INFO - [2023-06-14T14:56:56.629+0000] {dag.py:2726} INFO - Sync 1 DAGs
[2023-06-14T14:56:56.649+0000] {logging_mixin.py:149} INFO - [2023-06-14T14:56:56.649+0000] {dag.py:3486} INFO - Setting next_dagrun for example_task_group to 2023-06-13T14:56:56.649506+00:00, run_after=2023-06-14T14:56:56.649506+00:00
[2023-06-14T14:56:56.676+0000] {processor.py:179} INFO - Processing /usr/local/lib/python3.8/dist-packages/airflow/example_dags/example_task_group.py took 0.086 seconds
[2023-06-14T14:57:44.993+0000] {processor.py:157} INFO - Started process (PID=11133) to work on /usr/local/lib/python3.8/dist-packages/airflow/example_dags/example_task_group.py
[2023-06-14T14:57:44.994+0000] {processor.py:826} INFO - Processing file /usr/local/lib/python3.8/dist-packages/airflow/example_dags/example_task_group.py for tasks to queue
[2023-06-14T14:57:44.996+0000] {logging_mixin.py:149} INFO - [2023-06-14T14:57:44.996+0000] {dagbag.py:541} INFO - Filling up the DagBag from /usr/local/lib/python3.8/dist-packages/airflow/example_dags/example_task_group.py
[2023-06-14T14:57:45.004+0000] {processor.py:836} INFO - DAG(s) dict_keys(['example_task_group']) retrieved from /usr/local/lib/python3.8/dist-packages/airflow/example_dags/example_task_group.py
[2023-06-14T14:57:45.026+0000] {logging_mixin.py:149} INFO - [2023-06-14T14:57:45.026+0000] {dag.py:2726} INFO - Sync 1 DAGs
[2023-06-14T14:57:45.046+0000] {logging_mixin.py:149} INFO - [2023-06-14T14:57:45.046+0000] {dag.py:3486} INFO - Setting next_dagrun for example_task_group to 2023-06-13T14:57:45.046278+00:00, run_after=2023-06-14T14:57:45.046278+00:00
[2023-06-14T14:57:45.072+0000] {processor.py:179} INFO - Processing /usr/local/lib/python3.8/dist-packages/airflow/example_dags/example_task_group.py took 0.083 seconds
[2023-06-14T14:58:38.285+0000] {processor.py:157} INFO - Started process (PID=11289) to work on /usr/local/lib/python3.8/dist-packages/airflow/example_dags/example_task_group.py
[2023-06-14T14:58:38.286+0000] {processor.py:826} INFO - Processing file /usr/local/lib/python3.8/dist-packages/airflow/example_dags/example_task_group.py for tasks to queue
[2023-06-14T14:58:38.289+0000] {logging_mixin.py:149} INFO - [2023-06-14T14:58:38.288+0000] {dagbag.py:541} INFO - Filling up the DagBag from /usr/local/lib/python3.8/dist-packages/airflow/example_dags/example_task_group.py
[2023-06-14T14:58:38.296+0000] {processor.py:836} INFO - DAG(s) dict_keys(['example_task_group']) retrieved from /usr/local/lib/python3.8/dist-packages/airflow/example_dags/example_task_group.py
[2023-06-14T14:58:38.318+0000] {logging_mixin.py:149} INFO - [2023-06-14T14:58:38.318+0000] {dag.py:2726} INFO - Sync 1 DAGs
[2023-06-14T14:58:38.338+0000] {logging_mixin.py:149} INFO - [2023-06-14T14:58:38.338+0000] {dag.py:3486} INFO - Setting next_dagrun for example_task_group to 2023-06-13T14:58:38.338374+00:00, run_after=2023-06-14T14:58:38.338374+00:00
[2023-06-14T14:58:38.364+0000] {processor.py:179} INFO - Processing /usr/local/lib/python3.8/dist-packages/airflow/example_dags/example_task_group.py took 0.083 seconds
[2023-06-14T14:59:21.238+0000] {processor.py:157} INFO - Started process (PID=11541) to work on /usr/local/lib/python3.8/dist-packages/airflow/example_dags/example_task_group.py
[2023-06-14T14:59:21.240+0000] {processor.py:826} INFO - Processing file /usr/local/lib/python3.8/dist-packages/airflow/example_dags/example_task_group.py for tasks to queue
[2023-06-14T14:59:21.242+0000] {logging_mixin.py:149} INFO - [2023-06-14T14:59:21.242+0000] {dagbag.py:541} INFO - Filling up the DagBag from /usr/local/lib/python3.8/dist-packages/airflow/example_dags/example_task_group.py
[2023-06-14T14:59:21.250+0000] {processor.py:836} INFO - DAG(s) dict_keys(['example_task_group']) retrieved from /usr/local/lib/python3.8/dist-packages/airflow/example_dags/example_task_group.py
[2023-06-14T14:59:21.271+0000] {logging_mixin.py:149} INFO - [2023-06-14T14:59:21.271+0000] {dag.py:2726} INFO - Sync 1 DAGs
[2023-06-14T14:59:21.292+0000] {logging_mixin.py:149} INFO - [2023-06-14T14:59:21.291+0000] {dag.py:3486} INFO - Setting next_dagrun for example_task_group to 2023-06-13T14:59:21.291625+00:00, run_after=2023-06-14T14:59:21.291625+00:00
[2023-06-14T14:59:21.318+0000] {processor.py:179} INFO - Processing /usr/local/lib/python3.8/dist-packages/airflow/example_dags/example_task_group.py took 0.084 seconds
[2023-06-14T15:00:12.683+0000] {processor.py:157} INFO - Started process (PID=11697) to work on /usr/local/lib/python3.8/dist-packages/airflow/example_dags/example_task_group.py
[2023-06-14T15:00:12.684+0000] {processor.py:826} INFO - Processing file /usr/local/lib/python3.8/dist-packages/airflow/example_dags/example_task_group.py for tasks to queue
[2023-06-14T15:00:12.687+0000] {logging_mixin.py:149} INFO - [2023-06-14T15:00:12.687+0000] {dagbag.py:541} INFO - Filling up the DagBag from /usr/local/lib/python3.8/dist-packages/airflow/example_dags/example_task_group.py
[2023-06-14T15:00:12.695+0000] {processor.py:836} INFO - DAG(s) dict_keys(['example_task_group']) retrieved from /usr/local/lib/python3.8/dist-packages/airflow/example_dags/example_task_group.py
[2023-06-14T15:00:12.716+0000] {logging_mixin.py:149} INFO - [2023-06-14T15:00:12.716+0000] {dag.py:2726} INFO - Sync 1 DAGs
[2023-06-14T15:00:12.736+0000] {logging_mixin.py:149} INFO - [2023-06-14T15:00:12.735+0000] {dag.py:3486} INFO - Setting next_dagrun for example_task_group to 2023-06-13T15:00:12.735635+00:00, run_after=2023-06-14T15:00:12.735635+00:00
[2023-06-14T15:00:12.764+0000] {processor.py:179} INFO - Processing /usr/local/lib/python3.8/dist-packages/airflow/example_dags/example_task_group.py took 0.085 seconds
[2023-06-14T15:01:04.174+0000] {processor.py:157} INFO - Started process (PID=11854) to work on /usr/local/lib/python3.8/dist-packages/airflow/example_dags/example_task_group.py
[2023-06-14T15:01:04.175+0000] {processor.py:826} INFO - Processing file /usr/local/lib/python3.8/dist-packages/airflow/example_dags/example_task_group.py for tasks to queue
[2023-06-14T15:01:04.178+0000] {logging_mixin.py:149} INFO - [2023-06-14T15:01:04.177+0000] {dagbag.py:541} INFO - Filling up the DagBag from /usr/local/lib/python3.8/dist-packages/airflow/example_dags/example_task_group.py
[2023-06-14T15:01:04.186+0000] {processor.py:836} INFO - DAG(s) dict_keys(['example_task_group']) retrieved from /usr/local/lib/python3.8/dist-packages/airflow/example_dags/example_task_group.py
[2023-06-14T15:01:04.208+0000] {logging_mixin.py:149} INFO - [2023-06-14T15:01:04.208+0000] {dag.py:2726} INFO - Sync 1 DAGs
[2023-06-14T15:01:04.229+0000] {logging_mixin.py:149} INFO - [2023-06-14T15:01:04.229+0000] {dag.py:3486} INFO - Setting next_dagrun for example_task_group to 2023-06-13T15:01:04.228869+00:00, run_after=2023-06-14T15:01:04.228869+00:00
[2023-06-14T15:01:04.260+0000] {processor.py:179} INFO - Processing /usr/local/lib/python3.8/dist-packages/airflow/example_dags/example_task_group.py took 0.090 seconds
[2023-06-14T15:01:55.414+0000] {processor.py:157} INFO - Started process (PID=12009) to work on /usr/local/lib/python3.8/dist-packages/airflow/example_dags/example_task_group.py
[2023-06-14T15:01:55.415+0000] {processor.py:826} INFO - Processing file /usr/local/lib/python3.8/dist-packages/airflow/example_dags/example_task_group.py for tasks to queue
[2023-06-14T15:01:55.418+0000] {logging_mixin.py:149} INFO - [2023-06-14T15:01:55.418+0000] {dagbag.py:541} INFO - Filling up the DagBag from /usr/local/lib/python3.8/dist-packages/airflow/example_dags/example_task_group.py
[2023-06-14T15:01:55.426+0000] {processor.py:836} INFO - DAG(s) dict_keys(['example_task_group']) retrieved from /usr/local/lib/python3.8/dist-packages/airflow/example_dags/example_task_group.py
[2023-06-14T15:01:55.447+0000] {logging_mixin.py:149} INFO - [2023-06-14T15:01:55.447+0000] {dag.py:2726} INFO - Sync 1 DAGs
[2023-06-14T15:01:55.468+0000] {logging_mixin.py:149} INFO - [2023-06-14T15:01:55.467+0000] {dag.py:3486} INFO - Setting next_dagrun for example_task_group to 2023-06-13T15:01:55.467603+00:00, run_after=2023-06-14T15:01:55.467603+00:00
[2023-06-14T15:01:55.495+0000] {processor.py:179} INFO - Processing /usr/local/lib/python3.8/dist-packages/airflow/example_dags/example_task_group.py took 0.085 seconds
[2023-06-14T15:02:46.122+0000] {processor.py:157} INFO - Started process (PID=12070) to work on /usr/local/lib/python3.8/dist-packages/airflow/example_dags/example_task_group.py
[2023-06-14T15:02:46.123+0000] {processor.py:826} INFO - Processing file /usr/local/lib/python3.8/dist-packages/airflow/example_dags/example_task_group.py for tasks to queue
[2023-06-14T15:02:46.125+0000] {logging_mixin.py:149} INFO - [2023-06-14T15:02:46.125+0000] {dagbag.py:541} INFO - Filling up the DagBag from /usr/local/lib/python3.8/dist-packages/airflow/example_dags/example_task_group.py
[2023-06-14T15:02:46.133+0000] {processor.py:836} INFO - DAG(s) dict_keys(['example_task_group']) retrieved from /usr/local/lib/python3.8/dist-packages/airflow/example_dags/example_task_group.py
[2023-06-14T15:02:46.155+0000] {logging_mixin.py:149} INFO - [2023-06-14T15:02:46.155+0000] {dag.py:2726} INFO - Sync 1 DAGs
[2023-06-14T15:02:46.175+0000] {logging_mixin.py:149} INFO - [2023-06-14T15:02:46.175+0000] {dag.py:3486} INFO - Setting next_dagrun for example_task_group to 2023-06-13T15:02:46.174898+00:00, run_after=2023-06-14T15:02:46.174898+00:00
[2023-06-14T15:02:46.203+0000] {processor.py:179} INFO - Processing /usr/local/lib/python3.8/dist-packages/airflow/example_dags/example_task_group.py took 0.086 seconds
[2023-06-14T15:03:37.961+0000] {processor.py:157} INFO - Started process (PID=12329) to work on /usr/local/lib/python3.8/dist-packages/airflow/example_dags/example_task_group.py
[2023-06-14T15:03:37.962+0000] {processor.py:826} INFO - Processing file /usr/local/lib/python3.8/dist-packages/airflow/example_dags/example_task_group.py for tasks to queue
[2023-06-14T15:03:37.965+0000] {logging_mixin.py:149} INFO - [2023-06-14T15:03:37.965+0000] {dagbag.py:541} INFO - Filling up the DagBag from /usr/local/lib/python3.8/dist-packages/airflow/example_dags/example_task_group.py
[2023-06-14T15:03:37.973+0000] {processor.py:836} INFO - DAG(s) dict_keys(['example_task_group']) retrieved from /usr/local/lib/python3.8/dist-packages/airflow/example_dags/example_task_group.py
[2023-06-14T15:03:37.995+0000] {logging_mixin.py:149} INFO - [2023-06-14T15:03:37.995+0000] {dag.py:2726} INFO - Sync 1 DAGs
[2023-06-14T15:03:38.015+0000] {logging_mixin.py:149} INFO - [2023-06-14T15:03:38.015+0000] {dag.py:3486} INFO - Setting next_dagrun for example_task_group to 2023-06-13T15:03:38.015144+00:00, run_after=2023-06-14T15:03:38.015144+00:00
[2023-06-14T15:03:38.043+0000] {processor.py:179} INFO - Processing /usr/local/lib/python3.8/dist-packages/airflow/example_dags/example_task_group.py took 0.086 seconds
[2023-06-14T15:04:28.656+0000] {processor.py:157} INFO - Started process (PID=12587) to work on /usr/local/lib/python3.8/dist-packages/airflow/example_dags/example_task_group.py
[2023-06-14T15:04:28.658+0000] {processor.py:826} INFO - Processing file /usr/local/lib/python3.8/dist-packages/airflow/example_dags/example_task_group.py for tasks to queue
[2023-06-14T15:04:28.661+0000] {logging_mixin.py:149} INFO - [2023-06-14T15:04:28.661+0000] {dagbag.py:541} INFO - Filling up the DagBag from /usr/local/lib/python3.8/dist-packages/airflow/example_dags/example_task_group.py
[2023-06-14T15:04:28.668+0000] {processor.py:836} INFO - DAG(s) dict_keys(['example_task_group']) retrieved from /usr/local/lib/python3.8/dist-packages/airflow/example_dags/example_task_group.py
[2023-06-14T15:04:28.690+0000] {logging_mixin.py:149} INFO - [2023-06-14T15:04:28.690+0000] {dag.py:2726} INFO - Sync 1 DAGs
[2023-06-14T15:04:28.711+0000] {logging_mixin.py:149} INFO - [2023-06-14T15:04:28.710+0000] {dag.py:3486} INFO - Setting next_dagrun for example_task_group to 2023-06-13T15:04:28.710557+00:00, run_after=2023-06-14T15:04:28.710557+00:00
[2023-06-14T15:04:28.737+0000] {processor.py:179} INFO - Processing /usr/local/lib/python3.8/dist-packages/airflow/example_dags/example_task_group.py took 0.085 seconds
[2023-06-14T15:05:24.168+0000] {processor.py:157} INFO - Started process (PID=12981) to work on /usr/local/lib/python3.8/dist-packages/airflow/example_dags/example_task_group.py
[2023-06-14T15:05:24.169+0000] {processor.py:826} INFO - Processing file /usr/local/lib/python3.8/dist-packages/airflow/example_dags/example_task_group.py for tasks to queue
[2023-06-14T15:05:24.171+0000] {logging_mixin.py:149} INFO - [2023-06-14T15:05:24.171+0000] {dagbag.py:541} INFO - Filling up the DagBag from /usr/local/lib/python3.8/dist-packages/airflow/example_dags/example_task_group.py
[2023-06-14T15:05:24.180+0000] {processor.py:836} INFO - DAG(s) dict_keys(['example_task_group']) retrieved from /usr/local/lib/python3.8/dist-packages/airflow/example_dags/example_task_group.py
[2023-06-14T15:05:24.202+0000] {logging_mixin.py:149} INFO - [2023-06-14T15:05:24.202+0000] {dag.py:2726} INFO - Sync 1 DAGs
[2023-06-14T15:05:24.223+0000] {logging_mixin.py:149} INFO - [2023-06-14T15:05:24.223+0000] {dag.py:3486} INFO - Setting next_dagrun for example_task_group to 2023-06-13T15:05:24.223393+00:00, run_after=2023-06-14T15:05:24.223393+00:00
[2023-06-14T15:05:24.260+0000] {processor.py:179} INFO - Processing /usr/local/lib/python3.8/dist-packages/airflow/example_dags/example_task_group.py took 0.096 seconds
[2023-06-14T15:06:02.114+0000] {processor.py:157} INFO - Started process (PID=13123) to work on /usr/local/lib/python3.8/dist-packages/airflow/example_dags/example_task_group.py
[2023-06-14T15:06:02.116+0000] {processor.py:826} INFO - Processing file /usr/local/lib/python3.8/dist-packages/airflow/example_dags/example_task_group.py for tasks to queue
[2023-06-14T15:06:02.119+0000] {logging_mixin.py:149} INFO - [2023-06-14T15:06:02.119+0000] {dagbag.py:541} INFO - Filling up the DagBag from /usr/local/lib/python3.8/dist-packages/airflow/example_dags/example_task_group.py
[2023-06-14T15:06:02.127+0000] {processor.py:836} INFO - DAG(s) dict_keys(['example_task_group']) retrieved from /usr/local/lib/python3.8/dist-packages/airflow/example_dags/example_task_group.py
[2023-06-14T15:06:02.150+0000] {logging_mixin.py:149} INFO - [2023-06-14T15:06:02.150+0000] {dag.py:2726} INFO - Sync 1 DAGs
[2023-06-14T15:06:02.172+0000] {logging_mixin.py:149} INFO - [2023-06-14T15:06:02.172+0000] {dag.py:3486} INFO - Setting next_dagrun for example_task_group to 2023-06-13T15:06:02.172203+00:00, run_after=2023-06-14T15:06:02.172203+00:00
[2023-06-14T15:06:02.200+0000] {processor.py:179} INFO - Processing /usr/local/lib/python3.8/dist-packages/airflow/example_dags/example_task_group.py took 0.089 seconds
[2023-06-14T15:06:53.468+0000] {processor.py:157} INFO - Started process (PID=13279) to work on /usr/local/lib/python3.8/dist-packages/airflow/example_dags/example_task_group.py
[2023-06-14T15:06:53.469+0000] {processor.py:826} INFO - Processing file /usr/local/lib/python3.8/dist-packages/airflow/example_dags/example_task_group.py for tasks to queue
[2023-06-14T15:06:53.471+0000] {logging_mixin.py:149} INFO - [2023-06-14T15:06:53.471+0000] {dagbag.py:541} INFO - Filling up the DagBag from /usr/local/lib/python3.8/dist-packages/airflow/example_dags/example_task_group.py
[2023-06-14T15:06:53.480+0000] {processor.py:836} INFO - DAG(s) dict_keys(['example_task_group']) retrieved from /usr/local/lib/python3.8/dist-packages/airflow/example_dags/example_task_group.py
[2023-06-14T15:06:53.505+0000] {logging_mixin.py:149} INFO - [2023-06-14T15:06:53.504+0000] {dag.py:2726} INFO - Sync 1 DAGs
[2023-06-14T15:06:53.525+0000] {logging_mixin.py:149} INFO - [2023-06-14T15:06:53.525+0000] {dag.py:3486} INFO - Setting next_dagrun for example_task_group to 2023-06-13T15:06:53.525062+00:00, run_after=2023-06-14T15:06:53.525062+00:00
[2023-06-14T15:06:53.554+0000] {processor.py:179} INFO - Processing /usr/local/lib/python3.8/dist-packages/airflow/example_dags/example_task_group.py took 0.090 seconds
[2023-06-14T15:07:44.952+0000] {processor.py:157} INFO - Started process (PID=13449) to work on /usr/local/lib/python3.8/dist-packages/airflow/example_dags/example_task_group.py
[2023-06-14T15:07:44.953+0000] {processor.py:826} INFO - Processing file /usr/local/lib/python3.8/dist-packages/airflow/example_dags/example_task_group.py for tasks to queue
[2023-06-14T15:07:44.955+0000] {logging_mixin.py:149} INFO - [2023-06-14T15:07:44.955+0000] {dagbag.py:541} INFO - Filling up the DagBag from /usr/local/lib/python3.8/dist-packages/airflow/example_dags/example_task_group.py
[2023-06-14T15:07:44.964+0000] {processor.py:836} INFO - DAG(s) dict_keys(['example_task_group']) retrieved from /usr/local/lib/python3.8/dist-packages/airflow/example_dags/example_task_group.py
[2023-06-14T15:07:44.986+0000] {logging_mixin.py:149} INFO - [2023-06-14T15:07:44.985+0000] {dag.py:2726} INFO - Sync 1 DAGs
[2023-06-14T15:07:45.006+0000] {logging_mixin.py:149} INFO - [2023-06-14T15:07:45.006+0000] {dag.py:3486} INFO - Setting next_dagrun for example_task_group to 2023-06-13T15:07:45.005871+00:00, run_after=2023-06-14T15:07:45.005871+00:00
[2023-06-14T15:07:45.033+0000] {processor.py:179} INFO - Processing /usr/local/lib/python3.8/dist-packages/airflow/example_dags/example_task_group.py took 0.085 seconds
[2023-06-14T15:08:35.350+0000] {processor.py:157} INFO - Started process (PID=13604) to work on /usr/local/lib/python3.8/dist-packages/airflow/example_dags/example_task_group.py
[2023-06-14T15:08:35.351+0000] {processor.py:826} INFO - Processing file /usr/local/lib/python3.8/dist-packages/airflow/example_dags/example_task_group.py for tasks to queue
[2023-06-14T15:08:35.354+0000] {logging_mixin.py:149} INFO - [2023-06-14T15:08:35.354+0000] {dagbag.py:541} INFO - Filling up the DagBag from /usr/local/lib/python3.8/dist-packages/airflow/example_dags/example_task_group.py
[2023-06-14T15:08:35.362+0000] {processor.py:836} INFO - DAG(s) dict_keys(['example_task_group']) retrieved from /usr/local/lib/python3.8/dist-packages/airflow/example_dags/example_task_group.py
[2023-06-14T15:08:35.384+0000] {logging_mixin.py:149} INFO - [2023-06-14T15:08:35.384+0000] {dag.py:2726} INFO - Sync 1 DAGs
[2023-06-14T15:08:35.404+0000] {logging_mixin.py:149} INFO - [2023-06-14T15:08:35.404+0000] {dag.py:3486} INFO - Setting next_dagrun for example_task_group to 2023-06-13T15:08:35.404261+00:00, run_after=2023-06-14T15:08:35.404261+00:00
[2023-06-14T15:08:35.433+0000] {processor.py:179} INFO - Processing /usr/local/lib/python3.8/dist-packages/airflow/example_dags/example_task_group.py took 0.087 seconds
[2023-06-14T15:09:21.775+0000] {processor.py:157} INFO - Started process (PID=13859) to work on /usr/local/lib/python3.8/dist-packages/airflow/example_dags/example_task_group.py
[2023-06-14T15:09:21.776+0000] {processor.py:826} INFO - Processing file /usr/local/lib/python3.8/dist-packages/airflow/example_dags/example_task_group.py for tasks to queue
[2023-06-14T15:09:21.779+0000] {logging_mixin.py:149} INFO - [2023-06-14T15:09:21.779+0000] {dagbag.py:541} INFO - Filling up the DagBag from /usr/local/lib/python3.8/dist-packages/airflow/example_dags/example_task_group.py
[2023-06-14T15:09:21.787+0000] {processor.py:836} INFO - DAG(s) dict_keys(['example_task_group']) retrieved from /usr/local/lib/python3.8/dist-packages/airflow/example_dags/example_task_group.py
[2023-06-14T15:09:21.808+0000] {logging_mixin.py:149} INFO - [2023-06-14T15:09:21.808+0000] {dag.py:2726} INFO - Sync 1 DAGs
[2023-06-14T15:09:21.829+0000] {logging_mixin.py:149} INFO - [2023-06-14T15:09:21.829+0000] {dag.py:3486} INFO - Setting next_dagrun for example_task_group to 2023-06-13T15:09:21.828912+00:00, run_after=2023-06-14T15:09:21.828912+00:00
[2023-06-14T15:09:21.857+0000] {processor.py:179} INFO - Processing /usr/local/lib/python3.8/dist-packages/airflow/example_dags/example_task_group.py took 0.085 seconds
[2023-06-14T15:10:14.809+0000] {processor.py:157} INFO - Started process (PID=14014) to work on /usr/local/lib/python3.8/dist-packages/airflow/example_dags/example_task_group.py
[2023-06-14T15:10:14.811+0000] {processor.py:826} INFO - Processing file /usr/local/lib/python3.8/dist-packages/airflow/example_dags/example_task_group.py for tasks to queue
[2023-06-14T15:10:14.814+0000] {logging_mixin.py:149} INFO - [2023-06-14T15:10:14.814+0000] {dagbag.py:541} INFO - Filling up the DagBag from /usr/local/lib/python3.8/dist-packages/airflow/example_dags/example_task_group.py
[2023-06-14T15:10:14.822+0000] {processor.py:836} INFO - DAG(s) dict_keys(['example_task_group']) retrieved from /usr/local/lib/python3.8/dist-packages/airflow/example_dags/example_task_group.py
[2023-06-14T15:10:14.844+0000] {logging_mixin.py:149} INFO - [2023-06-14T15:10:14.844+0000] {dag.py:2726} INFO - Sync 1 DAGs
[2023-06-14T15:10:14.864+0000] {logging_mixin.py:149} INFO - [2023-06-14T15:10:14.864+0000] {dag.py:3486} INFO - Setting next_dagrun for example_task_group to 2023-06-13T15:10:14.864030+00:00, run_after=2023-06-14T15:10:14.864030+00:00
[2023-06-14T15:10:14.891+0000] {processor.py:179} INFO - Processing /usr/local/lib/python3.8/dist-packages/airflow/example_dags/example_task_group.py took 0.086 seconds
[2023-06-14T15:11:02.640+0000] {processor.py:157} INFO - Started process (PID=14168) to work on /usr/local/lib/python3.8/dist-packages/airflow/example_dags/example_task_group.py
[2023-06-14T15:11:02.642+0000] {processor.py:826} INFO - Processing file /usr/local/lib/python3.8/dist-packages/airflow/example_dags/example_task_group.py for tasks to queue
[2023-06-14T15:11:02.644+0000] {logging_mixin.py:149} INFO - [2023-06-14T15:11:02.644+0000] {dagbag.py:541} INFO - Filling up the DagBag from /usr/local/lib/python3.8/dist-packages/airflow/example_dags/example_task_group.py
[2023-06-14T15:11:02.652+0000] {processor.py:836} INFO - DAG(s) dict_keys(['example_task_group']) retrieved from /usr/local/lib/python3.8/dist-packages/airflow/example_dags/example_task_group.py
[2023-06-14T15:11:02.673+0000] {logging_mixin.py:149} INFO - [2023-06-14T15:11:02.673+0000] {dag.py:2726} INFO - Sync 1 DAGs
[2023-06-14T15:11:02.693+0000] {logging_mixin.py:149} INFO - [2023-06-14T15:11:02.693+0000] {dag.py:3486} INFO - Setting next_dagrun for example_task_group to 2023-06-13T15:11:02.693444+00:00, run_after=2023-06-14T15:11:02.693444+00:00
[2023-06-14T15:11:02.720+0000] {processor.py:179} INFO - Processing /usr/local/lib/python3.8/dist-packages/airflow/example_dags/example_task_group.py took 0.084 seconds
[2023-06-14T15:11:51.998+0000] {processor.py:157} INFO - Started process (PID=14219) to work on /usr/local/lib/python3.8/dist-packages/airflow/example_dags/example_task_group.py
[2023-06-14T15:11:52.000+0000] {processor.py:826} INFO - Processing file /usr/local/lib/python3.8/dist-packages/airflow/example_dags/example_task_group.py for tasks to queue
[2023-06-14T15:11:52.003+0000] {logging_mixin.py:149} INFO - [2023-06-14T15:11:52.002+0000] {dagbag.py:541} INFO - Filling up the DagBag from /usr/local/lib/python3.8/dist-packages/airflow/example_dags/example_task_group.py
[2023-06-14T15:11:52.011+0000] {processor.py:836} INFO - DAG(s) dict_keys(['example_task_group']) retrieved from /usr/local/lib/python3.8/dist-packages/airflow/example_dags/example_task_group.py
[2023-06-14T15:11:52.034+0000] {logging_mixin.py:149} INFO - [2023-06-14T15:11:52.034+0000] {dag.py:2726} INFO - Sync 1 DAGs
[2023-06-14T15:11:52.056+0000] {logging_mixin.py:149} INFO - [2023-06-14T15:11:52.056+0000] {dag.py:3486} INFO - Setting next_dagrun for example_task_group to 2023-06-13T15:11:52.056019+00:00, run_after=2023-06-14T15:11:52.056019+00:00
[2023-06-14T15:11:52.083+0000] {processor.py:179} INFO - Processing /usr/local/lib/python3.8/dist-packages/airflow/example_dags/example_task_group.py took 0.088 seconds
[2023-06-14T15:12:42.598+0000] {processor.py:157} INFO - Started process (PID=14379) to work on /usr/local/lib/python3.8/dist-packages/airflow/example_dags/example_task_group.py
[2023-06-14T15:12:42.600+0000] {processor.py:826} INFO - Processing file /usr/local/lib/python3.8/dist-packages/airflow/example_dags/example_task_group.py for tasks to queue
[2023-06-14T15:12:42.602+0000] {logging_mixin.py:149} INFO - [2023-06-14T15:12:42.602+0000] {dagbag.py:541} INFO - Filling up the DagBag from /usr/local/lib/python3.8/dist-packages/airflow/example_dags/example_task_group.py
[2023-06-14T15:12:42.610+0000] {processor.py:836} INFO - DAG(s) dict_keys(['example_task_group']) retrieved from /usr/local/lib/python3.8/dist-packages/airflow/example_dags/example_task_group.py
[2023-06-14T15:12:42.633+0000] {logging_mixin.py:149} INFO - [2023-06-14T15:12:42.632+0000] {dag.py:2726} INFO - Sync 1 DAGs
[2023-06-14T15:12:42.653+0000] {logging_mixin.py:149} INFO - [2023-06-14T15:12:42.653+0000] {dag.py:3486} INFO - Setting next_dagrun for example_task_group to 2023-06-13T15:12:42.653291+00:00, run_after=2023-06-14T15:12:42.653291+00:00
[2023-06-14T15:12:42.684+0000] {processor.py:179} INFO - Processing /usr/local/lib/python3.8/dist-packages/airflow/example_dags/example_task_group.py took 0.090 seconds
[2023-06-14T15:13:19.915+0000] {processor.py:157} INFO - Started process (PID=14519) to work on /usr/local/lib/python3.8/dist-packages/airflow/example_dags/example_task_group.py
[2023-06-14T15:13:19.916+0000] {processor.py:826} INFO - Processing file /usr/local/lib/python3.8/dist-packages/airflow/example_dags/example_task_group.py for tasks to queue
[2023-06-14T15:13:19.918+0000] {logging_mixin.py:149} INFO - [2023-06-14T15:13:19.918+0000] {dagbag.py:541} INFO - Filling up the DagBag from /usr/local/lib/python3.8/dist-packages/airflow/example_dags/example_task_group.py
[2023-06-14T15:13:19.926+0000] {processor.py:836} INFO - DAG(s) dict_keys(['example_task_group']) retrieved from /usr/local/lib/python3.8/dist-packages/airflow/example_dags/example_task_group.py
[2023-06-14T15:13:19.948+0000] {logging_mixin.py:149} INFO - [2023-06-14T15:13:19.948+0000] {dag.py:2726} INFO - Sync 1 DAGs
[2023-06-14T15:13:19.969+0000] {logging_mixin.py:149} INFO - [2023-06-14T15:13:19.968+0000] {dag.py:3486} INFO - Setting next_dagrun for example_task_group to 2023-06-13T15:13:19.968599+00:00, run_after=2023-06-14T15:13:19.968599+00:00
[2023-06-14T15:13:20.002+0000] {processor.py:179} INFO - Processing /usr/local/lib/python3.8/dist-packages/airflow/example_dags/example_task_group.py took 0.092 seconds
[2023-06-14T15:14:09.369+0000] {processor.py:157} INFO - Started process (PID=14778) to work on /usr/local/lib/python3.8/dist-packages/airflow/example_dags/example_task_group.py
[2023-06-14T15:14:09.371+0000] {processor.py:826} INFO - Processing file /usr/local/lib/python3.8/dist-packages/airflow/example_dags/example_task_group.py for tasks to queue
[2023-06-14T15:14:09.373+0000] {logging_mixin.py:149} INFO - [2023-06-14T15:14:09.373+0000] {dagbag.py:541} INFO - Filling up the DagBag from /usr/local/lib/python3.8/dist-packages/airflow/example_dags/example_task_group.py
[2023-06-14T15:14:09.381+0000] {processor.py:836} INFO - DAG(s) dict_keys(['example_task_group']) retrieved from /usr/local/lib/python3.8/dist-packages/airflow/example_dags/example_task_group.py
[2023-06-14T15:14:09.402+0000] {logging_mixin.py:149} INFO - [2023-06-14T15:14:09.402+0000] {dag.py:2726} INFO - Sync 1 DAGs
[2023-06-14T15:14:09.423+0000] {logging_mixin.py:149} INFO - [2023-06-14T15:14:09.423+0000] {dag.py:3486} INFO - Setting next_dagrun for example_task_group to 2023-06-13T15:14:09.423373+00:00, run_after=2023-06-14T15:14:09.423373+00:00
[2023-06-14T15:14:09.450+0000] {processor.py:179} INFO - Processing /usr/local/lib/python3.8/dist-packages/airflow/example_dags/example_task_group.py took 0.084 seconds
[2023-06-14T15:14:58.541+0000] {processor.py:157} INFO - Started process (PID=14930) to work on /usr/local/lib/python3.8/dist-packages/airflow/example_dags/example_task_group.py
[2023-06-14T15:14:58.543+0000] {processor.py:826} INFO - Processing file /usr/local/lib/python3.8/dist-packages/airflow/example_dags/example_task_group.py for tasks to queue
[2023-06-14T15:14:58.545+0000] {logging_mixin.py:149} INFO - [2023-06-14T15:14:58.545+0000] {dagbag.py:541} INFO - Filling up the DagBag from /usr/local/lib/python3.8/dist-packages/airflow/example_dags/example_task_group.py
[2023-06-14T15:14:58.553+0000] {processor.py:836} INFO - DAG(s) dict_keys(['example_task_group']) retrieved from /usr/local/lib/python3.8/dist-packages/airflow/example_dags/example_task_group.py
[2023-06-14T15:14:58.575+0000] {logging_mixin.py:149} INFO - [2023-06-14T15:14:58.575+0000] {dag.py:2726} INFO - Sync 1 DAGs
[2023-06-14T15:14:58.596+0000] {logging_mixin.py:149} INFO - [2023-06-14T15:14:58.595+0000] {dag.py:3486} INFO - Setting next_dagrun for example_task_group to 2023-06-13T15:14:58.595576+00:00, run_after=2023-06-14T15:14:58.595576+00:00
[2023-06-14T15:14:58.625+0000] {processor.py:179} INFO - Processing /usr/local/lib/python3.8/dist-packages/airflow/example_dags/example_task_group.py took 0.088 seconds
[2023-06-14T15:15:51.006+0000] {processor.py:157} INFO - Started process (PID=14983) to work on /usr/local/lib/python3.8/dist-packages/airflow/example_dags/example_task_group.py
[2023-06-14T15:15:51.008+0000] {processor.py:826} INFO - Processing file /usr/local/lib/python3.8/dist-packages/airflow/example_dags/example_task_group.py for tasks to queue
[2023-06-14T15:15:51.010+0000] {logging_mixin.py:149} INFO - [2023-06-14T15:15:51.010+0000] {dagbag.py:541} INFO - Filling up the DagBag from /usr/local/lib/python3.8/dist-packages/airflow/example_dags/example_task_group.py
[2023-06-14T15:15:51.019+0000] {processor.py:836} INFO - DAG(s) dict_keys(['example_task_group']) retrieved from /usr/local/lib/python3.8/dist-packages/airflow/example_dags/example_task_group.py
[2023-06-14T15:15:51.043+0000] {logging_mixin.py:149} INFO - [2023-06-14T15:15:51.042+0000] {dag.py:2726} INFO - Sync 1 DAGs
[2023-06-14T15:15:51.069+0000] {logging_mixin.py:149} INFO - [2023-06-14T15:15:51.069+0000] {dag.py:3486} INFO - Setting next_dagrun for example_task_group to 2023-06-13T15:15:51.069275+00:00, run_after=2023-06-14T15:15:51.069275+00:00
[2023-06-14T15:15:51.096+0000] {processor.py:179} INFO - Processing /usr/local/lib/python3.8/dist-packages/airflow/example_dags/example_task_group.py took 0.094 seconds
