[2023-06-14T14:16:51.485+0000] {processor.py:157} INFO - Started process (PID=1924) to work on /usr/local/lib/python3.8/dist-packages/airflow/example_dags/example_task_group_decorator.py
[2023-06-14T14:16:51.486+0000] {processor.py:826} INFO - Processing file /usr/local/lib/python3.8/dist-packages/airflow/example_dags/example_task_group_decorator.py for tasks to queue
[2023-06-14T14:16:51.489+0000] {logging_mixin.py:149} INFO - [2023-06-14T14:16:51.489+0000] {dagbag.py:541} INFO - Filling up the DagBag from /usr/local/lib/python3.8/dist-packages/airflow/example_dags/example_task_group_decorator.py
[2023-06-14T14:16:51.501+0000] {processor.py:836} INFO - DAG(s) dict_keys(['example_task_group_decorator']) retrieved from /usr/local/lib/python3.8/dist-packages/airflow/example_dags/example_task_group_decorator.py
[2023-06-14T14:16:51.511+0000] {logging_mixin.py:149} INFO - [2023-06-14T14:16:51.511+0000] {dag.py:2726} INFO - Sync 1 DAGs
[2023-06-14T14:16:51.533+0000] {logging_mixin.py:149} INFO - [2023-06-14T14:16:51.533+0000] {dag.py:3486} INFO - Setting next_dagrun for example_task_group_decorator to 2023-06-13T14:16:51.533120+00:00, run_after=2023-06-14T14:16:51.533120+00:00
[2023-06-14T14:16:51.560+0000] {processor.py:179} INFO - Processing /usr/local/lib/python3.8/dist-packages/airflow/example_dags/example_task_group_decorator.py took 0.078 seconds
[2023-06-14T14:19:14.966+0000] {processor.py:157} INFO - Started process (PID=3993) to work on /usr/local/lib/python3.8/dist-packages/airflow/example_dags/example_task_group_decorator.py
[2023-06-14T14:19:14.969+0000] {processor.py:826} INFO - Processing file /usr/local/lib/python3.8/dist-packages/airflow/example_dags/example_task_group_decorator.py for tasks to queue
[2023-06-14T14:19:14.972+0000] {logging_mixin.py:149} INFO - [2023-06-14T14:19:14.972+0000] {dagbag.py:541} INFO - Filling up the DagBag from /usr/local/lib/python3.8/dist-packages/airflow/example_dags/example_task_group_decorator.py
[2023-06-14T14:19:14.985+0000] {processor.py:836} INFO - DAG(s) dict_keys(['example_task_group_decorator']) retrieved from /usr/local/lib/python3.8/dist-packages/airflow/example_dags/example_task_group_decorator.py
[2023-06-14T14:19:14.996+0000] {logging_mixin.py:149} INFO - [2023-06-14T14:19:14.995+0000] {dag.py:2726} INFO - Sync 1 DAGs
[2023-06-14T14:19:15.018+0000] {logging_mixin.py:149} INFO - [2023-06-14T14:19:15.018+0000] {dag.py:3486} INFO - Setting next_dagrun for example_task_group_decorator to 2023-06-13T14:19:15.018486+00:00, run_after=2023-06-14T14:19:15.018486+00:00
[2023-06-14T14:19:15.080+0000] {processor.py:179} INFO - Processing /usr/local/lib/python3.8/dist-packages/airflow/example_dags/example_task_group_decorator.py took 0.118 seconds
[2023-06-14T14:20:03.092+0000] {processor.py:157} INFO - Started process (PID=4269) to work on /usr/local/lib/python3.8/dist-packages/airflow/example_dags/example_task_group_decorator.py
[2023-06-14T14:20:03.093+0000] {processor.py:826} INFO - Processing file /usr/local/lib/python3.8/dist-packages/airflow/example_dags/example_task_group_decorator.py for tasks to queue
[2023-06-14T14:20:03.096+0000] {logging_mixin.py:149} INFO - [2023-06-14T14:20:03.096+0000] {dagbag.py:541} INFO - Filling up the DagBag from /usr/local/lib/python3.8/dist-packages/airflow/example_dags/example_task_group_decorator.py
[2023-06-14T14:20:03.109+0000] {processor.py:836} INFO - DAG(s) dict_keys(['example_task_group_decorator']) retrieved from /usr/local/lib/python3.8/dist-packages/airflow/example_dags/example_task_group_decorator.py
[2023-06-14T14:20:03.134+0000] {logging_mixin.py:149} INFO - [2023-06-14T14:20:03.134+0000] {dag.py:2726} INFO - Sync 1 DAGs
[2023-06-14T14:20:03.156+0000] {logging_mixin.py:149} INFO - [2023-06-14T14:20:03.155+0000] {dag.py:3486} INFO - Setting next_dagrun for example_task_group_decorator to 2023-06-13T14:20:03.155548+00:00, run_after=2023-06-14T14:20:03.155548+00:00
[2023-06-14T14:20:03.183+0000] {processor.py:179} INFO - Processing /usr/local/lib/python3.8/dist-packages/airflow/example_dags/example_task_group_decorator.py took 0.095 seconds
[2023-06-14T14:20:50.763+0000] {processor.py:157} INFO - Started process (PID=4356) to work on /usr/local/lib/python3.8/dist-packages/airflow/example_dags/example_task_group_decorator.py
[2023-06-14T14:20:50.765+0000] {processor.py:826} INFO - Processing file /usr/local/lib/python3.8/dist-packages/airflow/example_dags/example_task_group_decorator.py for tasks to queue
[2023-06-14T14:20:50.768+0000] {logging_mixin.py:149} INFO - [2023-06-14T14:20:50.767+0000] {dagbag.py:541} INFO - Filling up the DagBag from /usr/local/lib/python3.8/dist-packages/airflow/example_dags/example_task_group_decorator.py
[2023-06-14T14:20:50.782+0000] {processor.py:836} INFO - DAG(s) dict_keys(['example_task_group_decorator']) retrieved from /usr/local/lib/python3.8/dist-packages/airflow/example_dags/example_task_group_decorator.py
[2023-06-14T14:20:50.809+0000] {logging_mixin.py:149} INFO - [2023-06-14T14:20:50.808+0000] {dag.py:2726} INFO - Sync 1 DAGs
[2023-06-14T14:20:50.832+0000] {logging_mixin.py:149} INFO - [2023-06-14T14:20:50.832+0000] {dag.py:3486} INFO - Setting next_dagrun for example_task_group_decorator to 2023-06-13T14:20:50.832051+00:00, run_after=2023-06-14T14:20:50.832051+00:00
[2023-06-14T14:20:50.884+0000] {processor.py:179} INFO - Processing /usr/local/lib/python3.8/dist-packages/airflow/example_dags/example_task_group_decorator.py took 0.126 seconds
[2023-06-14T14:21:45.144+0000] {processor.py:157} INFO - Started process (PID=4472) to work on /usr/local/lib/python3.8/dist-packages/airflow/example_dags/example_task_group_decorator.py
[2023-06-14T14:21:45.145+0000] {processor.py:826} INFO - Processing file /usr/local/lib/python3.8/dist-packages/airflow/example_dags/example_task_group_decorator.py for tasks to queue
[2023-06-14T14:21:45.148+0000] {logging_mixin.py:149} INFO - [2023-06-14T14:21:45.148+0000] {dagbag.py:541} INFO - Filling up the DagBag from /usr/local/lib/python3.8/dist-packages/airflow/example_dags/example_task_group_decorator.py
[2023-06-14T14:21:45.161+0000] {processor.py:836} INFO - DAG(s) dict_keys(['example_task_group_decorator']) retrieved from /usr/local/lib/python3.8/dist-packages/airflow/example_dags/example_task_group_decorator.py
[2023-06-14T14:21:45.185+0000] {logging_mixin.py:149} INFO - [2023-06-14T14:21:45.185+0000] {dag.py:2726} INFO - Sync 1 DAGs
[2023-06-14T14:21:45.205+0000] {logging_mixin.py:149} INFO - [2023-06-14T14:21:45.205+0000] {dag.py:3486} INFO - Setting next_dagrun for example_task_group_decorator to 2023-06-13T14:21:45.205275+00:00, run_after=2023-06-14T14:21:45.205275+00:00
[2023-06-14T14:21:45.231+0000] {processor.py:179} INFO - Processing /usr/local/lib/python3.8/dist-packages/airflow/example_dags/example_task_group_decorator.py took 0.091 seconds
[2023-06-14T14:22:37.352+0000] {processor.py:157} INFO - Started process (PID=4634) to work on /usr/local/lib/python3.8/dist-packages/airflow/example_dags/example_task_group_decorator.py
[2023-06-14T14:22:37.354+0000] {processor.py:826} INFO - Processing file /usr/local/lib/python3.8/dist-packages/airflow/example_dags/example_task_group_decorator.py for tasks to queue
[2023-06-14T14:22:37.357+0000] {logging_mixin.py:149} INFO - [2023-06-14T14:22:37.356+0000] {dagbag.py:541} INFO - Filling up the DagBag from /usr/local/lib/python3.8/dist-packages/airflow/example_dags/example_task_group_decorator.py
[2023-06-14T14:22:37.370+0000] {processor.py:836} INFO - DAG(s) dict_keys(['example_task_group_decorator']) retrieved from /usr/local/lib/python3.8/dist-packages/airflow/example_dags/example_task_group_decorator.py
[2023-06-14T14:22:37.394+0000] {logging_mixin.py:149} INFO - [2023-06-14T14:22:37.394+0000] {dag.py:2726} INFO - Sync 1 DAGs
[2023-06-14T14:22:37.415+0000] {logging_mixin.py:149} INFO - [2023-06-14T14:22:37.415+0000] {dag.py:3486} INFO - Setting next_dagrun for example_task_group_decorator to 2023-06-13T14:22:37.415114+00:00, run_after=2023-06-14T14:22:37.415114+00:00
[2023-06-14T14:22:37.448+0000] {processor.py:179} INFO - Processing /usr/local/lib/python3.8/dist-packages/airflow/example_dags/example_task_group_decorator.py took 0.099 seconds
[2023-06-14T14:23:24.960+0000] {processor.py:157} INFO - Started process (PID=4788) to work on /usr/local/lib/python3.8/dist-packages/airflow/example_dags/example_task_group_decorator.py
[2023-06-14T14:23:24.961+0000] {processor.py:826} INFO - Processing file /usr/local/lib/python3.8/dist-packages/airflow/example_dags/example_task_group_decorator.py for tasks to queue
[2023-06-14T14:23:24.964+0000] {logging_mixin.py:149} INFO - [2023-06-14T14:23:24.963+0000] {dagbag.py:541} INFO - Filling up the DagBag from /usr/local/lib/python3.8/dist-packages/airflow/example_dags/example_task_group_decorator.py
[2023-06-14T14:23:24.977+0000] {processor.py:836} INFO - DAG(s) dict_keys(['example_task_group_decorator']) retrieved from /usr/local/lib/python3.8/dist-packages/airflow/example_dags/example_task_group_decorator.py
[2023-06-14T14:23:25.000+0000] {logging_mixin.py:149} INFO - [2023-06-14T14:23:25.000+0000] {dag.py:2726} INFO - Sync 1 DAGs
[2023-06-14T14:23:25.020+0000] {logging_mixin.py:149} INFO - [2023-06-14T14:23:25.020+0000] {dag.py:3486} INFO - Setting next_dagrun for example_task_group_decorator to 2023-06-13T14:23:25.020038+00:00, run_after=2023-06-14T14:23:25.020038+00:00
[2023-06-14T14:23:25.069+0000] {processor.py:179} INFO - Processing /usr/local/lib/python3.8/dist-packages/airflow/example_dags/example_task_group_decorator.py took 0.113 seconds
[2023-06-14T14:24:17.548+0000] {processor.py:157} INFO - Started process (PID=5045) to work on /usr/local/lib/python3.8/dist-packages/airflow/example_dags/example_task_group_decorator.py
[2023-06-14T14:24:17.550+0000] {processor.py:826} INFO - Processing file /usr/local/lib/python3.8/dist-packages/airflow/example_dags/example_task_group_decorator.py for tasks to queue
[2023-06-14T14:24:17.552+0000] {logging_mixin.py:149} INFO - [2023-06-14T14:24:17.552+0000] {dagbag.py:541} INFO - Filling up the DagBag from /usr/local/lib/python3.8/dist-packages/airflow/example_dags/example_task_group_decorator.py
[2023-06-14T14:24:17.565+0000] {processor.py:836} INFO - DAG(s) dict_keys(['example_task_group_decorator']) retrieved from /usr/local/lib/python3.8/dist-packages/airflow/example_dags/example_task_group_decorator.py
[2023-06-14T14:24:17.589+0000] {logging_mixin.py:149} INFO - [2023-06-14T14:24:17.589+0000] {dag.py:2726} INFO - Sync 1 DAGs
[2023-06-14T14:24:17.609+0000] {logging_mixin.py:149} INFO - [2023-06-14T14:24:17.609+0000] {dag.py:3486} INFO - Setting next_dagrun for example_task_group_decorator to 2023-06-13T14:24:17.609360+00:00, run_after=2023-06-14T14:24:17.609360+00:00
[2023-06-14T14:24:17.674+0000] {processor.py:179} INFO - Processing /usr/local/lib/python3.8/dist-packages/airflow/example_dags/example_task_group_decorator.py took 0.130 seconds
[2023-06-14T14:25:07.098+0000] {processor.py:157} INFO - Started process (PID=5201) to work on /usr/local/lib/python3.8/dist-packages/airflow/example_dags/example_task_group_decorator.py
[2023-06-14T14:25:07.100+0000] {processor.py:826} INFO - Processing file /usr/local/lib/python3.8/dist-packages/airflow/example_dags/example_task_group_decorator.py for tasks to queue
[2023-06-14T14:25:07.102+0000] {logging_mixin.py:149} INFO - [2023-06-14T14:25:07.102+0000] {dagbag.py:541} INFO - Filling up the DagBag from /usr/local/lib/python3.8/dist-packages/airflow/example_dags/example_task_group_decorator.py
[2023-06-14T14:25:07.115+0000] {processor.py:836} INFO - DAG(s) dict_keys(['example_task_group_decorator']) retrieved from /usr/local/lib/python3.8/dist-packages/airflow/example_dags/example_task_group_decorator.py
[2023-06-14T14:25:07.139+0000] {logging_mixin.py:149} INFO - [2023-06-14T14:25:07.139+0000] {dag.py:2726} INFO - Sync 1 DAGs
[2023-06-14T14:25:07.160+0000] {logging_mixin.py:149} INFO - [2023-06-14T14:25:07.160+0000] {dag.py:3486} INFO - Setting next_dagrun for example_task_group_decorator to 2023-06-13T14:25:07.160165+00:00, run_after=2023-06-14T14:25:07.160165+00:00
[2023-06-14T14:25:07.188+0000] {processor.py:179} INFO - Processing /usr/local/lib/python3.8/dist-packages/airflow/example_dags/example_task_group_decorator.py took 0.093 seconds
[2023-06-14T14:25:56.503+0000] {processor.py:157} INFO - Started process (PID=5354) to work on /usr/local/lib/python3.8/dist-packages/airflow/example_dags/example_task_group_decorator.py
[2023-06-14T14:25:56.504+0000] {processor.py:826} INFO - Processing file /usr/local/lib/python3.8/dist-packages/airflow/example_dags/example_task_group_decorator.py for tasks to queue
[2023-06-14T14:25:56.506+0000] {logging_mixin.py:149} INFO - [2023-06-14T14:25:56.506+0000] {dagbag.py:541} INFO - Filling up the DagBag from /usr/local/lib/python3.8/dist-packages/airflow/example_dags/example_task_group_decorator.py
[2023-06-14T14:25:56.519+0000] {processor.py:836} INFO - DAG(s) dict_keys(['example_task_group_decorator']) retrieved from /usr/local/lib/python3.8/dist-packages/airflow/example_dags/example_task_group_decorator.py
[2023-06-14T14:25:56.542+0000] {logging_mixin.py:149} INFO - [2023-06-14T14:25:56.542+0000] {dag.py:2726} INFO - Sync 1 DAGs
[2023-06-14T14:25:56.562+0000] {logging_mixin.py:149} INFO - [2023-06-14T14:25:56.562+0000] {dag.py:3486} INFO - Setting next_dagrun for example_task_group_decorator to 2023-06-13T14:25:56.562026+00:00, run_after=2023-06-14T14:25:56.562026+00:00
[2023-06-14T14:25:56.591+0000] {processor.py:179} INFO - Processing /usr/local/lib/python3.8/dist-packages/airflow/example_dags/example_task_group_decorator.py took 0.092 seconds
[2023-06-14T14:26:49.329+0000] {processor.py:157} INFO - Started process (PID=5409) to work on /usr/local/lib/python3.8/dist-packages/airflow/example_dags/example_task_group_decorator.py
[2023-06-14T14:26:49.330+0000] {processor.py:826} INFO - Processing file /usr/local/lib/python3.8/dist-packages/airflow/example_dags/example_task_group_decorator.py for tasks to queue
[2023-06-14T14:26:49.333+0000] {logging_mixin.py:149} INFO - [2023-06-14T14:26:49.332+0000] {dagbag.py:541} INFO - Filling up the DagBag from /usr/local/lib/python3.8/dist-packages/airflow/example_dags/example_task_group_decorator.py
[2023-06-14T14:26:49.346+0000] {processor.py:836} INFO - DAG(s) dict_keys(['example_task_group_decorator']) retrieved from /usr/local/lib/python3.8/dist-packages/airflow/example_dags/example_task_group_decorator.py
[2023-06-14T14:26:49.370+0000] {logging_mixin.py:149} INFO - [2023-06-14T14:26:49.370+0000] {dag.py:2726} INFO - Sync 1 DAGs
[2023-06-14T14:26:49.390+0000] {logging_mixin.py:149} INFO - [2023-06-14T14:26:49.390+0000] {dag.py:3486} INFO - Setting next_dagrun for example_task_group_decorator to 2023-06-13T14:26:49.389995+00:00, run_after=2023-06-14T14:26:49.389995+00:00
[2023-06-14T14:26:49.418+0000] {processor.py:179} INFO - Processing /usr/local/lib/python3.8/dist-packages/airflow/example_dags/example_task_group_decorator.py took 0.093 seconds
[2023-06-14T14:27:41.475+0000] {processor.py:157} INFO - Started process (PID=5568) to work on /usr/local/lib/python3.8/dist-packages/airflow/example_dags/example_task_group_decorator.py
[2023-06-14T14:27:41.476+0000] {processor.py:826} INFO - Processing file /usr/local/lib/python3.8/dist-packages/airflow/example_dags/example_task_group_decorator.py for tasks to queue
[2023-06-14T14:27:41.479+0000] {logging_mixin.py:149} INFO - [2023-06-14T14:27:41.479+0000] {dagbag.py:541} INFO - Filling up the DagBag from /usr/local/lib/python3.8/dist-packages/airflow/example_dags/example_task_group_decorator.py
[2023-06-14T14:27:41.492+0000] {processor.py:836} INFO - DAG(s) dict_keys(['example_task_group_decorator']) retrieved from /usr/local/lib/python3.8/dist-packages/airflow/example_dags/example_task_group_decorator.py
[2023-06-14T14:27:41.516+0000] {logging_mixin.py:149} INFO - [2023-06-14T14:27:41.516+0000] {dag.py:2726} INFO - Sync 1 DAGs
[2023-06-14T14:27:41.537+0000] {logging_mixin.py:149} INFO - [2023-06-14T14:27:41.537+0000] {dag.py:3486} INFO - Setting next_dagrun for example_task_group_decorator to 2023-06-13T14:27:41.536920+00:00, run_after=2023-06-14T14:27:41.536920+00:00
[2023-06-14T14:27:41.564+0000] {processor.py:179} INFO - Processing /usr/local/lib/python3.8/dist-packages/airflow/example_dags/example_task_group_decorator.py took 0.093 seconds
[2023-06-14T14:28:35.818+0000] {processor.py:157} INFO - Started process (PID=5726) to work on /usr/local/lib/python3.8/dist-packages/airflow/example_dags/example_task_group_decorator.py
[2023-06-14T14:28:35.819+0000] {processor.py:826} INFO - Processing file /usr/local/lib/python3.8/dist-packages/airflow/example_dags/example_task_group_decorator.py for tasks to queue
[2023-06-14T14:28:35.821+0000] {logging_mixin.py:149} INFO - [2023-06-14T14:28:35.821+0000] {dagbag.py:541} INFO - Filling up the DagBag from /usr/local/lib/python3.8/dist-packages/airflow/example_dags/example_task_group_decorator.py
[2023-06-14T14:28:35.835+0000] {processor.py:836} INFO - DAG(s) dict_keys(['example_task_group_decorator']) retrieved from /usr/local/lib/python3.8/dist-packages/airflow/example_dags/example_task_group_decorator.py
[2023-06-14T14:28:35.859+0000] {logging_mixin.py:149} INFO - [2023-06-14T14:28:35.859+0000] {dag.py:2726} INFO - Sync 1 DAGs
[2023-06-14T14:28:35.880+0000] {logging_mixin.py:149} INFO - [2023-06-14T14:28:35.880+0000] {dag.py:3486} INFO - Setting next_dagrun for example_task_group_decorator to 2023-06-13T14:28:35.880346+00:00, run_after=2023-06-14T14:28:35.880346+00:00
[2023-06-14T14:28:35.910+0000] {processor.py:179} INFO - Processing /usr/local/lib/python3.8/dist-packages/airflow/example_dags/example_task_group_decorator.py took 0.096 seconds
[2023-06-14T14:29:24.915+0000] {processor.py:157} INFO - Started process (PID=5984) to work on /usr/local/lib/python3.8/dist-packages/airflow/example_dags/example_task_group_decorator.py
[2023-06-14T14:29:24.916+0000] {processor.py:826} INFO - Processing file /usr/local/lib/python3.8/dist-packages/airflow/example_dags/example_task_group_decorator.py for tasks to queue
[2023-06-14T14:29:24.919+0000] {logging_mixin.py:149} INFO - [2023-06-14T14:29:24.919+0000] {dagbag.py:541} INFO - Filling up the DagBag from /usr/local/lib/python3.8/dist-packages/airflow/example_dags/example_task_group_decorator.py
[2023-06-14T14:29:24.932+0000] {processor.py:836} INFO - DAG(s) dict_keys(['example_task_group_decorator']) retrieved from /usr/local/lib/python3.8/dist-packages/airflow/example_dags/example_task_group_decorator.py
[2023-06-14T14:29:24.956+0000] {logging_mixin.py:149} INFO - [2023-06-14T14:29:24.955+0000] {dag.py:2726} INFO - Sync 1 DAGs
[2023-06-14T14:29:24.976+0000] {logging_mixin.py:149} INFO - [2023-06-14T14:29:24.976+0000] {dag.py:3486} INFO - Setting next_dagrun for example_task_group_decorator to 2023-06-13T14:29:24.976142+00:00, run_after=2023-06-14T14:29:24.976142+00:00
[2023-06-14T14:29:25.004+0000] {processor.py:179} INFO - Processing /usr/local/lib/python3.8/dist-packages/airflow/example_dags/example_task_group_decorator.py took 0.093 seconds
[2023-06-14T14:30:20.465+0000] {processor.py:157} INFO - Started process (PID=6142) to work on /usr/local/lib/python3.8/dist-packages/airflow/example_dags/example_task_group_decorator.py
[2023-06-14T14:30:20.467+0000] {processor.py:826} INFO - Processing file /usr/local/lib/python3.8/dist-packages/airflow/example_dags/example_task_group_decorator.py for tasks to queue
[2023-06-14T14:30:20.469+0000] {logging_mixin.py:149} INFO - [2023-06-14T14:30:20.469+0000] {dagbag.py:541} INFO - Filling up the DagBag from /usr/local/lib/python3.8/dist-packages/airflow/example_dags/example_task_group_decorator.py
[2023-06-14T14:30:20.482+0000] {processor.py:836} INFO - DAG(s) dict_keys(['example_task_group_decorator']) retrieved from /usr/local/lib/python3.8/dist-packages/airflow/example_dags/example_task_group_decorator.py
[2023-06-14T14:30:20.505+0000] {logging_mixin.py:149} INFO - [2023-06-14T14:30:20.505+0000] {dag.py:2726} INFO - Sync 1 DAGs
[2023-06-14T14:30:20.525+0000] {logging_mixin.py:149} INFO - [2023-06-14T14:30:20.525+0000] {dag.py:3486} INFO - Setting next_dagrun for example_task_group_decorator to 2023-06-13T14:30:20.524732+00:00, run_after=2023-06-14T14:30:20.524732+00:00
[2023-06-14T14:30:20.554+0000] {processor.py:179} INFO - Processing /usr/local/lib/python3.8/dist-packages/airflow/example_dags/example_task_group_decorator.py took 0.092 seconds
[2023-06-14T14:31:14.406+0000] {processor.py:157} INFO - Started process (PID=6299) to work on /usr/local/lib/python3.8/dist-packages/airflow/example_dags/example_task_group_decorator.py
[2023-06-14T14:31:14.407+0000] {processor.py:826} INFO - Processing file /usr/local/lib/python3.8/dist-packages/airflow/example_dags/example_task_group_decorator.py for tasks to queue
[2023-06-14T14:31:14.410+0000] {logging_mixin.py:149} INFO - [2023-06-14T14:31:14.410+0000] {dagbag.py:541} INFO - Filling up the DagBag from /usr/local/lib/python3.8/dist-packages/airflow/example_dags/example_task_group_decorator.py
[2023-06-14T14:31:14.423+0000] {processor.py:836} INFO - DAG(s) dict_keys(['example_task_group_decorator']) retrieved from /usr/local/lib/python3.8/dist-packages/airflow/example_dags/example_task_group_decorator.py
[2023-06-14T14:31:14.446+0000] {logging_mixin.py:149} INFO - [2023-06-14T14:31:14.446+0000] {dag.py:2726} INFO - Sync 1 DAGs
[2023-06-14T14:31:14.466+0000] {logging_mixin.py:149} INFO - [2023-06-14T14:31:14.466+0000] {dag.py:3486} INFO - Setting next_dagrun for example_task_group_decorator to 2023-06-13T14:31:14.466523+00:00, run_after=2023-06-14T14:31:14.466523+00:00
[2023-06-14T14:31:14.499+0000] {processor.py:179} INFO - Processing /usr/local/lib/python3.8/dist-packages/airflow/example_dags/example_task_group_decorator.py took 0.097 seconds
[2023-06-14T14:32:04.822+0000] {processor.py:157} INFO - Started process (PID=6461) to work on /usr/local/lib/python3.8/dist-packages/airflow/example_dags/example_task_group_decorator.py
[2023-06-14T14:32:04.828+0000] {processor.py:826} INFO - Processing file /usr/local/lib/python3.8/dist-packages/airflow/example_dags/example_task_group_decorator.py for tasks to queue
[2023-06-14T14:32:04.830+0000] {logging_mixin.py:149} INFO - [2023-06-14T14:32:04.830+0000] {dagbag.py:541} INFO - Filling up the DagBag from /usr/local/lib/python3.8/dist-packages/airflow/example_dags/example_task_group_decorator.py
[2023-06-14T14:32:04.843+0000] {processor.py:836} INFO - DAG(s) dict_keys(['example_task_group_decorator']) retrieved from /usr/local/lib/python3.8/dist-packages/airflow/example_dags/example_task_group_decorator.py
[2023-06-14T14:32:04.867+0000] {logging_mixin.py:149} INFO - [2023-06-14T14:32:04.867+0000] {dag.py:2726} INFO - Sync 1 DAGs
[2023-06-14T14:32:04.888+0000] {logging_mixin.py:149} INFO - [2023-06-14T14:32:04.888+0000] {dag.py:3486} INFO - Setting next_dagrun for example_task_group_decorator to 2023-06-13T14:32:04.887745+00:00, run_after=2023-06-14T14:32:04.887745+00:00
[2023-06-14T14:32:04.915+0000] {processor.py:179} INFO - Processing /usr/local/lib/python3.8/dist-packages/airflow/example_dags/example_task_group_decorator.py took 0.097 seconds
[2023-06-14T14:32:56.459+0000] {processor.py:157} INFO - Started process (PID=6616) to work on /usr/local/lib/python3.8/dist-packages/airflow/example_dags/example_task_group_decorator.py
[2023-06-14T14:32:56.460+0000] {processor.py:826} INFO - Processing file /usr/local/lib/python3.8/dist-packages/airflow/example_dags/example_task_group_decorator.py for tasks to queue
[2023-06-14T14:32:56.463+0000] {logging_mixin.py:149} INFO - [2023-06-14T14:32:56.463+0000] {dagbag.py:541} INFO - Filling up the DagBag from /usr/local/lib/python3.8/dist-packages/airflow/example_dags/example_task_group_decorator.py
[2023-06-14T14:32:56.476+0000] {processor.py:836} INFO - DAG(s) dict_keys(['example_task_group_decorator']) retrieved from /usr/local/lib/python3.8/dist-packages/airflow/example_dags/example_task_group_decorator.py
[2023-06-14T14:32:56.500+0000] {logging_mixin.py:149} INFO - [2023-06-14T14:32:56.500+0000] {dag.py:2726} INFO - Sync 1 DAGs
[2023-06-14T14:32:56.521+0000] {logging_mixin.py:149} INFO - [2023-06-14T14:32:56.520+0000] {dag.py:3486} INFO - Setting next_dagrun for example_task_group_decorator to 2023-06-13T14:32:56.520525+00:00, run_after=2023-06-14T14:32:56.520525+00:00
[2023-06-14T14:32:56.549+0000] {processor.py:179} INFO - Processing /usr/local/lib/python3.8/dist-packages/airflow/example_dags/example_task_group_decorator.py took 0.094 seconds
[2023-06-14T14:33:47.551+0000] {processor.py:157} INFO - Started process (PID=6668) to work on /usr/local/lib/python3.8/dist-packages/airflow/example_dags/example_task_group_decorator.py
[2023-06-14T14:33:47.552+0000] {processor.py:826} INFO - Processing file /usr/local/lib/python3.8/dist-packages/airflow/example_dags/example_task_group_decorator.py for tasks to queue
[2023-06-14T14:33:47.555+0000] {logging_mixin.py:149} INFO - [2023-06-14T14:33:47.555+0000] {dagbag.py:541} INFO - Filling up the DagBag from /usr/local/lib/python3.8/dist-packages/airflow/example_dags/example_task_group_decorator.py
[2023-06-14T14:33:47.569+0000] {processor.py:836} INFO - DAG(s) dict_keys(['example_task_group_decorator']) retrieved from /usr/local/lib/python3.8/dist-packages/airflow/example_dags/example_task_group_decorator.py
[2023-06-14T14:33:47.592+0000] {logging_mixin.py:149} INFO - [2023-06-14T14:33:47.592+0000] {dag.py:2726} INFO - Sync 1 DAGs
[2023-06-14T14:33:47.612+0000] {logging_mixin.py:149} INFO - [2023-06-14T14:33:47.612+0000] {dag.py:3486} INFO - Setting next_dagrun for example_task_group_decorator to 2023-06-13T14:33:47.612395+00:00, run_after=2023-06-14T14:33:47.612395+00:00
[2023-06-14T14:33:47.639+0000] {processor.py:179} INFO - Processing /usr/local/lib/python3.8/dist-packages/airflow/example_dags/example_task_group_decorator.py took 0.092 seconds
[2023-06-14T14:34:44.091+0000] {processor.py:157} INFO - Started process (PID=6928) to work on /usr/local/lib/python3.8/dist-packages/airflow/example_dags/example_task_group_decorator.py
[2023-06-14T14:34:44.093+0000] {processor.py:826} INFO - Processing file /usr/local/lib/python3.8/dist-packages/airflow/example_dags/example_task_group_decorator.py for tasks to queue
[2023-06-14T14:34:44.095+0000] {logging_mixin.py:149} INFO - [2023-06-14T14:34:44.095+0000] {dagbag.py:541} INFO - Filling up the DagBag from /usr/local/lib/python3.8/dist-packages/airflow/example_dags/example_task_group_decorator.py
[2023-06-14T14:34:44.108+0000] {processor.py:836} INFO - DAG(s) dict_keys(['example_task_group_decorator']) retrieved from /usr/local/lib/python3.8/dist-packages/airflow/example_dags/example_task_group_decorator.py
[2023-06-14T14:34:44.132+0000] {logging_mixin.py:149} INFO - [2023-06-14T14:34:44.131+0000] {dag.py:2726} INFO - Sync 1 DAGs
[2023-06-14T14:34:44.152+0000] {logging_mixin.py:149} INFO - [2023-06-14T14:34:44.152+0000] {dag.py:3486} INFO - Setting next_dagrun for example_task_group_decorator to 2023-06-13T14:34:44.152268+00:00, run_after=2023-06-14T14:34:44.152268+00:00
[2023-06-14T14:34:44.180+0000] {processor.py:179} INFO - Processing /usr/local/lib/python3.8/dist-packages/airflow/example_dags/example_task_group_decorator.py took 0.093 seconds
[2023-06-14T14:35:34.797+0000] {processor.py:157} INFO - Started process (PID=7088) to work on /usr/local/lib/python3.8/dist-packages/airflow/example_dags/example_task_group_decorator.py
[2023-06-14T14:35:34.799+0000] {processor.py:826} INFO - Processing file /usr/local/lib/python3.8/dist-packages/airflow/example_dags/example_task_group_decorator.py for tasks to queue
[2023-06-14T14:35:34.801+0000] {logging_mixin.py:149} INFO - [2023-06-14T14:35:34.801+0000] {dagbag.py:541} INFO - Filling up the DagBag from /usr/local/lib/python3.8/dist-packages/airflow/example_dags/example_task_group_decorator.py
[2023-06-14T14:35:34.814+0000] {processor.py:836} INFO - DAG(s) dict_keys(['example_task_group_decorator']) retrieved from /usr/local/lib/python3.8/dist-packages/airflow/example_dags/example_task_group_decorator.py
[2023-06-14T14:35:34.838+0000] {logging_mixin.py:149} INFO - [2023-06-14T14:35:34.838+0000] {dag.py:2726} INFO - Sync 1 DAGs
[2023-06-14T14:35:34.858+0000] {logging_mixin.py:149} INFO - [2023-06-14T14:35:34.858+0000] {dag.py:3486} INFO - Setting next_dagrun for example_task_group_decorator to 2023-06-13T14:35:34.858404+00:00, run_after=2023-06-14T14:35:34.858404+00:00
[2023-06-14T14:35:34.890+0000] {processor.py:179} INFO - Processing /usr/local/lib/python3.8/dist-packages/airflow/example_dags/example_task_group_decorator.py took 0.097 seconds
[2023-06-14T14:36:25.376+0000] {processor.py:157} INFO - Started process (PID=7244) to work on /usr/local/lib/python3.8/dist-packages/airflow/example_dags/example_task_group_decorator.py
[2023-06-14T14:36:25.377+0000] {processor.py:826} INFO - Processing file /usr/local/lib/python3.8/dist-packages/airflow/example_dags/example_task_group_decorator.py for tasks to queue
[2023-06-14T14:36:25.379+0000] {logging_mixin.py:149} INFO - [2023-06-14T14:36:25.379+0000] {dagbag.py:541} INFO - Filling up the DagBag from /usr/local/lib/python3.8/dist-packages/airflow/example_dags/example_task_group_decorator.py
[2023-06-14T14:36:25.392+0000] {processor.py:836} INFO - DAG(s) dict_keys(['example_task_group_decorator']) retrieved from /usr/local/lib/python3.8/dist-packages/airflow/example_dags/example_task_group_decorator.py
[2023-06-14T14:36:25.416+0000] {logging_mixin.py:149} INFO - [2023-06-14T14:36:25.415+0000] {dag.py:2726} INFO - Sync 1 DAGs
[2023-06-14T14:36:25.436+0000] {logging_mixin.py:149} INFO - [2023-06-14T14:36:25.435+0000] {dag.py:3486} INFO - Setting next_dagrun for example_task_group_decorator to 2023-06-13T14:36:25.435650+00:00, run_after=2023-06-14T14:36:25.435650+00:00
[2023-06-14T14:36:25.462+0000] {processor.py:179} INFO - Processing /usr/local/lib/python3.8/dist-packages/airflow/example_dags/example_task_group_decorator.py took 0.090 seconds
[2023-06-14T14:37:17.178+0000] {processor.py:157} INFO - Started process (PID=7405) to work on /usr/local/lib/python3.8/dist-packages/airflow/example_dags/example_task_group_decorator.py
[2023-06-14T14:37:17.180+0000] {processor.py:826} INFO - Processing file /usr/local/lib/python3.8/dist-packages/airflow/example_dags/example_task_group_decorator.py for tasks to queue
[2023-06-14T14:37:17.183+0000] {logging_mixin.py:149} INFO - [2023-06-14T14:37:17.182+0000] {dagbag.py:541} INFO - Filling up the DagBag from /usr/local/lib/python3.8/dist-packages/airflow/example_dags/example_task_group_decorator.py
[2023-06-14T14:37:17.196+0000] {processor.py:836} INFO - DAG(s) dict_keys(['example_task_group_decorator']) retrieved from /usr/local/lib/python3.8/dist-packages/airflow/example_dags/example_task_group_decorator.py
[2023-06-14T14:37:17.220+0000] {logging_mixin.py:149} INFO - [2023-06-14T14:37:17.220+0000] {dag.py:2726} INFO - Sync 1 DAGs
[2023-06-14T14:37:17.241+0000] {logging_mixin.py:149} INFO - [2023-06-14T14:37:17.240+0000] {dag.py:3486} INFO - Setting next_dagrun for example_task_group_decorator to 2023-06-13T14:37:17.240620+00:00, run_after=2023-06-14T14:37:17.240620+00:00
[2023-06-14T14:37:17.274+0000] {processor.py:179} INFO - Processing /usr/local/lib/python3.8/dist-packages/airflow/example_dags/example_task_group_decorator.py took 0.099 seconds
[2023-06-14T14:38:09.888+0000] {processor.py:157} INFO - Started process (PID=7561) to work on /usr/local/lib/python3.8/dist-packages/airflow/example_dags/example_task_group_decorator.py
[2023-06-14T14:38:09.889+0000] {processor.py:826} INFO - Processing file /usr/local/lib/python3.8/dist-packages/airflow/example_dags/example_task_group_decorator.py for tasks to queue
[2023-06-14T14:38:09.891+0000] {logging_mixin.py:149} INFO - [2023-06-14T14:38:09.891+0000] {dagbag.py:541} INFO - Filling up the DagBag from /usr/local/lib/python3.8/dist-packages/airflow/example_dags/example_task_group_decorator.py
[2023-06-14T14:38:09.904+0000] {processor.py:836} INFO - DAG(s) dict_keys(['example_task_group_decorator']) retrieved from /usr/local/lib/python3.8/dist-packages/airflow/example_dags/example_task_group_decorator.py
[2023-06-14T14:38:09.929+0000] {logging_mixin.py:149} INFO - [2023-06-14T14:38:09.928+0000] {dag.py:2726} INFO - Sync 1 DAGs
[2023-06-14T14:38:09.950+0000] {logging_mixin.py:149} INFO - [2023-06-14T14:38:09.950+0000] {dag.py:3486} INFO - Setting next_dagrun for example_task_group_decorator to 2023-06-13T14:38:09.949357+00:00, run_after=2023-06-14T14:38:09.949357+00:00
[2023-06-14T14:38:09.981+0000] {processor.py:179} INFO - Processing /usr/local/lib/python3.8/dist-packages/airflow/example_dags/example_task_group_decorator.py took 0.098 seconds
[2023-06-14T14:38:58.322+0000] {processor.py:157} INFO - Started process (PID=7714) to work on /usr/local/lib/python3.8/dist-packages/airflow/example_dags/example_task_group_decorator.py
[2023-06-14T14:38:58.324+0000] {processor.py:826} INFO - Processing file /usr/local/lib/python3.8/dist-packages/airflow/example_dags/example_task_group_decorator.py for tasks to queue
[2023-06-14T14:38:58.327+0000] {logging_mixin.py:149} INFO - [2023-06-14T14:38:58.326+0000] {dagbag.py:541} INFO - Filling up the DagBag from /usr/local/lib/python3.8/dist-packages/airflow/example_dags/example_task_group_decorator.py
[2023-06-14T14:38:58.340+0000] {processor.py:836} INFO - DAG(s) dict_keys(['example_task_group_decorator']) retrieved from /usr/local/lib/python3.8/dist-packages/airflow/example_dags/example_task_group_decorator.py
[2023-06-14T14:38:58.363+0000] {logging_mixin.py:149} INFO - [2023-06-14T14:38:58.363+0000] {dag.py:2726} INFO - Sync 1 DAGs
[2023-06-14T14:38:58.383+0000] {logging_mixin.py:149} INFO - [2023-06-14T14:38:58.383+0000] {dag.py:3486} INFO - Setting next_dagrun for example_task_group_decorator to 2023-06-13T14:38:58.383385+00:00, run_after=2023-06-14T14:38:58.383385+00:00
[2023-06-14T14:38:58.417+0000] {processor.py:179} INFO - Processing /usr/local/lib/python3.8/dist-packages/airflow/example_dags/example_task_group_decorator.py took 0.098 seconds
[2023-06-14T14:39:46.976+0000] {processor.py:157} INFO - Started process (PID=7764) to work on /usr/local/lib/python3.8/dist-packages/airflow/example_dags/example_task_group_decorator.py
[2023-06-14T14:39:46.977+0000] {processor.py:826} INFO - Processing file /usr/local/lib/python3.8/dist-packages/airflow/example_dags/example_task_group_decorator.py for tasks to queue
[2023-06-14T14:39:46.979+0000] {logging_mixin.py:149} INFO - [2023-06-14T14:39:46.979+0000] {dagbag.py:541} INFO - Filling up the DagBag from /usr/local/lib/python3.8/dist-packages/airflow/example_dags/example_task_group_decorator.py
[2023-06-14T14:39:46.992+0000] {processor.py:836} INFO - DAG(s) dict_keys(['example_task_group_decorator']) retrieved from /usr/local/lib/python3.8/dist-packages/airflow/example_dags/example_task_group_decorator.py
[2023-06-14T14:39:47.016+0000] {logging_mixin.py:149} INFO - [2023-06-14T14:39:47.016+0000] {dag.py:2726} INFO - Sync 1 DAGs
[2023-06-14T14:39:47.038+0000] {logging_mixin.py:149} INFO - [2023-06-14T14:39:47.037+0000] {dag.py:3486} INFO - Setting next_dagrun for example_task_group_decorator to 2023-06-13T14:39:47.037520+00:00, run_after=2023-06-14T14:39:47.037520+00:00
[2023-06-14T14:39:47.065+0000] {processor.py:179} INFO - Processing /usr/local/lib/python3.8/dist-packages/airflow/example_dags/example_task_group_decorator.py took 0.094 seconds
[2023-06-14T14:40:41.052+0000] {processor.py:157} INFO - Started process (PID=7921) to work on /usr/local/lib/python3.8/dist-packages/airflow/example_dags/example_task_group_decorator.py
[2023-06-14T14:40:41.053+0000] {processor.py:826} INFO - Processing file /usr/local/lib/python3.8/dist-packages/airflow/example_dags/example_task_group_decorator.py for tasks to queue
[2023-06-14T14:40:41.056+0000] {logging_mixin.py:149} INFO - [2023-06-14T14:40:41.055+0000] {dagbag.py:541} INFO - Filling up the DagBag from /usr/local/lib/python3.8/dist-packages/airflow/example_dags/example_task_group_decorator.py
[2023-06-14T14:40:41.069+0000] {processor.py:836} INFO - DAG(s) dict_keys(['example_task_group_decorator']) retrieved from /usr/local/lib/python3.8/dist-packages/airflow/example_dags/example_task_group_decorator.py
[2023-06-14T14:40:41.092+0000] {logging_mixin.py:149} INFO - [2023-06-14T14:40:41.092+0000] {dag.py:2726} INFO - Sync 1 DAGs
[2023-06-14T14:40:41.112+0000] {logging_mixin.py:149} INFO - [2023-06-14T14:40:41.112+0000] {dag.py:3486} INFO - Setting next_dagrun for example_task_group_decorator to 2023-06-13T14:40:41.112103+00:00, run_after=2023-06-14T14:40:41.112103+00:00
[2023-06-14T14:40:41.143+0000] {processor.py:179} INFO - Processing /usr/local/lib/python3.8/dist-packages/airflow/example_dags/example_task_group_decorator.py took 0.095 seconds
[2023-06-14T14:41:34.950+0000] {processor.py:157} INFO - Started process (PID=8079) to work on /usr/local/lib/python3.8/dist-packages/airflow/example_dags/example_task_group_decorator.py
[2023-06-14T14:41:34.951+0000] {processor.py:826} INFO - Processing file /usr/local/lib/python3.8/dist-packages/airflow/example_dags/example_task_group_decorator.py for tasks to queue
[2023-06-14T14:41:34.954+0000] {logging_mixin.py:149} INFO - [2023-06-14T14:41:34.954+0000] {dagbag.py:541} INFO - Filling up the DagBag from /usr/local/lib/python3.8/dist-packages/airflow/example_dags/example_task_group_decorator.py
[2023-06-14T14:41:34.967+0000] {processor.py:836} INFO - DAG(s) dict_keys(['example_task_group_decorator']) retrieved from /usr/local/lib/python3.8/dist-packages/airflow/example_dags/example_task_group_decorator.py
[2023-06-14T14:41:34.991+0000] {logging_mixin.py:149} INFO - [2023-06-14T14:41:34.990+0000] {dag.py:2726} INFO - Sync 1 DAGs
[2023-06-14T14:41:35.011+0000] {logging_mixin.py:149} INFO - [2023-06-14T14:41:35.011+0000] {dag.py:3486} INFO - Setting next_dagrun for example_task_group_decorator to 2023-06-13T14:41:35.010642+00:00, run_after=2023-06-14T14:41:35.010642+00:00
[2023-06-14T14:41:35.039+0000] {processor.py:179} INFO - Processing /usr/local/lib/python3.8/dist-packages/airflow/example_dags/example_task_group_decorator.py took 0.093 seconds
[2023-06-14T14:42:29.196+0000] {processor.py:157} INFO - Started process (PID=8241) to work on /usr/local/lib/python3.8/dist-packages/airflow/example_dags/example_task_group_decorator.py
[2023-06-14T14:42:29.198+0000] {processor.py:826} INFO - Processing file /usr/local/lib/python3.8/dist-packages/airflow/example_dags/example_task_group_decorator.py for tasks to queue
[2023-06-14T14:42:29.200+0000] {logging_mixin.py:149} INFO - [2023-06-14T14:42:29.200+0000] {dagbag.py:541} INFO - Filling up the DagBag from /usr/local/lib/python3.8/dist-packages/airflow/example_dags/example_task_group_decorator.py
[2023-06-14T14:42:29.214+0000] {processor.py:836} INFO - DAG(s) dict_keys(['example_task_group_decorator']) retrieved from /usr/local/lib/python3.8/dist-packages/airflow/example_dags/example_task_group_decorator.py
[2023-06-14T14:42:29.239+0000] {logging_mixin.py:149} INFO - [2023-06-14T14:42:29.239+0000] {dag.py:2726} INFO - Sync 1 DAGs
[2023-06-14T14:42:29.259+0000] {logging_mixin.py:149} INFO - [2023-06-14T14:42:29.259+0000] {dag.py:3486} INFO - Setting next_dagrun for example_task_group_decorator to 2023-06-13T14:42:29.259467+00:00, run_after=2023-06-14T14:42:29.259467+00:00
[2023-06-14T14:42:29.289+0000] {processor.py:179} INFO - Processing /usr/local/lib/python3.8/dist-packages/airflow/example_dags/example_task_group_decorator.py took 0.097 seconds
[2023-06-14T14:43:25.918+0000] {processor.py:157} INFO - Started process (PID=8399) to work on /usr/local/lib/python3.8/dist-packages/airflow/example_dags/example_task_group_decorator.py
[2023-06-14T14:43:25.919+0000] {processor.py:826} INFO - Processing file /usr/local/lib/python3.8/dist-packages/airflow/example_dags/example_task_group_decorator.py for tasks to queue
[2023-06-14T14:43:25.922+0000] {logging_mixin.py:149} INFO - [2023-06-14T14:43:25.922+0000] {dagbag.py:541} INFO - Filling up the DagBag from /usr/local/lib/python3.8/dist-packages/airflow/example_dags/example_task_group_decorator.py
[2023-06-14T14:43:25.937+0000] {processor.py:836} INFO - DAG(s) dict_keys(['example_task_group_decorator']) retrieved from /usr/local/lib/python3.8/dist-packages/airflow/example_dags/example_task_group_decorator.py
[2023-06-14T14:43:25.962+0000] {logging_mixin.py:149} INFO - [2023-06-14T14:43:25.961+0000] {dag.py:2726} INFO - Sync 1 DAGs
[2023-06-14T14:43:25.984+0000] {logging_mixin.py:149} INFO - [2023-06-14T14:43:25.983+0000] {dag.py:3486} INFO - Setting next_dagrun for example_task_group_decorator to 2023-06-13T14:43:25.983573+00:00, run_after=2023-06-14T14:43:25.983573+00:00
[2023-06-14T14:43:26.010+0000] {processor.py:179} INFO - Processing /usr/local/lib/python3.8/dist-packages/airflow/example_dags/example_task_group_decorator.py took 0.097 seconds
[2023-06-14T14:44:20.614+0000] {processor.py:157} INFO - Started process (PID=8658) to work on /usr/local/lib/python3.8/dist-packages/airflow/example_dags/example_task_group_decorator.py
[2023-06-14T14:44:20.616+0000] {processor.py:826} INFO - Processing file /usr/local/lib/python3.8/dist-packages/airflow/example_dags/example_task_group_decorator.py for tasks to queue
[2023-06-14T14:44:20.618+0000] {logging_mixin.py:149} INFO - [2023-06-14T14:44:20.618+0000] {dagbag.py:541} INFO - Filling up the DagBag from /usr/local/lib/python3.8/dist-packages/airflow/example_dags/example_task_group_decorator.py
[2023-06-14T14:44:20.631+0000] {processor.py:836} INFO - DAG(s) dict_keys(['example_task_group_decorator']) retrieved from /usr/local/lib/python3.8/dist-packages/airflow/example_dags/example_task_group_decorator.py
[2023-06-14T14:44:20.656+0000] {logging_mixin.py:149} INFO - [2023-06-14T14:44:20.656+0000] {dag.py:2726} INFO - Sync 1 DAGs
[2023-06-14T14:44:20.677+0000] {logging_mixin.py:149} INFO - [2023-06-14T14:44:20.677+0000] {dag.py:3486} INFO - Setting next_dagrun for example_task_group_decorator to 2023-06-13T14:44:20.677155+00:00, run_after=2023-06-14T14:44:20.677155+00:00
[2023-06-14T14:44:20.708+0000] {processor.py:179} INFO - Processing /usr/local/lib/python3.8/dist-packages/airflow/example_dags/example_task_group_decorator.py took 0.097 seconds
[2023-06-14T14:45:15.533+0000] {processor.py:157} INFO - Started process (PID=8816) to work on /usr/local/lib/python3.8/dist-packages/airflow/example_dags/example_task_group_decorator.py
[2023-06-14T14:45:15.535+0000] {processor.py:826} INFO - Processing file /usr/local/lib/python3.8/dist-packages/airflow/example_dags/example_task_group_decorator.py for tasks to queue
[2023-06-14T14:45:15.537+0000] {logging_mixin.py:149} INFO - [2023-06-14T14:45:15.537+0000] {dagbag.py:541} INFO - Filling up the DagBag from /usr/local/lib/python3.8/dist-packages/airflow/example_dags/example_task_group_decorator.py
[2023-06-14T14:45:15.550+0000] {processor.py:836} INFO - DAG(s) dict_keys(['example_task_group_decorator']) retrieved from /usr/local/lib/python3.8/dist-packages/airflow/example_dags/example_task_group_decorator.py
[2023-06-14T14:45:15.575+0000] {logging_mixin.py:149} INFO - [2023-06-14T14:45:15.574+0000] {dag.py:2726} INFO - Sync 1 DAGs
[2023-06-14T14:45:15.595+0000] {logging_mixin.py:149} INFO - [2023-06-14T14:45:15.595+0000] {dag.py:3486} INFO - Setting next_dagrun for example_task_group_decorator to 2023-06-13T14:45:15.595236+00:00, run_after=2023-06-14T14:45:15.595236+00:00
[2023-06-14T14:45:15.622+0000] {processor.py:179} INFO - Processing /usr/local/lib/python3.8/dist-packages/airflow/example_dags/example_task_group_decorator.py took 0.092 seconds
[2023-06-14T14:46:13.330+0000] {processor.py:157} INFO - Started process (PID=8978) to work on /usr/local/lib/python3.8/dist-packages/airflow/example_dags/example_task_group_decorator.py
[2023-06-14T14:46:13.331+0000] {processor.py:826} INFO - Processing file /usr/local/lib/python3.8/dist-packages/airflow/example_dags/example_task_group_decorator.py for tasks to queue
[2023-06-14T14:46:13.333+0000] {logging_mixin.py:149} INFO - [2023-06-14T14:46:13.333+0000] {dagbag.py:541} INFO - Filling up the DagBag from /usr/local/lib/python3.8/dist-packages/airflow/example_dags/example_task_group_decorator.py
[2023-06-14T14:46:13.347+0000] {processor.py:836} INFO - DAG(s) dict_keys(['example_task_group_decorator']) retrieved from /usr/local/lib/python3.8/dist-packages/airflow/example_dags/example_task_group_decorator.py
[2023-06-14T14:46:13.371+0000] {logging_mixin.py:149} INFO - [2023-06-14T14:46:13.371+0000] {dag.py:2726} INFO - Sync 1 DAGs
[2023-06-14T14:46:13.392+0000] {logging_mixin.py:149} INFO - [2023-06-14T14:46:13.392+0000] {dag.py:3486} INFO - Setting next_dagrun for example_task_group_decorator to 2023-06-13T14:46:13.391780+00:00, run_after=2023-06-14T14:46:13.391780+00:00
[2023-06-14T14:46:13.419+0000] {processor.py:179} INFO - Processing /usr/local/lib/python3.8/dist-packages/airflow/example_dags/example_task_group_decorator.py took 0.093 seconds
[2023-06-14T14:47:03.001+0000] {processor.py:157} INFO - Started process (PID=9136) to work on /usr/local/lib/python3.8/dist-packages/airflow/example_dags/example_task_group_decorator.py
[2023-06-14T14:47:03.003+0000] {processor.py:826} INFO - Processing file /usr/local/lib/python3.8/dist-packages/airflow/example_dags/example_task_group_decorator.py for tasks to queue
[2023-06-14T14:47:03.005+0000] {logging_mixin.py:149} INFO - [2023-06-14T14:47:03.005+0000] {dagbag.py:541} INFO - Filling up the DagBag from /usr/local/lib/python3.8/dist-packages/airflow/example_dags/example_task_group_decorator.py
[2023-06-14T14:47:03.019+0000] {processor.py:836} INFO - DAG(s) dict_keys(['example_task_group_decorator']) retrieved from /usr/local/lib/python3.8/dist-packages/airflow/example_dags/example_task_group_decorator.py
[2023-06-14T14:47:03.044+0000] {logging_mixin.py:149} INFO - [2023-06-14T14:47:03.043+0000] {dag.py:2726} INFO - Sync 1 DAGs
[2023-06-14T14:47:03.067+0000] {logging_mixin.py:149} INFO - [2023-06-14T14:47:03.067+0000] {dag.py:3486} INFO - Setting next_dagrun for example_task_group_decorator to 2023-06-13T14:47:03.066876+00:00, run_after=2023-06-14T14:47:03.066876+00:00
[2023-06-14T14:47:03.100+0000] {processor.py:179} INFO - Processing /usr/local/lib/python3.8/dist-packages/airflow/example_dags/example_task_group_decorator.py took 0.103 seconds
[2023-06-14T14:47:56.529+0000] {processor.py:157} INFO - Started process (PID=9293) to work on /usr/local/lib/python3.8/dist-packages/airflow/example_dags/example_task_group_decorator.py
[2023-06-14T14:47:56.530+0000] {processor.py:826} INFO - Processing file /usr/local/lib/python3.8/dist-packages/airflow/example_dags/example_task_group_decorator.py for tasks to queue
[2023-06-14T14:47:56.533+0000] {logging_mixin.py:149} INFO - [2023-06-14T14:47:56.533+0000] {dagbag.py:541} INFO - Filling up the DagBag from /usr/local/lib/python3.8/dist-packages/airflow/example_dags/example_task_group_decorator.py
[2023-06-14T14:47:56.546+0000] {processor.py:836} INFO - DAG(s) dict_keys(['example_task_group_decorator']) retrieved from /usr/local/lib/python3.8/dist-packages/airflow/example_dags/example_task_group_decorator.py
[2023-06-14T14:47:56.570+0000] {logging_mixin.py:149} INFO - [2023-06-14T14:47:56.569+0000] {dag.py:2726} INFO - Sync 1 DAGs
[2023-06-14T14:47:56.590+0000] {logging_mixin.py:149} INFO - [2023-06-14T14:47:56.589+0000] {dag.py:3486} INFO - Setting next_dagrun for example_task_group_decorator to 2023-06-13T14:47:56.589663+00:00, run_after=2023-06-14T14:47:56.589663+00:00
[2023-06-14T14:47:56.616+0000] {processor.py:179} INFO - Processing /usr/local/lib/python3.8/dist-packages/airflow/example_dags/example_task_group_decorator.py took 0.091 seconds
[2023-06-14T14:48:52.062+0000] {processor.py:157} INFO - Started process (PID=9386) to work on /usr/local/lib/python3.8/dist-packages/airflow/example_dags/example_task_group_decorator.py
[2023-06-14T14:48:52.064+0000] {processor.py:826} INFO - Processing file /usr/local/lib/python3.8/dist-packages/airflow/example_dags/example_task_group_decorator.py for tasks to queue
[2023-06-14T14:48:52.066+0000] {logging_mixin.py:149} INFO - [2023-06-14T14:48:52.066+0000] {dagbag.py:541} INFO - Filling up the DagBag from /usr/local/lib/python3.8/dist-packages/airflow/example_dags/example_task_group_decorator.py
[2023-06-14T14:48:52.083+0000] {processor.py:836} INFO - DAG(s) dict_keys(['example_task_group_decorator']) retrieved from /usr/local/lib/python3.8/dist-packages/airflow/example_dags/example_task_group_decorator.py
[2023-06-14T14:48:52.108+0000] {logging_mixin.py:149} INFO - [2023-06-14T14:48:52.108+0000] {dag.py:2726} INFO - Sync 1 DAGs
[2023-06-14T14:48:52.128+0000] {logging_mixin.py:149} INFO - [2023-06-14T14:48:52.128+0000] {dag.py:3486} INFO - Setting next_dagrun for example_task_group_decorator to 2023-06-13T14:48:52.128377+00:00, run_after=2023-06-14T14:48:52.128377+00:00
[2023-06-14T14:48:52.158+0000] {processor.py:179} INFO - Processing /usr/local/lib/python3.8/dist-packages/airflow/example_dags/example_task_group_decorator.py took 0.103 seconds
[2023-06-14T14:49:47.631+0000] {processor.py:157} INFO - Started process (PID=9607) to work on /usr/local/lib/python3.8/dist-packages/airflow/example_dags/example_task_group_decorator.py
[2023-06-14T14:49:47.632+0000] {processor.py:826} INFO - Processing file /usr/local/lib/python3.8/dist-packages/airflow/example_dags/example_task_group_decorator.py for tasks to queue
[2023-06-14T14:49:47.635+0000] {logging_mixin.py:149} INFO - [2023-06-14T14:49:47.635+0000] {dagbag.py:541} INFO - Filling up the DagBag from /usr/local/lib/python3.8/dist-packages/airflow/example_dags/example_task_group_decorator.py
[2023-06-14T14:49:47.648+0000] {processor.py:836} INFO - DAG(s) dict_keys(['example_task_group_decorator']) retrieved from /usr/local/lib/python3.8/dist-packages/airflow/example_dags/example_task_group_decorator.py
[2023-06-14T14:49:47.671+0000] {logging_mixin.py:149} INFO - [2023-06-14T14:49:47.671+0000] {dag.py:2726} INFO - Sync 1 DAGs
[2023-06-14T14:49:47.692+0000] {logging_mixin.py:149} INFO - [2023-06-14T14:49:47.692+0000] {dag.py:3486} INFO - Setting next_dagrun for example_task_group_decorator to 2023-06-13T14:49:47.691978+00:00, run_after=2023-06-14T14:49:47.691978+00:00
[2023-06-14T14:49:47.718+0000] {processor.py:179} INFO - Processing /usr/local/lib/python3.8/dist-packages/airflow/example_dags/example_task_group_decorator.py took 0.091 seconds
[2023-06-14T14:50:41.536+0000] {processor.py:157} INFO - Started process (PID=9765) to work on /usr/local/lib/python3.8/dist-packages/airflow/example_dags/example_task_group_decorator.py
[2023-06-14T14:50:41.538+0000] {processor.py:826} INFO - Processing file /usr/local/lib/python3.8/dist-packages/airflow/example_dags/example_task_group_decorator.py for tasks to queue
[2023-06-14T14:50:41.540+0000] {logging_mixin.py:149} INFO - [2023-06-14T14:50:41.540+0000] {dagbag.py:541} INFO - Filling up the DagBag from /usr/local/lib/python3.8/dist-packages/airflow/example_dags/example_task_group_decorator.py
[2023-06-14T14:50:41.553+0000] {processor.py:836} INFO - DAG(s) dict_keys(['example_task_group_decorator']) retrieved from /usr/local/lib/python3.8/dist-packages/airflow/example_dags/example_task_group_decorator.py
[2023-06-14T14:50:41.576+0000] {logging_mixin.py:149} INFO - [2023-06-14T14:50:41.576+0000] {dag.py:2726} INFO - Sync 1 DAGs
[2023-06-14T14:50:41.597+0000] {logging_mixin.py:149} INFO - [2023-06-14T14:50:41.596+0000] {dag.py:3486} INFO - Setting next_dagrun for example_task_group_decorator to 2023-06-13T14:50:41.596446+00:00, run_after=2023-06-14T14:50:41.596446+00:00
[2023-06-14T14:50:41.623+0000] {processor.py:179} INFO - Processing /usr/local/lib/python3.8/dist-packages/airflow/example_dags/example_task_group_decorator.py took 0.091 seconds
[2023-06-14T14:51:31.162+0000] {processor.py:157} INFO - Started process (PID=9920) to work on /usr/local/lib/python3.8/dist-packages/airflow/example_dags/example_task_group_decorator.py
[2023-06-14T14:51:31.164+0000] {processor.py:826} INFO - Processing file /usr/local/lib/python3.8/dist-packages/airflow/example_dags/example_task_group_decorator.py for tasks to queue
[2023-06-14T14:51:31.166+0000] {logging_mixin.py:149} INFO - [2023-06-14T14:51:31.166+0000] {dagbag.py:541} INFO - Filling up the DagBag from /usr/local/lib/python3.8/dist-packages/airflow/example_dags/example_task_group_decorator.py
[2023-06-14T14:51:31.179+0000] {processor.py:836} INFO - DAG(s) dict_keys(['example_task_group_decorator']) retrieved from /usr/local/lib/python3.8/dist-packages/airflow/example_dags/example_task_group_decorator.py
[2023-06-14T14:51:31.203+0000] {logging_mixin.py:149} INFO - [2023-06-14T14:51:31.202+0000] {dag.py:2726} INFO - Sync 1 DAGs
[2023-06-14T14:51:31.223+0000] {logging_mixin.py:149} INFO - [2023-06-14T14:51:31.223+0000] {dag.py:3486} INFO - Setting next_dagrun for example_task_group_decorator to 2023-06-13T14:51:31.222850+00:00, run_after=2023-06-14T14:51:31.222850+00:00
[2023-06-14T14:51:31.253+0000] {processor.py:179} INFO - Processing /usr/local/lib/python3.8/dist-packages/airflow/example_dags/example_task_group_decorator.py took 0.095 seconds
[2023-06-14T14:52:18.104+0000] {processor.py:157} INFO - Started process (PID=10076) to work on /usr/local/lib/python3.8/dist-packages/airflow/example_dags/example_task_group_decorator.py
[2023-06-14T14:52:18.106+0000] {processor.py:826} INFO - Processing file /usr/local/lib/python3.8/dist-packages/airflow/example_dags/example_task_group_decorator.py for tasks to queue
[2023-06-14T14:52:18.108+0000] {logging_mixin.py:149} INFO - [2023-06-14T14:52:18.108+0000] {dagbag.py:541} INFO - Filling up the DagBag from /usr/local/lib/python3.8/dist-packages/airflow/example_dags/example_task_group_decorator.py
[2023-06-14T14:52:18.122+0000] {processor.py:836} INFO - DAG(s) dict_keys(['example_task_group_decorator']) retrieved from /usr/local/lib/python3.8/dist-packages/airflow/example_dags/example_task_group_decorator.py
[2023-06-14T14:52:18.146+0000] {logging_mixin.py:149} INFO - [2023-06-14T14:52:18.145+0000] {dag.py:2726} INFO - Sync 1 DAGs
[2023-06-14T14:52:18.167+0000] {logging_mixin.py:149} INFO - [2023-06-14T14:52:18.167+0000] {dag.py:3486} INFO - Setting next_dagrun for example_task_group_decorator to 2023-06-13T14:52:18.167104+00:00, run_after=2023-06-14T14:52:18.167104+00:00
[2023-06-14T14:52:18.195+0000] {processor.py:179} INFO - Processing /usr/local/lib/python3.8/dist-packages/airflow/example_dags/example_task_group_decorator.py took 0.094 seconds
[2023-06-14T14:53:09.730+0000] {processor.py:157} INFO - Started process (PID=10231) to work on /usr/local/lib/python3.8/dist-packages/airflow/example_dags/example_task_group_decorator.py
[2023-06-14T14:53:09.731+0000] {processor.py:826} INFO - Processing file /usr/local/lib/python3.8/dist-packages/airflow/example_dags/example_task_group_decorator.py for tasks to queue
[2023-06-14T14:53:09.733+0000] {logging_mixin.py:149} INFO - [2023-06-14T14:53:09.733+0000] {dagbag.py:541} INFO - Filling up the DagBag from /usr/local/lib/python3.8/dist-packages/airflow/example_dags/example_task_group_decorator.py
[2023-06-14T14:53:09.746+0000] {processor.py:836} INFO - DAG(s) dict_keys(['example_task_group_decorator']) retrieved from /usr/local/lib/python3.8/dist-packages/airflow/example_dags/example_task_group_decorator.py
[2023-06-14T14:53:09.770+0000] {logging_mixin.py:149} INFO - [2023-06-14T14:53:09.770+0000] {dag.py:2726} INFO - Sync 1 DAGs
[2023-06-14T14:53:09.790+0000] {logging_mixin.py:149} INFO - [2023-06-14T14:53:09.790+0000] {dag.py:3486} INFO - Setting next_dagrun for example_task_group_decorator to 2023-06-13T14:53:09.789967+00:00, run_after=2023-06-14T14:53:09.789967+00:00
[2023-06-14T14:53:09.818+0000] {processor.py:179} INFO - Processing /usr/local/lib/python3.8/dist-packages/airflow/example_dags/example_task_group_decorator.py took 0.093 seconds
[2023-06-14T14:54:03.716+0000] {processor.py:157} INFO - Started process (PID=10492) to work on /usr/local/lib/python3.8/dist-packages/airflow/example_dags/example_task_group_decorator.py
[2023-06-14T14:54:03.717+0000] {processor.py:826} INFO - Processing file /usr/local/lib/python3.8/dist-packages/airflow/example_dags/example_task_group_decorator.py for tasks to queue
[2023-06-14T14:54:03.719+0000] {logging_mixin.py:149} INFO - [2023-06-14T14:54:03.719+0000] {dagbag.py:541} INFO - Filling up the DagBag from /usr/local/lib/python3.8/dist-packages/airflow/example_dags/example_task_group_decorator.py
[2023-06-14T14:54:03.732+0000] {processor.py:836} INFO - DAG(s) dict_keys(['example_task_group_decorator']) retrieved from /usr/local/lib/python3.8/dist-packages/airflow/example_dags/example_task_group_decorator.py
[2023-06-14T14:54:03.756+0000] {logging_mixin.py:149} INFO - [2023-06-14T14:54:03.755+0000] {dag.py:2726} INFO - Sync 1 DAGs
[2023-06-14T14:54:03.776+0000] {logging_mixin.py:149} INFO - [2023-06-14T14:54:03.776+0000] {dag.py:3486} INFO - Setting next_dagrun for example_task_group_decorator to 2023-06-13T14:54:03.775636+00:00, run_after=2023-06-14T14:54:03.775636+00:00
[2023-06-14T14:54:03.806+0000] {processor.py:179} INFO - Processing /usr/local/lib/python3.8/dist-packages/airflow/example_dags/example_task_group_decorator.py took 0.094 seconds
[2023-06-14T14:54:57.205+0000] {processor.py:157} INFO - Started process (PID=10688) to work on /usr/local/lib/python3.8/dist-packages/airflow/example_dags/example_task_group_decorator.py
[2023-06-14T14:54:57.206+0000] {processor.py:826} INFO - Processing file /usr/local/lib/python3.8/dist-packages/airflow/example_dags/example_task_group_decorator.py for tasks to queue
[2023-06-14T14:54:57.209+0000] {logging_mixin.py:149} INFO - [2023-06-14T14:54:57.209+0000] {dagbag.py:541} INFO - Filling up the DagBag from /usr/local/lib/python3.8/dist-packages/airflow/example_dags/example_task_group_decorator.py
[2023-06-14T14:54:57.222+0000] {processor.py:836} INFO - DAG(s) dict_keys(['example_task_group_decorator']) retrieved from /usr/local/lib/python3.8/dist-packages/airflow/example_dags/example_task_group_decorator.py
[2023-06-14T14:54:57.247+0000] {logging_mixin.py:149} INFO - [2023-06-14T14:54:57.246+0000] {dag.py:2726} INFO - Sync 1 DAGs
[2023-06-14T14:54:57.267+0000] {logging_mixin.py:149} INFO - [2023-06-14T14:54:57.267+0000] {dag.py:3486} INFO - Setting next_dagrun for example_task_group_decorator to 2023-06-13T14:54:57.267255+00:00, run_after=2023-06-14T14:54:57.267255+00:00
[2023-06-14T14:54:57.296+0000] {processor.py:179} INFO - Processing /usr/local/lib/python3.8/dist-packages/airflow/example_dags/example_task_group_decorator.py took 0.095 seconds
[2023-06-14T14:55:50.490+0000] {processor.py:157} INFO - Started process (PID=10804) to work on /usr/local/lib/python3.8/dist-packages/airflow/example_dags/example_task_group_decorator.py
[2023-06-14T14:55:50.492+0000] {processor.py:826} INFO - Processing file /usr/local/lib/python3.8/dist-packages/airflow/example_dags/example_task_group_decorator.py for tasks to queue
[2023-06-14T14:55:50.494+0000] {logging_mixin.py:149} INFO - [2023-06-14T14:55:50.494+0000] {dagbag.py:541} INFO - Filling up the DagBag from /usr/local/lib/python3.8/dist-packages/airflow/example_dags/example_task_group_decorator.py
[2023-06-14T14:55:50.507+0000] {processor.py:836} INFO - DAG(s) dict_keys(['example_task_group_decorator']) retrieved from /usr/local/lib/python3.8/dist-packages/airflow/example_dags/example_task_group_decorator.py
[2023-06-14T14:55:50.531+0000] {logging_mixin.py:149} INFO - [2023-06-14T14:55:50.531+0000] {dag.py:2726} INFO - Sync 1 DAGs
[2023-06-14T14:55:50.553+0000] {logging_mixin.py:149} INFO - [2023-06-14T14:55:50.553+0000] {dag.py:3486} INFO - Setting next_dagrun for example_task_group_decorator to 2023-06-13T14:55:50.552847+00:00, run_after=2023-06-14T14:55:50.552847+00:00
[2023-06-14T14:55:50.580+0000] {processor.py:179} INFO - Processing /usr/local/lib/python3.8/dist-packages/airflow/example_dags/example_task_group_decorator.py took 0.093 seconds
[2023-06-14T14:56:42.357+0000] {processor.py:157} INFO - Started process (PID=10961) to work on /usr/local/lib/python3.8/dist-packages/airflow/example_dags/example_task_group_decorator.py
[2023-06-14T14:56:42.358+0000] {processor.py:826} INFO - Processing file /usr/local/lib/python3.8/dist-packages/airflow/example_dags/example_task_group_decorator.py for tasks to queue
[2023-06-14T14:56:42.361+0000] {logging_mixin.py:149} INFO - [2023-06-14T14:56:42.360+0000] {dagbag.py:541} INFO - Filling up the DagBag from /usr/local/lib/python3.8/dist-packages/airflow/example_dags/example_task_group_decorator.py
[2023-06-14T14:56:42.374+0000] {processor.py:836} INFO - DAG(s) dict_keys(['example_task_group_decorator']) retrieved from /usr/local/lib/python3.8/dist-packages/airflow/example_dags/example_task_group_decorator.py
[2023-06-14T14:56:42.398+0000] {logging_mixin.py:149} INFO - [2023-06-14T14:56:42.397+0000] {dag.py:2726} INFO - Sync 1 DAGs
[2023-06-14T14:56:42.418+0000] {logging_mixin.py:149} INFO - [2023-06-14T14:56:42.418+0000] {dag.py:3486} INFO - Setting next_dagrun for example_task_group_decorator to 2023-06-13T14:56:42.418066+00:00, run_after=2023-06-14T14:56:42.418066+00:00
[2023-06-14T14:56:42.444+0000] {processor.py:179} INFO - Processing /usr/local/lib/python3.8/dist-packages/airflow/example_dags/example_task_group_decorator.py took 0.091 seconds
[2023-06-14T14:57:30.988+0000] {processor.py:157} INFO - Started process (PID=11119) to work on /usr/local/lib/python3.8/dist-packages/airflow/example_dags/example_task_group_decorator.py
[2023-06-14T14:57:30.989+0000] {processor.py:826} INFO - Processing file /usr/local/lib/python3.8/dist-packages/airflow/example_dags/example_task_group_decorator.py for tasks to queue
[2023-06-14T14:57:30.991+0000] {logging_mixin.py:149} INFO - [2023-06-14T14:57:30.991+0000] {dagbag.py:541} INFO - Filling up the DagBag from /usr/local/lib/python3.8/dist-packages/airflow/example_dags/example_task_group_decorator.py
[2023-06-14T14:57:31.005+0000] {processor.py:836} INFO - DAG(s) dict_keys(['example_task_group_decorator']) retrieved from /usr/local/lib/python3.8/dist-packages/airflow/example_dags/example_task_group_decorator.py
[2023-06-14T14:57:31.029+0000] {logging_mixin.py:149} INFO - [2023-06-14T14:57:31.029+0000] {dag.py:2726} INFO - Sync 1 DAGs
[2023-06-14T14:57:31.050+0000] {logging_mixin.py:149} INFO - [2023-06-14T14:57:31.050+0000] {dag.py:3486} INFO - Setting next_dagrun for example_task_group_decorator to 2023-06-13T14:57:31.050283+00:00, run_after=2023-06-14T14:57:31.050283+00:00
[2023-06-14T14:57:31.079+0000] {processor.py:179} INFO - Processing /usr/local/lib/python3.8/dist-packages/airflow/example_dags/example_task_group_decorator.py took 0.095 seconds
[2023-06-14T14:58:24.447+0000] {processor.py:157} INFO - Started process (PID=11275) to work on /usr/local/lib/python3.8/dist-packages/airflow/example_dags/example_task_group_decorator.py
[2023-06-14T14:58:24.448+0000] {processor.py:826} INFO - Processing file /usr/local/lib/python3.8/dist-packages/airflow/example_dags/example_task_group_decorator.py for tasks to queue
[2023-06-14T14:58:24.450+0000] {logging_mixin.py:149} INFO - [2023-06-14T14:58:24.450+0000] {dagbag.py:541} INFO - Filling up the DagBag from /usr/local/lib/python3.8/dist-packages/airflow/example_dags/example_task_group_decorator.py
[2023-06-14T14:58:24.467+0000] {processor.py:836} INFO - DAG(s) dict_keys(['example_task_group_decorator']) retrieved from /usr/local/lib/python3.8/dist-packages/airflow/example_dags/example_task_group_decorator.py
[2023-06-14T14:58:24.490+0000] {logging_mixin.py:149} INFO - [2023-06-14T14:58:24.490+0000] {dag.py:2726} INFO - Sync 1 DAGs
[2023-06-14T14:58:24.511+0000] {logging_mixin.py:149} INFO - [2023-06-14T14:58:24.511+0000] {dag.py:3486} INFO - Setting next_dagrun for example_task_group_decorator to 2023-06-13T14:58:24.511350+00:00, run_after=2023-06-14T14:58:24.511350+00:00
[2023-06-14T14:58:24.539+0000] {processor.py:179} INFO - Processing /usr/local/lib/python3.8/dist-packages/airflow/example_dags/example_task_group_decorator.py took 0.097 seconds
[2023-06-14T14:59:10.930+0000] {processor.py:157} INFO - Started process (PID=11530) to work on /usr/local/lib/python3.8/dist-packages/airflow/example_dags/example_task_group_decorator.py
[2023-06-14T14:59:10.931+0000] {processor.py:826} INFO - Processing file /usr/local/lib/python3.8/dist-packages/airflow/example_dags/example_task_group_decorator.py for tasks to queue
[2023-06-14T14:59:10.933+0000] {logging_mixin.py:149} INFO - [2023-06-14T14:59:10.933+0000] {dagbag.py:541} INFO - Filling up the DagBag from /usr/local/lib/python3.8/dist-packages/airflow/example_dags/example_task_group_decorator.py
[2023-06-14T14:59:10.946+0000] {processor.py:836} INFO - DAG(s) dict_keys(['example_task_group_decorator']) retrieved from /usr/local/lib/python3.8/dist-packages/airflow/example_dags/example_task_group_decorator.py
[2023-06-14T14:59:10.970+0000] {logging_mixin.py:149} INFO - [2023-06-14T14:59:10.969+0000] {dag.py:2726} INFO - Sync 1 DAGs
[2023-06-14T14:59:10.989+0000] {logging_mixin.py:149} INFO - [2023-06-14T14:59:10.989+0000] {dag.py:3486} INFO - Setting next_dagrun for example_task_group_decorator to 2023-06-13T14:59:10.989510+00:00, run_after=2023-06-14T14:59:10.989510+00:00
[2023-06-14T14:59:11.020+0000] {processor.py:179} INFO - Processing /usr/local/lib/python3.8/dist-packages/airflow/example_dags/example_task_group_decorator.py took 0.095 seconds
[2023-06-14T14:59:57.114+0000] {processor.py:157} INFO - Started process (PID=11681) to work on /usr/local/lib/python3.8/dist-packages/airflow/example_dags/example_task_group_decorator.py
[2023-06-14T14:59:57.116+0000] {processor.py:826} INFO - Processing file /usr/local/lib/python3.8/dist-packages/airflow/example_dags/example_task_group_decorator.py for tasks to queue
[2023-06-14T14:59:57.118+0000] {logging_mixin.py:149} INFO - [2023-06-14T14:59:57.118+0000] {dagbag.py:541} INFO - Filling up the DagBag from /usr/local/lib/python3.8/dist-packages/airflow/example_dags/example_task_group_decorator.py
[2023-06-14T14:59:57.132+0000] {processor.py:836} INFO - DAG(s) dict_keys(['example_task_group_decorator']) retrieved from /usr/local/lib/python3.8/dist-packages/airflow/example_dags/example_task_group_decorator.py
[2023-06-14T14:59:57.156+0000] {logging_mixin.py:149} INFO - [2023-06-14T14:59:57.155+0000] {dag.py:2726} INFO - Sync 1 DAGs
[2023-06-14T14:59:57.176+0000] {logging_mixin.py:149} INFO - [2023-06-14T14:59:57.176+0000] {dag.py:3486} INFO - Setting next_dagrun for example_task_group_decorator to 2023-06-13T14:59:57.176054+00:00, run_after=2023-06-14T14:59:57.176054+00:00
[2023-06-14T14:59:57.205+0000] {processor.py:179} INFO - Processing /usr/local/lib/python3.8/dist-packages/airflow/example_dags/example_task_group_decorator.py took 0.095 seconds
[2023-06-14T15:00:47.897+0000] {processor.py:157} INFO - Started process (PID=11733) to work on /usr/local/lib/python3.8/dist-packages/airflow/example_dags/example_task_group_decorator.py
[2023-06-14T15:00:47.898+0000] {processor.py:826} INFO - Processing file /usr/local/lib/python3.8/dist-packages/airflow/example_dags/example_task_group_decorator.py for tasks to queue
[2023-06-14T15:00:47.901+0000] {logging_mixin.py:149} INFO - [2023-06-14T15:00:47.901+0000] {dagbag.py:541} INFO - Filling up the DagBag from /usr/local/lib/python3.8/dist-packages/airflow/example_dags/example_task_group_decorator.py
[2023-06-14T15:00:47.922+0000] {processor.py:836} INFO - DAG(s) dict_keys(['example_task_group_decorator']) retrieved from /usr/local/lib/python3.8/dist-packages/airflow/example_dags/example_task_group_decorator.py
[2023-06-14T15:00:47.945+0000] {logging_mixin.py:149} INFO - [2023-06-14T15:00:47.945+0000] {dag.py:2726} INFO - Sync 1 DAGs
[2023-06-14T15:00:47.966+0000] {logging_mixin.py:149} INFO - [2023-06-14T15:00:47.965+0000] {dag.py:3486} INFO - Setting next_dagrun for example_task_group_decorator to 2023-06-13T15:00:47.965555+00:00, run_after=2023-06-14T15:00:47.965555+00:00
[2023-06-14T15:00:47.996+0000] {processor.py:179} INFO - Processing /usr/local/lib/python3.8/dist-packages/airflow/example_dags/example_task_group_decorator.py took 0.103 seconds
[2023-06-14T15:01:40.279+0000] {processor.py:157} INFO - Started process (PID=11891) to work on /usr/local/lib/python3.8/dist-packages/airflow/example_dags/example_task_group_decorator.py
[2023-06-14T15:01:40.280+0000] {processor.py:826} INFO - Processing file /usr/local/lib/python3.8/dist-packages/airflow/example_dags/example_task_group_decorator.py for tasks to queue
[2023-06-14T15:01:40.282+0000] {logging_mixin.py:149} INFO - [2023-06-14T15:01:40.282+0000] {dagbag.py:541} INFO - Filling up the DagBag from /usr/local/lib/python3.8/dist-packages/airflow/example_dags/example_task_group_decorator.py
[2023-06-14T15:01:40.296+0000] {processor.py:836} INFO - DAG(s) dict_keys(['example_task_group_decorator']) retrieved from /usr/local/lib/python3.8/dist-packages/airflow/example_dags/example_task_group_decorator.py
[2023-06-14T15:01:40.320+0000] {logging_mixin.py:149} INFO - [2023-06-14T15:01:40.320+0000] {dag.py:2726} INFO - Sync 1 DAGs
[2023-06-14T15:01:40.342+0000] {logging_mixin.py:149} INFO - [2023-06-14T15:01:40.342+0000] {dag.py:3486} INFO - Setting next_dagrun for example_task_group_decorator to 2023-06-13T15:01:40.341743+00:00, run_after=2023-06-14T15:01:40.341743+00:00
[2023-06-14T15:01:40.373+0000] {processor.py:179} INFO - Processing /usr/local/lib/python3.8/dist-packages/airflow/example_dags/example_task_group_decorator.py took 0.099 seconds
[2023-06-14T15:02:30.217+0000] {processor.py:157} INFO - Started process (PID=12053) to work on /usr/local/lib/python3.8/dist-packages/airflow/example_dags/example_task_group_decorator.py
[2023-06-14T15:02:30.218+0000] {processor.py:826} INFO - Processing file /usr/local/lib/python3.8/dist-packages/airflow/example_dags/example_task_group_decorator.py for tasks to queue
[2023-06-14T15:02:30.221+0000] {logging_mixin.py:149} INFO - [2023-06-14T15:02:30.220+0000] {dagbag.py:541} INFO - Filling up the DagBag from /usr/local/lib/python3.8/dist-packages/airflow/example_dags/example_task_group_decorator.py
[2023-06-14T15:02:30.233+0000] {processor.py:836} INFO - DAG(s) dict_keys(['example_task_group_decorator']) retrieved from /usr/local/lib/python3.8/dist-packages/airflow/example_dags/example_task_group_decorator.py
[2023-06-14T15:02:30.257+0000] {logging_mixin.py:149} INFO - [2023-06-14T15:02:30.257+0000] {dag.py:2726} INFO - Sync 1 DAGs
[2023-06-14T15:02:30.277+0000] {logging_mixin.py:149} INFO - [2023-06-14T15:02:30.277+0000] {dag.py:3486} INFO - Setting next_dagrun for example_task_group_decorator to 2023-06-13T15:02:30.276718+00:00, run_after=2023-06-14T15:02:30.276718+00:00
[2023-06-14T15:02:30.319+0000] {processor.py:179} INFO - Processing /usr/local/lib/python3.8/dist-packages/airflow/example_dags/example_task_group_decorator.py took 0.106 seconds
[2023-06-14T15:03:20.578+0000] {processor.py:157} INFO - Started process (PID=12311) to work on /usr/local/lib/python3.8/dist-packages/airflow/example_dags/example_task_group_decorator.py
[2023-06-14T15:03:20.579+0000] {processor.py:826} INFO - Processing file /usr/local/lib/python3.8/dist-packages/airflow/example_dags/example_task_group_decorator.py for tasks to queue
[2023-06-14T15:03:20.581+0000] {logging_mixin.py:149} INFO - [2023-06-14T15:03:20.581+0000] {dagbag.py:541} INFO - Filling up the DagBag from /usr/local/lib/python3.8/dist-packages/airflow/example_dags/example_task_group_decorator.py
[2023-06-14T15:03:20.595+0000] {processor.py:836} INFO - DAG(s) dict_keys(['example_task_group_decorator']) retrieved from /usr/local/lib/python3.8/dist-packages/airflow/example_dags/example_task_group_decorator.py
[2023-06-14T15:03:20.618+0000] {logging_mixin.py:149} INFO - [2023-06-14T15:03:20.618+0000] {dag.py:2726} INFO - Sync 1 DAGs
[2023-06-14T15:03:20.639+0000] {logging_mixin.py:149} INFO - [2023-06-14T15:03:20.639+0000] {dag.py:3486} INFO - Setting next_dagrun for example_task_group_decorator to 2023-06-13T15:03:20.638879+00:00, run_after=2023-06-14T15:03:20.638879+00:00
[2023-06-14T15:03:20.671+0000] {processor.py:179} INFO - Processing /usr/local/lib/python3.8/dist-packages/airflow/example_dags/example_task_group_decorator.py took 0.097 seconds
[2023-06-14T15:04:12.218+0000] {processor.py:157} INFO - Started process (PID=12571) to work on /usr/local/lib/python3.8/dist-packages/airflow/example_dags/example_task_group_decorator.py
[2023-06-14T15:04:12.219+0000] {processor.py:826} INFO - Processing file /usr/local/lib/python3.8/dist-packages/airflow/example_dags/example_task_group_decorator.py for tasks to queue
[2023-06-14T15:04:12.222+0000] {logging_mixin.py:149} INFO - [2023-06-14T15:04:12.222+0000] {dagbag.py:541} INFO - Filling up the DagBag from /usr/local/lib/python3.8/dist-packages/airflow/example_dags/example_task_group_decorator.py
[2023-06-14T15:04:12.235+0000] {processor.py:836} INFO - DAG(s) dict_keys(['example_task_group_decorator']) retrieved from /usr/local/lib/python3.8/dist-packages/airflow/example_dags/example_task_group_decorator.py
[2023-06-14T15:04:12.258+0000] {logging_mixin.py:149} INFO - [2023-06-14T15:04:12.258+0000] {dag.py:2726} INFO - Sync 1 DAGs
[2023-06-14T15:04:12.279+0000] {logging_mixin.py:149} INFO - [2023-06-14T15:04:12.279+0000] {dag.py:3486} INFO - Setting next_dagrun for example_task_group_decorator to 2023-06-13T15:04:12.279135+00:00, run_after=2023-06-14T15:04:12.279135+00:00
[2023-06-14T15:04:12.308+0000] {processor.py:179} INFO - Processing /usr/local/lib/python3.8/dist-packages/airflow/example_dags/example_task_group_decorator.py took 0.094 seconds
[2023-06-14T15:05:05.617+0000] {processor.py:157} INFO - Started process (PID=12897) to work on /usr/local/lib/python3.8/dist-packages/airflow/example_dags/example_task_group_decorator.py
[2023-06-14T15:05:05.619+0000] {processor.py:826} INFO - Processing file /usr/local/lib/python3.8/dist-packages/airflow/example_dags/example_task_group_decorator.py for tasks to queue
[2023-06-14T15:05:05.621+0000] {logging_mixin.py:149} INFO - [2023-06-14T15:05:05.621+0000] {dagbag.py:541} INFO - Filling up the DagBag from /usr/local/lib/python3.8/dist-packages/airflow/example_dags/example_task_group_decorator.py
[2023-06-14T15:05:05.636+0000] {processor.py:836} INFO - DAG(s) dict_keys(['example_task_group_decorator']) retrieved from /usr/local/lib/python3.8/dist-packages/airflow/example_dags/example_task_group_decorator.py
[2023-06-14T15:05:05.661+0000] {logging_mixin.py:149} INFO - [2023-06-14T15:05:05.660+0000] {dag.py:2726} INFO - Sync 1 DAGs
[2023-06-14T15:05:05.681+0000] {logging_mixin.py:149} INFO - [2023-06-14T15:05:05.681+0000] {dag.py:3486} INFO - Setting next_dagrun for example_task_group_decorator to 2023-06-13T15:05:05.680934+00:00, run_after=2023-06-14T15:05:05.680934+00:00
[2023-06-14T15:05:05.713+0000] {processor.py:179} INFO - Processing /usr/local/lib/python3.8/dist-packages/airflow/example_dags/example_task_group_decorator.py took 0.099 seconds
[2023-06-14T15:06:03.252+0000] {processor.py:157} INFO - Started process (PID=13124) to work on /usr/local/lib/python3.8/dist-packages/airflow/example_dags/example_task_group_decorator.py
[2023-06-14T15:06:03.254+0000] {processor.py:826} INFO - Processing file /usr/local/lib/python3.8/dist-packages/airflow/example_dags/example_task_group_decorator.py for tasks to queue
[2023-06-14T15:06:03.256+0000] {logging_mixin.py:149} INFO - [2023-06-14T15:06:03.256+0000] {dagbag.py:541} INFO - Filling up the DagBag from /usr/local/lib/python3.8/dist-packages/airflow/example_dags/example_task_group_decorator.py
[2023-06-14T15:06:03.269+0000] {processor.py:836} INFO - DAG(s) dict_keys(['example_task_group_decorator']) retrieved from /usr/local/lib/python3.8/dist-packages/airflow/example_dags/example_task_group_decorator.py
[2023-06-14T15:06:03.294+0000] {logging_mixin.py:149} INFO - [2023-06-14T15:06:03.293+0000] {dag.py:2726} INFO - Sync 1 DAGs
[2023-06-14T15:06:03.314+0000] {logging_mixin.py:149} INFO - [2023-06-14T15:06:03.314+0000] {dag.py:3486} INFO - Setting next_dagrun for example_task_group_decorator to 2023-06-13T15:06:03.313809+00:00, run_after=2023-06-14T15:06:03.313809+00:00
[2023-06-14T15:06:03.368+0000] {processor.py:179} INFO - Processing /usr/local/lib/python3.8/dist-packages/airflow/example_dags/example_task_group_decorator.py took 0.120 seconds
[2023-06-14T15:06:54.604+0000] {processor.py:157} INFO - Started process (PID=13280) to work on /usr/local/lib/python3.8/dist-packages/airflow/example_dags/example_task_group_decorator.py
[2023-06-14T15:06:54.606+0000] {processor.py:826} INFO - Processing file /usr/local/lib/python3.8/dist-packages/airflow/example_dags/example_task_group_decorator.py for tasks to queue
[2023-06-14T15:06:54.609+0000] {logging_mixin.py:149} INFO - [2023-06-14T15:06:54.609+0000] {dagbag.py:541} INFO - Filling up the DagBag from /usr/local/lib/python3.8/dist-packages/airflow/example_dags/example_task_group_decorator.py
[2023-06-14T15:06:54.623+0000] {processor.py:836} INFO - DAG(s) dict_keys(['example_task_group_decorator']) retrieved from /usr/local/lib/python3.8/dist-packages/airflow/example_dags/example_task_group_decorator.py
[2023-06-14T15:06:54.650+0000] {logging_mixin.py:149} INFO - [2023-06-14T15:06:54.650+0000] {dag.py:2726} INFO - Sync 1 DAGs
[2023-06-14T15:06:54.671+0000] {logging_mixin.py:149} INFO - [2023-06-14T15:06:54.671+0000] {dag.py:3486} INFO - Setting next_dagrun for example_task_group_decorator to 2023-06-13T15:06:54.671059+00:00, run_after=2023-06-14T15:06:54.671059+00:00
[2023-06-14T15:06:54.700+0000] {processor.py:179} INFO - Processing /usr/local/lib/python3.8/dist-packages/airflow/example_dags/example_task_group_decorator.py took 0.100 seconds
[2023-06-14T15:07:46.088+0000] {processor.py:157} INFO - Started process (PID=13450) to work on /usr/local/lib/python3.8/dist-packages/airflow/example_dags/example_task_group_decorator.py
[2023-06-14T15:07:46.090+0000] {processor.py:826} INFO - Processing file /usr/local/lib/python3.8/dist-packages/airflow/example_dags/example_task_group_decorator.py for tasks to queue
[2023-06-14T15:07:46.092+0000] {logging_mixin.py:149} INFO - [2023-06-14T15:07:46.092+0000] {dagbag.py:541} INFO - Filling up the DagBag from /usr/local/lib/python3.8/dist-packages/airflow/example_dags/example_task_group_decorator.py
[2023-06-14T15:07:46.106+0000] {processor.py:836} INFO - DAG(s) dict_keys(['example_task_group_decorator']) retrieved from /usr/local/lib/python3.8/dist-packages/airflow/example_dags/example_task_group_decorator.py
[2023-06-14T15:07:46.130+0000] {logging_mixin.py:149} INFO - [2023-06-14T15:07:46.130+0000] {dag.py:2726} INFO - Sync 1 DAGs
[2023-06-14T15:07:46.151+0000] {logging_mixin.py:149} INFO - [2023-06-14T15:07:46.150+0000] {dag.py:3486} INFO - Setting next_dagrun for example_task_group_decorator to 2023-06-13T15:07:46.150675+00:00, run_after=2023-06-14T15:07:46.150675+00:00
[2023-06-14T15:07:46.178+0000] {processor.py:179} INFO - Processing /usr/local/lib/python3.8/dist-packages/airflow/example_dags/example_task_group_decorator.py took 0.093 seconds
[2023-06-14T15:08:35.621+0000] {processor.py:157} INFO - Started process (PID=13605) to work on /usr/local/lib/python3.8/dist-packages/airflow/example_dags/example_task_group_decorator.py
[2023-06-14T15:08:35.622+0000] {processor.py:826} INFO - Processing file /usr/local/lib/python3.8/dist-packages/airflow/example_dags/example_task_group_decorator.py for tasks to queue
[2023-06-14T15:08:35.625+0000] {logging_mixin.py:149} INFO - [2023-06-14T15:08:35.625+0000] {dagbag.py:541} INFO - Filling up the DagBag from /usr/local/lib/python3.8/dist-packages/airflow/example_dags/example_task_group_decorator.py
[2023-06-14T15:08:35.638+0000] {processor.py:836} INFO - DAG(s) dict_keys(['example_task_group_decorator']) retrieved from /usr/local/lib/python3.8/dist-packages/airflow/example_dags/example_task_group_decorator.py
[2023-06-14T15:08:35.663+0000] {logging_mixin.py:149} INFO - [2023-06-14T15:08:35.663+0000] {dag.py:2726} INFO - Sync 1 DAGs
[2023-06-14T15:08:35.684+0000] {logging_mixin.py:149} INFO - [2023-06-14T15:08:35.684+0000] {dag.py:3486} INFO - Setting next_dagrun for example_task_group_decorator to 2023-06-13T15:08:35.684084+00:00, run_after=2023-06-14T15:08:35.684084+00:00
[2023-06-14T15:08:35.712+0000] {processor.py:179} INFO - Processing /usr/local/lib/python3.8/dist-packages/airflow/example_dags/example_task_group_decorator.py took 0.095 seconds
[2023-06-14T15:09:22.914+0000] {processor.py:157} INFO - Started process (PID=13860) to work on /usr/local/lib/python3.8/dist-packages/airflow/example_dags/example_task_group_decorator.py
[2023-06-14T15:09:22.916+0000] {processor.py:826} INFO - Processing file /usr/local/lib/python3.8/dist-packages/airflow/example_dags/example_task_group_decorator.py for tasks to queue
[2023-06-14T15:09:22.918+0000] {logging_mixin.py:149} INFO - [2023-06-14T15:09:22.918+0000] {dagbag.py:541} INFO - Filling up the DagBag from /usr/local/lib/python3.8/dist-packages/airflow/example_dags/example_task_group_decorator.py
[2023-06-14T15:09:22.932+0000] {processor.py:836} INFO - DAG(s) dict_keys(['example_task_group_decorator']) retrieved from /usr/local/lib/python3.8/dist-packages/airflow/example_dags/example_task_group_decorator.py
[2023-06-14T15:09:22.956+0000] {logging_mixin.py:149} INFO - [2023-06-14T15:09:22.955+0000] {dag.py:2726} INFO - Sync 1 DAGs
[2023-06-14T15:09:22.976+0000] {logging_mixin.py:149} INFO - [2023-06-14T15:09:22.976+0000] {dag.py:3486} INFO - Setting next_dagrun for example_task_group_decorator to 2023-06-13T15:09:22.976071+00:00, run_after=2023-06-14T15:09:22.976071+00:00
[2023-06-14T15:09:23.004+0000] {processor.py:179} INFO - Processing /usr/local/lib/python3.8/dist-packages/airflow/example_dags/example_task_group_decorator.py took 0.093 seconds
[2023-06-14T15:10:15.945+0000] {processor.py:157} INFO - Started process (PID=14015) to work on /usr/local/lib/python3.8/dist-packages/airflow/example_dags/example_task_group_decorator.py
[2023-06-14T15:10:15.947+0000] {processor.py:826} INFO - Processing file /usr/local/lib/python3.8/dist-packages/airflow/example_dags/example_task_group_decorator.py for tasks to queue
[2023-06-14T15:10:15.950+0000] {logging_mixin.py:149} INFO - [2023-06-14T15:10:15.949+0000] {dagbag.py:541} INFO - Filling up the DagBag from /usr/local/lib/python3.8/dist-packages/airflow/example_dags/example_task_group_decorator.py
[2023-06-14T15:10:15.962+0000] {processor.py:836} INFO - DAG(s) dict_keys(['example_task_group_decorator']) retrieved from /usr/local/lib/python3.8/dist-packages/airflow/example_dags/example_task_group_decorator.py
[2023-06-14T15:10:15.986+0000] {logging_mixin.py:149} INFO - [2023-06-14T15:10:15.985+0000] {dag.py:2726} INFO - Sync 1 DAGs
[2023-06-14T15:10:16.005+0000] {logging_mixin.py:149} INFO - [2023-06-14T15:10:16.005+0000] {dag.py:3486} INFO - Setting next_dagrun for example_task_group_decorator to 2023-06-13T15:10:16.005416+00:00, run_after=2023-06-14T15:10:16.005416+00:00
[2023-06-14T15:10:16.034+0000] {processor.py:179} INFO - Processing /usr/local/lib/python3.8/dist-packages/airflow/example_dags/example_task_group_decorator.py took 0.093 seconds
[2023-06-14T15:11:03.226+0000] {processor.py:157} INFO - Started process (PID=14169) to work on /usr/local/lib/python3.8/dist-packages/airflow/example_dags/example_task_group_decorator.py
[2023-06-14T15:11:03.227+0000] {processor.py:826} INFO - Processing file /usr/local/lib/python3.8/dist-packages/airflow/example_dags/example_task_group_decorator.py for tasks to queue
[2023-06-14T15:11:03.230+0000] {logging_mixin.py:149} INFO - [2023-06-14T15:11:03.230+0000] {dagbag.py:541} INFO - Filling up the DagBag from /usr/local/lib/python3.8/dist-packages/airflow/example_dags/example_task_group_decorator.py
[2023-06-14T15:11:03.243+0000] {processor.py:836} INFO - DAG(s) dict_keys(['example_task_group_decorator']) retrieved from /usr/local/lib/python3.8/dist-packages/airflow/example_dags/example_task_group_decorator.py
[2023-06-14T15:11:03.267+0000] {logging_mixin.py:149} INFO - [2023-06-14T15:11:03.267+0000] {dag.py:2726} INFO - Sync 1 DAGs
[2023-06-14T15:11:03.287+0000] {logging_mixin.py:149} INFO - [2023-06-14T15:11:03.287+0000] {dag.py:3486} INFO - Setting next_dagrun for example_task_group_decorator to 2023-06-13T15:11:03.287218+00:00, run_after=2023-06-14T15:11:03.287218+00:00
[2023-06-14T15:11:03.315+0000] {processor.py:179} INFO - Processing /usr/local/lib/python3.8/dist-packages/airflow/example_dags/example_task_group_decorator.py took 0.092 seconds
[2023-06-14T15:11:52.556+0000] {processor.py:157} INFO - Started process (PID=14225) to work on /usr/local/lib/python3.8/dist-packages/airflow/example_dags/example_task_group_decorator.py
[2023-06-14T15:11:52.558+0000] {processor.py:826} INFO - Processing file /usr/local/lib/python3.8/dist-packages/airflow/example_dags/example_task_group_decorator.py for tasks to queue
[2023-06-14T15:11:52.561+0000] {logging_mixin.py:149} INFO - [2023-06-14T15:11:52.560+0000] {dagbag.py:541} INFO - Filling up the DagBag from /usr/local/lib/python3.8/dist-packages/airflow/example_dags/example_task_group_decorator.py
[2023-06-14T15:11:52.575+0000] {processor.py:836} INFO - DAG(s) dict_keys(['example_task_group_decorator']) retrieved from /usr/local/lib/python3.8/dist-packages/airflow/example_dags/example_task_group_decorator.py
[2023-06-14T15:11:52.599+0000] {logging_mixin.py:149} INFO - [2023-06-14T15:11:52.599+0000] {dag.py:2726} INFO - Sync 1 DAGs
[2023-06-14T15:11:52.621+0000] {logging_mixin.py:149} INFO - [2023-06-14T15:11:52.621+0000] {dag.py:3486} INFO - Setting next_dagrun for example_task_group_decorator to 2023-06-13T15:11:52.621209+00:00, run_after=2023-06-14T15:11:52.621209+00:00
[2023-06-14T15:11:52.651+0000] {processor.py:179} INFO - Processing /usr/local/lib/python3.8/dist-packages/airflow/example_dags/example_task_group_decorator.py took 0.099 seconds
[2023-06-14T15:12:43.735+0000] {processor.py:157} INFO - Started process (PID=14380) to work on /usr/local/lib/python3.8/dist-packages/airflow/example_dags/example_task_group_decorator.py
[2023-06-14T15:12:43.737+0000] {processor.py:826} INFO - Processing file /usr/local/lib/python3.8/dist-packages/airflow/example_dags/example_task_group_decorator.py for tasks to queue
[2023-06-14T15:12:43.739+0000] {logging_mixin.py:149} INFO - [2023-06-14T15:12:43.739+0000] {dagbag.py:541} INFO - Filling up the DagBag from /usr/local/lib/python3.8/dist-packages/airflow/example_dags/example_task_group_decorator.py
[2023-06-14T15:12:43.753+0000] {processor.py:836} INFO - DAG(s) dict_keys(['example_task_group_decorator']) retrieved from /usr/local/lib/python3.8/dist-packages/airflow/example_dags/example_task_group_decorator.py
[2023-06-14T15:12:43.778+0000] {logging_mixin.py:149} INFO - [2023-06-14T15:12:43.777+0000] {dag.py:2726} INFO - Sync 1 DAGs
[2023-06-14T15:12:43.799+0000] {logging_mixin.py:149} INFO - [2023-06-14T15:12:43.799+0000] {dag.py:3486} INFO - Setting next_dagrun for example_task_group_decorator to 2023-06-13T15:12:43.799433+00:00, run_after=2023-06-14T15:12:43.799433+00:00
[2023-06-14T15:12:43.831+0000] {processor.py:179} INFO - Processing /usr/local/lib/python3.8/dist-packages/airflow/example_dags/example_task_group_decorator.py took 0.100 seconds
[2023-06-14T15:13:36.497+0000] {processor.py:157} INFO - Started process (PID=14536) to work on /usr/local/lib/python3.8/dist-packages/airflow/example_dags/example_task_group_decorator.py
[2023-06-14T15:13:36.498+0000] {processor.py:826} INFO - Processing file /usr/local/lib/python3.8/dist-packages/airflow/example_dags/example_task_group_decorator.py for tasks to queue
[2023-06-14T15:13:36.501+0000] {logging_mixin.py:149} INFO - [2023-06-14T15:13:36.500+0000] {dagbag.py:541} INFO - Filling up the DagBag from /usr/local/lib/python3.8/dist-packages/airflow/example_dags/example_task_group_decorator.py
[2023-06-14T15:13:36.514+0000] {processor.py:836} INFO - DAG(s) dict_keys(['example_task_group_decorator']) retrieved from /usr/local/lib/python3.8/dist-packages/airflow/example_dags/example_task_group_decorator.py
[2023-06-14T15:13:36.537+0000] {logging_mixin.py:149} INFO - [2023-06-14T15:13:36.537+0000] {dag.py:2726} INFO - Sync 1 DAGs
[2023-06-14T15:13:36.557+0000] {logging_mixin.py:149} INFO - [2023-06-14T15:13:36.557+0000] {dag.py:3486} INFO - Setting next_dagrun for example_task_group_decorator to 2023-06-13T15:13:36.556745+00:00, run_after=2023-06-14T15:13:36.556745+00:00
[2023-06-14T15:13:36.587+0000] {processor.py:179} INFO - Processing /usr/local/lib/python3.8/dist-packages/airflow/example_dags/example_task_group_decorator.py took 0.094 seconds
[2023-06-14T15:14:24.829+0000] {processor.py:157} INFO - Started process (PID=14794) to work on /usr/local/lib/python3.8/dist-packages/airflow/example_dags/example_task_group_decorator.py
[2023-06-14T15:14:24.831+0000] {processor.py:826} INFO - Processing file /usr/local/lib/python3.8/dist-packages/airflow/example_dags/example_task_group_decorator.py for tasks to queue
[2023-06-14T15:14:24.834+0000] {logging_mixin.py:149} INFO - [2023-06-14T15:14:24.834+0000] {dagbag.py:541} INFO - Filling up the DagBag from /usr/local/lib/python3.8/dist-packages/airflow/example_dags/example_task_group_decorator.py
[2023-06-14T15:14:24.846+0000] {processor.py:836} INFO - DAG(s) dict_keys(['example_task_group_decorator']) retrieved from /usr/local/lib/python3.8/dist-packages/airflow/example_dags/example_task_group_decorator.py
[2023-06-14T15:14:24.870+0000] {logging_mixin.py:149} INFO - [2023-06-14T15:14:24.869+0000] {dag.py:2726} INFO - Sync 1 DAGs
[2023-06-14T15:14:24.890+0000] {logging_mixin.py:149} INFO - [2023-06-14T15:14:24.890+0000] {dag.py:3486} INFO - Setting next_dagrun for example_task_group_decorator to 2023-06-13T15:14:24.890285+00:00, run_after=2023-06-14T15:14:24.890285+00:00
[2023-06-14T15:14:24.918+0000] {processor.py:179} INFO - Processing /usr/local/lib/python3.8/dist-packages/airflow/example_dags/example_task_group_decorator.py took 0.093 seconds
[2023-06-14T15:15:15.968+0000] {processor.py:157} INFO - Started process (PID=14948) to work on /usr/local/lib/python3.8/dist-packages/airflow/example_dags/example_task_group_decorator.py
[2023-06-14T15:15:15.970+0000] {processor.py:826} INFO - Processing file /usr/local/lib/python3.8/dist-packages/airflow/example_dags/example_task_group_decorator.py for tasks to queue
[2023-06-14T15:15:15.972+0000] {logging_mixin.py:149} INFO - [2023-06-14T15:15:15.972+0000] {dagbag.py:541} INFO - Filling up the DagBag from /usr/local/lib/python3.8/dist-packages/airflow/example_dags/example_task_group_decorator.py
[2023-06-14T15:15:15.986+0000] {processor.py:836} INFO - DAG(s) dict_keys(['example_task_group_decorator']) retrieved from /usr/local/lib/python3.8/dist-packages/airflow/example_dags/example_task_group_decorator.py
[2023-06-14T15:15:16.009+0000] {logging_mixin.py:149} INFO - [2023-06-14T15:15:16.008+0000] {dag.py:2726} INFO - Sync 1 DAGs
[2023-06-14T15:15:16.029+0000] {logging_mixin.py:149} INFO - [2023-06-14T15:15:16.029+0000] {dag.py:3486} INFO - Setting next_dagrun for example_task_group_decorator to 2023-06-13T15:15:16.028754+00:00, run_after=2023-06-14T15:15:16.028754+00:00
[2023-06-14T15:15:16.058+0000] {processor.py:179} INFO - Processing /usr/local/lib/python3.8/dist-packages/airflow/example_dags/example_task_group_decorator.py took 0.094 seconds
