[2023-06-14T14:17:07.075+0000] {processor.py:157} INFO - Started process (PID=1947) to work on /usr/local/lib/python3.8/dist-packages/airflow/example_dags/example_branch_labels.py
[2023-06-14T14:17:07.076+0000] {processor.py:826} INFO - Processing file /usr/local/lib/python3.8/dist-packages/airflow/example_dags/example_branch_labels.py for tasks to queue
[2023-06-14T14:17:07.078+0000] {logging_mixin.py:149} INFO - [2023-06-14T14:17:07.078+0000] {dagbag.py:541} INFO - Filling up the DagBag from /usr/local/lib/python3.8/dist-packages/airflow/example_dags/example_branch_labels.py
[2023-06-14T14:17:07.087+0000] {processor.py:836} INFO - DAG(s) dict_keys(['example_branch_labels']) retrieved from /usr/local/lib/python3.8/dist-packages/airflow/example_dags/example_branch_labels.py
[2023-06-14T14:17:07.111+0000] {logging_mixin.py:149} INFO - [2023-06-14T14:17:07.111+0000] {dag.py:2726} INFO - Sync 1 DAGs
[2023-06-14T14:17:07.132+0000] {logging_mixin.py:149} INFO - [2023-06-14T14:17:07.132+0000] {dag.py:3486} INFO - Setting next_dagrun for example_branch_labels to 2023-06-13T00:00:00+00:00, run_after=2023-06-14T00:00:00+00:00
[2023-06-14T14:17:07.168+0000] {processor.py:179} INFO - Processing /usr/local/lib/python3.8/dist-packages/airflow/example_dags/example_branch_labels.py took 0.097 seconds
[2023-06-14T14:19:29.758+0000] {processor.py:157} INFO - Started process (PID=4133) to work on /usr/local/lib/python3.8/dist-packages/airflow/example_dags/example_branch_labels.py
[2023-06-14T14:19:29.759+0000] {processor.py:826} INFO - Processing file /usr/local/lib/python3.8/dist-packages/airflow/example_dags/example_branch_labels.py for tasks to queue
[2023-06-14T14:19:29.762+0000] {logging_mixin.py:149} INFO - [2023-06-14T14:19:29.762+0000] {dagbag.py:541} INFO - Filling up the DagBag from /usr/local/lib/python3.8/dist-packages/airflow/example_dags/example_branch_labels.py
[2023-06-14T14:19:29.771+0000] {processor.py:836} INFO - DAG(s) dict_keys(['example_branch_labels']) retrieved from /usr/local/lib/python3.8/dist-packages/airflow/example_dags/example_branch_labels.py
[2023-06-14T14:19:29.797+0000] {logging_mixin.py:149} INFO - [2023-06-14T14:19:29.796+0000] {dag.py:2726} INFO - Sync 1 DAGs
[2023-06-14T14:19:29.819+0000] {logging_mixin.py:149} INFO - [2023-06-14T14:19:29.818+0000] {dag.py:3486} INFO - Setting next_dagrun for example_branch_labels to 2023-06-13T00:00:00+00:00, run_after=2023-06-14T00:00:00+00:00
[2023-06-14T14:19:29.846+0000] {processor.py:179} INFO - Processing /usr/local/lib/python3.8/dist-packages/airflow/example_dags/example_branch_labels.py took 0.094 seconds
[2023-06-14T14:20:19.812+0000] {processor.py:157} INFO - Started process (PID=4284) to work on /usr/local/lib/python3.8/dist-packages/airflow/example_dags/example_branch_labels.py
[2023-06-14T14:20:19.813+0000] {processor.py:826} INFO - Processing file /usr/local/lib/python3.8/dist-packages/airflow/example_dags/example_branch_labels.py for tasks to queue
[2023-06-14T14:20:19.816+0000] {logging_mixin.py:149} INFO - [2023-06-14T14:20:19.815+0000] {dagbag.py:541} INFO - Filling up the DagBag from /usr/local/lib/python3.8/dist-packages/airflow/example_dags/example_branch_labels.py
[2023-06-14T14:20:19.824+0000] {processor.py:836} INFO - DAG(s) dict_keys(['example_branch_labels']) retrieved from /usr/local/lib/python3.8/dist-packages/airflow/example_dags/example_branch_labels.py
[2023-06-14T14:20:19.846+0000] {logging_mixin.py:149} INFO - [2023-06-14T14:20:19.846+0000] {dag.py:2726} INFO - Sync 1 DAGs
[2023-06-14T14:20:19.869+0000] {logging_mixin.py:149} INFO - [2023-06-14T14:20:19.869+0000] {dag.py:3486} INFO - Setting next_dagrun for example_branch_labels to 2023-06-13T00:00:00+00:00, run_after=2023-06-14T00:00:00+00:00
[2023-06-14T14:20:19.907+0000] {processor.py:179} INFO - Processing /usr/local/lib/python3.8/dist-packages/airflow/example_dags/example_branch_labels.py took 0.099 seconds
[2023-06-14T14:21:15.754+0000] {processor.py:157} INFO - Started process (PID=4443) to work on /usr/local/lib/python3.8/dist-packages/airflow/example_dags/example_branch_labels.py
[2023-06-14T14:21:15.756+0000] {processor.py:826} INFO - Processing file /usr/local/lib/python3.8/dist-packages/airflow/example_dags/example_branch_labels.py for tasks to queue
[2023-06-14T14:21:15.758+0000] {logging_mixin.py:149} INFO - [2023-06-14T14:21:15.758+0000] {dagbag.py:541} INFO - Filling up the DagBag from /usr/local/lib/python3.8/dist-packages/airflow/example_dags/example_branch_labels.py
[2023-06-14T14:21:15.767+0000] {processor.py:836} INFO - DAG(s) dict_keys(['example_branch_labels']) retrieved from /usr/local/lib/python3.8/dist-packages/airflow/example_dags/example_branch_labels.py
[2023-06-14T14:21:15.789+0000] {logging_mixin.py:149} INFO - [2023-06-14T14:21:15.788+0000] {dag.py:2726} INFO - Sync 1 DAGs
[2023-06-14T14:21:15.810+0000] {logging_mixin.py:149} INFO - [2023-06-14T14:21:15.810+0000] {dag.py:3486} INFO - Setting next_dagrun for example_branch_labels to 2023-06-13T00:00:00+00:00, run_after=2023-06-14T00:00:00+00:00
[2023-06-14T14:21:15.842+0000] {processor.py:179} INFO - Processing /usr/local/lib/python3.8/dist-packages/airflow/example_dags/example_branch_labels.py took 0.091 seconds
[2023-06-14T14:22:07.896+0000] {processor.py:157} INFO - Started process (PID=4605) to work on /usr/local/lib/python3.8/dist-packages/airflow/example_dags/example_branch_labels.py
[2023-06-14T14:22:07.897+0000] {processor.py:826} INFO - Processing file /usr/local/lib/python3.8/dist-packages/airflow/example_dags/example_branch_labels.py for tasks to queue
[2023-06-14T14:22:07.899+0000] {logging_mixin.py:149} INFO - [2023-06-14T14:22:07.899+0000] {dagbag.py:541} INFO - Filling up the DagBag from /usr/local/lib/python3.8/dist-packages/airflow/example_dags/example_branch_labels.py
[2023-06-14T14:22:07.908+0000] {processor.py:836} INFO - DAG(s) dict_keys(['example_branch_labels']) retrieved from /usr/local/lib/python3.8/dist-packages/airflow/example_dags/example_branch_labels.py
[2023-06-14T14:22:07.930+0000] {logging_mixin.py:149} INFO - [2023-06-14T14:22:07.929+0000] {dag.py:2726} INFO - Sync 1 DAGs
[2023-06-14T14:22:07.951+0000] {logging_mixin.py:149} INFO - [2023-06-14T14:22:07.951+0000] {dag.py:3486} INFO - Setting next_dagrun for example_branch_labels to 2023-06-13T00:00:00+00:00, run_after=2023-06-14T00:00:00+00:00
[2023-06-14T14:22:08.026+0000] {processor.py:179} INFO - Processing /usr/local/lib/python3.8/dist-packages/airflow/example_dags/example_branch_labels.py took 0.134 seconds
[2023-06-14T14:23:02.719+0000] {processor.py:157} INFO - Started process (PID=4763) to work on /usr/local/lib/python3.8/dist-packages/airflow/example_dags/example_branch_labels.py
[2023-06-14T14:23:02.720+0000] {processor.py:826} INFO - Processing file /usr/local/lib/python3.8/dist-packages/airflow/example_dags/example_branch_labels.py for tasks to queue
[2023-06-14T14:23:02.723+0000] {logging_mixin.py:149} INFO - [2023-06-14T14:23:02.722+0000] {dagbag.py:541} INFO - Filling up the DagBag from /usr/local/lib/python3.8/dist-packages/airflow/example_dags/example_branch_labels.py
[2023-06-14T14:23:02.731+0000] {processor.py:836} INFO - DAG(s) dict_keys(['example_branch_labels']) retrieved from /usr/local/lib/python3.8/dist-packages/airflow/example_dags/example_branch_labels.py
[2023-06-14T14:23:02.752+0000] {logging_mixin.py:149} INFO - [2023-06-14T14:23:02.752+0000] {dag.py:2726} INFO - Sync 1 DAGs
[2023-06-14T14:23:02.774+0000] {logging_mixin.py:149} INFO - [2023-06-14T14:23:02.774+0000] {dag.py:3486} INFO - Setting next_dagrun for example_branch_labels to 2023-06-13T00:00:00+00:00, run_after=2023-06-14T00:00:00+00:00
[2023-06-14T14:23:02.807+0000] {processor.py:179} INFO - Processing /usr/local/lib/python3.8/dist-packages/airflow/example_dags/example_branch_labels.py took 0.092 seconds
[2023-06-14T14:23:49.570+0000] {processor.py:157} INFO - Started process (PID=4813) to work on /usr/local/lib/python3.8/dist-packages/airflow/example_dags/example_branch_labels.py
[2023-06-14T14:23:49.572+0000] {processor.py:826} INFO - Processing file /usr/local/lib/python3.8/dist-packages/airflow/example_dags/example_branch_labels.py for tasks to queue
[2023-06-14T14:23:49.574+0000] {logging_mixin.py:149} INFO - [2023-06-14T14:23:49.574+0000] {dagbag.py:541} INFO - Filling up the DagBag from /usr/local/lib/python3.8/dist-packages/airflow/example_dags/example_branch_labels.py
[2023-06-14T14:23:49.582+0000] {processor.py:836} INFO - DAG(s) dict_keys(['example_branch_labels']) retrieved from /usr/local/lib/python3.8/dist-packages/airflow/example_dags/example_branch_labels.py
[2023-06-14T14:23:49.603+0000] {logging_mixin.py:149} INFO - [2023-06-14T14:23:49.603+0000] {dag.py:2726} INFO - Sync 1 DAGs
[2023-06-14T14:23:49.626+0000] {logging_mixin.py:149} INFO - [2023-06-14T14:23:49.625+0000] {dag.py:3486} INFO - Setting next_dagrun for example_branch_labels to 2023-06-13T00:00:00+00:00, run_after=2023-06-14T00:00:00+00:00
[2023-06-14T14:23:49.652+0000] {processor.py:179} INFO - Processing /usr/local/lib/python3.8/dist-packages/airflow/example_dags/example_branch_labels.py took 0.086 seconds
[2023-06-14T14:24:42.379+0000] {processor.py:157} INFO - Started process (PID=5071) to work on /usr/local/lib/python3.8/dist-packages/airflow/example_dags/example_branch_labels.py
[2023-06-14T14:24:42.381+0000] {processor.py:826} INFO - Processing file /usr/local/lib/python3.8/dist-packages/airflow/example_dags/example_branch_labels.py for tasks to queue
[2023-06-14T14:24:42.383+0000] {logging_mixin.py:149} INFO - [2023-06-14T14:24:42.383+0000] {dagbag.py:541} INFO - Filling up the DagBag from /usr/local/lib/python3.8/dist-packages/airflow/example_dags/example_branch_labels.py
[2023-06-14T14:24:42.392+0000] {processor.py:836} INFO - DAG(s) dict_keys(['example_branch_labels']) retrieved from /usr/local/lib/python3.8/dist-packages/airflow/example_dags/example_branch_labels.py
[2023-06-14T14:24:42.420+0000] {logging_mixin.py:149} INFO - [2023-06-14T14:24:42.419+0000] {dag.py:2726} INFO - Sync 1 DAGs
[2023-06-14T14:24:42.441+0000] {logging_mixin.py:149} INFO - [2023-06-14T14:24:42.441+0000] {dag.py:3486} INFO - Setting next_dagrun for example_branch_labels to 2023-06-13T00:00:00+00:00, run_after=2023-06-14T00:00:00+00:00
[2023-06-14T14:24:42.465+0000] {processor.py:179} INFO - Processing /usr/local/lib/python3.8/dist-packages/airflow/example_dags/example_branch_labels.py took 0.090 seconds
[2023-06-14T14:25:28.895+0000] {processor.py:157} INFO - Started process (PID=5224) to work on /usr/local/lib/python3.8/dist-packages/airflow/example_dags/example_branch_labels.py
[2023-06-14T14:25:28.896+0000] {processor.py:826} INFO - Processing file /usr/local/lib/python3.8/dist-packages/airflow/example_dags/example_branch_labels.py for tasks to queue
[2023-06-14T14:25:28.898+0000] {logging_mixin.py:149} INFO - [2023-06-14T14:25:28.898+0000] {dagbag.py:541} INFO - Filling up the DagBag from /usr/local/lib/python3.8/dist-packages/airflow/example_dags/example_branch_labels.py
[2023-06-14T14:25:28.907+0000] {processor.py:836} INFO - DAG(s) dict_keys(['example_branch_labels']) retrieved from /usr/local/lib/python3.8/dist-packages/airflow/example_dags/example_branch_labels.py
[2023-06-14T14:25:28.928+0000] {logging_mixin.py:149} INFO - [2023-06-14T14:25:28.928+0000] {dag.py:2726} INFO - Sync 1 DAGs
[2023-06-14T14:25:28.951+0000] {logging_mixin.py:149} INFO - [2023-06-14T14:25:28.951+0000] {dag.py:3486} INFO - Setting next_dagrun for example_branch_labels to 2023-06-13T00:00:00+00:00, run_after=2023-06-14T00:00:00+00:00
[2023-06-14T14:25:28.978+0000] {processor.py:179} INFO - Processing /usr/local/lib/python3.8/dist-packages/airflow/example_dags/example_branch_labels.py took 0.087 seconds
[2023-06-14T14:26:22.896+0000] {processor.py:157} INFO - Started process (PID=5381) to work on /usr/local/lib/python3.8/dist-packages/airflow/example_dags/example_branch_labels.py
[2023-06-14T14:26:22.898+0000] {processor.py:826} INFO - Processing file /usr/local/lib/python3.8/dist-packages/airflow/example_dags/example_branch_labels.py for tasks to queue
[2023-06-14T14:26:22.900+0000] {logging_mixin.py:149} INFO - [2023-06-14T14:26:22.900+0000] {dagbag.py:541} INFO - Filling up the DagBag from /usr/local/lib/python3.8/dist-packages/airflow/example_dags/example_branch_labels.py
[2023-06-14T14:26:22.908+0000] {processor.py:836} INFO - DAG(s) dict_keys(['example_branch_labels']) retrieved from /usr/local/lib/python3.8/dist-packages/airflow/example_dags/example_branch_labels.py
[2023-06-14T14:26:22.929+0000] {logging_mixin.py:149} INFO - [2023-06-14T14:26:22.929+0000] {dag.py:2726} INFO - Sync 1 DAGs
[2023-06-14T14:26:22.951+0000] {logging_mixin.py:149} INFO - [2023-06-14T14:26:22.950+0000] {dag.py:3486} INFO - Setting next_dagrun for example_branch_labels to 2023-06-13T00:00:00+00:00, run_after=2023-06-14T00:00:00+00:00
[2023-06-14T14:26:22.983+0000] {processor.py:179} INFO - Processing /usr/local/lib/python3.8/dist-packages/airflow/example_dags/example_branch_labels.py took 0.090 seconds
[2023-06-14T14:27:13.492+0000] {processor.py:157} INFO - Started process (PID=5539) to work on /usr/local/lib/python3.8/dist-packages/airflow/example_dags/example_branch_labels.py
[2023-06-14T14:27:13.493+0000] {processor.py:826} INFO - Processing file /usr/local/lib/python3.8/dist-packages/airflow/example_dags/example_branch_labels.py for tasks to queue
[2023-06-14T14:27:13.496+0000] {logging_mixin.py:149} INFO - [2023-06-14T14:27:13.495+0000] {dagbag.py:541} INFO - Filling up the DagBag from /usr/local/lib/python3.8/dist-packages/airflow/example_dags/example_branch_labels.py
[2023-06-14T14:27:13.504+0000] {processor.py:836} INFO - DAG(s) dict_keys(['example_branch_labels']) retrieved from /usr/local/lib/python3.8/dist-packages/airflow/example_dags/example_branch_labels.py
[2023-06-14T14:27:13.525+0000] {logging_mixin.py:149} INFO - [2023-06-14T14:27:13.525+0000] {dag.py:2726} INFO - Sync 1 DAGs
[2023-06-14T14:27:13.547+0000] {logging_mixin.py:149} INFO - [2023-06-14T14:27:13.547+0000] {dag.py:3486} INFO - Setting next_dagrun for example_branch_labels to 2023-06-13T00:00:00+00:00, run_after=2023-06-14T00:00:00+00:00
[2023-06-14T14:27:13.642+0000] {processor.py:179} INFO - Processing /usr/local/lib/python3.8/dist-packages/airflow/example_dags/example_branch_labels.py took 0.154 seconds
[2023-06-14T14:28:06.484+0000] {processor.py:157} INFO - Started process (PID=5696) to work on /usr/local/lib/python3.8/dist-packages/airflow/example_dags/example_branch_labels.py
[2023-06-14T14:28:06.486+0000] {processor.py:826} INFO - Processing file /usr/local/lib/python3.8/dist-packages/airflow/example_dags/example_branch_labels.py for tasks to queue
[2023-06-14T14:28:06.488+0000] {logging_mixin.py:149} INFO - [2023-06-14T14:28:06.488+0000] {dagbag.py:541} INFO - Filling up the DagBag from /usr/local/lib/python3.8/dist-packages/airflow/example_dags/example_branch_labels.py
[2023-06-14T14:28:06.497+0000] {processor.py:836} INFO - DAG(s) dict_keys(['example_branch_labels']) retrieved from /usr/local/lib/python3.8/dist-packages/airflow/example_dags/example_branch_labels.py
[2023-06-14T14:28:06.520+0000] {logging_mixin.py:149} INFO - [2023-06-14T14:28:06.519+0000] {dag.py:2726} INFO - Sync 1 DAGs
[2023-06-14T14:28:06.542+0000] {logging_mixin.py:149} INFO - [2023-06-14T14:28:06.541+0000] {dag.py:3486} INFO - Setting next_dagrun for example_branch_labels to 2023-06-13T00:00:00+00:00, run_after=2023-06-14T00:00:00+00:00
[2023-06-14T14:28:06.569+0000] {processor.py:179} INFO - Processing /usr/local/lib/python3.8/dist-packages/airflow/example_dags/example_branch_labels.py took 0.089 seconds
[2023-06-14T14:28:59.379+0000] {processor.py:157} INFO - Started process (PID=5957) to work on /usr/local/lib/python3.8/dist-packages/airflow/example_dags/example_branch_labels.py
[2023-06-14T14:28:59.381+0000] {processor.py:826} INFO - Processing file /usr/local/lib/python3.8/dist-packages/airflow/example_dags/example_branch_labels.py for tasks to queue
[2023-06-14T14:28:59.383+0000] {logging_mixin.py:149} INFO - [2023-06-14T14:28:59.383+0000] {dagbag.py:541} INFO - Filling up the DagBag from /usr/local/lib/python3.8/dist-packages/airflow/example_dags/example_branch_labels.py
[2023-06-14T14:28:59.391+0000] {processor.py:836} INFO - DAG(s) dict_keys(['example_branch_labels']) retrieved from /usr/local/lib/python3.8/dist-packages/airflow/example_dags/example_branch_labels.py
[2023-06-14T14:28:59.413+0000] {logging_mixin.py:149} INFO - [2023-06-14T14:28:59.412+0000] {dag.py:2726} INFO - Sync 1 DAGs
[2023-06-14T14:28:59.434+0000] {logging_mixin.py:149} INFO - [2023-06-14T14:28:59.434+0000] {dag.py:3486} INFO - Setting next_dagrun for example_branch_labels to 2023-06-13T00:00:00+00:00, run_after=2023-06-14T00:00:00+00:00
[2023-06-14T14:28:59.462+0000] {processor.py:179} INFO - Processing /usr/local/lib/python3.8/dist-packages/airflow/example_dags/example_branch_labels.py took 0.086 seconds
[2023-06-14T14:29:48.900+0000] {processor.py:157} INFO - Started process (PID=6008) to work on /usr/local/lib/python3.8/dist-packages/airflow/example_dags/example_branch_labels.py
[2023-06-14T14:29:48.901+0000] {processor.py:826} INFO - Processing file /usr/local/lib/python3.8/dist-packages/airflow/example_dags/example_branch_labels.py for tasks to queue
[2023-06-14T14:29:48.904+0000] {logging_mixin.py:149} INFO - [2023-06-14T14:29:48.904+0000] {dagbag.py:541} INFO - Filling up the DagBag from /usr/local/lib/python3.8/dist-packages/airflow/example_dags/example_branch_labels.py
[2023-06-14T14:29:48.912+0000] {processor.py:836} INFO - DAG(s) dict_keys(['example_branch_labels']) retrieved from /usr/local/lib/python3.8/dist-packages/airflow/example_dags/example_branch_labels.py
[2023-06-14T14:29:48.934+0000] {logging_mixin.py:149} INFO - [2023-06-14T14:29:48.934+0000] {dag.py:2726} INFO - Sync 1 DAGs
[2023-06-14T14:29:48.956+0000] {logging_mixin.py:149} INFO - [2023-06-14T14:29:48.956+0000] {dag.py:3486} INFO - Setting next_dagrun for example_branch_labels to 2023-06-13T00:00:00+00:00, run_after=2023-06-14T00:00:00+00:00
[2023-06-14T14:29:48.981+0000] {processor.py:179} INFO - Processing /usr/local/lib/python3.8/dist-packages/airflow/example_dags/example_branch_labels.py took 0.084 seconds
[2023-06-14T14:30:47.099+0000] {processor.py:157} INFO - Started process (PID=6168) to work on /usr/local/lib/python3.8/dist-packages/airflow/example_dags/example_branch_labels.py
[2023-06-14T14:30:47.100+0000] {processor.py:826} INFO - Processing file /usr/local/lib/python3.8/dist-packages/airflow/example_dags/example_branch_labels.py for tasks to queue
[2023-06-14T14:30:47.103+0000] {logging_mixin.py:149} INFO - [2023-06-14T14:30:47.103+0000] {dagbag.py:541} INFO - Filling up the DagBag from /usr/local/lib/python3.8/dist-packages/airflow/example_dags/example_branch_labels.py
[2023-06-14T14:30:47.111+0000] {processor.py:836} INFO - DAG(s) dict_keys(['example_branch_labels']) retrieved from /usr/local/lib/python3.8/dist-packages/airflow/example_dags/example_branch_labels.py
[2023-06-14T14:30:47.132+0000] {logging_mixin.py:149} INFO - [2023-06-14T14:30:47.132+0000] {dag.py:2726} INFO - Sync 1 DAGs
[2023-06-14T14:30:47.153+0000] {logging_mixin.py:149} INFO - [2023-06-14T14:30:47.153+0000] {dag.py:3486} INFO - Setting next_dagrun for example_branch_labels to 2023-06-13T00:00:00+00:00, run_after=2023-06-14T00:00:00+00:00
[2023-06-14T14:30:47.180+0000] {processor.py:179} INFO - Processing /usr/local/lib/python3.8/dist-packages/airflow/example_dags/example_branch_labels.py took 0.085 seconds
[2023-06-14T14:31:39.046+0000] {processor.py:157} INFO - Started process (PID=6323) to work on /usr/local/lib/python3.8/dist-packages/airflow/example_dags/example_branch_labels.py
[2023-06-14T14:31:39.048+0000] {processor.py:826} INFO - Processing file /usr/local/lib/python3.8/dist-packages/airflow/example_dags/example_branch_labels.py for tasks to queue
[2023-06-14T14:31:39.050+0000] {logging_mixin.py:149} INFO - [2023-06-14T14:31:39.050+0000] {dagbag.py:541} INFO - Filling up the DagBag from /usr/local/lib/python3.8/dist-packages/airflow/example_dags/example_branch_labels.py
[2023-06-14T14:31:39.058+0000] {processor.py:836} INFO - DAG(s) dict_keys(['example_branch_labels']) retrieved from /usr/local/lib/python3.8/dist-packages/airflow/example_dags/example_branch_labels.py
[2023-06-14T14:31:39.083+0000] {logging_mixin.py:149} INFO - [2023-06-14T14:31:39.083+0000] {dag.py:2726} INFO - Sync 1 DAGs
[2023-06-14T14:31:39.105+0000] {logging_mixin.py:149} INFO - [2023-06-14T14:31:39.105+0000] {dag.py:3486} INFO - Setting next_dagrun for example_branch_labels to 2023-06-13T00:00:00+00:00, run_after=2023-06-14T00:00:00+00:00
[2023-06-14T14:31:39.134+0000] {processor.py:179} INFO - Processing /usr/local/lib/python3.8/dist-packages/airflow/example_dags/example_branch_labels.py took 0.092 seconds
[2023-06-14T14:32:30.611+0000] {processor.py:157} INFO - Started process (PID=6486) to work on /usr/local/lib/python3.8/dist-packages/airflow/example_dags/example_branch_labels.py
[2023-06-14T14:32:30.612+0000] {processor.py:826} INFO - Processing file /usr/local/lib/python3.8/dist-packages/airflow/example_dags/example_branch_labels.py for tasks to queue
[2023-06-14T14:32:30.615+0000] {logging_mixin.py:149} INFO - [2023-06-14T14:32:30.614+0000] {dagbag.py:541} INFO - Filling up the DagBag from /usr/local/lib/python3.8/dist-packages/airflow/example_dags/example_branch_labels.py
[2023-06-14T14:32:30.623+0000] {processor.py:836} INFO - DAG(s) dict_keys(['example_branch_labels']) retrieved from /usr/local/lib/python3.8/dist-packages/airflow/example_dags/example_branch_labels.py
[2023-06-14T14:32:30.644+0000] {logging_mixin.py:149} INFO - [2023-06-14T14:32:30.644+0000] {dag.py:2726} INFO - Sync 1 DAGs
[2023-06-14T14:32:30.665+0000] {logging_mixin.py:149} INFO - [2023-06-14T14:32:30.665+0000] {dag.py:3486} INFO - Setting next_dagrun for example_branch_labels to 2023-06-13T00:00:00+00:00, run_after=2023-06-14T00:00:00+00:00
[2023-06-14T14:32:30.691+0000] {processor.py:179} INFO - Processing /usr/local/lib/python3.8/dist-packages/airflow/example_dags/example_branch_labels.py took 0.084 seconds
[2023-06-14T14:33:19.473+0000] {processor.py:157} INFO - Started process (PID=6640) to work on /usr/local/lib/python3.8/dist-packages/airflow/example_dags/example_branch_labels.py
[2023-06-14T14:33:19.475+0000] {processor.py:826} INFO - Processing file /usr/local/lib/python3.8/dist-packages/airflow/example_dags/example_branch_labels.py for tasks to queue
[2023-06-14T14:33:19.477+0000] {logging_mixin.py:149} INFO - [2023-06-14T14:33:19.477+0000] {dagbag.py:541} INFO - Filling up the DagBag from /usr/local/lib/python3.8/dist-packages/airflow/example_dags/example_branch_labels.py
[2023-06-14T14:33:19.486+0000] {processor.py:836} INFO - DAG(s) dict_keys(['example_branch_labels']) retrieved from /usr/local/lib/python3.8/dist-packages/airflow/example_dags/example_branch_labels.py
[2023-06-14T14:33:19.507+0000] {logging_mixin.py:149} INFO - [2023-06-14T14:33:19.507+0000] {dag.py:2726} INFO - Sync 1 DAGs
[2023-06-14T14:33:19.530+0000] {logging_mixin.py:149} INFO - [2023-06-14T14:33:19.530+0000] {dag.py:3486} INFO - Setting next_dagrun for example_branch_labels to 2023-06-13T00:00:00+00:00, run_after=2023-06-14T00:00:00+00:00
[2023-06-14T14:33:19.557+0000] {processor.py:179} INFO - Processing /usr/local/lib/python3.8/dist-packages/airflow/example_dags/example_branch_labels.py took 0.088 seconds
[2023-06-14T14:34:12.430+0000] {processor.py:157} INFO - Started process (PID=6897) to work on /usr/local/lib/python3.8/dist-packages/airflow/example_dags/example_branch_labels.py
[2023-06-14T14:34:12.431+0000] {processor.py:826} INFO - Processing file /usr/local/lib/python3.8/dist-packages/airflow/example_dags/example_branch_labels.py for tasks to queue
[2023-06-14T14:34:12.433+0000] {logging_mixin.py:149} INFO - [2023-06-14T14:34:12.433+0000] {dagbag.py:541} INFO - Filling up the DagBag from /usr/local/lib/python3.8/dist-packages/airflow/example_dags/example_branch_labels.py
[2023-06-14T14:34:12.442+0000] {processor.py:836} INFO - DAG(s) dict_keys(['example_branch_labels']) retrieved from /usr/local/lib/python3.8/dist-packages/airflow/example_dags/example_branch_labels.py
[2023-06-14T14:34:12.463+0000] {logging_mixin.py:149} INFO - [2023-06-14T14:34:12.463+0000] {dag.py:2726} INFO - Sync 1 DAGs
[2023-06-14T14:34:12.485+0000] {logging_mixin.py:149} INFO - [2023-06-14T14:34:12.485+0000] {dag.py:3486} INFO - Setting next_dagrun for example_branch_labels to 2023-06-13T00:00:00+00:00, run_after=2023-06-14T00:00:00+00:00
[2023-06-14T14:34:12.514+0000] {processor.py:179} INFO - Processing /usr/local/lib/python3.8/dist-packages/airflow/example_dags/example_branch_labels.py took 0.091 seconds
[2023-06-14T14:35:06.968+0000] {processor.py:157} INFO - Started process (PID=7058) to work on /usr/local/lib/python3.8/dist-packages/airflow/example_dags/example_branch_labels.py
[2023-06-14T14:35:06.970+0000] {processor.py:826} INFO - Processing file /usr/local/lib/python3.8/dist-packages/airflow/example_dags/example_branch_labels.py for tasks to queue
[2023-06-14T14:35:06.972+0000] {logging_mixin.py:149} INFO - [2023-06-14T14:35:06.972+0000] {dagbag.py:541} INFO - Filling up the DagBag from /usr/local/lib/python3.8/dist-packages/airflow/example_dags/example_branch_labels.py
[2023-06-14T14:35:06.980+0000] {processor.py:836} INFO - DAG(s) dict_keys(['example_branch_labels']) retrieved from /usr/local/lib/python3.8/dist-packages/airflow/example_dags/example_branch_labels.py
[2023-06-14T14:35:07.004+0000] {logging_mixin.py:149} INFO - [2023-06-14T14:35:07.004+0000] {dag.py:2726} INFO - Sync 1 DAGs
[2023-06-14T14:35:07.025+0000] {logging_mixin.py:149} INFO - [2023-06-14T14:35:07.025+0000] {dag.py:3486} INFO - Setting next_dagrun for example_branch_labels to 2023-06-13T00:00:00+00:00, run_after=2023-06-14T00:00:00+00:00
[2023-06-14T14:35:07.056+0000] {processor.py:179} INFO - Processing /usr/local/lib/python3.8/dist-packages/airflow/example_dags/example_branch_labels.py took 0.092 seconds
[2023-06-14T14:35:58.713+0000] {processor.py:157} INFO - Started process (PID=7216) to work on /usr/local/lib/python3.8/dist-packages/airflow/example_dags/example_branch_labels.py
[2023-06-14T14:35:58.715+0000] {processor.py:826} INFO - Processing file /usr/local/lib/python3.8/dist-packages/airflow/example_dags/example_branch_labels.py for tasks to queue
[2023-06-14T14:35:58.718+0000] {logging_mixin.py:149} INFO - [2023-06-14T14:35:58.718+0000] {dagbag.py:541} INFO - Filling up the DagBag from /usr/local/lib/python3.8/dist-packages/airflow/example_dags/example_branch_labels.py
[2023-06-14T14:35:58.726+0000] {processor.py:836} INFO - DAG(s) dict_keys(['example_branch_labels']) retrieved from /usr/local/lib/python3.8/dist-packages/airflow/example_dags/example_branch_labels.py
[2023-06-14T14:35:58.749+0000] {logging_mixin.py:149} INFO - [2023-06-14T14:35:58.749+0000] {dag.py:2726} INFO - Sync 1 DAGs
[2023-06-14T14:35:58.772+0000] {logging_mixin.py:149} INFO - [2023-06-14T14:35:58.771+0000] {dag.py:3486} INFO - Setting next_dagrun for example_branch_labels to 2023-06-13T00:00:00+00:00, run_after=2023-06-14T00:00:00+00:00
[2023-06-14T14:35:58.799+0000] {processor.py:179} INFO - Processing /usr/local/lib/python3.8/dist-packages/airflow/example_dags/example_branch_labels.py took 0.090 seconds
[2023-06-14T14:36:50.128+0000] {processor.py:157} INFO - Started process (PID=7268) to work on /usr/local/lib/python3.8/dist-packages/airflow/example_dags/example_branch_labels.py
[2023-06-14T14:36:50.130+0000] {processor.py:826} INFO - Processing file /usr/local/lib/python3.8/dist-packages/airflow/example_dags/example_branch_labels.py for tasks to queue
[2023-06-14T14:36:50.132+0000] {logging_mixin.py:149} INFO - [2023-06-14T14:36:50.132+0000] {dagbag.py:541} INFO - Filling up the DagBag from /usr/local/lib/python3.8/dist-packages/airflow/example_dags/example_branch_labels.py
[2023-06-14T14:36:50.141+0000] {processor.py:836} INFO - DAG(s) dict_keys(['example_branch_labels']) retrieved from /usr/local/lib/python3.8/dist-packages/airflow/example_dags/example_branch_labels.py
[2023-06-14T14:36:50.162+0000] {logging_mixin.py:149} INFO - [2023-06-14T14:36:50.162+0000] {dag.py:2726} INFO - Sync 1 DAGs
[2023-06-14T14:36:50.183+0000] {logging_mixin.py:149} INFO - [2023-06-14T14:36:50.183+0000] {dag.py:3486} INFO - Setting next_dagrun for example_branch_labels to 2023-06-13T00:00:00+00:00, run_after=2023-06-14T00:00:00+00:00
[2023-06-14T14:36:50.211+0000] {processor.py:179} INFO - Processing /usr/local/lib/python3.8/dist-packages/airflow/example_dags/example_branch_labels.py took 0.086 seconds
[2023-06-14T14:37:41.869+0000] {processor.py:157} INFO - Started process (PID=7430) to work on /usr/local/lib/python3.8/dist-packages/airflow/example_dags/example_branch_labels.py
[2023-06-14T14:37:41.870+0000] {processor.py:826} INFO - Processing file /usr/local/lib/python3.8/dist-packages/airflow/example_dags/example_branch_labels.py for tasks to queue
[2023-06-14T14:37:41.873+0000] {logging_mixin.py:149} INFO - [2023-06-14T14:37:41.873+0000] {dagbag.py:541} INFO - Filling up the DagBag from /usr/local/lib/python3.8/dist-packages/airflow/example_dags/example_branch_labels.py
[2023-06-14T14:37:41.881+0000] {processor.py:836} INFO - DAG(s) dict_keys(['example_branch_labels']) retrieved from /usr/local/lib/python3.8/dist-packages/airflow/example_dags/example_branch_labels.py
[2023-06-14T14:37:41.903+0000] {logging_mixin.py:149} INFO - [2023-06-14T14:37:41.902+0000] {dag.py:2726} INFO - Sync 1 DAGs
[2023-06-14T14:37:41.924+0000] {logging_mixin.py:149} INFO - [2023-06-14T14:37:41.924+0000] {dag.py:3486} INFO - Setting next_dagrun for example_branch_labels to 2023-06-13T00:00:00+00:00, run_after=2023-06-14T00:00:00+00:00
[2023-06-14T14:37:41.952+0000] {processor.py:179} INFO - Processing /usr/local/lib/python3.8/dist-packages/airflow/example_dags/example_branch_labels.py took 0.086 seconds
[2023-06-14T14:38:32.545+0000] {processor.py:157} INFO - Started process (PID=7585) to work on /usr/local/lib/python3.8/dist-packages/airflow/example_dags/example_branch_labels.py
[2023-06-14T14:38:32.546+0000] {processor.py:826} INFO - Processing file /usr/local/lib/python3.8/dist-packages/airflow/example_dags/example_branch_labels.py for tasks to queue
[2023-06-14T14:38:32.549+0000] {logging_mixin.py:149} INFO - [2023-06-14T14:38:32.549+0000] {dagbag.py:541} INFO - Filling up the DagBag from /usr/local/lib/python3.8/dist-packages/airflow/example_dags/example_branch_labels.py
[2023-06-14T14:38:32.557+0000] {processor.py:836} INFO - DAG(s) dict_keys(['example_branch_labels']) retrieved from /usr/local/lib/python3.8/dist-packages/airflow/example_dags/example_branch_labels.py
[2023-06-14T14:38:32.578+0000] {logging_mixin.py:149} INFO - [2023-06-14T14:38:32.578+0000] {dag.py:2726} INFO - Sync 1 DAGs
[2023-06-14T14:38:32.600+0000] {logging_mixin.py:149} INFO - [2023-06-14T14:38:32.600+0000] {dag.py:3486} INFO - Setting next_dagrun for example_branch_labels to 2023-06-13T00:00:00+00:00, run_after=2023-06-14T00:00:00+00:00
[2023-06-14T14:38:32.627+0000] {processor.py:179} INFO - Processing /usr/local/lib/python3.8/dist-packages/airflow/example_dags/example_branch_labels.py took 0.086 seconds
[2023-06-14T14:39:20.235+0000] {processor.py:157} INFO - Started process (PID=7737) to work on /usr/local/lib/python3.8/dist-packages/airflow/example_dags/example_branch_labels.py
[2023-06-14T14:39:20.237+0000] {processor.py:826} INFO - Processing file /usr/local/lib/python3.8/dist-packages/airflow/example_dags/example_branch_labels.py for tasks to queue
[2023-06-14T14:39:20.239+0000] {logging_mixin.py:149} INFO - [2023-06-14T14:39:20.239+0000] {dagbag.py:541} INFO - Filling up the DagBag from /usr/local/lib/python3.8/dist-packages/airflow/example_dags/example_branch_labels.py
[2023-06-14T14:39:20.248+0000] {processor.py:836} INFO - DAG(s) dict_keys(['example_branch_labels']) retrieved from /usr/local/lib/python3.8/dist-packages/airflow/example_dags/example_branch_labels.py
[2023-06-14T14:39:20.269+0000] {logging_mixin.py:149} INFO - [2023-06-14T14:39:20.269+0000] {dag.py:2726} INFO - Sync 1 DAGs
[2023-06-14T14:39:20.291+0000] {logging_mixin.py:149} INFO - [2023-06-14T14:39:20.291+0000] {dag.py:3486} INFO - Setting next_dagrun for example_branch_labels to 2023-06-13T00:00:00+00:00, run_after=2023-06-14T00:00:00+00:00
[2023-06-14T14:39:20.320+0000] {processor.py:179} INFO - Processing /usr/local/lib/python3.8/dist-packages/airflow/example_dags/example_branch_labels.py took 0.089 seconds
[2023-06-14T14:40:12.031+0000] {processor.py:157} INFO - Started process (PID=7891) to work on /usr/local/lib/python3.8/dist-packages/airflow/example_dags/example_branch_labels.py
[2023-06-14T14:40:12.032+0000] {processor.py:826} INFO - Processing file /usr/local/lib/python3.8/dist-packages/airflow/example_dags/example_branch_labels.py for tasks to queue
[2023-06-14T14:40:12.035+0000] {logging_mixin.py:149} INFO - [2023-06-14T14:40:12.035+0000] {dagbag.py:541} INFO - Filling up the DagBag from /usr/local/lib/python3.8/dist-packages/airflow/example_dags/example_branch_labels.py
[2023-06-14T14:40:12.044+0000] {processor.py:836} INFO - DAG(s) dict_keys(['example_branch_labels']) retrieved from /usr/local/lib/python3.8/dist-packages/airflow/example_dags/example_branch_labels.py
[2023-06-14T14:40:12.068+0000] {logging_mixin.py:149} INFO - [2023-06-14T14:40:12.068+0000] {dag.py:2726} INFO - Sync 1 DAGs
[2023-06-14T14:40:12.091+0000] {logging_mixin.py:149} INFO - [2023-06-14T14:40:12.091+0000] {dag.py:3486} INFO - Setting next_dagrun for example_branch_labels to 2023-06-13T00:00:00+00:00, run_after=2023-06-14T00:00:00+00:00
[2023-06-14T14:40:12.122+0000] {processor.py:179} INFO - Processing /usr/local/lib/python3.8/dist-packages/airflow/example_dags/example_branch_labels.py took 0.095 seconds
[2023-06-14T14:41:07.043+0000] {processor.py:157} INFO - Started process (PID=8049) to work on /usr/local/lib/python3.8/dist-packages/airflow/example_dags/example_branch_labels.py
[2023-06-14T14:41:07.045+0000] {processor.py:826} INFO - Processing file /usr/local/lib/python3.8/dist-packages/airflow/example_dags/example_branch_labels.py for tasks to queue
[2023-06-14T14:41:07.047+0000] {logging_mixin.py:149} INFO - [2023-06-14T14:41:07.047+0000] {dagbag.py:541} INFO - Filling up the DagBag from /usr/local/lib/python3.8/dist-packages/airflow/example_dags/example_branch_labels.py
[2023-06-14T14:41:07.056+0000] {processor.py:836} INFO - DAG(s) dict_keys(['example_branch_labels']) retrieved from /usr/local/lib/python3.8/dist-packages/airflow/example_dags/example_branch_labels.py
[2023-06-14T14:41:07.078+0000] {logging_mixin.py:149} INFO - [2023-06-14T14:41:07.077+0000] {dag.py:2726} INFO - Sync 1 DAGs
[2023-06-14T14:41:07.100+0000] {logging_mixin.py:149} INFO - [2023-06-14T14:41:07.100+0000] {dag.py:3486} INFO - Setting next_dagrun for example_branch_labels to 2023-06-13T00:00:00+00:00, run_after=2023-06-14T00:00:00+00:00
[2023-06-14T14:41:07.125+0000] {processor.py:179} INFO - Processing /usr/local/lib/python3.8/dist-packages/airflow/example_dags/example_branch_labels.py took 0.086 seconds
[2023-06-14T14:42:00.311+0000] {processor.py:157} INFO - Started process (PID=8206) to work on /usr/local/lib/python3.8/dist-packages/airflow/example_dags/example_branch_labels.py
[2023-06-14T14:42:00.312+0000] {processor.py:826} INFO - Processing file /usr/local/lib/python3.8/dist-packages/airflow/example_dags/example_branch_labels.py for tasks to queue
[2023-06-14T14:42:00.314+0000] {logging_mixin.py:149} INFO - [2023-06-14T14:42:00.314+0000] {dagbag.py:541} INFO - Filling up the DagBag from /usr/local/lib/python3.8/dist-packages/airflow/example_dags/example_branch_labels.py
[2023-06-14T14:42:00.323+0000] {processor.py:836} INFO - DAG(s) dict_keys(['example_branch_labels']) retrieved from /usr/local/lib/python3.8/dist-packages/airflow/example_dags/example_branch_labels.py
[2023-06-14T14:42:00.344+0000] {logging_mixin.py:149} INFO - [2023-06-14T14:42:00.344+0000] {dag.py:2726} INFO - Sync 1 DAGs
[2023-06-14T14:42:00.366+0000] {logging_mixin.py:149} INFO - [2023-06-14T14:42:00.366+0000] {dag.py:3486} INFO - Setting next_dagrun for example_branch_labels to 2023-06-13T00:00:00+00:00, run_after=2023-06-14T00:00:00+00:00
[2023-06-14T14:42:00.394+0000] {processor.py:179} INFO - Processing /usr/local/lib/python3.8/dist-packages/airflow/example_dags/example_branch_labels.py took 0.088 seconds
[2023-06-14T14:42:54.724+0000] {processor.py:157} INFO - Started process (PID=8368) to work on /usr/local/lib/python3.8/dist-packages/airflow/example_dags/example_branch_labels.py
[2023-06-14T14:42:54.725+0000] {processor.py:826} INFO - Processing file /usr/local/lib/python3.8/dist-packages/airflow/example_dags/example_branch_labels.py for tasks to queue
[2023-06-14T14:42:54.728+0000] {logging_mixin.py:149} INFO - [2023-06-14T14:42:54.728+0000] {dagbag.py:541} INFO - Filling up the DagBag from /usr/local/lib/python3.8/dist-packages/airflow/example_dags/example_branch_labels.py
[2023-06-14T14:42:54.736+0000] {processor.py:836} INFO - DAG(s) dict_keys(['example_branch_labels']) retrieved from /usr/local/lib/python3.8/dist-packages/airflow/example_dags/example_branch_labels.py
[2023-06-14T14:42:54.758+0000] {logging_mixin.py:149} INFO - [2023-06-14T14:42:54.758+0000] {dag.py:2726} INFO - Sync 1 DAGs
[2023-06-14T14:42:54.780+0000] {logging_mixin.py:149} INFO - [2023-06-14T14:42:54.780+0000] {dag.py:3486} INFO - Setting next_dagrun for example_branch_labels to 2023-06-13T00:00:00+00:00, run_after=2023-06-14T00:00:00+00:00
[2023-06-14T14:42:54.806+0000] {processor.py:179} INFO - Processing /usr/local/lib/python3.8/dist-packages/airflow/example_dags/example_branch_labels.py took 0.086 seconds
[2023-06-14T14:43:51.478+0000] {processor.py:157} INFO - Started process (PID=8463) to work on /usr/local/lib/python3.8/dist-packages/airflow/example_dags/example_branch_labels.py
[2023-06-14T14:43:51.479+0000] {processor.py:826} INFO - Processing file /usr/local/lib/python3.8/dist-packages/airflow/example_dags/example_branch_labels.py for tasks to queue
[2023-06-14T14:43:51.482+0000] {logging_mixin.py:149} INFO - [2023-06-14T14:43:51.481+0000] {dagbag.py:541} INFO - Filling up the DagBag from /usr/local/lib/python3.8/dist-packages/airflow/example_dags/example_branch_labels.py
[2023-06-14T14:43:51.490+0000] {processor.py:836} INFO - DAG(s) dict_keys(['example_branch_labels']) retrieved from /usr/local/lib/python3.8/dist-packages/airflow/example_dags/example_branch_labels.py
[2023-06-14T14:43:51.513+0000] {logging_mixin.py:149} INFO - [2023-06-14T14:43:51.512+0000] {dag.py:2726} INFO - Sync 1 DAGs
[2023-06-14T14:43:51.535+0000] {logging_mixin.py:149} INFO - [2023-06-14T14:43:51.534+0000] {dag.py:3486} INFO - Setting next_dagrun for example_branch_labels to 2023-06-13T00:00:00+00:00, run_after=2023-06-14T00:00:00+00:00
[2023-06-14T14:43:51.562+0000] {processor.py:179} INFO - Processing /usr/local/lib/python3.8/dist-packages/airflow/example_dags/example_branch_labels.py took 0.088 seconds
[2023-06-14T14:44:45.600+0000] {processor.py:157} INFO - Started process (PID=8682) to work on /usr/local/lib/python3.8/dist-packages/airflow/example_dags/example_branch_labels.py
[2023-06-14T14:44:45.601+0000] {processor.py:826} INFO - Processing file /usr/local/lib/python3.8/dist-packages/airflow/example_dags/example_branch_labels.py for tasks to queue
[2023-06-14T14:44:45.604+0000] {logging_mixin.py:149} INFO - [2023-06-14T14:44:45.603+0000] {dagbag.py:541} INFO - Filling up the DagBag from /usr/local/lib/python3.8/dist-packages/airflow/example_dags/example_branch_labels.py
[2023-06-14T14:44:45.614+0000] {processor.py:836} INFO - DAG(s) dict_keys(['example_branch_labels']) retrieved from /usr/local/lib/python3.8/dist-packages/airflow/example_dags/example_branch_labels.py
[2023-06-14T14:44:45.638+0000] {logging_mixin.py:149} INFO - [2023-06-14T14:44:45.637+0000] {dag.py:2726} INFO - Sync 1 DAGs
[2023-06-14T14:44:45.673+0000] {logging_mixin.py:149} INFO - [2023-06-14T14:44:45.672+0000] {dag.py:3486} INFO - Setting next_dagrun for example_branch_labels to 2023-06-13T00:00:00+00:00, run_after=2023-06-14T00:00:00+00:00
[2023-06-14T14:44:45.702+0000] {processor.py:179} INFO - Processing /usr/local/lib/python3.8/dist-packages/airflow/example_dags/example_branch_labels.py took 0.106 seconds
[2023-06-14T14:45:41.662+0000] {processor.py:157} INFO - Started process (PID=8842) to work on /usr/local/lib/python3.8/dist-packages/airflow/example_dags/example_branch_labels.py
[2023-06-14T14:45:41.664+0000] {processor.py:826} INFO - Processing file /usr/local/lib/python3.8/dist-packages/airflow/example_dags/example_branch_labels.py for tasks to queue
[2023-06-14T14:45:41.666+0000] {logging_mixin.py:149} INFO - [2023-06-14T14:45:41.666+0000] {dagbag.py:541} INFO - Filling up the DagBag from /usr/local/lib/python3.8/dist-packages/airflow/example_dags/example_branch_labels.py
[2023-06-14T14:45:41.675+0000] {processor.py:836} INFO - DAG(s) dict_keys(['example_branch_labels']) retrieved from /usr/local/lib/python3.8/dist-packages/airflow/example_dags/example_branch_labels.py
[2023-06-14T14:45:41.697+0000] {logging_mixin.py:149} INFO - [2023-06-14T14:45:41.697+0000] {dag.py:2726} INFO - Sync 1 DAGs
[2023-06-14T14:45:41.719+0000] {logging_mixin.py:149} INFO - [2023-06-14T14:45:41.719+0000] {dag.py:3486} INFO - Setting next_dagrun for example_branch_labels to 2023-06-13T00:00:00+00:00, run_after=2023-06-14T00:00:00+00:00
[2023-06-14T14:45:41.746+0000] {processor.py:179} INFO - Processing /usr/local/lib/python3.8/dist-packages/airflow/example_dags/example_branch_labels.py took 0.087 seconds
[2023-06-14T14:46:38.046+0000] {processor.py:157} INFO - Started process (PID=9004) to work on /usr/local/lib/python3.8/dist-packages/airflow/example_dags/example_branch_labels.py
[2023-06-14T14:46:38.047+0000] {processor.py:826} INFO - Processing file /usr/local/lib/python3.8/dist-packages/airflow/example_dags/example_branch_labels.py for tasks to queue
[2023-06-14T14:46:38.050+0000] {logging_mixin.py:149} INFO - [2023-06-14T14:46:38.049+0000] {dagbag.py:541} INFO - Filling up the DagBag from /usr/local/lib/python3.8/dist-packages/airflow/example_dags/example_branch_labels.py
[2023-06-14T14:46:38.062+0000] {processor.py:836} INFO - DAG(s) dict_keys(['example_branch_labels']) retrieved from /usr/local/lib/python3.8/dist-packages/airflow/example_dags/example_branch_labels.py
[2023-06-14T14:46:38.084+0000] {logging_mixin.py:149} INFO - [2023-06-14T14:46:38.084+0000] {dag.py:2726} INFO - Sync 1 DAGs
[2023-06-14T14:46:38.106+0000] {logging_mixin.py:149} INFO - [2023-06-14T14:46:38.105+0000] {dag.py:3486} INFO - Setting next_dagrun for example_branch_labels to 2023-06-13T00:00:00+00:00, run_after=2023-06-14T00:00:00+00:00
[2023-06-14T14:46:38.131+0000] {processor.py:179} INFO - Processing /usr/local/lib/python3.8/dist-packages/airflow/example_dags/example_branch_labels.py took 0.089 seconds
[2023-06-14T14:47:28.048+0000] {processor.py:157} INFO - Started process (PID=9160) to work on /usr/local/lib/python3.8/dist-packages/airflow/example_dags/example_branch_labels.py
[2023-06-14T14:47:28.049+0000] {processor.py:826} INFO - Processing file /usr/local/lib/python3.8/dist-packages/airflow/example_dags/example_branch_labels.py for tasks to queue
[2023-06-14T14:47:28.052+0000] {logging_mixin.py:149} INFO - [2023-06-14T14:47:28.051+0000] {dagbag.py:541} INFO - Filling up the DagBag from /usr/local/lib/python3.8/dist-packages/airflow/example_dags/example_branch_labels.py
[2023-06-14T14:47:28.060+0000] {processor.py:836} INFO - DAG(s) dict_keys(['example_branch_labels']) retrieved from /usr/local/lib/python3.8/dist-packages/airflow/example_dags/example_branch_labels.py
[2023-06-14T14:47:28.082+0000] {logging_mixin.py:149} INFO - [2023-06-14T14:47:28.082+0000] {dag.py:2726} INFO - Sync 1 DAGs
[2023-06-14T14:47:28.104+0000] {logging_mixin.py:149} INFO - [2023-06-14T14:47:28.104+0000] {dag.py:3486} INFO - Setting next_dagrun for example_branch_labels to 2023-06-13T00:00:00+00:00, run_after=2023-06-14T00:00:00+00:00
[2023-06-14T14:47:28.129+0000] {processor.py:179} INFO - Processing /usr/local/lib/python3.8/dist-packages/airflow/example_dags/example_branch_labels.py took 0.085 seconds
[2023-06-14T14:48:21.104+0000] {processor.py:157} INFO - Started process (PID=9317) to work on /usr/local/lib/python3.8/dist-packages/airflow/example_dags/example_branch_labels.py
[2023-06-14T14:48:21.106+0000] {processor.py:826} INFO - Processing file /usr/local/lib/python3.8/dist-packages/airflow/example_dags/example_branch_labels.py for tasks to queue
[2023-06-14T14:48:21.108+0000] {logging_mixin.py:149} INFO - [2023-06-14T14:48:21.108+0000] {dagbag.py:541} INFO - Filling up the DagBag from /usr/local/lib/python3.8/dist-packages/airflow/example_dags/example_branch_labels.py
[2023-06-14T14:48:21.117+0000] {processor.py:836} INFO - DAG(s) dict_keys(['example_branch_labels']) retrieved from /usr/local/lib/python3.8/dist-packages/airflow/example_dags/example_branch_labels.py
[2023-06-14T14:48:21.138+0000] {logging_mixin.py:149} INFO - [2023-06-14T14:48:21.138+0000] {dag.py:2726} INFO - Sync 1 DAGs
[2023-06-14T14:48:21.160+0000] {logging_mixin.py:149} INFO - [2023-06-14T14:48:21.160+0000] {dag.py:3486} INFO - Setting next_dagrun for example_branch_labels to 2023-06-13T00:00:00+00:00, run_after=2023-06-14T00:00:00+00:00
[2023-06-14T14:48:21.187+0000] {processor.py:179} INFO - Processing /usr/local/lib/python3.8/dist-packages/airflow/example_dags/example_branch_labels.py took 0.087 seconds
[2023-06-14T14:49:17.392+0000] {processor.py:157} INFO - Started process (PID=9577) to work on /usr/local/lib/python3.8/dist-packages/airflow/example_dags/example_branch_labels.py
[2023-06-14T14:49:17.393+0000] {processor.py:826} INFO - Processing file /usr/local/lib/python3.8/dist-packages/airflow/example_dags/example_branch_labels.py for tasks to queue
[2023-06-14T14:49:17.395+0000] {logging_mixin.py:149} INFO - [2023-06-14T14:49:17.395+0000] {dagbag.py:541} INFO - Filling up the DagBag from /usr/local/lib/python3.8/dist-packages/airflow/example_dags/example_branch_labels.py
[2023-06-14T14:49:17.404+0000] {processor.py:836} INFO - DAG(s) dict_keys(['example_branch_labels']) retrieved from /usr/local/lib/python3.8/dist-packages/airflow/example_dags/example_branch_labels.py
[2023-06-14T14:49:17.426+0000] {logging_mixin.py:149} INFO - [2023-06-14T14:49:17.425+0000] {dag.py:2726} INFO - Sync 1 DAGs
[2023-06-14T14:49:17.448+0000] {logging_mixin.py:149} INFO - [2023-06-14T14:49:17.448+0000] {dag.py:3486} INFO - Setting next_dagrun for example_branch_labels to 2023-06-13T00:00:00+00:00, run_after=2023-06-14T00:00:00+00:00
[2023-06-14T14:49:17.473+0000] {processor.py:179} INFO - Processing /usr/local/lib/python3.8/dist-packages/airflow/example_dags/example_branch_labels.py took 0.085 seconds
[2023-06-14T14:50:14.129+0000] {processor.py:157} INFO - Started process (PID=9736) to work on /usr/local/lib/python3.8/dist-packages/airflow/example_dags/example_branch_labels.py
[2023-06-14T14:50:14.131+0000] {processor.py:826} INFO - Processing file /usr/local/lib/python3.8/dist-packages/airflow/example_dags/example_branch_labels.py for tasks to queue
[2023-06-14T14:50:14.133+0000] {logging_mixin.py:149} INFO - [2023-06-14T14:50:14.133+0000] {dagbag.py:541} INFO - Filling up the DagBag from /usr/local/lib/python3.8/dist-packages/airflow/example_dags/example_branch_labels.py
[2023-06-14T14:50:14.141+0000] {processor.py:836} INFO - DAG(s) dict_keys(['example_branch_labels']) retrieved from /usr/local/lib/python3.8/dist-packages/airflow/example_dags/example_branch_labels.py
[2023-06-14T14:50:14.163+0000] {logging_mixin.py:149} INFO - [2023-06-14T14:50:14.162+0000] {dag.py:2726} INFO - Sync 1 DAGs
[2023-06-14T14:50:14.184+0000] {logging_mixin.py:149} INFO - [2023-06-14T14:50:14.184+0000] {dag.py:3486} INFO - Setting next_dagrun for example_branch_labels to 2023-06-13T00:00:00+00:00, run_after=2023-06-14T00:00:00+00:00
[2023-06-14T14:50:14.209+0000] {processor.py:179} INFO - Processing /usr/local/lib/python3.8/dist-packages/airflow/example_dags/example_branch_labels.py took 0.084 seconds
[2023-06-14T14:51:05.668+0000] {processor.py:157} INFO - Started process (PID=9891) to work on /usr/local/lib/python3.8/dist-packages/airflow/example_dags/example_branch_labels.py
[2023-06-14T14:51:05.670+0000] {processor.py:826} INFO - Processing file /usr/local/lib/python3.8/dist-packages/airflow/example_dags/example_branch_labels.py for tasks to queue
[2023-06-14T14:51:05.672+0000] {logging_mixin.py:149} INFO - [2023-06-14T14:51:05.672+0000] {dagbag.py:541} INFO - Filling up the DagBag from /usr/local/lib/python3.8/dist-packages/airflow/example_dags/example_branch_labels.py
[2023-06-14T14:51:05.681+0000] {processor.py:836} INFO - DAG(s) dict_keys(['example_branch_labels']) retrieved from /usr/local/lib/python3.8/dist-packages/airflow/example_dags/example_branch_labels.py
[2023-06-14T14:51:05.702+0000] {logging_mixin.py:149} INFO - [2023-06-14T14:51:05.702+0000] {dag.py:2726} INFO - Sync 1 DAGs
[2023-06-14T14:51:05.725+0000] {logging_mixin.py:149} INFO - [2023-06-14T14:51:05.725+0000] {dag.py:3486} INFO - Setting next_dagrun for example_branch_labels to 2023-06-13T00:00:00+00:00, run_after=2023-06-14T00:00:00+00:00
[2023-06-14T14:51:05.750+0000] {processor.py:179} INFO - Processing /usr/local/lib/python3.8/dist-packages/airflow/example_dags/example_branch_labels.py took 0.085 seconds
[2023-06-14T14:51:52.464+0000] {processor.py:157} INFO - Started process (PID=9982) to work on /usr/local/lib/python3.8/dist-packages/airflow/example_dags/example_branch_labels.py
[2023-06-14T14:51:52.466+0000] {processor.py:826} INFO - Processing file /usr/local/lib/python3.8/dist-packages/airflow/example_dags/example_branch_labels.py for tasks to queue
[2023-06-14T14:51:52.468+0000] {logging_mixin.py:149} INFO - [2023-06-14T14:51:52.468+0000] {dagbag.py:541} INFO - Filling up the DagBag from /usr/local/lib/python3.8/dist-packages/airflow/example_dags/example_branch_labels.py
[2023-06-14T14:51:52.476+0000] {processor.py:836} INFO - DAG(s) dict_keys(['example_branch_labels']) retrieved from /usr/local/lib/python3.8/dist-packages/airflow/example_dags/example_branch_labels.py
[2023-06-14T14:51:52.499+0000] {logging_mixin.py:149} INFO - [2023-06-14T14:51:52.499+0000] {dag.py:2726} INFO - Sync 1 DAGs
[2023-06-14T14:51:52.521+0000] {logging_mixin.py:149} INFO - [2023-06-14T14:51:52.521+0000] {dag.py:3486} INFO - Setting next_dagrun for example_branch_labels to 2023-06-13T00:00:00+00:00, run_after=2023-06-14T00:00:00+00:00
[2023-06-14T14:51:52.549+0000] {processor.py:179} INFO - Processing /usr/local/lib/python3.8/dist-packages/airflow/example_dags/example_branch_labels.py took 0.089 seconds
[2023-06-14T14:52:43.333+0000] {processor.py:157} INFO - Started process (PID=10101) to work on /usr/local/lib/python3.8/dist-packages/airflow/example_dags/example_branch_labels.py
[2023-06-14T14:52:43.334+0000] {processor.py:826} INFO - Processing file /usr/local/lib/python3.8/dist-packages/airflow/example_dags/example_branch_labels.py for tasks to queue
[2023-06-14T14:52:43.337+0000] {logging_mixin.py:149} INFO - [2023-06-14T14:52:43.337+0000] {dagbag.py:541} INFO - Filling up the DagBag from /usr/local/lib/python3.8/dist-packages/airflow/example_dags/example_branch_labels.py
[2023-06-14T14:52:43.345+0000] {processor.py:836} INFO - DAG(s) dict_keys(['example_branch_labels']) retrieved from /usr/local/lib/python3.8/dist-packages/airflow/example_dags/example_branch_labels.py
[2023-06-14T14:52:43.368+0000] {logging_mixin.py:149} INFO - [2023-06-14T14:52:43.367+0000] {dag.py:2726} INFO - Sync 1 DAGs
[2023-06-14T14:52:43.390+0000] {logging_mixin.py:149} INFO - [2023-06-14T14:52:43.390+0000] {dag.py:3486} INFO - Setting next_dagrun for example_branch_labels to 2023-06-13T00:00:00+00:00, run_after=2023-06-14T00:00:00+00:00
[2023-06-14T14:52:43.416+0000] {processor.py:179} INFO - Processing /usr/local/lib/python3.8/dist-packages/airflow/example_dags/example_branch_labels.py took 0.087 seconds
[2023-06-14T14:53:35.084+0000] {processor.py:157} INFO - Started process (PID=10256) to work on /usr/local/lib/python3.8/dist-packages/airflow/example_dags/example_branch_labels.py
[2023-06-14T14:53:35.085+0000] {processor.py:826} INFO - Processing file /usr/local/lib/python3.8/dist-packages/airflow/example_dags/example_branch_labels.py for tasks to queue
[2023-06-14T14:53:35.087+0000] {logging_mixin.py:149} INFO - [2023-06-14T14:53:35.087+0000] {dagbag.py:541} INFO - Filling up the DagBag from /usr/local/lib/python3.8/dist-packages/airflow/example_dags/example_branch_labels.py
[2023-06-14T14:53:35.096+0000] {processor.py:836} INFO - DAG(s) dict_keys(['example_branch_labels']) retrieved from /usr/local/lib/python3.8/dist-packages/airflow/example_dags/example_branch_labels.py
[2023-06-14T14:53:35.118+0000] {logging_mixin.py:149} INFO - [2023-06-14T14:53:35.117+0000] {dag.py:2726} INFO - Sync 1 DAGs
[2023-06-14T14:53:35.140+0000] {logging_mixin.py:149} INFO - [2023-06-14T14:53:35.139+0000] {dag.py:3486} INFO - Setting next_dagrun for example_branch_labels to 2023-06-13T00:00:00+00:00, run_after=2023-06-14T00:00:00+00:00
[2023-06-14T14:53:35.168+0000] {processor.py:179} INFO - Processing /usr/local/lib/python3.8/dist-packages/airflow/example_dags/example_branch_labels.py took 0.088 seconds
[2023-06-14T14:54:29.168+0000] {processor.py:157} INFO - Started process (PID=10518) to work on /usr/local/lib/python3.8/dist-packages/airflow/example_dags/example_branch_labels.py
[2023-06-14T14:54:29.170+0000] {processor.py:826} INFO - Processing file /usr/local/lib/python3.8/dist-packages/airflow/example_dags/example_branch_labels.py for tasks to queue
[2023-06-14T14:54:29.172+0000] {logging_mixin.py:149} INFO - [2023-06-14T14:54:29.172+0000] {dagbag.py:541} INFO - Filling up the DagBag from /usr/local/lib/python3.8/dist-packages/airflow/example_dags/example_branch_labels.py
[2023-06-14T14:54:29.181+0000] {processor.py:836} INFO - DAG(s) dict_keys(['example_branch_labels']) retrieved from /usr/local/lib/python3.8/dist-packages/airflow/example_dags/example_branch_labels.py
[2023-06-14T14:54:29.203+0000] {logging_mixin.py:149} INFO - [2023-06-14T14:54:29.202+0000] {dag.py:2726} INFO - Sync 1 DAGs
[2023-06-14T14:54:29.224+0000] {logging_mixin.py:149} INFO - [2023-06-14T14:54:29.224+0000] {dag.py:3486} INFO - Setting next_dagrun for example_branch_labels to 2023-06-13T00:00:00+00:00, run_after=2023-06-14T00:00:00+00:00
[2023-06-14T14:54:29.254+0000] {processor.py:179} INFO - Processing /usr/local/lib/python3.8/dist-packages/airflow/example_dags/example_branch_labels.py took 0.090 seconds
[2023-06-14T14:55:21.109+0000] {processor.py:157} INFO - Started process (PID=10775) to work on /usr/local/lib/python3.8/dist-packages/airflow/example_dags/example_branch_labels.py
[2023-06-14T14:55:21.110+0000] {processor.py:826} INFO - Processing file /usr/local/lib/python3.8/dist-packages/airflow/example_dags/example_branch_labels.py for tasks to queue
[2023-06-14T14:55:21.113+0000] {logging_mixin.py:149} INFO - [2023-06-14T14:55:21.113+0000] {dagbag.py:541} INFO - Filling up the DagBag from /usr/local/lib/python3.8/dist-packages/airflow/example_dags/example_branch_labels.py
[2023-06-14T14:55:21.121+0000] {processor.py:836} INFO - DAG(s) dict_keys(['example_branch_labels']) retrieved from /usr/local/lib/python3.8/dist-packages/airflow/example_dags/example_branch_labels.py
[2023-06-14T14:55:21.143+0000] {logging_mixin.py:149} INFO - [2023-06-14T14:55:21.142+0000] {dag.py:2726} INFO - Sync 1 DAGs
[2023-06-14T14:55:21.164+0000] {logging_mixin.py:149} INFO - [2023-06-14T14:55:21.163+0000] {dag.py:3486} INFO - Setting next_dagrun for example_branch_labels to 2023-06-13T00:00:00+00:00, run_after=2023-06-14T00:00:00+00:00
[2023-06-14T14:55:21.191+0000] {processor.py:179} INFO - Processing /usr/local/lib/python3.8/dist-packages/airflow/example_dags/example_branch_labels.py took 0.086 seconds
[2023-06-14T14:56:15.391+0000] {processor.py:157} INFO - Started process (PID=10933) to work on /usr/local/lib/python3.8/dist-packages/airflow/example_dags/example_branch_labels.py
[2023-06-14T14:56:15.393+0000] {processor.py:826} INFO - Processing file /usr/local/lib/python3.8/dist-packages/airflow/example_dags/example_branch_labels.py for tasks to queue
[2023-06-14T14:56:15.395+0000] {logging_mixin.py:149} INFO - [2023-06-14T14:56:15.395+0000] {dagbag.py:541} INFO - Filling up the DagBag from /usr/local/lib/python3.8/dist-packages/airflow/example_dags/example_branch_labels.py
[2023-06-14T14:56:15.404+0000] {processor.py:836} INFO - DAG(s) dict_keys(['example_branch_labels']) retrieved from /usr/local/lib/python3.8/dist-packages/airflow/example_dags/example_branch_labels.py
[2023-06-14T14:56:15.426+0000] {logging_mixin.py:149} INFO - [2023-06-14T14:56:15.426+0000] {dag.py:2726} INFO - Sync 1 DAGs
[2023-06-14T14:56:15.448+0000] {logging_mixin.py:149} INFO - [2023-06-14T14:56:15.448+0000] {dag.py:3486} INFO - Setting next_dagrun for example_branch_labels to 2023-06-13T00:00:00+00:00, run_after=2023-06-14T00:00:00+00:00
[2023-06-14T14:56:15.480+0000] {processor.py:179} INFO - Processing /usr/local/lib/python3.8/dist-packages/airflow/example_dags/example_branch_labels.py took 0.093 seconds
[2023-06-14T14:57:06.674+0000] {processor.py:157} INFO - Started process (PID=11094) to work on /usr/local/lib/python3.8/dist-packages/airflow/example_dags/example_branch_labels.py
[2023-06-14T14:57:06.675+0000] {processor.py:826} INFO - Processing file /usr/local/lib/python3.8/dist-packages/airflow/example_dags/example_branch_labels.py for tasks to queue
[2023-06-14T14:57:06.677+0000] {logging_mixin.py:149} INFO - [2023-06-14T14:57:06.677+0000] {dagbag.py:541} INFO - Filling up the DagBag from /usr/local/lib/python3.8/dist-packages/airflow/example_dags/example_branch_labels.py
[2023-06-14T14:57:06.686+0000] {processor.py:836} INFO - DAG(s) dict_keys(['example_branch_labels']) retrieved from /usr/local/lib/python3.8/dist-packages/airflow/example_dags/example_branch_labels.py
[2023-06-14T14:57:06.707+0000] {logging_mixin.py:149} INFO - [2023-06-14T14:57:06.707+0000] {dag.py:2726} INFO - Sync 1 DAGs
[2023-06-14T14:57:06.729+0000] {logging_mixin.py:149} INFO - [2023-06-14T14:57:06.729+0000] {dag.py:3486} INFO - Setting next_dagrun for example_branch_labels to 2023-06-13T00:00:00+00:00, run_after=2023-06-14T00:00:00+00:00
[2023-06-14T14:57:06.755+0000] {processor.py:179} INFO - Processing /usr/local/lib/python3.8/dist-packages/airflow/example_dags/example_branch_labels.py took 0.086 seconds
[2023-06-14T14:57:55.697+0000] {processor.py:157} INFO - Started process (PID=11246) to work on /usr/local/lib/python3.8/dist-packages/airflow/example_dags/example_branch_labels.py
[2023-06-14T14:57:55.698+0000] {processor.py:826} INFO - Processing file /usr/local/lib/python3.8/dist-packages/airflow/example_dags/example_branch_labels.py for tasks to queue
[2023-06-14T14:57:55.700+0000] {logging_mixin.py:149} INFO - [2023-06-14T14:57:55.700+0000] {dagbag.py:541} INFO - Filling up the DagBag from /usr/local/lib/python3.8/dist-packages/airflow/example_dags/example_branch_labels.py
[2023-06-14T14:57:55.709+0000] {processor.py:836} INFO - DAG(s) dict_keys(['example_branch_labels']) retrieved from /usr/local/lib/python3.8/dist-packages/airflow/example_dags/example_branch_labels.py
[2023-06-14T14:57:55.730+0000] {logging_mixin.py:149} INFO - [2023-06-14T14:57:55.730+0000] {dag.py:2726} INFO - Sync 1 DAGs
[2023-06-14T14:57:55.752+0000] {logging_mixin.py:149} INFO - [2023-06-14T14:57:55.751+0000] {dag.py:3486} INFO - Setting next_dagrun for example_branch_labels to 2023-06-13T00:00:00+00:00, run_after=2023-06-14T00:00:00+00:00
[2023-06-14T14:57:55.788+0000] {processor.py:179} INFO - Processing /usr/local/lib/python3.8/dist-packages/airflow/example_dags/example_branch_labels.py took 0.095 seconds
[2023-06-14T14:58:48.699+0000] {processor.py:157} INFO - Started process (PID=11300) to work on /usr/local/lib/python3.8/dist-packages/airflow/example_dags/example_branch_labels.py
[2023-06-14T14:58:48.700+0000] {processor.py:826} INFO - Processing file /usr/local/lib/python3.8/dist-packages/airflow/example_dags/example_branch_labels.py for tasks to queue
[2023-06-14T14:58:48.703+0000] {logging_mixin.py:149} INFO - [2023-06-14T14:58:48.703+0000] {dagbag.py:541} INFO - Filling up the DagBag from /usr/local/lib/python3.8/dist-packages/airflow/example_dags/example_branch_labels.py
[2023-06-14T14:58:48.711+0000] {processor.py:836} INFO - DAG(s) dict_keys(['example_branch_labels']) retrieved from /usr/local/lib/python3.8/dist-packages/airflow/example_dags/example_branch_labels.py
[2023-06-14T14:58:48.733+0000] {logging_mixin.py:149} INFO - [2023-06-14T14:58:48.733+0000] {dag.py:2726} INFO - Sync 1 DAGs
[2023-06-14T14:58:48.754+0000] {logging_mixin.py:149} INFO - [2023-06-14T14:58:48.754+0000] {dag.py:3486} INFO - Setting next_dagrun for example_branch_labels to 2023-06-13T00:00:00+00:00, run_after=2023-06-14T00:00:00+00:00
[2023-06-14T14:58:48.779+0000] {processor.py:179} INFO - Processing /usr/local/lib/python3.8/dist-packages/airflow/example_dags/example_branch_labels.py took 0.084 seconds
[2023-06-14T14:59:41.568+0000] {processor.py:157} INFO - Started process (PID=11560) to work on /usr/local/lib/python3.8/dist-packages/airflow/example_dags/example_branch_labels.py
[2023-06-14T14:59:41.570+0000] {processor.py:826} INFO - Processing file /usr/local/lib/python3.8/dist-packages/airflow/example_dags/example_branch_labels.py for tasks to queue
[2023-06-14T14:59:41.572+0000] {logging_mixin.py:149} INFO - [2023-06-14T14:59:41.572+0000] {dagbag.py:541} INFO - Filling up the DagBag from /usr/local/lib/python3.8/dist-packages/airflow/example_dags/example_branch_labels.py
[2023-06-14T14:59:41.584+0000] {processor.py:836} INFO - DAG(s) dict_keys(['example_branch_labels']) retrieved from /usr/local/lib/python3.8/dist-packages/airflow/example_dags/example_branch_labels.py
[2023-06-14T14:59:41.606+0000] {logging_mixin.py:149} INFO - [2023-06-14T14:59:41.606+0000] {dag.py:2726} INFO - Sync 1 DAGs
[2023-06-14T14:59:41.628+0000] {logging_mixin.py:149} INFO - [2023-06-14T14:59:41.627+0000] {dag.py:3486} INFO - Setting next_dagrun for example_branch_labels to 2023-06-13T00:00:00+00:00, run_after=2023-06-14T00:00:00+00:00
[2023-06-14T14:59:41.658+0000] {processor.py:179} INFO - Processing /usr/local/lib/python3.8/dist-packages/airflow/example_dags/example_branch_labels.py took 0.094 seconds
[2023-06-14T15:00:30.501+0000] {processor.py:157} INFO - Started process (PID=11716) to work on /usr/local/lib/python3.8/dist-packages/airflow/example_dags/example_branch_labels.py
[2023-06-14T15:00:30.503+0000] {processor.py:826} INFO - Processing file /usr/local/lib/python3.8/dist-packages/airflow/example_dags/example_branch_labels.py for tasks to queue
[2023-06-14T15:00:30.505+0000] {logging_mixin.py:149} INFO - [2023-06-14T15:00:30.505+0000] {dagbag.py:541} INFO - Filling up the DagBag from /usr/local/lib/python3.8/dist-packages/airflow/example_dags/example_branch_labels.py
[2023-06-14T15:00:30.513+0000] {processor.py:836} INFO - DAG(s) dict_keys(['example_branch_labels']) retrieved from /usr/local/lib/python3.8/dist-packages/airflow/example_dags/example_branch_labels.py
[2023-06-14T15:00:30.535+0000] {logging_mixin.py:149} INFO - [2023-06-14T15:00:30.535+0000] {dag.py:2726} INFO - Sync 1 DAGs
[2023-06-14T15:00:30.556+0000] {logging_mixin.py:149} INFO - [2023-06-14T15:00:30.556+0000] {dag.py:3486} INFO - Setting next_dagrun for example_branch_labels to 2023-06-13T00:00:00+00:00, run_after=2023-06-14T00:00:00+00:00
[2023-06-14T15:00:30.583+0000] {processor.py:179} INFO - Processing /usr/local/lib/python3.8/dist-packages/airflow/example_dags/example_branch_labels.py took 0.085 seconds
[2023-06-14T15:01:23.242+0000] {processor.py:157} INFO - Started process (PID=11874) to work on /usr/local/lib/python3.8/dist-packages/airflow/example_dags/example_branch_labels.py
[2023-06-14T15:01:23.244+0000] {processor.py:826} INFO - Processing file /usr/local/lib/python3.8/dist-packages/airflow/example_dags/example_branch_labels.py for tasks to queue
[2023-06-14T15:01:23.246+0000] {logging_mixin.py:149} INFO - [2023-06-14T15:01:23.246+0000] {dagbag.py:541} INFO - Filling up the DagBag from /usr/local/lib/python3.8/dist-packages/airflow/example_dags/example_branch_labels.py
[2023-06-14T15:01:23.254+0000] {processor.py:836} INFO - DAG(s) dict_keys(['example_branch_labels']) retrieved from /usr/local/lib/python3.8/dist-packages/airflow/example_dags/example_branch_labels.py
[2023-06-14T15:01:23.275+0000] {logging_mixin.py:149} INFO - [2023-06-14T15:01:23.275+0000] {dag.py:2726} INFO - Sync 1 DAGs
[2023-06-14T15:01:23.296+0000] {logging_mixin.py:149} INFO - [2023-06-14T15:01:23.296+0000] {dag.py:3486} INFO - Setting next_dagrun for example_branch_labels to 2023-06-13T00:00:00+00:00, run_after=2023-06-14T00:00:00+00:00
[2023-06-14T15:01:23.324+0000] {processor.py:179} INFO - Processing /usr/local/lib/python3.8/dist-packages/airflow/example_dags/example_branch_labels.py took 0.086 seconds
[2023-06-14T15:02:13.791+0000] {processor.py:157} INFO - Started process (PID=12037) to work on /usr/local/lib/python3.8/dist-packages/airflow/example_dags/example_branch_labels.py
[2023-06-14T15:02:13.792+0000] {processor.py:826} INFO - Processing file /usr/local/lib/python3.8/dist-packages/airflow/example_dags/example_branch_labels.py for tasks to queue
[2023-06-14T15:02:13.795+0000] {logging_mixin.py:149} INFO - [2023-06-14T15:02:13.795+0000] {dagbag.py:541} INFO - Filling up the DagBag from /usr/local/lib/python3.8/dist-packages/airflow/example_dags/example_branch_labels.py
[2023-06-14T15:02:13.803+0000] {processor.py:836} INFO - DAG(s) dict_keys(['example_branch_labels']) retrieved from /usr/local/lib/python3.8/dist-packages/airflow/example_dags/example_branch_labels.py
[2023-06-14T15:02:13.824+0000] {logging_mixin.py:149} INFO - [2023-06-14T15:02:13.823+0000] {dag.py:2726} INFO - Sync 1 DAGs
[2023-06-14T15:02:13.845+0000] {logging_mixin.py:149} INFO - [2023-06-14T15:02:13.845+0000] {dag.py:3486} INFO - Setting next_dagrun for example_branch_labels to 2023-06-13T00:00:00+00:00, run_after=2023-06-14T00:00:00+00:00
[2023-06-14T15:02:13.872+0000] {processor.py:179} INFO - Processing /usr/local/lib/python3.8/dist-packages/airflow/example_dags/example_branch_labels.py took 0.086 seconds
[2023-06-14T15:03:04.023+0000] {processor.py:157} INFO - Started process (PID=12295) to work on /usr/local/lib/python3.8/dist-packages/airflow/example_dags/example_branch_labels.py
[2023-06-14T15:03:04.025+0000] {processor.py:826} INFO - Processing file /usr/local/lib/python3.8/dist-packages/airflow/example_dags/example_branch_labels.py for tasks to queue
[2023-06-14T15:03:04.028+0000] {logging_mixin.py:149} INFO - [2023-06-14T15:03:04.028+0000] {dagbag.py:541} INFO - Filling up the DagBag from /usr/local/lib/python3.8/dist-packages/airflow/example_dags/example_branch_labels.py
[2023-06-14T15:03:04.036+0000] {processor.py:836} INFO - DAG(s) dict_keys(['example_branch_labels']) retrieved from /usr/local/lib/python3.8/dist-packages/airflow/example_dags/example_branch_labels.py
[2023-06-14T15:03:04.057+0000] {logging_mixin.py:149} INFO - [2023-06-14T15:03:04.056+0000] {dag.py:2726} INFO - Sync 1 DAGs
[2023-06-14T15:03:04.078+0000] {logging_mixin.py:149} INFO - [2023-06-14T15:03:04.078+0000] {dag.py:3486} INFO - Setting next_dagrun for example_branch_labels to 2023-06-13T00:00:00+00:00, run_after=2023-06-14T00:00:00+00:00
[2023-06-14T15:03:04.105+0000] {processor.py:179} INFO - Processing /usr/local/lib/python3.8/dist-packages/airflow/example_dags/example_branch_labels.py took 0.086 seconds
[2023-06-14T15:03:57.097+0000] {processor.py:157} INFO - Started process (PID=12492) to work on /usr/local/lib/python3.8/dist-packages/airflow/example_dags/example_branch_labels.py
[2023-06-14T15:03:57.098+0000] {processor.py:826} INFO - Processing file /usr/local/lib/python3.8/dist-packages/airflow/example_dags/example_branch_labels.py for tasks to queue
[2023-06-14T15:03:57.101+0000] {logging_mixin.py:149} INFO - [2023-06-14T15:03:57.101+0000] {dagbag.py:541} INFO - Filling up the DagBag from /usr/local/lib/python3.8/dist-packages/airflow/example_dags/example_branch_labels.py
[2023-06-14T15:03:57.109+0000] {processor.py:836} INFO - DAG(s) dict_keys(['example_branch_labels']) retrieved from /usr/local/lib/python3.8/dist-packages/airflow/example_dags/example_branch_labels.py
[2023-06-14T15:03:57.130+0000] {logging_mixin.py:149} INFO - [2023-06-14T15:03:57.129+0000] {dag.py:2726} INFO - Sync 1 DAGs
[2023-06-14T15:03:57.151+0000] {logging_mixin.py:149} INFO - [2023-06-14T15:03:57.151+0000] {dag.py:3486} INFO - Setting next_dagrun for example_branch_labels to 2023-06-13T00:00:00+00:00, run_after=2023-06-14T00:00:00+00:00
[2023-06-14T15:03:57.177+0000] {processor.py:179} INFO - Processing /usr/local/lib/python3.8/dist-packages/airflow/example_dags/example_branch_labels.py took 0.084 seconds
[2023-06-14T15:04:50.476+0000] {processor.py:157} INFO - Started process (PID=12609) to work on /usr/local/lib/python3.8/dist-packages/airflow/example_dags/example_branch_labels.py
[2023-06-14T15:04:50.478+0000] {processor.py:826} INFO - Processing file /usr/local/lib/python3.8/dist-packages/airflow/example_dags/example_branch_labels.py for tasks to queue
[2023-06-14T15:04:50.480+0000] {logging_mixin.py:149} INFO - [2023-06-14T15:04:50.480+0000] {dagbag.py:541} INFO - Filling up the DagBag from /usr/local/lib/python3.8/dist-packages/airflow/example_dags/example_branch_labels.py
[2023-06-14T15:04:50.489+0000] {processor.py:836} INFO - DAG(s) dict_keys(['example_branch_labels']) retrieved from /usr/local/lib/python3.8/dist-packages/airflow/example_dags/example_branch_labels.py
[2023-06-14T15:04:50.510+0000] {logging_mixin.py:149} INFO - [2023-06-14T15:04:50.510+0000] {dag.py:2726} INFO - Sync 1 DAGs
[2023-06-14T15:04:50.532+0000] {logging_mixin.py:149} INFO - [2023-06-14T15:04:50.532+0000] {dag.py:3486} INFO - Setting next_dagrun for example_branch_labels to 2023-06-13T00:00:00+00:00, run_after=2023-06-14T00:00:00+00:00
[2023-06-14T15:04:50.558+0000] {processor.py:179} INFO - Processing /usr/local/lib/python3.8/dist-packages/airflow/example_dags/example_branch_labels.py took 0.086 seconds
[2023-06-14T15:05:47.200+0000] {processor.py:157} INFO - Started process (PID=13005) to work on /usr/local/lib/python3.8/dist-packages/airflow/example_dags/example_branch_labels.py
[2023-06-14T15:05:47.201+0000] {processor.py:826} INFO - Processing file /usr/local/lib/python3.8/dist-packages/airflow/example_dags/example_branch_labels.py for tasks to queue
[2023-06-14T15:05:47.204+0000] {logging_mixin.py:149} INFO - [2023-06-14T15:05:47.203+0000] {dagbag.py:541} INFO - Filling up the DagBag from /usr/local/lib/python3.8/dist-packages/airflow/example_dags/example_branch_labels.py
[2023-06-14T15:05:47.212+0000] {processor.py:836} INFO - DAG(s) dict_keys(['example_branch_labels']) retrieved from /usr/local/lib/python3.8/dist-packages/airflow/example_dags/example_branch_labels.py
[2023-06-14T15:05:47.235+0000] {logging_mixin.py:149} INFO - [2023-06-14T15:05:47.234+0000] {dag.py:2726} INFO - Sync 1 DAGs
[2023-06-14T15:05:47.257+0000] {logging_mixin.py:149} INFO - [2023-06-14T15:05:47.257+0000] {dag.py:3486} INFO - Setting next_dagrun for example_branch_labels to 2023-06-13T00:00:00+00:00, run_after=2023-06-14T00:00:00+00:00
[2023-06-14T15:05:47.285+0000] {processor.py:179} INFO - Processing /usr/local/lib/python3.8/dist-packages/airflow/example_dags/example_branch_labels.py took 0.089 seconds
[2023-06-14T15:06:39.368+0000] {processor.py:157} INFO - Started process (PID=13161) to work on /usr/local/lib/python3.8/dist-packages/airflow/example_dags/example_branch_labels.py
[2023-06-14T15:06:39.369+0000] {processor.py:826} INFO - Processing file /usr/local/lib/python3.8/dist-packages/airflow/example_dags/example_branch_labels.py for tasks to queue
[2023-06-14T15:06:39.372+0000] {logging_mixin.py:149} INFO - [2023-06-14T15:06:39.371+0000] {dagbag.py:541} INFO - Filling up the DagBag from /usr/local/lib/python3.8/dist-packages/airflow/example_dags/example_branch_labels.py
[2023-06-14T15:06:39.380+0000] {processor.py:836} INFO - DAG(s) dict_keys(['example_branch_labels']) retrieved from /usr/local/lib/python3.8/dist-packages/airflow/example_dags/example_branch_labels.py
[2023-06-14T15:06:39.401+0000] {logging_mixin.py:149} INFO - [2023-06-14T15:06:39.401+0000] {dag.py:2726} INFO - Sync 1 DAGs
[2023-06-14T15:06:39.422+0000] {logging_mixin.py:149} INFO - [2023-06-14T15:06:39.422+0000] {dag.py:3486} INFO - Setting next_dagrun for example_branch_labels to 2023-06-13T00:00:00+00:00, run_after=2023-06-14T00:00:00+00:00
[2023-06-14T15:06:39.450+0000] {processor.py:179} INFO - Processing /usr/local/lib/python3.8/dist-packages/airflow/example_dags/example_branch_labels.py took 0.086 seconds
[2023-06-14T15:07:29.548+0000] {processor.py:157} INFO - Started process (PID=13433) to work on /usr/local/lib/python3.8/dist-packages/airflow/example_dags/example_branch_labels.py
[2023-06-14T15:07:29.550+0000] {processor.py:826} INFO - Processing file /usr/local/lib/python3.8/dist-packages/airflow/example_dags/example_branch_labels.py for tasks to queue
[2023-06-14T15:07:29.552+0000] {logging_mixin.py:149} INFO - [2023-06-14T15:07:29.552+0000] {dagbag.py:541} INFO - Filling up the DagBag from /usr/local/lib/python3.8/dist-packages/airflow/example_dags/example_branch_labels.py
[2023-06-14T15:07:29.560+0000] {processor.py:836} INFO - DAG(s) dict_keys(['example_branch_labels']) retrieved from /usr/local/lib/python3.8/dist-packages/airflow/example_dags/example_branch_labels.py
[2023-06-14T15:07:29.583+0000] {logging_mixin.py:149} INFO - [2023-06-14T15:07:29.582+0000] {dag.py:2726} INFO - Sync 1 DAGs
[2023-06-14T15:07:29.623+0000] {logging_mixin.py:149} INFO - [2023-06-14T15:07:29.623+0000] {dag.py:3486} INFO - Setting next_dagrun for example_branch_labels to 2023-06-13T00:00:00+00:00, run_after=2023-06-14T00:00:00+00:00
[2023-06-14T15:07:29.650+0000] {processor.py:179} INFO - Processing /usr/local/lib/python3.8/dist-packages/airflow/example_dags/example_branch_labels.py took 0.106 seconds
[2023-06-14T15:08:20.481+0000] {processor.py:157} INFO - Started process (PID=13589) to work on /usr/local/lib/python3.8/dist-packages/airflow/example_dags/example_branch_labels.py
[2023-06-14T15:08:20.482+0000] {processor.py:826} INFO - Processing file /usr/local/lib/python3.8/dist-packages/airflow/example_dags/example_branch_labels.py for tasks to queue
[2023-06-14T15:08:20.485+0000] {logging_mixin.py:149} INFO - [2023-06-14T15:08:20.485+0000] {dagbag.py:541} INFO - Filling up the DagBag from /usr/local/lib/python3.8/dist-packages/airflow/example_dags/example_branch_labels.py
[2023-06-14T15:08:20.493+0000] {processor.py:836} INFO - DAG(s) dict_keys(['example_branch_labels']) retrieved from /usr/local/lib/python3.8/dist-packages/airflow/example_dags/example_branch_labels.py
[2023-06-14T15:08:20.516+0000] {logging_mixin.py:149} INFO - [2023-06-14T15:08:20.515+0000] {dag.py:2726} INFO - Sync 1 DAGs
[2023-06-14T15:08:20.538+0000] {logging_mixin.py:149} INFO - [2023-06-14T15:08:20.538+0000] {dag.py:3486} INFO - Setting next_dagrun for example_branch_labels to 2023-06-13T00:00:00+00:00, run_after=2023-06-14T00:00:00+00:00
[2023-06-14T15:08:20.564+0000] {processor.py:179} INFO - Processing /usr/local/lib/python3.8/dist-packages/airflow/example_dags/example_branch_labels.py took 0.086 seconds
[2023-06-14T15:09:09.136+0000] {processor.py:157} INFO - Started process (PID=13845) to work on /usr/local/lib/python3.8/dist-packages/airflow/example_dags/example_branch_labels.py
[2023-06-14T15:09:09.137+0000] {processor.py:826} INFO - Processing file /usr/local/lib/python3.8/dist-packages/airflow/example_dags/example_branch_labels.py for tasks to queue
[2023-06-14T15:09:09.139+0000] {logging_mixin.py:149} INFO - [2023-06-14T15:09:09.139+0000] {dagbag.py:541} INFO - Filling up the DagBag from /usr/local/lib/python3.8/dist-packages/airflow/example_dags/example_branch_labels.py
[2023-06-14T15:09:09.148+0000] {processor.py:836} INFO - DAG(s) dict_keys(['example_branch_labels']) retrieved from /usr/local/lib/python3.8/dist-packages/airflow/example_dags/example_branch_labels.py
[2023-06-14T15:09:09.169+0000] {logging_mixin.py:149} INFO - [2023-06-14T15:09:09.168+0000] {dag.py:2726} INFO - Sync 1 DAGs
[2023-06-14T15:09:09.190+0000] {logging_mixin.py:149} INFO - [2023-06-14T15:09:09.190+0000] {dag.py:3486} INFO - Setting next_dagrun for example_branch_labels to 2023-06-13T00:00:00+00:00, run_after=2023-06-14T00:00:00+00:00
[2023-06-14T15:09:09.218+0000] {processor.py:179} INFO - Processing /usr/local/lib/python3.8/dist-packages/airflow/example_dags/example_branch_labels.py took 0.086 seconds
[2023-06-14T15:10:00.010+0000] {processor.py:157} INFO - Started process (PID=13998) to work on /usr/local/lib/python3.8/dist-packages/airflow/example_dags/example_branch_labels.py
[2023-06-14T15:10:00.011+0000] {processor.py:826} INFO - Processing file /usr/local/lib/python3.8/dist-packages/airflow/example_dags/example_branch_labels.py for tasks to queue
[2023-06-14T15:10:00.014+0000] {logging_mixin.py:149} INFO - [2023-06-14T15:10:00.014+0000] {dagbag.py:541} INFO - Filling up the DagBag from /usr/local/lib/python3.8/dist-packages/airflow/example_dags/example_branch_labels.py
[2023-06-14T15:10:00.022+0000] {processor.py:836} INFO - DAG(s) dict_keys(['example_branch_labels']) retrieved from /usr/local/lib/python3.8/dist-packages/airflow/example_dags/example_branch_labels.py
[2023-06-14T15:10:00.043+0000] {logging_mixin.py:149} INFO - [2023-06-14T15:10:00.043+0000] {dag.py:2726} INFO - Sync 1 DAGs
[2023-06-14T15:10:00.065+0000] {logging_mixin.py:149} INFO - [2023-06-14T15:10:00.065+0000] {dag.py:3486} INFO - Setting next_dagrun for example_branch_labels to 2023-06-13T00:00:00+00:00, run_after=2023-06-14T00:00:00+00:00
[2023-06-14T15:10:00.091+0000] {processor.py:179} INFO - Processing /usr/local/lib/python3.8/dist-packages/airflow/example_dags/example_branch_labels.py took 0.085 seconds
[2023-06-14T15:10:51.884+0000] {processor.py:157} INFO - Started process (PID=14053) to work on /usr/local/lib/python3.8/dist-packages/airflow/example_dags/example_branch_labels.py
[2023-06-14T15:10:51.885+0000] {processor.py:826} INFO - Processing file /usr/local/lib/python3.8/dist-packages/airflow/example_dags/example_branch_labels.py for tasks to queue
[2023-06-14T15:10:51.888+0000] {logging_mixin.py:149} INFO - [2023-06-14T15:10:51.887+0000] {dagbag.py:541} INFO - Filling up the DagBag from /usr/local/lib/python3.8/dist-packages/airflow/example_dags/example_branch_labels.py
[2023-06-14T15:10:51.896+0000] {processor.py:836} INFO - DAG(s) dict_keys(['example_branch_labels']) retrieved from /usr/local/lib/python3.8/dist-packages/airflow/example_dags/example_branch_labels.py
[2023-06-14T15:10:51.918+0000] {logging_mixin.py:149} INFO - [2023-06-14T15:10:51.917+0000] {dag.py:2726} INFO - Sync 1 DAGs
[2023-06-14T15:10:51.940+0000] {logging_mixin.py:149} INFO - [2023-06-14T15:10:51.940+0000] {dag.py:3486} INFO - Setting next_dagrun for example_branch_labels to 2023-06-13T00:00:00+00:00, run_after=2023-06-14T00:00:00+00:00
[2023-06-14T15:10:51.972+0000] {processor.py:179} INFO - Processing /usr/local/lib/python3.8/dist-packages/airflow/example_dags/example_branch_labels.py took 0.091 seconds
[2023-06-14T15:11:36.538+0000] {processor.py:157} INFO - Started process (PID=14204) to work on /usr/local/lib/python3.8/dist-packages/airflow/example_dags/example_branch_labels.py
[2023-06-14T15:11:36.539+0000] {processor.py:826} INFO - Processing file /usr/local/lib/python3.8/dist-packages/airflow/example_dags/example_branch_labels.py for tasks to queue
[2023-06-14T15:11:36.542+0000] {logging_mixin.py:149} INFO - [2023-06-14T15:11:36.542+0000] {dagbag.py:541} INFO - Filling up the DagBag from /usr/local/lib/python3.8/dist-packages/airflow/example_dags/example_branch_labels.py
[2023-06-14T15:11:36.550+0000] {processor.py:836} INFO - DAG(s) dict_keys(['example_branch_labels']) retrieved from /usr/local/lib/python3.8/dist-packages/airflow/example_dags/example_branch_labels.py
[2023-06-14T15:11:36.571+0000] {logging_mixin.py:149} INFO - [2023-06-14T15:11:36.571+0000] {dag.py:2726} INFO - Sync 1 DAGs
[2023-06-14T15:11:36.592+0000] {logging_mixin.py:149} INFO - [2023-06-14T15:11:36.592+0000] {dag.py:3486} INFO - Setting next_dagrun for example_branch_labels to 2023-06-13T00:00:00+00:00, run_after=2023-06-14T00:00:00+00:00
[2023-06-14T15:11:36.621+0000] {processor.py:179} INFO - Processing /usr/local/lib/python3.8/dist-packages/airflow/example_dags/example_branch_labels.py took 0.086 seconds
[2023-06-14T15:12:29.417+0000] {processor.py:157} INFO - Started process (PID=14366) to work on /usr/local/lib/python3.8/dist-packages/airflow/example_dags/example_branch_labels.py
[2023-06-14T15:12:29.418+0000] {processor.py:826} INFO - Processing file /usr/local/lib/python3.8/dist-packages/airflow/example_dags/example_branch_labels.py for tasks to queue
[2023-06-14T15:12:29.421+0000] {logging_mixin.py:149} INFO - [2023-06-14T15:12:29.421+0000] {dagbag.py:541} INFO - Filling up the DagBag from /usr/local/lib/python3.8/dist-packages/airflow/example_dags/example_branch_labels.py
[2023-06-14T15:12:29.429+0000] {processor.py:836} INFO - DAG(s) dict_keys(['example_branch_labels']) retrieved from /usr/local/lib/python3.8/dist-packages/airflow/example_dags/example_branch_labels.py
[2023-06-14T15:12:29.450+0000] {logging_mixin.py:149} INFO - [2023-06-14T15:12:29.450+0000] {dag.py:2726} INFO - Sync 1 DAGs
[2023-06-14T15:12:29.472+0000] {logging_mixin.py:149} INFO - [2023-06-14T15:12:29.472+0000] {dag.py:3486} INFO - Setting next_dagrun for example_branch_labels to 2023-06-13T00:00:00+00:00, run_after=2023-06-14T00:00:00+00:00
[2023-06-14T15:12:29.498+0000] {processor.py:179} INFO - Processing /usr/local/lib/python3.8/dist-packages/airflow/example_dags/example_branch_labels.py took 0.085 seconds
[2023-06-14T15:13:22.776+0000] {processor.py:157} INFO - Started process (PID=14522) to work on /usr/local/lib/python3.8/dist-packages/airflow/example_dags/example_branch_labels.py
[2023-06-14T15:13:22.777+0000] {processor.py:826} INFO - Processing file /usr/local/lib/python3.8/dist-packages/airflow/example_dags/example_branch_labels.py for tasks to queue
[2023-06-14T15:13:22.779+0000] {logging_mixin.py:149} INFO - [2023-06-14T15:13:22.779+0000] {dagbag.py:541} INFO - Filling up the DagBag from /usr/local/lib/python3.8/dist-packages/airflow/example_dags/example_branch_labels.py
[2023-06-14T15:13:22.788+0000] {processor.py:836} INFO - DAG(s) dict_keys(['example_branch_labels']) retrieved from /usr/local/lib/python3.8/dist-packages/airflow/example_dags/example_branch_labels.py
[2023-06-14T15:13:22.810+0000] {logging_mixin.py:149} INFO - [2023-06-14T15:13:22.809+0000] {dag.py:2726} INFO - Sync 1 DAGs
[2023-06-14T15:13:22.831+0000] {logging_mixin.py:149} INFO - [2023-06-14T15:13:22.831+0000] {dag.py:3486} INFO - Setting next_dagrun for example_branch_labels to 2023-06-13T00:00:00+00:00, run_after=2023-06-14T00:00:00+00:00
[2023-06-14T15:13:22.859+0000] {processor.py:179} INFO - Processing /usr/local/lib/python3.8/dist-packages/airflow/example_dags/example_branch_labels.py took 0.087 seconds
[2023-06-14T15:14:12.803+0000] {processor.py:157} INFO - Started process (PID=14781) to work on /usr/local/lib/python3.8/dist-packages/airflow/example_dags/example_branch_labels.py
[2023-06-14T15:14:12.805+0000] {processor.py:826} INFO - Processing file /usr/local/lib/python3.8/dist-packages/airflow/example_dags/example_branch_labels.py for tasks to queue
[2023-06-14T15:14:12.807+0000] {logging_mixin.py:149} INFO - [2023-06-14T15:14:12.807+0000] {dagbag.py:541} INFO - Filling up the DagBag from /usr/local/lib/python3.8/dist-packages/airflow/example_dags/example_branch_labels.py
[2023-06-14T15:14:12.815+0000] {processor.py:836} INFO - DAG(s) dict_keys(['example_branch_labels']) retrieved from /usr/local/lib/python3.8/dist-packages/airflow/example_dags/example_branch_labels.py
[2023-06-14T15:14:12.836+0000] {logging_mixin.py:149} INFO - [2023-06-14T15:14:12.836+0000] {dag.py:2726} INFO - Sync 1 DAGs
[2023-06-14T15:14:12.858+0000] {logging_mixin.py:149} INFO - [2023-06-14T15:14:12.858+0000] {dag.py:3486} INFO - Setting next_dagrun for example_branch_labels to 2023-06-13T00:00:00+00:00, run_after=2023-06-14T00:00:00+00:00
[2023-06-14T15:14:12.885+0000] {processor.py:179} INFO - Processing /usr/local/lib/python3.8/dist-packages/airflow/example_dags/example_branch_labels.py took 0.086 seconds
[2023-06-14T15:15:00.979+0000] {processor.py:157} INFO - Started process (PID=14933) to work on /usr/local/lib/python3.8/dist-packages/airflow/example_dags/example_branch_labels.py
[2023-06-14T15:15:00.980+0000] {processor.py:826} INFO - Processing file /usr/local/lib/python3.8/dist-packages/airflow/example_dags/example_branch_labels.py for tasks to queue
[2023-06-14T15:15:00.983+0000] {logging_mixin.py:149} INFO - [2023-06-14T15:15:00.982+0000] {dagbag.py:541} INFO - Filling up the DagBag from /usr/local/lib/python3.8/dist-packages/airflow/example_dags/example_branch_labels.py
[2023-06-14T15:15:00.991+0000] {processor.py:836} INFO - DAG(s) dict_keys(['example_branch_labels']) retrieved from /usr/local/lib/python3.8/dist-packages/airflow/example_dags/example_branch_labels.py
[2023-06-14T15:15:01.012+0000] {logging_mixin.py:149} INFO - [2023-06-14T15:15:01.012+0000] {dag.py:2726} INFO - Sync 1 DAGs
[2023-06-14T15:15:01.033+0000] {logging_mixin.py:149} INFO - [2023-06-14T15:15:01.033+0000] {dag.py:3486} INFO - Setting next_dagrun for example_branch_labels to 2023-06-13T00:00:00+00:00, run_after=2023-06-14T00:00:00+00:00
[2023-06-14T15:15:01.061+0000] {processor.py:179} INFO - Processing /usr/local/lib/python3.8/dist-packages/airflow/example_dags/example_branch_labels.py took 0.086 seconds
