[2023-06-14T14:16:52.638+0000] {processor.py:157} INFO - Started process (PID=1925) to work on /usr/local/lib/python3.8/dist-packages/airflow/example_dags/example_short_circuit_decorator.py
[2023-06-14T14:16:52.639+0000] {processor.py:826} INFO - Processing file /usr/local/lib/python3.8/dist-packages/airflow/example_dags/example_short_circuit_decorator.py for tasks to queue
[2023-06-14T14:16:52.642+0000] {logging_mixin.py:149} INFO - [2023-06-14T14:16:52.641+0000] {dagbag.py:541} INFO - Filling up the DagBag from /usr/local/lib/python3.8/dist-packages/airflow/example_dags/example_short_circuit_decorator.py
[2023-06-14T14:16:52.650+0000] {processor.py:836} INFO - DAG(s) dict_keys(['example_short_circuit_decorator']) retrieved from /usr/local/lib/python3.8/dist-packages/airflow/example_dags/example_short_circuit_decorator.py
[2023-06-14T14:16:52.661+0000] {logging_mixin.py:149} INFO - [2023-06-14T14:16:52.661+0000] {dag.py:2726} INFO - Sync 1 DAGs
[2023-06-14T14:16:52.683+0000] {logging_mixin.py:149} INFO - [2023-06-14T14:16:52.683+0000] {dag.py:3486} INFO - Setting next_dagrun for example_short_circuit_decorator to 2023-06-13T14:16:52.683420+00:00, run_after=2023-06-14T14:16:52.683420+00:00
[2023-06-14T14:16:52.727+0000] {processor.py:179} INFO - Processing /usr/local/lib/python3.8/dist-packages/airflow/example_dags/example_short_circuit_decorator.py took 0.094 seconds
[2023-06-14T14:19:15.444+0000] {processor.py:157} INFO - Started process (PID=4040) to work on /usr/local/lib/python3.8/dist-packages/airflow/example_dags/example_short_circuit_decorator.py
[2023-06-14T14:19:15.445+0000] {processor.py:826} INFO - Processing file /usr/local/lib/python3.8/dist-packages/airflow/example_dags/example_short_circuit_decorator.py for tasks to queue
[2023-06-14T14:19:15.448+0000] {logging_mixin.py:149} INFO - [2023-06-14T14:19:15.448+0000] {dagbag.py:541} INFO - Filling up the DagBag from /usr/local/lib/python3.8/dist-packages/airflow/example_dags/example_short_circuit_decorator.py
[2023-06-14T14:19:15.457+0000] {processor.py:836} INFO - DAG(s) dict_keys(['example_short_circuit_decorator']) retrieved from /usr/local/lib/python3.8/dist-packages/airflow/example_dags/example_short_circuit_decorator.py
[2023-06-14T14:19:15.467+0000] {logging_mixin.py:149} INFO - [2023-06-14T14:19:15.467+0000] {dag.py:2726} INFO - Sync 1 DAGs
[2023-06-14T14:19:15.489+0000] {logging_mixin.py:149} INFO - [2023-06-14T14:19:15.489+0000] {dag.py:3486} INFO - Setting next_dagrun for example_short_circuit_decorator to 2023-06-13T14:19:15.489169+00:00, run_after=2023-06-14T14:19:15.489169+00:00
[2023-06-14T14:19:15.515+0000] {processor.py:179} INFO - Processing /usr/local/lib/python3.8/dist-packages/airflow/example_dags/example_short_circuit_decorator.py took 0.075 seconds
[2023-06-14T14:20:04.233+0000] {processor.py:157} INFO - Started process (PID=4270) to work on /usr/local/lib/python3.8/dist-packages/airflow/example_dags/example_short_circuit_decorator.py
[2023-06-14T14:20:04.235+0000] {processor.py:826} INFO - Processing file /usr/local/lib/python3.8/dist-packages/airflow/example_dags/example_short_circuit_decorator.py for tasks to queue
[2023-06-14T14:20:04.237+0000] {logging_mixin.py:149} INFO - [2023-06-14T14:20:04.237+0000] {dagbag.py:541} INFO - Filling up the DagBag from /usr/local/lib/python3.8/dist-packages/airflow/example_dags/example_short_circuit_decorator.py
[2023-06-14T14:20:04.247+0000] {processor.py:836} INFO - DAG(s) dict_keys(['example_short_circuit_decorator']) retrieved from /usr/local/lib/python3.8/dist-packages/airflow/example_dags/example_short_circuit_decorator.py
[2023-06-14T14:20:04.281+0000] {logging_mixin.py:149} INFO - [2023-06-14T14:20:04.281+0000] {dag.py:2726} INFO - Sync 1 DAGs
[2023-06-14T14:20:04.302+0000] {logging_mixin.py:149} INFO - [2023-06-14T14:20:04.302+0000] {dag.py:3486} INFO - Setting next_dagrun for example_short_circuit_decorator to 2023-06-13T14:20:04.301680+00:00, run_after=2023-06-14T14:20:04.301680+00:00
[2023-06-14T14:20:04.330+0000] {processor.py:179} INFO - Processing /usr/local/lib/python3.8/dist-packages/airflow/example_dags/example_short_circuit_decorator.py took 0.100 seconds
[2023-06-14T14:20:52.048+0000] {processor.py:157} INFO - Started process (PID=4420) to work on /usr/local/lib/python3.8/dist-packages/airflow/example_dags/example_short_circuit_decorator.py
[2023-06-14T14:20:52.050+0000] {processor.py:826} INFO - Processing file /usr/local/lib/python3.8/dist-packages/airflow/example_dags/example_short_circuit_decorator.py for tasks to queue
[2023-06-14T14:20:52.053+0000] {logging_mixin.py:149} INFO - [2023-06-14T14:20:52.053+0000] {dagbag.py:541} INFO - Filling up the DagBag from /usr/local/lib/python3.8/dist-packages/airflow/example_dags/example_short_circuit_decorator.py
[2023-06-14T14:20:52.062+0000] {processor.py:836} INFO - DAG(s) dict_keys(['example_short_circuit_decorator']) retrieved from /usr/local/lib/python3.8/dist-packages/airflow/example_dags/example_short_circuit_decorator.py
[2023-06-14T14:20:52.086+0000] {logging_mixin.py:149} INFO - [2023-06-14T14:20:52.085+0000] {dag.py:2726} INFO - Sync 1 DAGs
[2023-06-14T14:20:52.106+0000] {logging_mixin.py:149} INFO - [2023-06-14T14:20:52.106+0000] {dag.py:3486} INFO - Setting next_dagrun for example_short_circuit_decorator to 2023-06-13T14:20:52.105735+00:00, run_after=2023-06-14T14:20:52.105735+00:00
[2023-06-14T14:20:52.132+0000] {processor.py:179} INFO - Processing /usr/local/lib/python3.8/dist-packages/airflow/example_dags/example_short_circuit_decorator.py took 0.088 seconds
[2023-06-14T14:21:45.522+0000] {processor.py:157} INFO - Started process (PID=4473) to work on /usr/local/lib/python3.8/dist-packages/airflow/example_dags/example_short_circuit_decorator.py
[2023-06-14T14:21:45.524+0000] {processor.py:826} INFO - Processing file /usr/local/lib/python3.8/dist-packages/airflow/example_dags/example_short_circuit_decorator.py for tasks to queue
[2023-06-14T14:21:45.526+0000] {logging_mixin.py:149} INFO - [2023-06-14T14:21:45.526+0000] {dagbag.py:541} INFO - Filling up the DagBag from /usr/local/lib/python3.8/dist-packages/airflow/example_dags/example_short_circuit_decorator.py
[2023-06-14T14:21:45.536+0000] {processor.py:836} INFO - DAG(s) dict_keys(['example_short_circuit_decorator']) retrieved from /usr/local/lib/python3.8/dist-packages/airflow/example_dags/example_short_circuit_decorator.py
[2023-06-14T14:21:45.559+0000] {logging_mixin.py:149} INFO - [2023-06-14T14:21:45.559+0000] {dag.py:2726} INFO - Sync 1 DAGs
[2023-06-14T14:21:45.581+0000] {logging_mixin.py:149} INFO - [2023-06-14T14:21:45.581+0000] {dag.py:3486} INFO - Setting next_dagrun for example_short_circuit_decorator to 2023-06-13T14:21:45.580719+00:00, run_after=2023-06-14T14:21:45.580719+00:00
[2023-06-14T14:21:45.611+0000] {processor.py:179} INFO - Processing /usr/local/lib/python3.8/dist-packages/airflow/example_dags/example_short_circuit_decorator.py took 0.093 seconds
[2023-06-14T14:22:38.636+0000] {processor.py:157} INFO - Started process (PID=4635) to work on /usr/local/lib/python3.8/dist-packages/airflow/example_dags/example_short_circuit_decorator.py
[2023-06-14T14:22:38.637+0000] {processor.py:826} INFO - Processing file /usr/local/lib/python3.8/dist-packages/airflow/example_dags/example_short_circuit_decorator.py for tasks to queue
[2023-06-14T14:22:38.640+0000] {logging_mixin.py:149} INFO - [2023-06-14T14:22:38.640+0000] {dagbag.py:541} INFO - Filling up the DagBag from /usr/local/lib/python3.8/dist-packages/airflow/example_dags/example_short_circuit_decorator.py
[2023-06-14T14:22:38.649+0000] {processor.py:836} INFO - DAG(s) dict_keys(['example_short_circuit_decorator']) retrieved from /usr/local/lib/python3.8/dist-packages/airflow/example_dags/example_short_circuit_decorator.py
[2023-06-14T14:22:38.672+0000] {logging_mixin.py:149} INFO - [2023-06-14T14:22:38.671+0000] {dag.py:2726} INFO - Sync 1 DAGs
[2023-06-14T14:22:38.692+0000] {logging_mixin.py:149} INFO - [2023-06-14T14:22:38.692+0000] {dag.py:3486} INFO - Setting next_dagrun for example_short_circuit_decorator to 2023-06-13T14:22:38.692312+00:00, run_after=2023-06-14T14:22:38.692312+00:00
[2023-06-14T14:22:38.718+0000] {processor.py:179} INFO - Processing /usr/local/lib/python3.8/dist-packages/airflow/example_dags/example_short_circuit_decorator.py took 0.086 seconds
[2023-06-14T14:23:26.199+0000] {processor.py:157} INFO - Started process (PID=4789) to work on /usr/local/lib/python3.8/dist-packages/airflow/example_dags/example_short_circuit_decorator.py
[2023-06-14T14:23:26.200+0000] {processor.py:826} INFO - Processing file /usr/local/lib/python3.8/dist-packages/airflow/example_dags/example_short_circuit_decorator.py for tasks to queue
[2023-06-14T14:23:26.203+0000] {logging_mixin.py:149} INFO - [2023-06-14T14:23:26.203+0000] {dagbag.py:541} INFO - Filling up the DagBag from /usr/local/lib/python3.8/dist-packages/airflow/example_dags/example_short_circuit_decorator.py
[2023-06-14T14:23:26.212+0000] {processor.py:836} INFO - DAG(s) dict_keys(['example_short_circuit_decorator']) retrieved from /usr/local/lib/python3.8/dist-packages/airflow/example_dags/example_short_circuit_decorator.py
[2023-06-14T14:23:26.235+0000] {logging_mixin.py:149} INFO - [2023-06-14T14:23:26.235+0000] {dag.py:2726} INFO - Sync 1 DAGs
[2023-06-14T14:23:26.255+0000] {logging_mixin.py:149} INFO - [2023-06-14T14:23:26.255+0000] {dag.py:3486} INFO - Setting next_dagrun for example_short_circuit_decorator to 2023-06-13T14:23:26.255008+00:00, run_after=2023-06-14T14:23:26.255008+00:00
[2023-06-14T14:23:26.287+0000] {processor.py:179} INFO - Processing /usr/local/lib/python3.8/dist-packages/airflow/example_dags/example_short_circuit_decorator.py took 0.092 seconds
[2023-06-14T14:24:18.787+0000] {processor.py:157} INFO - Started process (PID=5046) to work on /usr/local/lib/python3.8/dist-packages/airflow/example_dags/example_short_circuit_decorator.py
[2023-06-14T14:24:18.789+0000] {processor.py:826} INFO - Processing file /usr/local/lib/python3.8/dist-packages/airflow/example_dags/example_short_circuit_decorator.py for tasks to queue
[2023-06-14T14:24:18.791+0000] {logging_mixin.py:149} INFO - [2023-06-14T14:24:18.791+0000] {dagbag.py:541} INFO - Filling up the DagBag from /usr/local/lib/python3.8/dist-packages/airflow/example_dags/example_short_circuit_decorator.py
[2023-06-14T14:24:18.800+0000] {processor.py:836} INFO - DAG(s) dict_keys(['example_short_circuit_decorator']) retrieved from /usr/local/lib/python3.8/dist-packages/airflow/example_dags/example_short_circuit_decorator.py
[2023-06-14T14:24:18.823+0000] {logging_mixin.py:149} INFO - [2023-06-14T14:24:18.823+0000] {dag.py:2726} INFO - Sync 1 DAGs
[2023-06-14T14:24:18.843+0000] {logging_mixin.py:149} INFO - [2023-06-14T14:24:18.843+0000] {dag.py:3486} INFO - Setting next_dagrun for example_short_circuit_decorator to 2023-06-13T14:24:18.843359+00:00, run_after=2023-06-14T14:24:18.843359+00:00
[2023-06-14T14:24:18.879+0000] {processor.py:179} INFO - Processing /usr/local/lib/python3.8/dist-packages/airflow/example_dags/example_short_circuit_decorator.py took 0.096 seconds
[2023-06-14T14:25:08.258+0000] {processor.py:157} INFO - Started process (PID=5202) to work on /usr/local/lib/python3.8/dist-packages/airflow/example_dags/example_short_circuit_decorator.py
[2023-06-14T14:25:08.259+0000] {processor.py:826} INFO - Processing file /usr/local/lib/python3.8/dist-packages/airflow/example_dags/example_short_circuit_decorator.py for tasks to queue
[2023-06-14T14:25:08.262+0000] {logging_mixin.py:149} INFO - [2023-06-14T14:25:08.261+0000] {dagbag.py:541} INFO - Filling up the DagBag from /usr/local/lib/python3.8/dist-packages/airflow/example_dags/example_short_circuit_decorator.py
[2023-06-14T14:25:08.271+0000] {processor.py:836} INFO - DAG(s) dict_keys(['example_short_circuit_decorator']) retrieved from /usr/local/lib/python3.8/dist-packages/airflow/example_dags/example_short_circuit_decorator.py
[2023-06-14T14:25:08.293+0000] {logging_mixin.py:149} INFO - [2023-06-14T14:25:08.293+0000] {dag.py:2726} INFO - Sync 1 DAGs
[2023-06-14T14:25:08.314+0000] {logging_mixin.py:149} INFO - [2023-06-14T14:25:08.314+0000] {dag.py:3486} INFO - Setting next_dagrun for example_short_circuit_decorator to 2023-06-13T14:25:08.314220+00:00, run_after=2023-06-14T14:25:08.314220+00:00
[2023-06-14T14:25:08.342+0000] {processor.py:179} INFO - Processing /usr/local/lib/python3.8/dist-packages/airflow/example_dags/example_short_circuit_decorator.py took 0.088 seconds
[2023-06-14T14:25:57.642+0000] {processor.py:157} INFO - Started process (PID=5355) to work on /usr/local/lib/python3.8/dist-packages/airflow/example_dags/example_short_circuit_decorator.py
[2023-06-14T14:25:57.643+0000] {processor.py:826} INFO - Processing file /usr/local/lib/python3.8/dist-packages/airflow/example_dags/example_short_circuit_decorator.py for tasks to queue
[2023-06-14T14:25:57.646+0000] {logging_mixin.py:149} INFO - [2023-06-14T14:25:57.645+0000] {dagbag.py:541} INFO - Filling up the DagBag from /usr/local/lib/python3.8/dist-packages/airflow/example_dags/example_short_circuit_decorator.py
[2023-06-14T14:25:57.655+0000] {processor.py:836} INFO - DAG(s) dict_keys(['example_short_circuit_decorator']) retrieved from /usr/local/lib/python3.8/dist-packages/airflow/example_dags/example_short_circuit_decorator.py
[2023-06-14T14:25:57.680+0000] {logging_mixin.py:149} INFO - [2023-06-14T14:25:57.679+0000] {dag.py:2726} INFO - Sync 1 DAGs
[2023-06-14T14:25:57.701+0000] {logging_mixin.py:149} INFO - [2023-06-14T14:25:57.701+0000] {dag.py:3486} INFO - Setting next_dagrun for example_short_circuit_decorator to 2023-06-13T14:25:57.701490+00:00, run_after=2023-06-14T14:25:57.701490+00:00
[2023-06-14T14:25:57.730+0000] {processor.py:179} INFO - Processing /usr/local/lib/python3.8/dist-packages/airflow/example_dags/example_short_circuit_decorator.py took 0.093 seconds
[2023-06-14T14:26:50.057+0000] {processor.py:157} INFO - Started process (PID=5410) to work on /usr/local/lib/python3.8/dist-packages/airflow/example_dags/example_short_circuit_decorator.py
[2023-06-14T14:26:50.059+0000] {processor.py:826} INFO - Processing file /usr/local/lib/python3.8/dist-packages/airflow/example_dags/example_short_circuit_decorator.py for tasks to queue
[2023-06-14T14:26:50.061+0000] {logging_mixin.py:149} INFO - [2023-06-14T14:26:50.061+0000] {dagbag.py:541} INFO - Filling up the DagBag from /usr/local/lib/python3.8/dist-packages/airflow/example_dags/example_short_circuit_decorator.py
[2023-06-14T14:26:50.070+0000] {processor.py:836} INFO - DAG(s) dict_keys(['example_short_circuit_decorator']) retrieved from /usr/local/lib/python3.8/dist-packages/airflow/example_dags/example_short_circuit_decorator.py
[2023-06-14T14:26:50.093+0000] {logging_mixin.py:149} INFO - [2023-06-14T14:26:50.093+0000] {dag.py:2726} INFO - Sync 1 DAGs
[2023-06-14T14:26:50.113+0000] {logging_mixin.py:149} INFO - [2023-06-14T14:26:50.113+0000] {dag.py:3486} INFO - Setting next_dagrun for example_short_circuit_decorator to 2023-06-13T14:26:50.112945+00:00, run_after=2023-06-14T14:26:50.112945+00:00
[2023-06-14T14:26:50.140+0000] {processor.py:179} INFO - Processing /usr/local/lib/python3.8/dist-packages/airflow/example_dags/example_short_circuit_decorator.py took 0.087 seconds
[2023-06-14T14:27:41.917+0000] {processor.py:157} INFO - Started process (PID=5569) to work on /usr/local/lib/python3.8/dist-packages/airflow/example_dags/example_short_circuit_decorator.py
[2023-06-14T14:27:41.918+0000] {processor.py:826} INFO - Processing file /usr/local/lib/python3.8/dist-packages/airflow/example_dags/example_short_circuit_decorator.py for tasks to queue
[2023-06-14T14:27:41.921+0000] {logging_mixin.py:149} INFO - [2023-06-14T14:27:41.921+0000] {dagbag.py:541} INFO - Filling up the DagBag from /usr/local/lib/python3.8/dist-packages/airflow/example_dags/example_short_circuit_decorator.py
[2023-06-14T14:27:41.931+0000] {processor.py:836} INFO - DAG(s) dict_keys(['example_short_circuit_decorator']) retrieved from /usr/local/lib/python3.8/dist-packages/airflow/example_dags/example_short_circuit_decorator.py
[2023-06-14T14:27:41.954+0000] {logging_mixin.py:149} INFO - [2023-06-14T14:27:41.953+0000] {dag.py:2726} INFO - Sync 1 DAGs
[2023-06-14T14:27:41.975+0000] {logging_mixin.py:149} INFO - [2023-06-14T14:27:41.974+0000] {dag.py:3486} INFO - Setting next_dagrun for example_short_circuit_decorator to 2023-06-13T14:27:41.974538+00:00, run_after=2023-06-14T14:27:41.974538+00:00
[2023-06-14T14:27:42.002+0000] {processor.py:179} INFO - Processing /usr/local/lib/python3.8/dist-packages/airflow/example_dags/example_short_circuit_decorator.py took 0.090 seconds
[2023-06-14T14:28:36.960+0000] {processor.py:157} INFO - Started process (PID=5727) to work on /usr/local/lib/python3.8/dist-packages/airflow/example_dags/example_short_circuit_decorator.py
[2023-06-14T14:28:36.961+0000] {processor.py:826} INFO - Processing file /usr/local/lib/python3.8/dist-packages/airflow/example_dags/example_short_circuit_decorator.py for tasks to queue
[2023-06-14T14:28:36.963+0000] {logging_mixin.py:149} INFO - [2023-06-14T14:28:36.963+0000] {dagbag.py:541} INFO - Filling up the DagBag from /usr/local/lib/python3.8/dist-packages/airflow/example_dags/example_short_circuit_decorator.py
[2023-06-14T14:28:36.973+0000] {processor.py:836} INFO - DAG(s) dict_keys(['example_short_circuit_decorator']) retrieved from /usr/local/lib/python3.8/dist-packages/airflow/example_dags/example_short_circuit_decorator.py
[2023-06-14T14:28:36.995+0000] {logging_mixin.py:149} INFO - [2023-06-14T14:28:36.994+0000] {dag.py:2726} INFO - Sync 1 DAGs
[2023-06-14T14:28:37.014+0000] {logging_mixin.py:149} INFO - [2023-06-14T14:28:37.014+0000] {dag.py:3486} INFO - Setting next_dagrun for example_short_circuit_decorator to 2023-06-13T14:28:37.014516+00:00, run_after=2023-06-14T14:28:37.014516+00:00
[2023-06-14T14:28:37.048+0000] {processor.py:179} INFO - Processing /usr/local/lib/python3.8/dist-packages/airflow/example_dags/example_short_circuit_decorator.py took 0.092 seconds
[2023-06-14T14:29:26.073+0000] {processor.py:157} INFO - Started process (PID=5985) to work on /usr/local/lib/python3.8/dist-packages/airflow/example_dags/example_short_circuit_decorator.py
[2023-06-14T14:29:26.075+0000] {processor.py:826} INFO - Processing file /usr/local/lib/python3.8/dist-packages/airflow/example_dags/example_short_circuit_decorator.py for tasks to queue
[2023-06-14T14:29:26.077+0000] {logging_mixin.py:149} INFO - [2023-06-14T14:29:26.077+0000] {dagbag.py:541} INFO - Filling up the DagBag from /usr/local/lib/python3.8/dist-packages/airflow/example_dags/example_short_circuit_decorator.py
[2023-06-14T14:29:26.086+0000] {processor.py:836} INFO - DAG(s) dict_keys(['example_short_circuit_decorator']) retrieved from /usr/local/lib/python3.8/dist-packages/airflow/example_dags/example_short_circuit_decorator.py
[2023-06-14T14:29:26.110+0000] {logging_mixin.py:149} INFO - [2023-06-14T14:29:26.109+0000] {dag.py:2726} INFO - Sync 1 DAGs
[2023-06-14T14:29:26.131+0000] {logging_mixin.py:149} INFO - [2023-06-14T14:29:26.131+0000] {dag.py:3486} INFO - Setting next_dagrun for example_short_circuit_decorator to 2023-06-13T14:29:26.130668+00:00, run_after=2023-06-14T14:29:26.130668+00:00
[2023-06-14T14:29:26.159+0000] {processor.py:179} INFO - Processing /usr/local/lib/python3.8/dist-packages/airflow/example_dags/example_short_circuit_decorator.py took 0.089 seconds
[2023-06-14T14:30:21.604+0000] {processor.py:157} INFO - Started process (PID=6143) to work on /usr/local/lib/python3.8/dist-packages/airflow/example_dags/example_short_circuit_decorator.py
[2023-06-14T14:30:21.606+0000] {processor.py:826} INFO - Processing file /usr/local/lib/python3.8/dist-packages/airflow/example_dags/example_short_circuit_decorator.py for tasks to queue
[2023-06-14T14:30:21.608+0000] {logging_mixin.py:149} INFO - [2023-06-14T14:30:21.608+0000] {dagbag.py:541} INFO - Filling up the DagBag from /usr/local/lib/python3.8/dist-packages/airflow/example_dags/example_short_circuit_decorator.py
[2023-06-14T14:30:21.617+0000] {processor.py:836} INFO - DAG(s) dict_keys(['example_short_circuit_decorator']) retrieved from /usr/local/lib/python3.8/dist-packages/airflow/example_dags/example_short_circuit_decorator.py
[2023-06-14T14:30:21.659+0000] {logging_mixin.py:149} INFO - [2023-06-14T14:30:21.658+0000] {dag.py:2726} INFO - Sync 1 DAGs
[2023-06-14T14:30:21.679+0000] {logging_mixin.py:149} INFO - [2023-06-14T14:30:21.679+0000] {dag.py:3486} INFO - Setting next_dagrun for example_short_circuit_decorator to 2023-06-13T14:30:21.679112+00:00, run_after=2023-06-14T14:30:21.679112+00:00
[2023-06-14T14:30:21.709+0000] {processor.py:179} INFO - Processing /usr/local/lib/python3.8/dist-packages/airflow/example_dags/example_short_circuit_decorator.py took 0.108 seconds
[2023-06-14T14:31:15.645+0000] {processor.py:157} INFO - Started process (PID=6300) to work on /usr/local/lib/python3.8/dist-packages/airflow/example_dags/example_short_circuit_decorator.py
[2023-06-14T14:31:15.647+0000] {processor.py:826} INFO - Processing file /usr/local/lib/python3.8/dist-packages/airflow/example_dags/example_short_circuit_decorator.py for tasks to queue
[2023-06-14T14:31:15.649+0000] {logging_mixin.py:149} INFO - [2023-06-14T14:31:15.649+0000] {dagbag.py:541} INFO - Filling up the DagBag from /usr/local/lib/python3.8/dist-packages/airflow/example_dags/example_short_circuit_decorator.py
[2023-06-14T14:31:15.658+0000] {processor.py:836} INFO - DAG(s) dict_keys(['example_short_circuit_decorator']) retrieved from /usr/local/lib/python3.8/dist-packages/airflow/example_dags/example_short_circuit_decorator.py
[2023-06-14T14:31:15.681+0000] {logging_mixin.py:149} INFO - [2023-06-14T14:31:15.680+0000] {dag.py:2726} INFO - Sync 1 DAGs
[2023-06-14T14:31:15.701+0000] {logging_mixin.py:149} INFO - [2023-06-14T14:31:15.701+0000] {dag.py:3486} INFO - Setting next_dagrun for example_short_circuit_decorator to 2023-06-13T14:31:15.700885+00:00, run_after=2023-06-14T14:31:15.700885+00:00
[2023-06-14T14:31:15.731+0000] {processor.py:179} INFO - Processing /usr/local/lib/python3.8/dist-packages/airflow/example_dags/example_short_circuit_decorator.py took 0.089 seconds
[2023-06-14T14:32:06.080+0000] {processor.py:157} INFO - Started process (PID=6462) to work on /usr/local/lib/python3.8/dist-packages/airflow/example_dags/example_short_circuit_decorator.py
[2023-06-14T14:32:06.081+0000] {processor.py:826} INFO - Processing file /usr/local/lib/python3.8/dist-packages/airflow/example_dags/example_short_circuit_decorator.py for tasks to queue
[2023-06-14T14:32:06.083+0000] {logging_mixin.py:149} INFO - [2023-06-14T14:32:06.083+0000] {dagbag.py:541} INFO - Filling up the DagBag from /usr/local/lib/python3.8/dist-packages/airflow/example_dags/example_short_circuit_decorator.py
[2023-06-14T14:32:06.093+0000] {processor.py:836} INFO - DAG(s) dict_keys(['example_short_circuit_decorator']) retrieved from /usr/local/lib/python3.8/dist-packages/airflow/example_dags/example_short_circuit_decorator.py
[2023-06-14T14:32:06.115+0000] {logging_mixin.py:149} INFO - [2023-06-14T14:32:06.115+0000] {dag.py:2726} INFO - Sync 1 DAGs
[2023-06-14T14:32:06.135+0000] {logging_mixin.py:149} INFO - [2023-06-14T14:32:06.135+0000] {dag.py:3486} INFO - Setting next_dagrun for example_short_circuit_decorator to 2023-06-13T14:32:06.134803+00:00, run_after=2023-06-14T14:32:06.134803+00:00
[2023-06-14T14:32:06.163+0000] {processor.py:179} INFO - Processing /usr/local/lib/python3.8/dist-packages/airflow/example_dags/example_short_circuit_decorator.py took 0.087 seconds
[2023-06-14T14:32:57.615+0000] {processor.py:157} INFO - Started process (PID=6617) to work on /usr/local/lib/python3.8/dist-packages/airflow/example_dags/example_short_circuit_decorator.py
[2023-06-14T14:32:57.616+0000] {processor.py:826} INFO - Processing file /usr/local/lib/python3.8/dist-packages/airflow/example_dags/example_short_circuit_decorator.py for tasks to queue
[2023-06-14T14:32:57.619+0000] {logging_mixin.py:149} INFO - [2023-06-14T14:32:57.618+0000] {dagbag.py:541} INFO - Filling up the DagBag from /usr/local/lib/python3.8/dist-packages/airflow/example_dags/example_short_circuit_decorator.py
[2023-06-14T14:32:57.628+0000] {processor.py:836} INFO - DAG(s) dict_keys(['example_short_circuit_decorator']) retrieved from /usr/local/lib/python3.8/dist-packages/airflow/example_dags/example_short_circuit_decorator.py
[2023-06-14T14:32:57.651+0000] {logging_mixin.py:149} INFO - [2023-06-14T14:32:57.650+0000] {dag.py:2726} INFO - Sync 1 DAGs
[2023-06-14T14:32:57.671+0000] {logging_mixin.py:149} INFO - [2023-06-14T14:32:57.670+0000] {dag.py:3486} INFO - Setting next_dagrun for example_short_circuit_decorator to 2023-06-13T14:32:57.670618+00:00, run_after=2023-06-14T14:32:57.670618+00:00
[2023-06-14T14:32:57.700+0000] {processor.py:179} INFO - Processing /usr/local/lib/python3.8/dist-packages/airflow/example_dags/example_short_circuit_decorator.py took 0.089 seconds
[2023-06-14T14:33:48.207+0000] {processor.py:157} INFO - Started process (PID=6669) to work on /usr/local/lib/python3.8/dist-packages/airflow/example_dags/example_short_circuit_decorator.py
[2023-06-14T14:33:48.208+0000] {processor.py:826} INFO - Processing file /usr/local/lib/python3.8/dist-packages/airflow/example_dags/example_short_circuit_decorator.py for tasks to queue
[2023-06-14T14:33:48.210+0000] {logging_mixin.py:149} INFO - [2023-06-14T14:33:48.210+0000] {dagbag.py:541} INFO - Filling up the DagBag from /usr/local/lib/python3.8/dist-packages/airflow/example_dags/example_short_circuit_decorator.py
[2023-06-14T14:33:48.220+0000] {processor.py:836} INFO - DAG(s) dict_keys(['example_short_circuit_decorator']) retrieved from /usr/local/lib/python3.8/dist-packages/airflow/example_dags/example_short_circuit_decorator.py
[2023-06-14T14:33:48.242+0000] {logging_mixin.py:149} INFO - [2023-06-14T14:33:48.242+0000] {dag.py:2726} INFO - Sync 1 DAGs
[2023-06-14T14:33:48.262+0000] {logging_mixin.py:149} INFO - [2023-06-14T14:33:48.262+0000] {dag.py:3486} INFO - Setting next_dagrun for example_short_circuit_decorator to 2023-06-13T14:33:48.261975+00:00, run_after=2023-06-14T14:33:48.261975+00:00
[2023-06-14T14:33:48.289+0000] {processor.py:179} INFO - Processing /usr/local/lib/python3.8/dist-packages/airflow/example_dags/example_short_circuit_decorator.py took 0.086 seconds
[2023-06-14T14:34:44.645+0000] {processor.py:157} INFO - Started process (PID=6929) to work on /usr/local/lib/python3.8/dist-packages/airflow/example_dags/example_short_circuit_decorator.py
[2023-06-14T14:34:44.647+0000] {processor.py:826} INFO - Processing file /usr/local/lib/python3.8/dist-packages/airflow/example_dags/example_short_circuit_decorator.py for tasks to queue
[2023-06-14T14:34:44.649+0000] {logging_mixin.py:149} INFO - [2023-06-14T14:34:44.649+0000] {dagbag.py:541} INFO - Filling up the DagBag from /usr/local/lib/python3.8/dist-packages/airflow/example_dags/example_short_circuit_decorator.py
[2023-06-14T14:34:44.659+0000] {processor.py:836} INFO - DAG(s) dict_keys(['example_short_circuit_decorator']) retrieved from /usr/local/lib/python3.8/dist-packages/airflow/example_dags/example_short_circuit_decorator.py
[2023-06-14T14:34:44.681+0000] {logging_mixin.py:149} INFO - [2023-06-14T14:34:44.681+0000] {dag.py:2726} INFO - Sync 1 DAGs
[2023-06-14T14:34:44.702+0000] {logging_mixin.py:149} INFO - [2023-06-14T14:34:44.702+0000] {dag.py:3486} INFO - Setting next_dagrun for example_short_circuit_decorator to 2023-06-13T14:34:44.701779+00:00, run_after=2023-06-14T14:34:44.701779+00:00
[2023-06-14T14:34:44.730+0000] {processor.py:179} INFO - Processing /usr/local/lib/python3.8/dist-packages/airflow/example_dags/example_short_circuit_decorator.py took 0.089 seconds
[2023-06-14T14:35:36.037+0000] {processor.py:157} INFO - Started process (PID=7089) to work on /usr/local/lib/python3.8/dist-packages/airflow/example_dags/example_short_circuit_decorator.py
[2023-06-14T14:35:36.038+0000] {processor.py:826} INFO - Processing file /usr/local/lib/python3.8/dist-packages/airflow/example_dags/example_short_circuit_decorator.py for tasks to queue
[2023-06-14T14:35:36.040+0000] {logging_mixin.py:149} INFO - [2023-06-14T14:35:36.040+0000] {dagbag.py:541} INFO - Filling up the DagBag from /usr/local/lib/python3.8/dist-packages/airflow/example_dags/example_short_circuit_decorator.py
[2023-06-14T14:35:36.050+0000] {processor.py:836} INFO - DAG(s) dict_keys(['example_short_circuit_decorator']) retrieved from /usr/local/lib/python3.8/dist-packages/airflow/example_dags/example_short_circuit_decorator.py
[2023-06-14T14:35:36.072+0000] {logging_mixin.py:149} INFO - [2023-06-14T14:35:36.072+0000] {dag.py:2726} INFO - Sync 1 DAGs
[2023-06-14T14:35:36.092+0000] {logging_mixin.py:149} INFO - [2023-06-14T14:35:36.092+0000] {dag.py:3486} INFO - Setting next_dagrun for example_short_circuit_decorator to 2023-06-13T14:35:36.092406+00:00, run_after=2023-06-14T14:35:36.092406+00:00
[2023-06-14T14:35:36.123+0000] {processor.py:179} INFO - Processing /usr/local/lib/python3.8/dist-packages/airflow/example_dags/example_short_circuit_decorator.py took 0.091 seconds
[2023-06-14T14:36:26.513+0000] {processor.py:157} INFO - Started process (PID=7245) to work on /usr/local/lib/python3.8/dist-packages/airflow/example_dags/example_short_circuit_decorator.py
[2023-06-14T14:36:26.515+0000] {processor.py:826} INFO - Processing file /usr/local/lib/python3.8/dist-packages/airflow/example_dags/example_short_circuit_decorator.py for tasks to queue
[2023-06-14T14:36:26.517+0000] {logging_mixin.py:149} INFO - [2023-06-14T14:36:26.517+0000] {dagbag.py:541} INFO - Filling up the DagBag from /usr/local/lib/python3.8/dist-packages/airflow/example_dags/example_short_circuit_decorator.py
[2023-06-14T14:36:26.526+0000] {processor.py:836} INFO - DAG(s) dict_keys(['example_short_circuit_decorator']) retrieved from /usr/local/lib/python3.8/dist-packages/airflow/example_dags/example_short_circuit_decorator.py
[2023-06-14T14:36:26.549+0000] {logging_mixin.py:149} INFO - [2023-06-14T14:36:26.549+0000] {dag.py:2726} INFO - Sync 1 DAGs
[2023-06-14T14:36:26.569+0000] {logging_mixin.py:149} INFO - [2023-06-14T14:36:26.569+0000] {dag.py:3486} INFO - Setting next_dagrun for example_short_circuit_decorator to 2023-06-13T14:36:26.569170+00:00, run_after=2023-06-14T14:36:26.569170+00:00
[2023-06-14T14:36:26.595+0000] {processor.py:179} INFO - Processing /usr/local/lib/python3.8/dist-packages/airflow/example_dags/example_short_circuit_decorator.py took 0.086 seconds
[2023-06-14T14:37:18.418+0000] {processor.py:157} INFO - Started process (PID=7406) to work on /usr/local/lib/python3.8/dist-packages/airflow/example_dags/example_short_circuit_decorator.py
[2023-06-14T14:37:18.420+0000] {processor.py:826} INFO - Processing file /usr/local/lib/python3.8/dist-packages/airflow/example_dags/example_short_circuit_decorator.py for tasks to queue
[2023-06-14T14:37:18.422+0000] {logging_mixin.py:149} INFO - [2023-06-14T14:37:18.422+0000] {dagbag.py:541} INFO - Filling up the DagBag from /usr/local/lib/python3.8/dist-packages/airflow/example_dags/example_short_circuit_decorator.py
[2023-06-14T14:37:18.432+0000] {processor.py:836} INFO - DAG(s) dict_keys(['example_short_circuit_decorator']) retrieved from /usr/local/lib/python3.8/dist-packages/airflow/example_dags/example_short_circuit_decorator.py
[2023-06-14T14:37:18.455+0000] {logging_mixin.py:149} INFO - [2023-06-14T14:37:18.454+0000] {dag.py:2726} INFO - Sync 1 DAGs
[2023-06-14T14:37:18.476+0000] {logging_mixin.py:149} INFO - [2023-06-14T14:37:18.476+0000] {dag.py:3486} INFO - Setting next_dagrun for example_short_circuit_decorator to 2023-06-13T14:37:18.475705+00:00, run_after=2023-06-14T14:37:18.475705+00:00
[2023-06-14T14:37:18.507+0000] {processor.py:179} INFO - Processing /usr/local/lib/python3.8/dist-packages/airflow/example_dags/example_short_circuit_decorator.py took 0.093 seconds
[2023-06-14T14:38:11.128+0000] {processor.py:157} INFO - Started process (PID=7562) to work on /usr/local/lib/python3.8/dist-packages/airflow/example_dags/example_short_circuit_decorator.py
[2023-06-14T14:38:11.130+0000] {processor.py:826} INFO - Processing file /usr/local/lib/python3.8/dist-packages/airflow/example_dags/example_short_circuit_decorator.py for tasks to queue
[2023-06-14T14:38:11.132+0000] {logging_mixin.py:149} INFO - [2023-06-14T14:38:11.132+0000] {dagbag.py:541} INFO - Filling up the DagBag from /usr/local/lib/python3.8/dist-packages/airflow/example_dags/example_short_circuit_decorator.py
[2023-06-14T14:38:11.142+0000] {processor.py:836} INFO - DAG(s) dict_keys(['example_short_circuit_decorator']) retrieved from /usr/local/lib/python3.8/dist-packages/airflow/example_dags/example_short_circuit_decorator.py
[2023-06-14T14:38:11.164+0000] {logging_mixin.py:149} INFO - [2023-06-14T14:38:11.164+0000] {dag.py:2726} INFO - Sync 1 DAGs
[2023-06-14T14:38:11.184+0000] {logging_mixin.py:149} INFO - [2023-06-14T14:38:11.184+0000] {dag.py:3486} INFO - Setting next_dagrun for example_short_circuit_decorator to 2023-06-13T14:38:11.184390+00:00, run_after=2023-06-14T14:38:11.184390+00:00
[2023-06-14T14:38:11.215+0000] {processor.py:179} INFO - Processing /usr/local/lib/python3.8/dist-packages/airflow/example_dags/example_short_circuit_decorator.py took 0.091 seconds
[2023-06-14T14:38:59.578+0000] {processor.py:157} INFO - Started process (PID=7715) to work on /usr/local/lib/python3.8/dist-packages/airflow/example_dags/example_short_circuit_decorator.py
[2023-06-14T14:38:59.579+0000] {processor.py:826} INFO - Processing file /usr/local/lib/python3.8/dist-packages/airflow/example_dags/example_short_circuit_decorator.py for tasks to queue
[2023-06-14T14:38:59.582+0000] {logging_mixin.py:149} INFO - [2023-06-14T14:38:59.582+0000] {dagbag.py:541} INFO - Filling up the DagBag from /usr/local/lib/python3.8/dist-packages/airflow/example_dags/example_short_circuit_decorator.py
[2023-06-14T14:38:59.591+0000] {processor.py:836} INFO - DAG(s) dict_keys(['example_short_circuit_decorator']) retrieved from /usr/local/lib/python3.8/dist-packages/airflow/example_dags/example_short_circuit_decorator.py
[2023-06-14T14:38:59.614+0000] {logging_mixin.py:149} INFO - [2023-06-14T14:38:59.613+0000] {dag.py:2726} INFO - Sync 1 DAGs
[2023-06-14T14:38:59.634+0000] {logging_mixin.py:149} INFO - [2023-06-14T14:38:59.634+0000] {dag.py:3486} INFO - Setting next_dagrun for example_short_circuit_decorator to 2023-06-13T14:38:59.633756+00:00, run_after=2023-06-14T14:38:59.633756+00:00
[2023-06-14T14:38:59.661+0000] {processor.py:179} INFO - Processing /usr/local/lib/python3.8/dist-packages/airflow/example_dags/example_short_circuit_decorator.py took 0.087 seconds
[2023-06-14T14:39:47.752+0000] {processor.py:157} INFO - Started process (PID=7765) to work on /usr/local/lib/python3.8/dist-packages/airflow/example_dags/example_short_circuit_decorator.py
[2023-06-14T14:39:47.753+0000] {processor.py:826} INFO - Processing file /usr/local/lib/python3.8/dist-packages/airflow/example_dags/example_short_circuit_decorator.py for tasks to queue
[2023-06-14T14:39:47.756+0000] {logging_mixin.py:149} INFO - [2023-06-14T14:39:47.755+0000] {dagbag.py:541} INFO - Filling up the DagBag from /usr/local/lib/python3.8/dist-packages/airflow/example_dags/example_short_circuit_decorator.py
[2023-06-14T14:39:47.765+0000] {processor.py:836} INFO - DAG(s) dict_keys(['example_short_circuit_decorator']) retrieved from /usr/local/lib/python3.8/dist-packages/airflow/example_dags/example_short_circuit_decorator.py
[2023-06-14T14:39:47.788+0000] {logging_mixin.py:149} INFO - [2023-06-14T14:39:47.787+0000] {dag.py:2726} INFO - Sync 1 DAGs
[2023-06-14T14:39:47.809+0000] {logging_mixin.py:149} INFO - [2023-06-14T14:39:47.808+0000] {dag.py:3486} INFO - Setting next_dagrun for example_short_circuit_decorator to 2023-06-13T14:39:47.808529+00:00, run_after=2023-06-14T14:39:47.808529+00:00
[2023-06-14T14:39:47.835+0000] {processor.py:179} INFO - Processing /usr/local/lib/python3.8/dist-packages/airflow/example_dags/example_short_circuit_decorator.py took 0.088 seconds
[2023-06-14T14:40:41.797+0000] {processor.py:157} INFO - Started process (PID=7922) to work on /usr/local/lib/python3.8/dist-packages/airflow/example_dags/example_short_circuit_decorator.py
[2023-06-14T14:40:41.798+0000] {processor.py:826} INFO - Processing file /usr/local/lib/python3.8/dist-packages/airflow/example_dags/example_short_circuit_decorator.py for tasks to queue
[2023-06-14T14:40:41.801+0000] {logging_mixin.py:149} INFO - [2023-06-14T14:40:41.801+0000] {dagbag.py:541} INFO - Filling up the DagBag from /usr/local/lib/python3.8/dist-packages/airflow/example_dags/example_short_circuit_decorator.py
[2023-06-14T14:40:41.810+0000] {processor.py:836} INFO - DAG(s) dict_keys(['example_short_circuit_decorator']) retrieved from /usr/local/lib/python3.8/dist-packages/airflow/example_dags/example_short_circuit_decorator.py
[2023-06-14T14:40:41.833+0000] {logging_mixin.py:149} INFO - [2023-06-14T14:40:41.833+0000] {dag.py:2726} INFO - Sync 1 DAGs
[2023-06-14T14:40:41.853+0000] {logging_mixin.py:149} INFO - [2023-06-14T14:40:41.853+0000] {dag.py:3486} INFO - Setting next_dagrun for example_short_circuit_decorator to 2023-06-13T14:40:41.853074+00:00, run_after=2023-06-14T14:40:41.853074+00:00
[2023-06-14T14:40:41.883+0000] {processor.py:179} INFO - Processing /usr/local/lib/python3.8/dist-packages/airflow/example_dags/example_short_circuit_decorator.py took 0.091 seconds
[2023-06-14T14:41:36.088+0000] {processor.py:157} INFO - Started process (PID=8080) to work on /usr/local/lib/python3.8/dist-packages/airflow/example_dags/example_short_circuit_decorator.py
[2023-06-14T14:41:36.089+0000] {processor.py:826} INFO - Processing file /usr/local/lib/python3.8/dist-packages/airflow/example_dags/example_short_circuit_decorator.py for tasks to queue
[2023-06-14T14:41:36.092+0000] {logging_mixin.py:149} INFO - [2023-06-14T14:41:36.092+0000] {dagbag.py:541} INFO - Filling up the DagBag from /usr/local/lib/python3.8/dist-packages/airflow/example_dags/example_short_circuit_decorator.py
[2023-06-14T14:41:36.101+0000] {processor.py:836} INFO - DAG(s) dict_keys(['example_short_circuit_decorator']) retrieved from /usr/local/lib/python3.8/dist-packages/airflow/example_dags/example_short_circuit_decorator.py
[2023-06-14T14:41:36.124+0000] {logging_mixin.py:149} INFO - [2023-06-14T14:41:36.123+0000] {dag.py:2726} INFO - Sync 1 DAGs
[2023-06-14T14:41:36.144+0000] {logging_mixin.py:149} INFO - [2023-06-14T14:41:36.143+0000] {dag.py:3486} INFO - Setting next_dagrun for example_short_circuit_decorator to 2023-06-13T14:41:36.143645+00:00, run_after=2023-06-14T14:41:36.143645+00:00
[2023-06-14T14:41:36.169+0000] {processor.py:179} INFO - Processing /usr/local/lib/python3.8/dist-packages/airflow/example_dags/example_short_circuit_decorator.py took 0.085 seconds
[2023-06-14T14:42:30.081+0000] {processor.py:157} INFO - Started process (PID=8242) to work on /usr/local/lib/python3.8/dist-packages/airflow/example_dags/example_short_circuit_decorator.py
[2023-06-14T14:42:30.083+0000] {processor.py:826} INFO - Processing file /usr/local/lib/python3.8/dist-packages/airflow/example_dags/example_short_circuit_decorator.py for tasks to queue
[2023-06-14T14:42:30.085+0000] {logging_mixin.py:149} INFO - [2023-06-14T14:42:30.085+0000] {dagbag.py:541} INFO - Filling up the DagBag from /usr/local/lib/python3.8/dist-packages/airflow/example_dags/example_short_circuit_decorator.py
[2023-06-14T14:42:30.095+0000] {processor.py:836} INFO - DAG(s) dict_keys(['example_short_circuit_decorator']) retrieved from /usr/local/lib/python3.8/dist-packages/airflow/example_dags/example_short_circuit_decorator.py
[2023-06-14T14:42:30.118+0000] {logging_mixin.py:149} INFO - [2023-06-14T14:42:30.117+0000] {dag.py:2726} INFO - Sync 1 DAGs
[2023-06-14T14:42:30.138+0000] {logging_mixin.py:149} INFO - [2023-06-14T14:42:30.138+0000] {dag.py:3486} INFO - Setting next_dagrun for example_short_circuit_decorator to 2023-06-13T14:42:30.138049+00:00, run_after=2023-06-14T14:42:30.138049+00:00
[2023-06-14T14:42:30.166+0000] {processor.py:179} INFO - Processing /usr/local/lib/python3.8/dist-packages/airflow/example_dags/example_short_circuit_decorator.py took 0.089 seconds
[2023-06-14T14:43:26.501+0000] {processor.py:157} INFO - Started process (PID=8400) to work on /usr/local/lib/python3.8/dist-packages/airflow/example_dags/example_short_circuit_decorator.py
[2023-06-14T14:43:26.502+0000] {processor.py:826} INFO - Processing file /usr/local/lib/python3.8/dist-packages/airflow/example_dags/example_short_circuit_decorator.py for tasks to queue
[2023-06-14T14:43:26.505+0000] {logging_mixin.py:149} INFO - [2023-06-14T14:43:26.505+0000] {dagbag.py:541} INFO - Filling up the DagBag from /usr/local/lib/python3.8/dist-packages/airflow/example_dags/example_short_circuit_decorator.py
[2023-06-14T14:43:26.515+0000] {processor.py:836} INFO - DAG(s) dict_keys(['example_short_circuit_decorator']) retrieved from /usr/local/lib/python3.8/dist-packages/airflow/example_dags/example_short_circuit_decorator.py
[2023-06-14T14:43:26.538+0000] {logging_mixin.py:149} INFO - [2023-06-14T14:43:26.537+0000] {dag.py:2726} INFO - Sync 1 DAGs
[2023-06-14T14:43:26.559+0000] {logging_mixin.py:149} INFO - [2023-06-14T14:43:26.559+0000] {dag.py:3486} INFO - Setting next_dagrun for example_short_circuit_decorator to 2023-06-13T14:43:26.559272+00:00, run_after=2023-06-14T14:43:26.559272+00:00
[2023-06-14T14:43:26.587+0000] {processor.py:179} INFO - Processing /usr/local/lib/python3.8/dist-packages/airflow/example_dags/example_short_circuit_decorator.py took 0.090 seconds
[2023-06-14T14:44:21.859+0000] {processor.py:157} INFO - Started process (PID=8659) to work on /usr/local/lib/python3.8/dist-packages/airflow/example_dags/example_short_circuit_decorator.py
[2023-06-14T14:44:21.860+0000] {processor.py:826} INFO - Processing file /usr/local/lib/python3.8/dist-packages/airflow/example_dags/example_short_circuit_decorator.py for tasks to queue
[2023-06-14T14:44:21.863+0000] {logging_mixin.py:149} INFO - [2023-06-14T14:44:21.863+0000] {dagbag.py:541} INFO - Filling up the DagBag from /usr/local/lib/python3.8/dist-packages/airflow/example_dags/example_short_circuit_decorator.py
[2023-06-14T14:44:21.872+0000] {processor.py:836} INFO - DAG(s) dict_keys(['example_short_circuit_decorator']) retrieved from /usr/local/lib/python3.8/dist-packages/airflow/example_dags/example_short_circuit_decorator.py
[2023-06-14T14:44:21.896+0000] {logging_mixin.py:149} INFO - [2023-06-14T14:44:21.895+0000] {dag.py:2726} INFO - Sync 1 DAGs
[2023-06-14T14:44:21.916+0000] {logging_mixin.py:149} INFO - [2023-06-14T14:44:21.916+0000] {dag.py:3486} INFO - Setting next_dagrun for example_short_circuit_decorator to 2023-06-13T14:44:21.916378+00:00, run_after=2023-06-14T14:44:21.916378+00:00
[2023-06-14T14:44:21.946+0000] {processor.py:179} INFO - Processing /usr/local/lib/python3.8/dist-packages/airflow/example_dags/example_short_circuit_decorator.py took 0.091 seconds
[2023-06-14T14:45:16.685+0000] {processor.py:157} INFO - Started process (PID=8817) to work on /usr/local/lib/python3.8/dist-packages/airflow/example_dags/example_short_circuit_decorator.py
[2023-06-14T14:45:16.686+0000] {processor.py:826} INFO - Processing file /usr/local/lib/python3.8/dist-packages/airflow/example_dags/example_short_circuit_decorator.py for tasks to queue
[2023-06-14T14:45:16.689+0000] {logging_mixin.py:149} INFO - [2023-06-14T14:45:16.689+0000] {dagbag.py:541} INFO - Filling up the DagBag from /usr/local/lib/python3.8/dist-packages/airflow/example_dags/example_short_circuit_decorator.py
[2023-06-14T14:45:16.700+0000] {processor.py:836} INFO - DAG(s) dict_keys(['example_short_circuit_decorator']) retrieved from /usr/local/lib/python3.8/dist-packages/airflow/example_dags/example_short_circuit_decorator.py
[2023-06-14T14:45:16.726+0000] {logging_mixin.py:149} INFO - [2023-06-14T14:45:16.726+0000] {dag.py:2726} INFO - Sync 1 DAGs
[2023-06-14T14:45:16.749+0000] {logging_mixin.py:149} INFO - [2023-06-14T14:45:16.748+0000] {dag.py:3486} INFO - Setting next_dagrun for example_short_circuit_decorator to 2023-06-13T14:45:16.748413+00:00, run_after=2023-06-14T14:45:16.748413+00:00
[2023-06-14T14:45:16.776+0000] {processor.py:179} INFO - Processing /usr/local/lib/python3.8/dist-packages/airflow/example_dags/example_short_circuit_decorator.py took 0.095 seconds
[2023-06-14T14:46:14.472+0000] {processor.py:157} INFO - Started process (PID=8979) to work on /usr/local/lib/python3.8/dist-packages/airflow/example_dags/example_short_circuit_decorator.py
[2023-06-14T14:46:14.474+0000] {processor.py:826} INFO - Processing file /usr/local/lib/python3.8/dist-packages/airflow/example_dags/example_short_circuit_decorator.py for tasks to queue
[2023-06-14T14:46:14.476+0000] {logging_mixin.py:149} INFO - [2023-06-14T14:46:14.476+0000] {dagbag.py:541} INFO - Filling up the DagBag from /usr/local/lib/python3.8/dist-packages/airflow/example_dags/example_short_circuit_decorator.py
[2023-06-14T14:46:14.489+0000] {processor.py:836} INFO - DAG(s) dict_keys(['example_short_circuit_decorator']) retrieved from /usr/local/lib/python3.8/dist-packages/airflow/example_dags/example_short_circuit_decorator.py
[2023-06-14T14:46:14.514+0000] {logging_mixin.py:149} INFO - [2023-06-14T14:46:14.513+0000] {dag.py:2726} INFO - Sync 1 DAGs
[2023-06-14T14:46:14.537+0000] {logging_mixin.py:149} INFO - [2023-06-14T14:46:14.537+0000] {dag.py:3486} INFO - Setting next_dagrun for example_short_circuit_decorator to 2023-06-13T14:46:14.537015+00:00, run_after=2023-06-14T14:46:14.537015+00:00
[2023-06-14T14:46:14.567+0000] {processor.py:179} INFO - Processing /usr/local/lib/python3.8/dist-packages/airflow/example_dags/example_short_circuit_decorator.py took 0.099 seconds
[2023-06-14T14:47:03.818+0000] {processor.py:157} INFO - Started process (PID=9137) to work on /usr/local/lib/python3.8/dist-packages/airflow/example_dags/example_short_circuit_decorator.py
[2023-06-14T14:47:03.819+0000] {processor.py:826} INFO - Processing file /usr/local/lib/python3.8/dist-packages/airflow/example_dags/example_short_circuit_decorator.py for tasks to queue
[2023-06-14T14:47:03.821+0000] {logging_mixin.py:149} INFO - [2023-06-14T14:47:03.821+0000] {dagbag.py:541} INFO - Filling up the DagBag from /usr/local/lib/python3.8/dist-packages/airflow/example_dags/example_short_circuit_decorator.py
[2023-06-14T14:47:03.831+0000] {processor.py:836} INFO - DAG(s) dict_keys(['example_short_circuit_decorator']) retrieved from /usr/local/lib/python3.8/dist-packages/airflow/example_dags/example_short_circuit_decorator.py
[2023-06-14T14:47:03.855+0000] {logging_mixin.py:149} INFO - [2023-06-14T14:47:03.854+0000] {dag.py:2726} INFO - Sync 1 DAGs
[2023-06-14T14:47:03.877+0000] {logging_mixin.py:149} INFO - [2023-06-14T14:47:03.876+0000] {dag.py:3486} INFO - Setting next_dagrun for example_short_circuit_decorator to 2023-06-13T14:47:03.876497+00:00, run_after=2023-06-14T14:47:03.876497+00:00
[2023-06-14T14:47:03.906+0000] {processor.py:179} INFO - Processing /usr/local/lib/python3.8/dist-packages/airflow/example_dags/example_short_circuit_decorator.py took 0.092 seconds
[2023-06-14T14:47:57.668+0000] {processor.py:157} INFO - Started process (PID=9294) to work on /usr/local/lib/python3.8/dist-packages/airflow/example_dags/example_short_circuit_decorator.py
[2023-06-14T14:47:57.670+0000] {processor.py:826} INFO - Processing file /usr/local/lib/python3.8/dist-packages/airflow/example_dags/example_short_circuit_decorator.py for tasks to queue
[2023-06-14T14:47:57.673+0000] {logging_mixin.py:149} INFO - [2023-06-14T14:47:57.672+0000] {dagbag.py:541} INFO - Filling up the DagBag from /usr/local/lib/python3.8/dist-packages/airflow/example_dags/example_short_circuit_decorator.py
[2023-06-14T14:47:57.682+0000] {processor.py:836} INFO - DAG(s) dict_keys(['example_short_circuit_decorator']) retrieved from /usr/local/lib/python3.8/dist-packages/airflow/example_dags/example_short_circuit_decorator.py
[2023-06-14T14:47:57.706+0000] {logging_mixin.py:149} INFO - [2023-06-14T14:47:57.706+0000] {dag.py:2726} INFO - Sync 1 DAGs
[2023-06-14T14:47:57.727+0000] {logging_mixin.py:149} INFO - [2023-06-14T14:47:57.727+0000] {dag.py:3486} INFO - Setting next_dagrun for example_short_circuit_decorator to 2023-06-13T14:47:57.727199+00:00, run_after=2023-06-14T14:47:57.727199+00:00
[2023-06-14T14:47:57.755+0000] {processor.py:179} INFO - Processing /usr/local/lib/python3.8/dist-packages/airflow/example_dags/example_short_circuit_decorator.py took 0.091 seconds
[2023-06-14T14:48:53.142+0000] {processor.py:157} INFO - Started process (PID=9451) to work on /usr/local/lib/python3.8/dist-packages/airflow/example_dags/example_short_circuit_decorator.py
[2023-06-14T14:48:53.143+0000] {processor.py:826} INFO - Processing file /usr/local/lib/python3.8/dist-packages/airflow/example_dags/example_short_circuit_decorator.py for tasks to queue
[2023-06-14T14:48:53.146+0000] {logging_mixin.py:149} INFO - [2023-06-14T14:48:53.146+0000] {dagbag.py:541} INFO - Filling up the DagBag from /usr/local/lib/python3.8/dist-packages/airflow/example_dags/example_short_circuit_decorator.py
[2023-06-14T14:48:53.156+0000] {processor.py:836} INFO - DAG(s) dict_keys(['example_short_circuit_decorator']) retrieved from /usr/local/lib/python3.8/dist-packages/airflow/example_dags/example_short_circuit_decorator.py
[2023-06-14T14:48:53.180+0000] {logging_mixin.py:149} INFO - [2023-06-14T14:48:53.179+0000] {dag.py:2726} INFO - Sync 1 DAGs
[2023-06-14T14:48:53.201+0000] {logging_mixin.py:149} INFO - [2023-06-14T14:48:53.201+0000] {dag.py:3486} INFO - Setting next_dagrun for example_short_circuit_decorator to 2023-06-13T14:48:53.200792+00:00, run_after=2023-06-14T14:48:53.200792+00:00
[2023-06-14T14:48:53.236+0000] {processor.py:179} INFO - Processing /usr/local/lib/python3.8/dist-packages/airflow/example_dags/example_short_circuit_decorator.py took 0.097 seconds
[2023-06-14T14:49:48.769+0000] {processor.py:157} INFO - Started process (PID=9608) to work on /usr/local/lib/python3.8/dist-packages/airflow/example_dags/example_short_circuit_decorator.py
[2023-06-14T14:49:48.770+0000] {processor.py:826} INFO - Processing file /usr/local/lib/python3.8/dist-packages/airflow/example_dags/example_short_circuit_decorator.py for tasks to queue
[2023-06-14T14:49:48.772+0000] {logging_mixin.py:149} INFO - [2023-06-14T14:49:48.772+0000] {dagbag.py:541} INFO - Filling up the DagBag from /usr/local/lib/python3.8/dist-packages/airflow/example_dags/example_short_circuit_decorator.py
[2023-06-14T14:49:48.782+0000] {processor.py:836} INFO - DAG(s) dict_keys(['example_short_circuit_decorator']) retrieved from /usr/local/lib/python3.8/dist-packages/airflow/example_dags/example_short_circuit_decorator.py
[2023-06-14T14:49:48.804+0000] {logging_mixin.py:149} INFO - [2023-06-14T14:49:48.804+0000] {dag.py:2726} INFO - Sync 1 DAGs
[2023-06-14T14:49:48.825+0000] {logging_mixin.py:149} INFO - [2023-06-14T14:49:48.825+0000] {dag.py:3486} INFO - Setting next_dagrun for example_short_circuit_decorator to 2023-06-13T14:49:48.825324+00:00, run_after=2023-06-14T14:49:48.825324+00:00
[2023-06-14T14:49:48.855+0000] {processor.py:179} INFO - Processing /usr/local/lib/python3.8/dist-packages/airflow/example_dags/example_short_circuit_decorator.py took 0.090 seconds
[2023-06-14T14:50:42.673+0000] {processor.py:157} INFO - Started process (PID=9766) to work on /usr/local/lib/python3.8/dist-packages/airflow/example_dags/example_short_circuit_decorator.py
[2023-06-14T14:50:42.675+0000] {processor.py:826} INFO - Processing file /usr/local/lib/python3.8/dist-packages/airflow/example_dags/example_short_circuit_decorator.py for tasks to queue
[2023-06-14T14:50:42.677+0000] {logging_mixin.py:149} INFO - [2023-06-14T14:50:42.677+0000] {dagbag.py:541} INFO - Filling up the DagBag from /usr/local/lib/python3.8/dist-packages/airflow/example_dags/example_short_circuit_decorator.py
[2023-06-14T14:50:42.687+0000] {processor.py:836} INFO - DAG(s) dict_keys(['example_short_circuit_decorator']) retrieved from /usr/local/lib/python3.8/dist-packages/airflow/example_dags/example_short_circuit_decorator.py
[2023-06-14T14:50:42.709+0000] {logging_mixin.py:149} INFO - [2023-06-14T14:50:42.708+0000] {dag.py:2726} INFO - Sync 1 DAGs
[2023-06-14T14:50:42.728+0000] {logging_mixin.py:149} INFO - [2023-06-14T14:50:42.728+0000] {dag.py:3486} INFO - Setting next_dagrun for example_short_circuit_decorator to 2023-06-13T14:50:42.728508+00:00, run_after=2023-06-14T14:50:42.728508+00:00
[2023-06-14T14:50:42.756+0000] {processor.py:179} INFO - Processing /usr/local/lib/python3.8/dist-packages/airflow/example_dags/example_short_circuit_decorator.py took 0.086 seconds
[2023-06-14T14:51:31.748+0000] {processor.py:157} INFO - Started process (PID=9921) to work on /usr/local/lib/python3.8/dist-packages/airflow/example_dags/example_short_circuit_decorator.py
[2023-06-14T14:51:31.749+0000] {processor.py:826} INFO - Processing file /usr/local/lib/python3.8/dist-packages/airflow/example_dags/example_short_circuit_decorator.py for tasks to queue
[2023-06-14T14:51:31.752+0000] {logging_mixin.py:149} INFO - [2023-06-14T14:51:31.752+0000] {dagbag.py:541} INFO - Filling up the DagBag from /usr/local/lib/python3.8/dist-packages/airflow/example_dags/example_short_circuit_decorator.py
[2023-06-14T14:51:31.761+0000] {processor.py:836} INFO - DAG(s) dict_keys(['example_short_circuit_decorator']) retrieved from /usr/local/lib/python3.8/dist-packages/airflow/example_dags/example_short_circuit_decorator.py
[2023-06-14T14:51:31.784+0000] {logging_mixin.py:149} INFO - [2023-06-14T14:51:31.784+0000] {dag.py:2726} INFO - Sync 1 DAGs
[2023-06-14T14:51:31.805+0000] {logging_mixin.py:149} INFO - [2023-06-14T14:51:31.805+0000] {dag.py:3486} INFO - Setting next_dagrun for example_short_circuit_decorator to 2023-06-13T14:51:31.805205+00:00, run_after=2023-06-14T14:51:31.805205+00:00
[2023-06-14T14:51:31.832+0000] {processor.py:179} INFO - Processing /usr/local/lib/python3.8/dist-packages/airflow/example_dags/example_short_circuit_decorator.py took 0.088 seconds
[2023-06-14T14:52:19.260+0000] {processor.py:157} INFO - Started process (PID=10077) to work on /usr/local/lib/python3.8/dist-packages/airflow/example_dags/example_short_circuit_decorator.py
[2023-06-14T14:52:19.261+0000] {processor.py:826} INFO - Processing file /usr/local/lib/python3.8/dist-packages/airflow/example_dags/example_short_circuit_decorator.py for tasks to queue
[2023-06-14T14:52:19.264+0000] {logging_mixin.py:149} INFO - [2023-06-14T14:52:19.264+0000] {dagbag.py:541} INFO - Filling up the DagBag from /usr/local/lib/python3.8/dist-packages/airflow/example_dags/example_short_circuit_decorator.py
[2023-06-14T14:52:19.276+0000] {processor.py:836} INFO - DAG(s) dict_keys(['example_short_circuit_decorator']) retrieved from /usr/local/lib/python3.8/dist-packages/airflow/example_dags/example_short_circuit_decorator.py
[2023-06-14T14:52:19.301+0000] {logging_mixin.py:149} INFO - [2023-06-14T14:52:19.300+0000] {dag.py:2726} INFO - Sync 1 DAGs
[2023-06-14T14:52:19.323+0000] {logging_mixin.py:149} INFO - [2023-06-14T14:52:19.323+0000] {dag.py:3486} INFO - Setting next_dagrun for example_short_circuit_decorator to 2023-06-13T14:52:19.323283+00:00, run_after=2023-06-14T14:52:19.323283+00:00
[2023-06-14T14:52:19.353+0000] {processor.py:179} INFO - Processing /usr/local/lib/python3.8/dist-packages/airflow/example_dags/example_short_circuit_decorator.py took 0.097 seconds
[2023-06-14T14:53:10.882+0000] {processor.py:157} INFO - Started process (PID=10232) to work on /usr/local/lib/python3.8/dist-packages/airflow/example_dags/example_short_circuit_decorator.py
[2023-06-14T14:53:10.883+0000] {processor.py:826} INFO - Processing file /usr/local/lib/python3.8/dist-packages/airflow/example_dags/example_short_circuit_decorator.py for tasks to queue
[2023-06-14T14:53:10.886+0000] {logging_mixin.py:149} INFO - [2023-06-14T14:53:10.886+0000] {dagbag.py:541} INFO - Filling up the DagBag from /usr/local/lib/python3.8/dist-packages/airflow/example_dags/example_short_circuit_decorator.py
[2023-06-14T14:53:10.895+0000] {processor.py:836} INFO - DAG(s) dict_keys(['example_short_circuit_decorator']) retrieved from /usr/local/lib/python3.8/dist-packages/airflow/example_dags/example_short_circuit_decorator.py
[2023-06-14T14:53:10.918+0000] {logging_mixin.py:149} INFO - [2023-06-14T14:53:10.917+0000] {dag.py:2726} INFO - Sync 1 DAGs
[2023-06-14T14:53:10.938+0000] {logging_mixin.py:149} INFO - [2023-06-14T14:53:10.938+0000] {dag.py:3486} INFO - Setting next_dagrun for example_short_circuit_decorator to 2023-06-13T14:53:10.938137+00:00, run_after=2023-06-14T14:53:10.938137+00:00
[2023-06-14T14:53:10.970+0000] {processor.py:179} INFO - Processing /usr/local/lib/python3.8/dist-packages/airflow/example_dags/example_short_circuit_decorator.py took 0.092 seconds
[2023-06-14T14:54:04.855+0000] {processor.py:157} INFO - Started process (PID=10493) to work on /usr/local/lib/python3.8/dist-packages/airflow/example_dags/example_short_circuit_decorator.py
[2023-06-14T14:54:04.856+0000] {processor.py:826} INFO - Processing file /usr/local/lib/python3.8/dist-packages/airflow/example_dags/example_short_circuit_decorator.py for tasks to queue
[2023-06-14T14:54:04.859+0000] {logging_mixin.py:149} INFO - [2023-06-14T14:54:04.859+0000] {dagbag.py:541} INFO - Filling up the DagBag from /usr/local/lib/python3.8/dist-packages/airflow/example_dags/example_short_circuit_decorator.py
[2023-06-14T14:54:04.868+0000] {processor.py:836} INFO - DAG(s) dict_keys(['example_short_circuit_decorator']) retrieved from /usr/local/lib/python3.8/dist-packages/airflow/example_dags/example_short_circuit_decorator.py
[2023-06-14T14:54:04.890+0000] {logging_mixin.py:149} INFO - [2023-06-14T14:54:04.890+0000] {dag.py:2726} INFO - Sync 1 DAGs
[2023-06-14T14:54:04.910+0000] {logging_mixin.py:149} INFO - [2023-06-14T14:54:04.910+0000] {dag.py:3486} INFO - Setting next_dagrun for example_short_circuit_decorator to 2023-06-13T14:54:04.910277+00:00, run_after=2023-06-14T14:54:04.910277+00:00
[2023-06-14T14:54:04.938+0000] {processor.py:179} INFO - Processing /usr/local/lib/python3.8/dist-packages/airflow/example_dags/example_short_circuit_decorator.py took 0.087 seconds
[2023-06-14T14:54:58.333+0000] {processor.py:157} INFO - Started process (PID=10752) to work on /usr/local/lib/python3.8/dist-packages/airflow/example_dags/example_short_circuit_decorator.py
[2023-06-14T14:54:58.334+0000] {processor.py:826} INFO - Processing file /usr/local/lib/python3.8/dist-packages/airflow/example_dags/example_short_circuit_decorator.py for tasks to queue
[2023-06-14T14:54:58.336+0000] {logging_mixin.py:149} INFO - [2023-06-14T14:54:58.336+0000] {dagbag.py:541} INFO - Filling up the DagBag from /usr/local/lib/python3.8/dist-packages/airflow/example_dags/example_short_circuit_decorator.py
[2023-06-14T14:54:58.346+0000] {processor.py:836} INFO - DAG(s) dict_keys(['example_short_circuit_decorator']) retrieved from /usr/local/lib/python3.8/dist-packages/airflow/example_dags/example_short_circuit_decorator.py
[2023-06-14T14:54:58.369+0000] {logging_mixin.py:149} INFO - [2023-06-14T14:54:58.368+0000] {dag.py:2726} INFO - Sync 1 DAGs
[2023-06-14T14:54:58.390+0000] {logging_mixin.py:149} INFO - [2023-06-14T14:54:58.389+0000] {dag.py:3486} INFO - Setting next_dagrun for example_short_circuit_decorator to 2023-06-13T14:54:58.389597+00:00, run_after=2023-06-14T14:54:58.389597+00:00
[2023-06-14T14:54:58.417+0000] {processor.py:179} INFO - Processing /usr/local/lib/python3.8/dist-packages/airflow/example_dags/example_short_circuit_decorator.py took 0.088 seconds
[2023-06-14T14:55:51.631+0000] {processor.py:157} INFO - Started process (PID=10805) to work on /usr/local/lib/python3.8/dist-packages/airflow/example_dags/example_short_circuit_decorator.py
[2023-06-14T14:55:51.632+0000] {processor.py:826} INFO - Processing file /usr/local/lib/python3.8/dist-packages/airflow/example_dags/example_short_circuit_decorator.py for tasks to queue
[2023-06-14T14:55:51.634+0000] {logging_mixin.py:149} INFO - [2023-06-14T14:55:51.634+0000] {dagbag.py:541} INFO - Filling up the DagBag from /usr/local/lib/python3.8/dist-packages/airflow/example_dags/example_short_circuit_decorator.py
[2023-06-14T14:55:51.644+0000] {processor.py:836} INFO - DAG(s) dict_keys(['example_short_circuit_decorator']) retrieved from /usr/local/lib/python3.8/dist-packages/airflow/example_dags/example_short_circuit_decorator.py
[2023-06-14T14:55:51.666+0000] {logging_mixin.py:149} INFO - [2023-06-14T14:55:51.666+0000] {dag.py:2726} INFO - Sync 1 DAGs
[2023-06-14T14:55:51.688+0000] {logging_mixin.py:149} INFO - [2023-06-14T14:55:51.687+0000] {dag.py:3486} INFO - Setting next_dagrun for example_short_circuit_decorator to 2023-06-13T14:55:51.687621+00:00, run_after=2023-06-14T14:55:51.687621+00:00
[2023-06-14T14:55:51.717+0000] {processor.py:179} INFO - Processing /usr/local/lib/python3.8/dist-packages/airflow/example_dags/example_short_circuit_decorator.py took 0.091 seconds
[2023-06-14T14:56:43.290+0000] {processor.py:157} INFO - Started process (PID=10962) to work on /usr/local/lib/python3.8/dist-packages/airflow/example_dags/example_short_circuit_decorator.py
[2023-06-14T14:56:43.291+0000] {processor.py:826} INFO - Processing file /usr/local/lib/python3.8/dist-packages/airflow/example_dags/example_short_circuit_decorator.py for tasks to queue
[2023-06-14T14:56:43.294+0000] {logging_mixin.py:149} INFO - [2023-06-14T14:56:43.294+0000] {dagbag.py:541} INFO - Filling up the DagBag from /usr/local/lib/python3.8/dist-packages/airflow/example_dags/example_short_circuit_decorator.py
[2023-06-14T14:56:43.303+0000] {processor.py:836} INFO - DAG(s) dict_keys(['example_short_circuit_decorator']) retrieved from /usr/local/lib/python3.8/dist-packages/airflow/example_dags/example_short_circuit_decorator.py
[2023-06-14T14:56:43.327+0000] {logging_mixin.py:149} INFO - [2023-06-14T14:56:43.326+0000] {dag.py:2726} INFO - Sync 1 DAGs
[2023-06-14T14:56:43.347+0000] {logging_mixin.py:149} INFO - [2023-06-14T14:56:43.347+0000] {dag.py:3486} INFO - Setting next_dagrun for example_short_circuit_decorator to 2023-06-13T14:56:43.347228+00:00, run_after=2023-06-14T14:56:43.347228+00:00
[2023-06-14T14:56:43.375+0000] {processor.py:179} INFO - Processing /usr/local/lib/python3.8/dist-packages/airflow/example_dags/example_short_circuit_decorator.py took 0.089 seconds
[2023-06-14T14:57:31.906+0000] {processor.py:157} INFO - Started process (PID=11120) to work on /usr/local/lib/python3.8/dist-packages/airflow/example_dags/example_short_circuit_decorator.py
[2023-06-14T14:57:31.907+0000] {processor.py:826} INFO - Processing file /usr/local/lib/python3.8/dist-packages/airflow/example_dags/example_short_circuit_decorator.py for tasks to queue
[2023-06-14T14:57:31.910+0000] {logging_mixin.py:149} INFO - [2023-06-14T14:57:31.910+0000] {dagbag.py:541} INFO - Filling up the DagBag from /usr/local/lib/python3.8/dist-packages/airflow/example_dags/example_short_circuit_decorator.py
[2023-06-14T14:57:31.920+0000] {processor.py:836} INFO - DAG(s) dict_keys(['example_short_circuit_decorator']) retrieved from /usr/local/lib/python3.8/dist-packages/airflow/example_dags/example_short_circuit_decorator.py
[2023-06-14T14:57:31.944+0000] {logging_mixin.py:149} INFO - [2023-06-14T14:57:31.944+0000] {dag.py:2726} INFO - Sync 1 DAGs
[2023-06-14T14:57:31.964+0000] {logging_mixin.py:149} INFO - [2023-06-14T14:57:31.964+0000] {dag.py:3486} INFO - Setting next_dagrun for example_short_circuit_decorator to 2023-06-13T14:57:31.964410+00:00, run_after=2023-06-14T14:57:31.964410+00:00
[2023-06-14T14:57:31.994+0000] {processor.py:179} INFO - Processing /usr/local/lib/python3.8/dist-packages/airflow/example_dags/example_short_circuit_decorator.py took 0.094 seconds
[2023-06-14T14:58:25.603+0000] {processor.py:157} INFO - Started process (PID=11276) to work on /usr/local/lib/python3.8/dist-packages/airflow/example_dags/example_short_circuit_decorator.py
[2023-06-14T14:58:25.604+0000] {processor.py:826} INFO - Processing file /usr/local/lib/python3.8/dist-packages/airflow/example_dags/example_short_circuit_decorator.py for tasks to queue
[2023-06-14T14:58:25.607+0000] {logging_mixin.py:149} INFO - [2023-06-14T14:58:25.607+0000] {dagbag.py:541} INFO - Filling up the DagBag from /usr/local/lib/python3.8/dist-packages/airflow/example_dags/example_short_circuit_decorator.py
[2023-06-14T14:58:25.616+0000] {processor.py:836} INFO - DAG(s) dict_keys(['example_short_circuit_decorator']) retrieved from /usr/local/lib/python3.8/dist-packages/airflow/example_dags/example_short_circuit_decorator.py
[2023-06-14T14:58:25.639+0000] {logging_mixin.py:149} INFO - [2023-06-14T14:58:25.639+0000] {dag.py:2726} INFO - Sync 1 DAGs
[2023-06-14T14:58:25.661+0000] {logging_mixin.py:149} INFO - [2023-06-14T14:58:25.661+0000] {dag.py:3486} INFO - Setting next_dagrun for example_short_circuit_decorator to 2023-06-13T14:58:25.661267+00:00, run_after=2023-06-14T14:58:25.661267+00:00
[2023-06-14T14:58:25.693+0000] {processor.py:179} INFO - Processing /usr/local/lib/python3.8/dist-packages/airflow/example_dags/example_short_circuit_decorator.py took 0.094 seconds
[2023-06-14T14:59:12.087+0000] {processor.py:157} INFO - Started process (PID=11531) to work on /usr/local/lib/python3.8/dist-packages/airflow/example_dags/example_short_circuit_decorator.py
[2023-06-14T14:59:12.089+0000] {processor.py:826} INFO - Processing file /usr/local/lib/python3.8/dist-packages/airflow/example_dags/example_short_circuit_decorator.py for tasks to queue
[2023-06-14T14:59:12.091+0000] {logging_mixin.py:149} INFO - [2023-06-14T14:59:12.091+0000] {dagbag.py:541} INFO - Filling up the DagBag from /usr/local/lib/python3.8/dist-packages/airflow/example_dags/example_short_circuit_decorator.py
[2023-06-14T14:59:12.101+0000] {processor.py:836} INFO - DAG(s) dict_keys(['example_short_circuit_decorator']) retrieved from /usr/local/lib/python3.8/dist-packages/airflow/example_dags/example_short_circuit_decorator.py
[2023-06-14T14:59:12.123+0000] {logging_mixin.py:149} INFO - [2023-06-14T14:59:12.123+0000] {dag.py:2726} INFO - Sync 1 DAGs
[2023-06-14T14:59:12.144+0000] {logging_mixin.py:149} INFO - [2023-06-14T14:59:12.143+0000] {dag.py:3486} INFO - Setting next_dagrun for example_short_circuit_decorator to 2023-06-13T14:59:12.143656+00:00, run_after=2023-06-14T14:59:12.143656+00:00
[2023-06-14T14:59:12.172+0000] {processor.py:179} INFO - Processing /usr/local/lib/python3.8/dist-packages/airflow/example_dags/example_short_circuit_decorator.py took 0.089 seconds
[2023-06-14T14:59:57.611+0000] {processor.py:157} INFO - Started process (PID=11682) to work on /usr/local/lib/python3.8/dist-packages/airflow/example_dags/example_short_circuit_decorator.py
[2023-06-14T14:59:57.612+0000] {processor.py:826} INFO - Processing file /usr/local/lib/python3.8/dist-packages/airflow/example_dags/example_short_circuit_decorator.py for tasks to queue
[2023-06-14T14:59:57.614+0000] {logging_mixin.py:149} INFO - [2023-06-14T14:59:57.614+0000] {dagbag.py:541} INFO - Filling up the DagBag from /usr/local/lib/python3.8/dist-packages/airflow/example_dags/example_short_circuit_decorator.py
[2023-06-14T14:59:57.624+0000] {processor.py:836} INFO - DAG(s) dict_keys(['example_short_circuit_decorator']) retrieved from /usr/local/lib/python3.8/dist-packages/airflow/example_dags/example_short_circuit_decorator.py
[2023-06-14T14:59:57.647+0000] {logging_mixin.py:149} INFO - [2023-06-14T14:59:57.646+0000] {dag.py:2726} INFO - Sync 1 DAGs
[2023-06-14T14:59:57.667+0000] {logging_mixin.py:149} INFO - [2023-06-14T14:59:57.666+0000] {dag.py:3486} INFO - Setting next_dagrun for example_short_circuit_decorator to 2023-06-13T14:59:57.666646+00:00, run_after=2023-06-14T14:59:57.666646+00:00
[2023-06-14T14:59:57.695+0000] {processor.py:179} INFO - Processing /usr/local/lib/python3.8/dist-packages/airflow/example_dags/example_short_circuit_decorator.py took 0.088 seconds
[2023-06-14T15:00:49.134+0000] {processor.py:157} INFO - Started process (PID=11734) to work on /usr/local/lib/python3.8/dist-packages/airflow/example_dags/example_short_circuit_decorator.py
[2023-06-14T15:00:49.135+0000] {processor.py:826} INFO - Processing file /usr/local/lib/python3.8/dist-packages/airflow/example_dags/example_short_circuit_decorator.py for tasks to queue
[2023-06-14T15:00:49.138+0000] {logging_mixin.py:149} INFO - [2023-06-14T15:00:49.137+0000] {dagbag.py:541} INFO - Filling up the DagBag from /usr/local/lib/python3.8/dist-packages/airflow/example_dags/example_short_circuit_decorator.py
[2023-06-14T15:00:49.147+0000] {processor.py:836} INFO - DAG(s) dict_keys(['example_short_circuit_decorator']) retrieved from /usr/local/lib/python3.8/dist-packages/airflow/example_dags/example_short_circuit_decorator.py
[2023-06-14T15:00:49.169+0000] {logging_mixin.py:149} INFO - [2023-06-14T15:00:49.169+0000] {dag.py:2726} INFO - Sync 1 DAGs
[2023-06-14T15:00:49.190+0000] {logging_mixin.py:149} INFO - [2023-06-14T15:00:49.190+0000] {dag.py:3486} INFO - Setting next_dagrun for example_short_circuit_decorator to 2023-06-13T15:00:49.190251+00:00, run_after=2023-06-14T15:00:49.190251+00:00
[2023-06-14T15:00:49.217+0000] {processor.py:179} INFO - Processing /usr/local/lib/python3.8/dist-packages/airflow/example_dags/example_short_circuit_decorator.py took 0.087 seconds
[2023-06-14T15:01:41.532+0000] {processor.py:157} INFO - Started process (PID=11892) to work on /usr/local/lib/python3.8/dist-packages/airflow/example_dags/example_short_circuit_decorator.py
[2023-06-14T15:01:41.534+0000] {processor.py:826} INFO - Processing file /usr/local/lib/python3.8/dist-packages/airflow/example_dags/example_short_circuit_decorator.py for tasks to queue
[2023-06-14T15:01:41.536+0000] {logging_mixin.py:149} INFO - [2023-06-14T15:01:41.536+0000] {dagbag.py:541} INFO - Filling up the DagBag from /usr/local/lib/python3.8/dist-packages/airflow/example_dags/example_short_circuit_decorator.py
[2023-06-14T15:01:41.545+0000] {processor.py:836} INFO - DAG(s) dict_keys(['example_short_circuit_decorator']) retrieved from /usr/local/lib/python3.8/dist-packages/airflow/example_dags/example_short_circuit_decorator.py
[2023-06-14T15:01:41.568+0000] {logging_mixin.py:149} INFO - [2023-06-14T15:01:41.567+0000] {dag.py:2726} INFO - Sync 1 DAGs
[2023-06-14T15:01:41.588+0000] {logging_mixin.py:149} INFO - [2023-06-14T15:01:41.588+0000] {dag.py:3486} INFO - Setting next_dagrun for example_short_circuit_decorator to 2023-06-13T15:01:41.588172+00:00, run_after=2023-06-14T15:01:41.588172+00:00
[2023-06-14T15:01:41.617+0000] {processor.py:179} INFO - Processing /usr/local/lib/python3.8/dist-packages/airflow/example_dags/example_short_circuit_decorator.py took 0.089 seconds
[2023-06-14T15:02:31.454+0000] {processor.py:157} INFO - Started process (PID=12054) to work on /usr/local/lib/python3.8/dist-packages/airflow/example_dags/example_short_circuit_decorator.py
[2023-06-14T15:02:31.456+0000] {processor.py:826} INFO - Processing file /usr/local/lib/python3.8/dist-packages/airflow/example_dags/example_short_circuit_decorator.py for tasks to queue
[2023-06-14T15:02:31.458+0000] {logging_mixin.py:149} INFO - [2023-06-14T15:02:31.458+0000] {dagbag.py:541} INFO - Filling up the DagBag from /usr/local/lib/python3.8/dist-packages/airflow/example_dags/example_short_circuit_decorator.py
[2023-06-14T15:02:31.468+0000] {processor.py:836} INFO - DAG(s) dict_keys(['example_short_circuit_decorator']) retrieved from /usr/local/lib/python3.8/dist-packages/airflow/example_dags/example_short_circuit_decorator.py
[2023-06-14T15:02:31.491+0000] {logging_mixin.py:149} INFO - [2023-06-14T15:02:31.490+0000] {dag.py:2726} INFO - Sync 1 DAGs
[2023-06-14T15:02:31.511+0000] {logging_mixin.py:149} INFO - [2023-06-14T15:02:31.511+0000] {dag.py:3486} INFO - Setting next_dagrun for example_short_circuit_decorator to 2023-06-13T15:02:31.510955+00:00, run_after=2023-06-14T15:02:31.510955+00:00
[2023-06-14T15:02:31.541+0000] {processor.py:179} INFO - Processing /usr/local/lib/python3.8/dist-packages/airflow/example_dags/example_short_circuit_decorator.py took 0.091 seconds
[2023-06-14T15:03:21.820+0000] {processor.py:157} INFO - Started process (PID=12312) to work on /usr/local/lib/python3.8/dist-packages/airflow/example_dags/example_short_circuit_decorator.py
[2023-06-14T15:03:21.821+0000] {processor.py:826} INFO - Processing file /usr/local/lib/python3.8/dist-packages/airflow/example_dags/example_short_circuit_decorator.py for tasks to queue
[2023-06-14T15:03:21.823+0000] {logging_mixin.py:149} INFO - [2023-06-14T15:03:21.823+0000] {dagbag.py:541} INFO - Filling up the DagBag from /usr/local/lib/python3.8/dist-packages/airflow/example_dags/example_short_circuit_decorator.py
[2023-06-14T15:03:21.832+0000] {processor.py:836} INFO - DAG(s) dict_keys(['example_short_circuit_decorator']) retrieved from /usr/local/lib/python3.8/dist-packages/airflow/example_dags/example_short_circuit_decorator.py
[2023-06-14T15:03:21.856+0000] {logging_mixin.py:149} INFO - [2023-06-14T15:03:21.855+0000] {dag.py:2726} INFO - Sync 1 DAGs
[2023-06-14T15:03:21.877+0000] {logging_mixin.py:149} INFO - [2023-06-14T15:03:21.877+0000] {dag.py:3486} INFO - Setting next_dagrun for example_short_circuit_decorator to 2023-06-13T15:03:21.877087+00:00, run_after=2023-06-14T15:03:21.877087+00:00
[2023-06-14T15:03:21.903+0000] {processor.py:179} INFO - Processing /usr/local/lib/python3.8/dist-packages/airflow/example_dags/example_short_circuit_decorator.py took 0.088 seconds
[2023-06-14T15:04:13.357+0000] {processor.py:157} INFO - Started process (PID=12572) to work on /usr/local/lib/python3.8/dist-packages/airflow/example_dags/example_short_circuit_decorator.py
[2023-06-14T15:04:13.359+0000] {processor.py:826} INFO - Processing file /usr/local/lib/python3.8/dist-packages/airflow/example_dags/example_short_circuit_decorator.py for tasks to queue
[2023-06-14T15:04:13.361+0000] {logging_mixin.py:149} INFO - [2023-06-14T15:04:13.361+0000] {dagbag.py:541} INFO - Filling up the DagBag from /usr/local/lib/python3.8/dist-packages/airflow/example_dags/example_short_circuit_decorator.py
[2023-06-14T15:04:13.370+0000] {processor.py:836} INFO - DAG(s) dict_keys(['example_short_circuit_decorator']) retrieved from /usr/local/lib/python3.8/dist-packages/airflow/example_dags/example_short_circuit_decorator.py
[2023-06-14T15:04:13.393+0000] {logging_mixin.py:149} INFO - [2023-06-14T15:04:13.392+0000] {dag.py:2726} INFO - Sync 1 DAGs
[2023-06-14T15:04:13.413+0000] {logging_mixin.py:149} INFO - [2023-06-14T15:04:13.413+0000] {dag.py:3486} INFO - Setting next_dagrun for example_short_circuit_decorator to 2023-06-13T15:04:13.413458+00:00, run_after=2023-06-14T15:04:13.413458+00:00
[2023-06-14T15:04:13.446+0000] {processor.py:179} INFO - Processing /usr/local/lib/python3.8/dist-packages/airflow/example_dags/example_short_circuit_decorator.py took 0.093 seconds
[2023-06-14T15:05:06.381+0000] {processor.py:157} INFO - Started process (PID=12909) to work on /usr/local/lib/python3.8/dist-packages/airflow/example_dags/example_short_circuit_decorator.py
[2023-06-14T15:05:06.403+0000] {processor.py:826} INFO - Processing file /usr/local/lib/python3.8/dist-packages/airflow/example_dags/example_short_circuit_decorator.py for tasks to queue
[2023-06-14T15:05:06.407+0000] {logging_mixin.py:149} INFO - [2023-06-14T15:05:06.407+0000] {dagbag.py:541} INFO - Filling up the DagBag from /usr/local/lib/python3.8/dist-packages/airflow/example_dags/example_short_circuit_decorator.py
[2023-06-14T15:05:06.419+0000] {processor.py:836} INFO - DAG(s) dict_keys(['example_short_circuit_decorator']) retrieved from /usr/local/lib/python3.8/dist-packages/airflow/example_dags/example_short_circuit_decorator.py
[2023-06-14T15:05:06.441+0000] {logging_mixin.py:149} INFO - [2023-06-14T15:05:06.441+0000] {dag.py:2726} INFO - Sync 1 DAGs
[2023-06-14T15:05:06.463+0000] {logging_mixin.py:149} INFO - [2023-06-14T15:05:06.463+0000] {dag.py:3486} INFO - Setting next_dagrun for example_short_circuit_decorator to 2023-06-13T15:05:06.462620+00:00, run_after=2023-06-14T15:05:06.462620+00:00
[2023-06-14T15:05:06.489+0000] {processor.py:179} INFO - Processing /usr/local/lib/python3.8/dist-packages/airflow/example_dags/example_short_circuit_decorator.py took 0.112 seconds
[2023-06-14T15:06:04.222+0000] {processor.py:157} INFO - Started process (PID=13125) to work on /usr/local/lib/python3.8/dist-packages/airflow/example_dags/example_short_circuit_decorator.py
[2023-06-14T15:06:04.223+0000] {processor.py:826} INFO - Processing file /usr/local/lib/python3.8/dist-packages/airflow/example_dags/example_short_circuit_decorator.py for tasks to queue
[2023-06-14T15:06:04.225+0000] {logging_mixin.py:149} INFO - [2023-06-14T15:06:04.225+0000] {dagbag.py:541} INFO - Filling up the DagBag from /usr/local/lib/python3.8/dist-packages/airflow/example_dags/example_short_circuit_decorator.py
[2023-06-14T15:06:04.235+0000] {processor.py:836} INFO - DAG(s) dict_keys(['example_short_circuit_decorator']) retrieved from /usr/local/lib/python3.8/dist-packages/airflow/example_dags/example_short_circuit_decorator.py
[2023-06-14T15:06:04.258+0000] {logging_mixin.py:149} INFO - [2023-06-14T15:06:04.257+0000] {dag.py:2726} INFO - Sync 1 DAGs
[2023-06-14T15:06:04.279+0000] {logging_mixin.py:149} INFO - [2023-06-14T15:06:04.279+0000] {dag.py:3486} INFO - Setting next_dagrun for example_short_circuit_decorator to 2023-06-13T15:06:04.279115+00:00, run_after=2023-06-14T15:06:04.279115+00:00
[2023-06-14T15:06:04.307+0000] {processor.py:179} INFO - Processing /usr/local/lib/python3.8/dist-packages/airflow/example_dags/example_short_circuit_decorator.py took 0.090 seconds
[2023-06-14T15:06:55.090+0000] {processor.py:157} INFO - Started process (PID=13281) to work on /usr/local/lib/python3.8/dist-packages/airflow/example_dags/example_short_circuit_decorator.py
[2023-06-14T15:06:55.091+0000] {processor.py:826} INFO - Processing file /usr/local/lib/python3.8/dist-packages/airflow/example_dags/example_short_circuit_decorator.py for tasks to queue
[2023-06-14T15:06:55.094+0000] {logging_mixin.py:149} INFO - [2023-06-14T15:06:55.094+0000] {dagbag.py:541} INFO - Filling up the DagBag from /usr/local/lib/python3.8/dist-packages/airflow/example_dags/example_short_circuit_decorator.py
[2023-06-14T15:06:55.103+0000] {processor.py:836} INFO - DAG(s) dict_keys(['example_short_circuit_decorator']) retrieved from /usr/local/lib/python3.8/dist-packages/airflow/example_dags/example_short_circuit_decorator.py
[2023-06-14T15:06:55.126+0000] {logging_mixin.py:149} INFO - [2023-06-14T15:06:55.126+0000] {dag.py:2726} INFO - Sync 1 DAGs
[2023-06-14T15:06:55.147+0000] {logging_mixin.py:149} INFO - [2023-06-14T15:06:55.147+0000] {dag.py:3486} INFO - Setting next_dagrun for example_short_circuit_decorator to 2023-06-13T15:06:55.146914+00:00, run_after=2023-06-14T15:06:55.146914+00:00
[2023-06-14T15:06:55.174+0000] {processor.py:179} INFO - Processing /usr/local/lib/python3.8/dist-packages/airflow/example_dags/example_short_circuit_decorator.py took 0.088 seconds
[2023-06-14T15:07:46.570+0000] {processor.py:157} INFO - Started process (PID=13451) to work on /usr/local/lib/python3.8/dist-packages/airflow/example_dags/example_short_circuit_decorator.py
[2023-06-14T15:07:46.572+0000] {processor.py:826} INFO - Processing file /usr/local/lib/python3.8/dist-packages/airflow/example_dags/example_short_circuit_decorator.py for tasks to queue
[2023-06-14T15:07:46.574+0000] {logging_mixin.py:149} INFO - [2023-06-14T15:07:46.574+0000] {dagbag.py:541} INFO - Filling up the DagBag from /usr/local/lib/python3.8/dist-packages/airflow/example_dags/example_short_circuit_decorator.py
[2023-06-14T15:07:46.584+0000] {processor.py:836} INFO - DAG(s) dict_keys(['example_short_circuit_decorator']) retrieved from /usr/local/lib/python3.8/dist-packages/airflow/example_dags/example_short_circuit_decorator.py
[2023-06-14T15:07:46.607+0000] {logging_mixin.py:149} INFO - [2023-06-14T15:07:46.606+0000] {dag.py:2726} INFO - Sync 1 DAGs
[2023-06-14T15:07:46.627+0000] {logging_mixin.py:149} INFO - [2023-06-14T15:07:46.627+0000] {dag.py:3486} INFO - Setting next_dagrun for example_short_circuit_decorator to 2023-06-13T15:07:46.627199+00:00, run_after=2023-06-14T15:07:46.627199+00:00
[2023-06-14T15:07:46.657+0000] {processor.py:179} INFO - Processing /usr/local/lib/python3.8/dist-packages/airflow/example_dags/example_short_circuit_decorator.py took 0.090 seconds
[2023-06-14T15:08:36.763+0000] {processor.py:157} INFO - Started process (PID=13606) to work on /usr/local/lib/python3.8/dist-packages/airflow/example_dags/example_short_circuit_decorator.py
[2023-06-14T15:08:36.766+0000] {processor.py:826} INFO - Processing file /usr/local/lib/python3.8/dist-packages/airflow/example_dags/example_short_circuit_decorator.py for tasks to queue
[2023-06-14T15:08:36.768+0000] {logging_mixin.py:149} INFO - [2023-06-14T15:08:36.768+0000] {dagbag.py:541} INFO - Filling up the DagBag from /usr/local/lib/python3.8/dist-packages/airflow/example_dags/example_short_circuit_decorator.py
[2023-06-14T15:08:36.778+0000] {processor.py:836} INFO - DAG(s) dict_keys(['example_short_circuit_decorator']) retrieved from /usr/local/lib/python3.8/dist-packages/airflow/example_dags/example_short_circuit_decorator.py
[2023-06-14T15:08:36.801+0000] {logging_mixin.py:149} INFO - [2023-06-14T15:08:36.801+0000] {dag.py:2726} INFO - Sync 1 DAGs
[2023-06-14T15:08:36.822+0000] {logging_mixin.py:149} INFO - [2023-06-14T15:08:36.822+0000] {dag.py:3486} INFO - Setting next_dagrun for example_short_circuit_decorator to 2023-06-13T15:08:36.821895+00:00, run_after=2023-06-14T15:08:36.821895+00:00
[2023-06-14T15:08:36.851+0000] {processor.py:179} INFO - Processing /usr/local/lib/python3.8/dist-packages/airflow/example_dags/example_short_circuit_decorator.py took 0.092 seconds
[2023-06-14T15:09:24.053+0000] {processor.py:157} INFO - Started process (PID=13861) to work on /usr/local/lib/python3.8/dist-packages/airflow/example_dags/example_short_circuit_decorator.py
[2023-06-14T15:09:24.054+0000] {processor.py:826} INFO - Processing file /usr/local/lib/python3.8/dist-packages/airflow/example_dags/example_short_circuit_decorator.py for tasks to queue
[2023-06-14T15:09:24.056+0000] {logging_mixin.py:149} INFO - [2023-06-14T15:09:24.056+0000] {dagbag.py:541} INFO - Filling up the DagBag from /usr/local/lib/python3.8/dist-packages/airflow/example_dags/example_short_circuit_decorator.py
[2023-06-14T15:09:24.066+0000] {processor.py:836} INFO - DAG(s) dict_keys(['example_short_circuit_decorator']) retrieved from /usr/local/lib/python3.8/dist-packages/airflow/example_dags/example_short_circuit_decorator.py
[2023-06-14T15:09:24.088+0000] {logging_mixin.py:149} INFO - [2023-06-14T15:09:24.087+0000] {dag.py:2726} INFO - Sync 1 DAGs
[2023-06-14T15:09:24.108+0000] {logging_mixin.py:149} INFO - [2023-06-14T15:09:24.108+0000] {dag.py:3486} INFO - Setting next_dagrun for example_short_circuit_decorator to 2023-06-13T15:09:24.108517+00:00, run_after=2023-06-14T15:09:24.108517+00:00
[2023-06-14T15:09:24.141+0000] {processor.py:179} INFO - Processing /usr/local/lib/python3.8/dist-packages/airflow/example_dags/example_short_circuit_decorator.py took 0.092 seconds
[2023-06-14T15:10:16.429+0000] {processor.py:157} INFO - Started process (PID=14016) to work on /usr/local/lib/python3.8/dist-packages/airflow/example_dags/example_short_circuit_decorator.py
[2023-06-14T15:10:16.430+0000] {processor.py:826} INFO - Processing file /usr/local/lib/python3.8/dist-packages/airflow/example_dags/example_short_circuit_decorator.py for tasks to queue
[2023-06-14T15:10:16.433+0000] {logging_mixin.py:149} INFO - [2023-06-14T15:10:16.433+0000] {dagbag.py:541} INFO - Filling up the DagBag from /usr/local/lib/python3.8/dist-packages/airflow/example_dags/example_short_circuit_decorator.py
[2023-06-14T15:10:16.442+0000] {processor.py:836} INFO - DAG(s) dict_keys(['example_short_circuit_decorator']) retrieved from /usr/local/lib/python3.8/dist-packages/airflow/example_dags/example_short_circuit_decorator.py
[2023-06-14T15:10:16.465+0000] {logging_mixin.py:149} INFO - [2023-06-14T15:10:16.464+0000] {dag.py:2726} INFO - Sync 1 DAGs
[2023-06-14T15:10:16.485+0000] {logging_mixin.py:149} INFO - [2023-06-14T15:10:16.485+0000] {dag.py:3486} INFO - Setting next_dagrun for example_short_circuit_decorator to 2023-06-13T15:10:16.484803+00:00, run_after=2023-06-14T15:10:16.484803+00:00
[2023-06-14T15:10:16.514+0000] {processor.py:179} INFO - Processing /usr/local/lib/python3.8/dist-packages/airflow/example_dags/example_short_circuit_decorator.py took 0.088 seconds
[2023-06-14T15:11:04.380+0000] {processor.py:157} INFO - Started process (PID=14170) to work on /usr/local/lib/python3.8/dist-packages/airflow/example_dags/example_short_circuit_decorator.py
[2023-06-14T15:11:04.382+0000] {processor.py:826} INFO - Processing file /usr/local/lib/python3.8/dist-packages/airflow/example_dags/example_short_circuit_decorator.py for tasks to queue
[2023-06-14T15:11:04.384+0000] {logging_mixin.py:149} INFO - [2023-06-14T15:11:04.384+0000] {dagbag.py:541} INFO - Filling up the DagBag from /usr/local/lib/python3.8/dist-packages/airflow/example_dags/example_short_circuit_decorator.py
[2023-06-14T15:11:04.394+0000] {processor.py:836} INFO - DAG(s) dict_keys(['example_short_circuit_decorator']) retrieved from /usr/local/lib/python3.8/dist-packages/airflow/example_dags/example_short_circuit_decorator.py
[2023-06-14T15:11:04.417+0000] {logging_mixin.py:149} INFO - [2023-06-14T15:11:04.416+0000] {dag.py:2726} INFO - Sync 1 DAGs
[2023-06-14T15:11:04.437+0000] {logging_mixin.py:149} INFO - [2023-06-14T15:11:04.437+0000] {dag.py:3486} INFO - Setting next_dagrun for example_short_circuit_decorator to 2023-06-13T15:11:04.437014+00:00, run_after=2023-06-14T15:11:04.437014+00:00
[2023-06-14T15:11:04.465+0000] {processor.py:179} INFO - Processing /usr/local/lib/python3.8/dist-packages/airflow/example_dags/example_short_circuit_decorator.py took 0.088 seconds
[2023-06-14T15:11:53.799+0000] {processor.py:157} INFO - Started process (PID=14323) to work on /usr/local/lib/python3.8/dist-packages/airflow/example_dags/example_short_circuit_decorator.py
[2023-06-14T15:11:53.802+0000] {processor.py:826} INFO - Processing file /usr/local/lib/python3.8/dist-packages/airflow/example_dags/example_short_circuit_decorator.py for tasks to queue
[2023-06-14T15:11:53.804+0000] {logging_mixin.py:149} INFO - [2023-06-14T15:11:53.804+0000] {dagbag.py:541} INFO - Filling up the DagBag from /usr/local/lib/python3.8/dist-packages/airflow/example_dags/example_short_circuit_decorator.py
[2023-06-14T15:11:53.813+0000] {processor.py:836} INFO - DAG(s) dict_keys(['example_short_circuit_decorator']) retrieved from /usr/local/lib/python3.8/dist-packages/airflow/example_dags/example_short_circuit_decorator.py
[2023-06-14T15:11:53.836+0000] {logging_mixin.py:149} INFO - [2023-06-14T15:11:53.835+0000] {dag.py:2726} INFO - Sync 1 DAGs
[2023-06-14T15:11:53.857+0000] {logging_mixin.py:149} INFO - [2023-06-14T15:11:53.857+0000] {dag.py:3486} INFO - Setting next_dagrun for example_short_circuit_decorator to 2023-06-13T15:11:53.857002+00:00, run_after=2023-06-14T15:11:53.857002+00:00
[2023-06-14T15:11:53.886+0000] {processor.py:179} INFO - Processing /usr/local/lib/python3.8/dist-packages/airflow/example_dags/example_short_circuit_decorator.py took 0.091 seconds
[2023-06-14T15:12:44.560+0000] {processor.py:157} INFO - Started process (PID=14381) to work on /usr/local/lib/python3.8/dist-packages/airflow/example_dags/example_short_circuit_decorator.py
[2023-06-14T15:12:44.562+0000] {processor.py:826} INFO - Processing file /usr/local/lib/python3.8/dist-packages/airflow/example_dags/example_short_circuit_decorator.py for tasks to queue
[2023-06-14T15:12:44.564+0000] {logging_mixin.py:149} INFO - [2023-06-14T15:12:44.564+0000] {dagbag.py:541} INFO - Filling up the DagBag from /usr/local/lib/python3.8/dist-packages/airflow/example_dags/example_short_circuit_decorator.py
[2023-06-14T15:12:44.574+0000] {processor.py:836} INFO - DAG(s) dict_keys(['example_short_circuit_decorator']) retrieved from /usr/local/lib/python3.8/dist-packages/airflow/example_dags/example_short_circuit_decorator.py
[2023-06-14T15:12:44.598+0000] {logging_mixin.py:149} INFO - [2023-06-14T15:12:44.598+0000] {dag.py:2726} INFO - Sync 1 DAGs
[2023-06-14T15:12:44.620+0000] {logging_mixin.py:149} INFO - [2023-06-14T15:12:44.620+0000] {dag.py:3486} INFO - Setting next_dagrun for example_short_circuit_decorator to 2023-06-13T15:12:44.619929+00:00, run_after=2023-06-14T15:12:44.619929+00:00
[2023-06-14T15:12:44.650+0000] {processor.py:179} INFO - Processing /usr/local/lib/python3.8/dist-packages/airflow/example_dags/example_short_circuit_decorator.py took 0.094 seconds
[2023-06-14T15:13:37.635+0000] {processor.py:157} INFO - Started process (PID=14537) to work on /usr/local/lib/python3.8/dist-packages/airflow/example_dags/example_short_circuit_decorator.py
[2023-06-14T15:13:37.637+0000] {processor.py:826} INFO - Processing file /usr/local/lib/python3.8/dist-packages/airflow/example_dags/example_short_circuit_decorator.py for tasks to queue
[2023-06-14T15:13:37.639+0000] {logging_mixin.py:149} INFO - [2023-06-14T15:13:37.639+0000] {dagbag.py:541} INFO - Filling up the DagBag from /usr/local/lib/python3.8/dist-packages/airflow/example_dags/example_short_circuit_decorator.py
[2023-06-14T15:13:37.651+0000] {processor.py:836} INFO - DAG(s) dict_keys(['example_short_circuit_decorator']) retrieved from /usr/local/lib/python3.8/dist-packages/airflow/example_dags/example_short_circuit_decorator.py
[2023-06-14T15:13:37.674+0000] {logging_mixin.py:149} INFO - [2023-06-14T15:13:37.673+0000] {dag.py:2726} INFO - Sync 1 DAGs
[2023-06-14T15:13:37.694+0000] {logging_mixin.py:149} INFO - [2023-06-14T15:13:37.694+0000] {dag.py:3486} INFO - Setting next_dagrun for example_short_circuit_decorator to 2023-06-13T15:13:37.693871+00:00, run_after=2023-06-14T15:13:37.693871+00:00
[2023-06-14T15:13:37.725+0000] {processor.py:179} INFO - Processing /usr/local/lib/python3.8/dist-packages/airflow/example_dags/example_short_circuit_decorator.py took 0.094 seconds
[2023-06-14T15:14:25.989+0000] {processor.py:157} INFO - Started process (PID=14795) to work on /usr/local/lib/python3.8/dist-packages/airflow/example_dags/example_short_circuit_decorator.py
[2023-06-14T15:14:25.991+0000] {processor.py:826} INFO - Processing file /usr/local/lib/python3.8/dist-packages/airflow/example_dags/example_short_circuit_decorator.py for tasks to queue
[2023-06-14T15:14:25.993+0000] {logging_mixin.py:149} INFO - [2023-06-14T15:14:25.993+0000] {dagbag.py:541} INFO - Filling up the DagBag from /usr/local/lib/python3.8/dist-packages/airflow/example_dags/example_short_circuit_decorator.py
[2023-06-14T15:14:26.003+0000] {processor.py:836} INFO - DAG(s) dict_keys(['example_short_circuit_decorator']) retrieved from /usr/local/lib/python3.8/dist-packages/airflow/example_dags/example_short_circuit_decorator.py
[2023-06-14T15:14:26.026+0000] {logging_mixin.py:149} INFO - [2023-06-14T15:14:26.026+0000] {dag.py:2726} INFO - Sync 1 DAGs
[2023-06-14T15:14:26.048+0000] {logging_mixin.py:149} INFO - [2023-06-14T15:14:26.048+0000] {dag.py:3486} INFO - Setting next_dagrun for example_short_circuit_decorator to 2023-06-13T15:14:26.047921+00:00, run_after=2023-06-14T15:14:26.047921+00:00
[2023-06-14T15:14:26.075+0000] {processor.py:179} INFO - Processing /usr/local/lib/python3.8/dist-packages/airflow/example_dags/example_short_circuit_decorator.py took 0.090 seconds
[2023-06-14T15:15:16.452+0000] {processor.py:157} INFO - Started process (PID=14949) to work on /usr/local/lib/python3.8/dist-packages/airflow/example_dags/example_short_circuit_decorator.py
[2023-06-14T15:15:16.453+0000] {processor.py:826} INFO - Processing file /usr/local/lib/python3.8/dist-packages/airflow/example_dags/example_short_circuit_decorator.py for tasks to queue
[2023-06-14T15:15:16.455+0000] {logging_mixin.py:149} INFO - [2023-06-14T15:15:16.455+0000] {dagbag.py:541} INFO - Filling up the DagBag from /usr/local/lib/python3.8/dist-packages/airflow/example_dags/example_short_circuit_decorator.py
[2023-06-14T15:15:16.466+0000] {processor.py:836} INFO - DAG(s) dict_keys(['example_short_circuit_decorator']) retrieved from /usr/local/lib/python3.8/dist-packages/airflow/example_dags/example_short_circuit_decorator.py
[2023-06-14T15:15:16.491+0000] {logging_mixin.py:149} INFO - [2023-06-14T15:15:16.490+0000] {dag.py:2726} INFO - Sync 1 DAGs
[2023-06-14T15:15:16.511+0000] {logging_mixin.py:149} INFO - [2023-06-14T15:15:16.511+0000] {dag.py:3486} INFO - Setting next_dagrun for example_short_circuit_decorator to 2023-06-13T15:15:16.511145+00:00, run_after=2023-06-14T15:15:16.511145+00:00
[2023-06-14T15:15:16.541+0000] {processor.py:179} INFO - Processing /usr/local/lib/python3.8/dist-packages/airflow/example_dags/example_short_circuit_decorator.py took 0.093 seconds
