[2023-06-14T14:16:56.050+0000] {processor.py:157} INFO - Started process (PID=1929) to work on /usr/local/lib/python3.8/dist-packages/airflow/example_dags/example_trigger_controller_dag.py
[2023-06-14T14:16:56.051+0000] {processor.py:826} INFO - Processing file /usr/local/lib/python3.8/dist-packages/airflow/example_dags/example_trigger_controller_dag.py for tasks to queue
[2023-06-14T14:16:56.054+0000] {logging_mixin.py:149} INFO - [2023-06-14T14:16:56.054+0000] {dagbag.py:541} INFO - Filling up the DagBag from /usr/local/lib/python3.8/dist-packages/airflow/example_dags/example_trigger_controller_dag.py
[2023-06-14T14:16:56.058+0000] {processor.py:836} INFO - DAG(s) dict_keys(['example_trigger_controller_dag']) retrieved from /usr/local/lib/python3.8/dist-packages/airflow/example_dags/example_trigger_controller_dag.py
[2023-06-14T14:16:56.069+0000] {logging_mixin.py:149} INFO - [2023-06-14T14:16:56.069+0000] {dag.py:2726} INFO - Sync 1 DAGs
[2023-06-14T14:16:56.092+0000] {logging_mixin.py:149} INFO - [2023-06-14T14:16:56.091+0000] {dag.py:3486} INFO - Setting next_dagrun for example_trigger_controller_dag to 2021-01-01T00:00:00+00:00, run_after=2021-01-01T00:00:00+00:00
[2023-06-14T14:16:56.118+0000] {processor.py:179} INFO - Processing /usr/local/lib/python3.8/dist-packages/airflow/example_dags/example_trigger_controller_dag.py took 0.072 seconds
[2023-06-14T14:19:19.493+0000] {processor.py:157} INFO - Started process (PID=4122) to work on /usr/local/lib/python3.8/dist-packages/airflow/example_dags/example_trigger_controller_dag.py
[2023-06-14T14:19:19.501+0000] {processor.py:826} INFO - Processing file /usr/local/lib/python3.8/dist-packages/airflow/example_dags/example_trigger_controller_dag.py for tasks to queue
[2023-06-14T14:19:19.504+0000] {logging_mixin.py:149} INFO - [2023-06-14T14:19:19.504+0000] {dagbag.py:541} INFO - Filling up the DagBag from /usr/local/lib/python3.8/dist-packages/airflow/example_dags/example_trigger_controller_dag.py
[2023-06-14T14:19:19.516+0000] {processor.py:836} INFO - DAG(s) dict_keys(['example_trigger_controller_dag']) retrieved from /usr/local/lib/python3.8/dist-packages/airflow/example_dags/example_trigger_controller_dag.py
[2023-06-14T14:19:19.541+0000] {logging_mixin.py:149} INFO - [2023-06-14T14:19:19.540+0000] {dag.py:2726} INFO - Sync 1 DAGs
[2023-06-14T14:19:19.563+0000] {logging_mixin.py:149} INFO - [2023-06-14T14:19:19.563+0000] {dag.py:3486} INFO - Setting next_dagrun for example_trigger_controller_dag to 2021-01-01T00:00:00+00:00, run_after=2021-01-01T00:00:00+00:00
[2023-06-14T14:19:19.599+0000] {processor.py:179} INFO - Processing /usr/local/lib/python3.8/dist-packages/airflow/example_dags/example_trigger_controller_dag.py took 0.110 seconds
[2023-06-14T14:20:07.091+0000] {processor.py:157} INFO - Started process (PID=4273) to work on /usr/local/lib/python3.8/dist-packages/airflow/example_dags/example_trigger_controller_dag.py
[2023-06-14T14:20:07.092+0000] {processor.py:826} INFO - Processing file /usr/local/lib/python3.8/dist-packages/airflow/example_dags/example_trigger_controller_dag.py for tasks to queue
[2023-06-14T14:20:07.095+0000] {logging_mixin.py:149} INFO - [2023-06-14T14:20:07.094+0000] {dagbag.py:541} INFO - Filling up the DagBag from /usr/local/lib/python3.8/dist-packages/airflow/example_dags/example_trigger_controller_dag.py
[2023-06-14T14:20:07.099+0000] {processor.py:836} INFO - DAG(s) dict_keys(['example_trigger_controller_dag']) retrieved from /usr/local/lib/python3.8/dist-packages/airflow/example_dags/example_trigger_controller_dag.py
[2023-06-14T14:20:07.121+0000] {logging_mixin.py:149} INFO - [2023-06-14T14:20:07.120+0000] {dag.py:2726} INFO - Sync 1 DAGs
[2023-06-14T14:20:07.141+0000] {logging_mixin.py:149} INFO - [2023-06-14T14:20:07.141+0000] {dag.py:3486} INFO - Setting next_dagrun for example_trigger_controller_dag to 2021-01-01T00:00:00+00:00, run_after=2021-01-01T00:00:00+00:00
[2023-06-14T14:20:07.169+0000] {processor.py:179} INFO - Processing /usr/local/lib/python3.8/dist-packages/airflow/example_dags/example_trigger_controller_dag.py took 0.082 seconds
[2023-06-14T14:20:54.933+0000] {processor.py:157} INFO - Started process (PID=4423) to work on /usr/local/lib/python3.8/dist-packages/airflow/example_dags/example_trigger_controller_dag.py
[2023-06-14T14:20:54.934+0000] {processor.py:826} INFO - Processing file /usr/local/lib/python3.8/dist-packages/airflow/example_dags/example_trigger_controller_dag.py for tasks to queue
[2023-06-14T14:20:54.936+0000] {logging_mixin.py:149} INFO - [2023-06-14T14:20:54.936+0000] {dagbag.py:541} INFO - Filling up the DagBag from /usr/local/lib/python3.8/dist-packages/airflow/example_dags/example_trigger_controller_dag.py
[2023-06-14T14:20:54.941+0000] {processor.py:836} INFO - DAG(s) dict_keys(['example_trigger_controller_dag']) retrieved from /usr/local/lib/python3.8/dist-packages/airflow/example_dags/example_trigger_controller_dag.py
[2023-06-14T14:20:54.963+0000] {logging_mixin.py:149} INFO - [2023-06-14T14:20:54.962+0000] {dag.py:2726} INFO - Sync 1 DAGs
[2023-06-14T14:20:54.983+0000] {logging_mixin.py:149} INFO - [2023-06-14T14:20:54.983+0000] {dag.py:3486} INFO - Setting next_dagrun for example_trigger_controller_dag to 2021-01-01T00:00:00+00:00, run_after=2021-01-01T00:00:00+00:00
[2023-06-14T14:20:55.011+0000] {processor.py:179} INFO - Processing /usr/local/lib/python3.8/dist-packages/airflow/example_dags/example_trigger_controller_dag.py took 0.082 seconds
[2023-06-14T14:21:49.049+0000] {processor.py:157} INFO - Started process (PID=4476) to work on /usr/local/lib/python3.8/dist-packages/airflow/example_dags/example_trigger_controller_dag.py
[2023-06-14T14:21:49.050+0000] {processor.py:826} INFO - Processing file /usr/local/lib/python3.8/dist-packages/airflow/example_dags/example_trigger_controller_dag.py for tasks to queue
[2023-06-14T14:21:49.052+0000] {logging_mixin.py:149} INFO - [2023-06-14T14:21:49.052+0000] {dagbag.py:541} INFO - Filling up the DagBag from /usr/local/lib/python3.8/dist-packages/airflow/example_dags/example_trigger_controller_dag.py
[2023-06-14T14:21:49.057+0000] {processor.py:836} INFO - DAG(s) dict_keys(['example_trigger_controller_dag']) retrieved from /usr/local/lib/python3.8/dist-packages/airflow/example_dags/example_trigger_controller_dag.py
[2023-06-14T14:21:49.079+0000] {logging_mixin.py:149} INFO - [2023-06-14T14:21:49.079+0000] {dag.py:2726} INFO - Sync 1 DAGs
[2023-06-14T14:21:49.099+0000] {logging_mixin.py:149} INFO - [2023-06-14T14:21:49.099+0000] {dag.py:3486} INFO - Setting next_dagrun for example_trigger_controller_dag to 2021-01-01T00:00:00+00:00, run_after=2021-01-01T00:00:00+00:00
[2023-06-14T14:21:49.128+0000] {processor.py:179} INFO - Processing /usr/local/lib/python3.8/dist-packages/airflow/example_dags/example_trigger_controller_dag.py took 0.083 seconds
[2023-06-14T14:22:42.155+0000] {processor.py:157} INFO - Started process (PID=4638) to work on /usr/local/lib/python3.8/dist-packages/airflow/example_dags/example_trigger_controller_dag.py
[2023-06-14T14:22:42.156+0000] {processor.py:826} INFO - Processing file /usr/local/lib/python3.8/dist-packages/airflow/example_dags/example_trigger_controller_dag.py for tasks to queue
[2023-06-14T14:22:42.159+0000] {logging_mixin.py:149} INFO - [2023-06-14T14:22:42.159+0000] {dagbag.py:541} INFO - Filling up the DagBag from /usr/local/lib/python3.8/dist-packages/airflow/example_dags/example_trigger_controller_dag.py
[2023-06-14T14:22:42.164+0000] {processor.py:836} INFO - DAG(s) dict_keys(['example_trigger_controller_dag']) retrieved from /usr/local/lib/python3.8/dist-packages/airflow/example_dags/example_trigger_controller_dag.py
[2023-06-14T14:22:42.186+0000] {logging_mixin.py:149} INFO - [2023-06-14T14:22:42.185+0000] {dag.py:2726} INFO - Sync 1 DAGs
[2023-06-14T14:22:42.206+0000] {logging_mixin.py:149} INFO - [2023-06-14T14:22:42.206+0000] {dag.py:3486} INFO - Setting next_dagrun for example_trigger_controller_dag to 2021-01-01T00:00:00+00:00, run_after=2021-01-01T00:00:00+00:00
[2023-06-14T14:22:42.237+0000] {processor.py:179} INFO - Processing /usr/local/lib/python3.8/dist-packages/airflow/example_dags/example_trigger_controller_dag.py took 0.086 seconds
[2023-06-14T14:23:28.958+0000] {processor.py:157} INFO - Started process (PID=4792) to work on /usr/local/lib/python3.8/dist-packages/airflow/example_dags/example_trigger_controller_dag.py
[2023-06-14T14:23:28.959+0000] {processor.py:826} INFO - Processing file /usr/local/lib/python3.8/dist-packages/airflow/example_dags/example_trigger_controller_dag.py for tasks to queue
[2023-06-14T14:23:28.962+0000] {logging_mixin.py:149} INFO - [2023-06-14T14:23:28.962+0000] {dagbag.py:541} INFO - Filling up the DagBag from /usr/local/lib/python3.8/dist-packages/airflow/example_dags/example_trigger_controller_dag.py
[2023-06-14T14:23:28.967+0000] {processor.py:836} INFO - DAG(s) dict_keys(['example_trigger_controller_dag']) retrieved from /usr/local/lib/python3.8/dist-packages/airflow/example_dags/example_trigger_controller_dag.py
[2023-06-14T14:23:28.989+0000] {logging_mixin.py:149} INFO - [2023-06-14T14:23:28.988+0000] {dag.py:2726} INFO - Sync 1 DAGs
[2023-06-14T14:23:29.008+0000] {logging_mixin.py:149} INFO - [2023-06-14T14:23:29.008+0000] {dag.py:3486} INFO - Setting next_dagrun for example_trigger_controller_dag to 2021-01-01T00:00:00+00:00, run_after=2021-01-01T00:00:00+00:00
[2023-06-14T14:23:29.039+0000] {processor.py:179} INFO - Processing /usr/local/lib/python3.8/dist-packages/airflow/example_dags/example_trigger_controller_dag.py took 0.085 seconds
[2023-06-14T14:24:21.563+0000] {processor.py:157} INFO - Started process (PID=5049) to work on /usr/local/lib/python3.8/dist-packages/airflow/example_dags/example_trigger_controller_dag.py
[2023-06-14T14:24:21.565+0000] {processor.py:826} INFO - Processing file /usr/local/lib/python3.8/dist-packages/airflow/example_dags/example_trigger_controller_dag.py for tasks to queue
[2023-06-14T14:24:21.567+0000] {logging_mixin.py:149} INFO - [2023-06-14T14:24:21.567+0000] {dagbag.py:541} INFO - Filling up the DagBag from /usr/local/lib/python3.8/dist-packages/airflow/example_dags/example_trigger_controller_dag.py
[2023-06-14T14:24:21.572+0000] {processor.py:836} INFO - DAG(s) dict_keys(['example_trigger_controller_dag']) retrieved from /usr/local/lib/python3.8/dist-packages/airflow/example_dags/example_trigger_controller_dag.py
[2023-06-14T14:24:21.594+0000] {logging_mixin.py:149} INFO - [2023-06-14T14:24:21.594+0000] {dag.py:2726} INFO - Sync 1 DAGs
[2023-06-14T14:24:21.615+0000] {logging_mixin.py:149} INFO - [2023-06-14T14:24:21.614+0000] {dag.py:3486} INFO - Setting next_dagrun for example_trigger_controller_dag to 2021-01-01T00:00:00+00:00, run_after=2021-01-01T00:00:00+00:00
[2023-06-14T14:24:21.646+0000] {processor.py:179} INFO - Processing /usr/local/lib/python3.8/dist-packages/airflow/example_dags/example_trigger_controller_dag.py took 0.087 seconds
[2023-06-14T14:25:11.032+0000] {processor.py:157} INFO - Started process (PID=5205) to work on /usr/local/lib/python3.8/dist-packages/airflow/example_dags/example_trigger_controller_dag.py
[2023-06-14T14:25:11.033+0000] {processor.py:826} INFO - Processing file /usr/local/lib/python3.8/dist-packages/airflow/example_dags/example_trigger_controller_dag.py for tasks to queue
[2023-06-14T14:25:11.035+0000] {logging_mixin.py:149} INFO - [2023-06-14T14:25:11.035+0000] {dagbag.py:541} INFO - Filling up the DagBag from /usr/local/lib/python3.8/dist-packages/airflow/example_dags/example_trigger_controller_dag.py
[2023-06-14T14:25:11.040+0000] {processor.py:836} INFO - DAG(s) dict_keys(['example_trigger_controller_dag']) retrieved from /usr/local/lib/python3.8/dist-packages/airflow/example_dags/example_trigger_controller_dag.py
[2023-06-14T14:25:11.062+0000] {logging_mixin.py:149} INFO - [2023-06-14T14:25:11.061+0000] {dag.py:2726} INFO - Sync 1 DAGs
[2023-06-14T14:25:11.083+0000] {logging_mixin.py:149} INFO - [2023-06-14T14:25:11.083+0000] {dag.py:3486} INFO - Setting next_dagrun for example_trigger_controller_dag to 2021-01-01T00:00:00+00:00, run_after=2021-01-01T00:00:00+00:00
[2023-06-14T14:25:11.109+0000] {processor.py:179} INFO - Processing /usr/local/lib/python3.8/dist-packages/airflow/example_dags/example_trigger_controller_dag.py took 0.081 seconds
[2023-06-14T14:26:01.276+0000] {processor.py:157} INFO - Started process (PID=5358) to work on /usr/local/lib/python3.8/dist-packages/airflow/example_dags/example_trigger_controller_dag.py
[2023-06-14T14:26:01.278+0000] {processor.py:826} INFO - Processing file /usr/local/lib/python3.8/dist-packages/airflow/example_dags/example_trigger_controller_dag.py for tasks to queue
[2023-06-14T14:26:01.280+0000] {logging_mixin.py:149} INFO - [2023-06-14T14:26:01.280+0000] {dagbag.py:541} INFO - Filling up the DagBag from /usr/local/lib/python3.8/dist-packages/airflow/example_dags/example_trigger_controller_dag.py
[2023-06-14T14:26:01.285+0000] {processor.py:836} INFO - DAG(s) dict_keys(['example_trigger_controller_dag']) retrieved from /usr/local/lib/python3.8/dist-packages/airflow/example_dags/example_trigger_controller_dag.py
[2023-06-14T14:26:01.306+0000] {logging_mixin.py:149} INFO - [2023-06-14T14:26:01.306+0000] {dag.py:2726} INFO - Sync 1 DAGs
[2023-06-14T14:26:01.326+0000] {logging_mixin.py:149} INFO - [2023-06-14T14:26:01.326+0000] {dag.py:3486} INFO - Setting next_dagrun for example_trigger_controller_dag to 2021-01-01T00:00:00+00:00, run_after=2021-01-01T00:00:00+00:00
[2023-06-14T14:26:01.352+0000] {processor.py:179} INFO - Processing /usr/local/lib/python3.8/dist-packages/airflow/example_dags/example_trigger_controller_dag.py took 0.080 seconds
[2023-06-14T14:26:52.778+0000] {processor.py:157} INFO - Started process (PID=5515) to work on /usr/local/lib/python3.8/dist-packages/airflow/example_dags/example_trigger_controller_dag.py
[2023-06-14T14:26:52.780+0000] {processor.py:826} INFO - Processing file /usr/local/lib/python3.8/dist-packages/airflow/example_dags/example_trigger_controller_dag.py for tasks to queue
[2023-06-14T14:26:52.782+0000] {logging_mixin.py:149} INFO - [2023-06-14T14:26:52.782+0000] {dagbag.py:541} INFO - Filling up the DagBag from /usr/local/lib/python3.8/dist-packages/airflow/example_dags/example_trigger_controller_dag.py
[2023-06-14T14:26:52.787+0000] {processor.py:836} INFO - DAG(s) dict_keys(['example_trigger_controller_dag']) retrieved from /usr/local/lib/python3.8/dist-packages/airflow/example_dags/example_trigger_controller_dag.py
[2023-06-14T14:26:52.808+0000] {logging_mixin.py:149} INFO - [2023-06-14T14:26:52.808+0000] {dag.py:2726} INFO - Sync 1 DAGs
[2023-06-14T14:26:52.827+0000] {logging_mixin.py:149} INFO - [2023-06-14T14:26:52.827+0000] {dag.py:3486} INFO - Setting next_dagrun for example_trigger_controller_dag to 2021-01-01T00:00:00+00:00, run_after=2021-01-01T00:00:00+00:00
[2023-06-14T14:26:52.855+0000] {processor.py:179} INFO - Processing /usr/local/lib/python3.8/dist-packages/airflow/example_dags/example_trigger_controller_dag.py took 0.081 seconds
[2023-06-14T14:27:45.452+0000] {processor.py:157} INFO - Started process (PID=5572) to work on /usr/local/lib/python3.8/dist-packages/airflow/example_dags/example_trigger_controller_dag.py
[2023-06-14T14:27:45.453+0000] {processor.py:826} INFO - Processing file /usr/local/lib/python3.8/dist-packages/airflow/example_dags/example_trigger_controller_dag.py for tasks to queue
[2023-06-14T14:27:45.456+0000] {logging_mixin.py:149} INFO - [2023-06-14T14:27:45.456+0000] {dagbag.py:541} INFO - Filling up the DagBag from /usr/local/lib/python3.8/dist-packages/airflow/example_dags/example_trigger_controller_dag.py
[2023-06-14T14:27:45.461+0000] {processor.py:836} INFO - DAG(s) dict_keys(['example_trigger_controller_dag']) retrieved from /usr/local/lib/python3.8/dist-packages/airflow/example_dags/example_trigger_controller_dag.py
[2023-06-14T14:27:45.482+0000] {logging_mixin.py:149} INFO - [2023-06-14T14:27:45.482+0000] {dag.py:2726} INFO - Sync 1 DAGs
[2023-06-14T14:27:45.502+0000] {logging_mixin.py:149} INFO - [2023-06-14T14:27:45.502+0000] {dag.py:3486} INFO - Setting next_dagrun for example_trigger_controller_dag to 2021-01-01T00:00:00+00:00, run_after=2021-01-01T00:00:00+00:00
[2023-06-14T14:27:45.534+0000] {processor.py:179} INFO - Processing /usr/local/lib/python3.8/dist-packages/airflow/example_dags/example_trigger_controller_dag.py took 0.086 seconds
[2023-06-14T14:28:39.832+0000] {processor.py:157} INFO - Started process (PID=5730) to work on /usr/local/lib/python3.8/dist-packages/airflow/example_dags/example_trigger_controller_dag.py
[2023-06-14T14:28:39.834+0000] {processor.py:826} INFO - Processing file /usr/local/lib/python3.8/dist-packages/airflow/example_dags/example_trigger_controller_dag.py for tasks to queue
[2023-06-14T14:28:39.836+0000] {logging_mixin.py:149} INFO - [2023-06-14T14:28:39.836+0000] {dagbag.py:541} INFO - Filling up the DagBag from /usr/local/lib/python3.8/dist-packages/airflow/example_dags/example_trigger_controller_dag.py
[2023-06-14T14:28:39.841+0000] {processor.py:836} INFO - DAG(s) dict_keys(['example_trigger_controller_dag']) retrieved from /usr/local/lib/python3.8/dist-packages/airflow/example_dags/example_trigger_controller_dag.py
[2023-06-14T14:28:39.862+0000] {logging_mixin.py:149} INFO - [2023-06-14T14:28:39.862+0000] {dag.py:2726} INFO - Sync 1 DAGs
[2023-06-14T14:28:39.883+0000] {logging_mixin.py:149} INFO - [2023-06-14T14:28:39.882+0000] {dag.py:3486} INFO - Setting next_dagrun for example_trigger_controller_dag to 2021-01-01T00:00:00+00:00, run_after=2021-01-01T00:00:00+00:00
[2023-06-14T14:28:39.913+0000] {processor.py:179} INFO - Processing /usr/local/lib/python3.8/dist-packages/airflow/example_dags/example_trigger_controller_dag.py took 0.085 seconds
[2023-06-14T14:29:28.659+0000] {processor.py:157} INFO - Started process (PID=5988) to work on /usr/local/lib/python3.8/dist-packages/airflow/example_dags/example_trigger_controller_dag.py
[2023-06-14T14:29:28.660+0000] {processor.py:826} INFO - Processing file /usr/local/lib/python3.8/dist-packages/airflow/example_dags/example_trigger_controller_dag.py for tasks to queue
[2023-06-14T14:29:28.663+0000] {logging_mixin.py:149} INFO - [2023-06-14T14:29:28.663+0000] {dagbag.py:541} INFO - Filling up the DagBag from /usr/local/lib/python3.8/dist-packages/airflow/example_dags/example_trigger_controller_dag.py
[2023-06-14T14:29:28.668+0000] {processor.py:836} INFO - DAG(s) dict_keys(['example_trigger_controller_dag']) retrieved from /usr/local/lib/python3.8/dist-packages/airflow/example_dags/example_trigger_controller_dag.py
[2023-06-14T14:29:28.688+0000] {logging_mixin.py:149} INFO - [2023-06-14T14:29:28.688+0000] {dag.py:2726} INFO - Sync 1 DAGs
[2023-06-14T14:29:28.708+0000] {logging_mixin.py:149} INFO - [2023-06-14T14:29:28.708+0000] {dag.py:3486} INFO - Setting next_dagrun for example_trigger_controller_dag to 2021-01-01T00:00:00+00:00, run_after=2021-01-01T00:00:00+00:00
[2023-06-14T14:29:28.735+0000] {processor.py:179} INFO - Processing /usr/local/lib/python3.8/dist-packages/airflow/example_dags/example_trigger_controller_dag.py took 0.080 seconds
[2023-06-14T14:30:25.241+0000] {processor.py:157} INFO - Started process (PID=6146) to work on /usr/local/lib/python3.8/dist-packages/airflow/example_dags/example_trigger_controller_dag.py
[2023-06-14T14:30:25.242+0000] {processor.py:826} INFO - Processing file /usr/local/lib/python3.8/dist-packages/airflow/example_dags/example_trigger_controller_dag.py for tasks to queue
[2023-06-14T14:30:25.244+0000] {logging_mixin.py:149} INFO - [2023-06-14T14:30:25.244+0000] {dagbag.py:541} INFO - Filling up the DagBag from /usr/local/lib/python3.8/dist-packages/airflow/example_dags/example_trigger_controller_dag.py
[2023-06-14T14:30:25.249+0000] {processor.py:836} INFO - DAG(s) dict_keys(['example_trigger_controller_dag']) retrieved from /usr/local/lib/python3.8/dist-packages/airflow/example_dags/example_trigger_controller_dag.py
[2023-06-14T14:30:25.270+0000] {logging_mixin.py:149} INFO - [2023-06-14T14:30:25.270+0000] {dag.py:2726} INFO - Sync 1 DAGs
[2023-06-14T14:30:25.290+0000] {logging_mixin.py:149} INFO - [2023-06-14T14:30:25.290+0000] {dag.py:3486} INFO - Setting next_dagrun for example_trigger_controller_dag to 2021-01-01T00:00:00+00:00, run_after=2021-01-01T00:00:00+00:00
[2023-06-14T14:30:25.320+0000] {processor.py:179} INFO - Processing /usr/local/lib/python3.8/dist-packages/airflow/example_dags/example_trigger_controller_dag.py took 0.083 seconds
[2023-06-14T14:31:18.405+0000] {processor.py:157} INFO - Started process (PID=6303) to work on /usr/local/lib/python3.8/dist-packages/airflow/example_dags/example_trigger_controller_dag.py
[2023-06-14T14:31:18.406+0000] {processor.py:826} INFO - Processing file /usr/local/lib/python3.8/dist-packages/airflow/example_dags/example_trigger_controller_dag.py for tasks to queue
[2023-06-14T14:31:18.409+0000] {logging_mixin.py:149} INFO - [2023-06-14T14:31:18.409+0000] {dagbag.py:541} INFO - Filling up the DagBag from /usr/local/lib/python3.8/dist-packages/airflow/example_dags/example_trigger_controller_dag.py
[2023-06-14T14:31:18.413+0000] {processor.py:836} INFO - DAG(s) dict_keys(['example_trigger_controller_dag']) retrieved from /usr/local/lib/python3.8/dist-packages/airflow/example_dags/example_trigger_controller_dag.py
[2023-06-14T14:31:18.434+0000] {logging_mixin.py:149} INFO - [2023-06-14T14:31:18.434+0000] {dag.py:2726} INFO - Sync 1 DAGs
[2023-06-14T14:31:18.455+0000] {logging_mixin.py:149} INFO - [2023-06-14T14:31:18.455+0000] {dag.py:3486} INFO - Setting next_dagrun for example_trigger_controller_dag to 2021-01-01T00:00:00+00:00, run_after=2021-01-01T00:00:00+00:00
[2023-06-14T14:31:18.481+0000] {processor.py:179} INFO - Processing /usr/local/lib/python3.8/dist-packages/airflow/example_dags/example_trigger_controller_dag.py took 0.080 seconds
[2023-06-14T14:32:09.598+0000] {processor.py:157} INFO - Started process (PID=6465) to work on /usr/local/lib/python3.8/dist-packages/airflow/example_dags/example_trigger_controller_dag.py
[2023-06-14T14:32:09.599+0000] {processor.py:826} INFO - Processing file /usr/local/lib/python3.8/dist-packages/airflow/example_dags/example_trigger_controller_dag.py for tasks to queue
[2023-06-14T14:32:09.601+0000] {logging_mixin.py:149} INFO - [2023-06-14T14:32:09.601+0000] {dagbag.py:541} INFO - Filling up the DagBag from /usr/local/lib/python3.8/dist-packages/airflow/example_dags/example_trigger_controller_dag.py
[2023-06-14T14:32:09.606+0000] {processor.py:836} INFO - DAG(s) dict_keys(['example_trigger_controller_dag']) retrieved from /usr/local/lib/python3.8/dist-packages/airflow/example_dags/example_trigger_controller_dag.py
[2023-06-14T14:32:09.627+0000] {logging_mixin.py:149} INFO - [2023-06-14T14:32:09.626+0000] {dag.py:2726} INFO - Sync 1 DAGs
[2023-06-14T14:32:09.647+0000] {logging_mixin.py:149} INFO - [2023-06-14T14:32:09.647+0000] {dag.py:3486} INFO - Setting next_dagrun for example_trigger_controller_dag to 2021-01-01T00:00:00+00:00, run_after=2021-01-01T00:00:00+00:00
[2023-06-14T14:32:09.675+0000] {processor.py:179} INFO - Processing /usr/local/lib/python3.8/dist-packages/airflow/example_dags/example_trigger_controller_dag.py took 0.081 seconds
[2023-06-14T14:33:00.893+0000] {processor.py:157} INFO - Started process (PID=6620) to work on /usr/local/lib/python3.8/dist-packages/airflow/example_dags/example_trigger_controller_dag.py
[2023-06-14T14:33:00.895+0000] {processor.py:826} INFO - Processing file /usr/local/lib/python3.8/dist-packages/airflow/example_dags/example_trigger_controller_dag.py for tasks to queue
[2023-06-14T14:33:00.897+0000] {logging_mixin.py:149} INFO - [2023-06-14T14:33:00.897+0000] {dagbag.py:541} INFO - Filling up the DagBag from /usr/local/lib/python3.8/dist-packages/airflow/example_dags/example_trigger_controller_dag.py
[2023-06-14T14:33:00.902+0000] {processor.py:836} INFO - DAG(s) dict_keys(['example_trigger_controller_dag']) retrieved from /usr/local/lib/python3.8/dist-packages/airflow/example_dags/example_trigger_controller_dag.py
[2023-06-14T14:33:00.924+0000] {logging_mixin.py:149} INFO - [2023-06-14T14:33:00.923+0000] {dag.py:2726} INFO - Sync 1 DAGs
[2023-06-14T14:33:00.944+0000] {logging_mixin.py:149} INFO - [2023-06-14T14:33:00.944+0000] {dag.py:3486} INFO - Setting next_dagrun for example_trigger_controller_dag to 2021-01-01T00:00:00+00:00, run_after=2021-01-01T00:00:00+00:00
[2023-06-14T14:33:00.973+0000] {processor.py:179} INFO - Processing /usr/local/lib/python3.8/dist-packages/airflow/example_dags/example_trigger_controller_dag.py took 0.084 seconds
[2023-06-14T14:33:51.051+0000] {processor.py:157} INFO - Started process (PID=6711) to work on /usr/local/lib/python3.8/dist-packages/airflow/example_dags/example_trigger_controller_dag.py
[2023-06-14T14:33:51.053+0000] {processor.py:826} INFO - Processing file /usr/local/lib/python3.8/dist-packages/airflow/example_dags/example_trigger_controller_dag.py for tasks to queue
[2023-06-14T14:33:51.055+0000] {logging_mixin.py:149} INFO - [2023-06-14T14:33:51.055+0000] {dagbag.py:541} INFO - Filling up the DagBag from /usr/local/lib/python3.8/dist-packages/airflow/example_dags/example_trigger_controller_dag.py
[2023-06-14T14:33:51.060+0000] {processor.py:836} INFO - DAG(s) dict_keys(['example_trigger_controller_dag']) retrieved from /usr/local/lib/python3.8/dist-packages/airflow/example_dags/example_trigger_controller_dag.py
[2023-06-14T14:33:51.081+0000] {logging_mixin.py:149} INFO - [2023-06-14T14:33:51.081+0000] {dag.py:2726} INFO - Sync 1 DAGs
[2023-06-14T14:33:51.100+0000] {logging_mixin.py:149} INFO - [2023-06-14T14:33:51.100+0000] {dag.py:3486} INFO - Setting next_dagrun for example_trigger_controller_dag to 2021-01-01T00:00:00+00:00, run_after=2021-01-01T00:00:00+00:00
[2023-06-14T14:33:51.131+0000] {processor.py:179} INFO - Processing /usr/local/lib/python3.8/dist-packages/airflow/example_dags/example_trigger_controller_dag.py took 0.083 seconds
[2023-06-14T14:34:47.349+0000] {processor.py:157} INFO - Started process (PID=6932) to work on /usr/local/lib/python3.8/dist-packages/airflow/example_dags/example_trigger_controller_dag.py
[2023-06-14T14:34:47.351+0000] {processor.py:826} INFO - Processing file /usr/local/lib/python3.8/dist-packages/airflow/example_dags/example_trigger_controller_dag.py for tasks to queue
[2023-06-14T14:34:47.353+0000] {logging_mixin.py:149} INFO - [2023-06-14T14:34:47.353+0000] {dagbag.py:541} INFO - Filling up the DagBag from /usr/local/lib/python3.8/dist-packages/airflow/example_dags/example_trigger_controller_dag.py
[2023-06-14T14:34:47.358+0000] {processor.py:836} INFO - DAG(s) dict_keys(['example_trigger_controller_dag']) retrieved from /usr/local/lib/python3.8/dist-packages/airflow/example_dags/example_trigger_controller_dag.py
[2023-06-14T14:34:47.379+0000] {logging_mixin.py:149} INFO - [2023-06-14T14:34:47.378+0000] {dag.py:2726} INFO - Sync 1 DAGs
[2023-06-14T14:34:47.399+0000] {logging_mixin.py:149} INFO - [2023-06-14T14:34:47.399+0000] {dag.py:3486} INFO - Setting next_dagrun for example_trigger_controller_dag to 2021-01-01T00:00:00+00:00, run_after=2021-01-01T00:00:00+00:00
[2023-06-14T14:34:47.425+0000] {processor.py:179} INFO - Processing /usr/local/lib/python3.8/dist-packages/airflow/example_dags/example_trigger_controller_dag.py took 0.079 seconds
[2023-06-14T14:35:39.080+0000] {processor.py:157} INFO - Started process (PID=7092) to work on /usr/local/lib/python3.8/dist-packages/airflow/example_dags/example_trigger_controller_dag.py
[2023-06-14T14:35:39.081+0000] {processor.py:826} INFO - Processing file /usr/local/lib/python3.8/dist-packages/airflow/example_dags/example_trigger_controller_dag.py for tasks to queue
[2023-06-14T14:35:39.083+0000] {logging_mixin.py:149} INFO - [2023-06-14T14:35:39.083+0000] {dagbag.py:541} INFO - Filling up the DagBag from /usr/local/lib/python3.8/dist-packages/airflow/example_dags/example_trigger_controller_dag.py
[2023-06-14T14:35:39.088+0000] {processor.py:836} INFO - DAG(s) dict_keys(['example_trigger_controller_dag']) retrieved from /usr/local/lib/python3.8/dist-packages/airflow/example_dags/example_trigger_controller_dag.py
[2023-06-14T14:35:39.109+0000] {logging_mixin.py:149} INFO - [2023-06-14T14:35:39.108+0000] {dag.py:2726} INFO - Sync 1 DAGs
[2023-06-14T14:35:39.128+0000] {logging_mixin.py:149} INFO - [2023-06-14T14:35:39.128+0000] {dag.py:3486} INFO - Setting next_dagrun for example_trigger_controller_dag to 2021-01-01T00:00:00+00:00, run_after=2021-01-01T00:00:00+00:00
[2023-06-14T14:35:39.158+0000] {processor.py:179} INFO - Processing /usr/local/lib/python3.8/dist-packages/airflow/example_dags/example_trigger_controller_dag.py took 0.083 seconds
[2023-06-14T14:36:29.558+0000] {processor.py:157} INFO - Started process (PID=7248) to work on /usr/local/lib/python3.8/dist-packages/airflow/example_dags/example_trigger_controller_dag.py
[2023-06-14T14:36:29.560+0000] {processor.py:826} INFO - Processing file /usr/local/lib/python3.8/dist-packages/airflow/example_dags/example_trigger_controller_dag.py for tasks to queue
[2023-06-14T14:36:29.562+0000] {logging_mixin.py:149} INFO - [2023-06-14T14:36:29.562+0000] {dagbag.py:541} INFO - Filling up the DagBag from /usr/local/lib/python3.8/dist-packages/airflow/example_dags/example_trigger_controller_dag.py
[2023-06-14T14:36:29.567+0000] {processor.py:836} INFO - DAG(s) dict_keys(['example_trigger_controller_dag']) retrieved from /usr/local/lib/python3.8/dist-packages/airflow/example_dags/example_trigger_controller_dag.py
[2023-06-14T14:36:29.588+0000] {logging_mixin.py:149} INFO - [2023-06-14T14:36:29.588+0000] {dag.py:2726} INFO - Sync 1 DAGs
[2023-06-14T14:36:29.608+0000] {logging_mixin.py:149} INFO - [2023-06-14T14:36:29.608+0000] {dag.py:3486} INFO - Setting next_dagrun for example_trigger_controller_dag to 2021-01-01T00:00:00+00:00, run_after=2021-01-01T00:00:00+00:00
[2023-06-14T14:36:29.633+0000] {processor.py:179} INFO - Processing /usr/local/lib/python3.8/dist-packages/airflow/example_dags/example_trigger_controller_dag.py took 0.079 seconds
[2023-06-14T14:37:21.190+0000] {processor.py:157} INFO - Started process (PID=7409) to work on /usr/local/lib/python3.8/dist-packages/airflow/example_dags/example_trigger_controller_dag.py
[2023-06-14T14:37:21.191+0000] {processor.py:826} INFO - Processing file /usr/local/lib/python3.8/dist-packages/airflow/example_dags/example_trigger_controller_dag.py for tasks to queue
[2023-06-14T14:37:21.194+0000] {logging_mixin.py:149} INFO - [2023-06-14T14:37:21.194+0000] {dagbag.py:541} INFO - Filling up the DagBag from /usr/local/lib/python3.8/dist-packages/airflow/example_dags/example_trigger_controller_dag.py
[2023-06-14T14:37:21.199+0000] {processor.py:836} INFO - DAG(s) dict_keys(['example_trigger_controller_dag']) retrieved from /usr/local/lib/python3.8/dist-packages/airflow/example_dags/example_trigger_controller_dag.py
[2023-06-14T14:37:21.220+0000] {logging_mixin.py:149} INFO - [2023-06-14T14:37:21.220+0000] {dag.py:2726} INFO - Sync 1 DAGs
[2023-06-14T14:37:21.241+0000] {logging_mixin.py:149} INFO - [2023-06-14T14:37:21.240+0000] {dag.py:3486} INFO - Setting next_dagrun for example_trigger_controller_dag to 2021-01-01T00:00:00+00:00, run_after=2021-01-01T00:00:00+00:00
[2023-06-14T14:37:21.266+0000] {processor.py:179} INFO - Processing /usr/local/lib/python3.8/dist-packages/airflow/example_dags/example_trigger_controller_dag.py took 0.080 seconds
[2023-06-14T14:38:14.007+0000] {processor.py:157} INFO - Started process (PID=7565) to work on /usr/local/lib/python3.8/dist-packages/airflow/example_dags/example_trigger_controller_dag.py
[2023-06-14T14:38:14.008+0000] {processor.py:826} INFO - Processing file /usr/local/lib/python3.8/dist-packages/airflow/example_dags/example_trigger_controller_dag.py for tasks to queue
[2023-06-14T14:38:14.011+0000] {logging_mixin.py:149} INFO - [2023-06-14T14:38:14.011+0000] {dagbag.py:541} INFO - Filling up the DagBag from /usr/local/lib/python3.8/dist-packages/airflow/example_dags/example_trigger_controller_dag.py
[2023-06-14T14:38:14.015+0000] {processor.py:836} INFO - DAG(s) dict_keys(['example_trigger_controller_dag']) retrieved from /usr/local/lib/python3.8/dist-packages/airflow/example_dags/example_trigger_controller_dag.py
[2023-06-14T14:38:14.037+0000] {logging_mixin.py:149} INFO - [2023-06-14T14:38:14.036+0000] {dag.py:2726} INFO - Sync 1 DAGs
[2023-06-14T14:38:14.056+0000] {logging_mixin.py:149} INFO - [2023-06-14T14:38:14.056+0000] {dag.py:3486} INFO - Setting next_dagrun for example_trigger_controller_dag to 2021-01-01T00:00:00+00:00, run_after=2021-01-01T00:00:00+00:00
[2023-06-14T14:38:14.087+0000] {processor.py:179} INFO - Processing /usr/local/lib/python3.8/dist-packages/airflow/example_dags/example_trigger_controller_dag.py took 0.084 seconds
[2023-06-14T14:39:02.228+0000] {processor.py:157} INFO - Started process (PID=7718) to work on /usr/local/lib/python3.8/dist-packages/airflow/example_dags/example_trigger_controller_dag.py
[2023-06-14T14:39:02.229+0000] {processor.py:826} INFO - Processing file /usr/local/lib/python3.8/dist-packages/airflow/example_dags/example_trigger_controller_dag.py for tasks to queue
[2023-06-14T14:39:02.232+0000] {logging_mixin.py:149} INFO - [2023-06-14T14:39:02.232+0000] {dagbag.py:541} INFO - Filling up the DagBag from /usr/local/lib/python3.8/dist-packages/airflow/example_dags/example_trigger_controller_dag.py
[2023-06-14T14:39:02.237+0000] {processor.py:836} INFO - DAG(s) dict_keys(['example_trigger_controller_dag']) retrieved from /usr/local/lib/python3.8/dist-packages/airflow/example_dags/example_trigger_controller_dag.py
[2023-06-14T14:39:02.260+0000] {logging_mixin.py:149} INFO - [2023-06-14T14:39:02.259+0000] {dag.py:2726} INFO - Sync 1 DAGs
[2023-06-14T14:39:02.280+0000] {logging_mixin.py:149} INFO - [2023-06-14T14:39:02.280+0000] {dag.py:3486} INFO - Setting next_dagrun for example_trigger_controller_dag to 2021-01-01T00:00:00+00:00, run_after=2021-01-01T00:00:00+00:00
[2023-06-14T14:39:02.307+0000] {processor.py:179} INFO - Processing /usr/local/lib/python3.8/dist-packages/airflow/example_dags/example_trigger_controller_dag.py took 0.084 seconds
[2023-06-14T14:39:51.160+0000] {processor.py:157} INFO - Started process (PID=7807) to work on /usr/local/lib/python3.8/dist-packages/airflow/example_dags/example_trigger_controller_dag.py
[2023-06-14T14:39:51.161+0000] {processor.py:826} INFO - Processing file /usr/local/lib/python3.8/dist-packages/airflow/example_dags/example_trigger_controller_dag.py for tasks to queue
[2023-06-14T14:39:51.163+0000] {logging_mixin.py:149} INFO - [2023-06-14T14:39:51.163+0000] {dagbag.py:541} INFO - Filling up the DagBag from /usr/local/lib/python3.8/dist-packages/airflow/example_dags/example_trigger_controller_dag.py
[2023-06-14T14:39:51.168+0000] {processor.py:836} INFO - DAG(s) dict_keys(['example_trigger_controller_dag']) retrieved from /usr/local/lib/python3.8/dist-packages/airflow/example_dags/example_trigger_controller_dag.py
[2023-06-14T14:39:51.189+0000] {logging_mixin.py:149} INFO - [2023-06-14T14:39:51.189+0000] {dag.py:2726} INFO - Sync 1 DAGs
[2023-06-14T14:39:51.209+0000] {logging_mixin.py:149} INFO - [2023-06-14T14:39:51.209+0000] {dag.py:3486} INFO - Setting next_dagrun for example_trigger_controller_dag to 2021-01-01T00:00:00+00:00, run_after=2021-01-01T00:00:00+00:00
[2023-06-14T14:39:51.236+0000] {processor.py:179} INFO - Processing /usr/local/lib/python3.8/dist-packages/airflow/example_dags/example_trigger_controller_dag.py took 0.080 seconds
[2023-06-14T14:40:45.332+0000] {processor.py:157} INFO - Started process (PID=7925) to work on /usr/local/lib/python3.8/dist-packages/airflow/example_dags/example_trigger_controller_dag.py
[2023-06-14T14:40:45.333+0000] {processor.py:826} INFO - Processing file /usr/local/lib/python3.8/dist-packages/airflow/example_dags/example_trigger_controller_dag.py for tasks to queue
[2023-06-14T14:40:45.335+0000] {logging_mixin.py:149} INFO - [2023-06-14T14:40:45.335+0000] {dagbag.py:541} INFO - Filling up the DagBag from /usr/local/lib/python3.8/dist-packages/airflow/example_dags/example_trigger_controller_dag.py
[2023-06-14T14:40:45.340+0000] {processor.py:836} INFO - DAG(s) dict_keys(['example_trigger_controller_dag']) retrieved from /usr/local/lib/python3.8/dist-packages/airflow/example_dags/example_trigger_controller_dag.py
[2023-06-14T14:40:45.362+0000] {logging_mixin.py:149} INFO - [2023-06-14T14:40:45.362+0000] {dag.py:2726} INFO - Sync 1 DAGs
[2023-06-14T14:40:45.383+0000] {logging_mixin.py:149} INFO - [2023-06-14T14:40:45.383+0000] {dag.py:3486} INFO - Setting next_dagrun for example_trigger_controller_dag to 2021-01-01T00:00:00+00:00, run_after=2021-01-01T00:00:00+00:00
[2023-06-14T14:40:45.409+0000] {processor.py:179} INFO - Processing /usr/local/lib/python3.8/dist-packages/airflow/example_dags/example_trigger_controller_dag.py took 0.082 seconds
[2023-06-14T14:41:39.543+0000] {processor.py:157} INFO - Started process (PID=8083) to work on /usr/local/lib/python3.8/dist-packages/airflow/example_dags/example_trigger_controller_dag.py
[2023-06-14T14:41:39.545+0000] {processor.py:826} INFO - Processing file /usr/local/lib/python3.8/dist-packages/airflow/example_dags/example_trigger_controller_dag.py for tasks to queue
[2023-06-14T14:41:39.547+0000] {logging_mixin.py:149} INFO - [2023-06-14T14:41:39.547+0000] {dagbag.py:541} INFO - Filling up the DagBag from /usr/local/lib/python3.8/dist-packages/airflow/example_dags/example_trigger_controller_dag.py
[2023-06-14T14:41:39.552+0000] {processor.py:836} INFO - DAG(s) dict_keys(['example_trigger_controller_dag']) retrieved from /usr/local/lib/python3.8/dist-packages/airflow/example_dags/example_trigger_controller_dag.py
[2023-06-14T14:41:39.573+0000] {logging_mixin.py:149} INFO - [2023-06-14T14:41:39.573+0000] {dag.py:2726} INFO - Sync 1 DAGs
[2023-06-14T14:41:39.593+0000] {logging_mixin.py:149} INFO - [2023-06-14T14:41:39.593+0000] {dag.py:3486} INFO - Setting next_dagrun for example_trigger_controller_dag to 2021-01-01T00:00:00+00:00, run_after=2021-01-01T00:00:00+00:00
[2023-06-14T14:41:39.620+0000] {processor.py:179} INFO - Processing /usr/local/lib/python3.8/dist-packages/airflow/example_dags/example_trigger_controller_dag.py took 0.081 seconds
[2023-06-14T14:42:33.613+0000] {processor.py:157} INFO - Started process (PID=8245) to work on /usr/local/lib/python3.8/dist-packages/airflow/example_dags/example_trigger_controller_dag.py
[2023-06-14T14:42:33.614+0000] {processor.py:826} INFO - Processing file /usr/local/lib/python3.8/dist-packages/airflow/example_dags/example_trigger_controller_dag.py for tasks to queue
[2023-06-14T14:42:33.617+0000] {logging_mixin.py:149} INFO - [2023-06-14T14:42:33.617+0000] {dagbag.py:541} INFO - Filling up the DagBag from /usr/local/lib/python3.8/dist-packages/airflow/example_dags/example_trigger_controller_dag.py
[2023-06-14T14:42:33.622+0000] {processor.py:836} INFO - DAG(s) dict_keys(['example_trigger_controller_dag']) retrieved from /usr/local/lib/python3.8/dist-packages/airflow/example_dags/example_trigger_controller_dag.py
[2023-06-14T14:42:33.642+0000] {logging_mixin.py:149} INFO - [2023-06-14T14:42:33.642+0000] {dag.py:2726} INFO - Sync 1 DAGs
[2023-06-14T14:42:33.662+0000] {logging_mixin.py:149} INFO - [2023-06-14T14:42:33.662+0000] {dag.py:3486} INFO - Setting next_dagrun for example_trigger_controller_dag to 2021-01-01T00:00:00+00:00, run_after=2021-01-01T00:00:00+00:00
[2023-06-14T14:42:33.693+0000] {processor.py:179} INFO - Processing /usr/local/lib/python3.8/dist-packages/airflow/example_dags/example_trigger_controller_dag.py took 0.084 seconds
[2023-06-14T14:43:30.036+0000] {processor.py:157} INFO - Started process (PID=8403) to work on /usr/local/lib/python3.8/dist-packages/airflow/example_dags/example_trigger_controller_dag.py
[2023-06-14T14:43:30.037+0000] {processor.py:826} INFO - Processing file /usr/local/lib/python3.8/dist-packages/airflow/example_dags/example_trigger_controller_dag.py for tasks to queue
[2023-06-14T14:43:30.040+0000] {logging_mixin.py:149} INFO - [2023-06-14T14:43:30.040+0000] {dagbag.py:541} INFO - Filling up the DagBag from /usr/local/lib/python3.8/dist-packages/airflow/example_dags/example_trigger_controller_dag.py
[2023-06-14T14:43:30.045+0000] {processor.py:836} INFO - DAG(s) dict_keys(['example_trigger_controller_dag']) retrieved from /usr/local/lib/python3.8/dist-packages/airflow/example_dags/example_trigger_controller_dag.py
[2023-06-14T14:43:30.067+0000] {logging_mixin.py:149} INFO - [2023-06-14T14:43:30.066+0000] {dag.py:2726} INFO - Sync 1 DAGs
[2023-06-14T14:43:30.088+0000] {logging_mixin.py:149} INFO - [2023-06-14T14:43:30.088+0000] {dag.py:3486} INFO - Setting next_dagrun for example_trigger_controller_dag to 2021-01-01T00:00:00+00:00, run_after=2021-01-01T00:00:00+00:00
[2023-06-14T14:43:30.118+0000] {processor.py:179} INFO - Processing /usr/local/lib/python3.8/dist-packages/airflow/example_dags/example_trigger_controller_dag.py took 0.086 seconds
[2023-06-14T14:44:24.785+0000] {processor.py:157} INFO - Started process (PID=8662) to work on /usr/local/lib/python3.8/dist-packages/airflow/example_dags/example_trigger_controller_dag.py
[2023-06-14T14:44:24.787+0000] {processor.py:826} INFO - Processing file /usr/local/lib/python3.8/dist-packages/airflow/example_dags/example_trigger_controller_dag.py for tasks to queue
[2023-06-14T14:44:24.789+0000] {logging_mixin.py:149} INFO - [2023-06-14T14:44:24.789+0000] {dagbag.py:541} INFO - Filling up the DagBag from /usr/local/lib/python3.8/dist-packages/airflow/example_dags/example_trigger_controller_dag.py
[2023-06-14T14:44:24.794+0000] {processor.py:836} INFO - DAG(s) dict_keys(['example_trigger_controller_dag']) retrieved from /usr/local/lib/python3.8/dist-packages/airflow/example_dags/example_trigger_controller_dag.py
[2023-06-14T14:44:24.815+0000] {logging_mixin.py:149} INFO - [2023-06-14T14:44:24.815+0000] {dag.py:2726} INFO - Sync 1 DAGs
[2023-06-14T14:44:24.835+0000] {logging_mixin.py:149} INFO - [2023-06-14T14:44:24.835+0000] {dag.py:3486} INFO - Setting next_dagrun for example_trigger_controller_dag to 2021-01-01T00:00:00+00:00, run_after=2021-01-01T00:00:00+00:00
[2023-06-14T14:44:24.863+0000] {processor.py:179} INFO - Processing /usr/local/lib/python3.8/dist-packages/airflow/example_dags/example_trigger_controller_dag.py took 0.082 seconds
[2023-06-14T14:45:20.202+0000] {processor.py:157} INFO - Started process (PID=8820) to work on /usr/local/lib/python3.8/dist-packages/airflow/example_dags/example_trigger_controller_dag.py
[2023-06-14T14:45:20.203+0000] {processor.py:826} INFO - Processing file /usr/local/lib/python3.8/dist-packages/airflow/example_dags/example_trigger_controller_dag.py for tasks to queue
[2023-06-14T14:45:20.206+0000] {logging_mixin.py:149} INFO - [2023-06-14T14:45:20.205+0000] {dagbag.py:541} INFO - Filling up the DagBag from /usr/local/lib/python3.8/dist-packages/airflow/example_dags/example_trigger_controller_dag.py
[2023-06-14T14:45:20.210+0000] {processor.py:836} INFO - DAG(s) dict_keys(['example_trigger_controller_dag']) retrieved from /usr/local/lib/python3.8/dist-packages/airflow/example_dags/example_trigger_controller_dag.py
[2023-06-14T14:45:20.232+0000] {logging_mixin.py:149} INFO - [2023-06-14T14:45:20.231+0000] {dag.py:2726} INFO - Sync 1 DAGs
[2023-06-14T14:45:20.252+0000] {logging_mixin.py:149} INFO - [2023-06-14T14:45:20.251+0000] {dag.py:3486} INFO - Setting next_dagrun for example_trigger_controller_dag to 2021-01-01T00:00:00+00:00, run_after=2021-01-01T00:00:00+00:00
[2023-06-14T14:45:20.279+0000] {processor.py:179} INFO - Processing /usr/local/lib/python3.8/dist-packages/airflow/example_dags/example_trigger_controller_dag.py took 0.081 seconds
[2023-06-14T14:46:17.328+0000] {processor.py:157} INFO - Started process (PID=8982) to work on /usr/local/lib/python3.8/dist-packages/airflow/example_dags/example_trigger_controller_dag.py
[2023-06-14T14:46:17.329+0000] {processor.py:826} INFO - Processing file /usr/local/lib/python3.8/dist-packages/airflow/example_dags/example_trigger_controller_dag.py for tasks to queue
[2023-06-14T14:46:17.332+0000] {logging_mixin.py:149} INFO - [2023-06-14T14:46:17.331+0000] {dagbag.py:541} INFO - Filling up the DagBag from /usr/local/lib/python3.8/dist-packages/airflow/example_dags/example_trigger_controller_dag.py
[2023-06-14T14:46:17.337+0000] {processor.py:836} INFO - DAG(s) dict_keys(['example_trigger_controller_dag']) retrieved from /usr/local/lib/python3.8/dist-packages/airflow/example_dags/example_trigger_controller_dag.py
[2023-06-14T14:46:17.358+0000] {logging_mixin.py:149} INFO - [2023-06-14T14:46:17.358+0000] {dag.py:2726} INFO - Sync 1 DAGs
[2023-06-14T14:46:17.380+0000] {logging_mixin.py:149} INFO - [2023-06-14T14:46:17.379+0000] {dag.py:3486} INFO - Setting next_dagrun for example_trigger_controller_dag to 2021-01-01T00:00:00+00:00, run_after=2021-01-01T00:00:00+00:00
[2023-06-14T14:46:17.406+0000] {processor.py:179} INFO - Processing /usr/local/lib/python3.8/dist-packages/airflow/example_dags/example_trigger_controller_dag.py took 0.082 seconds
[2023-06-14T14:47:07.351+0000] {processor.py:157} INFO - Started process (PID=9140) to work on /usr/local/lib/python3.8/dist-packages/airflow/example_dags/example_trigger_controller_dag.py
[2023-06-14T14:47:07.352+0000] {processor.py:826} INFO - Processing file /usr/local/lib/python3.8/dist-packages/airflow/example_dags/example_trigger_controller_dag.py for tasks to queue
[2023-06-14T14:47:07.354+0000] {logging_mixin.py:149} INFO - [2023-06-14T14:47:07.354+0000] {dagbag.py:541} INFO - Filling up the DagBag from /usr/local/lib/python3.8/dist-packages/airflow/example_dags/example_trigger_controller_dag.py
[2023-06-14T14:47:07.359+0000] {processor.py:836} INFO - DAG(s) dict_keys(['example_trigger_controller_dag']) retrieved from /usr/local/lib/python3.8/dist-packages/airflow/example_dags/example_trigger_controller_dag.py
[2023-06-14T14:47:07.381+0000] {logging_mixin.py:149} INFO - [2023-06-14T14:47:07.381+0000] {dag.py:2726} INFO - Sync 1 DAGs
[2023-06-14T14:47:07.402+0000] {logging_mixin.py:149} INFO - [2023-06-14T14:47:07.402+0000] {dag.py:3486} INFO - Setting next_dagrun for example_trigger_controller_dag to 2021-01-01T00:00:00+00:00, run_after=2021-01-01T00:00:00+00:00
[2023-06-14T14:47:07.429+0000] {processor.py:179} INFO - Processing /usr/local/lib/python3.8/dist-packages/airflow/example_dags/example_trigger_controller_dag.py took 0.082 seconds
[2023-06-14T14:48:00.529+0000] {processor.py:157} INFO - Started process (PID=9297) to work on /usr/local/lib/python3.8/dist-packages/airflow/example_dags/example_trigger_controller_dag.py
[2023-06-14T14:48:00.530+0000] {processor.py:826} INFO - Processing file /usr/local/lib/python3.8/dist-packages/airflow/example_dags/example_trigger_controller_dag.py for tasks to queue
[2023-06-14T14:48:00.533+0000] {logging_mixin.py:149} INFO - [2023-06-14T14:48:00.532+0000] {dagbag.py:541} INFO - Filling up the DagBag from /usr/local/lib/python3.8/dist-packages/airflow/example_dags/example_trigger_controller_dag.py
[2023-06-14T14:48:00.538+0000] {processor.py:836} INFO - DAG(s) dict_keys(['example_trigger_controller_dag']) retrieved from /usr/local/lib/python3.8/dist-packages/airflow/example_dags/example_trigger_controller_dag.py
[2023-06-14T14:48:00.564+0000] {logging_mixin.py:149} INFO - [2023-06-14T14:48:00.563+0000] {dag.py:2726} INFO - Sync 1 DAGs
[2023-06-14T14:48:00.584+0000] {logging_mixin.py:149} INFO - [2023-06-14T14:48:00.584+0000] {dag.py:3486} INFO - Setting next_dagrun for example_trigger_controller_dag to 2021-01-01T00:00:00+00:00, run_after=2021-01-01T00:00:00+00:00
[2023-06-14T14:48:00.613+0000] {processor.py:179} INFO - Processing /usr/local/lib/python3.8/dist-packages/airflow/example_dags/example_trigger_controller_dag.py took 0.089 seconds
[2023-06-14T14:48:55.906+0000] {processor.py:157} INFO - Started process (PID=9454) to work on /usr/local/lib/python3.8/dist-packages/airflow/example_dags/example_trigger_controller_dag.py
[2023-06-14T14:48:55.907+0000] {processor.py:826} INFO - Processing file /usr/local/lib/python3.8/dist-packages/airflow/example_dags/example_trigger_controller_dag.py for tasks to queue
[2023-06-14T14:48:55.910+0000] {logging_mixin.py:149} INFO - [2023-06-14T14:48:55.909+0000] {dagbag.py:541} INFO - Filling up the DagBag from /usr/local/lib/python3.8/dist-packages/airflow/example_dags/example_trigger_controller_dag.py
[2023-06-14T14:48:55.914+0000] {processor.py:836} INFO - DAG(s) dict_keys(['example_trigger_controller_dag']) retrieved from /usr/local/lib/python3.8/dist-packages/airflow/example_dags/example_trigger_controller_dag.py
[2023-06-14T14:48:55.939+0000] {logging_mixin.py:149} INFO - [2023-06-14T14:48:55.939+0000] {dag.py:2726} INFO - Sync 1 DAGs
[2023-06-14T14:48:55.960+0000] {logging_mixin.py:149} INFO - [2023-06-14T14:48:55.959+0000] {dag.py:3486} INFO - Setting next_dagrun for example_trigger_controller_dag to 2021-01-01T00:00:00+00:00, run_after=2021-01-01T00:00:00+00:00
[2023-06-14T14:48:55.986+0000] {processor.py:179} INFO - Processing /usr/local/lib/python3.8/dist-packages/airflow/example_dags/example_trigger_controller_dag.py took 0.085 seconds
[2023-06-14T14:49:52.390+0000] {processor.py:157} INFO - Started process (PID=9669) to work on /usr/local/lib/python3.8/dist-packages/airflow/example_dags/example_trigger_controller_dag.py
[2023-06-14T14:49:52.391+0000] {processor.py:826} INFO - Processing file /usr/local/lib/python3.8/dist-packages/airflow/example_dags/example_trigger_controller_dag.py for tasks to queue
[2023-06-14T14:49:52.394+0000] {logging_mixin.py:149} INFO - [2023-06-14T14:49:52.393+0000] {dagbag.py:541} INFO - Filling up the DagBag from /usr/local/lib/python3.8/dist-packages/airflow/example_dags/example_trigger_controller_dag.py
[2023-06-14T14:49:52.399+0000] {processor.py:836} INFO - DAG(s) dict_keys(['example_trigger_controller_dag']) retrieved from /usr/local/lib/python3.8/dist-packages/airflow/example_dags/example_trigger_controller_dag.py
[2023-06-14T14:49:52.421+0000] {logging_mixin.py:149} INFO - [2023-06-14T14:49:52.421+0000] {dag.py:2726} INFO - Sync 1 DAGs
[2023-06-14T14:49:52.442+0000] {logging_mixin.py:149} INFO - [2023-06-14T14:49:52.442+0000] {dag.py:3486} INFO - Setting next_dagrun for example_trigger_controller_dag to 2021-01-01T00:00:00+00:00, run_after=2021-01-01T00:00:00+00:00
[2023-06-14T14:49:52.467+0000] {processor.py:179} INFO - Processing /usr/local/lib/python3.8/dist-packages/airflow/example_dags/example_trigger_controller_dag.py took 0.081 seconds
[2023-06-14T14:50:45.535+0000] {processor.py:157} INFO - Started process (PID=9769) to work on /usr/local/lib/python3.8/dist-packages/airflow/example_dags/example_trigger_controller_dag.py
[2023-06-14T14:50:45.536+0000] {processor.py:826} INFO - Processing file /usr/local/lib/python3.8/dist-packages/airflow/example_dags/example_trigger_controller_dag.py for tasks to queue
[2023-06-14T14:50:45.538+0000] {logging_mixin.py:149} INFO - [2023-06-14T14:50:45.538+0000] {dagbag.py:541} INFO - Filling up the DagBag from /usr/local/lib/python3.8/dist-packages/airflow/example_dags/example_trigger_controller_dag.py
[2023-06-14T14:50:45.543+0000] {processor.py:836} INFO - DAG(s) dict_keys(['example_trigger_controller_dag']) retrieved from /usr/local/lib/python3.8/dist-packages/airflow/example_dags/example_trigger_controller_dag.py
[2023-06-14T14:50:45.564+0000] {logging_mixin.py:149} INFO - [2023-06-14T14:50:45.563+0000] {dag.py:2726} INFO - Sync 1 DAGs
[2023-06-14T14:50:45.583+0000] {logging_mixin.py:149} INFO - [2023-06-14T14:50:45.583+0000] {dag.py:3486} INFO - Setting next_dagrun for example_trigger_controller_dag to 2021-01-01T00:00:00+00:00, run_after=2021-01-01T00:00:00+00:00
[2023-06-14T14:50:45.611+0000] {processor.py:179} INFO - Processing /usr/local/lib/python3.8/dist-packages/airflow/example_dags/example_trigger_controller_dag.py took 0.081 seconds
[2023-06-14T14:51:35.282+0000] {processor.py:157} INFO - Started process (PID=9924) to work on /usr/local/lib/python3.8/dist-packages/airflow/example_dags/example_trigger_controller_dag.py
[2023-06-14T14:51:35.284+0000] {processor.py:826} INFO - Processing file /usr/local/lib/python3.8/dist-packages/airflow/example_dags/example_trigger_controller_dag.py for tasks to queue
[2023-06-14T14:51:35.286+0000] {logging_mixin.py:149} INFO - [2023-06-14T14:51:35.286+0000] {dagbag.py:541} INFO - Filling up the DagBag from /usr/local/lib/python3.8/dist-packages/airflow/example_dags/example_trigger_controller_dag.py
[2023-06-14T14:51:35.291+0000] {processor.py:836} INFO - DAG(s) dict_keys(['example_trigger_controller_dag']) retrieved from /usr/local/lib/python3.8/dist-packages/airflow/example_dags/example_trigger_controller_dag.py
[2023-06-14T14:51:35.313+0000] {logging_mixin.py:149} INFO - [2023-06-14T14:51:35.313+0000] {dag.py:2726} INFO - Sync 1 DAGs
[2023-06-14T14:51:35.334+0000] {logging_mixin.py:149} INFO - [2023-06-14T14:51:35.333+0000] {dag.py:3486} INFO - Setting next_dagrun for example_trigger_controller_dag to 2021-01-01T00:00:00+00:00, run_after=2021-01-01T00:00:00+00:00
[2023-06-14T14:51:35.362+0000] {processor.py:179} INFO - Processing /usr/local/lib/python3.8/dist-packages/airflow/example_dags/example_trigger_controller_dag.py took 0.084 seconds
[2023-06-14T14:52:22.875+0000] {processor.py:157} INFO - Started process (PID=10080) to work on /usr/local/lib/python3.8/dist-packages/airflow/example_dags/example_trigger_controller_dag.py
[2023-06-14T14:52:22.877+0000] {processor.py:826} INFO - Processing file /usr/local/lib/python3.8/dist-packages/airflow/example_dags/example_trigger_controller_dag.py for tasks to queue
[2023-06-14T14:52:22.879+0000] {logging_mixin.py:149} INFO - [2023-06-14T14:52:22.879+0000] {dagbag.py:541} INFO - Filling up the DagBag from /usr/local/lib/python3.8/dist-packages/airflow/example_dags/example_trigger_controller_dag.py
[2023-06-14T14:52:22.884+0000] {processor.py:836} INFO - DAG(s) dict_keys(['example_trigger_controller_dag']) retrieved from /usr/local/lib/python3.8/dist-packages/airflow/example_dags/example_trigger_controller_dag.py
[2023-06-14T14:52:22.905+0000] {logging_mixin.py:149} INFO - [2023-06-14T14:52:22.904+0000] {dag.py:2726} INFO - Sync 1 DAGs
[2023-06-14T14:52:22.925+0000] {logging_mixin.py:149} INFO - [2023-06-14T14:52:22.925+0000] {dag.py:3486} INFO - Setting next_dagrun for example_trigger_controller_dag to 2021-01-01T00:00:00+00:00, run_after=2021-01-01T00:00:00+00:00
[2023-06-14T14:52:22.950+0000] {processor.py:179} INFO - Processing /usr/local/lib/python3.8/dist-packages/airflow/example_dags/example_trigger_controller_dag.py took 0.079 seconds
[2023-06-14T14:53:13.619+0000] {processor.py:157} INFO - Started process (PID=10235) to work on /usr/local/lib/python3.8/dist-packages/airflow/example_dags/example_trigger_controller_dag.py
[2023-06-14T14:53:13.621+0000] {processor.py:826} INFO - Processing file /usr/local/lib/python3.8/dist-packages/airflow/example_dags/example_trigger_controller_dag.py for tasks to queue
[2023-06-14T14:53:13.623+0000] {logging_mixin.py:149} INFO - [2023-06-14T14:53:13.623+0000] {dagbag.py:541} INFO - Filling up the DagBag from /usr/local/lib/python3.8/dist-packages/airflow/example_dags/example_trigger_controller_dag.py
[2023-06-14T14:53:13.628+0000] {processor.py:836} INFO - DAG(s) dict_keys(['example_trigger_controller_dag']) retrieved from /usr/local/lib/python3.8/dist-packages/airflow/example_dags/example_trigger_controller_dag.py
[2023-06-14T14:53:13.649+0000] {logging_mixin.py:149} INFO - [2023-06-14T14:53:13.649+0000] {dag.py:2726} INFO - Sync 1 DAGs
[2023-06-14T14:53:13.670+0000] {logging_mixin.py:149} INFO - [2023-06-14T14:53:13.669+0000] {dag.py:3486} INFO - Setting next_dagrun for example_trigger_controller_dag to 2021-01-01T00:00:00+00:00, run_after=2021-01-01T00:00:00+00:00
[2023-06-14T14:53:13.698+0000] {processor.py:179} INFO - Processing /usr/local/lib/python3.8/dist-packages/airflow/example_dags/example_trigger_controller_dag.py took 0.083 seconds
[2023-06-14T14:54:07.735+0000] {processor.py:157} INFO - Started process (PID=10496) to work on /usr/local/lib/python3.8/dist-packages/airflow/example_dags/example_trigger_controller_dag.py
[2023-06-14T14:54:07.736+0000] {processor.py:826} INFO - Processing file /usr/local/lib/python3.8/dist-packages/airflow/example_dags/example_trigger_controller_dag.py for tasks to queue
[2023-06-14T14:54:07.739+0000] {logging_mixin.py:149} INFO - [2023-06-14T14:54:07.739+0000] {dagbag.py:541} INFO - Filling up the DagBag from /usr/local/lib/python3.8/dist-packages/airflow/example_dags/example_trigger_controller_dag.py
[2023-06-14T14:54:07.744+0000] {processor.py:836} INFO - DAG(s) dict_keys(['example_trigger_controller_dag']) retrieved from /usr/local/lib/python3.8/dist-packages/airflow/example_dags/example_trigger_controller_dag.py
[2023-06-14T14:54:07.764+0000] {logging_mixin.py:149} INFO - [2023-06-14T14:54:07.764+0000] {dag.py:2726} INFO - Sync 1 DAGs
[2023-06-14T14:54:07.785+0000] {logging_mixin.py:149} INFO - [2023-06-14T14:54:07.784+0000] {dag.py:3486} INFO - Setting next_dagrun for example_trigger_controller_dag to 2021-01-01T00:00:00+00:00, run_after=2021-01-01T00:00:00+00:00
[2023-06-14T14:54:07.813+0000] {processor.py:179} INFO - Processing /usr/local/lib/python3.8/dist-packages/airflow/example_dags/example_trigger_controller_dag.py took 0.082 seconds
[2023-06-14T14:55:01.864+0000] {processor.py:157} INFO - Started process (PID=10755) to work on /usr/local/lib/python3.8/dist-packages/airflow/example_dags/example_trigger_controller_dag.py
[2023-06-14T14:55:01.865+0000] {processor.py:826} INFO - Processing file /usr/local/lib/python3.8/dist-packages/airflow/example_dags/example_trigger_controller_dag.py for tasks to queue
[2023-06-14T14:55:01.867+0000] {logging_mixin.py:149} INFO - [2023-06-14T14:55:01.867+0000] {dagbag.py:541} INFO - Filling up the DagBag from /usr/local/lib/python3.8/dist-packages/airflow/example_dags/example_trigger_controller_dag.py
[2023-06-14T14:55:01.872+0000] {processor.py:836} INFO - DAG(s) dict_keys(['example_trigger_controller_dag']) retrieved from /usr/local/lib/python3.8/dist-packages/airflow/example_dags/example_trigger_controller_dag.py
[2023-06-14T14:55:01.893+0000] {logging_mixin.py:149} INFO - [2023-06-14T14:55:01.893+0000] {dag.py:2726} INFO - Sync 1 DAGs
[2023-06-14T14:55:01.914+0000] {logging_mixin.py:149} INFO - [2023-06-14T14:55:01.914+0000] {dag.py:3486} INFO - Setting next_dagrun for example_trigger_controller_dag to 2021-01-01T00:00:00+00:00, run_after=2021-01-01T00:00:00+00:00
[2023-06-14T14:55:01.943+0000] {processor.py:179} INFO - Processing /usr/local/lib/python3.8/dist-packages/airflow/example_dags/example_trigger_controller_dag.py took 0.083 seconds
[2023-06-14T14:55:54.176+0000] {processor.py:157} INFO - Started process (PID=10912) to work on /usr/local/lib/python3.8/dist-packages/airflow/example_dags/example_trigger_controller_dag.py
[2023-06-14T14:55:54.177+0000] {processor.py:826} INFO - Processing file /usr/local/lib/python3.8/dist-packages/airflow/example_dags/example_trigger_controller_dag.py for tasks to queue
[2023-06-14T14:55:54.179+0000] {logging_mixin.py:149} INFO - [2023-06-14T14:55:54.179+0000] {dagbag.py:541} INFO - Filling up the DagBag from /usr/local/lib/python3.8/dist-packages/airflow/example_dags/example_trigger_controller_dag.py
[2023-06-14T14:55:54.184+0000] {processor.py:836} INFO - DAG(s) dict_keys(['example_trigger_controller_dag']) retrieved from /usr/local/lib/python3.8/dist-packages/airflow/example_dags/example_trigger_controller_dag.py
[2023-06-14T14:55:54.205+0000] {logging_mixin.py:149} INFO - [2023-06-14T14:55:54.205+0000] {dag.py:2726} INFO - Sync 1 DAGs
[2023-06-14T14:55:54.225+0000] {logging_mixin.py:149} INFO - [2023-06-14T14:55:54.225+0000] {dag.py:3486} INFO - Setting next_dagrun for example_trigger_controller_dag to 2021-01-01T00:00:00+00:00, run_after=2021-01-01T00:00:00+00:00
[2023-06-14T14:55:54.252+0000] {processor.py:179} INFO - Processing /usr/local/lib/python3.8/dist-packages/airflow/example_dags/example_trigger_controller_dag.py took 0.080 seconds
[2023-06-14T14:56:46.356+0000] {processor.py:157} INFO - Started process (PID=10965) to work on /usr/local/lib/python3.8/dist-packages/airflow/example_dags/example_trigger_controller_dag.py
[2023-06-14T14:56:46.357+0000] {processor.py:826} INFO - Processing file /usr/local/lib/python3.8/dist-packages/airflow/example_dags/example_trigger_controller_dag.py for tasks to queue
[2023-06-14T14:56:46.360+0000] {logging_mixin.py:149} INFO - [2023-06-14T14:56:46.359+0000] {dagbag.py:541} INFO - Filling up the DagBag from /usr/local/lib/python3.8/dist-packages/airflow/example_dags/example_trigger_controller_dag.py
[2023-06-14T14:56:46.364+0000] {processor.py:836} INFO - DAG(s) dict_keys(['example_trigger_controller_dag']) retrieved from /usr/local/lib/python3.8/dist-packages/airflow/example_dags/example_trigger_controller_dag.py
[2023-06-14T14:56:46.386+0000] {logging_mixin.py:149} INFO - [2023-06-14T14:56:46.385+0000] {dag.py:2726} INFO - Sync 1 DAGs
[2023-06-14T14:56:46.406+0000] {logging_mixin.py:149} INFO - [2023-06-14T14:56:46.406+0000] {dag.py:3486} INFO - Setting next_dagrun for example_trigger_controller_dag to 2021-01-01T00:00:00+00:00, run_after=2021-01-01T00:00:00+00:00
[2023-06-14T14:56:46.436+0000] {processor.py:179} INFO - Processing /usr/local/lib/python3.8/dist-packages/airflow/example_dags/example_trigger_controller_dag.py took 0.084 seconds
[2023-06-14T14:57:35.212+0000] {processor.py:157} INFO - Started process (PID=11123) to work on /usr/local/lib/python3.8/dist-packages/airflow/example_dags/example_trigger_controller_dag.py
[2023-06-14T14:57:35.213+0000] {processor.py:826} INFO - Processing file /usr/local/lib/python3.8/dist-packages/airflow/example_dags/example_trigger_controller_dag.py for tasks to queue
[2023-06-14T14:57:35.215+0000] {logging_mixin.py:149} INFO - [2023-06-14T14:57:35.215+0000] {dagbag.py:541} INFO - Filling up the DagBag from /usr/local/lib/python3.8/dist-packages/airflow/example_dags/example_trigger_controller_dag.py
[2023-06-14T14:57:35.225+0000] {processor.py:836} INFO - DAG(s) dict_keys(['example_trigger_controller_dag']) retrieved from /usr/local/lib/python3.8/dist-packages/airflow/example_dags/example_trigger_controller_dag.py
[2023-06-14T14:57:35.247+0000] {logging_mixin.py:149} INFO - [2023-06-14T14:57:35.247+0000] {dag.py:2726} INFO - Sync 1 DAGs
[2023-06-14T14:57:35.268+0000] {logging_mixin.py:149} INFO - [2023-06-14T14:57:35.268+0000] {dag.py:3486} INFO - Setting next_dagrun for example_trigger_controller_dag to 2021-01-01T00:00:00+00:00, run_after=2021-01-01T00:00:00+00:00
[2023-06-14T14:57:35.299+0000] {processor.py:179} INFO - Processing /usr/local/lib/python3.8/dist-packages/airflow/example_dags/example_trigger_controller_dag.py took 0.091 seconds
[2023-06-14T14:58:29.118+0000] {processor.py:157} INFO - Started process (PID=11279) to work on /usr/local/lib/python3.8/dist-packages/airflow/example_dags/example_trigger_controller_dag.py
[2023-06-14T14:58:29.119+0000] {processor.py:826} INFO - Processing file /usr/local/lib/python3.8/dist-packages/airflow/example_dags/example_trigger_controller_dag.py for tasks to queue
[2023-06-14T14:58:29.122+0000] {logging_mixin.py:149} INFO - [2023-06-14T14:58:29.122+0000] {dagbag.py:541} INFO - Filling up the DagBag from /usr/local/lib/python3.8/dist-packages/airflow/example_dags/example_trigger_controller_dag.py
[2023-06-14T14:58:29.127+0000] {processor.py:836} INFO - DAG(s) dict_keys(['example_trigger_controller_dag']) retrieved from /usr/local/lib/python3.8/dist-packages/airflow/example_dags/example_trigger_controller_dag.py
[2023-06-14T14:58:29.148+0000] {logging_mixin.py:149} INFO - [2023-06-14T14:58:29.148+0000] {dag.py:2726} INFO - Sync 1 DAGs
[2023-06-14T14:58:29.169+0000] {logging_mixin.py:149} INFO - [2023-06-14T14:58:29.169+0000] {dag.py:3486} INFO - Setting next_dagrun for example_trigger_controller_dag to 2021-01-01T00:00:00+00:00, run_after=2021-01-01T00:00:00+00:00
[2023-06-14T14:58:29.199+0000] {processor.py:179} INFO - Processing /usr/local/lib/python3.8/dist-packages/airflow/example_dags/example_trigger_controller_dag.py took 0.085 seconds
[2023-06-14T14:59:14.704+0000] {processor.py:157} INFO - Started process (PID=11534) to work on /usr/local/lib/python3.8/dist-packages/airflow/example_dags/example_trigger_controller_dag.py
[2023-06-14T14:59:14.705+0000] {processor.py:826} INFO - Processing file /usr/local/lib/python3.8/dist-packages/airflow/example_dags/example_trigger_controller_dag.py for tasks to queue
[2023-06-14T14:59:14.708+0000] {logging_mixin.py:149} INFO - [2023-06-14T14:59:14.708+0000] {dagbag.py:541} INFO - Filling up the DagBag from /usr/local/lib/python3.8/dist-packages/airflow/example_dags/example_trigger_controller_dag.py
[2023-06-14T14:59:14.713+0000] {processor.py:836} INFO - DAG(s) dict_keys(['example_trigger_controller_dag']) retrieved from /usr/local/lib/python3.8/dist-packages/airflow/example_dags/example_trigger_controller_dag.py
[2023-06-14T14:59:14.733+0000] {logging_mixin.py:149} INFO - [2023-06-14T14:59:14.733+0000] {dag.py:2726} INFO - Sync 1 DAGs
[2023-06-14T14:59:14.753+0000] {logging_mixin.py:149} INFO - [2023-06-14T14:59:14.753+0000] {dag.py:3486} INFO - Setting next_dagrun for example_trigger_controller_dag to 2021-01-01T00:00:00+00:00, run_after=2021-01-01T00:00:00+00:00
[2023-06-14T14:59:14.779+0000] {processor.py:179} INFO - Processing /usr/local/lib/python3.8/dist-packages/airflow/example_dags/example_trigger_controller_dag.py took 0.078 seconds
[2023-06-14T15:00:00.222+0000] {processor.py:157} INFO - Started process (PID=11685) to work on /usr/local/lib/python3.8/dist-packages/airflow/example_dags/example_trigger_controller_dag.py
[2023-06-14T15:00:00.224+0000] {processor.py:826} INFO - Processing file /usr/local/lib/python3.8/dist-packages/airflow/example_dags/example_trigger_controller_dag.py for tasks to queue
[2023-06-14T15:00:00.226+0000] {logging_mixin.py:149} INFO - [2023-06-14T15:00:00.226+0000] {dagbag.py:541} INFO - Filling up the DagBag from /usr/local/lib/python3.8/dist-packages/airflow/example_dags/example_trigger_controller_dag.py
[2023-06-14T15:00:00.231+0000] {processor.py:836} INFO - DAG(s) dict_keys(['example_trigger_controller_dag']) retrieved from /usr/local/lib/python3.8/dist-packages/airflow/example_dags/example_trigger_controller_dag.py
[2023-06-14T15:00:00.252+0000] {logging_mixin.py:149} INFO - [2023-06-14T15:00:00.252+0000] {dag.py:2726} INFO - Sync 1 DAGs
[2023-06-14T15:00:00.272+0000] {logging_mixin.py:149} INFO - [2023-06-14T15:00:00.272+0000] {dag.py:3486} INFO - Setting next_dagrun for example_trigger_controller_dag to 2021-01-01T00:00:00+00:00, run_after=2021-01-01T00:00:00+00:00
[2023-06-14T15:00:00.296+0000] {processor.py:179} INFO - Processing /usr/local/lib/python3.8/dist-packages/airflow/example_dags/example_trigger_controller_dag.py took 0.078 seconds
[2023-06-14T15:00:51.903+0000] {processor.py:157} INFO - Started process (PID=11737) to work on /usr/local/lib/python3.8/dist-packages/airflow/example_dags/example_trigger_controller_dag.py
[2023-06-14T15:00:51.906+0000] {processor.py:826} INFO - Processing file /usr/local/lib/python3.8/dist-packages/airflow/example_dags/example_trigger_controller_dag.py for tasks to queue
[2023-06-14T15:00:51.909+0000] {logging_mixin.py:149} INFO - [2023-06-14T15:00:51.909+0000] {dagbag.py:541} INFO - Filling up the DagBag from /usr/local/lib/python3.8/dist-packages/airflow/example_dags/example_trigger_controller_dag.py
[2023-06-14T15:00:51.914+0000] {processor.py:836} INFO - DAG(s) dict_keys(['example_trigger_controller_dag']) retrieved from /usr/local/lib/python3.8/dist-packages/airflow/example_dags/example_trigger_controller_dag.py
[2023-06-14T15:00:51.936+0000] {logging_mixin.py:149} INFO - [2023-06-14T15:00:51.935+0000] {dag.py:2726} INFO - Sync 1 DAGs
[2023-06-14T15:00:51.957+0000] {logging_mixin.py:149} INFO - [2023-06-14T15:00:51.957+0000] {dag.py:3486} INFO - Setting next_dagrun for example_trigger_controller_dag to 2021-01-01T00:00:00+00:00, run_after=2021-01-01T00:00:00+00:00
[2023-06-14T15:00:51.984+0000] {processor.py:179} INFO - Processing /usr/local/lib/python3.8/dist-packages/airflow/example_dags/example_trigger_controller_dag.py took 0.088 seconds
[2023-06-14T15:01:45.045+0000] {processor.py:157} INFO - Started process (PID=11895) to work on /usr/local/lib/python3.8/dist-packages/airflow/example_dags/example_trigger_controller_dag.py
[2023-06-14T15:01:45.046+0000] {processor.py:826} INFO - Processing file /usr/local/lib/python3.8/dist-packages/airflow/example_dags/example_trigger_controller_dag.py for tasks to queue
[2023-06-14T15:01:45.048+0000] {logging_mixin.py:149} INFO - [2023-06-14T15:01:45.048+0000] {dagbag.py:541} INFO - Filling up the DagBag from /usr/local/lib/python3.8/dist-packages/airflow/example_dags/example_trigger_controller_dag.py
[2023-06-14T15:01:45.053+0000] {processor.py:836} INFO - DAG(s) dict_keys(['example_trigger_controller_dag']) retrieved from /usr/local/lib/python3.8/dist-packages/airflow/example_dags/example_trigger_controller_dag.py
[2023-06-14T15:01:45.075+0000] {logging_mixin.py:149} INFO - [2023-06-14T15:01:45.074+0000] {dag.py:2726} INFO - Sync 1 DAGs
[2023-06-14T15:01:45.095+0000] {logging_mixin.py:149} INFO - [2023-06-14T15:01:45.095+0000] {dag.py:3486} INFO - Setting next_dagrun for example_trigger_controller_dag to 2021-01-01T00:00:00+00:00, run_after=2021-01-01T00:00:00+00:00
[2023-06-14T15:01:45.123+0000] {processor.py:179} INFO - Processing /usr/local/lib/python3.8/dist-packages/airflow/example_dags/example_trigger_controller_dag.py took 0.082 seconds
[2023-06-14T15:02:33.093+0000] {processor.py:157} INFO - Started process (PID=12057) to work on /usr/local/lib/python3.8/dist-packages/airflow/example_dags/example_trigger_controller_dag.py
[2023-06-14T15:02:33.094+0000] {processor.py:826} INFO - Processing file /usr/local/lib/python3.8/dist-packages/airflow/example_dags/example_trigger_controller_dag.py for tasks to queue
[2023-06-14T15:02:33.096+0000] {logging_mixin.py:149} INFO - [2023-06-14T15:02:33.096+0000] {dagbag.py:541} INFO - Filling up the DagBag from /usr/local/lib/python3.8/dist-packages/airflow/example_dags/example_trigger_controller_dag.py
[2023-06-14T15:02:33.101+0000] {processor.py:836} INFO - DAG(s) dict_keys(['example_trigger_controller_dag']) retrieved from /usr/local/lib/python3.8/dist-packages/airflow/example_dags/example_trigger_controller_dag.py
[2023-06-14T15:02:33.122+0000] {logging_mixin.py:149} INFO - [2023-06-14T15:02:33.122+0000] {dag.py:2726} INFO - Sync 1 DAGs
[2023-06-14T15:02:33.142+0000] {logging_mixin.py:149} INFO - [2023-06-14T15:02:33.142+0000] {dag.py:3486} INFO - Setting next_dagrun for example_trigger_controller_dag to 2021-01-01T00:00:00+00:00, run_after=2021-01-01T00:00:00+00:00
[2023-06-14T15:02:33.167+0000] {processor.py:179} INFO - Processing /usr/local/lib/python3.8/dist-packages/airflow/example_dags/example_trigger_controller_dag.py took 0.079 seconds
[2023-06-14T15:03:24.593+0000] {processor.py:157} INFO - Started process (PID=12315) to work on /usr/local/lib/python3.8/dist-packages/airflow/example_dags/example_trigger_controller_dag.py
[2023-06-14T15:03:24.595+0000] {processor.py:826} INFO - Processing file /usr/local/lib/python3.8/dist-packages/airflow/example_dags/example_trigger_controller_dag.py for tasks to queue
[2023-06-14T15:03:24.597+0000] {logging_mixin.py:149} INFO - [2023-06-14T15:03:24.597+0000] {dagbag.py:541} INFO - Filling up the DagBag from /usr/local/lib/python3.8/dist-packages/airflow/example_dags/example_trigger_controller_dag.py
[2023-06-14T15:03:24.602+0000] {processor.py:836} INFO - DAG(s) dict_keys(['example_trigger_controller_dag']) retrieved from /usr/local/lib/python3.8/dist-packages/airflow/example_dags/example_trigger_controller_dag.py
[2023-06-14T15:03:24.623+0000] {logging_mixin.py:149} INFO - [2023-06-14T15:03:24.623+0000] {dag.py:2726} INFO - Sync 1 DAGs
[2023-06-14T15:03:24.644+0000] {logging_mixin.py:149} INFO - [2023-06-14T15:03:24.643+0000] {dag.py:3486} INFO - Setting next_dagrun for example_trigger_controller_dag to 2021-01-01T00:00:00+00:00, run_after=2021-01-01T00:00:00+00:00
[2023-06-14T15:03:24.671+0000] {processor.py:179} INFO - Processing /usr/local/lib/python3.8/dist-packages/airflow/example_dags/example_trigger_controller_dag.py took 0.082 seconds
[2023-06-14T15:04:16.238+0000] {processor.py:157} INFO - Started process (PID=12575) to work on /usr/local/lib/python3.8/dist-packages/airflow/example_dags/example_trigger_controller_dag.py
[2023-06-14T15:04:16.239+0000] {processor.py:826} INFO - Processing file /usr/local/lib/python3.8/dist-packages/airflow/example_dags/example_trigger_controller_dag.py for tasks to queue
[2023-06-14T15:04:16.241+0000] {logging_mixin.py:149} INFO - [2023-06-14T15:04:16.241+0000] {dagbag.py:541} INFO - Filling up the DagBag from /usr/local/lib/python3.8/dist-packages/airflow/example_dags/example_trigger_controller_dag.py
[2023-06-14T15:04:16.246+0000] {processor.py:836} INFO - DAG(s) dict_keys(['example_trigger_controller_dag']) retrieved from /usr/local/lib/python3.8/dist-packages/airflow/example_dags/example_trigger_controller_dag.py
[2023-06-14T15:04:16.268+0000] {logging_mixin.py:149} INFO - [2023-06-14T15:04:16.267+0000] {dag.py:2726} INFO - Sync 1 DAGs
[2023-06-14T15:04:16.289+0000] {logging_mixin.py:149} INFO - [2023-06-14T15:04:16.288+0000] {dag.py:3486} INFO - Setting next_dagrun for example_trigger_controller_dag to 2021-01-01T00:00:00+00:00, run_after=2021-01-01T00:00:00+00:00
[2023-06-14T15:04:16.319+0000] {processor.py:179} INFO - Processing /usr/local/lib/python3.8/dist-packages/airflow/example_dags/example_trigger_controller_dag.py took 0.086 seconds
[2023-06-14T15:05:09.215+0000] {processor.py:157} INFO - Started process (PID=12932) to work on /usr/local/lib/python3.8/dist-packages/airflow/example_dags/example_trigger_controller_dag.py
[2023-06-14T15:05:09.216+0000] {processor.py:826} INFO - Processing file /usr/local/lib/python3.8/dist-packages/airflow/example_dags/example_trigger_controller_dag.py for tasks to queue
[2023-06-14T15:05:09.218+0000] {logging_mixin.py:149} INFO - [2023-06-14T15:05:09.218+0000] {dagbag.py:541} INFO - Filling up the DagBag from /usr/local/lib/python3.8/dist-packages/airflow/example_dags/example_trigger_controller_dag.py
[2023-06-14T15:05:09.223+0000] {processor.py:836} INFO - DAG(s) dict_keys(['example_trigger_controller_dag']) retrieved from /usr/local/lib/python3.8/dist-packages/airflow/example_dags/example_trigger_controller_dag.py
[2023-06-14T15:05:09.249+0000] {logging_mixin.py:149} INFO - [2023-06-14T15:05:09.248+0000] {dag.py:2726} INFO - Sync 1 DAGs
[2023-06-14T15:05:09.286+0000] {logging_mixin.py:149} INFO - [2023-06-14T15:05:09.286+0000] {dag.py:3486} INFO - Setting next_dagrun for example_trigger_controller_dag to 2021-01-01T00:00:00+00:00, run_after=2021-01-01T00:00:00+00:00
[2023-06-14T15:05:09.313+0000] {processor.py:179} INFO - Processing /usr/local/lib/python3.8/dist-packages/airflow/example_dags/example_trigger_controller_dag.py took 0.103 seconds
[2023-06-14T15:06:07.735+0000] {processor.py:157} INFO - Started process (PID=13128) to work on /usr/local/lib/python3.8/dist-packages/airflow/example_dags/example_trigger_controller_dag.py
[2023-06-14T15:06:07.736+0000] {processor.py:826} INFO - Processing file /usr/local/lib/python3.8/dist-packages/airflow/example_dags/example_trigger_controller_dag.py for tasks to queue
[2023-06-14T15:06:07.739+0000] {logging_mixin.py:149} INFO - [2023-06-14T15:06:07.738+0000] {dagbag.py:541} INFO - Filling up the DagBag from /usr/local/lib/python3.8/dist-packages/airflow/example_dags/example_trigger_controller_dag.py
[2023-06-14T15:06:07.743+0000] {processor.py:836} INFO - DAG(s) dict_keys(['example_trigger_controller_dag']) retrieved from /usr/local/lib/python3.8/dist-packages/airflow/example_dags/example_trigger_controller_dag.py
[2023-06-14T15:06:07.764+0000] {logging_mixin.py:149} INFO - [2023-06-14T15:06:07.764+0000] {dag.py:2726} INFO - Sync 1 DAGs
[2023-06-14T15:06:07.784+0000] {logging_mixin.py:149} INFO - [2023-06-14T15:06:07.784+0000] {dag.py:3486} INFO - Setting next_dagrun for example_trigger_controller_dag to 2021-01-01T00:00:00+00:00, run_after=2021-01-01T00:00:00+00:00
[2023-06-14T15:06:07.810+0000] {processor.py:179} INFO - Processing /usr/local/lib/python3.8/dist-packages/airflow/example_dags/example_trigger_controller_dag.py took 0.079 seconds
[2023-06-14T15:06:58.351+0000] {processor.py:157} INFO - Started process (PID=13388) to work on /usr/local/lib/python3.8/dist-packages/airflow/example_dags/example_trigger_controller_dag.py
[2023-06-14T15:06:58.353+0000] {processor.py:826} INFO - Processing file /usr/local/lib/python3.8/dist-packages/airflow/example_dags/example_trigger_controller_dag.py for tasks to queue
[2023-06-14T15:06:58.355+0000] {logging_mixin.py:149} INFO - [2023-06-14T15:06:58.355+0000] {dagbag.py:541} INFO - Filling up the DagBag from /usr/local/lib/python3.8/dist-packages/airflow/example_dags/example_trigger_controller_dag.py
[2023-06-14T15:06:58.360+0000] {processor.py:836} INFO - DAG(s) dict_keys(['example_trigger_controller_dag']) retrieved from /usr/local/lib/python3.8/dist-packages/airflow/example_dags/example_trigger_controller_dag.py
[2023-06-14T15:06:58.382+0000] {logging_mixin.py:149} INFO - [2023-06-14T15:06:58.382+0000] {dag.py:2726} INFO - Sync 1 DAGs
[2023-06-14T15:06:58.405+0000] {logging_mixin.py:149} INFO - [2023-06-14T15:06:58.404+0000] {dag.py:3486} INFO - Setting next_dagrun for example_trigger_controller_dag to 2021-01-01T00:00:00+00:00, run_after=2021-01-01T00:00:00+00:00
[2023-06-14T15:06:58.433+0000] {processor.py:179} INFO - Processing /usr/local/lib/python3.8/dist-packages/airflow/example_dags/example_trigger_controller_dag.py took 0.086 seconds
[2023-06-14T15:07:50.100+0000] {processor.py:157} INFO - Started process (PID=13454) to work on /usr/local/lib/python3.8/dist-packages/airflow/example_dags/example_trigger_controller_dag.py
[2023-06-14T15:07:50.101+0000] {processor.py:826} INFO - Processing file /usr/local/lib/python3.8/dist-packages/airflow/example_dags/example_trigger_controller_dag.py for tasks to queue
[2023-06-14T15:07:50.103+0000] {logging_mixin.py:149} INFO - [2023-06-14T15:07:50.103+0000] {dagbag.py:541} INFO - Filling up the DagBag from /usr/local/lib/python3.8/dist-packages/airflow/example_dags/example_trigger_controller_dag.py
[2023-06-14T15:07:50.108+0000] {processor.py:836} INFO - DAG(s) dict_keys(['example_trigger_controller_dag']) retrieved from /usr/local/lib/python3.8/dist-packages/airflow/example_dags/example_trigger_controller_dag.py
[2023-06-14T15:07:50.130+0000] {logging_mixin.py:149} INFO - [2023-06-14T15:07:50.129+0000] {dag.py:2726} INFO - Sync 1 DAGs
[2023-06-14T15:07:50.149+0000] {logging_mixin.py:149} INFO - [2023-06-14T15:07:50.149+0000] {dag.py:3486} INFO - Setting next_dagrun for example_trigger_controller_dag to 2021-01-01T00:00:00+00:00, run_after=2021-01-01T00:00:00+00:00
[2023-06-14T15:07:50.176+0000] {processor.py:179} INFO - Processing /usr/local/lib/python3.8/dist-packages/airflow/example_dags/example_trigger_controller_dag.py took 0.081 seconds
[2023-06-14T15:08:39.370+0000] {processor.py:157} INFO - Started process (PID=13609) to work on /usr/local/lib/python3.8/dist-packages/airflow/example_dags/example_trigger_controller_dag.py
[2023-06-14T15:08:39.371+0000] {processor.py:826} INFO - Processing file /usr/local/lib/python3.8/dist-packages/airflow/example_dags/example_trigger_controller_dag.py for tasks to queue
[2023-06-14T15:08:39.374+0000] {logging_mixin.py:149} INFO - [2023-06-14T15:08:39.374+0000] {dagbag.py:541} INFO - Filling up the DagBag from /usr/local/lib/python3.8/dist-packages/airflow/example_dags/example_trigger_controller_dag.py
[2023-06-14T15:08:39.378+0000] {processor.py:836} INFO - DAG(s) dict_keys(['example_trigger_controller_dag']) retrieved from /usr/local/lib/python3.8/dist-packages/airflow/example_dags/example_trigger_controller_dag.py
[2023-06-14T15:08:39.400+0000] {logging_mixin.py:149} INFO - [2023-06-14T15:08:39.400+0000] {dag.py:2726} INFO - Sync 1 DAGs
[2023-06-14T15:08:39.421+0000] {logging_mixin.py:149} INFO - [2023-06-14T15:08:39.421+0000] {dag.py:3486} INFO - Setting next_dagrun for example_trigger_controller_dag to 2021-01-01T00:00:00+00:00, run_after=2021-01-01T00:00:00+00:00
[2023-06-14T15:08:39.450+0000] {processor.py:179} INFO - Processing /usr/local/lib/python3.8/dist-packages/airflow/example_dags/example_trigger_controller_dag.py took 0.084 seconds
[2023-06-14T15:09:27.092+0000] {processor.py:157} INFO - Started process (PID=13864) to work on /usr/local/lib/python3.8/dist-packages/airflow/example_dags/example_trigger_controller_dag.py
[2023-06-14T15:09:27.094+0000] {processor.py:826} INFO - Processing file /usr/local/lib/python3.8/dist-packages/airflow/example_dags/example_trigger_controller_dag.py for tasks to queue
[2023-06-14T15:09:27.096+0000] {logging_mixin.py:149} INFO - [2023-06-14T15:09:27.096+0000] {dagbag.py:541} INFO - Filling up the DagBag from /usr/local/lib/python3.8/dist-packages/airflow/example_dags/example_trigger_controller_dag.py
[2023-06-14T15:09:27.101+0000] {processor.py:836} INFO - DAG(s) dict_keys(['example_trigger_controller_dag']) retrieved from /usr/local/lib/python3.8/dist-packages/airflow/example_dags/example_trigger_controller_dag.py
[2023-06-14T15:09:27.122+0000] {logging_mixin.py:149} INFO - [2023-06-14T15:09:27.121+0000] {dag.py:2726} INFO - Sync 1 DAGs
[2023-06-14T15:09:27.142+0000] {logging_mixin.py:149} INFO - [2023-06-14T15:09:27.142+0000] {dag.py:3486} INFO - Setting next_dagrun for example_trigger_controller_dag to 2021-01-01T00:00:00+00:00, run_after=2021-01-01T00:00:00+00:00
[2023-06-14T15:09:27.169+0000] {processor.py:179} INFO - Processing /usr/local/lib/python3.8/dist-packages/airflow/example_dags/example_trigger_controller_dag.py took 0.080 seconds
[2023-06-14T15:10:19.966+0000] {processor.py:157} INFO - Started process (PID=14019) to work on /usr/local/lib/python3.8/dist-packages/airflow/example_dags/example_trigger_controller_dag.py
[2023-06-14T15:10:19.967+0000] {processor.py:826} INFO - Processing file /usr/local/lib/python3.8/dist-packages/airflow/example_dags/example_trigger_controller_dag.py for tasks to queue
[2023-06-14T15:10:19.970+0000] {logging_mixin.py:149} INFO - [2023-06-14T15:10:19.970+0000] {dagbag.py:541} INFO - Filling up the DagBag from /usr/local/lib/python3.8/dist-packages/airflow/example_dags/example_trigger_controller_dag.py
[2023-06-14T15:10:19.975+0000] {processor.py:836} INFO - DAG(s) dict_keys(['example_trigger_controller_dag']) retrieved from /usr/local/lib/python3.8/dist-packages/airflow/example_dags/example_trigger_controller_dag.py
[2023-06-14T15:10:19.996+0000] {logging_mixin.py:149} INFO - [2023-06-14T15:10:19.995+0000] {dag.py:2726} INFO - Sync 1 DAGs
[2023-06-14T15:10:20.015+0000] {logging_mixin.py:149} INFO - [2023-06-14T15:10:20.015+0000] {dag.py:3486} INFO - Setting next_dagrun for example_trigger_controller_dag to 2021-01-01T00:00:00+00:00, run_after=2021-01-01T00:00:00+00:00
[2023-06-14T15:10:20.042+0000] {processor.py:179} INFO - Processing /usr/local/lib/python3.8/dist-packages/airflow/example_dags/example_trigger_controller_dag.py took 0.080 seconds
[2023-06-14T15:11:07.026+0000] {processor.py:157} INFO - Started process (PID=14174) to work on /usr/local/lib/python3.8/dist-packages/airflow/example_dags/example_trigger_controller_dag.py
[2023-06-14T15:11:07.027+0000] {processor.py:826} INFO - Processing file /usr/local/lib/python3.8/dist-packages/airflow/example_dags/example_trigger_controller_dag.py for tasks to queue
[2023-06-14T15:11:07.030+0000] {logging_mixin.py:149} INFO - [2023-06-14T15:11:07.030+0000] {dagbag.py:541} INFO - Filling up the DagBag from /usr/local/lib/python3.8/dist-packages/airflow/example_dags/example_trigger_controller_dag.py
[2023-06-14T15:11:07.035+0000] {processor.py:836} INFO - DAG(s) dict_keys(['example_trigger_controller_dag']) retrieved from /usr/local/lib/python3.8/dist-packages/airflow/example_dags/example_trigger_controller_dag.py
[2023-06-14T15:11:07.056+0000] {logging_mixin.py:149} INFO - [2023-06-14T15:11:07.055+0000] {dag.py:2726} INFO - Sync 1 DAGs
[2023-06-14T15:11:07.075+0000] {logging_mixin.py:149} INFO - [2023-06-14T15:11:07.075+0000] {dag.py:3486} INFO - Setting next_dagrun for example_trigger_controller_dag to 2021-01-01T00:00:00+00:00, run_after=2021-01-01T00:00:00+00:00
[2023-06-14T15:11:07.102+0000] {processor.py:179} INFO - Processing /usr/local/lib/python3.8/dist-packages/airflow/example_dags/example_trigger_controller_dag.py took 0.080 seconds
[2023-06-14T15:11:56.871+0000] {processor.py:157} INFO - Started process (PID=14326) to work on /usr/local/lib/python3.8/dist-packages/airflow/example_dags/example_trigger_controller_dag.py
[2023-06-14T15:11:56.872+0000] {processor.py:826} INFO - Processing file /usr/local/lib/python3.8/dist-packages/airflow/example_dags/example_trigger_controller_dag.py for tasks to queue
[2023-06-14T15:11:56.875+0000] {logging_mixin.py:149} INFO - [2023-06-14T15:11:56.875+0000] {dagbag.py:541} INFO - Filling up the DagBag from /usr/local/lib/python3.8/dist-packages/airflow/example_dags/example_trigger_controller_dag.py
[2023-06-14T15:11:56.880+0000] {processor.py:836} INFO - DAG(s) dict_keys(['example_trigger_controller_dag']) retrieved from /usr/local/lib/python3.8/dist-packages/airflow/example_dags/example_trigger_controller_dag.py
[2023-06-14T15:11:56.901+0000] {logging_mixin.py:149} INFO - [2023-06-14T15:11:56.901+0000] {dag.py:2726} INFO - Sync 1 DAGs
[2023-06-14T15:11:56.922+0000] {logging_mixin.py:149} INFO - [2023-06-14T15:11:56.922+0000] {dag.py:3486} INFO - Setting next_dagrun for example_trigger_controller_dag to 2021-01-01T00:00:00+00:00, run_after=2021-01-01T00:00:00+00:00
[2023-06-14T15:11:56.952+0000] {processor.py:179} INFO - Processing /usr/local/lib/python3.8/dist-packages/airflow/example_dags/example_trigger_controller_dag.py took 0.085 seconds
[2023-06-14T15:12:47.755+0000] {processor.py:157} INFO - Started process (PID=14384) to work on /usr/local/lib/python3.8/dist-packages/airflow/example_dags/example_trigger_controller_dag.py
[2023-06-14T15:12:47.756+0000] {processor.py:826} INFO - Processing file /usr/local/lib/python3.8/dist-packages/airflow/example_dags/example_trigger_controller_dag.py for tasks to queue
[2023-06-14T15:12:47.759+0000] {logging_mixin.py:149} INFO - [2023-06-14T15:12:47.759+0000] {dagbag.py:541} INFO - Filling up the DagBag from /usr/local/lib/python3.8/dist-packages/airflow/example_dags/example_trigger_controller_dag.py
[2023-06-14T15:12:47.764+0000] {processor.py:836} INFO - DAG(s) dict_keys(['example_trigger_controller_dag']) retrieved from /usr/local/lib/python3.8/dist-packages/airflow/example_dags/example_trigger_controller_dag.py
[2023-06-14T15:12:47.786+0000] {logging_mixin.py:149} INFO - [2023-06-14T15:12:47.786+0000] {dag.py:2726} INFO - Sync 1 DAGs
[2023-06-14T15:12:47.806+0000] {logging_mixin.py:149} INFO - [2023-06-14T15:12:47.806+0000] {dag.py:3486} INFO - Setting next_dagrun for example_trigger_controller_dag to 2021-01-01T00:00:00+00:00, run_after=2021-01-01T00:00:00+00:00
[2023-06-14T15:12:47.834+0000] {processor.py:179} INFO - Processing /usr/local/lib/python3.8/dist-packages/airflow/example_dags/example_trigger_controller_dag.py took 0.087 seconds
[2023-06-14T15:13:39.992+0000] {processor.py:157} INFO - Started process (PID=14540) to work on /usr/local/lib/python3.8/dist-packages/airflow/example_dags/example_trigger_controller_dag.py
[2023-06-14T15:13:39.993+0000] {processor.py:826} INFO - Processing file /usr/local/lib/python3.8/dist-packages/airflow/example_dags/example_trigger_controller_dag.py for tasks to queue
[2023-06-14T15:13:39.995+0000] {logging_mixin.py:149} INFO - [2023-06-14T15:13:39.995+0000] {dagbag.py:541} INFO - Filling up the DagBag from /usr/local/lib/python3.8/dist-packages/airflow/example_dags/example_trigger_controller_dag.py
[2023-06-14T15:13:40.001+0000] {processor.py:836} INFO - DAG(s) dict_keys(['example_trigger_controller_dag']) retrieved from /usr/local/lib/python3.8/dist-packages/airflow/example_dags/example_trigger_controller_dag.py
[2023-06-14T15:13:40.023+0000] {logging_mixin.py:149} INFO - [2023-06-14T15:13:40.023+0000] {dag.py:2726} INFO - Sync 1 DAGs
[2023-06-14T15:13:40.050+0000] {logging_mixin.py:149} INFO - [2023-06-14T15:13:40.050+0000] {dag.py:3486} INFO - Setting next_dagrun for example_trigger_controller_dag to 2021-01-01T00:00:00+00:00, run_after=2021-01-01T00:00:00+00:00
[2023-06-14T15:13:40.083+0000] {processor.py:179} INFO - Processing /usr/local/lib/python3.8/dist-packages/airflow/example_dags/example_trigger_controller_dag.py took 0.095 seconds
[2023-06-14T15:14:28.537+0000] {processor.py:157} INFO - Started process (PID=14798) to work on /usr/local/lib/python3.8/dist-packages/airflow/example_dags/example_trigger_controller_dag.py
[2023-06-14T15:14:28.539+0000] {processor.py:826} INFO - Processing file /usr/local/lib/python3.8/dist-packages/airflow/example_dags/example_trigger_controller_dag.py for tasks to queue
[2023-06-14T15:14:28.541+0000] {logging_mixin.py:149} INFO - [2023-06-14T15:14:28.541+0000] {dagbag.py:541} INFO - Filling up the DagBag from /usr/local/lib/python3.8/dist-packages/airflow/example_dags/example_trigger_controller_dag.py
[2023-06-14T15:14:28.546+0000] {processor.py:836} INFO - DAG(s) dict_keys(['example_trigger_controller_dag']) retrieved from /usr/local/lib/python3.8/dist-packages/airflow/example_dags/example_trigger_controller_dag.py
[2023-06-14T15:14:28.567+0000] {logging_mixin.py:149} INFO - [2023-06-14T15:14:28.567+0000] {dag.py:2726} INFO - Sync 1 DAGs
[2023-06-14T15:14:28.587+0000] {logging_mixin.py:149} INFO - [2023-06-14T15:14:28.587+0000] {dag.py:3486} INFO - Setting next_dagrun for example_trigger_controller_dag to 2021-01-01T00:00:00+00:00, run_after=2021-01-01T00:00:00+00:00
[2023-06-14T15:14:28.613+0000] {processor.py:179} INFO - Processing /usr/local/lib/python3.8/dist-packages/airflow/example_dags/example_trigger_controller_dag.py took 0.079 seconds
[2023-06-14T15:15:19.435+0000] {processor.py:157} INFO - Started process (PID=14952) to work on /usr/local/lib/python3.8/dist-packages/airflow/example_dags/example_trigger_controller_dag.py
[2023-06-14T15:15:19.436+0000] {processor.py:826} INFO - Processing file /usr/local/lib/python3.8/dist-packages/airflow/example_dags/example_trigger_controller_dag.py for tasks to queue
[2023-06-14T15:15:19.439+0000] {logging_mixin.py:149} INFO - [2023-06-14T15:15:19.439+0000] {dagbag.py:541} INFO - Filling up the DagBag from /usr/local/lib/python3.8/dist-packages/airflow/example_dags/example_trigger_controller_dag.py
[2023-06-14T15:15:19.444+0000] {processor.py:836} INFO - DAG(s) dict_keys(['example_trigger_controller_dag']) retrieved from /usr/local/lib/python3.8/dist-packages/airflow/example_dags/example_trigger_controller_dag.py
[2023-06-14T15:15:19.465+0000] {logging_mixin.py:149} INFO - [2023-06-14T15:15:19.464+0000] {dag.py:2726} INFO - Sync 1 DAGs
[2023-06-14T15:15:19.484+0000] {logging_mixin.py:149} INFO - [2023-06-14T15:15:19.484+0000] {dag.py:3486} INFO - Setting next_dagrun for example_trigger_controller_dag to 2021-01-01T00:00:00+00:00, run_after=2021-01-01T00:00:00+00:00
[2023-06-14T15:15:19.519+0000] {processor.py:179} INFO - Processing /usr/local/lib/python3.8/dist-packages/airflow/example_dags/example_trigger_controller_dag.py took 0.089 seconds
