[2023-06-14T14:17:16.419+0000] {processor.py:157} INFO - Started process (PID=1956) to work on /usr/local/lib/python3.8/dist-packages/airflow/example_dags/example_branch_operator_decorator.py
[2023-06-14T14:17:16.420+0000] {processor.py:826} INFO - Processing file /usr/local/lib/python3.8/dist-packages/airflow/example_dags/example_branch_operator_decorator.py for tasks to queue
[2023-06-14T14:17:16.423+0000] {logging_mixin.py:149} INFO - [2023-06-14T14:17:16.422+0000] {dagbag.py:541} INFO - Filling up the DagBag from /usr/local/lib/python3.8/dist-packages/airflow/example_dags/example_branch_operator_decorator.py
[2023-06-14T14:17:16.433+0000] {processor.py:836} INFO - DAG(s) dict_keys(['example_branch_python_operator_decorator']) retrieved from /usr/local/lib/python3.8/dist-packages/airflow/example_dags/example_branch_operator_decorator.py
[2023-06-14T14:17:16.457+0000] {logging_mixin.py:149} INFO - [2023-06-14T14:17:16.457+0000] {dag.py:2726} INFO - Sync 1 DAGs
[2023-06-14T14:17:16.478+0000] {logging_mixin.py:149} INFO - [2023-06-14T14:17:16.478+0000] {dag.py:3486} INFO - Setting next_dagrun for example_branch_python_operator_decorator to 2023-06-13T00:00:00+00:00, run_after=2023-06-14T00:00:00+00:00
[2023-06-14T14:17:16.501+0000] {processor.py:179} INFO - Processing /usr/local/lib/python3.8/dist-packages/airflow/example_dags/example_branch_operator_decorator.py took 0.085 seconds
[2023-06-14T14:19:39.688+0000] {processor.py:157} INFO - Started process (PID=4142) to work on /usr/local/lib/python3.8/dist-packages/airflow/example_dags/example_branch_operator_decorator.py
[2023-06-14T14:19:39.689+0000] {processor.py:826} INFO - Processing file /usr/local/lib/python3.8/dist-packages/airflow/example_dags/example_branch_operator_decorator.py for tasks to queue
[2023-06-14T14:19:39.692+0000] {logging_mixin.py:149} INFO - [2023-06-14T14:19:39.692+0000] {dagbag.py:541} INFO - Filling up the DagBag from /usr/local/lib/python3.8/dist-packages/airflow/example_dags/example_branch_operator_decorator.py
[2023-06-14T14:19:39.703+0000] {processor.py:836} INFO - DAG(s) dict_keys(['example_branch_python_operator_decorator']) retrieved from /usr/local/lib/python3.8/dist-packages/airflow/example_dags/example_branch_operator_decorator.py
[2023-06-14T14:19:39.728+0000] {logging_mixin.py:149} INFO - [2023-06-14T14:19:39.727+0000] {dag.py:2726} INFO - Sync 1 DAGs
[2023-06-14T14:19:39.749+0000] {logging_mixin.py:149} INFO - [2023-06-14T14:19:39.749+0000] {dag.py:3486} INFO - Setting next_dagrun for example_branch_python_operator_decorator to 2023-06-13T00:00:00+00:00, run_after=2023-06-14T00:00:00+00:00
[2023-06-14T14:19:39.774+0000] {processor.py:179} INFO - Processing /usr/local/lib/python3.8/dist-packages/airflow/example_dags/example_branch_operator_decorator.py took 0.090 seconds
[2023-06-14T14:20:38.133+0000] {processor.py:157} INFO - Started process (PID=4303) to work on /usr/local/lib/python3.8/dist-packages/airflow/example_dags/example_branch_operator_decorator.py
[2023-06-14T14:20:38.134+0000] {processor.py:826} INFO - Processing file /usr/local/lib/python3.8/dist-packages/airflow/example_dags/example_branch_operator_decorator.py for tasks to queue
[2023-06-14T14:20:38.137+0000] {logging_mixin.py:149} INFO - [2023-06-14T14:20:38.136+0000] {dagbag.py:541} INFO - Filling up the DagBag from /usr/local/lib/python3.8/dist-packages/airflow/example_dags/example_branch_operator_decorator.py
[2023-06-14T14:20:38.147+0000] {processor.py:836} INFO - DAG(s) dict_keys(['example_branch_python_operator_decorator']) retrieved from /usr/local/lib/python3.8/dist-packages/airflow/example_dags/example_branch_operator_decorator.py
[2023-06-14T14:20:38.170+0000] {logging_mixin.py:149} INFO - [2023-06-14T14:20:38.170+0000] {dag.py:2726} INFO - Sync 1 DAGs
[2023-06-14T14:20:38.192+0000] {logging_mixin.py:149} INFO - [2023-06-14T14:20:38.191+0000] {dag.py:3486} INFO - Setting next_dagrun for example_branch_python_operator_decorator to 2023-06-13T00:00:00+00:00, run_after=2023-06-14T00:00:00+00:00
[2023-06-14T14:20:38.315+0000] {processor.py:179} INFO - Processing /usr/local/lib/python3.8/dist-packages/airflow/example_dags/example_branch_operator_decorator.py took 0.186 seconds
[2023-06-14T14:21:31.431+0000] {processor.py:157} INFO - Started process (PID=4459) to work on /usr/local/lib/python3.8/dist-packages/airflow/example_dags/example_branch_operator_decorator.py
[2023-06-14T14:21:31.432+0000] {processor.py:826} INFO - Processing file /usr/local/lib/python3.8/dist-packages/airflow/example_dags/example_branch_operator_decorator.py for tasks to queue
[2023-06-14T14:21:31.435+0000] {logging_mixin.py:149} INFO - [2023-06-14T14:21:31.435+0000] {dagbag.py:541} INFO - Filling up the DagBag from /usr/local/lib/python3.8/dist-packages/airflow/example_dags/example_branch_operator_decorator.py
[2023-06-14T14:21:31.446+0000] {processor.py:836} INFO - DAG(s) dict_keys(['example_branch_python_operator_decorator']) retrieved from /usr/local/lib/python3.8/dist-packages/airflow/example_dags/example_branch_operator_decorator.py
[2023-06-14T14:21:31.470+0000] {logging_mixin.py:149} INFO - [2023-06-14T14:21:31.469+0000] {dag.py:2726} INFO - Sync 1 DAGs
[2023-06-14T14:21:31.493+0000] {logging_mixin.py:149} INFO - [2023-06-14T14:21:31.492+0000] {dag.py:3486} INFO - Setting next_dagrun for example_branch_python_operator_decorator to 2023-06-13T00:00:00+00:00, run_after=2023-06-14T00:00:00+00:00
[2023-06-14T14:21:31.526+0000] {processor.py:179} INFO - Processing /usr/local/lib/python3.8/dist-packages/airflow/example_dags/example_branch_operator_decorator.py took 0.098 seconds
[2023-06-14T14:22:24.669+0000] {processor.py:157} INFO - Started process (PID=4621) to work on /usr/local/lib/python3.8/dist-packages/airflow/example_dags/example_branch_operator_decorator.py
[2023-06-14T14:22:24.670+0000] {processor.py:826} INFO - Processing file /usr/local/lib/python3.8/dist-packages/airflow/example_dags/example_branch_operator_decorator.py for tasks to queue
[2023-06-14T14:22:24.672+0000] {logging_mixin.py:149} INFO - [2023-06-14T14:22:24.672+0000] {dagbag.py:541} INFO - Filling up the DagBag from /usr/local/lib/python3.8/dist-packages/airflow/example_dags/example_branch_operator_decorator.py
[2023-06-14T14:22:24.683+0000] {processor.py:836} INFO - DAG(s) dict_keys(['example_branch_python_operator_decorator']) retrieved from /usr/local/lib/python3.8/dist-packages/airflow/example_dags/example_branch_operator_decorator.py
[2023-06-14T14:22:24.706+0000] {logging_mixin.py:149} INFO - [2023-06-14T14:22:24.705+0000] {dag.py:2726} INFO - Sync 1 DAGs
[2023-06-14T14:22:24.727+0000] {logging_mixin.py:149} INFO - [2023-06-14T14:22:24.727+0000] {dag.py:3486} INFO - Setting next_dagrun for example_branch_python_operator_decorator to 2023-06-13T00:00:00+00:00, run_after=2023-06-14T00:00:00+00:00
[2023-06-14T14:22:24.754+0000] {processor.py:179} INFO - Processing /usr/local/lib/python3.8/dist-packages/airflow/example_dags/example_branch_operator_decorator.py took 0.089 seconds
[2023-06-14T14:23:16.926+0000] {processor.py:157} INFO - Started process (PID=4779) to work on /usr/local/lib/python3.8/dist-packages/airflow/example_dags/example_branch_operator_decorator.py
[2023-06-14T14:23:16.928+0000] {processor.py:826} INFO - Processing file /usr/local/lib/python3.8/dist-packages/airflow/example_dags/example_branch_operator_decorator.py for tasks to queue
[2023-06-14T14:23:16.930+0000] {logging_mixin.py:149} INFO - [2023-06-14T14:23:16.930+0000] {dagbag.py:541} INFO - Filling up the DagBag from /usr/local/lib/python3.8/dist-packages/airflow/example_dags/example_branch_operator_decorator.py
[2023-06-14T14:23:16.941+0000] {processor.py:836} INFO - DAG(s) dict_keys(['example_branch_python_operator_decorator']) retrieved from /usr/local/lib/python3.8/dist-packages/airflow/example_dags/example_branch_operator_decorator.py
[2023-06-14T14:23:16.963+0000] {logging_mixin.py:149} INFO - [2023-06-14T14:23:16.962+0000] {dag.py:2726} INFO - Sync 1 DAGs
[2023-06-14T14:23:16.984+0000] {logging_mixin.py:149} INFO - [2023-06-14T14:23:16.983+0000] {dag.py:3486} INFO - Setting next_dagrun for example_branch_python_operator_decorator to 2023-06-13T00:00:00+00:00, run_after=2023-06-14T00:00:00+00:00
[2023-06-14T14:23:17.011+0000] {processor.py:179} INFO - Processing /usr/local/lib/python3.8/dist-packages/airflow/example_dags/example_branch_operator_decorator.py took 0.088 seconds
[2023-06-14T14:24:06.105+0000] {processor.py:157} INFO - Started process (PID=5033) to work on /usr/local/lib/python3.8/dist-packages/airflow/example_dags/example_branch_operator_decorator.py
[2023-06-14T14:24:06.106+0000] {processor.py:826} INFO - Processing file /usr/local/lib/python3.8/dist-packages/airflow/example_dags/example_branch_operator_decorator.py for tasks to queue
[2023-06-14T14:24:06.109+0000] {logging_mixin.py:149} INFO - [2023-06-14T14:24:06.109+0000] {dagbag.py:541} INFO - Filling up the DagBag from /usr/local/lib/python3.8/dist-packages/airflow/example_dags/example_branch_operator_decorator.py
[2023-06-14T14:24:06.120+0000] {processor.py:836} INFO - DAG(s) dict_keys(['example_branch_python_operator_decorator']) retrieved from /usr/local/lib/python3.8/dist-packages/airflow/example_dags/example_branch_operator_decorator.py
[2023-06-14T14:24:06.144+0000] {logging_mixin.py:149} INFO - [2023-06-14T14:24:06.143+0000] {dag.py:2726} INFO - Sync 1 DAGs
[2023-06-14T14:24:06.165+0000] {logging_mixin.py:149} INFO - [2023-06-14T14:24:06.165+0000] {dag.py:3486} INFO - Setting next_dagrun for example_branch_python_operator_decorator to 2023-06-13T00:00:00+00:00, run_after=2023-06-14T00:00:00+00:00
[2023-06-14T14:24:06.192+0000] {processor.py:179} INFO - Processing /usr/local/lib/python3.8/dist-packages/airflow/example_dags/example_branch_operator_decorator.py took 0.091 seconds
[2023-06-14T14:24:56.689+0000] {processor.py:157} INFO - Started process (PID=5190) to work on /usr/local/lib/python3.8/dist-packages/airflow/example_dags/example_branch_operator_decorator.py
[2023-06-14T14:24:56.691+0000] {processor.py:826} INFO - Processing file /usr/local/lib/python3.8/dist-packages/airflow/example_dags/example_branch_operator_decorator.py for tasks to queue
[2023-06-14T14:24:56.693+0000] {logging_mixin.py:149} INFO - [2023-06-14T14:24:56.693+0000] {dagbag.py:541} INFO - Filling up the DagBag from /usr/local/lib/python3.8/dist-packages/airflow/example_dags/example_branch_operator_decorator.py
[2023-06-14T14:24:56.703+0000] {processor.py:836} INFO - DAG(s) dict_keys(['example_branch_python_operator_decorator']) retrieved from /usr/local/lib/python3.8/dist-packages/airflow/example_dags/example_branch_operator_decorator.py
[2023-06-14T14:24:56.726+0000] {logging_mixin.py:149} INFO - [2023-06-14T14:24:56.725+0000] {dag.py:2726} INFO - Sync 1 DAGs
[2023-06-14T14:24:56.748+0000] {logging_mixin.py:149} INFO - [2023-06-14T14:24:56.748+0000] {dag.py:3486} INFO - Setting next_dagrun for example_branch_python_operator_decorator to 2023-06-13T00:00:00+00:00, run_after=2023-06-14T00:00:00+00:00
[2023-06-14T14:24:56.821+0000] {processor.py:179} INFO - Processing /usr/local/lib/python3.8/dist-packages/airflow/example_dags/example_branch_operator_decorator.py took 0.135 seconds
[2023-06-14T14:25:44.544+0000] {processor.py:157} INFO - Started process (PID=5239) to work on /usr/local/lib/python3.8/dist-packages/airflow/example_dags/example_branch_operator_decorator.py
[2023-06-14T14:25:44.545+0000] {processor.py:826} INFO - Processing file /usr/local/lib/python3.8/dist-packages/airflow/example_dags/example_branch_operator_decorator.py for tasks to queue
[2023-06-14T14:25:44.547+0000] {logging_mixin.py:149} INFO - [2023-06-14T14:25:44.547+0000] {dagbag.py:541} INFO - Filling up the DagBag from /usr/local/lib/python3.8/dist-packages/airflow/example_dags/example_branch_operator_decorator.py
[2023-06-14T14:25:44.558+0000] {processor.py:836} INFO - DAG(s) dict_keys(['example_branch_python_operator_decorator']) retrieved from /usr/local/lib/python3.8/dist-packages/airflow/example_dags/example_branch_operator_decorator.py
[2023-06-14T14:25:44.581+0000] {logging_mixin.py:149} INFO - [2023-06-14T14:25:44.580+0000] {dag.py:2726} INFO - Sync 1 DAGs
[2023-06-14T14:25:44.602+0000] {logging_mixin.py:149} INFO - [2023-06-14T14:25:44.602+0000] {dag.py:3486} INFO - Setting next_dagrun for example_branch_python_operator_decorator to 2023-06-13T00:00:00+00:00, run_after=2023-06-14T00:00:00+00:00
[2023-06-14T14:25:44.630+0000] {processor.py:179} INFO - Processing /usr/local/lib/python3.8/dist-packages/airflow/example_dags/example_branch_operator_decorator.py took 0.091 seconds
[2023-06-14T14:26:39.492+0000] {processor.py:157} INFO - Started process (PID=5398) to work on /usr/local/lib/python3.8/dist-packages/airflow/example_dags/example_branch_operator_decorator.py
[2023-06-14T14:26:39.494+0000] {processor.py:826} INFO - Processing file /usr/local/lib/python3.8/dist-packages/airflow/example_dags/example_branch_operator_decorator.py for tasks to queue
[2023-06-14T14:26:39.496+0000] {logging_mixin.py:149} INFO - [2023-06-14T14:26:39.496+0000] {dagbag.py:541} INFO - Filling up the DagBag from /usr/local/lib/python3.8/dist-packages/airflow/example_dags/example_branch_operator_decorator.py
[2023-06-14T14:26:39.507+0000] {processor.py:836} INFO - DAG(s) dict_keys(['example_branch_python_operator_decorator']) retrieved from /usr/local/lib/python3.8/dist-packages/airflow/example_dags/example_branch_operator_decorator.py
[2023-06-14T14:26:39.530+0000] {logging_mixin.py:149} INFO - [2023-06-14T14:26:39.530+0000] {dag.py:2726} INFO - Sync 1 DAGs
[2023-06-14T14:26:39.552+0000] {logging_mixin.py:149} INFO - [2023-06-14T14:26:39.552+0000] {dag.py:3486} INFO - Setting next_dagrun for example_branch_python_operator_decorator to 2023-06-13T00:00:00+00:00, run_after=2023-06-14T00:00:00+00:00
[2023-06-14T14:26:39.579+0000] {processor.py:179} INFO - Processing /usr/local/lib/python3.8/dist-packages/airflow/example_dags/example_branch_operator_decorator.py took 0.091 seconds
[2023-06-14T14:27:30.296+0000] {processor.py:157} INFO - Started process (PID=5556) to work on /usr/local/lib/python3.8/dist-packages/airflow/example_dags/example_branch_operator_decorator.py
[2023-06-14T14:27:30.297+0000] {processor.py:826} INFO - Processing file /usr/local/lib/python3.8/dist-packages/airflow/example_dags/example_branch_operator_decorator.py for tasks to queue
[2023-06-14T14:27:30.300+0000] {logging_mixin.py:149} INFO - [2023-06-14T14:27:30.299+0000] {dagbag.py:541} INFO - Filling up the DagBag from /usr/local/lib/python3.8/dist-packages/airflow/example_dags/example_branch_operator_decorator.py
[2023-06-14T14:27:30.310+0000] {processor.py:836} INFO - DAG(s) dict_keys(['example_branch_python_operator_decorator']) retrieved from /usr/local/lib/python3.8/dist-packages/airflow/example_dags/example_branch_operator_decorator.py
[2023-06-14T14:27:30.332+0000] {logging_mixin.py:149} INFO - [2023-06-14T14:27:30.332+0000] {dag.py:2726} INFO - Sync 1 DAGs
[2023-06-14T14:27:30.354+0000] {logging_mixin.py:149} INFO - [2023-06-14T14:27:30.353+0000] {dag.py:3486} INFO - Setting next_dagrun for example_branch_python_operator_decorator to 2023-06-13T00:00:00+00:00, run_after=2023-06-14T00:00:00+00:00
[2023-06-14T14:27:30.380+0000] {processor.py:179} INFO - Processing /usr/local/lib/python3.8/dist-packages/airflow/example_dags/example_branch_operator_decorator.py took 0.088 seconds
[2023-06-14T14:28:24.367+0000] {processor.py:157} INFO - Started process (PID=5714) to work on /usr/local/lib/python3.8/dist-packages/airflow/example_dags/example_branch_operator_decorator.py
[2023-06-14T14:28:24.369+0000] {processor.py:826} INFO - Processing file /usr/local/lib/python3.8/dist-packages/airflow/example_dags/example_branch_operator_decorator.py for tasks to queue
[2023-06-14T14:28:24.371+0000] {logging_mixin.py:149} INFO - [2023-06-14T14:28:24.371+0000] {dagbag.py:541} INFO - Filling up the DagBag from /usr/local/lib/python3.8/dist-packages/airflow/example_dags/example_branch_operator_decorator.py
[2023-06-14T14:28:24.382+0000] {processor.py:836} INFO - DAG(s) dict_keys(['example_branch_python_operator_decorator']) retrieved from /usr/local/lib/python3.8/dist-packages/airflow/example_dags/example_branch_operator_decorator.py
[2023-06-14T14:28:24.404+0000] {logging_mixin.py:149} INFO - [2023-06-14T14:28:24.403+0000] {dag.py:2726} INFO - Sync 1 DAGs
[2023-06-14T14:28:24.425+0000] {logging_mixin.py:149} INFO - [2023-06-14T14:28:24.425+0000] {dag.py:3486} INFO - Setting next_dagrun for example_branch_python_operator_decorator to 2023-06-13T00:00:00+00:00, run_after=2023-06-14T00:00:00+00:00
[2023-06-14T14:28:24.451+0000] {processor.py:179} INFO - Processing /usr/local/lib/python3.8/dist-packages/airflow/example_dags/example_branch_operator_decorator.py took 0.088 seconds
[2023-06-14T14:29:14.712+0000] {processor.py:157} INFO - Started process (PID=5973) to work on /usr/local/lib/python3.8/dist-packages/airflow/example_dags/example_branch_operator_decorator.py
[2023-06-14T14:29:14.714+0000] {processor.py:826} INFO - Processing file /usr/local/lib/python3.8/dist-packages/airflow/example_dags/example_branch_operator_decorator.py for tasks to queue
[2023-06-14T14:29:14.716+0000] {logging_mixin.py:149} INFO - [2023-06-14T14:29:14.716+0000] {dagbag.py:541} INFO - Filling up the DagBag from /usr/local/lib/python3.8/dist-packages/airflow/example_dags/example_branch_operator_decorator.py
[2023-06-14T14:29:14.727+0000] {processor.py:836} INFO - DAG(s) dict_keys(['example_branch_python_operator_decorator']) retrieved from /usr/local/lib/python3.8/dist-packages/airflow/example_dags/example_branch_operator_decorator.py
[2023-06-14T14:29:14.750+0000] {logging_mixin.py:149} INFO - [2023-06-14T14:29:14.749+0000] {dag.py:2726} INFO - Sync 1 DAGs
[2023-06-14T14:29:14.771+0000] {logging_mixin.py:149} INFO - [2023-06-14T14:29:14.771+0000] {dag.py:3486} INFO - Setting next_dagrun for example_branch_python_operator_decorator to 2023-06-13T00:00:00+00:00, run_after=2023-06-14T00:00:00+00:00
[2023-06-14T14:29:14.801+0000] {processor.py:179} INFO - Processing /usr/local/lib/python3.8/dist-packages/airflow/example_dags/example_branch_operator_decorator.py took 0.093 seconds
[2023-06-14T14:30:07.208+0000] {processor.py:157} INFO - Started process (PID=6128) to work on /usr/local/lib/python3.8/dist-packages/airflow/example_dags/example_branch_operator_decorator.py
[2023-06-14T14:30:07.209+0000] {processor.py:826} INFO - Processing file /usr/local/lib/python3.8/dist-packages/airflow/example_dags/example_branch_operator_decorator.py for tasks to queue
[2023-06-14T14:30:07.212+0000] {logging_mixin.py:149} INFO - [2023-06-14T14:30:07.211+0000] {dagbag.py:541} INFO - Filling up the DagBag from /usr/local/lib/python3.8/dist-packages/airflow/example_dags/example_branch_operator_decorator.py
[2023-06-14T14:30:07.222+0000] {processor.py:836} INFO - DAG(s) dict_keys(['example_branch_python_operator_decorator']) retrieved from /usr/local/lib/python3.8/dist-packages/airflow/example_dags/example_branch_operator_decorator.py
[2023-06-14T14:30:07.245+0000] {logging_mixin.py:149} INFO - [2023-06-14T14:30:07.244+0000] {dag.py:2726} INFO - Sync 1 DAGs
[2023-06-14T14:30:07.266+0000] {logging_mixin.py:149} INFO - [2023-06-14T14:30:07.266+0000] {dag.py:3486} INFO - Setting next_dagrun for example_branch_python_operator_decorator to 2023-06-13T00:00:00+00:00, run_after=2023-06-14T00:00:00+00:00
[2023-06-14T14:30:07.295+0000] {processor.py:179} INFO - Processing /usr/local/lib/python3.8/dist-packages/airflow/example_dags/example_branch_operator_decorator.py took 0.092 seconds
[2023-06-14T14:31:02.939+0000] {processor.py:157} INFO - Started process (PID=6287) to work on /usr/local/lib/python3.8/dist-packages/airflow/example_dags/example_branch_operator_decorator.py
[2023-06-14T14:31:02.941+0000] {processor.py:826} INFO - Processing file /usr/local/lib/python3.8/dist-packages/airflow/example_dags/example_branch_operator_decorator.py for tasks to queue
[2023-06-14T14:31:02.943+0000] {logging_mixin.py:149} INFO - [2023-06-14T14:31:02.943+0000] {dagbag.py:541} INFO - Filling up the DagBag from /usr/local/lib/python3.8/dist-packages/airflow/example_dags/example_branch_operator_decorator.py
[2023-06-14T14:31:02.954+0000] {processor.py:836} INFO - DAG(s) dict_keys(['example_branch_python_operator_decorator']) retrieved from /usr/local/lib/python3.8/dist-packages/airflow/example_dags/example_branch_operator_decorator.py
[2023-06-14T14:31:02.975+0000] {logging_mixin.py:149} INFO - [2023-06-14T14:31:02.975+0000] {dag.py:2726} INFO - Sync 1 DAGs
[2023-06-14T14:31:02.997+0000] {logging_mixin.py:149} INFO - [2023-06-14T14:31:02.997+0000] {dag.py:3486} INFO - Setting next_dagrun for example_branch_python_operator_decorator to 2023-06-13T00:00:00+00:00, run_after=2023-06-14T00:00:00+00:00
[2023-06-14T14:31:03.024+0000] {processor.py:179} INFO - Processing /usr/local/lib/python3.8/dist-packages/airflow/example_dags/example_branch_operator_decorator.py took 0.089 seconds
[2023-06-14T14:31:54.516+0000] {processor.py:157} INFO - Started process (PID=6443) to work on /usr/local/lib/python3.8/dist-packages/airflow/example_dags/example_branch_operator_decorator.py
[2023-06-14T14:31:54.518+0000] {processor.py:826} INFO - Processing file /usr/local/lib/python3.8/dist-packages/airflow/example_dags/example_branch_operator_decorator.py for tasks to queue
[2023-06-14T14:31:54.520+0000] {logging_mixin.py:149} INFO - [2023-06-14T14:31:54.520+0000] {dagbag.py:541} INFO - Filling up the DagBag from /usr/local/lib/python3.8/dist-packages/airflow/example_dags/example_branch_operator_decorator.py
[2023-06-14T14:31:54.531+0000] {processor.py:836} INFO - DAG(s) dict_keys(['example_branch_python_operator_decorator']) retrieved from /usr/local/lib/python3.8/dist-packages/airflow/example_dags/example_branch_operator_decorator.py
[2023-06-14T14:31:54.553+0000] {logging_mixin.py:149} INFO - [2023-06-14T14:31:54.553+0000] {dag.py:2726} INFO - Sync 1 DAGs
[2023-06-14T14:31:54.575+0000] {logging_mixin.py:149} INFO - [2023-06-14T14:31:54.575+0000] {dag.py:3486} INFO - Setting next_dagrun for example_branch_python_operator_decorator to 2023-06-13T00:00:00+00:00, run_after=2023-06-14T00:00:00+00:00
[2023-06-14T14:31:54.605+0000] {processor.py:179} INFO - Processing /usr/local/lib/python3.8/dist-packages/airflow/example_dags/example_branch_operator_decorator.py took 0.093 seconds
[2023-06-14T14:32:46.153+0000] {processor.py:157} INFO - Started process (PID=6503) to work on /usr/local/lib/python3.8/dist-packages/airflow/example_dags/example_branch_operator_decorator.py
[2023-06-14T14:32:46.154+0000] {processor.py:826} INFO - Processing file /usr/local/lib/python3.8/dist-packages/airflow/example_dags/example_branch_operator_decorator.py for tasks to queue
[2023-06-14T14:32:46.156+0000] {logging_mixin.py:149} INFO - [2023-06-14T14:32:46.156+0000] {dagbag.py:541} INFO - Filling up the DagBag from /usr/local/lib/python3.8/dist-packages/airflow/example_dags/example_branch_operator_decorator.py
[2023-06-14T14:32:46.167+0000] {processor.py:836} INFO - DAG(s) dict_keys(['example_branch_python_operator_decorator']) retrieved from /usr/local/lib/python3.8/dist-packages/airflow/example_dags/example_branch_operator_decorator.py
[2023-06-14T14:32:46.193+0000] {logging_mixin.py:149} INFO - [2023-06-14T14:32:46.193+0000] {dag.py:2726} INFO - Sync 1 DAGs
[2023-06-14T14:32:46.214+0000] {logging_mixin.py:149} INFO - [2023-06-14T14:32:46.214+0000] {dag.py:3486} INFO - Setting next_dagrun for example_branch_python_operator_decorator to 2023-06-13T00:00:00+00:00, run_after=2023-06-14T00:00:00+00:00
[2023-06-14T14:32:46.243+0000] {processor.py:179} INFO - Processing /usr/local/lib/python3.8/dist-packages/airflow/example_dags/example_branch_operator_decorator.py took 0.094 seconds
[2023-06-14T14:33:34.936+0000] {processor.py:157} INFO - Started process (PID=6656) to work on /usr/local/lib/python3.8/dist-packages/airflow/example_dags/example_branch_operator_decorator.py
[2023-06-14T14:33:34.938+0000] {processor.py:826} INFO - Processing file /usr/local/lib/python3.8/dist-packages/airflow/example_dags/example_branch_operator_decorator.py for tasks to queue
[2023-06-14T14:33:34.940+0000] {logging_mixin.py:149} INFO - [2023-06-14T14:33:34.940+0000] {dagbag.py:541} INFO - Filling up the DagBag from /usr/local/lib/python3.8/dist-packages/airflow/example_dags/example_branch_operator_decorator.py
[2023-06-14T14:33:34.951+0000] {processor.py:836} INFO - DAG(s) dict_keys(['example_branch_python_operator_decorator']) retrieved from /usr/local/lib/python3.8/dist-packages/airflow/example_dags/example_branch_operator_decorator.py
[2023-06-14T14:33:34.973+0000] {logging_mixin.py:149} INFO - [2023-06-14T14:33:34.972+0000] {dag.py:2726} INFO - Sync 1 DAGs
[2023-06-14T14:33:34.994+0000] {logging_mixin.py:149} INFO - [2023-06-14T14:33:34.994+0000] {dag.py:3486} INFO - Setting next_dagrun for example_branch_python_operator_decorator to 2023-06-13T00:00:00+00:00, run_after=2023-06-14T00:00:00+00:00
[2023-06-14T14:33:35.021+0000] {processor.py:179} INFO - Processing /usr/local/lib/python3.8/dist-packages/airflow/example_dags/example_branch_operator_decorator.py took 0.089 seconds
[2023-06-14T14:34:30.646+0000] {processor.py:157} INFO - Started process (PID=6915) to work on /usr/local/lib/python3.8/dist-packages/airflow/example_dags/example_branch_operator_decorator.py
[2023-06-14T14:34:30.647+0000] {processor.py:826} INFO - Processing file /usr/local/lib/python3.8/dist-packages/airflow/example_dags/example_branch_operator_decorator.py for tasks to queue
[2023-06-14T14:34:30.650+0000] {logging_mixin.py:149} INFO - [2023-06-14T14:34:30.649+0000] {dagbag.py:541} INFO - Filling up the DagBag from /usr/local/lib/python3.8/dist-packages/airflow/example_dags/example_branch_operator_decorator.py
[2023-06-14T14:34:30.660+0000] {processor.py:836} INFO - DAG(s) dict_keys(['example_branch_python_operator_decorator']) retrieved from /usr/local/lib/python3.8/dist-packages/airflow/example_dags/example_branch_operator_decorator.py
[2023-06-14T14:34:30.682+0000] {logging_mixin.py:149} INFO - [2023-06-14T14:34:30.682+0000] {dag.py:2726} INFO - Sync 1 DAGs
[2023-06-14T14:34:30.703+0000] {logging_mixin.py:149} INFO - [2023-06-14T14:34:30.703+0000] {dag.py:3486} INFO - Setting next_dagrun for example_branch_python_operator_decorator to 2023-06-13T00:00:00+00:00, run_after=2023-06-14T00:00:00+00:00
[2023-06-14T14:34:30.731+0000] {processor.py:179} INFO - Processing /usr/local/lib/python3.8/dist-packages/airflow/example_dags/example_branch_operator_decorator.py took 0.089 seconds
[2023-06-14T14:35:22.378+0000] {processor.py:157} INFO - Started process (PID=7075) to work on /usr/local/lib/python3.8/dist-packages/airflow/example_dags/example_branch_operator_decorator.py
[2023-06-14T14:35:22.381+0000] {processor.py:826} INFO - Processing file /usr/local/lib/python3.8/dist-packages/airflow/example_dags/example_branch_operator_decorator.py for tasks to queue
[2023-06-14T14:35:22.385+0000] {logging_mixin.py:149} INFO - [2023-06-14T14:35:22.384+0000] {dagbag.py:541} INFO - Filling up the DagBag from /usr/local/lib/python3.8/dist-packages/airflow/example_dags/example_branch_operator_decorator.py
[2023-06-14T14:35:22.396+0000] {processor.py:836} INFO - DAG(s) dict_keys(['example_branch_python_operator_decorator']) retrieved from /usr/local/lib/python3.8/dist-packages/airflow/example_dags/example_branch_operator_decorator.py
[2023-06-14T14:35:22.418+0000] {logging_mixin.py:149} INFO - [2023-06-14T14:35:22.417+0000] {dag.py:2726} INFO - Sync 1 DAGs
[2023-06-14T14:35:22.439+0000] {logging_mixin.py:149} INFO - [2023-06-14T14:35:22.439+0000] {dag.py:3486} INFO - Setting next_dagrun for example_branch_python_operator_decorator to 2023-06-13T00:00:00+00:00, run_after=2023-06-14T00:00:00+00:00
[2023-06-14T14:35:22.468+0000] {processor.py:179} INFO - Processing /usr/local/lib/python3.8/dist-packages/airflow/example_dags/example_branch_operator_decorator.py took 0.094 seconds
[2023-06-14T14:36:14.095+0000] {processor.py:157} INFO - Started process (PID=7232) to work on /usr/local/lib/python3.8/dist-packages/airflow/example_dags/example_branch_operator_decorator.py
[2023-06-14T14:36:14.096+0000] {processor.py:826} INFO - Processing file /usr/local/lib/python3.8/dist-packages/airflow/example_dags/example_branch_operator_decorator.py for tasks to queue
[2023-06-14T14:36:14.098+0000] {logging_mixin.py:149} INFO - [2023-06-14T14:36:14.098+0000] {dagbag.py:541} INFO - Filling up the DagBag from /usr/local/lib/python3.8/dist-packages/airflow/example_dags/example_branch_operator_decorator.py
[2023-06-14T14:36:14.109+0000] {processor.py:836} INFO - DAG(s) dict_keys(['example_branch_python_operator_decorator']) retrieved from /usr/local/lib/python3.8/dist-packages/airflow/example_dags/example_branch_operator_decorator.py
[2023-06-14T14:36:14.131+0000] {logging_mixin.py:149} INFO - [2023-06-14T14:36:14.131+0000] {dag.py:2726} INFO - Sync 1 DAGs
[2023-06-14T14:36:14.152+0000] {logging_mixin.py:149} INFO - [2023-06-14T14:36:14.152+0000] {dag.py:3486} INFO - Setting next_dagrun for example_branch_python_operator_decorator to 2023-06-13T00:00:00+00:00, run_after=2023-06-14T00:00:00+00:00
[2023-06-14T14:36:14.180+0000] {processor.py:179} INFO - Processing /usr/local/lib/python3.8/dist-packages/airflow/example_dags/example_branch_operator_decorator.py took 0.089 seconds
[2023-06-14T14:37:06.036+0000] {processor.py:157} INFO - Started process (PID=7394) to work on /usr/local/lib/python3.8/dist-packages/airflow/example_dags/example_branch_operator_decorator.py
[2023-06-14T14:37:06.037+0000] {processor.py:826} INFO - Processing file /usr/local/lib/python3.8/dist-packages/airflow/example_dags/example_branch_operator_decorator.py for tasks to queue
[2023-06-14T14:37:06.039+0000] {logging_mixin.py:149} INFO - [2023-06-14T14:37:06.039+0000] {dagbag.py:541} INFO - Filling up the DagBag from /usr/local/lib/python3.8/dist-packages/airflow/example_dags/example_branch_operator_decorator.py
[2023-06-14T14:37:06.050+0000] {processor.py:836} INFO - DAG(s) dict_keys(['example_branch_python_operator_decorator']) retrieved from /usr/local/lib/python3.8/dist-packages/airflow/example_dags/example_branch_operator_decorator.py
[2023-06-14T14:37:06.072+0000] {logging_mixin.py:149} INFO - [2023-06-14T14:37:06.071+0000] {dag.py:2726} INFO - Sync 1 DAGs
[2023-06-14T14:37:06.094+0000] {logging_mixin.py:149} INFO - [2023-06-14T14:37:06.094+0000] {dag.py:3486} INFO - Setting next_dagrun for example_branch_python_operator_decorator to 2023-06-13T00:00:00+00:00, run_after=2023-06-14T00:00:00+00:00
[2023-06-14T14:37:06.124+0000] {processor.py:179} INFO - Processing /usr/local/lib/python3.8/dist-packages/airflow/example_dags/example_branch_operator_decorator.py took 0.092 seconds
[2023-06-14T14:37:58.433+0000] {processor.py:157} INFO - Started process (PID=7549) to work on /usr/local/lib/python3.8/dist-packages/airflow/example_dags/example_branch_operator_decorator.py
[2023-06-14T14:37:58.434+0000] {processor.py:826} INFO - Processing file /usr/local/lib/python3.8/dist-packages/airflow/example_dags/example_branch_operator_decorator.py for tasks to queue
[2023-06-14T14:37:58.436+0000] {logging_mixin.py:149} INFO - [2023-06-14T14:37:58.436+0000] {dagbag.py:541} INFO - Filling up the DagBag from /usr/local/lib/python3.8/dist-packages/airflow/example_dags/example_branch_operator_decorator.py
[2023-06-14T14:37:58.447+0000] {processor.py:836} INFO - DAG(s) dict_keys(['example_branch_python_operator_decorator']) retrieved from /usr/local/lib/python3.8/dist-packages/airflow/example_dags/example_branch_operator_decorator.py
[2023-06-14T14:37:58.469+0000] {logging_mixin.py:149} INFO - [2023-06-14T14:37:58.468+0000] {dag.py:2726} INFO - Sync 1 DAGs
[2023-06-14T14:37:58.490+0000] {logging_mixin.py:149} INFO - [2023-06-14T14:37:58.490+0000] {dag.py:3486} INFO - Setting next_dagrun for example_branch_python_operator_decorator to 2023-06-13T00:00:00+00:00, run_after=2023-06-14T00:00:00+00:00
[2023-06-14T14:37:58.519+0000] {processor.py:179} INFO - Processing /usr/local/lib/python3.8/dist-packages/airflow/example_dags/example_branch_operator_decorator.py took 0.090 seconds
[2023-06-14T14:38:49.170+0000] {processor.py:157} INFO - Started process (PID=7601) to work on /usr/local/lib/python3.8/dist-packages/airflow/example_dags/example_branch_operator_decorator.py
[2023-06-14T14:38:49.171+0000] {processor.py:826} INFO - Processing file /usr/local/lib/python3.8/dist-packages/airflow/example_dags/example_branch_operator_decorator.py for tasks to queue
[2023-06-14T14:38:49.174+0000] {logging_mixin.py:149} INFO - [2023-06-14T14:38:49.174+0000] {dagbag.py:541} INFO - Filling up the DagBag from /usr/local/lib/python3.8/dist-packages/airflow/example_dags/example_branch_operator_decorator.py
[2023-06-14T14:38:49.184+0000] {processor.py:836} INFO - DAG(s) dict_keys(['example_branch_python_operator_decorator']) retrieved from /usr/local/lib/python3.8/dist-packages/airflow/example_dags/example_branch_operator_decorator.py
[2023-06-14T14:38:49.208+0000] {logging_mixin.py:149} INFO - [2023-06-14T14:38:49.207+0000] {dag.py:2726} INFO - Sync 1 DAGs
[2023-06-14T14:38:49.231+0000] {logging_mixin.py:149} INFO - [2023-06-14T14:38:49.231+0000] {dag.py:3486} INFO - Setting next_dagrun for example_branch_python_operator_decorator to 2023-06-13T00:00:00+00:00, run_after=2023-06-14T00:00:00+00:00
[2023-06-14T14:38:49.259+0000] {processor.py:179} INFO - Processing /usr/local/lib/python3.8/dist-packages/airflow/example_dags/example_branch_operator_decorator.py took 0.093 seconds
[2023-06-14T14:39:34.542+0000] {processor.py:157} INFO - Started process (PID=7752) to work on /usr/local/lib/python3.8/dist-packages/airflow/example_dags/example_branch_operator_decorator.py
[2023-06-14T14:39:34.543+0000] {processor.py:826} INFO - Processing file /usr/local/lib/python3.8/dist-packages/airflow/example_dags/example_branch_operator_decorator.py for tasks to queue
[2023-06-14T14:39:34.546+0000] {logging_mixin.py:149} INFO - [2023-06-14T14:39:34.545+0000] {dagbag.py:541} INFO - Filling up the DagBag from /usr/local/lib/python3.8/dist-packages/airflow/example_dags/example_branch_operator_decorator.py
[2023-06-14T14:39:34.557+0000] {processor.py:836} INFO - DAG(s) dict_keys(['example_branch_python_operator_decorator']) retrieved from /usr/local/lib/python3.8/dist-packages/airflow/example_dags/example_branch_operator_decorator.py
[2023-06-14T14:39:34.580+0000] {logging_mixin.py:149} INFO - [2023-06-14T14:39:34.580+0000] {dag.py:2726} INFO - Sync 1 DAGs
[2023-06-14T14:39:34.602+0000] {logging_mixin.py:149} INFO - [2023-06-14T14:39:34.602+0000] {dag.py:3486} INFO - Setting next_dagrun for example_branch_python_operator_decorator to 2023-06-13T00:00:00+00:00, run_after=2023-06-14T00:00:00+00:00
[2023-06-14T14:39:34.632+0000] {processor.py:179} INFO - Processing /usr/local/lib/python3.8/dist-packages/airflow/example_dags/example_branch_operator_decorator.py took 0.094 seconds
[2023-06-14T14:40:28.634+0000] {processor.py:157} INFO - Started process (PID=7908) to work on /usr/local/lib/python3.8/dist-packages/airflow/example_dags/example_branch_operator_decorator.py
[2023-06-14T14:40:28.635+0000] {processor.py:826} INFO - Processing file /usr/local/lib/python3.8/dist-packages/airflow/example_dags/example_branch_operator_decorator.py for tasks to queue
[2023-06-14T14:40:28.638+0000] {logging_mixin.py:149} INFO - [2023-06-14T14:40:28.638+0000] {dagbag.py:541} INFO - Filling up the DagBag from /usr/local/lib/python3.8/dist-packages/airflow/example_dags/example_branch_operator_decorator.py
[2023-06-14T14:40:28.648+0000] {processor.py:836} INFO - DAG(s) dict_keys(['example_branch_python_operator_decorator']) retrieved from /usr/local/lib/python3.8/dist-packages/airflow/example_dags/example_branch_operator_decorator.py
[2023-06-14T14:40:28.670+0000] {logging_mixin.py:149} INFO - [2023-06-14T14:40:28.669+0000] {dag.py:2726} INFO - Sync 1 DAGs
[2023-06-14T14:40:28.691+0000] {logging_mixin.py:149} INFO - [2023-06-14T14:40:28.691+0000] {dag.py:3486} INFO - Setting next_dagrun for example_branch_python_operator_decorator to 2023-06-13T00:00:00+00:00, run_after=2023-06-14T00:00:00+00:00
[2023-06-14T14:40:28.719+0000] {processor.py:179} INFO - Processing /usr/local/lib/python3.8/dist-packages/airflow/example_dags/example_branch_operator_decorator.py took 0.089 seconds
[2023-06-14T14:41:23.079+0000] {processor.py:157} INFO - Started process (PID=8066) to work on /usr/local/lib/python3.8/dist-packages/airflow/example_dags/example_branch_operator_decorator.py
[2023-06-14T14:41:23.080+0000] {processor.py:826} INFO - Processing file /usr/local/lib/python3.8/dist-packages/airflow/example_dags/example_branch_operator_decorator.py for tasks to queue
[2023-06-14T14:41:23.083+0000] {logging_mixin.py:149} INFO - [2023-06-14T14:41:23.083+0000] {dagbag.py:541} INFO - Filling up the DagBag from /usr/local/lib/python3.8/dist-packages/airflow/example_dags/example_branch_operator_decorator.py
[2023-06-14T14:41:23.093+0000] {processor.py:836} INFO - DAG(s) dict_keys(['example_branch_python_operator_decorator']) retrieved from /usr/local/lib/python3.8/dist-packages/airflow/example_dags/example_branch_operator_decorator.py
[2023-06-14T14:41:23.115+0000] {logging_mixin.py:149} INFO - [2023-06-14T14:41:23.115+0000] {dag.py:2726} INFO - Sync 1 DAGs
[2023-06-14T14:41:23.136+0000] {logging_mixin.py:149} INFO - [2023-06-14T14:41:23.136+0000] {dag.py:3486} INFO - Setting next_dagrun for example_branch_python_operator_decorator to 2023-06-13T00:00:00+00:00, run_after=2023-06-14T00:00:00+00:00
[2023-06-14T14:41:23.165+0000] {processor.py:179} INFO - Processing /usr/local/lib/python3.8/dist-packages/airflow/example_dags/example_branch_operator_decorator.py took 0.090 seconds
[2023-06-14T14:42:16.912+0000] {processor.py:157} INFO - Started process (PID=8228) to work on /usr/local/lib/python3.8/dist-packages/airflow/example_dags/example_branch_operator_decorator.py
[2023-06-14T14:42:16.914+0000] {processor.py:826} INFO - Processing file /usr/local/lib/python3.8/dist-packages/airflow/example_dags/example_branch_operator_decorator.py for tasks to queue
[2023-06-14T14:42:16.916+0000] {logging_mixin.py:149} INFO - [2023-06-14T14:42:16.916+0000] {dagbag.py:541} INFO - Filling up the DagBag from /usr/local/lib/python3.8/dist-packages/airflow/example_dags/example_branch_operator_decorator.py
[2023-06-14T14:42:16.927+0000] {processor.py:836} INFO - DAG(s) dict_keys(['example_branch_python_operator_decorator']) retrieved from /usr/local/lib/python3.8/dist-packages/airflow/example_dags/example_branch_operator_decorator.py
[2023-06-14T14:42:16.949+0000] {logging_mixin.py:149} INFO - [2023-06-14T14:42:16.948+0000] {dag.py:2726} INFO - Sync 1 DAGs
[2023-06-14T14:42:16.970+0000] {logging_mixin.py:149} INFO - [2023-06-14T14:42:16.970+0000] {dag.py:3486} INFO - Setting next_dagrun for example_branch_python_operator_decorator to 2023-06-13T00:00:00+00:00, run_after=2023-06-14T00:00:00+00:00
[2023-06-14T14:42:17.000+0000] {processor.py:179} INFO - Processing /usr/local/lib/python3.8/dist-packages/airflow/example_dags/example_branch_operator_decorator.py took 0.092 seconds
[2023-06-14T14:43:13.335+0000] {processor.py:157} INFO - Started process (PID=8386) to work on /usr/local/lib/python3.8/dist-packages/airflow/example_dags/example_branch_operator_decorator.py
[2023-06-14T14:43:13.337+0000] {processor.py:826} INFO - Processing file /usr/local/lib/python3.8/dist-packages/airflow/example_dags/example_branch_operator_decorator.py for tasks to queue
[2023-06-14T14:43:13.339+0000] {logging_mixin.py:149} INFO - [2023-06-14T14:43:13.339+0000] {dagbag.py:541} INFO - Filling up the DagBag from /usr/local/lib/python3.8/dist-packages/airflow/example_dags/example_branch_operator_decorator.py
[2023-06-14T14:43:13.351+0000] {processor.py:836} INFO - DAG(s) dict_keys(['example_branch_python_operator_decorator']) retrieved from /usr/local/lib/python3.8/dist-packages/airflow/example_dags/example_branch_operator_decorator.py
[2023-06-14T14:43:13.374+0000] {logging_mixin.py:149} INFO - [2023-06-14T14:43:13.374+0000] {dag.py:2726} INFO - Sync 1 DAGs
[2023-06-14T14:43:13.395+0000] {logging_mixin.py:149} INFO - [2023-06-14T14:43:13.395+0000] {dag.py:3486} INFO - Setting next_dagrun for example_branch_python_operator_decorator to 2023-06-13T00:00:00+00:00, run_after=2023-06-14T00:00:00+00:00
[2023-06-14T14:43:13.422+0000] {processor.py:179} INFO - Processing /usr/local/lib/python3.8/dist-packages/airflow/example_dags/example_branch_operator_decorator.py took 0.091 seconds
[2023-06-14T14:44:09.128+0000] {processor.py:157} INFO - Started process (PID=8646) to work on /usr/local/lib/python3.8/dist-packages/airflow/example_dags/example_branch_operator_decorator.py
[2023-06-14T14:44:09.129+0000] {processor.py:826} INFO - Processing file /usr/local/lib/python3.8/dist-packages/airflow/example_dags/example_branch_operator_decorator.py for tasks to queue
[2023-06-14T14:44:09.131+0000] {logging_mixin.py:149} INFO - [2023-06-14T14:44:09.131+0000] {dagbag.py:541} INFO - Filling up the DagBag from /usr/local/lib/python3.8/dist-packages/airflow/example_dags/example_branch_operator_decorator.py
[2023-06-14T14:44:09.142+0000] {processor.py:836} INFO - DAG(s) dict_keys(['example_branch_python_operator_decorator']) retrieved from /usr/local/lib/python3.8/dist-packages/airflow/example_dags/example_branch_operator_decorator.py
[2023-06-14T14:44:09.164+0000] {logging_mixin.py:149} INFO - [2023-06-14T14:44:09.164+0000] {dag.py:2726} INFO - Sync 1 DAGs
[2023-06-14T14:44:09.186+0000] {logging_mixin.py:149} INFO - [2023-06-14T14:44:09.185+0000] {dag.py:3486} INFO - Setting next_dagrun for example_branch_python_operator_decorator to 2023-06-13T00:00:00+00:00, run_after=2023-06-14T00:00:00+00:00
[2023-06-14T14:44:09.212+0000] {processor.py:179} INFO - Processing /usr/local/lib/python3.8/dist-packages/airflow/example_dags/example_branch_operator_decorator.py took 0.088 seconds
[2023-06-14T14:45:03.506+0000] {processor.py:157} INFO - Started process (PID=8804) to work on /usr/local/lib/python3.8/dist-packages/airflow/example_dags/example_branch_operator_decorator.py
[2023-06-14T14:45:03.508+0000] {processor.py:826} INFO - Processing file /usr/local/lib/python3.8/dist-packages/airflow/example_dags/example_branch_operator_decorator.py for tasks to queue
[2023-06-14T14:45:03.510+0000] {logging_mixin.py:149} INFO - [2023-06-14T14:45:03.510+0000] {dagbag.py:541} INFO - Filling up the DagBag from /usr/local/lib/python3.8/dist-packages/airflow/example_dags/example_branch_operator_decorator.py
[2023-06-14T14:45:03.521+0000] {processor.py:836} INFO - DAG(s) dict_keys(['example_branch_python_operator_decorator']) retrieved from /usr/local/lib/python3.8/dist-packages/airflow/example_dags/example_branch_operator_decorator.py
[2023-06-14T14:45:03.545+0000] {logging_mixin.py:149} INFO - [2023-06-14T14:45:03.545+0000] {dag.py:2726} INFO - Sync 1 DAGs
[2023-06-14T14:45:03.567+0000] {logging_mixin.py:149} INFO - [2023-06-14T14:45:03.567+0000] {dag.py:3486} INFO - Setting next_dagrun for example_branch_python_operator_decorator to 2023-06-13T00:00:00+00:00, run_after=2023-06-14T00:00:00+00:00
[2023-06-14T14:45:03.594+0000] {processor.py:179} INFO - Processing /usr/local/lib/python3.8/dist-packages/airflow/example_dags/example_branch_operator_decorator.py took 0.091 seconds
[2023-06-14T14:46:00.447+0000] {processor.py:157} INFO - Started process (PID=8965) to work on /usr/local/lib/python3.8/dist-packages/airflow/example_dags/example_branch_operator_decorator.py
[2023-06-14T14:46:00.448+0000] {processor.py:826} INFO - Processing file /usr/local/lib/python3.8/dist-packages/airflow/example_dags/example_branch_operator_decorator.py for tasks to queue
[2023-06-14T14:46:00.451+0000] {logging_mixin.py:149} INFO - [2023-06-14T14:46:00.451+0000] {dagbag.py:541} INFO - Filling up the DagBag from /usr/local/lib/python3.8/dist-packages/airflow/example_dags/example_branch_operator_decorator.py
[2023-06-14T14:46:00.462+0000] {processor.py:836} INFO - DAG(s) dict_keys(['example_branch_python_operator_decorator']) retrieved from /usr/local/lib/python3.8/dist-packages/airflow/example_dags/example_branch_operator_decorator.py
[2023-06-14T14:46:00.485+0000] {logging_mixin.py:149} INFO - [2023-06-14T14:46:00.484+0000] {dag.py:2726} INFO - Sync 1 DAGs
[2023-06-14T14:46:00.508+0000] {logging_mixin.py:149} INFO - [2023-06-14T14:46:00.507+0000] {dag.py:3486} INFO - Setting next_dagrun for example_branch_python_operator_decorator to 2023-06-13T00:00:00+00:00, run_after=2023-06-14T00:00:00+00:00
[2023-06-14T14:46:00.536+0000] {processor.py:179} INFO - Processing /usr/local/lib/python3.8/dist-packages/airflow/example_dags/example_branch_operator_decorator.py took 0.093 seconds
[2023-06-14T14:46:52.861+0000] {processor.py:157} INFO - Started process (PID=9122) to work on /usr/local/lib/python3.8/dist-packages/airflow/example_dags/example_branch_operator_decorator.py
[2023-06-14T14:46:52.862+0000] {processor.py:826} INFO - Processing file /usr/local/lib/python3.8/dist-packages/airflow/example_dags/example_branch_operator_decorator.py for tasks to queue
[2023-06-14T14:46:52.864+0000] {logging_mixin.py:149} INFO - [2023-06-14T14:46:52.864+0000] {dagbag.py:541} INFO - Filling up the DagBag from /usr/local/lib/python3.8/dist-packages/airflow/example_dags/example_branch_operator_decorator.py
[2023-06-14T14:46:52.875+0000] {processor.py:836} INFO - DAG(s) dict_keys(['example_branch_python_operator_decorator']) retrieved from /usr/local/lib/python3.8/dist-packages/airflow/example_dags/example_branch_operator_decorator.py
[2023-06-14T14:46:52.897+0000] {logging_mixin.py:149} INFO - [2023-06-14T14:46:52.897+0000] {dag.py:2726} INFO - Sync 1 DAGs
[2023-06-14T14:46:52.918+0000] {logging_mixin.py:149} INFO - [2023-06-14T14:46:52.918+0000] {dag.py:3486} INFO - Setting next_dagrun for example_branch_python_operator_decorator to 2023-06-13T00:00:00+00:00, run_after=2023-06-14T00:00:00+00:00
[2023-06-14T14:46:52.944+0000] {processor.py:179} INFO - Processing /usr/local/lib/python3.8/dist-packages/airflow/example_dags/example_branch_operator_decorator.py took 0.088 seconds
[2023-06-14T14:47:46.223+0000] {processor.py:157} INFO - Started process (PID=9179) to work on /usr/local/lib/python3.8/dist-packages/airflow/example_dags/example_branch_operator_decorator.py
[2023-06-14T14:47:46.225+0000] {processor.py:826} INFO - Processing file /usr/local/lib/python3.8/dist-packages/airflow/example_dags/example_branch_operator_decorator.py for tasks to queue
[2023-06-14T14:47:46.227+0000] {logging_mixin.py:149} INFO - [2023-06-14T14:47:46.227+0000] {dagbag.py:541} INFO - Filling up the DagBag from /usr/local/lib/python3.8/dist-packages/airflow/example_dags/example_branch_operator_decorator.py
[2023-06-14T14:47:46.238+0000] {processor.py:836} INFO - DAG(s) dict_keys(['example_branch_python_operator_decorator']) retrieved from /usr/local/lib/python3.8/dist-packages/airflow/example_dags/example_branch_operator_decorator.py
[2023-06-14T14:47:46.260+0000] {logging_mixin.py:149} INFO - [2023-06-14T14:47:46.260+0000] {dag.py:2726} INFO - Sync 1 DAGs
[2023-06-14T14:47:46.282+0000] {logging_mixin.py:149} INFO - [2023-06-14T14:47:46.282+0000] {dag.py:3486} INFO - Setting next_dagrun for example_branch_python_operator_decorator to 2023-06-13T00:00:00+00:00, run_after=2023-06-14T00:00:00+00:00
[2023-06-14T14:47:46.309+0000] {processor.py:179} INFO - Processing /usr/local/lib/python3.8/dist-packages/airflow/example_dags/example_branch_operator_decorator.py took 0.089 seconds
[2023-06-14T14:48:37.818+0000] {processor.py:157} INFO - Started process (PID=9333) to work on /usr/local/lib/python3.8/dist-packages/airflow/example_dags/example_branch_operator_decorator.py
[2023-06-14T14:48:37.820+0000] {processor.py:826} INFO - Processing file /usr/local/lib/python3.8/dist-packages/airflow/example_dags/example_branch_operator_decorator.py for tasks to queue
[2023-06-14T14:48:37.822+0000] {logging_mixin.py:149} INFO - [2023-06-14T14:48:37.822+0000] {dagbag.py:541} INFO - Filling up the DagBag from /usr/local/lib/python3.8/dist-packages/airflow/example_dags/example_branch_operator_decorator.py
[2023-06-14T14:48:37.833+0000] {processor.py:836} INFO - DAG(s) dict_keys(['example_branch_python_operator_decorator']) retrieved from /usr/local/lib/python3.8/dist-packages/airflow/example_dags/example_branch_operator_decorator.py
[2023-06-14T14:48:37.857+0000] {logging_mixin.py:149} INFO - [2023-06-14T14:48:37.856+0000] {dag.py:2726} INFO - Sync 1 DAGs
[2023-06-14T14:48:37.879+0000] {logging_mixin.py:149} INFO - [2023-06-14T14:48:37.879+0000] {dag.py:3486} INFO - Setting next_dagrun for example_branch_python_operator_decorator to 2023-06-13T00:00:00+00:00, run_after=2023-06-14T00:00:00+00:00
[2023-06-14T14:48:37.909+0000] {processor.py:179} INFO - Processing /usr/local/lib/python3.8/dist-packages/airflow/example_dags/example_branch_operator_decorator.py took 0.095 seconds
[2023-06-14T14:49:34.656+0000] {processor.py:157} INFO - Started process (PID=9594) to work on /usr/local/lib/python3.8/dist-packages/airflow/example_dags/example_branch_operator_decorator.py
[2023-06-14T14:49:34.657+0000] {processor.py:826} INFO - Processing file /usr/local/lib/python3.8/dist-packages/airflow/example_dags/example_branch_operator_decorator.py for tasks to queue
[2023-06-14T14:49:34.660+0000] {logging_mixin.py:149} INFO - [2023-06-14T14:49:34.660+0000] {dagbag.py:541} INFO - Filling up the DagBag from /usr/local/lib/python3.8/dist-packages/airflow/example_dags/example_branch_operator_decorator.py
[2023-06-14T14:49:34.670+0000] {processor.py:836} INFO - DAG(s) dict_keys(['example_branch_python_operator_decorator']) retrieved from /usr/local/lib/python3.8/dist-packages/airflow/example_dags/example_branch_operator_decorator.py
[2023-06-14T14:49:34.695+0000] {logging_mixin.py:149} INFO - [2023-06-14T14:49:34.694+0000] {dag.py:2726} INFO - Sync 1 DAGs
[2023-06-14T14:49:34.717+0000] {logging_mixin.py:149} INFO - [2023-06-14T14:49:34.717+0000] {dag.py:3486} INFO - Setting next_dagrun for example_branch_python_operator_decorator to 2023-06-13T00:00:00+00:00, run_after=2023-06-14T00:00:00+00:00
[2023-06-14T14:49:34.744+0000] {processor.py:179} INFO - Processing /usr/local/lib/python3.8/dist-packages/airflow/example_dags/example_branch_operator_decorator.py took 0.092 seconds
[2023-06-14T14:50:30.074+0000] {processor.py:157} INFO - Started process (PID=9753) to work on /usr/local/lib/python3.8/dist-packages/airflow/example_dags/example_branch_operator_decorator.py
[2023-06-14T14:50:30.075+0000] {processor.py:826} INFO - Processing file /usr/local/lib/python3.8/dist-packages/airflow/example_dags/example_branch_operator_decorator.py for tasks to queue
[2023-06-14T14:50:30.078+0000] {logging_mixin.py:149} INFO - [2023-06-14T14:50:30.078+0000] {dagbag.py:541} INFO - Filling up the DagBag from /usr/local/lib/python3.8/dist-packages/airflow/example_dags/example_branch_operator_decorator.py
[2023-06-14T14:50:30.089+0000] {processor.py:836} INFO - DAG(s) dict_keys(['example_branch_python_operator_decorator']) retrieved from /usr/local/lib/python3.8/dist-packages/airflow/example_dags/example_branch_operator_decorator.py
[2023-06-14T14:50:30.111+0000] {logging_mixin.py:149} INFO - [2023-06-14T14:50:30.111+0000] {dag.py:2726} INFO - Sync 1 DAGs
[2023-06-14T14:50:30.133+0000] {logging_mixin.py:149} INFO - [2023-06-14T14:50:30.133+0000] {dag.py:3486} INFO - Setting next_dagrun for example_branch_python_operator_decorator to 2023-06-13T00:00:00+00:00, run_after=2023-06-14T00:00:00+00:00
[2023-06-14T14:50:30.160+0000] {processor.py:179} INFO - Processing /usr/local/lib/python3.8/dist-packages/airflow/example_dags/example_branch_operator_decorator.py took 0.090 seconds
[2023-06-14T14:51:21.009+0000] {processor.py:157} INFO - Started process (PID=9909) to work on /usr/local/lib/python3.8/dist-packages/airflow/example_dags/example_branch_operator_decorator.py
[2023-06-14T14:51:21.011+0000] {processor.py:826} INFO - Processing file /usr/local/lib/python3.8/dist-packages/airflow/example_dags/example_branch_operator_decorator.py for tasks to queue
[2023-06-14T14:51:21.013+0000] {logging_mixin.py:149} INFO - [2023-06-14T14:51:21.013+0000] {dagbag.py:541} INFO - Filling up the DagBag from /usr/local/lib/python3.8/dist-packages/airflow/example_dags/example_branch_operator_decorator.py
[2023-06-14T14:51:21.024+0000] {processor.py:836} INFO - DAG(s) dict_keys(['example_branch_python_operator_decorator']) retrieved from /usr/local/lib/python3.8/dist-packages/airflow/example_dags/example_branch_operator_decorator.py
[2023-06-14T14:51:21.047+0000] {logging_mixin.py:149} INFO - [2023-06-14T14:51:21.046+0000] {dag.py:2726} INFO - Sync 1 DAGs
[2023-06-14T14:51:21.068+0000] {logging_mixin.py:149} INFO - [2023-06-14T14:51:21.068+0000] {dag.py:3486} INFO - Setting next_dagrun for example_branch_python_operator_decorator to 2023-06-13T00:00:00+00:00, run_after=2023-06-14T00:00:00+00:00
[2023-06-14T14:51:21.095+0000] {processor.py:179} INFO - Processing /usr/local/lib/python3.8/dist-packages/airflow/example_dags/example_branch_operator_decorator.py took 0.090 seconds
[2023-06-14T14:52:07.270+0000] {processor.py:157} INFO - Started process (PID=10065) to work on /usr/local/lib/python3.8/dist-packages/airflow/example_dags/example_branch_operator_decorator.py
[2023-06-14T14:52:07.272+0000] {processor.py:826} INFO - Processing file /usr/local/lib/python3.8/dist-packages/airflow/example_dags/example_branch_operator_decorator.py for tasks to queue
[2023-06-14T14:52:07.274+0000] {logging_mixin.py:149} INFO - [2023-06-14T14:52:07.274+0000] {dagbag.py:541} INFO - Filling up the DagBag from /usr/local/lib/python3.8/dist-packages/airflow/example_dags/example_branch_operator_decorator.py
[2023-06-14T14:52:07.286+0000] {processor.py:836} INFO - DAG(s) dict_keys(['example_branch_python_operator_decorator']) retrieved from /usr/local/lib/python3.8/dist-packages/airflow/example_dags/example_branch_operator_decorator.py
[2023-06-14T14:52:07.310+0000] {logging_mixin.py:149} INFO - [2023-06-14T14:52:07.309+0000] {dag.py:2726} INFO - Sync 1 DAGs
[2023-06-14T14:52:07.334+0000] {logging_mixin.py:149} INFO - [2023-06-14T14:52:07.334+0000] {dag.py:3486} INFO - Setting next_dagrun for example_branch_python_operator_decorator to 2023-06-13T00:00:00+00:00, run_after=2023-06-14T00:00:00+00:00
[2023-06-14T14:52:07.361+0000] {processor.py:179} INFO - Processing /usr/local/lib/python3.8/dist-packages/airflow/example_dags/example_branch_operator_decorator.py took 0.094 seconds
[2023-06-14T14:52:59.211+0000] {processor.py:157} INFO - Started process (PID=10220) to work on /usr/local/lib/python3.8/dist-packages/airflow/example_dags/example_branch_operator_decorator.py
[2023-06-14T14:52:59.212+0000] {processor.py:826} INFO - Processing file /usr/local/lib/python3.8/dist-packages/airflow/example_dags/example_branch_operator_decorator.py for tasks to queue
[2023-06-14T14:52:59.214+0000] {logging_mixin.py:149} INFO - [2023-06-14T14:52:59.214+0000] {dagbag.py:541} INFO - Filling up the DagBag from /usr/local/lib/python3.8/dist-packages/airflow/example_dags/example_branch_operator_decorator.py
[2023-06-14T14:52:59.225+0000] {processor.py:836} INFO - DAG(s) dict_keys(['example_branch_python_operator_decorator']) retrieved from /usr/local/lib/python3.8/dist-packages/airflow/example_dags/example_branch_operator_decorator.py
[2023-06-14T14:52:59.248+0000] {logging_mixin.py:149} INFO - [2023-06-14T14:52:59.247+0000] {dag.py:2726} INFO - Sync 1 DAGs
[2023-06-14T14:52:59.269+0000] {logging_mixin.py:149} INFO - [2023-06-14T14:52:59.269+0000] {dag.py:3486} INFO - Setting next_dagrun for example_branch_python_operator_decorator to 2023-06-13T00:00:00+00:00, run_after=2023-06-14T00:00:00+00:00
[2023-06-14T14:52:59.297+0000] {processor.py:179} INFO - Processing /usr/local/lib/python3.8/dist-packages/airflow/example_dags/example_branch_operator_decorator.py took 0.091 seconds
[2023-06-14T14:53:52.167+0000] {processor.py:157} INFO - Started process (PID=10378) to work on /usr/local/lib/python3.8/dist-packages/airflow/example_dags/example_branch_operator_decorator.py
[2023-06-14T14:53:52.168+0000] {processor.py:826} INFO - Processing file /usr/local/lib/python3.8/dist-packages/airflow/example_dags/example_branch_operator_decorator.py for tasks to queue
[2023-06-14T14:53:52.170+0000] {logging_mixin.py:149} INFO - [2023-06-14T14:53:52.170+0000] {dagbag.py:541} INFO - Filling up the DagBag from /usr/local/lib/python3.8/dist-packages/airflow/example_dags/example_branch_operator_decorator.py
[2023-06-14T14:53:52.181+0000] {processor.py:836} INFO - DAG(s) dict_keys(['example_branch_python_operator_decorator']) retrieved from /usr/local/lib/python3.8/dist-packages/airflow/example_dags/example_branch_operator_decorator.py
[2023-06-14T14:53:52.204+0000] {logging_mixin.py:149} INFO - [2023-06-14T14:53:52.203+0000] {dag.py:2726} INFO - Sync 1 DAGs
[2023-06-14T14:53:52.225+0000] {logging_mixin.py:149} INFO - [2023-06-14T14:53:52.225+0000] {dag.py:3486} INFO - Setting next_dagrun for example_branch_python_operator_decorator to 2023-06-13T00:00:00+00:00, run_after=2023-06-14T00:00:00+00:00
[2023-06-14T14:53:52.254+0000] {processor.py:179} INFO - Processing /usr/local/lib/python3.8/dist-packages/airflow/example_dags/example_branch_operator_decorator.py took 0.092 seconds
[2023-06-14T14:54:46.201+0000] {processor.py:157} INFO - Started process (PID=10535) to work on /usr/local/lib/python3.8/dist-packages/airflow/example_dags/example_branch_operator_decorator.py
[2023-06-14T14:54:46.202+0000] {processor.py:826} INFO - Processing file /usr/local/lib/python3.8/dist-packages/airflow/example_dags/example_branch_operator_decorator.py for tasks to queue
[2023-06-14T14:54:46.205+0000] {logging_mixin.py:149} INFO - [2023-06-14T14:54:46.205+0000] {dagbag.py:541} INFO - Filling up the DagBag from /usr/local/lib/python3.8/dist-packages/airflow/example_dags/example_branch_operator_decorator.py
[2023-06-14T14:54:46.215+0000] {processor.py:836} INFO - DAG(s) dict_keys(['example_branch_python_operator_decorator']) retrieved from /usr/local/lib/python3.8/dist-packages/airflow/example_dags/example_branch_operator_decorator.py
[2023-06-14T14:54:46.238+0000] {logging_mixin.py:149} INFO - [2023-06-14T14:54:46.238+0000] {dag.py:2726} INFO - Sync 1 DAGs
[2023-06-14T14:54:46.260+0000] {logging_mixin.py:149} INFO - [2023-06-14T14:54:46.259+0000] {dag.py:3486} INFO - Setting next_dagrun for example_branch_python_operator_decorator to 2023-06-13T00:00:00+00:00, run_after=2023-06-14T00:00:00+00:00
[2023-06-14T14:54:46.288+0000] {processor.py:179} INFO - Processing /usr/local/lib/python3.8/dist-packages/airflow/example_dags/example_branch_operator_decorator.py took 0.091 seconds
[2023-06-14T14:55:38.995+0000] {processor.py:157} INFO - Started process (PID=10792) to work on /usr/local/lib/python3.8/dist-packages/airflow/example_dags/example_branch_operator_decorator.py
[2023-06-14T14:55:38.997+0000] {processor.py:826} INFO - Processing file /usr/local/lib/python3.8/dist-packages/airflow/example_dags/example_branch_operator_decorator.py for tasks to queue
[2023-06-14T14:55:38.999+0000] {logging_mixin.py:149} INFO - [2023-06-14T14:55:38.999+0000] {dagbag.py:541} INFO - Filling up the DagBag from /usr/local/lib/python3.8/dist-packages/airflow/example_dags/example_branch_operator_decorator.py
[2023-06-14T14:55:39.010+0000] {processor.py:836} INFO - DAG(s) dict_keys(['example_branch_python_operator_decorator']) retrieved from /usr/local/lib/python3.8/dist-packages/airflow/example_dags/example_branch_operator_decorator.py
[2023-06-14T14:55:39.032+0000] {logging_mixin.py:149} INFO - [2023-06-14T14:55:39.032+0000] {dag.py:2726} INFO - Sync 1 DAGs
[2023-06-14T14:55:39.054+0000] {logging_mixin.py:149} INFO - [2023-06-14T14:55:39.053+0000] {dag.py:3486} INFO - Setting next_dagrun for example_branch_python_operator_decorator to 2023-06-13T00:00:00+00:00, run_after=2023-06-14T00:00:00+00:00
[2023-06-14T14:55:39.082+0000] {processor.py:179} INFO - Processing /usr/local/lib/python3.8/dist-packages/airflow/example_dags/example_branch_operator_decorator.py took 0.091 seconds
[2023-06-14T14:56:30.430+0000] {processor.py:157} INFO - Started process (PID=10949) to work on /usr/local/lib/python3.8/dist-packages/airflow/example_dags/example_branch_operator_decorator.py
[2023-06-14T14:56:30.431+0000] {processor.py:826} INFO - Processing file /usr/local/lib/python3.8/dist-packages/airflow/example_dags/example_branch_operator_decorator.py for tasks to queue
[2023-06-14T14:56:30.433+0000] {logging_mixin.py:149} INFO - [2023-06-14T14:56:30.433+0000] {dagbag.py:541} INFO - Filling up the DagBag from /usr/local/lib/python3.8/dist-packages/airflow/example_dags/example_branch_operator_decorator.py
[2023-06-14T14:56:30.444+0000] {processor.py:836} INFO - DAG(s) dict_keys(['example_branch_python_operator_decorator']) retrieved from /usr/local/lib/python3.8/dist-packages/airflow/example_dags/example_branch_operator_decorator.py
[2023-06-14T14:56:30.466+0000] {logging_mixin.py:149} INFO - [2023-06-14T14:56:30.466+0000] {dag.py:2726} INFO - Sync 1 DAGs
[2023-06-14T14:56:30.487+0000] {logging_mixin.py:149} INFO - [2023-06-14T14:56:30.487+0000] {dag.py:3486} INFO - Setting next_dagrun for example_branch_python_operator_decorator to 2023-06-13T00:00:00+00:00, run_after=2023-06-14T00:00:00+00:00
[2023-06-14T14:56:30.515+0000] {processor.py:179} INFO - Processing /usr/local/lib/python3.8/dist-packages/airflow/example_dags/example_branch_operator_decorator.py took 0.089 seconds
[2023-06-14T14:57:20.795+0000] {processor.py:157} INFO - Started process (PID=11109) to work on /usr/local/lib/python3.8/dist-packages/airflow/example_dags/example_branch_operator_decorator.py
[2023-06-14T14:57:20.796+0000] {processor.py:826} INFO - Processing file /usr/local/lib/python3.8/dist-packages/airflow/example_dags/example_branch_operator_decorator.py for tasks to queue
[2023-06-14T14:57:20.798+0000] {logging_mixin.py:149} INFO - [2023-06-14T14:57:20.798+0000] {dagbag.py:541} INFO - Filling up the DagBag from /usr/local/lib/python3.8/dist-packages/airflow/example_dags/example_branch_operator_decorator.py
[2023-06-14T14:57:20.809+0000] {processor.py:836} INFO - DAG(s) dict_keys(['example_branch_python_operator_decorator']) retrieved from /usr/local/lib/python3.8/dist-packages/airflow/example_dags/example_branch_operator_decorator.py
[2023-06-14T14:57:20.831+0000] {logging_mixin.py:149} INFO - [2023-06-14T14:57:20.831+0000] {dag.py:2726} INFO - Sync 1 DAGs
[2023-06-14T14:57:20.853+0000] {logging_mixin.py:149} INFO - [2023-06-14T14:57:20.852+0000] {dag.py:3486} INFO - Setting next_dagrun for example_branch_python_operator_decorator to 2023-06-13T00:00:00+00:00, run_after=2023-06-14T00:00:00+00:00
[2023-06-14T14:57:20.879+0000] {processor.py:179} INFO - Processing /usr/local/lib/python3.8/dist-packages/airflow/example_dags/example_branch_operator_decorator.py took 0.088 seconds
[2023-06-14T14:58:12.483+0000] {processor.py:157} INFO - Started process (PID=11263) to work on /usr/local/lib/python3.8/dist-packages/airflow/example_dags/example_branch_operator_decorator.py
[2023-06-14T14:58:12.485+0000] {processor.py:826} INFO - Processing file /usr/local/lib/python3.8/dist-packages/airflow/example_dags/example_branch_operator_decorator.py for tasks to queue
[2023-06-14T14:58:12.487+0000] {logging_mixin.py:149} INFO - [2023-06-14T14:58:12.487+0000] {dagbag.py:541} INFO - Filling up the DagBag from /usr/local/lib/python3.8/dist-packages/airflow/example_dags/example_branch_operator_decorator.py
[2023-06-14T14:58:12.498+0000] {processor.py:836} INFO - DAG(s) dict_keys(['example_branch_python_operator_decorator']) retrieved from /usr/local/lib/python3.8/dist-packages/airflow/example_dags/example_branch_operator_decorator.py
[2023-06-14T14:58:12.520+0000] {logging_mixin.py:149} INFO - [2023-06-14T14:58:12.520+0000] {dag.py:2726} INFO - Sync 1 DAGs
[2023-06-14T14:58:12.543+0000] {logging_mixin.py:149} INFO - [2023-06-14T14:58:12.543+0000] {dag.py:3486} INFO - Setting next_dagrun for example_branch_python_operator_decorator to 2023-06-13T00:00:00+00:00, run_after=2023-06-14T00:00:00+00:00
[2023-06-14T14:58:12.570+0000] {processor.py:179} INFO - Processing /usr/local/lib/python3.8/dist-packages/airflow/example_dags/example_branch_operator_decorator.py took 0.091 seconds
[2023-06-14T14:59:02.919+0000] {processor.py:157} INFO - Started process (PID=11521) to work on /usr/local/lib/python3.8/dist-packages/airflow/example_dags/example_branch_operator_decorator.py
[2023-06-14T14:59:02.921+0000] {processor.py:826} INFO - Processing file /usr/local/lib/python3.8/dist-packages/airflow/example_dags/example_branch_operator_decorator.py for tasks to queue
[2023-06-14T14:59:02.923+0000] {logging_mixin.py:149} INFO - [2023-06-14T14:59:02.923+0000] {dagbag.py:541} INFO - Filling up the DagBag from /usr/local/lib/python3.8/dist-packages/airflow/example_dags/example_branch_operator_decorator.py
[2023-06-14T14:59:02.934+0000] {processor.py:836} INFO - DAG(s) dict_keys(['example_branch_python_operator_decorator']) retrieved from /usr/local/lib/python3.8/dist-packages/airflow/example_dags/example_branch_operator_decorator.py
[2023-06-14T14:59:02.957+0000] {logging_mixin.py:149} INFO - [2023-06-14T14:59:02.957+0000] {dag.py:2726} INFO - Sync 1 DAGs
[2023-06-14T14:59:02.980+0000] {logging_mixin.py:149} INFO - [2023-06-14T14:59:02.980+0000] {dag.py:3486} INFO - Setting next_dagrun for example_branch_python_operator_decorator to 2023-06-13T00:00:00+00:00, run_after=2023-06-14T00:00:00+00:00
[2023-06-14T14:59:03.008+0000] {processor.py:179} INFO - Processing /usr/local/lib/python3.8/dist-packages/airflow/example_dags/example_branch_operator_decorator.py took 0.092 seconds
[2023-06-14T15:00:03.916+0000] {processor.py:157} INFO - Started process (PID=11689) to work on /usr/local/lib/python3.8/dist-packages/airflow/example_dags/example_branch_operator_decorator.py
[2023-06-14T15:00:03.918+0000] {processor.py:826} INFO - Processing file /usr/local/lib/python3.8/dist-packages/airflow/example_dags/example_branch_operator_decorator.py for tasks to queue
[2023-06-14T15:00:03.920+0000] {logging_mixin.py:149} INFO - [2023-06-14T15:00:03.920+0000] {dagbag.py:541} INFO - Filling up the DagBag from /usr/local/lib/python3.8/dist-packages/airflow/example_dags/example_branch_operator_decorator.py
[2023-06-14T15:00:03.933+0000] {processor.py:836} INFO - DAG(s) dict_keys(['example_branch_python_operator_decorator']) retrieved from /usr/local/lib/python3.8/dist-packages/airflow/example_dags/example_branch_operator_decorator.py
[2023-06-14T15:00:03.956+0000] {logging_mixin.py:149} INFO - [2023-06-14T15:00:03.956+0000] {dag.py:2726} INFO - Sync 1 DAGs
[2023-06-14T15:00:03.979+0000] {logging_mixin.py:149} INFO - [2023-06-14T15:00:03.979+0000] {dag.py:3486} INFO - Setting next_dagrun for example_branch_python_operator_decorator to 2023-06-13T00:00:00+00:00, run_after=2023-06-14T00:00:00+00:00
[2023-06-14T15:00:04.005+0000] {processor.py:179} INFO - Processing /usr/local/lib/python3.8/dist-packages/airflow/example_dags/example_branch_operator_decorator.py took 0.093 seconds
[2023-06-14T15:00:54.974+0000] {processor.py:157} INFO - Started process (PID=11845) to work on /usr/local/lib/python3.8/dist-packages/airflow/example_dags/example_branch_operator_decorator.py
[2023-06-14T15:00:54.976+0000] {processor.py:826} INFO - Processing file /usr/local/lib/python3.8/dist-packages/airflow/example_dags/example_branch_operator_decorator.py for tasks to queue
[2023-06-14T15:00:54.978+0000] {logging_mixin.py:149} INFO - [2023-06-14T15:00:54.978+0000] {dagbag.py:541} INFO - Filling up the DagBag from /usr/local/lib/python3.8/dist-packages/airflow/example_dags/example_branch_operator_decorator.py
[2023-06-14T15:00:54.989+0000] {processor.py:836} INFO - DAG(s) dict_keys(['example_branch_python_operator_decorator']) retrieved from /usr/local/lib/python3.8/dist-packages/airflow/example_dags/example_branch_operator_decorator.py
[2023-06-14T15:00:55.011+0000] {logging_mixin.py:149} INFO - [2023-06-14T15:00:55.010+0000] {dag.py:2726} INFO - Sync 1 DAGs
[2023-06-14T15:00:55.032+0000] {logging_mixin.py:149} INFO - [2023-06-14T15:00:55.032+0000] {dag.py:3486} INFO - Setting next_dagrun for example_branch_python_operator_decorator to 2023-06-13T00:00:00+00:00, run_after=2023-06-14T00:00:00+00:00
[2023-06-14T15:00:55.058+0000] {processor.py:179} INFO - Processing /usr/local/lib/python3.8/dist-packages/airflow/example_dags/example_branch_operator_decorator.py took 0.089 seconds
[2023-06-14T15:01:47.324+0000] {processor.py:157} INFO - Started process (PID=11899) to work on /usr/local/lib/python3.8/dist-packages/airflow/example_dags/example_branch_operator_decorator.py
[2023-06-14T15:01:47.325+0000] {processor.py:826} INFO - Processing file /usr/local/lib/python3.8/dist-packages/airflow/example_dags/example_branch_operator_decorator.py for tasks to queue
[2023-06-14T15:01:47.327+0000] {logging_mixin.py:149} INFO - [2023-06-14T15:01:47.327+0000] {dagbag.py:541} INFO - Filling up the DagBag from /usr/local/lib/python3.8/dist-packages/airflow/example_dags/example_branch_operator_decorator.py
[2023-06-14T15:01:47.338+0000] {processor.py:836} INFO - DAG(s) dict_keys(['example_branch_python_operator_decorator']) retrieved from /usr/local/lib/python3.8/dist-packages/airflow/example_dags/example_branch_operator_decorator.py
[2023-06-14T15:01:47.360+0000] {logging_mixin.py:149} INFO - [2023-06-14T15:01:47.360+0000] {dag.py:2726} INFO - Sync 1 DAGs
[2023-06-14T15:01:47.382+0000] {logging_mixin.py:149} INFO - [2023-06-14T15:01:47.382+0000] {dag.py:3486} INFO - Setting next_dagrun for example_branch_python_operator_decorator to 2023-06-13T00:00:00+00:00, run_after=2023-06-14T00:00:00+00:00
[2023-06-14T15:01:47.411+0000] {processor.py:179} INFO - Processing /usr/local/lib/python3.8/dist-packages/airflow/example_dags/example_branch_operator_decorator.py took 0.090 seconds
[2023-06-14T15:02:37.093+0000] {processor.py:157} INFO - Started process (PID=12061) to work on /usr/local/lib/python3.8/dist-packages/airflow/example_dags/example_branch_operator_decorator.py
[2023-06-14T15:02:37.095+0000] {processor.py:826} INFO - Processing file /usr/local/lib/python3.8/dist-packages/airflow/example_dags/example_branch_operator_decorator.py for tasks to queue
[2023-06-14T15:02:37.098+0000] {logging_mixin.py:149} INFO - [2023-06-14T15:02:37.098+0000] {dagbag.py:541} INFO - Filling up the DagBag from /usr/local/lib/python3.8/dist-packages/airflow/example_dags/example_branch_operator_decorator.py
[2023-06-14T15:02:37.108+0000] {processor.py:836} INFO - DAG(s) dict_keys(['example_branch_python_operator_decorator']) retrieved from /usr/local/lib/python3.8/dist-packages/airflow/example_dags/example_branch_operator_decorator.py
[2023-06-14T15:02:37.131+0000] {logging_mixin.py:149} INFO - [2023-06-14T15:02:37.130+0000] {dag.py:2726} INFO - Sync 1 DAGs
[2023-06-14T15:02:37.152+0000] {logging_mixin.py:149} INFO - [2023-06-14T15:02:37.152+0000] {dag.py:3486} INFO - Setting next_dagrun for example_branch_python_operator_decorator to 2023-06-13T00:00:00+00:00, run_after=2023-06-14T00:00:00+00:00
[2023-06-14T15:02:37.179+0000] {processor.py:179} INFO - Processing /usr/local/lib/python3.8/dist-packages/airflow/example_dags/example_branch_operator_decorator.py took 0.090 seconds
[2023-06-14T15:03:28.593+0000] {processor.py:157} INFO - Started process (PID=12319) to work on /usr/local/lib/python3.8/dist-packages/airflow/example_dags/example_branch_operator_decorator.py
[2023-06-14T15:03:28.594+0000] {processor.py:826} INFO - Processing file /usr/local/lib/python3.8/dist-packages/airflow/example_dags/example_branch_operator_decorator.py for tasks to queue
[2023-06-14T15:03:28.597+0000] {logging_mixin.py:149} INFO - [2023-06-14T15:03:28.597+0000] {dagbag.py:541} INFO - Filling up the DagBag from /usr/local/lib/python3.8/dist-packages/airflow/example_dags/example_branch_operator_decorator.py
[2023-06-14T15:03:28.607+0000] {processor.py:836} INFO - DAG(s) dict_keys(['example_branch_python_operator_decorator']) retrieved from /usr/local/lib/python3.8/dist-packages/airflow/example_dags/example_branch_operator_decorator.py
[2023-06-14T15:03:28.630+0000] {logging_mixin.py:149} INFO - [2023-06-14T15:03:28.629+0000] {dag.py:2726} INFO - Sync 1 DAGs
[2023-06-14T15:03:28.652+0000] {logging_mixin.py:149} INFO - [2023-06-14T15:03:28.652+0000] {dag.py:3486} INFO - Setting next_dagrun for example_branch_python_operator_decorator to 2023-06-13T00:00:00+00:00, run_after=2023-06-14T00:00:00+00:00
[2023-06-14T15:03:28.678+0000] {processor.py:179} INFO - Processing /usr/local/lib/python3.8/dist-packages/airflow/example_dags/example_branch_operator_decorator.py took 0.088 seconds
[2023-06-14T15:04:20.094+0000] {processor.py:157} INFO - Started process (PID=12579) to work on /usr/local/lib/python3.8/dist-packages/airflow/example_dags/example_branch_operator_decorator.py
[2023-06-14T15:04:20.096+0000] {processor.py:826} INFO - Processing file /usr/local/lib/python3.8/dist-packages/airflow/example_dags/example_branch_operator_decorator.py for tasks to queue
[2023-06-14T15:04:20.098+0000] {logging_mixin.py:149} INFO - [2023-06-14T15:04:20.098+0000] {dagbag.py:541} INFO - Filling up the DagBag from /usr/local/lib/python3.8/dist-packages/airflow/example_dags/example_branch_operator_decorator.py
[2023-06-14T15:04:20.109+0000] {processor.py:836} INFO - DAG(s) dict_keys(['example_branch_python_operator_decorator']) retrieved from /usr/local/lib/python3.8/dist-packages/airflow/example_dags/example_branch_operator_decorator.py
[2023-06-14T15:04:20.131+0000] {logging_mixin.py:149} INFO - [2023-06-14T15:04:20.130+0000] {dag.py:2726} INFO - Sync 1 DAGs
[2023-06-14T15:04:20.152+0000] {logging_mixin.py:149} INFO - [2023-06-14T15:04:20.152+0000] {dag.py:3486} INFO - Setting next_dagrun for example_branch_python_operator_decorator to 2023-06-13T00:00:00+00:00, run_after=2023-06-14T00:00:00+00:00
[2023-06-14T15:04:20.182+0000] {processor.py:179} INFO - Processing /usr/local/lib/python3.8/dist-packages/airflow/example_dags/example_branch_operator_decorator.py took 0.091 seconds
[2023-06-14T15:05:13.925+0000] {processor.py:157} INFO - Started process (PID=12971) to work on /usr/local/lib/python3.8/dist-packages/airflow/example_dags/example_branch_operator_decorator.py
[2023-06-14T15:05:13.937+0000] {processor.py:826} INFO - Processing file /usr/local/lib/python3.8/dist-packages/airflow/example_dags/example_branch_operator_decorator.py for tasks to queue
[2023-06-14T15:05:13.940+0000] {logging_mixin.py:149} INFO - [2023-06-14T15:05:13.940+0000] {dagbag.py:541} INFO - Filling up the DagBag from /usr/local/lib/python3.8/dist-packages/airflow/example_dags/example_branch_operator_decorator.py
[2023-06-14T15:05:13.957+0000] {processor.py:836} INFO - DAG(s) dict_keys(['example_branch_python_operator_decorator']) retrieved from /usr/local/lib/python3.8/dist-packages/airflow/example_dags/example_branch_operator_decorator.py
[2023-06-14T15:05:14.003+0000] {logging_mixin.py:149} INFO - [2023-06-14T15:05:14.002+0000] {dag.py:2726} INFO - Sync 1 DAGs
[2023-06-14T15:05:14.066+0000] {logging_mixin.py:149} INFO - [2023-06-14T15:05:14.066+0000] {dag.py:3486} INFO - Setting next_dagrun for example_branch_python_operator_decorator to 2023-06-13T00:00:00+00:00, run_after=2023-06-14T00:00:00+00:00
[2023-06-14T15:05:14.104+0000] {processor.py:179} INFO - Processing /usr/local/lib/python3.8/dist-packages/airflow/example_dags/example_branch_operator_decorator.py took 0.182 seconds
[2023-06-14T15:06:11.118+0000] {processor.py:157} INFO - Started process (PID=13132) to work on /usr/local/lib/python3.8/dist-packages/airflow/example_dags/example_branch_operator_decorator.py
[2023-06-14T15:06:11.120+0000] {processor.py:826} INFO - Processing file /usr/local/lib/python3.8/dist-packages/airflow/example_dags/example_branch_operator_decorator.py for tasks to queue
[2023-06-14T15:06:11.122+0000] {logging_mixin.py:149} INFO - [2023-06-14T15:06:11.122+0000] {dagbag.py:541} INFO - Filling up the DagBag from /usr/local/lib/python3.8/dist-packages/airflow/example_dags/example_branch_operator_decorator.py
[2023-06-14T15:06:11.133+0000] {processor.py:836} INFO - DAG(s) dict_keys(['example_branch_python_operator_decorator']) retrieved from /usr/local/lib/python3.8/dist-packages/airflow/example_dags/example_branch_operator_decorator.py
[2023-06-14T15:06:11.156+0000] {logging_mixin.py:149} INFO - [2023-06-14T15:06:11.155+0000] {dag.py:2726} INFO - Sync 1 DAGs
[2023-06-14T15:06:11.178+0000] {logging_mixin.py:149} INFO - [2023-06-14T15:06:11.177+0000] {dag.py:3486} INFO - Setting next_dagrun for example_branch_python_operator_decorator to 2023-06-13T00:00:00+00:00, run_after=2023-06-14T00:00:00+00:00
[2023-06-14T15:06:11.205+0000] {processor.py:179} INFO - Processing /usr/local/lib/python3.8/dist-packages/airflow/example_dags/example_branch_operator_decorator.py took 0.091 seconds
[2023-06-14T15:07:01.399+0000] {processor.py:157} INFO - Started process (PID=13392) to work on /usr/local/lib/python3.8/dist-packages/airflow/example_dags/example_branch_operator_decorator.py
[2023-06-14T15:07:01.401+0000] {processor.py:826} INFO - Processing file /usr/local/lib/python3.8/dist-packages/airflow/example_dags/example_branch_operator_decorator.py for tasks to queue
[2023-06-14T15:07:01.406+0000] {logging_mixin.py:149} INFO - [2023-06-14T15:07:01.406+0000] {dagbag.py:541} INFO - Filling up the DagBag from /usr/local/lib/python3.8/dist-packages/airflow/example_dags/example_branch_operator_decorator.py
[2023-06-14T15:07:01.417+0000] {processor.py:836} INFO - DAG(s) dict_keys(['example_branch_python_operator_decorator']) retrieved from /usr/local/lib/python3.8/dist-packages/airflow/example_dags/example_branch_operator_decorator.py
[2023-06-14T15:07:01.439+0000] {logging_mixin.py:149} INFO - [2023-06-14T15:07:01.439+0000] {dag.py:2726} INFO - Sync 1 DAGs
[2023-06-14T15:07:01.461+0000] {logging_mixin.py:149} INFO - [2023-06-14T15:07:01.460+0000] {dag.py:3486} INFO - Setting next_dagrun for example_branch_python_operator_decorator to 2023-06-13T00:00:00+00:00, run_after=2023-06-14T00:00:00+00:00
[2023-06-14T15:07:01.493+0000] {processor.py:179} INFO - Processing /usr/local/lib/python3.8/dist-packages/airflow/example_dags/example_branch_operator_decorator.py took 0.099 seconds
[2023-06-14T15:07:52.876+0000] {processor.py:157} INFO - Started process (PID=13497) to work on /usr/local/lib/python3.8/dist-packages/airflow/example_dags/example_branch_operator_decorator.py
[2023-06-14T15:07:52.877+0000] {processor.py:826} INFO - Processing file /usr/local/lib/python3.8/dist-packages/airflow/example_dags/example_branch_operator_decorator.py for tasks to queue
[2023-06-14T15:07:52.880+0000] {logging_mixin.py:149} INFO - [2023-06-14T15:07:52.880+0000] {dagbag.py:541} INFO - Filling up the DagBag from /usr/local/lib/python3.8/dist-packages/airflow/example_dags/example_branch_operator_decorator.py
[2023-06-14T15:07:52.892+0000] {processor.py:836} INFO - DAG(s) dict_keys(['example_branch_python_operator_decorator']) retrieved from /usr/local/lib/python3.8/dist-packages/airflow/example_dags/example_branch_operator_decorator.py
[2023-06-14T15:07:52.920+0000] {logging_mixin.py:149} INFO - [2023-06-14T15:07:52.919+0000] {dag.py:2726} INFO - Sync 1 DAGs
[2023-06-14T15:07:52.945+0000] {logging_mixin.py:149} INFO - [2023-06-14T15:07:52.945+0000] {dag.py:3486} INFO - Setting next_dagrun for example_branch_python_operator_decorator to 2023-06-13T00:00:00+00:00, run_after=2023-06-14T00:00:00+00:00
[2023-06-14T15:07:52.979+0000] {processor.py:179} INFO - Processing /usr/local/lib/python3.8/dist-packages/airflow/example_dags/example_branch_operator_decorator.py took 0.108 seconds
[2023-06-14T15:08:43.368+0000] {processor.py:157} INFO - Started process (PID=13613) to work on /usr/local/lib/python3.8/dist-packages/airflow/example_dags/example_branch_operator_decorator.py
[2023-06-14T15:08:43.369+0000] {processor.py:826} INFO - Processing file /usr/local/lib/python3.8/dist-packages/airflow/example_dags/example_branch_operator_decorator.py for tasks to queue
[2023-06-14T15:08:43.371+0000] {logging_mixin.py:149} INFO - [2023-06-14T15:08:43.371+0000] {dagbag.py:541} INFO - Filling up the DagBag from /usr/local/lib/python3.8/dist-packages/airflow/example_dags/example_branch_operator_decorator.py
[2023-06-14T15:08:43.382+0000] {processor.py:836} INFO - DAG(s) dict_keys(['example_branch_python_operator_decorator']) retrieved from /usr/local/lib/python3.8/dist-packages/airflow/example_dags/example_branch_operator_decorator.py
[2023-06-14T15:08:43.404+0000] {logging_mixin.py:149} INFO - [2023-06-14T15:08:43.404+0000] {dag.py:2726} INFO - Sync 1 DAGs
[2023-06-14T15:08:43.425+0000] {logging_mixin.py:149} INFO - [2023-06-14T15:08:43.425+0000] {dag.py:3486} INFO - Setting next_dagrun for example_branch_python_operator_decorator to 2023-06-13T00:00:00+00:00, run_after=2023-06-14T00:00:00+00:00
[2023-06-14T15:08:43.459+0000] {processor.py:179} INFO - Processing /usr/local/lib/python3.8/dist-packages/airflow/example_dags/example_branch_operator_decorator.py took 0.095 seconds
[2023-06-14T15:09:31.112+0000] {processor.py:157} INFO - Started process (PID=13868) to work on /usr/local/lib/python3.8/dist-packages/airflow/example_dags/example_branch_operator_decorator.py
[2023-06-14T15:09:31.113+0000] {processor.py:826} INFO - Processing file /usr/local/lib/python3.8/dist-packages/airflow/example_dags/example_branch_operator_decorator.py for tasks to queue
[2023-06-14T15:09:31.116+0000] {logging_mixin.py:149} INFO - [2023-06-14T15:09:31.116+0000] {dagbag.py:541} INFO - Filling up the DagBag from /usr/local/lib/python3.8/dist-packages/airflow/example_dags/example_branch_operator_decorator.py
[2023-06-14T15:09:31.126+0000] {processor.py:836} INFO - DAG(s) dict_keys(['example_branch_python_operator_decorator']) retrieved from /usr/local/lib/python3.8/dist-packages/airflow/example_dags/example_branch_operator_decorator.py
[2023-06-14T15:09:31.148+0000] {logging_mixin.py:149} INFO - [2023-06-14T15:09:31.148+0000] {dag.py:2726} INFO - Sync 1 DAGs
[2023-06-14T15:09:31.170+0000] {logging_mixin.py:149} INFO - [2023-06-14T15:09:31.170+0000] {dag.py:3486} INFO - Setting next_dagrun for example_branch_python_operator_decorator to 2023-06-13T00:00:00+00:00, run_after=2023-06-14T00:00:00+00:00
[2023-06-14T15:09:31.198+0000] {processor.py:179} INFO - Processing /usr/local/lib/python3.8/dist-packages/airflow/example_dags/example_branch_operator_decorator.py took 0.091 seconds
[2023-06-14T15:10:23.811+0000] {processor.py:157} INFO - Started process (PID=14023) to work on /usr/local/lib/python3.8/dist-packages/airflow/example_dags/example_branch_operator_decorator.py
[2023-06-14T15:10:23.813+0000] {processor.py:826} INFO - Processing file /usr/local/lib/python3.8/dist-packages/airflow/example_dags/example_branch_operator_decorator.py for tasks to queue
[2023-06-14T15:10:23.815+0000] {logging_mixin.py:149} INFO - [2023-06-14T15:10:23.815+0000] {dagbag.py:541} INFO - Filling up the DagBag from /usr/local/lib/python3.8/dist-packages/airflow/example_dags/example_branch_operator_decorator.py
[2023-06-14T15:10:23.826+0000] {processor.py:836} INFO - DAG(s) dict_keys(['example_branch_python_operator_decorator']) retrieved from /usr/local/lib/python3.8/dist-packages/airflow/example_dags/example_branch_operator_decorator.py
[2023-06-14T15:10:23.848+0000] {logging_mixin.py:149} INFO - [2023-06-14T15:10:23.847+0000] {dag.py:2726} INFO - Sync 1 DAGs
[2023-06-14T15:10:23.869+0000] {logging_mixin.py:149} INFO - [2023-06-14T15:10:23.869+0000] {dag.py:3486} INFO - Setting next_dagrun for example_branch_python_operator_decorator to 2023-06-13T00:00:00+00:00, run_after=2023-06-14T00:00:00+00:00
[2023-06-14T15:10:23.896+0000] {processor.py:179} INFO - Processing /usr/local/lib/python3.8/dist-packages/airflow/example_dags/example_branch_operator_decorator.py took 0.089 seconds
[2023-06-14T15:11:10.671+0000] {processor.py:157} INFO - Started process (PID=14178) to work on /usr/local/lib/python3.8/dist-packages/airflow/example_dags/example_branch_operator_decorator.py
[2023-06-14T15:11:10.672+0000] {processor.py:826} INFO - Processing file /usr/local/lib/python3.8/dist-packages/airflow/example_dags/example_branch_operator_decorator.py for tasks to queue
[2023-06-14T15:11:10.674+0000] {logging_mixin.py:149} INFO - [2023-06-14T15:11:10.674+0000] {dagbag.py:541} INFO - Filling up the DagBag from /usr/local/lib/python3.8/dist-packages/airflow/example_dags/example_branch_operator_decorator.py
[2023-06-14T15:11:10.685+0000] {processor.py:836} INFO - DAG(s) dict_keys(['example_branch_python_operator_decorator']) retrieved from /usr/local/lib/python3.8/dist-packages/airflow/example_dags/example_branch_operator_decorator.py
[2023-06-14T15:11:10.707+0000] {logging_mixin.py:149} INFO - [2023-06-14T15:11:10.707+0000] {dag.py:2726} INFO - Sync 1 DAGs
[2023-06-14T15:11:10.729+0000] {logging_mixin.py:149} INFO - [2023-06-14T15:11:10.729+0000] {dag.py:3486} INFO - Setting next_dagrun for example_branch_python_operator_decorator to 2023-06-13T00:00:00+00:00, run_after=2023-06-14T00:00:00+00:00
[2023-06-14T15:11:10.758+0000] {processor.py:179} INFO - Processing /usr/local/lib/python3.8/dist-packages/airflow/example_dags/example_branch_operator_decorator.py took 0.091 seconds
[2023-06-14T15:12:02.412+0000] {processor.py:157} INFO - Started process (PID=14332) to work on /usr/local/lib/python3.8/dist-packages/airflow/example_dags/example_branch_operator_decorator.py
[2023-06-14T15:12:02.413+0000] {processor.py:826} INFO - Processing file /usr/local/lib/python3.8/dist-packages/airflow/example_dags/example_branch_operator_decorator.py for tasks to queue
[2023-06-14T15:12:02.416+0000] {logging_mixin.py:149} INFO - [2023-06-14T15:12:02.415+0000] {dagbag.py:541} INFO - Filling up the DagBag from /usr/local/lib/python3.8/dist-packages/airflow/example_dags/example_branch_operator_decorator.py
[2023-06-14T15:12:02.426+0000] {processor.py:836} INFO - DAG(s) dict_keys(['example_branch_python_operator_decorator']) retrieved from /usr/local/lib/python3.8/dist-packages/airflow/example_dags/example_branch_operator_decorator.py
[2023-06-14T15:12:02.449+0000] {logging_mixin.py:149} INFO - [2023-06-14T15:12:02.448+0000] {dag.py:2726} INFO - Sync 1 DAGs
[2023-06-14T15:12:02.470+0000] {logging_mixin.py:149} INFO - [2023-06-14T15:12:02.470+0000] {dag.py:3486} INFO - Setting next_dagrun for example_branch_python_operator_decorator to 2023-06-13T00:00:00+00:00, run_after=2023-06-14T00:00:00+00:00
[2023-06-14T15:12:02.498+0000] {processor.py:179} INFO - Processing /usr/local/lib/python3.8/dist-packages/airflow/example_dags/example_branch_operator_decorator.py took 0.090 seconds
[2023-06-14T15:12:52.746+0000] {processor.py:157} INFO - Started process (PID=14428) to work on /usr/local/lib/python3.8/dist-packages/airflow/example_dags/example_branch_operator_decorator.py
[2023-06-14T15:12:52.748+0000] {processor.py:826} INFO - Processing file /usr/local/lib/python3.8/dist-packages/airflow/example_dags/example_branch_operator_decorator.py for tasks to queue
[2023-06-14T15:12:52.751+0000] {logging_mixin.py:149} INFO - [2023-06-14T15:12:52.751+0000] {dagbag.py:541} INFO - Filling up the DagBag from /usr/local/lib/python3.8/dist-packages/airflow/example_dags/example_branch_operator_decorator.py
[2023-06-14T15:12:52.761+0000] {processor.py:836} INFO - DAG(s) dict_keys(['example_branch_python_operator_decorator']) retrieved from /usr/local/lib/python3.8/dist-packages/airflow/example_dags/example_branch_operator_decorator.py
[2023-06-14T15:12:52.783+0000] {logging_mixin.py:149} INFO - [2023-06-14T15:12:52.783+0000] {dag.py:2726} INFO - Sync 1 DAGs
[2023-06-14T15:12:52.805+0000] {logging_mixin.py:149} INFO - [2023-06-14T15:12:52.805+0000] {dag.py:3486} INFO - Setting next_dagrun for example_branch_python_operator_decorator to 2023-06-13T00:00:00+00:00, run_after=2023-06-14T00:00:00+00:00
[2023-06-14T15:12:52.833+0000] {processor.py:179} INFO - Processing /usr/local/lib/python3.8/dist-packages/airflow/example_dags/example_branch_operator_decorator.py took 0.090 seconds
[2023-06-14T15:13:44.742+0000] {processor.py:157} INFO - Started process (PID=14545) to work on /usr/local/lib/python3.8/dist-packages/airflow/example_dags/example_branch_operator_decorator.py
[2023-06-14T15:13:44.744+0000] {processor.py:826} INFO - Processing file /usr/local/lib/python3.8/dist-packages/airflow/example_dags/example_branch_operator_decorator.py for tasks to queue
[2023-06-14T15:13:44.746+0000] {logging_mixin.py:149} INFO - [2023-06-14T15:13:44.746+0000] {dagbag.py:541} INFO - Filling up the DagBag from /usr/local/lib/python3.8/dist-packages/airflow/example_dags/example_branch_operator_decorator.py
[2023-06-14T15:13:44.756+0000] {processor.py:836} INFO - DAG(s) dict_keys(['example_branch_python_operator_decorator']) retrieved from /usr/local/lib/python3.8/dist-packages/airflow/example_dags/example_branch_operator_decorator.py
[2023-06-14T15:13:44.778+0000] {logging_mixin.py:149} INFO - [2023-06-14T15:13:44.778+0000] {dag.py:2726} INFO - Sync 1 DAGs
[2023-06-14T15:13:44.799+0000] {logging_mixin.py:149} INFO - [2023-06-14T15:13:44.799+0000] {dag.py:3486} INFO - Setting next_dagrun for example_branch_python_operator_decorator to 2023-06-13T00:00:00+00:00, run_after=2023-06-14T00:00:00+00:00
[2023-06-14T15:13:44.826+0000] {processor.py:179} INFO - Processing /usr/local/lib/python3.8/dist-packages/airflow/example_dags/example_branch_operator_decorator.py took 0.088 seconds
[2023-06-14T15:14:33.419+0000] {processor.py:157} INFO - Started process (PID=14803) to work on /usr/local/lib/python3.8/dist-packages/airflow/example_dags/example_branch_operator_decorator.py
[2023-06-14T15:14:33.420+0000] {processor.py:826} INFO - Processing file /usr/local/lib/python3.8/dist-packages/airflow/example_dags/example_branch_operator_decorator.py for tasks to queue
[2023-06-14T15:14:33.423+0000] {logging_mixin.py:149} INFO - [2023-06-14T15:14:33.423+0000] {dagbag.py:541} INFO - Filling up the DagBag from /usr/local/lib/python3.8/dist-packages/airflow/example_dags/example_branch_operator_decorator.py
[2023-06-14T15:14:33.434+0000] {processor.py:836} INFO - DAG(s) dict_keys(['example_branch_python_operator_decorator']) retrieved from /usr/local/lib/python3.8/dist-packages/airflow/example_dags/example_branch_operator_decorator.py
[2023-06-14T15:14:33.456+0000] {logging_mixin.py:149} INFO - [2023-06-14T15:14:33.456+0000] {dag.py:2726} INFO - Sync 1 DAGs
[2023-06-14T15:14:33.478+0000] {logging_mixin.py:149} INFO - [2023-06-14T15:14:33.478+0000] {dag.py:3486} INFO - Setting next_dagrun for example_branch_python_operator_decorator to 2023-06-13T00:00:00+00:00, run_after=2023-06-14T00:00:00+00:00
[2023-06-14T15:14:33.507+0000] {processor.py:179} INFO - Processing /usr/local/lib/python3.8/dist-packages/airflow/example_dags/example_branch_operator_decorator.py took 0.092 seconds
[2023-06-14T15:15:24.963+0000] {processor.py:157} INFO - Started process (PID=14957) to work on /usr/local/lib/python3.8/dist-packages/airflow/example_dags/example_branch_operator_decorator.py
[2023-06-14T15:15:24.964+0000] {processor.py:826} INFO - Processing file /usr/local/lib/python3.8/dist-packages/airflow/example_dags/example_branch_operator_decorator.py for tasks to queue
[2023-06-14T15:15:24.967+0000] {logging_mixin.py:149} INFO - [2023-06-14T15:15:24.967+0000] {dagbag.py:541} INFO - Filling up the DagBag from /usr/local/lib/python3.8/dist-packages/airflow/example_dags/example_branch_operator_decorator.py
[2023-06-14T15:15:24.977+0000] {processor.py:836} INFO - DAG(s) dict_keys(['example_branch_python_operator_decorator']) retrieved from /usr/local/lib/python3.8/dist-packages/airflow/example_dags/example_branch_operator_decorator.py
[2023-06-14T15:15:24.999+0000] {logging_mixin.py:149} INFO - [2023-06-14T15:15:24.999+0000] {dag.py:2726} INFO - Sync 1 DAGs
[2023-06-14T15:15:25.021+0000] {logging_mixin.py:149} INFO - [2023-06-14T15:15:25.021+0000] {dag.py:3486} INFO - Setting next_dagrun for example_branch_python_operator_decorator to 2023-06-13T00:00:00+00:00, run_after=2023-06-14T00:00:00+00:00
[2023-06-14T15:15:25.050+0000] {processor.py:179} INFO - Processing /usr/local/lib/python3.8/dist-packages/airflow/example_dags/example_branch_operator_decorator.py took 0.091 seconds
