[2023-06-14T14:17:01.815+0000] {processor.py:157} INFO - Started process (PID=1938) to work on /usr/local/lib/python3.8/dist-packages/airflow/example_dags/example_bash_operator.py
[2023-06-14T14:17:01.816+0000] {processor.py:826} INFO - Processing file /usr/local/lib/python3.8/dist-packages/airflow/example_dags/example_bash_operator.py for tasks to queue
[2023-06-14T14:17:01.819+0000] {logging_mixin.py:149} INFO - [2023-06-14T14:17:01.819+0000] {dagbag.py:541} INFO - Filling up the DagBag from /usr/local/lib/python3.8/dist-packages/airflow/example_dags/example_bash_operator.py
[2023-06-14T14:17:01.836+0000] {processor.py:836} INFO - DAG(s) dict_keys(['example_bash_operator']) retrieved from /usr/local/lib/python3.8/dist-packages/airflow/example_dags/example_bash_operator.py
[2023-06-14T14:17:01.911+0000] {logging_mixin.py:149} INFO - [2023-06-14T14:17:01.910+0000] {dag.py:2726} INFO - Sync 1 DAGs
[2023-06-14T14:17:01.933+0000] {logging_mixin.py:149} INFO - [2023-06-14T14:17:01.933+0000] {dag.py:3486} INFO - Setting next_dagrun for example_bash_operator to 2023-06-13T00:00:00+00:00, run_after=2023-06-14T00:00:00+00:00
[2023-06-14T14:17:01.964+0000] {processor.py:179} INFO - Processing /usr/local/lib/python3.8/dist-packages/airflow/example_dags/example_bash_operator.py took 0.153 seconds
[2023-06-14T14:19:25.272+0000] {processor.py:157} INFO - Started process (PID=4128) to work on /usr/local/lib/python3.8/dist-packages/airflow/example_dags/example_bash_operator.py
[2023-06-14T14:19:25.273+0000] {processor.py:826} INFO - Processing file /usr/local/lib/python3.8/dist-packages/airflow/example_dags/example_bash_operator.py for tasks to queue
[2023-06-14T14:19:25.275+0000] {logging_mixin.py:149} INFO - [2023-06-14T14:19:25.275+0000] {dagbag.py:541} INFO - Filling up the DagBag from /usr/local/lib/python3.8/dist-packages/airflow/example_dags/example_bash_operator.py
[2023-06-14T14:19:25.290+0000] {processor.py:836} INFO - DAG(s) dict_keys(['example_bash_operator']) retrieved from /usr/local/lib/python3.8/dist-packages/airflow/example_dags/example_bash_operator.py
[2023-06-14T14:19:25.326+0000] {logging_mixin.py:149} INFO - [2023-06-14T14:19:25.325+0000] {dag.py:2726} INFO - Sync 1 DAGs
[2023-06-14T14:19:25.348+0000] {logging_mixin.py:149} INFO - [2023-06-14T14:19:25.347+0000] {dag.py:3486} INFO - Setting next_dagrun for example_bash_operator to 2023-06-13T00:00:00+00:00, run_after=2023-06-14T00:00:00+00:00
[2023-06-14T14:19:25.395+0000] {processor.py:179} INFO - Processing /usr/local/lib/python3.8/dist-packages/airflow/example_dags/example_bash_operator.py took 0.127 seconds
[2023-06-14T14:20:13.503+0000] {processor.py:157} INFO - Started process (PID=4279) to work on /usr/local/lib/python3.8/dist-packages/airflow/example_dags/example_bash_operator.py
[2023-06-14T14:20:13.504+0000] {processor.py:826} INFO - Processing file /usr/local/lib/python3.8/dist-packages/airflow/example_dags/example_bash_operator.py for tasks to queue
[2023-06-14T14:20:13.507+0000] {logging_mixin.py:149} INFO - [2023-06-14T14:20:13.507+0000] {dagbag.py:541} INFO - Filling up the DagBag from /usr/local/lib/python3.8/dist-packages/airflow/example_dags/example_bash_operator.py
[2023-06-14T14:20:13.522+0000] {processor.py:836} INFO - DAG(s) dict_keys(['example_bash_operator']) retrieved from /usr/local/lib/python3.8/dist-packages/airflow/example_dags/example_bash_operator.py
[2023-06-14T14:20:13.556+0000] {logging_mixin.py:149} INFO - [2023-06-14T14:20:13.556+0000] {dag.py:2726} INFO - Sync 1 DAGs
[2023-06-14T14:20:13.579+0000] {logging_mixin.py:149} INFO - [2023-06-14T14:20:13.579+0000] {dag.py:3486} INFO - Setting next_dagrun for example_bash_operator to 2023-06-13T00:00:00+00:00, run_after=2023-06-14T00:00:00+00:00
[2023-06-14T14:20:13.609+0000] {processor.py:179} INFO - Processing /usr/local/lib/python3.8/dist-packages/airflow/example_dags/example_bash_operator.py took 0.110 seconds
[2023-06-14T14:21:10.501+0000] {processor.py:157} INFO - Started process (PID=4438) to work on /usr/local/lib/python3.8/dist-packages/airflow/example_dags/example_bash_operator.py
[2023-06-14T14:21:10.502+0000] {processor.py:826} INFO - Processing file /usr/local/lib/python3.8/dist-packages/airflow/example_dags/example_bash_operator.py for tasks to queue
[2023-06-14T14:21:10.505+0000] {logging_mixin.py:149} INFO - [2023-06-14T14:21:10.505+0000] {dagbag.py:541} INFO - Filling up the DagBag from /usr/local/lib/python3.8/dist-packages/airflow/example_dags/example_bash_operator.py
[2023-06-14T14:21:10.520+0000] {processor.py:836} INFO - DAG(s) dict_keys(['example_bash_operator']) retrieved from /usr/local/lib/python3.8/dist-packages/airflow/example_dags/example_bash_operator.py
[2023-06-14T14:21:10.551+0000] {logging_mixin.py:149} INFO - [2023-06-14T14:21:10.551+0000] {dag.py:2726} INFO - Sync 1 DAGs
[2023-06-14T14:21:10.574+0000] {logging_mixin.py:149} INFO - [2023-06-14T14:21:10.574+0000] {dag.py:3486} INFO - Setting next_dagrun for example_bash_operator to 2023-06-13T00:00:00+00:00, run_after=2023-06-14T00:00:00+00:00
[2023-06-14T14:21:10.674+0000] {processor.py:179} INFO - Processing /usr/local/lib/python3.8/dist-packages/airflow/example_dags/example_bash_operator.py took 0.178 seconds
[2023-06-14T14:22:03.247+0000] {processor.py:157} INFO - Started process (PID=4600) to work on /usr/local/lib/python3.8/dist-packages/airflow/example_dags/example_bash_operator.py
[2023-06-14T14:22:03.248+0000] {processor.py:826} INFO - Processing file /usr/local/lib/python3.8/dist-packages/airflow/example_dags/example_bash_operator.py for tasks to queue
[2023-06-14T14:22:03.251+0000] {logging_mixin.py:149} INFO - [2023-06-14T14:22:03.251+0000] {dagbag.py:541} INFO - Filling up the DagBag from /usr/local/lib/python3.8/dist-packages/airflow/example_dags/example_bash_operator.py
[2023-06-14T14:22:03.266+0000] {processor.py:836} INFO - DAG(s) dict_keys(['example_bash_operator']) retrieved from /usr/local/lib/python3.8/dist-packages/airflow/example_dags/example_bash_operator.py
[2023-06-14T14:22:03.297+0000] {logging_mixin.py:149} INFO - [2023-06-14T14:22:03.297+0000] {dag.py:2726} INFO - Sync 1 DAGs
[2023-06-14T14:22:03.319+0000] {logging_mixin.py:149} INFO - [2023-06-14T14:22:03.318+0000] {dag.py:3486} INFO - Setting next_dagrun for example_bash_operator to 2023-06-13T00:00:00+00:00, run_after=2023-06-14T00:00:00+00:00
[2023-06-14T14:22:03.347+0000] {processor.py:179} INFO - Processing /usr/local/lib/python3.8/dist-packages/airflow/example_dags/example_bash_operator.py took 0.104 seconds
[2023-06-14T14:22:57.470+0000] {processor.py:157} INFO - Started process (PID=4758) to work on /usr/local/lib/python3.8/dist-packages/airflow/example_dags/example_bash_operator.py
[2023-06-14T14:22:57.471+0000] {processor.py:826} INFO - Processing file /usr/local/lib/python3.8/dist-packages/airflow/example_dags/example_bash_operator.py for tasks to queue
[2023-06-14T14:22:57.474+0000] {logging_mixin.py:149} INFO - [2023-06-14T14:22:57.474+0000] {dagbag.py:541} INFO - Filling up the DagBag from /usr/local/lib/python3.8/dist-packages/airflow/example_dags/example_bash_operator.py
[2023-06-14T14:22:57.489+0000] {processor.py:836} INFO - DAG(s) dict_keys(['example_bash_operator']) retrieved from /usr/local/lib/python3.8/dist-packages/airflow/example_dags/example_bash_operator.py
[2023-06-14T14:22:57.522+0000] {logging_mixin.py:149} INFO - [2023-06-14T14:22:57.522+0000] {dag.py:2726} INFO - Sync 1 DAGs
[2023-06-14T14:22:57.545+0000] {logging_mixin.py:149} INFO - [2023-06-14T14:22:57.544+0000] {dag.py:3486} INFO - Setting next_dagrun for example_bash_operator to 2023-06-13T00:00:00+00:00, run_after=2023-06-14T00:00:00+00:00
[2023-06-14T14:22:57.571+0000] {processor.py:179} INFO - Processing /usr/local/lib/python3.8/dist-packages/airflow/example_dags/example_bash_operator.py took 0.105 seconds
[2023-06-14T14:23:45.684+0000] {processor.py:157} INFO - Started process (PID=4808) to work on /usr/local/lib/python3.8/dist-packages/airflow/example_dags/example_bash_operator.py
[2023-06-14T14:23:45.685+0000] {processor.py:826} INFO - Processing file /usr/local/lib/python3.8/dist-packages/airflow/example_dags/example_bash_operator.py for tasks to queue
[2023-06-14T14:23:45.687+0000] {logging_mixin.py:149} INFO - [2023-06-14T14:23:45.687+0000] {dagbag.py:541} INFO - Filling up the DagBag from /usr/local/lib/python3.8/dist-packages/airflow/example_dags/example_bash_operator.py
[2023-06-14T14:23:45.703+0000] {processor.py:836} INFO - DAG(s) dict_keys(['example_bash_operator']) retrieved from /usr/local/lib/python3.8/dist-packages/airflow/example_dags/example_bash_operator.py
[2023-06-14T14:23:45.739+0000] {logging_mixin.py:149} INFO - [2023-06-14T14:23:45.739+0000] {dag.py:2726} INFO - Sync 1 DAGs
[2023-06-14T14:23:45.762+0000] {logging_mixin.py:149} INFO - [2023-06-14T14:23:45.761+0000] {dag.py:3486} INFO - Setting next_dagrun for example_bash_operator to 2023-06-13T00:00:00+00:00, run_after=2023-06-14T00:00:00+00:00
[2023-06-14T14:23:45.788+0000] {processor.py:179} INFO - Processing /usr/local/lib/python3.8/dist-packages/airflow/example_dags/example_bash_operator.py took 0.109 seconds
[2023-06-14T14:24:37.124+0000] {processor.py:157} INFO - Started process (PID=5066) to work on /usr/local/lib/python3.8/dist-packages/airflow/example_dags/example_bash_operator.py
[2023-06-14T14:24:37.125+0000] {processor.py:826} INFO - Processing file /usr/local/lib/python3.8/dist-packages/airflow/example_dags/example_bash_operator.py for tasks to queue
[2023-06-14T14:24:37.129+0000] {logging_mixin.py:149} INFO - [2023-06-14T14:24:37.129+0000] {dagbag.py:541} INFO - Filling up the DagBag from /usr/local/lib/python3.8/dist-packages/airflow/example_dags/example_bash_operator.py
[2023-06-14T14:24:37.143+0000] {processor.py:836} INFO - DAG(s) dict_keys(['example_bash_operator']) retrieved from /usr/local/lib/python3.8/dist-packages/airflow/example_dags/example_bash_operator.py
[2023-06-14T14:24:37.176+0000] {logging_mixin.py:149} INFO - [2023-06-14T14:24:37.175+0000] {dag.py:2726} INFO - Sync 1 DAGs
[2023-06-14T14:24:37.198+0000] {logging_mixin.py:149} INFO - [2023-06-14T14:24:37.197+0000] {dag.py:3486} INFO - Setting next_dagrun for example_bash_operator to 2023-06-13T00:00:00+00:00, run_after=2023-06-14T00:00:00+00:00
[2023-06-14T14:24:37.224+0000] {processor.py:179} INFO - Processing /usr/local/lib/python3.8/dist-packages/airflow/example_dags/example_bash_operator.py took 0.104 seconds
[2023-06-14T14:25:23.892+0000] {processor.py:157} INFO - Started process (PID=5219) to work on /usr/local/lib/python3.8/dist-packages/airflow/example_dags/example_bash_operator.py
[2023-06-14T14:25:23.894+0000] {processor.py:826} INFO - Processing file /usr/local/lib/python3.8/dist-packages/airflow/example_dags/example_bash_operator.py for tasks to queue
[2023-06-14T14:25:23.897+0000] {logging_mixin.py:149} INFO - [2023-06-14T14:25:23.897+0000] {dagbag.py:541} INFO - Filling up the DagBag from /usr/local/lib/python3.8/dist-packages/airflow/example_dags/example_bash_operator.py
[2023-06-14T14:25:23.911+0000] {processor.py:836} INFO - DAG(s) dict_keys(['example_bash_operator']) retrieved from /usr/local/lib/python3.8/dist-packages/airflow/example_dags/example_bash_operator.py
[2023-06-14T14:25:23.943+0000] {logging_mixin.py:149} INFO - [2023-06-14T14:25:23.943+0000] {dag.py:2726} INFO - Sync 1 DAGs
[2023-06-14T14:25:23.965+0000] {logging_mixin.py:149} INFO - [2023-06-14T14:25:23.965+0000] {dag.py:3486} INFO - Setting next_dagrun for example_bash_operator to 2023-06-13T00:00:00+00:00, run_after=2023-06-14T00:00:00+00:00
[2023-06-14T14:25:23.992+0000] {processor.py:179} INFO - Processing /usr/local/lib/python3.8/dist-packages/airflow/example_dags/example_bash_operator.py took 0.104 seconds
[2023-06-14T14:26:16.883+0000] {processor.py:157} INFO - Started process (PID=5376) to work on /usr/local/lib/python3.8/dist-packages/airflow/example_dags/example_bash_operator.py
[2023-06-14T14:26:16.885+0000] {processor.py:826} INFO - Processing file /usr/local/lib/python3.8/dist-packages/airflow/example_dags/example_bash_operator.py for tasks to queue
[2023-06-14T14:26:16.888+0000] {logging_mixin.py:149} INFO - [2023-06-14T14:26:16.888+0000] {dagbag.py:541} INFO - Filling up the DagBag from /usr/local/lib/python3.8/dist-packages/airflow/example_dags/example_bash_operator.py
[2023-06-14T14:26:16.902+0000] {processor.py:836} INFO - DAG(s) dict_keys(['example_bash_operator']) retrieved from /usr/local/lib/python3.8/dist-packages/airflow/example_dags/example_bash_operator.py
[2023-06-14T14:26:16.933+0000] {logging_mixin.py:149} INFO - [2023-06-14T14:26:16.933+0000] {dag.py:2726} INFO - Sync 1 DAGs
[2023-06-14T14:26:16.955+0000] {logging_mixin.py:149} INFO - [2023-06-14T14:26:16.954+0000] {dag.py:3486} INFO - Setting next_dagrun for example_bash_operator to 2023-06-13T00:00:00+00:00, run_after=2023-06-14T00:00:00+00:00
[2023-06-14T14:26:16.982+0000] {processor.py:179} INFO - Processing /usr/local/lib/python3.8/dist-packages/airflow/example_dags/example_bash_operator.py took 0.103 seconds
[2023-06-14T14:27:07.739+0000] {processor.py:157} INFO - Started process (PID=5534) to work on /usr/local/lib/python3.8/dist-packages/airflow/example_dags/example_bash_operator.py
[2023-06-14T14:27:07.741+0000] {processor.py:826} INFO - Processing file /usr/local/lib/python3.8/dist-packages/airflow/example_dags/example_bash_operator.py for tasks to queue
[2023-06-14T14:27:07.743+0000] {logging_mixin.py:149} INFO - [2023-06-14T14:27:07.743+0000] {dagbag.py:541} INFO - Filling up the DagBag from /usr/local/lib/python3.8/dist-packages/airflow/example_dags/example_bash_operator.py
[2023-06-14T14:27:07.758+0000] {processor.py:836} INFO - DAG(s) dict_keys(['example_bash_operator']) retrieved from /usr/local/lib/python3.8/dist-packages/airflow/example_dags/example_bash_operator.py
[2023-06-14T14:27:07.789+0000] {logging_mixin.py:149} INFO - [2023-06-14T14:27:07.789+0000] {dag.py:2726} INFO - Sync 1 DAGs
[2023-06-14T14:27:07.810+0000] {logging_mixin.py:149} INFO - [2023-06-14T14:27:07.809+0000] {dag.py:3486} INFO - Setting next_dagrun for example_bash_operator to 2023-06-13T00:00:00+00:00, run_after=2023-06-14T00:00:00+00:00
[2023-06-14T14:27:07.838+0000] {processor.py:179} INFO - Processing /usr/local/lib/python3.8/dist-packages/airflow/example_dags/example_bash_operator.py took 0.102 seconds
[2023-06-14T14:28:00.934+0000] {processor.py:157} INFO - Started process (PID=5691) to work on /usr/local/lib/python3.8/dist-packages/airflow/example_dags/example_bash_operator.py
[2023-06-14T14:28:00.935+0000] {processor.py:826} INFO - Processing file /usr/local/lib/python3.8/dist-packages/airflow/example_dags/example_bash_operator.py for tasks to queue
[2023-06-14T14:28:00.937+0000] {logging_mixin.py:149} INFO - [2023-06-14T14:28:00.937+0000] {dagbag.py:541} INFO - Filling up the DagBag from /usr/local/lib/python3.8/dist-packages/airflow/example_dags/example_bash_operator.py
[2023-06-14T14:28:00.957+0000] {processor.py:836} INFO - DAG(s) dict_keys(['example_bash_operator']) retrieved from /usr/local/lib/python3.8/dist-packages/airflow/example_dags/example_bash_operator.py
[2023-06-14T14:28:00.999+0000] {logging_mixin.py:149} INFO - [2023-06-14T14:28:00.999+0000] {dag.py:2726} INFO - Sync 1 DAGs
[2023-06-14T14:28:01.021+0000] {logging_mixin.py:149} INFO - [2023-06-14T14:28:01.020+0000] {dag.py:3486} INFO - Setting next_dagrun for example_bash_operator to 2023-06-13T00:00:00+00:00, run_after=2023-06-14T00:00:00+00:00
[2023-06-14T14:28:01.052+0000] {processor.py:179} INFO - Processing /usr/local/lib/python3.8/dist-packages/airflow/example_dags/example_bash_operator.py took 0.122 seconds
[2023-06-14T14:28:54.164+0000] {processor.py:157} INFO - Started process (PID=5849) to work on /usr/local/lib/python3.8/dist-packages/airflow/example_dags/example_bash_operator.py
[2023-06-14T14:28:54.166+0000] {processor.py:826} INFO - Processing file /usr/local/lib/python3.8/dist-packages/airflow/example_dags/example_bash_operator.py for tasks to queue
[2023-06-14T14:28:54.168+0000] {logging_mixin.py:149} INFO - [2023-06-14T14:28:54.168+0000] {dagbag.py:541} INFO - Filling up the DagBag from /usr/local/lib/python3.8/dist-packages/airflow/example_dags/example_bash_operator.py
[2023-06-14T14:28:54.183+0000] {processor.py:836} INFO - DAG(s) dict_keys(['example_bash_operator']) retrieved from /usr/local/lib/python3.8/dist-packages/airflow/example_dags/example_bash_operator.py
[2023-06-14T14:28:54.214+0000] {logging_mixin.py:149} INFO - [2023-06-14T14:28:54.214+0000] {dag.py:2726} INFO - Sync 1 DAGs
[2023-06-14T14:28:54.236+0000] {logging_mixin.py:149} INFO - [2023-06-14T14:28:54.236+0000] {dag.py:3486} INFO - Setting next_dagrun for example_bash_operator to 2023-06-13T00:00:00+00:00, run_after=2023-06-14T00:00:00+00:00
[2023-06-14T14:28:54.262+0000] {processor.py:179} INFO - Processing /usr/local/lib/python3.8/dist-packages/airflow/example_dags/example_bash_operator.py took 0.102 seconds
[2023-06-14T14:29:42.926+0000] {processor.py:157} INFO - Started process (PID=6003) to work on /usr/local/lib/python3.8/dist-packages/airflow/example_dags/example_bash_operator.py
[2023-06-14T14:29:42.928+0000] {processor.py:826} INFO - Processing file /usr/local/lib/python3.8/dist-packages/airflow/example_dags/example_bash_operator.py for tasks to queue
[2023-06-14T14:29:42.930+0000] {logging_mixin.py:149} INFO - [2023-06-14T14:29:42.930+0000] {dagbag.py:541} INFO - Filling up the DagBag from /usr/local/lib/python3.8/dist-packages/airflow/example_dags/example_bash_operator.py
[2023-06-14T14:29:42.945+0000] {processor.py:836} INFO - DAG(s) dict_keys(['example_bash_operator']) retrieved from /usr/local/lib/python3.8/dist-packages/airflow/example_dags/example_bash_operator.py
[2023-06-14T14:29:42.976+0000] {logging_mixin.py:149} INFO - [2023-06-14T14:29:42.975+0000] {dag.py:2726} INFO - Sync 1 DAGs
[2023-06-14T14:29:42.998+0000] {logging_mixin.py:149} INFO - [2023-06-14T14:29:42.997+0000] {dag.py:3486} INFO - Setting next_dagrun for example_bash_operator to 2023-06-13T00:00:00+00:00, run_after=2023-06-14T00:00:00+00:00
[2023-06-14T14:29:43.025+0000] {processor.py:179} INFO - Processing /usr/local/lib/python3.8/dist-packages/airflow/example_dags/example_bash_operator.py took 0.103 seconds
[2023-06-14T14:30:41.845+0000] {processor.py:157} INFO - Started process (PID=6163) to work on /usr/local/lib/python3.8/dist-packages/airflow/example_dags/example_bash_operator.py
[2023-06-14T14:30:41.846+0000] {processor.py:826} INFO - Processing file /usr/local/lib/python3.8/dist-packages/airflow/example_dags/example_bash_operator.py for tasks to queue
[2023-06-14T14:30:41.849+0000] {logging_mixin.py:149} INFO - [2023-06-14T14:30:41.848+0000] {dagbag.py:541} INFO - Filling up the DagBag from /usr/local/lib/python3.8/dist-packages/airflow/example_dags/example_bash_operator.py
[2023-06-14T14:30:41.863+0000] {processor.py:836} INFO - DAG(s) dict_keys(['example_bash_operator']) retrieved from /usr/local/lib/python3.8/dist-packages/airflow/example_dags/example_bash_operator.py
[2023-06-14T14:30:41.895+0000] {logging_mixin.py:149} INFO - [2023-06-14T14:30:41.895+0000] {dag.py:2726} INFO - Sync 1 DAGs
[2023-06-14T14:30:41.917+0000] {logging_mixin.py:149} INFO - [2023-06-14T14:30:41.917+0000] {dag.py:3486} INFO - Setting next_dagrun for example_bash_operator to 2023-06-13T00:00:00+00:00, run_after=2023-06-14T00:00:00+00:00
[2023-06-14T14:30:41.947+0000] {processor.py:179} INFO - Processing /usr/local/lib/python3.8/dist-packages/airflow/example_dags/example_bash_operator.py took 0.106 seconds
[2023-06-14T14:31:33.788+0000] {processor.py:157} INFO - Started process (PID=6318) to work on /usr/local/lib/python3.8/dist-packages/airflow/example_dags/example_bash_operator.py
[2023-06-14T14:31:33.789+0000] {processor.py:826} INFO - Processing file /usr/local/lib/python3.8/dist-packages/airflow/example_dags/example_bash_operator.py for tasks to queue
[2023-06-14T14:31:33.792+0000] {logging_mixin.py:149} INFO - [2023-06-14T14:31:33.792+0000] {dagbag.py:541} INFO - Filling up the DagBag from /usr/local/lib/python3.8/dist-packages/airflow/example_dags/example_bash_operator.py
[2023-06-14T14:31:33.807+0000] {processor.py:836} INFO - DAG(s) dict_keys(['example_bash_operator']) retrieved from /usr/local/lib/python3.8/dist-packages/airflow/example_dags/example_bash_operator.py
[2023-06-14T14:31:33.838+0000] {logging_mixin.py:149} INFO - [2023-06-14T14:31:33.837+0000] {dag.py:2726} INFO - Sync 1 DAGs
[2023-06-14T14:31:33.859+0000] {logging_mixin.py:149} INFO - [2023-06-14T14:31:33.859+0000] {dag.py:3486} INFO - Setting next_dagrun for example_bash_operator to 2023-06-13T00:00:00+00:00, run_after=2023-06-14T00:00:00+00:00
[2023-06-14T14:31:33.888+0000] {processor.py:179} INFO - Processing /usr/local/lib/python3.8/dist-packages/airflow/example_dags/example_bash_operator.py took 0.104 seconds
[2023-06-14T14:32:25.544+0000] {processor.py:157} INFO - Started process (PID=6481) to work on /usr/local/lib/python3.8/dist-packages/airflow/example_dags/example_bash_operator.py
[2023-06-14T14:32:25.546+0000] {processor.py:826} INFO - Processing file /usr/local/lib/python3.8/dist-packages/airflow/example_dags/example_bash_operator.py for tasks to queue
[2023-06-14T14:32:25.548+0000] {logging_mixin.py:149} INFO - [2023-06-14T14:32:25.548+0000] {dagbag.py:541} INFO - Filling up the DagBag from /usr/local/lib/python3.8/dist-packages/airflow/example_dags/example_bash_operator.py
[2023-06-14T14:32:25.563+0000] {processor.py:836} INFO - DAG(s) dict_keys(['example_bash_operator']) retrieved from /usr/local/lib/python3.8/dist-packages/airflow/example_dags/example_bash_operator.py
[2023-06-14T14:32:25.594+0000] {logging_mixin.py:149} INFO - [2023-06-14T14:32:25.593+0000] {dag.py:2726} INFO - Sync 1 DAGs
[2023-06-14T14:32:25.614+0000] {logging_mixin.py:149} INFO - [2023-06-14T14:32:25.614+0000] {dag.py:3486} INFO - Setting next_dagrun for example_bash_operator to 2023-06-13T00:00:00+00:00, run_after=2023-06-14T00:00:00+00:00
[2023-06-14T14:32:25.639+0000] {processor.py:179} INFO - Processing /usr/local/lib/python3.8/dist-packages/airflow/example_dags/example_bash_operator.py took 0.099 seconds
[2023-06-14T14:33:13.754+0000] {processor.py:157} INFO - Started process (PID=6635) to work on /usr/local/lib/python3.8/dist-packages/airflow/example_dags/example_bash_operator.py
[2023-06-14T14:33:13.756+0000] {processor.py:826} INFO - Processing file /usr/local/lib/python3.8/dist-packages/airflow/example_dags/example_bash_operator.py for tasks to queue
[2023-06-14T14:33:13.758+0000] {logging_mixin.py:149} INFO - [2023-06-14T14:33:13.758+0000] {dagbag.py:541} INFO - Filling up the DagBag from /usr/local/lib/python3.8/dist-packages/airflow/example_dags/example_bash_operator.py
[2023-06-14T14:33:13.773+0000] {processor.py:836} INFO - DAG(s) dict_keys(['example_bash_operator']) retrieved from /usr/local/lib/python3.8/dist-packages/airflow/example_dags/example_bash_operator.py
[2023-06-14T14:33:13.804+0000] {logging_mixin.py:149} INFO - [2023-06-14T14:33:13.804+0000] {dag.py:2726} INFO - Sync 1 DAGs
[2023-06-14T14:33:13.825+0000] {logging_mixin.py:149} INFO - [2023-06-14T14:33:13.825+0000] {dag.py:3486} INFO - Setting next_dagrun for example_bash_operator to 2023-06-13T00:00:00+00:00, run_after=2023-06-14T00:00:00+00:00
[2023-06-14T14:33:13.855+0000] {processor.py:179} INFO - Processing /usr/local/lib/python3.8/dist-packages/airflow/example_dags/example_bash_operator.py took 0.105 seconds
[2023-06-14T14:34:07.158+0000] {processor.py:157} INFO - Started process (PID=6892) to work on /usr/local/lib/python3.8/dist-packages/airflow/example_dags/example_bash_operator.py
[2023-06-14T14:34:07.159+0000] {processor.py:826} INFO - Processing file /usr/local/lib/python3.8/dist-packages/airflow/example_dags/example_bash_operator.py for tasks to queue
[2023-06-14T14:34:07.161+0000] {logging_mixin.py:149} INFO - [2023-06-14T14:34:07.161+0000] {dagbag.py:541} INFO - Filling up the DagBag from /usr/local/lib/python3.8/dist-packages/airflow/example_dags/example_bash_operator.py
[2023-06-14T14:34:07.176+0000] {processor.py:836} INFO - DAG(s) dict_keys(['example_bash_operator']) retrieved from /usr/local/lib/python3.8/dist-packages/airflow/example_dags/example_bash_operator.py
[2023-06-14T14:34:07.208+0000] {logging_mixin.py:149} INFO - [2023-06-14T14:34:07.208+0000] {dag.py:2726} INFO - Sync 1 DAGs
[2023-06-14T14:34:07.230+0000] {logging_mixin.py:149} INFO - [2023-06-14T14:34:07.230+0000] {dag.py:3486} INFO - Setting next_dagrun for example_bash_operator to 2023-06-13T00:00:00+00:00, run_after=2023-06-14T00:00:00+00:00
[2023-06-14T14:34:07.257+0000] {processor.py:179} INFO - Processing /usr/local/lib/python3.8/dist-packages/airflow/example_dags/example_bash_operator.py took 0.104 seconds
[2023-06-14T14:35:01.774+0000] {processor.py:157} INFO - Started process (PID=7053) to work on /usr/local/lib/python3.8/dist-packages/airflow/example_dags/example_bash_operator.py
[2023-06-14T14:35:01.776+0000] {processor.py:826} INFO - Processing file /usr/local/lib/python3.8/dist-packages/airflow/example_dags/example_bash_operator.py for tasks to queue
[2023-06-14T14:35:01.778+0000] {logging_mixin.py:149} INFO - [2023-06-14T14:35:01.778+0000] {dagbag.py:541} INFO - Filling up the DagBag from /usr/local/lib/python3.8/dist-packages/airflow/example_dags/example_bash_operator.py
[2023-06-14T14:35:01.793+0000] {processor.py:836} INFO - DAG(s) dict_keys(['example_bash_operator']) retrieved from /usr/local/lib/python3.8/dist-packages/airflow/example_dags/example_bash_operator.py
[2023-06-14T14:35:01.825+0000] {logging_mixin.py:149} INFO - [2023-06-14T14:35:01.825+0000] {dag.py:2726} INFO - Sync 1 DAGs
[2023-06-14T14:35:01.846+0000] {logging_mixin.py:149} INFO - [2023-06-14T14:35:01.846+0000] {dag.py:3486} INFO - Setting next_dagrun for example_bash_operator to 2023-06-13T00:00:00+00:00, run_after=2023-06-14T00:00:00+00:00
[2023-06-14T14:35:01.879+0000] {processor.py:179} INFO - Processing /usr/local/lib/python3.8/dist-packages/airflow/example_dags/example_bash_operator.py took 0.108 seconds
[2023-06-14T14:35:53.511+0000] {processor.py:157} INFO - Started process (PID=7211) to work on /usr/local/lib/python3.8/dist-packages/airflow/example_dags/example_bash_operator.py
[2023-06-14T14:35:53.512+0000] {processor.py:826} INFO - Processing file /usr/local/lib/python3.8/dist-packages/airflow/example_dags/example_bash_operator.py for tasks to queue
[2023-06-14T14:35:53.515+0000] {logging_mixin.py:149} INFO - [2023-06-14T14:35:53.515+0000] {dagbag.py:541} INFO - Filling up the DagBag from /usr/local/lib/python3.8/dist-packages/airflow/example_dags/example_bash_operator.py
[2023-06-14T14:35:53.530+0000] {processor.py:836} INFO - DAG(s) dict_keys(['example_bash_operator']) retrieved from /usr/local/lib/python3.8/dist-packages/airflow/example_dags/example_bash_operator.py
[2023-06-14T14:35:53.561+0000] {logging_mixin.py:149} INFO - [2023-06-14T14:35:53.561+0000] {dag.py:2726} INFO - Sync 1 DAGs
[2023-06-14T14:35:53.583+0000] {logging_mixin.py:149} INFO - [2023-06-14T14:35:53.582+0000] {dag.py:3486} INFO - Setting next_dagrun for example_bash_operator to 2023-06-13T00:00:00+00:00, run_after=2023-06-14T00:00:00+00:00
[2023-06-14T14:35:53.614+0000] {processor.py:179} INFO - Processing /usr/local/lib/python3.8/dist-packages/airflow/example_dags/example_bash_operator.py took 0.107 seconds
[2023-06-14T14:36:44.515+0000] {processor.py:157} INFO - Started process (PID=7263) to work on /usr/local/lib/python3.8/dist-packages/airflow/example_dags/example_bash_operator.py
[2023-06-14T14:36:44.516+0000] {processor.py:826} INFO - Processing file /usr/local/lib/python3.8/dist-packages/airflow/example_dags/example_bash_operator.py for tasks to queue
[2023-06-14T14:36:44.519+0000] {logging_mixin.py:149} INFO - [2023-06-14T14:36:44.518+0000] {dagbag.py:541} INFO - Filling up the DagBag from /usr/local/lib/python3.8/dist-packages/airflow/example_dags/example_bash_operator.py
[2023-06-14T14:36:44.534+0000] {processor.py:836} INFO - DAG(s) dict_keys(['example_bash_operator']) retrieved from /usr/local/lib/python3.8/dist-packages/airflow/example_dags/example_bash_operator.py
[2023-06-14T14:36:44.568+0000] {logging_mixin.py:149} INFO - [2023-06-14T14:36:44.567+0000] {dag.py:2726} INFO - Sync 1 DAGs
[2023-06-14T14:36:44.590+0000] {logging_mixin.py:149} INFO - [2023-06-14T14:36:44.590+0000] {dag.py:3486} INFO - Setting next_dagrun for example_bash_operator to 2023-06-13T00:00:00+00:00, run_after=2023-06-14T00:00:00+00:00
[2023-06-14T14:36:44.618+0000] {processor.py:179} INFO - Processing /usr/local/lib/python3.8/dist-packages/airflow/example_dags/example_bash_operator.py took 0.107 seconds
[2023-06-14T14:37:36.613+0000] {processor.py:157} INFO - Started process (PID=7425) to work on /usr/local/lib/python3.8/dist-packages/airflow/example_dags/example_bash_operator.py
[2023-06-14T14:37:36.615+0000] {processor.py:826} INFO - Processing file /usr/local/lib/python3.8/dist-packages/airflow/example_dags/example_bash_operator.py for tasks to queue
[2023-06-14T14:37:36.617+0000] {logging_mixin.py:149} INFO - [2023-06-14T14:37:36.617+0000] {dagbag.py:541} INFO - Filling up the DagBag from /usr/local/lib/python3.8/dist-packages/airflow/example_dags/example_bash_operator.py
[2023-06-14T14:37:36.632+0000] {processor.py:836} INFO - DAG(s) dict_keys(['example_bash_operator']) retrieved from /usr/local/lib/python3.8/dist-packages/airflow/example_dags/example_bash_operator.py
[2023-06-14T14:37:36.663+0000] {logging_mixin.py:149} INFO - [2023-06-14T14:37:36.663+0000] {dag.py:2726} INFO - Sync 1 DAGs
[2023-06-14T14:37:36.685+0000] {logging_mixin.py:149} INFO - [2023-06-14T14:37:36.685+0000] {dag.py:3486} INFO - Setting next_dagrun for example_bash_operator to 2023-06-13T00:00:00+00:00, run_after=2023-06-14T00:00:00+00:00
[2023-06-14T14:37:36.711+0000] {processor.py:179} INFO - Processing /usr/local/lib/python3.8/dist-packages/airflow/example_dags/example_bash_operator.py took 0.102 seconds
[2023-06-14T14:38:27.290+0000] {processor.py:157} INFO - Started process (PID=7580) to work on /usr/local/lib/python3.8/dist-packages/airflow/example_dags/example_bash_operator.py
[2023-06-14T14:38:27.291+0000] {processor.py:826} INFO - Processing file /usr/local/lib/python3.8/dist-packages/airflow/example_dags/example_bash_operator.py for tasks to queue
[2023-06-14T14:38:27.294+0000] {logging_mixin.py:149} INFO - [2023-06-14T14:38:27.294+0000] {dagbag.py:541} INFO - Filling up the DagBag from /usr/local/lib/python3.8/dist-packages/airflow/example_dags/example_bash_operator.py
[2023-06-14T14:38:27.308+0000] {processor.py:836} INFO - DAG(s) dict_keys(['example_bash_operator']) retrieved from /usr/local/lib/python3.8/dist-packages/airflow/example_dags/example_bash_operator.py
[2023-06-14T14:38:27.341+0000] {logging_mixin.py:149} INFO - [2023-06-14T14:38:27.341+0000] {dag.py:2726} INFO - Sync 1 DAGs
[2023-06-14T14:38:27.365+0000] {logging_mixin.py:149} INFO - [2023-06-14T14:38:27.364+0000] {dag.py:3486} INFO - Setting next_dagrun for example_bash_operator to 2023-06-13T00:00:00+00:00, run_after=2023-06-14T00:00:00+00:00
[2023-06-14T14:38:27.396+0000] {processor.py:179} INFO - Processing /usr/local/lib/python3.8/dist-packages/airflow/example_dags/example_bash_operator.py took 0.110 seconds
[2023-06-14T14:39:16.221+0000] {processor.py:157} INFO - Started process (PID=7732) to work on /usr/local/lib/python3.8/dist-packages/airflow/example_dags/example_bash_operator.py
[2023-06-14T14:39:16.222+0000] {processor.py:826} INFO - Processing file /usr/local/lib/python3.8/dist-packages/airflow/example_dags/example_bash_operator.py for tasks to queue
[2023-06-14T14:39:16.226+0000] {logging_mixin.py:149} INFO - [2023-06-14T14:39:16.226+0000] {dagbag.py:541} INFO - Filling up the DagBag from /usr/local/lib/python3.8/dist-packages/airflow/example_dags/example_bash_operator.py
[2023-06-14T14:39:16.240+0000] {processor.py:836} INFO - DAG(s) dict_keys(['example_bash_operator']) retrieved from /usr/local/lib/python3.8/dist-packages/airflow/example_dags/example_bash_operator.py
[2023-06-14T14:39:16.272+0000] {logging_mixin.py:149} INFO - [2023-06-14T14:39:16.272+0000] {dag.py:2726} INFO - Sync 1 DAGs
[2023-06-14T14:39:16.293+0000] {logging_mixin.py:149} INFO - [2023-06-14T14:39:16.293+0000] {dag.py:3486} INFO - Setting next_dagrun for example_bash_operator to 2023-06-13T00:00:00+00:00, run_after=2023-06-14T00:00:00+00:00
[2023-06-14T14:39:16.323+0000] {processor.py:179} INFO - Processing /usr/local/lib/python3.8/dist-packages/airflow/example_dags/example_bash_operator.py took 0.106 seconds
[2023-06-14T14:40:06.827+0000] {processor.py:157} INFO - Started process (PID=7886) to work on /usr/local/lib/python3.8/dist-packages/airflow/example_dags/example_bash_operator.py
[2023-06-14T14:40:06.829+0000] {processor.py:826} INFO - Processing file /usr/local/lib/python3.8/dist-packages/airflow/example_dags/example_bash_operator.py for tasks to queue
[2023-06-14T14:40:06.832+0000] {logging_mixin.py:149} INFO - [2023-06-14T14:40:06.832+0000] {dagbag.py:541} INFO - Filling up the DagBag from /usr/local/lib/python3.8/dist-packages/airflow/example_dags/example_bash_operator.py
[2023-06-14T14:40:06.846+0000] {processor.py:836} INFO - DAG(s) dict_keys(['example_bash_operator']) retrieved from /usr/local/lib/python3.8/dist-packages/airflow/example_dags/example_bash_operator.py
[2023-06-14T14:40:06.878+0000] {logging_mixin.py:149} INFO - [2023-06-14T14:40:06.877+0000] {dag.py:2726} INFO - Sync 1 DAGs
[2023-06-14T14:40:06.899+0000] {logging_mixin.py:149} INFO - [2023-06-14T14:40:06.899+0000] {dag.py:3486} INFO - Setting next_dagrun for example_bash_operator to 2023-06-13T00:00:00+00:00, run_after=2023-06-14T00:00:00+00:00
[2023-06-14T14:40:06.926+0000] {processor.py:179} INFO - Processing /usr/local/lib/python3.8/dist-packages/airflow/example_dags/example_bash_operator.py took 0.103 seconds
[2023-06-14T14:41:01.433+0000] {processor.py:157} INFO - Started process (PID=8044) to work on /usr/local/lib/python3.8/dist-packages/airflow/example_dags/example_bash_operator.py
[2023-06-14T14:41:01.435+0000] {processor.py:826} INFO - Processing file /usr/local/lib/python3.8/dist-packages/airflow/example_dags/example_bash_operator.py for tasks to queue
[2023-06-14T14:41:01.437+0000] {logging_mixin.py:149} INFO - [2023-06-14T14:41:01.437+0000] {dagbag.py:541} INFO - Filling up the DagBag from /usr/local/lib/python3.8/dist-packages/airflow/example_dags/example_bash_operator.py
[2023-06-14T14:41:01.452+0000] {processor.py:836} INFO - DAG(s) dict_keys(['example_bash_operator']) retrieved from /usr/local/lib/python3.8/dist-packages/airflow/example_dags/example_bash_operator.py
[2023-06-14T14:41:01.484+0000] {logging_mixin.py:149} INFO - [2023-06-14T14:41:01.484+0000] {dag.py:2726} INFO - Sync 1 DAGs
[2023-06-14T14:41:01.506+0000] {logging_mixin.py:149} INFO - [2023-06-14T14:41:01.505+0000] {dag.py:3486} INFO - Setting next_dagrun for example_bash_operator to 2023-06-13T00:00:00+00:00, run_after=2023-06-14T00:00:00+00:00
[2023-06-14T14:41:01.532+0000] {processor.py:179} INFO - Processing /usr/local/lib/python3.8/dist-packages/airflow/example_dags/example_bash_operator.py took 0.103 seconds
[2023-06-14T14:41:55.057+0000] {processor.py:157} INFO - Started process (PID=8201) to work on /usr/local/lib/python3.8/dist-packages/airflow/example_dags/example_bash_operator.py
[2023-06-14T14:41:55.059+0000] {processor.py:826} INFO - Processing file /usr/local/lib/python3.8/dist-packages/airflow/example_dags/example_bash_operator.py for tasks to queue
[2023-06-14T14:41:55.062+0000] {logging_mixin.py:149} INFO - [2023-06-14T14:41:55.062+0000] {dagbag.py:541} INFO - Filling up the DagBag from /usr/local/lib/python3.8/dist-packages/airflow/example_dags/example_bash_operator.py
[2023-06-14T14:41:55.076+0000] {processor.py:836} INFO - DAG(s) dict_keys(['example_bash_operator']) retrieved from /usr/local/lib/python3.8/dist-packages/airflow/example_dags/example_bash_operator.py
[2023-06-14T14:41:55.108+0000] {logging_mixin.py:149} INFO - [2023-06-14T14:41:55.108+0000] {dag.py:2726} INFO - Sync 1 DAGs
[2023-06-14T14:41:55.130+0000] {logging_mixin.py:149} INFO - [2023-06-14T14:41:55.130+0000] {dag.py:3486} INFO - Setting next_dagrun for example_bash_operator to 2023-06-13T00:00:00+00:00, run_after=2023-06-14T00:00:00+00:00
[2023-06-14T14:41:55.158+0000] {processor.py:179} INFO - Processing /usr/local/lib/python3.8/dist-packages/airflow/example_dags/example_bash_operator.py took 0.104 seconds
[2023-06-14T14:42:49.517+0000] {processor.py:157} INFO - Started process (PID=8261) to work on /usr/local/lib/python3.8/dist-packages/airflow/example_dags/example_bash_operator.py
[2023-06-14T14:42:49.518+0000] {processor.py:826} INFO - Processing file /usr/local/lib/python3.8/dist-packages/airflow/example_dags/example_bash_operator.py for tasks to queue
[2023-06-14T14:42:49.520+0000] {logging_mixin.py:149} INFO - [2023-06-14T14:42:49.520+0000] {dagbag.py:541} INFO - Filling up the DagBag from /usr/local/lib/python3.8/dist-packages/airflow/example_dags/example_bash_operator.py
[2023-06-14T14:42:49.536+0000] {processor.py:836} INFO - DAG(s) dict_keys(['example_bash_operator']) retrieved from /usr/local/lib/python3.8/dist-packages/airflow/example_dags/example_bash_operator.py
[2023-06-14T14:42:49.569+0000] {logging_mixin.py:149} INFO - [2023-06-14T14:42:49.568+0000] {dag.py:2726} INFO - Sync 1 DAGs
[2023-06-14T14:42:49.591+0000] {logging_mixin.py:149} INFO - [2023-06-14T14:42:49.590+0000] {dag.py:3486} INFO - Setting next_dagrun for example_bash_operator to 2023-06-13T00:00:00+00:00, run_after=2023-06-14T00:00:00+00:00
[2023-06-14T14:42:49.617+0000] {processor.py:179} INFO - Processing /usr/local/lib/python3.8/dist-packages/airflow/example_dags/example_bash_operator.py took 0.104 seconds
[2023-06-14T14:43:46.742+0000] {processor.py:157} INFO - Started process (PID=8419) to work on /usr/local/lib/python3.8/dist-packages/airflow/example_dags/example_bash_operator.py
[2023-06-14T14:43:46.743+0000] {processor.py:826} INFO - Processing file /usr/local/lib/python3.8/dist-packages/airflow/example_dags/example_bash_operator.py for tasks to queue
[2023-06-14T14:43:46.746+0000] {logging_mixin.py:149} INFO - [2023-06-14T14:43:46.746+0000] {dagbag.py:541} INFO - Filling up the DagBag from /usr/local/lib/python3.8/dist-packages/airflow/example_dags/example_bash_operator.py
[2023-06-14T14:43:46.760+0000] {processor.py:836} INFO - DAG(s) dict_keys(['example_bash_operator']) retrieved from /usr/local/lib/python3.8/dist-packages/airflow/example_dags/example_bash_operator.py
[2023-06-14T14:43:46.792+0000] {logging_mixin.py:149} INFO - [2023-06-14T14:43:46.792+0000] {dag.py:2726} INFO - Sync 1 DAGs
[2023-06-14T14:43:46.814+0000] {logging_mixin.py:149} INFO - [2023-06-14T14:43:46.813+0000] {dag.py:3486} INFO - Setting next_dagrun for example_bash_operator to 2023-06-13T00:00:00+00:00, run_after=2023-06-14T00:00:00+00:00
[2023-06-14T14:43:46.840+0000] {processor.py:179} INFO - Processing /usr/local/lib/python3.8/dist-packages/airflow/example_dags/example_bash_operator.py took 0.102 seconds
[2023-06-14T14:44:40.346+0000] {processor.py:157} INFO - Started process (PID=8677) to work on /usr/local/lib/python3.8/dist-packages/airflow/example_dags/example_bash_operator.py
[2023-06-14T14:44:40.347+0000] {processor.py:826} INFO - Processing file /usr/local/lib/python3.8/dist-packages/airflow/example_dags/example_bash_operator.py for tasks to queue
[2023-06-14T14:44:40.350+0000] {logging_mixin.py:149} INFO - [2023-06-14T14:44:40.350+0000] {dagbag.py:541} INFO - Filling up the DagBag from /usr/local/lib/python3.8/dist-packages/airflow/example_dags/example_bash_operator.py
[2023-06-14T14:44:40.365+0000] {processor.py:836} INFO - DAG(s) dict_keys(['example_bash_operator']) retrieved from /usr/local/lib/python3.8/dist-packages/airflow/example_dags/example_bash_operator.py
[2023-06-14T14:44:40.398+0000] {logging_mixin.py:149} INFO - [2023-06-14T14:44:40.397+0000] {dag.py:2726} INFO - Sync 1 DAGs
[2023-06-14T14:44:40.420+0000] {logging_mixin.py:149} INFO - [2023-06-14T14:44:40.420+0000] {dag.py:3486} INFO - Setting next_dagrun for example_bash_operator to 2023-06-13T00:00:00+00:00, run_after=2023-06-14T00:00:00+00:00
[2023-06-14T14:44:40.447+0000] {processor.py:179} INFO - Processing /usr/local/lib/python3.8/dist-packages/airflow/example_dags/example_bash_operator.py took 0.105 seconds
[2023-06-14T14:45:36.520+0000] {processor.py:157} INFO - Started process (PID=8837) to work on /usr/local/lib/python3.8/dist-packages/airflow/example_dags/example_bash_operator.py
[2023-06-14T14:45:36.521+0000] {processor.py:826} INFO - Processing file /usr/local/lib/python3.8/dist-packages/airflow/example_dags/example_bash_operator.py for tasks to queue
[2023-06-14T14:45:36.525+0000] {logging_mixin.py:149} INFO - [2023-06-14T14:45:36.524+0000] {dagbag.py:541} INFO - Filling up the DagBag from /usr/local/lib/python3.8/dist-packages/airflow/example_dags/example_bash_operator.py
[2023-06-14T14:45:36.539+0000] {processor.py:836} INFO - DAG(s) dict_keys(['example_bash_operator']) retrieved from /usr/local/lib/python3.8/dist-packages/airflow/example_dags/example_bash_operator.py
[2023-06-14T14:45:36.571+0000] {logging_mixin.py:149} INFO - [2023-06-14T14:45:36.571+0000] {dag.py:2726} INFO - Sync 1 DAGs
[2023-06-14T14:45:36.593+0000] {logging_mixin.py:149} INFO - [2023-06-14T14:45:36.593+0000] {dag.py:3486} INFO - Setting next_dagrun for example_bash_operator to 2023-06-13T00:00:00+00:00, run_after=2023-06-14T00:00:00+00:00
[2023-06-14T14:45:36.623+0000] {processor.py:179} INFO - Processing /usr/local/lib/python3.8/dist-packages/airflow/example_dags/example_bash_operator.py took 0.106 seconds
[2023-06-14T14:46:32.794+0000] {processor.py:157} INFO - Started process (PID=8999) to work on /usr/local/lib/python3.8/dist-packages/airflow/example_dags/example_bash_operator.py
[2023-06-14T14:46:32.795+0000] {processor.py:826} INFO - Processing file /usr/local/lib/python3.8/dist-packages/airflow/example_dags/example_bash_operator.py for tasks to queue
[2023-06-14T14:46:32.798+0000] {logging_mixin.py:149} INFO - [2023-06-14T14:46:32.797+0000] {dagbag.py:541} INFO - Filling up the DagBag from /usr/local/lib/python3.8/dist-packages/airflow/example_dags/example_bash_operator.py
[2023-06-14T14:46:32.813+0000] {processor.py:836} INFO - DAG(s) dict_keys(['example_bash_operator']) retrieved from /usr/local/lib/python3.8/dist-packages/airflow/example_dags/example_bash_operator.py
[2023-06-14T14:46:32.845+0000] {logging_mixin.py:149} INFO - [2023-06-14T14:46:32.845+0000] {dag.py:2726} INFO - Sync 1 DAGs
[2023-06-14T14:46:32.868+0000] {logging_mixin.py:149} INFO - [2023-06-14T14:46:32.868+0000] {dag.py:3486} INFO - Setting next_dagrun for example_bash_operator to 2023-06-13T00:00:00+00:00, run_after=2023-06-14T00:00:00+00:00
[2023-06-14T14:46:32.895+0000] {processor.py:179} INFO - Processing /usr/local/lib/python3.8/dist-packages/airflow/example_dags/example_bash_operator.py took 0.105 seconds
[2023-06-14T14:47:22.784+0000] {processor.py:157} INFO - Started process (PID=9155) to work on /usr/local/lib/python3.8/dist-packages/airflow/example_dags/example_bash_operator.py
[2023-06-14T14:47:22.786+0000] {processor.py:826} INFO - Processing file /usr/local/lib/python3.8/dist-packages/airflow/example_dags/example_bash_operator.py for tasks to queue
[2023-06-14T14:47:22.788+0000] {logging_mixin.py:149} INFO - [2023-06-14T14:47:22.788+0000] {dagbag.py:541} INFO - Filling up the DagBag from /usr/local/lib/python3.8/dist-packages/airflow/example_dags/example_bash_operator.py
[2023-06-14T14:47:22.803+0000] {processor.py:836} INFO - DAG(s) dict_keys(['example_bash_operator']) retrieved from /usr/local/lib/python3.8/dist-packages/airflow/example_dags/example_bash_operator.py
[2023-06-14T14:47:22.836+0000] {logging_mixin.py:149} INFO - [2023-06-14T14:47:22.836+0000] {dag.py:2726} INFO - Sync 1 DAGs
[2023-06-14T14:47:22.858+0000] {logging_mixin.py:149} INFO - [2023-06-14T14:47:22.858+0000] {dag.py:3486} INFO - Setting next_dagrun for example_bash_operator to 2023-06-13T00:00:00+00:00, run_after=2023-06-14T00:00:00+00:00
[2023-06-14T14:47:22.886+0000] {processor.py:179} INFO - Processing /usr/local/lib/python3.8/dist-packages/airflow/example_dags/example_bash_operator.py took 0.106 seconds
[2023-06-14T14:48:15.848+0000] {processor.py:157} INFO - Started process (PID=9312) to work on /usr/local/lib/python3.8/dist-packages/airflow/example_dags/example_bash_operator.py
[2023-06-14T14:48:15.850+0000] {processor.py:826} INFO - Processing file /usr/local/lib/python3.8/dist-packages/airflow/example_dags/example_bash_operator.py for tasks to queue
[2023-06-14T14:48:15.852+0000] {logging_mixin.py:149} INFO - [2023-06-14T14:48:15.852+0000] {dagbag.py:541} INFO - Filling up the DagBag from /usr/local/lib/python3.8/dist-packages/airflow/example_dags/example_bash_operator.py
[2023-06-14T14:48:15.867+0000] {processor.py:836} INFO - DAG(s) dict_keys(['example_bash_operator']) retrieved from /usr/local/lib/python3.8/dist-packages/airflow/example_dags/example_bash_operator.py
[2023-06-14T14:48:15.900+0000] {logging_mixin.py:149} INFO - [2023-06-14T14:48:15.899+0000] {dag.py:2726} INFO - Sync 1 DAGs
[2023-06-14T14:48:15.923+0000] {logging_mixin.py:149} INFO - [2023-06-14T14:48:15.923+0000] {dag.py:3486} INFO - Setting next_dagrun for example_bash_operator to 2023-06-13T00:00:00+00:00, run_after=2023-06-14T00:00:00+00:00
[2023-06-14T14:48:15.949+0000] {processor.py:179} INFO - Processing /usr/local/lib/python3.8/dist-packages/airflow/example_dags/example_bash_operator.py took 0.105 seconds
[2023-06-14T14:49:12.309+0000] {processor.py:157} INFO - Started process (PID=9572) to work on /usr/local/lib/python3.8/dist-packages/airflow/example_dags/example_bash_operator.py
[2023-06-14T14:49:12.311+0000] {processor.py:826} INFO - Processing file /usr/local/lib/python3.8/dist-packages/airflow/example_dags/example_bash_operator.py for tasks to queue
[2023-06-14T14:49:12.313+0000] {logging_mixin.py:149} INFO - [2023-06-14T14:49:12.313+0000] {dagbag.py:541} INFO - Filling up the DagBag from /usr/local/lib/python3.8/dist-packages/airflow/example_dags/example_bash_operator.py
[2023-06-14T14:49:12.328+0000] {processor.py:836} INFO - DAG(s) dict_keys(['example_bash_operator']) retrieved from /usr/local/lib/python3.8/dist-packages/airflow/example_dags/example_bash_operator.py
[2023-06-14T14:49:12.360+0000] {logging_mixin.py:149} INFO - [2023-06-14T14:49:12.360+0000] {dag.py:2726} INFO - Sync 1 DAGs
[2023-06-14T14:49:12.383+0000] {logging_mixin.py:149} INFO - [2023-06-14T14:49:12.382+0000] {dag.py:3486} INFO - Setting next_dagrun for example_bash_operator to 2023-06-13T00:00:00+00:00, run_after=2023-06-14T00:00:00+00:00
[2023-06-14T14:49:12.410+0000] {processor.py:179} INFO - Processing /usr/local/lib/python3.8/dist-packages/airflow/example_dags/example_bash_operator.py took 0.105 seconds
[2023-06-14T14:50:08.998+0000] {processor.py:157} INFO - Started process (PID=9731) to work on /usr/local/lib/python3.8/dist-packages/airflow/example_dags/example_bash_operator.py
[2023-06-14T14:50:08.999+0000] {processor.py:826} INFO - Processing file /usr/local/lib/python3.8/dist-packages/airflow/example_dags/example_bash_operator.py for tasks to queue
[2023-06-14T14:50:09.002+0000] {logging_mixin.py:149} INFO - [2023-06-14T14:50:09.002+0000] {dagbag.py:541} INFO - Filling up the DagBag from /usr/local/lib/python3.8/dist-packages/airflow/example_dags/example_bash_operator.py
[2023-06-14T14:50:09.017+0000] {processor.py:836} INFO - DAG(s) dict_keys(['example_bash_operator']) retrieved from /usr/local/lib/python3.8/dist-packages/airflow/example_dags/example_bash_operator.py
[2023-06-14T14:50:09.049+0000] {logging_mixin.py:149} INFO - [2023-06-14T14:50:09.049+0000] {dag.py:2726} INFO - Sync 1 DAGs
[2023-06-14T14:50:09.071+0000] {logging_mixin.py:149} INFO - [2023-06-14T14:50:09.071+0000] {dag.py:3486} INFO - Setting next_dagrun for example_bash_operator to 2023-06-13T00:00:00+00:00, run_after=2023-06-14T00:00:00+00:00
[2023-06-14T14:50:09.104+0000] {processor.py:179} INFO - Processing /usr/local/lib/python3.8/dist-packages/airflow/example_dags/example_bash_operator.py took 0.110 seconds
[2023-06-14T14:50:59.697+0000] {processor.py:157} INFO - Started process (PID=9886) to work on /usr/local/lib/python3.8/dist-packages/airflow/example_dags/example_bash_operator.py
[2023-06-14T14:50:59.698+0000] {processor.py:826} INFO - Processing file /usr/local/lib/python3.8/dist-packages/airflow/example_dags/example_bash_operator.py for tasks to queue
[2023-06-14T14:50:59.700+0000] {logging_mixin.py:149} INFO - [2023-06-14T14:50:59.700+0000] {dagbag.py:541} INFO - Filling up the DagBag from /usr/local/lib/python3.8/dist-packages/airflow/example_dags/example_bash_operator.py
[2023-06-14T14:50:59.715+0000] {processor.py:836} INFO - DAG(s) dict_keys(['example_bash_operator']) retrieved from /usr/local/lib/python3.8/dist-packages/airflow/example_dags/example_bash_operator.py
[2023-06-14T14:50:59.746+0000] {logging_mixin.py:149} INFO - [2023-06-14T14:50:59.746+0000] {dag.py:2726} INFO - Sync 1 DAGs
[2023-06-14T14:50:59.769+0000] {logging_mixin.py:149} INFO - [2023-06-14T14:50:59.769+0000] {dag.py:3486} INFO - Setting next_dagrun for example_bash_operator to 2023-06-13T00:00:00+00:00, run_after=2023-06-14T00:00:00+00:00
[2023-06-14T14:50:59.794+0000] {processor.py:179} INFO - Processing /usr/local/lib/python3.8/dist-packages/airflow/example_dags/example_bash_operator.py took 0.102 seconds
[2023-06-14T14:51:47.213+0000] {processor.py:157} INFO - Started process (PID=9938) to work on /usr/local/lib/python3.8/dist-packages/airflow/example_dags/example_bash_operator.py
[2023-06-14T14:51:47.214+0000] {processor.py:826} INFO - Processing file /usr/local/lib/python3.8/dist-packages/airflow/example_dags/example_bash_operator.py for tasks to queue
[2023-06-14T14:51:47.217+0000] {logging_mixin.py:149} INFO - [2023-06-14T14:51:47.217+0000] {dagbag.py:541} INFO - Filling up the DagBag from /usr/local/lib/python3.8/dist-packages/airflow/example_dags/example_bash_operator.py
[2023-06-14T14:51:47.232+0000] {processor.py:836} INFO - DAG(s) dict_keys(['example_bash_operator']) retrieved from /usr/local/lib/python3.8/dist-packages/airflow/example_dags/example_bash_operator.py
[2023-06-14T14:51:47.264+0000] {logging_mixin.py:149} INFO - [2023-06-14T14:51:47.263+0000] {dag.py:2726} INFO - Sync 1 DAGs
[2023-06-14T14:51:47.285+0000] {logging_mixin.py:149} INFO - [2023-06-14T14:51:47.285+0000] {dag.py:3486} INFO - Setting next_dagrun for example_bash_operator to 2023-06-13T00:00:00+00:00, run_after=2023-06-14T00:00:00+00:00
[2023-06-14T14:51:47.313+0000] {processor.py:179} INFO - Processing /usr/local/lib/python3.8/dist-packages/airflow/example_dags/example_bash_operator.py took 0.104 seconds
[2023-06-14T14:52:37.691+0000] {processor.py:157} INFO - Started process (PID=10096) to work on /usr/local/lib/python3.8/dist-packages/airflow/example_dags/example_bash_operator.py
[2023-06-14T14:52:37.692+0000] {processor.py:826} INFO - Processing file /usr/local/lib/python3.8/dist-packages/airflow/example_dags/example_bash_operator.py for tasks to queue
[2023-06-14T14:52:37.694+0000] {logging_mixin.py:149} INFO - [2023-06-14T14:52:37.694+0000] {dagbag.py:541} INFO - Filling up the DagBag from /usr/local/lib/python3.8/dist-packages/airflow/example_dags/example_bash_operator.py
[2023-06-14T14:52:37.709+0000] {processor.py:836} INFO - DAG(s) dict_keys(['example_bash_operator']) retrieved from /usr/local/lib/python3.8/dist-packages/airflow/example_dags/example_bash_operator.py
[2023-06-14T14:52:37.740+0000] {logging_mixin.py:149} INFO - [2023-06-14T14:52:37.740+0000] {dag.py:2726} INFO - Sync 1 DAGs
[2023-06-14T14:52:37.762+0000] {logging_mixin.py:149} INFO - [2023-06-14T14:52:37.762+0000] {dag.py:3486} INFO - Setting next_dagrun for example_bash_operator to 2023-06-13T00:00:00+00:00, run_after=2023-06-14T00:00:00+00:00
[2023-06-14T14:52:37.788+0000] {processor.py:179} INFO - Processing /usr/local/lib/python3.8/dist-packages/airflow/example_dags/example_bash_operator.py took 0.102 seconds
[2023-06-14T14:53:29.573+0000] {processor.py:157} INFO - Started process (PID=10251) to work on /usr/local/lib/python3.8/dist-packages/airflow/example_dags/example_bash_operator.py
[2023-06-14T14:53:29.574+0000] {processor.py:826} INFO - Processing file /usr/local/lib/python3.8/dist-packages/airflow/example_dags/example_bash_operator.py for tasks to queue
[2023-06-14T14:53:29.576+0000] {logging_mixin.py:149} INFO - [2023-06-14T14:53:29.576+0000] {dagbag.py:541} INFO - Filling up the DagBag from /usr/local/lib/python3.8/dist-packages/airflow/example_dags/example_bash_operator.py
[2023-06-14T14:53:29.591+0000] {processor.py:836} INFO - DAG(s) dict_keys(['example_bash_operator']) retrieved from /usr/local/lib/python3.8/dist-packages/airflow/example_dags/example_bash_operator.py
[2023-06-14T14:53:29.624+0000] {logging_mixin.py:149} INFO - [2023-06-14T14:53:29.623+0000] {dag.py:2726} INFO - Sync 1 DAGs
[2023-06-14T14:53:29.646+0000] {logging_mixin.py:149} INFO - [2023-06-14T14:53:29.646+0000] {dag.py:3486} INFO - Setting next_dagrun for example_bash_operator to 2023-06-13T00:00:00+00:00, run_after=2023-06-14T00:00:00+00:00
[2023-06-14T14:53:29.672+0000] {processor.py:179} INFO - Processing /usr/local/lib/python3.8/dist-packages/airflow/example_dags/example_bash_operator.py took 0.103 seconds
[2023-06-14T14:54:24.447+0000] {processor.py:157} INFO - Started process (PID=10513) to work on /usr/local/lib/python3.8/dist-packages/airflow/example_dags/example_bash_operator.py
[2023-06-14T14:54:24.449+0000] {processor.py:826} INFO - Processing file /usr/local/lib/python3.8/dist-packages/airflow/example_dags/example_bash_operator.py for tasks to queue
[2023-06-14T14:54:24.451+0000] {logging_mixin.py:149} INFO - [2023-06-14T14:54:24.451+0000] {dagbag.py:541} INFO - Filling up the DagBag from /usr/local/lib/python3.8/dist-packages/airflow/example_dags/example_bash_operator.py
[2023-06-14T14:54:24.466+0000] {processor.py:836} INFO - DAG(s) dict_keys(['example_bash_operator']) retrieved from /usr/local/lib/python3.8/dist-packages/airflow/example_dags/example_bash_operator.py
[2023-06-14T14:54:24.498+0000] {logging_mixin.py:149} INFO - [2023-06-14T14:54:24.497+0000] {dag.py:2726} INFO - Sync 1 DAGs
[2023-06-14T14:54:24.520+0000] {logging_mixin.py:149} INFO - [2023-06-14T14:54:24.520+0000] {dag.py:3486} INFO - Setting next_dagrun for example_bash_operator to 2023-06-13T00:00:00+00:00, run_after=2023-06-14T00:00:00+00:00
[2023-06-14T14:54:24.546+0000] {processor.py:179} INFO - Processing /usr/local/lib/python3.8/dist-packages/airflow/example_dags/example_bash_operator.py took 0.102 seconds
[2023-06-14T14:55:16.204+0000] {processor.py:157} INFO - Started process (PID=10770) to work on /usr/local/lib/python3.8/dist-packages/airflow/example_dags/example_bash_operator.py
[2023-06-14T14:55:16.205+0000] {processor.py:826} INFO - Processing file /usr/local/lib/python3.8/dist-packages/airflow/example_dags/example_bash_operator.py for tasks to queue
[2023-06-14T14:55:16.208+0000] {logging_mixin.py:149} INFO - [2023-06-14T14:55:16.208+0000] {dagbag.py:541} INFO - Filling up the DagBag from /usr/local/lib/python3.8/dist-packages/airflow/example_dags/example_bash_operator.py
[2023-06-14T14:55:16.223+0000] {processor.py:836} INFO - DAG(s) dict_keys(['example_bash_operator']) retrieved from /usr/local/lib/python3.8/dist-packages/airflow/example_dags/example_bash_operator.py
[2023-06-14T14:55:16.255+0000] {logging_mixin.py:149} INFO - [2023-06-14T14:55:16.255+0000] {dag.py:2726} INFO - Sync 1 DAGs
[2023-06-14T14:55:16.277+0000] {logging_mixin.py:149} INFO - [2023-06-14T14:55:16.277+0000] {dag.py:3486} INFO - Setting next_dagrun for example_bash_operator to 2023-06-13T00:00:00+00:00, run_after=2023-06-14T00:00:00+00:00
[2023-06-14T14:55:16.306+0000] {processor.py:179} INFO - Processing /usr/local/lib/python3.8/dist-packages/airflow/example_dags/example_bash_operator.py took 0.105 seconds
[2023-06-14T14:56:10.337+0000] {processor.py:157} INFO - Started process (PID=10928) to work on /usr/local/lib/python3.8/dist-packages/airflow/example_dags/example_bash_operator.py
[2023-06-14T14:56:10.338+0000] {processor.py:826} INFO - Processing file /usr/local/lib/python3.8/dist-packages/airflow/example_dags/example_bash_operator.py for tasks to queue
[2023-06-14T14:56:10.340+0000] {logging_mixin.py:149} INFO - [2023-06-14T14:56:10.340+0000] {dagbag.py:541} INFO - Filling up the DagBag from /usr/local/lib/python3.8/dist-packages/airflow/example_dags/example_bash_operator.py
[2023-06-14T14:56:10.355+0000] {processor.py:836} INFO - DAG(s) dict_keys(['example_bash_operator']) retrieved from /usr/local/lib/python3.8/dist-packages/airflow/example_dags/example_bash_operator.py
[2023-06-14T14:56:10.386+0000] {logging_mixin.py:149} INFO - [2023-06-14T14:56:10.386+0000] {dag.py:2726} INFO - Sync 1 DAGs
[2023-06-14T14:56:10.408+0000] {logging_mixin.py:149} INFO - [2023-06-14T14:56:10.407+0000] {dag.py:3486} INFO - Setting next_dagrun for example_bash_operator to 2023-06-13T00:00:00+00:00, run_after=2023-06-14T00:00:00+00:00
[2023-06-14T14:56:10.435+0000] {processor.py:179} INFO - Processing /usr/local/lib/python3.8/dist-packages/airflow/example_dags/example_bash_operator.py took 0.102 seconds
[2023-06-14T14:57:01.494+0000] {processor.py:157} INFO - Started process (PID=11085) to work on /usr/local/lib/python3.8/dist-packages/airflow/example_dags/example_bash_operator.py
[2023-06-14T14:57:01.495+0000] {processor.py:826} INFO - Processing file /usr/local/lib/python3.8/dist-packages/airflow/example_dags/example_bash_operator.py for tasks to queue
[2023-06-14T14:57:01.498+0000] {logging_mixin.py:149} INFO - [2023-06-14T14:57:01.497+0000] {dagbag.py:541} INFO - Filling up the DagBag from /usr/local/lib/python3.8/dist-packages/airflow/example_dags/example_bash_operator.py
[2023-06-14T14:57:01.512+0000] {processor.py:836} INFO - DAG(s) dict_keys(['example_bash_operator']) retrieved from /usr/local/lib/python3.8/dist-packages/airflow/example_dags/example_bash_operator.py
[2023-06-14T14:57:01.544+0000] {logging_mixin.py:149} INFO - [2023-06-14T14:57:01.544+0000] {dag.py:2726} INFO - Sync 1 DAGs
[2023-06-14T14:57:01.567+0000] {logging_mixin.py:149} INFO - [2023-06-14T14:57:01.567+0000] {dag.py:3486} INFO - Setting next_dagrun for example_bash_operator to 2023-06-13T00:00:00+00:00, run_after=2023-06-14T00:00:00+00:00
[2023-06-14T14:57:01.595+0000] {processor.py:179} INFO - Processing /usr/local/lib/python3.8/dist-packages/airflow/example_dags/example_bash_operator.py took 0.105 seconds
[2023-06-14T14:57:51.864+0000] {processor.py:157} INFO - Started process (PID=11178) to work on /usr/local/lib/python3.8/dist-packages/airflow/example_dags/example_bash_operator.py
[2023-06-14T14:57:51.866+0000] {processor.py:826} INFO - Processing file /usr/local/lib/python3.8/dist-packages/airflow/example_dags/example_bash_operator.py for tasks to queue
[2023-06-14T14:57:51.868+0000] {logging_mixin.py:149} INFO - [2023-06-14T14:57:51.868+0000] {dagbag.py:541} INFO - Filling up the DagBag from /usr/local/lib/python3.8/dist-packages/airflow/example_dags/example_bash_operator.py
[2023-06-14T14:57:51.883+0000] {processor.py:836} INFO - DAG(s) dict_keys(['example_bash_operator']) retrieved from /usr/local/lib/python3.8/dist-packages/airflow/example_dags/example_bash_operator.py
[2023-06-14T14:57:51.915+0000] {logging_mixin.py:149} INFO - [2023-06-14T14:57:51.915+0000] {dag.py:2726} INFO - Sync 1 DAGs
[2023-06-14T14:57:51.937+0000] {logging_mixin.py:149} INFO - [2023-06-14T14:57:51.937+0000] {dag.py:3486} INFO - Setting next_dagrun for example_bash_operator to 2023-06-13T00:00:00+00:00, run_after=2023-06-14T00:00:00+00:00
[2023-06-14T14:57:51.967+0000] {processor.py:179} INFO - Processing /usr/local/lib/python3.8/dist-packages/airflow/example_dags/example_bash_operator.py took 0.106 seconds
[2023-06-14T14:58:44.144+0000] {processor.py:157} INFO - Started process (PID=11295) to work on /usr/local/lib/python3.8/dist-packages/airflow/example_dags/example_bash_operator.py
[2023-06-14T14:58:44.146+0000] {processor.py:826} INFO - Processing file /usr/local/lib/python3.8/dist-packages/airflow/example_dags/example_bash_operator.py for tasks to queue
[2023-06-14T14:58:44.148+0000] {logging_mixin.py:149} INFO - [2023-06-14T14:58:44.148+0000] {dagbag.py:541} INFO - Filling up the DagBag from /usr/local/lib/python3.8/dist-packages/airflow/example_dags/example_bash_operator.py
[2023-06-14T14:58:44.163+0000] {processor.py:836} INFO - DAG(s) dict_keys(['example_bash_operator']) retrieved from /usr/local/lib/python3.8/dist-packages/airflow/example_dags/example_bash_operator.py
[2023-06-14T14:58:44.194+0000] {logging_mixin.py:149} INFO - [2023-06-14T14:58:44.194+0000] {dag.py:2726} INFO - Sync 1 DAGs
[2023-06-14T14:58:44.216+0000] {logging_mixin.py:149} INFO - [2023-06-14T14:58:44.215+0000] {dag.py:3486} INFO - Setting next_dagrun for example_bash_operator to 2023-06-13T00:00:00+00:00, run_after=2023-06-14T00:00:00+00:00
[2023-06-14T14:58:44.244+0000] {processor.py:179} INFO - Processing /usr/local/lib/python3.8/dist-packages/airflow/example_dags/example_bash_operator.py took 0.104 seconds
[2023-06-14T14:59:27.649+0000] {processor.py:157} INFO - Started process (PID=11547) to work on /usr/local/lib/python3.8/dist-packages/airflow/example_dags/example_bash_operator.py
[2023-06-14T14:59:27.651+0000] {processor.py:826} INFO - Processing file /usr/local/lib/python3.8/dist-packages/airflow/example_dags/example_bash_operator.py for tasks to queue
[2023-06-14T14:59:27.653+0000] {logging_mixin.py:149} INFO - [2023-06-14T14:59:27.653+0000] {dagbag.py:541} INFO - Filling up the DagBag from /usr/local/lib/python3.8/dist-packages/airflow/example_dags/example_bash_operator.py
[2023-06-14T14:59:27.668+0000] {processor.py:836} INFO - DAG(s) dict_keys(['example_bash_operator']) retrieved from /usr/local/lib/python3.8/dist-packages/airflow/example_dags/example_bash_operator.py
[2023-06-14T14:59:27.700+0000] {logging_mixin.py:149} INFO - [2023-06-14T14:59:27.700+0000] {dag.py:2726} INFO - Sync 1 DAGs
[2023-06-14T14:59:27.723+0000] {logging_mixin.py:149} INFO - [2023-06-14T14:59:27.722+0000] {dag.py:3486} INFO - Setting next_dagrun for example_bash_operator to 2023-06-13T00:00:00+00:00, run_after=2023-06-14T00:00:00+00:00
[2023-06-14T14:59:27.752+0000] {processor.py:179} INFO - Processing /usr/local/lib/python3.8/dist-packages/airflow/example_dags/example_bash_operator.py took 0.107 seconds
[2023-06-14T15:00:17.739+0000] {processor.py:157} INFO - Started process (PID=11703) to work on /usr/local/lib/python3.8/dist-packages/airflow/example_dags/example_bash_operator.py
[2023-06-14T15:00:17.741+0000] {processor.py:826} INFO - Processing file /usr/local/lib/python3.8/dist-packages/airflow/example_dags/example_bash_operator.py for tasks to queue
[2023-06-14T15:00:17.744+0000] {logging_mixin.py:149} INFO - [2023-06-14T15:00:17.744+0000] {dagbag.py:541} INFO - Filling up the DagBag from /usr/local/lib/python3.8/dist-packages/airflow/example_dags/example_bash_operator.py
[2023-06-14T15:00:17.758+0000] {processor.py:836} INFO - DAG(s) dict_keys(['example_bash_operator']) retrieved from /usr/local/lib/python3.8/dist-packages/airflow/example_dags/example_bash_operator.py
[2023-06-14T15:00:17.790+0000] {logging_mixin.py:149} INFO - [2023-06-14T15:00:17.789+0000] {dag.py:2726} INFO - Sync 1 DAGs
[2023-06-14T15:00:17.811+0000] {logging_mixin.py:149} INFO - [2023-06-14T15:00:17.811+0000] {dag.py:3486} INFO - Setting next_dagrun for example_bash_operator to 2023-06-13T00:00:00+00:00, run_after=2023-06-14T00:00:00+00:00
[2023-06-14T15:00:17.838+0000] {processor.py:179} INFO - Processing /usr/local/lib/python3.8/dist-packages/airflow/example_dags/example_bash_operator.py took 0.103 seconds
[2023-06-14T15:01:09.407+0000] {processor.py:157} INFO - Started process (PID=11860) to work on /usr/local/lib/python3.8/dist-packages/airflow/example_dags/example_bash_operator.py
[2023-06-14T15:01:09.408+0000] {processor.py:826} INFO - Processing file /usr/local/lib/python3.8/dist-packages/airflow/example_dags/example_bash_operator.py for tasks to queue
[2023-06-14T15:01:09.410+0000] {logging_mixin.py:149} INFO - [2023-06-14T15:01:09.410+0000] {dagbag.py:541} INFO - Filling up the DagBag from /usr/local/lib/python3.8/dist-packages/airflow/example_dags/example_bash_operator.py
[2023-06-14T15:01:09.425+0000] {processor.py:836} INFO - DAG(s) dict_keys(['example_bash_operator']) retrieved from /usr/local/lib/python3.8/dist-packages/airflow/example_dags/example_bash_operator.py
[2023-06-14T15:01:09.457+0000] {logging_mixin.py:149} INFO - [2023-06-14T15:01:09.456+0000] {dag.py:2726} INFO - Sync 1 DAGs
[2023-06-14T15:01:09.478+0000] {logging_mixin.py:149} INFO - [2023-06-14T15:01:09.478+0000] {dag.py:3486} INFO - Setting next_dagrun for example_bash_operator to 2023-06-13T00:00:00+00:00, run_after=2023-06-14T00:00:00+00:00
[2023-06-14T15:01:09.504+0000] {processor.py:179} INFO - Processing /usr/local/lib/python3.8/dist-packages/airflow/example_dags/example_bash_operator.py took 0.101 seconds
[2023-06-14T15:02:00.988+0000] {processor.py:157} INFO - Started process (PID=12017) to work on /usr/local/lib/python3.8/dist-packages/airflow/example_dags/example_bash_operator.py
[2023-06-14T15:02:00.990+0000] {processor.py:826} INFO - Processing file /usr/local/lib/python3.8/dist-packages/airflow/example_dags/example_bash_operator.py for tasks to queue
[2023-06-14T15:02:00.992+0000] {logging_mixin.py:149} INFO - [2023-06-14T15:02:00.992+0000] {dagbag.py:541} INFO - Filling up the DagBag from /usr/local/lib/python3.8/dist-packages/airflow/example_dags/example_bash_operator.py
[2023-06-14T15:02:01.007+0000] {processor.py:836} INFO - DAG(s) dict_keys(['example_bash_operator']) retrieved from /usr/local/lib/python3.8/dist-packages/airflow/example_dags/example_bash_operator.py
[2023-06-14T15:02:01.038+0000] {logging_mixin.py:149} INFO - [2023-06-14T15:02:01.038+0000] {dag.py:2726} INFO - Sync 1 DAGs
[2023-06-14T15:02:01.060+0000] {logging_mixin.py:149} INFO - [2023-06-14T15:02:01.060+0000] {dag.py:3486} INFO - Setting next_dagrun for example_bash_operator to 2023-06-13T00:00:00+00:00, run_after=2023-06-14T00:00:00+00:00
[2023-06-14T15:02:01.090+0000] {processor.py:179} INFO - Processing /usr/local/lib/python3.8/dist-packages/airflow/example_dags/example_bash_operator.py took 0.105 seconds
[2023-06-14T15:02:52.038+0000] {processor.py:157} INFO - Started process (PID=12076) to work on /usr/local/lib/python3.8/dist-packages/airflow/example_dags/example_bash_operator.py
[2023-06-14T15:02:52.040+0000] {processor.py:826} INFO - Processing file /usr/local/lib/python3.8/dist-packages/airflow/example_dags/example_bash_operator.py for tasks to queue
[2023-06-14T15:02:52.042+0000] {logging_mixin.py:149} INFO - [2023-06-14T15:02:52.042+0000] {dagbag.py:541} INFO - Filling up the DagBag from /usr/local/lib/python3.8/dist-packages/airflow/example_dags/example_bash_operator.py
[2023-06-14T15:02:52.057+0000] {processor.py:836} INFO - DAG(s) dict_keys(['example_bash_operator']) retrieved from /usr/local/lib/python3.8/dist-packages/airflow/example_dags/example_bash_operator.py
[2023-06-14T15:02:52.089+0000] {logging_mixin.py:149} INFO - [2023-06-14T15:02:52.089+0000] {dag.py:2726} INFO - Sync 1 DAGs
[2023-06-14T15:02:52.112+0000] {logging_mixin.py:149} INFO - [2023-06-14T15:02:52.111+0000] {dag.py:3486} INFO - Setting next_dagrun for example_bash_operator to 2023-06-13T00:00:00+00:00, run_after=2023-06-14T00:00:00+00:00
[2023-06-14T15:02:52.138+0000] {processor.py:179} INFO - Processing /usr/local/lib/python3.8/dist-packages/airflow/example_dags/example_bash_operator.py took 0.104 seconds
[2023-06-14T15:03:44.051+0000] {processor.py:157} INFO - Started process (PID=12335) to work on /usr/local/lib/python3.8/dist-packages/airflow/example_dags/example_bash_operator.py
[2023-06-14T15:03:44.052+0000] {processor.py:826} INFO - Processing file /usr/local/lib/python3.8/dist-packages/airflow/example_dags/example_bash_operator.py for tasks to queue
[2023-06-14T15:03:44.055+0000] {logging_mixin.py:149} INFO - [2023-06-14T15:03:44.055+0000] {dagbag.py:541} INFO - Filling up the DagBag from /usr/local/lib/python3.8/dist-packages/airflow/example_dags/example_bash_operator.py
[2023-06-14T15:03:44.069+0000] {processor.py:836} INFO - DAG(s) dict_keys(['example_bash_operator']) retrieved from /usr/local/lib/python3.8/dist-packages/airflow/example_dags/example_bash_operator.py
[2023-06-14T15:03:44.100+0000] {logging_mixin.py:149} INFO - [2023-06-14T15:03:44.100+0000] {dag.py:2726} INFO - Sync 1 DAGs
[2023-06-14T15:03:44.122+0000] {logging_mixin.py:149} INFO - [2023-06-14T15:03:44.122+0000] {dag.py:3486} INFO - Setting next_dagrun for example_bash_operator to 2023-06-13T00:00:00+00:00, run_after=2023-06-14T00:00:00+00:00
[2023-06-14T15:03:44.147+0000] {processor.py:179} INFO - Processing /usr/local/lib/python3.8/dist-packages/airflow/example_dags/example_bash_operator.py took 0.100 seconds
[2023-06-14T15:04:34.194+0000] {processor.py:157} INFO - Started process (PID=12593) to work on /usr/local/lib/python3.8/dist-packages/airflow/example_dags/example_bash_operator.py
[2023-06-14T15:04:34.196+0000] {processor.py:826} INFO - Processing file /usr/local/lib/python3.8/dist-packages/airflow/example_dags/example_bash_operator.py for tasks to queue
[2023-06-14T15:04:34.198+0000] {logging_mixin.py:149} INFO - [2023-06-14T15:04:34.198+0000] {dagbag.py:541} INFO - Filling up the DagBag from /usr/local/lib/python3.8/dist-packages/airflow/example_dags/example_bash_operator.py
[2023-06-14T15:04:34.212+0000] {processor.py:836} INFO - DAG(s) dict_keys(['example_bash_operator']) retrieved from /usr/local/lib/python3.8/dist-packages/airflow/example_dags/example_bash_operator.py
[2023-06-14T15:04:34.244+0000] {logging_mixin.py:149} INFO - [2023-06-14T15:04:34.244+0000] {dag.py:2726} INFO - Sync 1 DAGs
[2023-06-14T15:04:34.266+0000] {logging_mixin.py:149} INFO - [2023-06-14T15:04:34.266+0000] {dag.py:3486} INFO - Setting next_dagrun for example_bash_operator to 2023-06-13T00:00:00+00:00, run_after=2023-06-14T00:00:00+00:00
[2023-06-14T15:04:34.296+0000] {processor.py:179} INFO - Processing /usr/local/lib/python3.8/dist-packages/airflow/example_dags/example_bash_operator.py took 0.105 seconds
[2023-06-14T15:05:30.660+0000] {processor.py:157} INFO - Started process (PID=12989) to work on /usr/local/lib/python3.8/dist-packages/airflow/example_dags/example_bash_operator.py
[2023-06-14T15:05:30.662+0000] {processor.py:826} INFO - Processing file /usr/local/lib/python3.8/dist-packages/airflow/example_dags/example_bash_operator.py for tasks to queue
[2023-06-14T15:05:30.664+0000] {logging_mixin.py:149} INFO - [2023-06-14T15:05:30.664+0000] {dagbag.py:541} INFO - Filling up the DagBag from /usr/local/lib/python3.8/dist-packages/airflow/example_dags/example_bash_operator.py
[2023-06-14T15:05:30.679+0000] {processor.py:836} INFO - DAG(s) dict_keys(['example_bash_operator']) retrieved from /usr/local/lib/python3.8/dist-packages/airflow/example_dags/example_bash_operator.py
[2023-06-14T15:05:30.712+0000] {logging_mixin.py:149} INFO - [2023-06-14T15:05:30.712+0000] {dag.py:2726} INFO - Sync 1 DAGs
[2023-06-14T15:05:30.735+0000] {logging_mixin.py:149} INFO - [2023-06-14T15:05:30.735+0000] {dag.py:3486} INFO - Setting next_dagrun for example_bash_operator to 2023-06-13T00:00:00+00:00, run_after=2023-06-14T00:00:00+00:00
[2023-06-14T15:05:30.765+0000] {processor.py:179} INFO - Processing /usr/local/lib/python3.8/dist-packages/airflow/example_dags/example_bash_operator.py took 0.109 seconds
[2023-06-14T15:06:25.172+0000] {processor.py:157} INFO - Started process (PID=13147) to work on /usr/local/lib/python3.8/dist-packages/airflow/example_dags/example_bash_operator.py
[2023-06-14T15:06:25.174+0000] {processor.py:826} INFO - Processing file /usr/local/lib/python3.8/dist-packages/airflow/example_dags/example_bash_operator.py for tasks to queue
[2023-06-14T15:06:25.176+0000] {logging_mixin.py:149} INFO - [2023-06-14T15:06:25.176+0000] {dagbag.py:541} INFO - Filling up the DagBag from /usr/local/lib/python3.8/dist-packages/airflow/example_dags/example_bash_operator.py
[2023-06-14T15:06:25.191+0000] {processor.py:836} INFO - DAG(s) dict_keys(['example_bash_operator']) retrieved from /usr/local/lib/python3.8/dist-packages/airflow/example_dags/example_bash_operator.py
[2023-06-14T15:06:25.222+0000] {logging_mixin.py:149} INFO - [2023-06-14T15:06:25.222+0000] {dag.py:2726} INFO - Sync 1 DAGs
[2023-06-14T15:06:25.243+0000] {logging_mixin.py:149} INFO - [2023-06-14T15:06:25.243+0000] {dag.py:3486} INFO - Setting next_dagrun for example_bash_operator to 2023-06-13T00:00:00+00:00, run_after=2023-06-14T00:00:00+00:00
[2023-06-14T15:06:25.275+0000] {processor.py:179} INFO - Processing /usr/local/lib/python3.8/dist-packages/airflow/example_dags/example_bash_operator.py took 0.107 seconds
[2023-06-14T15:07:15.224+0000] {processor.py:157} INFO - Started process (PID=13410) to work on /usr/local/lib/python3.8/dist-packages/airflow/example_dags/example_bash_operator.py
[2023-06-14T15:07:15.225+0000] {processor.py:826} INFO - Processing file /usr/local/lib/python3.8/dist-packages/airflow/example_dags/example_bash_operator.py for tasks to queue
[2023-06-14T15:07:15.228+0000] {logging_mixin.py:149} INFO - [2023-06-14T15:07:15.228+0000] {dagbag.py:541} INFO - Filling up the DagBag from /usr/local/lib/python3.8/dist-packages/airflow/example_dags/example_bash_operator.py
[2023-06-14T15:07:15.243+0000] {processor.py:836} INFO - DAG(s) dict_keys(['example_bash_operator']) retrieved from /usr/local/lib/python3.8/dist-packages/airflow/example_dags/example_bash_operator.py
[2023-06-14T15:07:15.276+0000] {logging_mixin.py:149} INFO - [2023-06-14T15:07:15.276+0000] {dag.py:2726} INFO - Sync 1 DAGs
[2023-06-14T15:07:15.303+0000] {logging_mixin.py:149} INFO - [2023-06-14T15:07:15.303+0000] {dag.py:3486} INFO - Setting next_dagrun for example_bash_operator to 2023-06-13T00:00:00+00:00, run_after=2023-06-14T00:00:00+00:00
[2023-06-14T15:07:15.331+0000] {processor.py:179} INFO - Processing /usr/local/lib/python3.8/dist-packages/airflow/example_dags/example_bash_operator.py took 0.111 seconds
[2023-06-14T15:08:06.486+0000] {processor.py:157} INFO - Started process (PID=13575) to work on /usr/local/lib/python3.8/dist-packages/airflow/example_dags/example_bash_operator.py
[2023-06-14T15:08:06.488+0000] {processor.py:826} INFO - Processing file /usr/local/lib/python3.8/dist-packages/airflow/example_dags/example_bash_operator.py for tasks to queue
[2023-06-14T15:08:06.491+0000] {logging_mixin.py:149} INFO - [2023-06-14T15:08:06.491+0000] {dagbag.py:541} INFO - Filling up the DagBag from /usr/local/lib/python3.8/dist-packages/airflow/example_dags/example_bash_operator.py
[2023-06-14T15:08:06.505+0000] {processor.py:836} INFO - DAG(s) dict_keys(['example_bash_operator']) retrieved from /usr/local/lib/python3.8/dist-packages/airflow/example_dags/example_bash_operator.py
[2023-06-14T15:08:06.536+0000] {logging_mixin.py:149} INFO - [2023-06-14T15:08:06.536+0000] {dag.py:2726} INFO - Sync 1 DAGs
[2023-06-14T15:08:06.558+0000] {logging_mixin.py:149} INFO - [2023-06-14T15:08:06.558+0000] {dag.py:3486} INFO - Setting next_dagrun for example_bash_operator to 2023-06-13T00:00:00+00:00, run_after=2023-06-14T00:00:00+00:00
[2023-06-14T15:08:06.589+0000] {processor.py:179} INFO - Processing /usr/local/lib/python3.8/dist-packages/airflow/example_dags/example_bash_operator.py took 0.106 seconds
[2023-06-14T15:08:56.350+0000] {processor.py:157} INFO - Started process (PID=13729) to work on /usr/local/lib/python3.8/dist-packages/airflow/example_dags/example_bash_operator.py
[2023-06-14T15:08:56.352+0000] {processor.py:826} INFO - Processing file /usr/local/lib/python3.8/dist-packages/airflow/example_dags/example_bash_operator.py for tasks to queue
[2023-06-14T15:08:56.354+0000] {logging_mixin.py:149} INFO - [2023-06-14T15:08:56.354+0000] {dagbag.py:541} INFO - Filling up the DagBag from /usr/local/lib/python3.8/dist-packages/airflow/example_dags/example_bash_operator.py
[2023-06-14T15:08:56.369+0000] {processor.py:836} INFO - DAG(s) dict_keys(['example_bash_operator']) retrieved from /usr/local/lib/python3.8/dist-packages/airflow/example_dags/example_bash_operator.py
[2023-06-14T15:08:56.401+0000] {logging_mixin.py:149} INFO - [2023-06-14T15:08:56.400+0000] {dag.py:2726} INFO - Sync 1 DAGs
[2023-06-14T15:08:56.423+0000] {logging_mixin.py:149} INFO - [2023-06-14T15:08:56.423+0000] {dag.py:3486} INFO - Setting next_dagrun for example_bash_operator to 2023-06-13T00:00:00+00:00, run_after=2023-06-14T00:00:00+00:00
[2023-06-14T15:08:56.452+0000] {processor.py:179} INFO - Processing /usr/local/lib/python3.8/dist-packages/airflow/example_dags/example_bash_operator.py took 0.106 seconds
[2023-06-14T15:09:45.421+0000] {processor.py:157} INFO - Started process (PID=13882) to work on /usr/local/lib/python3.8/dist-packages/airflow/example_dags/example_bash_operator.py
[2023-06-14T15:09:45.422+0000] {processor.py:826} INFO - Processing file /usr/local/lib/python3.8/dist-packages/airflow/example_dags/example_bash_operator.py for tasks to queue
[2023-06-14T15:09:45.425+0000] {logging_mixin.py:149} INFO - [2023-06-14T15:09:45.425+0000] {dagbag.py:541} INFO - Filling up the DagBag from /usr/local/lib/python3.8/dist-packages/airflow/example_dags/example_bash_operator.py
[2023-06-14T15:09:45.440+0000] {processor.py:836} INFO - DAG(s) dict_keys(['example_bash_operator']) retrieved from /usr/local/lib/python3.8/dist-packages/airflow/example_dags/example_bash_operator.py
[2023-06-14T15:09:45.472+0000] {logging_mixin.py:149} INFO - [2023-06-14T15:09:45.472+0000] {dag.py:2726} INFO - Sync 1 DAGs
[2023-06-14T15:09:45.494+0000] {logging_mixin.py:149} INFO - [2023-06-14T15:09:45.494+0000] {dag.py:3486} INFO - Setting next_dagrun for example_bash_operator to 2023-06-13T00:00:00+00:00, run_after=2023-06-14T00:00:00+00:00
[2023-06-14T15:09:45.523+0000] {processor.py:179} INFO - Processing /usr/local/lib/python3.8/dist-packages/airflow/example_dags/example_bash_operator.py took 0.106 seconds
[2023-06-14T15:10:38.414+0000] {processor.py:157} INFO - Started process (PID=14039) to work on /usr/local/lib/python3.8/dist-packages/airflow/example_dags/example_bash_operator.py
[2023-06-14T15:10:38.415+0000] {processor.py:826} INFO - Processing file /usr/local/lib/python3.8/dist-packages/airflow/example_dags/example_bash_operator.py for tasks to queue
[2023-06-14T15:10:38.418+0000] {logging_mixin.py:149} INFO - [2023-06-14T15:10:38.417+0000] {dagbag.py:541} INFO - Filling up the DagBag from /usr/local/lib/python3.8/dist-packages/airflow/example_dags/example_bash_operator.py
[2023-06-14T15:10:38.432+0000] {processor.py:836} INFO - DAG(s) dict_keys(['example_bash_operator']) retrieved from /usr/local/lib/python3.8/dist-packages/airflow/example_dags/example_bash_operator.py
[2023-06-14T15:10:38.464+0000] {logging_mixin.py:149} INFO - [2023-06-14T15:10:38.464+0000] {dag.py:2726} INFO - Sync 1 DAGs
[2023-06-14T15:10:38.487+0000] {logging_mixin.py:149} INFO - [2023-06-14T15:10:38.487+0000] {dag.py:3486} INFO - Setting next_dagrun for example_bash_operator to 2023-06-13T00:00:00+00:00, run_after=2023-06-14T00:00:00+00:00
[2023-06-14T15:10:38.517+0000] {processor.py:179} INFO - Processing /usr/local/lib/python3.8/dist-packages/airflow/example_dags/example_bash_operator.py took 0.107 seconds
[2023-06-14T15:11:22.165+0000] {processor.py:157} INFO - Started process (PID=14190) to work on /usr/local/lib/python3.8/dist-packages/airflow/example_dags/example_bash_operator.py
[2023-06-14T15:11:22.167+0000] {processor.py:826} INFO - Processing file /usr/local/lib/python3.8/dist-packages/airflow/example_dags/example_bash_operator.py for tasks to queue
[2023-06-14T15:11:22.169+0000] {logging_mixin.py:149} INFO - [2023-06-14T15:11:22.169+0000] {dagbag.py:541} INFO - Filling up the DagBag from /usr/local/lib/python3.8/dist-packages/airflow/example_dags/example_bash_operator.py
[2023-06-14T15:11:22.184+0000] {processor.py:836} INFO - DAG(s) dict_keys(['example_bash_operator']) retrieved from /usr/local/lib/python3.8/dist-packages/airflow/example_dags/example_bash_operator.py
[2023-06-14T15:11:22.217+0000] {logging_mixin.py:149} INFO - [2023-06-14T15:11:22.216+0000] {dag.py:2726} INFO - Sync 1 DAGs
[2023-06-14T15:11:22.239+0000] {logging_mixin.py:149} INFO - [2023-06-14T15:11:22.239+0000] {dag.py:3486} INFO - Setting next_dagrun for example_bash_operator to 2023-06-13T00:00:00+00:00, run_after=2023-06-14T00:00:00+00:00
[2023-06-14T15:11:22.268+0000] {processor.py:179} INFO - Processing /usr/local/lib/python3.8/dist-packages/airflow/example_dags/example_bash_operator.py took 0.106 seconds
[2023-06-14T15:12:15.578+0000] {processor.py:157} INFO - Started process (PID=14352) to work on /usr/local/lib/python3.8/dist-packages/airflow/example_dags/example_bash_operator.py
[2023-06-14T15:12:15.580+0000] {processor.py:826} INFO - Processing file /usr/local/lib/python3.8/dist-packages/airflow/example_dags/example_bash_operator.py for tasks to queue
[2023-06-14T15:12:15.582+0000] {logging_mixin.py:149} INFO - [2023-06-14T15:12:15.582+0000] {dagbag.py:541} INFO - Filling up the DagBag from /usr/local/lib/python3.8/dist-packages/airflow/example_dags/example_bash_operator.py
[2023-06-14T15:12:15.597+0000] {processor.py:836} INFO - DAG(s) dict_keys(['example_bash_operator']) retrieved from /usr/local/lib/python3.8/dist-packages/airflow/example_dags/example_bash_operator.py
[2023-06-14T15:12:15.630+0000] {logging_mixin.py:149} INFO - [2023-06-14T15:12:15.630+0000] {dag.py:2726} INFO - Sync 1 DAGs
[2023-06-14T15:12:15.653+0000] {logging_mixin.py:149} INFO - [2023-06-14T15:12:15.652+0000] {dag.py:3486} INFO - Setting next_dagrun for example_bash_operator to 2023-06-13T00:00:00+00:00, run_after=2023-06-14T00:00:00+00:00
[2023-06-14T15:12:15.683+0000] {processor.py:179} INFO - Processing /usr/local/lib/python3.8/dist-packages/airflow/example_dags/example_bash_operator.py took 0.109 seconds
[2023-06-14T15:13:08.370+0000] {processor.py:157} INFO - Started process (PID=14507) to work on /usr/local/lib/python3.8/dist-packages/airflow/example_dags/example_bash_operator.py
[2023-06-14T15:13:08.371+0000] {processor.py:826} INFO - Processing file /usr/local/lib/python3.8/dist-packages/airflow/example_dags/example_bash_operator.py for tasks to queue
[2023-06-14T15:13:08.374+0000] {logging_mixin.py:149} INFO - [2023-06-14T15:13:08.374+0000] {dagbag.py:541} INFO - Filling up the DagBag from /usr/local/lib/python3.8/dist-packages/airflow/example_dags/example_bash_operator.py
[2023-06-14T15:13:08.388+0000] {processor.py:836} INFO - DAG(s) dict_keys(['example_bash_operator']) retrieved from /usr/local/lib/python3.8/dist-packages/airflow/example_dags/example_bash_operator.py
[2023-06-14T15:13:08.421+0000] {logging_mixin.py:149} INFO - [2023-06-14T15:13:08.420+0000] {dag.py:2726} INFO - Sync 1 DAGs
[2023-06-14T15:13:08.443+0000] {logging_mixin.py:149} INFO - [2023-06-14T15:13:08.443+0000] {dag.py:3486} INFO - Setting next_dagrun for example_bash_operator to 2023-06-13T00:00:00+00:00, run_after=2023-06-14T00:00:00+00:00
[2023-06-14T15:13:08.471+0000] {processor.py:179} INFO - Processing /usr/local/lib/python3.8/dist-packages/airflow/example_dags/example_bash_operator.py took 0.106 seconds
[2023-06-14T15:13:58.402+0000] {processor.py:157} INFO - Started process (PID=14765) to work on /usr/local/lib/python3.8/dist-packages/airflow/example_dags/example_bash_operator.py
[2023-06-14T15:13:58.404+0000] {processor.py:826} INFO - Processing file /usr/local/lib/python3.8/dist-packages/airflow/example_dags/example_bash_operator.py for tasks to queue
[2023-06-14T15:13:58.407+0000] {logging_mixin.py:149} INFO - [2023-06-14T15:13:58.407+0000] {dagbag.py:541} INFO - Filling up the DagBag from /usr/local/lib/python3.8/dist-packages/airflow/example_dags/example_bash_operator.py
[2023-06-14T15:13:58.421+0000] {processor.py:836} INFO - DAG(s) dict_keys(['example_bash_operator']) retrieved from /usr/local/lib/python3.8/dist-packages/airflow/example_dags/example_bash_operator.py
[2023-06-14T15:13:58.455+0000] {logging_mixin.py:149} INFO - [2023-06-14T15:13:58.454+0000] {dag.py:2726} INFO - Sync 1 DAGs
[2023-06-14T15:13:58.478+0000] {logging_mixin.py:149} INFO - [2023-06-14T15:13:58.478+0000] {dag.py:3486} INFO - Setting next_dagrun for example_bash_operator to 2023-06-13T00:00:00+00:00, run_after=2023-06-14T00:00:00+00:00
[2023-06-14T15:13:58.507+0000] {processor.py:179} INFO - Processing /usr/local/lib/python3.8/dist-packages/airflow/example_dags/example_bash_operator.py took 0.108 seconds
[2023-06-14T15:14:46.435+0000] {processor.py:157} INFO - Started process (PID=14816) to work on /usr/local/lib/python3.8/dist-packages/airflow/example_dags/example_bash_operator.py
[2023-06-14T15:14:46.437+0000] {processor.py:826} INFO - Processing file /usr/local/lib/python3.8/dist-packages/airflow/example_dags/example_bash_operator.py for tasks to queue
[2023-06-14T15:14:46.439+0000] {logging_mixin.py:149} INFO - [2023-06-14T15:14:46.439+0000] {dagbag.py:541} INFO - Filling up the DagBag from /usr/local/lib/python3.8/dist-packages/airflow/example_dags/example_bash_operator.py
[2023-06-14T15:14:46.458+0000] {processor.py:836} INFO - DAG(s) dict_keys(['example_bash_operator']) retrieved from /usr/local/lib/python3.8/dist-packages/airflow/example_dags/example_bash_operator.py
[2023-06-14T15:14:46.504+0000] {logging_mixin.py:149} INFO - [2023-06-14T15:14:46.503+0000] {dag.py:2726} INFO - Sync 1 DAGs
[2023-06-14T15:14:46.526+0000] {logging_mixin.py:149} INFO - [2023-06-14T15:14:46.525+0000] {dag.py:3486} INFO - Setting next_dagrun for example_bash_operator to 2023-06-13T00:00:00+00:00, run_after=2023-06-14T00:00:00+00:00
[2023-06-14T15:14:46.555+0000] {processor.py:179} INFO - Processing /usr/local/lib/python3.8/dist-packages/airflow/example_dags/example_bash_operator.py took 0.124 seconds
[2023-06-14T15:15:38.675+0000] {processor.py:157} INFO - Started process (PID=14971) to work on /usr/local/lib/python3.8/dist-packages/airflow/example_dags/example_bash_operator.py
[2023-06-14T15:15:38.676+0000] {processor.py:826} INFO - Processing file /usr/local/lib/python3.8/dist-packages/airflow/example_dags/example_bash_operator.py for tasks to queue
[2023-06-14T15:15:38.680+0000] {logging_mixin.py:149} INFO - [2023-06-14T15:15:38.680+0000] {dagbag.py:541} INFO - Filling up the DagBag from /usr/local/lib/python3.8/dist-packages/airflow/example_dags/example_bash_operator.py
[2023-06-14T15:15:38.698+0000] {processor.py:836} INFO - DAG(s) dict_keys(['example_bash_operator']) retrieved from /usr/local/lib/python3.8/dist-packages/airflow/example_dags/example_bash_operator.py
[2023-06-14T15:15:38.731+0000] {logging_mixin.py:149} INFO - [2023-06-14T15:15:38.731+0000] {dag.py:2726} INFO - Sync 1 DAGs
[2023-06-14T15:15:38.753+0000] {logging_mixin.py:149} INFO - [2023-06-14T15:15:38.753+0000] {dag.py:3486} INFO - Setting next_dagrun for example_bash_operator to 2023-06-13T00:00:00+00:00, run_after=2023-06-14T00:00:00+00:00
[2023-06-14T15:15:38.782+0000] {processor.py:179} INFO - Processing /usr/local/lib/python3.8/dist-packages/airflow/example_dags/example_bash_operator.py took 0.111 seconds
