[2023-06-14T14:16:46.333+0000] {processor.py:157} INFO - Started process (PID=1915) to work on /usr/local/lib/python3.8/dist-packages/airflow/example_dags/example_time_delta_sensor_async.py
[2023-06-14T14:16:46.334+0000] {processor.py:826} INFO - Processing file /usr/local/lib/python3.8/dist-packages/airflow/example_dags/example_time_delta_sensor_async.py for tasks to queue
[2023-06-14T14:16:46.337+0000] {logging_mixin.py:149} INFO - [2023-06-14T14:16:46.337+0000] {dagbag.py:541} INFO - Filling up the DagBag from /usr/local/lib/python3.8/dist-packages/airflow/example_dags/example_time_delta_sensor_async.py
[2023-06-14T14:16:46.342+0000] {processor.py:836} INFO - DAG(s) dict_keys(['example_time_delta_sensor_async']) retrieved from /usr/local/lib/python3.8/dist-packages/airflow/example_dags/example_time_delta_sensor_async.py
[2023-06-14T14:16:46.352+0000] {logging_mixin.py:149} INFO - [2023-06-14T14:16:46.352+0000] {dag.py:2726} INFO - Sync 1 DAGs
[2023-06-14T14:16:46.372+0000] {logging_mixin.py:149} INFO - [2023-06-14T14:16:46.372+0000] {dag.py:3486} INFO - Setting next_dagrun for example_time_delta_sensor_async to None, run_after=None
[2023-06-14T14:16:46.400+0000] {processor.py:179} INFO - Processing /usr/local/lib/python3.8/dist-packages/airflow/example_dags/example_time_delta_sensor_async.py took 0.072 seconds
[2023-06-14T14:17:52.413+0000] {processor.py:157} INFO - Started process (PID=2401) to work on /usr/local/lib/python3.8/dist-packages/airflow/example_dags/example_time_delta_sensor_async.py
[2023-06-14T14:17:52.414+0000] {processor.py:826} INFO - Processing file /usr/local/lib/python3.8/dist-packages/airflow/example_dags/example_time_delta_sensor_async.py for tasks to queue
[2023-06-14T14:17:52.417+0000] {logging_mixin.py:149} INFO - [2023-06-14T14:17:52.416+0000] {dagbag.py:541} INFO - Filling up the DagBag from /usr/local/lib/python3.8/dist-packages/airflow/example_dags/example_time_delta_sensor_async.py
[2023-06-14T14:17:52.421+0000] {processor.py:836} INFO - DAG(s) dict_keys(['example_time_delta_sensor_async']) retrieved from /usr/local/lib/python3.8/dist-packages/airflow/example_dags/example_time_delta_sensor_async.py
[2023-06-14T14:17:52.431+0000] {logging_mixin.py:149} INFO - [2023-06-14T14:17:52.431+0000] {dag.py:2726} INFO - Sync 1 DAGs
[2023-06-14T14:17:52.451+0000] {logging_mixin.py:149} INFO - [2023-06-14T14:17:52.451+0000] {dag.py:3486} INFO - Setting next_dagrun for example_time_delta_sensor_async to None, run_after=None
[2023-06-14T14:17:52.478+0000] {processor.py:179} INFO - Processing /usr/local/lib/python3.8/dist-packages/airflow/example_dags/example_time_delta_sensor_async.py took 0.070 seconds
[2023-06-14T14:19:08.758+0000] {processor.py:157} INFO - Started process (PID=3711) to work on /usr/local/lib/python3.8/dist-packages/airflow/example_dags/example_time_delta_sensor_async.py
[2023-06-14T14:19:08.759+0000] {processor.py:826} INFO - Processing file /usr/local/lib/python3.8/dist-packages/airflow/example_dags/example_time_delta_sensor_async.py for tasks to queue
[2023-06-14T14:19:08.762+0000] {logging_mixin.py:149} INFO - [2023-06-14T14:19:08.762+0000] {dagbag.py:541} INFO - Filling up the DagBag from /usr/local/lib/python3.8/dist-packages/airflow/example_dags/example_time_delta_sensor_async.py
[2023-06-14T14:19:08.767+0000] {processor.py:836} INFO - DAG(s) dict_keys(['example_time_delta_sensor_async']) retrieved from /usr/local/lib/python3.8/dist-packages/airflow/example_dags/example_time_delta_sensor_async.py
[2023-06-14T14:19:08.777+0000] {logging_mixin.py:149} INFO - [2023-06-14T14:19:08.777+0000] {dag.py:2726} INFO - Sync 1 DAGs
[2023-06-14T14:19:08.798+0000] {logging_mixin.py:149} INFO - [2023-06-14T14:19:08.798+0000] {dag.py:3486} INFO - Setting next_dagrun for example_time_delta_sensor_async to None, run_after=None
[2023-06-14T14:19:08.830+0000] {processor.py:179} INFO - Processing /usr/local/lib/python3.8/dist-packages/airflow/example_dags/example_time_delta_sensor_async.py took 0.077 seconds
[2023-06-14T14:19:56.779+0000] {processor.py:157} INFO - Started process (PID=4263) to work on /usr/local/lib/python3.8/dist-packages/airflow/example_dags/example_time_delta_sensor_async.py
[2023-06-14T14:19:56.780+0000] {processor.py:826} INFO - Processing file /usr/local/lib/python3.8/dist-packages/airflow/example_dags/example_time_delta_sensor_async.py for tasks to queue
[2023-06-14T14:19:56.782+0000] {logging_mixin.py:149} INFO - [2023-06-14T14:19:56.782+0000] {dagbag.py:541} INFO - Filling up the DagBag from /usr/local/lib/python3.8/dist-packages/airflow/example_dags/example_time_delta_sensor_async.py
[2023-06-14T14:19:56.788+0000] {processor.py:836} INFO - DAG(s) dict_keys(['example_time_delta_sensor_async']) retrieved from /usr/local/lib/python3.8/dist-packages/airflow/example_dags/example_time_delta_sensor_async.py
[2023-06-14T14:19:56.808+0000] {logging_mixin.py:149} INFO - [2023-06-14T14:19:56.808+0000] {dag.py:2726} INFO - Sync 1 DAGs
[2023-06-14T14:19:56.828+0000] {logging_mixin.py:149} INFO - [2023-06-14T14:19:56.828+0000] {dag.py:3486} INFO - Setting next_dagrun for example_time_delta_sensor_async to None, run_after=None
[2023-06-14T14:19:56.853+0000] {processor.py:179} INFO - Processing /usr/local/lib/python3.8/dist-packages/airflow/example_dags/example_time_delta_sensor_async.py took 0.078 seconds
[2023-06-14T14:20:46.998+0000] {processor.py:157} INFO - Started process (PID=4311) to work on /usr/local/lib/python3.8/dist-packages/airflow/example_dags/example_time_delta_sensor_async.py
[2023-06-14T14:20:46.999+0000] {processor.py:826} INFO - Processing file /usr/local/lib/python3.8/dist-packages/airflow/example_dags/example_time_delta_sensor_async.py for tasks to queue
[2023-06-14T14:20:47.002+0000] {logging_mixin.py:149} INFO - [2023-06-14T14:20:47.002+0000] {dagbag.py:541} INFO - Filling up the DagBag from /usr/local/lib/python3.8/dist-packages/airflow/example_dags/example_time_delta_sensor_async.py
[2023-06-14T14:20:47.007+0000] {processor.py:836} INFO - DAG(s) dict_keys(['example_time_delta_sensor_async']) retrieved from /usr/local/lib/python3.8/dist-packages/airflow/example_dags/example_time_delta_sensor_async.py
[2023-06-14T14:20:47.028+0000] {logging_mixin.py:149} INFO - [2023-06-14T14:20:47.028+0000] {dag.py:2726} INFO - Sync 1 DAGs
[2023-06-14T14:20:47.048+0000] {logging_mixin.py:149} INFO - [2023-06-14T14:20:47.047+0000] {dag.py:3486} INFO - Setting next_dagrun for example_time_delta_sensor_async to None, run_after=None
[2023-06-14T14:20:47.076+0000] {processor.py:179} INFO - Processing /usr/local/lib/python3.8/dist-packages/airflow/example_dags/example_time_delta_sensor_async.py took 0.081 seconds
[2023-06-14T14:21:38.648+0000] {processor.py:157} INFO - Started process (PID=4466) to work on /usr/local/lib/python3.8/dist-packages/airflow/example_dags/example_time_delta_sensor_async.py
[2023-06-14T14:21:38.649+0000] {processor.py:826} INFO - Processing file /usr/local/lib/python3.8/dist-packages/airflow/example_dags/example_time_delta_sensor_async.py for tasks to queue
[2023-06-14T14:21:38.652+0000] {logging_mixin.py:149} INFO - [2023-06-14T14:21:38.651+0000] {dagbag.py:541} INFO - Filling up the DagBag from /usr/local/lib/python3.8/dist-packages/airflow/example_dags/example_time_delta_sensor_async.py
[2023-06-14T14:21:38.657+0000] {processor.py:836} INFO - DAG(s) dict_keys(['example_time_delta_sensor_async']) retrieved from /usr/local/lib/python3.8/dist-packages/airflow/example_dags/example_time_delta_sensor_async.py
[2023-06-14T14:21:38.678+0000] {logging_mixin.py:149} INFO - [2023-06-14T14:21:38.677+0000] {dag.py:2726} INFO - Sync 1 DAGs
[2023-06-14T14:21:38.697+0000] {logging_mixin.py:149} INFO - [2023-06-14T14:21:38.697+0000] {dag.py:3486} INFO - Setting next_dagrun for example_time_delta_sensor_async to None, run_after=None
[2023-06-14T14:21:38.724+0000] {processor.py:179} INFO - Processing /usr/local/lib/python3.8/dist-packages/airflow/example_dags/example_time_delta_sensor_async.py took 0.080 seconds
[2023-06-14T14:22:15.870+0000] {processor.py:157} INFO - Started process (PID=4612) to work on /usr/local/lib/python3.8/dist-packages/airflow/example_dags/example_time_delta_sensor_async.py
[2023-06-14T14:22:15.871+0000] {processor.py:826} INFO - Processing file /usr/local/lib/python3.8/dist-packages/airflow/example_dags/example_time_delta_sensor_async.py for tasks to queue
[2023-06-14T14:22:15.874+0000] {logging_mixin.py:149} INFO - [2023-06-14T14:22:15.874+0000] {dagbag.py:541} INFO - Filling up the DagBag from /usr/local/lib/python3.8/dist-packages/airflow/example_dags/example_time_delta_sensor_async.py
[2023-06-14T14:22:15.879+0000] {processor.py:836} INFO - DAG(s) dict_keys(['example_time_delta_sensor_async']) retrieved from /usr/local/lib/python3.8/dist-packages/airflow/example_dags/example_time_delta_sensor_async.py
[2023-06-14T14:22:15.901+0000] {logging_mixin.py:149} INFO - [2023-06-14T14:22:15.901+0000] {dag.py:2726} INFO - Sync 1 DAGs
[2023-06-14T14:22:15.922+0000] {logging_mixin.py:149} INFO - [2023-06-14T14:22:15.922+0000] {dag.py:3486} INFO - Setting next_dagrun for example_time_delta_sensor_async to None, run_after=None
[2023-06-14T14:22:15.949+0000] {processor.py:179} INFO - Processing /usr/local/lib/python3.8/dist-packages/airflow/example_dags/example_time_delta_sensor_async.py took 0.083 seconds
[2023-06-14T14:22:53.951+0000] {processor.py:157} INFO - Started process (PID=4754) to work on /usr/local/lib/python3.8/dist-packages/airflow/example_dags/example_time_delta_sensor_async.py
[2023-06-14T14:22:53.952+0000] {processor.py:826} INFO - Processing file /usr/local/lib/python3.8/dist-packages/airflow/example_dags/example_time_delta_sensor_async.py for tasks to queue
[2023-06-14T14:22:53.955+0000] {logging_mixin.py:149} INFO - [2023-06-14T14:22:53.955+0000] {dagbag.py:541} INFO - Filling up the DagBag from /usr/local/lib/python3.8/dist-packages/airflow/example_dags/example_time_delta_sensor_async.py
[2023-06-14T14:22:53.960+0000] {processor.py:836} INFO - DAG(s) dict_keys(['example_time_delta_sensor_async']) retrieved from /usr/local/lib/python3.8/dist-packages/airflow/example_dags/example_time_delta_sensor_async.py
[2023-06-14T14:22:53.981+0000] {logging_mixin.py:149} INFO - [2023-06-14T14:22:53.980+0000] {dag.py:2726} INFO - Sync 1 DAGs
[2023-06-14T14:22:54.001+0000] {logging_mixin.py:149} INFO - [2023-06-14T14:22:54.001+0000] {dag.py:3486} INFO - Setting next_dagrun for example_time_delta_sensor_async to None, run_after=None
[2023-06-14T14:22:54.026+0000] {processor.py:179} INFO - Processing /usr/local/lib/python3.8/dist-packages/airflow/example_dags/example_time_delta_sensor_async.py took 0.079 seconds
[2023-06-14T14:23:42.703+0000] {processor.py:157} INFO - Started process (PID=4805) to work on /usr/local/lib/python3.8/dist-packages/airflow/example_dags/example_time_delta_sensor_async.py
[2023-06-14T14:23:42.704+0000] {processor.py:826} INFO - Processing file /usr/local/lib/python3.8/dist-packages/airflow/example_dags/example_time_delta_sensor_async.py for tasks to queue
[2023-06-14T14:23:42.707+0000] {logging_mixin.py:149} INFO - [2023-06-14T14:23:42.707+0000] {dagbag.py:541} INFO - Filling up the DagBag from /usr/local/lib/python3.8/dist-packages/airflow/example_dags/example_time_delta_sensor_async.py
[2023-06-14T14:23:42.712+0000] {processor.py:836} INFO - DAG(s) dict_keys(['example_time_delta_sensor_async']) retrieved from /usr/local/lib/python3.8/dist-packages/airflow/example_dags/example_time_delta_sensor_async.py
[2023-06-14T14:23:42.733+0000] {logging_mixin.py:149} INFO - [2023-06-14T14:23:42.732+0000] {dag.py:2726} INFO - Sync 1 DAGs
[2023-06-14T14:23:42.752+0000] {logging_mixin.py:149} INFO - [2023-06-14T14:23:42.752+0000] {dag.py:3486} INFO - Setting next_dagrun for example_time_delta_sensor_async to None, run_after=None
[2023-06-14T14:23:42.783+0000] {processor.py:179} INFO - Processing /usr/local/lib/python3.8/dist-packages/airflow/example_dags/example_time_delta_sensor_async.py took 0.084 seconds
[2023-06-14T14:24:34.140+0000] {processor.py:157} INFO - Started process (PID=5063) to work on /usr/local/lib/python3.8/dist-packages/airflow/example_dags/example_time_delta_sensor_async.py
[2023-06-14T14:24:34.142+0000] {processor.py:826} INFO - Processing file /usr/local/lib/python3.8/dist-packages/airflow/example_dags/example_time_delta_sensor_async.py for tasks to queue
[2023-06-14T14:24:34.144+0000] {logging_mixin.py:149} INFO - [2023-06-14T14:24:34.144+0000] {dagbag.py:541} INFO - Filling up the DagBag from /usr/local/lib/python3.8/dist-packages/airflow/example_dags/example_time_delta_sensor_async.py
[2023-06-14T14:24:34.150+0000] {processor.py:836} INFO - DAG(s) dict_keys(['example_time_delta_sensor_async']) retrieved from /usr/local/lib/python3.8/dist-packages/airflow/example_dags/example_time_delta_sensor_async.py
[2023-06-14T14:24:34.170+0000] {logging_mixin.py:149} INFO - [2023-06-14T14:24:34.170+0000] {dag.py:2726} INFO - Sync 1 DAGs
[2023-06-14T14:24:34.190+0000] {logging_mixin.py:149} INFO - [2023-06-14T14:24:34.189+0000] {dag.py:3486} INFO - Setting next_dagrun for example_time_delta_sensor_async to None, run_after=None
[2023-06-14T14:24:34.217+0000] {processor.py:179} INFO - Processing /usr/local/lib/python3.8/dist-packages/airflow/example_dags/example_time_delta_sensor_async.py took 0.080 seconds
[2023-06-14T14:25:22.001+0000] {processor.py:157} INFO - Started process (PID=5216) to work on /usr/local/lib/python3.8/dist-packages/airflow/example_dags/example_time_delta_sensor_async.py
[2023-06-14T14:25:22.002+0000] {processor.py:826} INFO - Processing file /usr/local/lib/python3.8/dist-packages/airflow/example_dags/example_time_delta_sensor_async.py for tasks to queue
[2023-06-14T14:25:22.005+0000] {logging_mixin.py:149} INFO - [2023-06-14T14:25:22.005+0000] {dagbag.py:541} INFO - Filling up the DagBag from /usr/local/lib/python3.8/dist-packages/airflow/example_dags/example_time_delta_sensor_async.py
[2023-06-14T14:25:22.010+0000] {processor.py:836} INFO - DAG(s) dict_keys(['example_time_delta_sensor_async']) retrieved from /usr/local/lib/python3.8/dist-packages/airflow/example_dags/example_time_delta_sensor_async.py
[2023-06-14T14:25:22.030+0000] {logging_mixin.py:149} INFO - [2023-06-14T14:25:22.030+0000] {dag.py:2726} INFO - Sync 1 DAGs
[2023-06-14T14:25:22.050+0000] {logging_mixin.py:149} INFO - [2023-06-14T14:25:22.050+0000] {dag.py:3486} INFO - Setting next_dagrun for example_time_delta_sensor_async to None, run_after=None
[2023-06-14T14:25:22.076+0000] {processor.py:179} INFO - Processing /usr/local/lib/python3.8/dist-packages/airflow/example_dags/example_time_delta_sensor_async.py took 0.080 seconds
[2023-06-14T14:26:13.973+0000] {processor.py:157} INFO - Started process (PID=5372) to work on /usr/local/lib/python3.8/dist-packages/airflow/example_dags/example_time_delta_sensor_async.py
[2023-06-14T14:26:13.974+0000] {processor.py:826} INFO - Processing file /usr/local/lib/python3.8/dist-packages/airflow/example_dags/example_time_delta_sensor_async.py for tasks to queue
[2023-06-14T14:26:13.977+0000] {logging_mixin.py:149} INFO - [2023-06-14T14:26:13.977+0000] {dagbag.py:541} INFO - Filling up the DagBag from /usr/local/lib/python3.8/dist-packages/airflow/example_dags/example_time_delta_sensor_async.py
[2023-06-14T14:26:13.982+0000] {processor.py:836} INFO - DAG(s) dict_keys(['example_time_delta_sensor_async']) retrieved from /usr/local/lib/python3.8/dist-packages/airflow/example_dags/example_time_delta_sensor_async.py
[2023-06-14T14:26:14.003+0000] {logging_mixin.py:149} INFO - [2023-06-14T14:26:14.002+0000] {dag.py:2726} INFO - Sync 1 DAGs
[2023-06-14T14:26:14.023+0000] {logging_mixin.py:149} INFO - [2023-06-14T14:26:14.023+0000] {dag.py:3486} INFO - Setting next_dagrun for example_time_delta_sensor_async to None, run_after=None
[2023-06-14T14:26:14.050+0000] {processor.py:179} INFO - Processing /usr/local/lib/python3.8/dist-packages/airflow/example_dags/example_time_delta_sensor_async.py took 0.081 seconds
[2023-06-14T14:27:04.221+0000] {processor.py:157} INFO - Started process (PID=5530) to work on /usr/local/lib/python3.8/dist-packages/airflow/example_dags/example_time_delta_sensor_async.py
[2023-06-14T14:27:04.222+0000] {processor.py:826} INFO - Processing file /usr/local/lib/python3.8/dist-packages/airflow/example_dags/example_time_delta_sensor_async.py for tasks to queue
[2023-06-14T14:27:04.225+0000] {logging_mixin.py:149} INFO - [2023-06-14T14:27:04.224+0000] {dagbag.py:541} INFO - Filling up the DagBag from /usr/local/lib/python3.8/dist-packages/airflow/example_dags/example_time_delta_sensor_async.py
[2023-06-14T14:27:04.230+0000] {processor.py:836} INFO - DAG(s) dict_keys(['example_time_delta_sensor_async']) retrieved from /usr/local/lib/python3.8/dist-packages/airflow/example_dags/example_time_delta_sensor_async.py
[2023-06-14T14:27:04.250+0000] {logging_mixin.py:149} INFO - [2023-06-14T14:27:04.250+0000] {dag.py:2726} INFO - Sync 1 DAGs
[2023-06-14T14:27:04.270+0000] {logging_mixin.py:149} INFO - [2023-06-14T14:27:04.269+0000] {dag.py:3486} INFO - Setting next_dagrun for example_time_delta_sensor_async to None, run_after=None
[2023-06-14T14:27:04.297+0000] {processor.py:179} INFO - Processing /usr/local/lib/python3.8/dist-packages/airflow/example_dags/example_time_delta_sensor_async.py took 0.080 seconds
[2023-06-14T14:27:57.231+0000] {processor.py:157} INFO - Started process (PID=5687) to work on /usr/local/lib/python3.8/dist-packages/airflow/example_dags/example_time_delta_sensor_async.py
[2023-06-14T14:27:57.232+0000] {processor.py:826} INFO - Processing file /usr/local/lib/python3.8/dist-packages/airflow/example_dags/example_time_delta_sensor_async.py for tasks to queue
[2023-06-14T14:27:57.235+0000] {logging_mixin.py:149} INFO - [2023-06-14T14:27:57.235+0000] {dagbag.py:541} INFO - Filling up the DagBag from /usr/local/lib/python3.8/dist-packages/airflow/example_dags/example_time_delta_sensor_async.py
[2023-06-14T14:27:57.240+0000] {processor.py:836} INFO - DAG(s) dict_keys(['example_time_delta_sensor_async']) retrieved from /usr/local/lib/python3.8/dist-packages/airflow/example_dags/example_time_delta_sensor_async.py
[2023-06-14T14:27:57.261+0000] {logging_mixin.py:149} INFO - [2023-06-14T14:27:57.261+0000] {dag.py:2726} INFO - Sync 1 DAGs
[2023-06-14T14:27:57.282+0000] {logging_mixin.py:149} INFO - [2023-06-14T14:27:57.282+0000] {dag.py:3486} INFO - Setting next_dagrun for example_time_delta_sensor_async to None, run_after=None
[2023-06-14T14:27:57.307+0000] {processor.py:179} INFO - Processing /usr/local/lib/python3.8/dist-packages/airflow/example_dags/example_time_delta_sensor_async.py took 0.080 seconds
[2023-06-14T14:28:50.338+0000] {processor.py:157} INFO - Started process (PID=5782) to work on /usr/local/lib/python3.8/dist-packages/airflow/example_dags/example_time_delta_sensor_async.py
[2023-06-14T14:28:50.340+0000] {processor.py:826} INFO - Processing file /usr/local/lib/python3.8/dist-packages/airflow/example_dags/example_time_delta_sensor_async.py for tasks to queue
[2023-06-14T14:28:50.342+0000] {logging_mixin.py:149} INFO - [2023-06-14T14:28:50.342+0000] {dagbag.py:541} INFO - Filling up the DagBag from /usr/local/lib/python3.8/dist-packages/airflow/example_dags/example_time_delta_sensor_async.py
[2023-06-14T14:28:50.347+0000] {processor.py:836} INFO - DAG(s) dict_keys(['example_time_delta_sensor_async']) retrieved from /usr/local/lib/python3.8/dist-packages/airflow/example_dags/example_time_delta_sensor_async.py
[2023-06-14T14:28:50.368+0000] {logging_mixin.py:149} INFO - [2023-06-14T14:28:50.368+0000] {dag.py:2726} INFO - Sync 1 DAGs
[2023-06-14T14:28:50.388+0000] {logging_mixin.py:149} INFO - [2023-06-14T14:28:50.388+0000] {dag.py:3486} INFO - Setting next_dagrun for example_time_delta_sensor_async to None, run_after=None
[2023-06-14T14:28:50.419+0000] {processor.py:179} INFO - Processing /usr/local/lib/python3.8/dist-packages/airflow/example_dags/example_time_delta_sensor_async.py took 0.085 seconds
[2023-06-14T14:29:39.899+0000] {processor.py:157} INFO - Started process (PID=5999) to work on /usr/local/lib/python3.8/dist-packages/airflow/example_dags/example_time_delta_sensor_async.py
[2023-06-14T14:29:39.901+0000] {processor.py:826} INFO - Processing file /usr/local/lib/python3.8/dist-packages/airflow/example_dags/example_time_delta_sensor_async.py for tasks to queue
[2023-06-14T14:29:39.903+0000] {logging_mixin.py:149} INFO - [2023-06-14T14:29:39.903+0000] {dagbag.py:541} INFO - Filling up the DagBag from /usr/local/lib/python3.8/dist-packages/airflow/example_dags/example_time_delta_sensor_async.py
[2023-06-14T14:29:39.908+0000] {processor.py:836} INFO - DAG(s) dict_keys(['example_time_delta_sensor_async']) retrieved from /usr/local/lib/python3.8/dist-packages/airflow/example_dags/example_time_delta_sensor_async.py
[2023-06-14T14:29:39.929+0000] {logging_mixin.py:149} INFO - [2023-06-14T14:29:39.929+0000] {dag.py:2726} INFO - Sync 1 DAGs
[2023-06-14T14:29:39.948+0000] {logging_mixin.py:149} INFO - [2023-06-14T14:29:39.948+0000] {dag.py:3486} INFO - Setting next_dagrun for example_time_delta_sensor_async to None, run_after=None
[2023-06-14T14:29:39.979+0000] {processor.py:179} INFO - Processing /usr/local/lib/python3.8/dist-packages/airflow/example_dags/example_time_delta_sensor_async.py took 0.083 seconds
[2023-06-14T14:30:35.542+0000] {processor.py:157} INFO - Started process (PID=6157) to work on /usr/local/lib/python3.8/dist-packages/airflow/example_dags/example_time_delta_sensor_async.py
[2023-06-14T14:30:35.544+0000] {processor.py:826} INFO - Processing file /usr/local/lib/python3.8/dist-packages/airflow/example_dags/example_time_delta_sensor_async.py for tasks to queue
[2023-06-14T14:30:35.547+0000] {logging_mixin.py:149} INFO - [2023-06-14T14:30:35.547+0000] {dagbag.py:541} INFO - Filling up the DagBag from /usr/local/lib/python3.8/dist-packages/airflow/example_dags/example_time_delta_sensor_async.py
[2023-06-14T14:30:35.551+0000] {processor.py:836} INFO - DAG(s) dict_keys(['example_time_delta_sensor_async']) retrieved from /usr/local/lib/python3.8/dist-packages/airflow/example_dags/example_time_delta_sensor_async.py
[2023-06-14T14:30:35.571+0000] {logging_mixin.py:149} INFO - [2023-06-14T14:30:35.571+0000] {dag.py:2726} INFO - Sync 1 DAGs
[2023-06-14T14:30:35.591+0000] {logging_mixin.py:149} INFO - [2023-06-14T14:30:35.590+0000] {dag.py:3486} INFO - Setting next_dagrun for example_time_delta_sensor_async to None, run_after=None
[2023-06-14T14:30:35.619+0000] {processor.py:179} INFO - Processing /usr/local/lib/python3.8/dist-packages/airflow/example_dags/example_time_delta_sensor_async.py took 0.080 seconds
[2023-06-14T14:31:27.752+0000] {processor.py:157} INFO - Started process (PID=6312) to work on /usr/local/lib/python3.8/dist-packages/airflow/example_dags/example_time_delta_sensor_async.py
[2023-06-14T14:31:27.754+0000] {processor.py:826} INFO - Processing file /usr/local/lib/python3.8/dist-packages/airflow/example_dags/example_time_delta_sensor_async.py for tasks to queue
[2023-06-14T14:31:27.756+0000] {logging_mixin.py:149} INFO - [2023-06-14T14:31:27.756+0000] {dagbag.py:541} INFO - Filling up the DagBag from /usr/local/lib/python3.8/dist-packages/airflow/example_dags/example_time_delta_sensor_async.py
[2023-06-14T14:31:27.761+0000] {processor.py:836} INFO - DAG(s) dict_keys(['example_time_delta_sensor_async']) retrieved from /usr/local/lib/python3.8/dist-packages/airflow/example_dags/example_time_delta_sensor_async.py
[2023-06-14T14:31:27.782+0000] {logging_mixin.py:149} INFO - [2023-06-14T14:31:27.781+0000] {dag.py:2726} INFO - Sync 1 DAGs
[2023-06-14T14:31:27.801+0000] {logging_mixin.py:149} INFO - [2023-06-14T14:31:27.801+0000] {dag.py:3486} INFO - Setting next_dagrun for example_time_delta_sensor_async to None, run_after=None
[2023-06-14T14:31:27.833+0000] {processor.py:179} INFO - Processing /usr/local/lib/python3.8/dist-packages/airflow/example_dags/example_time_delta_sensor_async.py took 0.085 seconds
[2023-06-14T14:32:19.808+0000] {processor.py:157} INFO - Started process (PID=6475) to work on /usr/local/lib/python3.8/dist-packages/airflow/example_dags/example_time_delta_sensor_async.py
[2023-06-14T14:32:19.809+0000] {processor.py:826} INFO - Processing file /usr/local/lib/python3.8/dist-packages/airflow/example_dags/example_time_delta_sensor_async.py for tasks to queue
[2023-06-14T14:32:19.812+0000] {logging_mixin.py:149} INFO - [2023-06-14T14:32:19.812+0000] {dagbag.py:541} INFO - Filling up the DagBag from /usr/local/lib/python3.8/dist-packages/airflow/example_dags/example_time_delta_sensor_async.py
[2023-06-14T14:32:19.817+0000] {processor.py:836} INFO - DAG(s) dict_keys(['example_time_delta_sensor_async']) retrieved from /usr/local/lib/python3.8/dist-packages/airflow/example_dags/example_time_delta_sensor_async.py
[2023-06-14T14:32:19.838+0000] {logging_mixin.py:149} INFO - [2023-06-14T14:32:19.837+0000] {dag.py:2726} INFO - Sync 1 DAGs
[2023-06-14T14:32:19.858+0000] {logging_mixin.py:149} INFO - [2023-06-14T14:32:19.857+0000] {dag.py:3486} INFO - Setting next_dagrun for example_time_delta_sensor_async to None, run_after=None
[2023-06-14T14:32:19.885+0000] {processor.py:179} INFO - Processing /usr/local/lib/python3.8/dist-packages/airflow/example_dags/example_time_delta_sensor_async.py took 0.081 seconds
[2023-06-14T14:33:09.065+0000] {processor.py:157} INFO - Started process (PID=6629) to work on /usr/local/lib/python3.8/dist-packages/airflow/example_dags/example_time_delta_sensor_async.py
[2023-06-14T14:33:09.066+0000] {processor.py:826} INFO - Processing file /usr/local/lib/python3.8/dist-packages/airflow/example_dags/example_time_delta_sensor_async.py for tasks to queue
[2023-06-14T14:33:09.068+0000] {logging_mixin.py:149} INFO - [2023-06-14T14:33:09.068+0000] {dagbag.py:541} INFO - Filling up the DagBag from /usr/local/lib/python3.8/dist-packages/airflow/example_dags/example_time_delta_sensor_async.py
[2023-06-14T14:33:09.073+0000] {processor.py:836} INFO - DAG(s) dict_keys(['example_time_delta_sensor_async']) retrieved from /usr/local/lib/python3.8/dist-packages/airflow/example_dags/example_time_delta_sensor_async.py
[2023-06-14T14:33:09.095+0000] {logging_mixin.py:149} INFO - [2023-06-14T14:33:09.095+0000] {dag.py:2726} INFO - Sync 1 DAGs
[2023-06-14T14:33:09.115+0000] {logging_mixin.py:149} INFO - [2023-06-14T14:33:09.114+0000] {dag.py:3486} INFO - Setting next_dagrun for example_time_delta_sensor_async to None, run_after=None
[2023-06-14T14:33:09.142+0000] {processor.py:179} INFO - Processing /usr/local/lib/python3.8/dist-packages/airflow/example_dags/example_time_delta_sensor_async.py took 0.081 seconds
[2023-06-14T14:34:01.556+0000] {processor.py:157} INFO - Started process (PID=6886) to work on /usr/local/lib/python3.8/dist-packages/airflow/example_dags/example_time_delta_sensor_async.py
[2023-06-14T14:34:01.560+0000] {processor.py:826} INFO - Processing file /usr/local/lib/python3.8/dist-packages/airflow/example_dags/example_time_delta_sensor_async.py for tasks to queue
[2023-06-14T14:34:01.562+0000] {logging_mixin.py:149} INFO - [2023-06-14T14:34:01.562+0000] {dagbag.py:541} INFO - Filling up the DagBag from /usr/local/lib/python3.8/dist-packages/airflow/example_dags/example_time_delta_sensor_async.py
[2023-06-14T14:34:01.567+0000] {processor.py:836} INFO - DAG(s) dict_keys(['example_time_delta_sensor_async']) retrieved from /usr/local/lib/python3.8/dist-packages/airflow/example_dags/example_time_delta_sensor_async.py
[2023-06-14T14:34:01.588+0000] {logging_mixin.py:149} INFO - [2023-06-14T14:34:01.588+0000] {dag.py:2726} INFO - Sync 1 DAGs
[2023-06-14T14:34:01.609+0000] {logging_mixin.py:149} INFO - [2023-06-14T14:34:01.609+0000] {dag.py:3486} INFO - Setting next_dagrun for example_time_delta_sensor_async to None, run_after=None
[2023-06-14T14:34:01.638+0000] {processor.py:179} INFO - Processing /usr/local/lib/python3.8/dist-packages/airflow/example_dags/example_time_delta_sensor_async.py took 0.086 seconds
[2023-06-14T14:34:39.798+0000] {processor.py:157} INFO - Started process (PID=6924) to work on /usr/local/lib/python3.8/dist-packages/airflow/example_dags/example_time_delta_sensor_async.py
[2023-06-14T14:34:39.800+0000] {processor.py:826} INFO - Processing file /usr/local/lib/python3.8/dist-packages/airflow/example_dags/example_time_delta_sensor_async.py for tasks to queue
[2023-06-14T14:34:39.802+0000] {logging_mixin.py:149} INFO - [2023-06-14T14:34:39.802+0000] {dagbag.py:541} INFO - Filling up the DagBag from /usr/local/lib/python3.8/dist-packages/airflow/example_dags/example_time_delta_sensor_async.py
[2023-06-14T14:34:39.807+0000] {processor.py:836} INFO - DAG(s) dict_keys(['example_time_delta_sensor_async']) retrieved from /usr/local/lib/python3.8/dist-packages/airflow/example_dags/example_time_delta_sensor_async.py
[2023-06-14T14:34:39.827+0000] {logging_mixin.py:149} INFO - [2023-06-14T14:34:39.827+0000] {dag.py:2726} INFO - Sync 1 DAGs
[2023-06-14T14:34:39.846+0000] {logging_mixin.py:149} INFO - [2023-06-14T14:34:39.846+0000] {dag.py:3486} INFO - Setting next_dagrun for example_time_delta_sensor_async to None, run_after=None
[2023-06-14T14:34:39.876+0000] {processor.py:179} INFO - Processing /usr/local/lib/python3.8/dist-packages/airflow/example_dags/example_time_delta_sensor_async.py took 0.082 seconds
[2023-06-14T14:35:31.207+0000] {processor.py:157} INFO - Started process (PID=7084) to work on /usr/local/lib/python3.8/dist-packages/airflow/example_dags/example_time_delta_sensor_async.py
[2023-06-14T14:35:31.209+0000] {processor.py:826} INFO - Processing file /usr/local/lib/python3.8/dist-packages/airflow/example_dags/example_time_delta_sensor_async.py for tasks to queue
[2023-06-14T14:35:31.211+0000] {logging_mixin.py:149} INFO - [2023-06-14T14:35:31.211+0000] {dagbag.py:541} INFO - Filling up the DagBag from /usr/local/lib/python3.8/dist-packages/airflow/example_dags/example_time_delta_sensor_async.py
[2023-06-14T14:35:31.216+0000] {processor.py:836} INFO - DAG(s) dict_keys(['example_time_delta_sensor_async']) retrieved from /usr/local/lib/python3.8/dist-packages/airflow/example_dags/example_time_delta_sensor_async.py
[2023-06-14T14:35:31.236+0000] {logging_mixin.py:149} INFO - [2023-06-14T14:35:31.236+0000] {dag.py:2726} INFO - Sync 1 DAGs
[2023-06-14T14:35:31.256+0000] {logging_mixin.py:149} INFO - [2023-06-14T14:35:31.256+0000] {dag.py:3486} INFO - Setting next_dagrun for example_time_delta_sensor_async to None, run_after=None
[2023-06-14T14:35:31.282+0000] {processor.py:179} INFO - Processing /usr/local/lib/python3.8/dist-packages/airflow/example_dags/example_time_delta_sensor_async.py took 0.079 seconds
[2023-06-14T14:36:21.527+0000] {processor.py:157} INFO - Started process (PID=7240) to work on /usr/local/lib/python3.8/dist-packages/airflow/example_dags/example_time_delta_sensor_async.py
[2023-06-14T14:36:21.529+0000] {processor.py:826} INFO - Processing file /usr/local/lib/python3.8/dist-packages/airflow/example_dags/example_time_delta_sensor_async.py for tasks to queue
[2023-06-14T14:36:21.532+0000] {logging_mixin.py:149} INFO - [2023-06-14T14:36:21.532+0000] {dagbag.py:541} INFO - Filling up the DagBag from /usr/local/lib/python3.8/dist-packages/airflow/example_dags/example_time_delta_sensor_async.py
[2023-06-14T14:36:21.537+0000] {processor.py:836} INFO - DAG(s) dict_keys(['example_time_delta_sensor_async']) retrieved from /usr/local/lib/python3.8/dist-packages/airflow/example_dags/example_time_delta_sensor_async.py
[2023-06-14T14:36:21.557+0000] {logging_mixin.py:149} INFO - [2023-06-14T14:36:21.557+0000] {dag.py:2726} INFO - Sync 1 DAGs
[2023-06-14T14:36:21.577+0000] {logging_mixin.py:149} INFO - [2023-06-14T14:36:21.577+0000] {dag.py:3486} INFO - Setting next_dagrun for example_time_delta_sensor_async to None, run_after=None
[2023-06-14T14:36:21.604+0000] {processor.py:179} INFO - Processing /usr/local/lib/python3.8/dist-packages/airflow/example_dags/example_time_delta_sensor_async.py took 0.082 seconds
[2023-06-14T14:37:13.160+0000] {processor.py:157} INFO - Started process (PID=7401) to work on /usr/local/lib/python3.8/dist-packages/airflow/example_dags/example_time_delta_sensor_async.py
[2023-06-14T14:37:13.161+0000] {processor.py:826} INFO - Processing file /usr/local/lib/python3.8/dist-packages/airflow/example_dags/example_time_delta_sensor_async.py for tasks to queue
[2023-06-14T14:37:13.164+0000] {logging_mixin.py:149} INFO - [2023-06-14T14:37:13.163+0000] {dagbag.py:541} INFO - Filling up the DagBag from /usr/local/lib/python3.8/dist-packages/airflow/example_dags/example_time_delta_sensor_async.py
[2023-06-14T14:37:13.169+0000] {processor.py:836} INFO - DAG(s) dict_keys(['example_time_delta_sensor_async']) retrieved from /usr/local/lib/python3.8/dist-packages/airflow/example_dags/example_time_delta_sensor_async.py
[2023-06-14T14:37:13.189+0000] {logging_mixin.py:149} INFO - [2023-06-14T14:37:13.189+0000] {dag.py:2726} INFO - Sync 1 DAGs
[2023-06-14T14:37:13.210+0000] {logging_mixin.py:149} INFO - [2023-06-14T14:37:13.209+0000] {dag.py:3486} INFO - Setting next_dagrun for example_time_delta_sensor_async to None, run_after=None
[2023-06-14T14:37:13.241+0000] {processor.py:179} INFO - Processing /usr/local/lib/python3.8/dist-packages/airflow/example_dags/example_time_delta_sensor_async.py took 0.084 seconds
[2023-06-14T14:38:05.566+0000] {processor.py:157} INFO - Started process (PID=7557) to work on /usr/local/lib/python3.8/dist-packages/airflow/example_dags/example_time_delta_sensor_async.py
[2023-06-14T14:38:05.568+0000] {processor.py:826} INFO - Processing file /usr/local/lib/python3.8/dist-packages/airflow/example_dags/example_time_delta_sensor_async.py for tasks to queue
[2023-06-14T14:38:05.570+0000] {logging_mixin.py:149} INFO - [2023-06-14T14:38:05.570+0000] {dagbag.py:541} INFO - Filling up the DagBag from /usr/local/lib/python3.8/dist-packages/airflow/example_dags/example_time_delta_sensor_async.py
[2023-06-14T14:38:05.575+0000] {processor.py:836} INFO - DAG(s) dict_keys(['example_time_delta_sensor_async']) retrieved from /usr/local/lib/python3.8/dist-packages/airflow/example_dags/example_time_delta_sensor_async.py
[2023-06-14T14:38:05.596+0000] {logging_mixin.py:149} INFO - [2023-06-14T14:38:05.596+0000] {dag.py:2726} INFO - Sync 1 DAGs
[2023-06-14T14:38:05.616+0000] {logging_mixin.py:149} INFO - [2023-06-14T14:38:05.616+0000] {dag.py:3486} INFO - Setting next_dagrun for example_time_delta_sensor_async to None, run_after=None
[2023-06-14T14:38:05.646+0000] {processor.py:179} INFO - Processing /usr/local/lib/python3.8/dist-packages/airflow/example_dags/example_time_delta_sensor_async.py took 0.084 seconds
[2023-06-14T14:38:54.323+0000] {processor.py:157} INFO - Started process (PID=7710) to work on /usr/local/lib/python3.8/dist-packages/airflow/example_dags/example_time_delta_sensor_async.py
[2023-06-14T14:38:54.324+0000] {processor.py:826} INFO - Processing file /usr/local/lib/python3.8/dist-packages/airflow/example_dags/example_time_delta_sensor_async.py for tasks to queue
[2023-06-14T14:38:54.326+0000] {logging_mixin.py:149} INFO - [2023-06-14T14:38:54.326+0000] {dagbag.py:541} INFO - Filling up the DagBag from /usr/local/lib/python3.8/dist-packages/airflow/example_dags/example_time_delta_sensor_async.py
[2023-06-14T14:38:54.331+0000] {processor.py:836} INFO - DAG(s) dict_keys(['example_time_delta_sensor_async']) retrieved from /usr/local/lib/python3.8/dist-packages/airflow/example_dags/example_time_delta_sensor_async.py
[2023-06-14T14:38:54.353+0000] {logging_mixin.py:149} INFO - [2023-06-14T14:38:54.352+0000] {dag.py:2726} INFO - Sync 1 DAGs
[2023-06-14T14:38:54.373+0000] {logging_mixin.py:149} INFO - [2023-06-14T14:38:54.372+0000] {dag.py:3486} INFO - Setting next_dagrun for example_time_delta_sensor_async to None, run_after=None
[2023-06-14T14:38:54.398+0000] {processor.py:179} INFO - Processing /usr/local/lib/python3.8/dist-packages/airflow/example_dags/example_time_delta_sensor_async.py took 0.080 seconds
[2023-06-14T14:39:43.126+0000] {processor.py:157} INFO - Started process (PID=7760) to work on /usr/local/lib/python3.8/dist-packages/airflow/example_dags/example_time_delta_sensor_async.py
[2023-06-14T14:39:43.128+0000] {processor.py:826} INFO - Processing file /usr/local/lib/python3.8/dist-packages/airflow/example_dags/example_time_delta_sensor_async.py for tasks to queue
[2023-06-14T14:39:43.130+0000] {logging_mixin.py:149} INFO - [2023-06-14T14:39:43.130+0000] {dagbag.py:541} INFO - Filling up the DagBag from /usr/local/lib/python3.8/dist-packages/airflow/example_dags/example_time_delta_sensor_async.py
[2023-06-14T14:39:43.135+0000] {processor.py:836} INFO - DAG(s) dict_keys(['example_time_delta_sensor_async']) retrieved from /usr/local/lib/python3.8/dist-packages/airflow/example_dags/example_time_delta_sensor_async.py
[2023-06-14T14:39:43.156+0000] {logging_mixin.py:149} INFO - [2023-06-14T14:39:43.156+0000] {dag.py:2726} INFO - Sync 1 DAGs
[2023-06-14T14:39:43.177+0000] {logging_mixin.py:149} INFO - [2023-06-14T14:39:43.177+0000] {dag.py:3486} INFO - Setting next_dagrun for example_time_delta_sensor_async to None, run_after=None
[2023-06-14T14:39:43.204+0000] {processor.py:179} INFO - Processing /usr/local/lib/python3.8/dist-packages/airflow/example_dags/example_time_delta_sensor_async.py took 0.083 seconds
[2023-06-14T14:40:36.645+0000] {processor.py:157} INFO - Started process (PID=7917) to work on /usr/local/lib/python3.8/dist-packages/airflow/example_dags/example_time_delta_sensor_async.py
[2023-06-14T14:40:36.646+0000] {processor.py:826} INFO - Processing file /usr/local/lib/python3.8/dist-packages/airflow/example_dags/example_time_delta_sensor_async.py for tasks to queue
[2023-06-14T14:40:36.648+0000] {logging_mixin.py:149} INFO - [2023-06-14T14:40:36.648+0000] {dagbag.py:541} INFO - Filling up the DagBag from /usr/local/lib/python3.8/dist-packages/airflow/example_dags/example_time_delta_sensor_async.py
[2023-06-14T14:40:36.654+0000] {processor.py:836} INFO - DAG(s) dict_keys(['example_time_delta_sensor_async']) retrieved from /usr/local/lib/python3.8/dist-packages/airflow/example_dags/example_time_delta_sensor_async.py
[2023-06-14T14:40:36.674+0000] {logging_mixin.py:149} INFO - [2023-06-14T14:40:36.674+0000] {dag.py:2726} INFO - Sync 1 DAGs
[2023-06-14T14:40:36.694+0000] {logging_mixin.py:149} INFO - [2023-06-14T14:40:36.694+0000] {dag.py:3486} INFO - Setting next_dagrun for example_time_delta_sensor_async to None, run_after=None
[2023-06-14T14:40:36.723+0000] {processor.py:179} INFO - Processing /usr/local/lib/python3.8/dist-packages/airflow/example_dags/example_time_delta_sensor_async.py took 0.082 seconds
[2023-06-14T14:41:15.064+0000] {processor.py:157} INFO - Started process (PID=8057) to work on /usr/local/lib/python3.8/dist-packages/airflow/example_dags/example_time_delta_sensor_async.py
[2023-06-14T14:41:15.066+0000] {processor.py:826} INFO - Processing file /usr/local/lib/python3.8/dist-packages/airflow/example_dags/example_time_delta_sensor_async.py for tasks to queue
[2023-06-14T14:41:15.069+0000] {logging_mixin.py:149} INFO - [2023-06-14T14:41:15.069+0000] {dagbag.py:541} INFO - Filling up the DagBag from /usr/local/lib/python3.8/dist-packages/airflow/example_dags/example_time_delta_sensor_async.py
[2023-06-14T14:41:15.074+0000] {processor.py:836} INFO - DAG(s) dict_keys(['example_time_delta_sensor_async']) retrieved from /usr/local/lib/python3.8/dist-packages/airflow/example_dags/example_time_delta_sensor_async.py
[2023-06-14T14:41:15.095+0000] {logging_mixin.py:149} INFO - [2023-06-14T14:41:15.094+0000] {dag.py:2726} INFO - Sync 1 DAGs
[2023-06-14T14:41:15.115+0000] {logging_mixin.py:149} INFO - [2023-06-14T14:41:15.114+0000] {dag.py:3486} INFO - Setting next_dagrun for example_time_delta_sensor_async to None, run_after=None
[2023-06-14T14:41:15.143+0000] {processor.py:179} INFO - Processing /usr/local/lib/python3.8/dist-packages/airflow/example_dags/example_time_delta_sensor_async.py took 0.082 seconds
[2023-06-14T14:42:07.741+0000] {processor.py:157} INFO - Started process (PID=8219) to work on /usr/local/lib/python3.8/dist-packages/airflow/example_dags/example_time_delta_sensor_async.py
[2023-06-14T14:42:07.743+0000] {processor.py:826} INFO - Processing file /usr/local/lib/python3.8/dist-packages/airflow/example_dags/example_time_delta_sensor_async.py for tasks to queue
[2023-06-14T14:42:07.745+0000] {logging_mixin.py:149} INFO - [2023-06-14T14:42:07.745+0000] {dagbag.py:541} INFO - Filling up the DagBag from /usr/local/lib/python3.8/dist-packages/airflow/example_dags/example_time_delta_sensor_async.py
[2023-06-14T14:42:07.750+0000] {processor.py:836} INFO - DAG(s) dict_keys(['example_time_delta_sensor_async']) retrieved from /usr/local/lib/python3.8/dist-packages/airflow/example_dags/example_time_delta_sensor_async.py
[2023-06-14T14:42:07.771+0000] {logging_mixin.py:149} INFO - [2023-06-14T14:42:07.771+0000] {dag.py:2726} INFO - Sync 1 DAGs
[2023-06-14T14:42:07.791+0000] {logging_mixin.py:149} INFO - [2023-06-14T14:42:07.791+0000] {dag.py:3486} INFO - Setting next_dagrun for example_time_delta_sensor_async to None, run_after=None
[2023-06-14T14:42:07.823+0000] {processor.py:179} INFO - Processing /usr/local/lib/python3.8/dist-packages/airflow/example_dags/example_time_delta_sensor_async.py took 0.086 seconds
[2023-06-14T14:43:04.396+0000] {processor.py:157} INFO - Started process (PID=8377) to work on /usr/local/lib/python3.8/dist-packages/airflow/example_dags/example_time_delta_sensor_async.py
[2023-06-14T14:43:04.397+0000] {processor.py:826} INFO - Processing file /usr/local/lib/python3.8/dist-packages/airflow/example_dags/example_time_delta_sensor_async.py for tasks to queue
[2023-06-14T14:43:04.400+0000] {logging_mixin.py:149} INFO - [2023-06-14T14:43:04.399+0000] {dagbag.py:541} INFO - Filling up the DagBag from /usr/local/lib/python3.8/dist-packages/airflow/example_dags/example_time_delta_sensor_async.py
[2023-06-14T14:43:04.405+0000] {processor.py:836} INFO - DAG(s) dict_keys(['example_time_delta_sensor_async']) retrieved from /usr/local/lib/python3.8/dist-packages/airflow/example_dags/example_time_delta_sensor_async.py
[2023-06-14T14:43:04.426+0000] {logging_mixin.py:149} INFO - [2023-06-14T14:43:04.426+0000] {dag.py:2726} INFO - Sync 1 DAGs
[2023-06-14T14:43:04.446+0000] {logging_mixin.py:149} INFO - [2023-06-14T14:43:04.446+0000] {dag.py:3486} INFO - Setting next_dagrun for example_time_delta_sensor_async to None, run_after=None
[2023-06-14T14:43:04.472+0000] {processor.py:179} INFO - Processing /usr/local/lib/python3.8/dist-packages/airflow/example_dags/example_time_delta_sensor_async.py took 0.080 seconds
[2023-06-14T14:44:00.477+0000] {processor.py:157} INFO - Started process (PID=8637) to work on /usr/local/lib/python3.8/dist-packages/airflow/example_dags/example_time_delta_sensor_async.py
[2023-06-14T14:44:00.478+0000] {processor.py:826} INFO - Processing file /usr/local/lib/python3.8/dist-packages/airflow/example_dags/example_time_delta_sensor_async.py for tasks to queue
[2023-06-14T14:44:00.481+0000] {logging_mixin.py:149} INFO - [2023-06-14T14:44:00.481+0000] {dagbag.py:541} INFO - Filling up the DagBag from /usr/local/lib/python3.8/dist-packages/airflow/example_dags/example_time_delta_sensor_async.py
[2023-06-14T14:44:00.486+0000] {processor.py:836} INFO - DAG(s) dict_keys(['example_time_delta_sensor_async']) retrieved from /usr/local/lib/python3.8/dist-packages/airflow/example_dags/example_time_delta_sensor_async.py
[2023-06-14T14:44:00.508+0000] {logging_mixin.py:149} INFO - [2023-06-14T14:44:00.507+0000] {dag.py:2726} INFO - Sync 1 DAGs
[2023-06-14T14:44:00.529+0000] {logging_mixin.py:149} INFO - [2023-06-14T14:44:00.529+0000] {dag.py:3486} INFO - Setting next_dagrun for example_time_delta_sensor_async to None, run_after=None
[2023-06-14T14:44:00.561+0000] {processor.py:179} INFO - Processing /usr/local/lib/python3.8/dist-packages/airflow/example_dags/example_time_delta_sensor_async.py took 0.088 seconds
[2023-06-14T14:44:53.673+0000] {processor.py:157} INFO - Started process (PID=8795) to work on /usr/local/lib/python3.8/dist-packages/airflow/example_dags/example_time_delta_sensor_async.py
[2023-06-14T14:44:53.674+0000] {processor.py:826} INFO - Processing file /usr/local/lib/python3.8/dist-packages/airflow/example_dags/example_time_delta_sensor_async.py for tasks to queue
[2023-06-14T14:44:53.677+0000] {logging_mixin.py:149} INFO - [2023-06-14T14:44:53.677+0000] {dagbag.py:541} INFO - Filling up the DagBag from /usr/local/lib/python3.8/dist-packages/airflow/example_dags/example_time_delta_sensor_async.py
[2023-06-14T14:44:53.682+0000] {processor.py:836} INFO - DAG(s) dict_keys(['example_time_delta_sensor_async']) retrieved from /usr/local/lib/python3.8/dist-packages/airflow/example_dags/example_time_delta_sensor_async.py
[2023-06-14T14:44:53.705+0000] {logging_mixin.py:149} INFO - [2023-06-14T14:44:53.704+0000] {dag.py:2726} INFO - Sync 1 DAGs
[2023-06-14T14:44:53.726+0000] {logging_mixin.py:149} INFO - [2023-06-14T14:44:53.726+0000] {dag.py:3486} INFO - Setting next_dagrun for example_time_delta_sensor_async to None, run_after=None
[2023-06-14T14:44:53.757+0000] {processor.py:179} INFO - Processing /usr/local/lib/python3.8/dist-packages/airflow/example_dags/example_time_delta_sensor_async.py took 0.089 seconds
[2023-06-14T14:45:50.037+0000] {processor.py:157} INFO - Started process (PID=8850) to work on /usr/local/lib/python3.8/dist-packages/airflow/example_dags/example_time_delta_sensor_async.py
[2023-06-14T14:45:50.038+0000] {processor.py:826} INFO - Processing file /usr/local/lib/python3.8/dist-packages/airflow/example_dags/example_time_delta_sensor_async.py for tasks to queue
[2023-06-14T14:45:50.041+0000] {logging_mixin.py:149} INFO - [2023-06-14T14:45:50.041+0000] {dagbag.py:541} INFO - Filling up the DagBag from /usr/local/lib/python3.8/dist-packages/airflow/example_dags/example_time_delta_sensor_async.py
[2023-06-14T14:45:50.046+0000] {processor.py:836} INFO - DAG(s) dict_keys(['example_time_delta_sensor_async']) retrieved from /usr/local/lib/python3.8/dist-packages/airflow/example_dags/example_time_delta_sensor_async.py
[2023-06-14T14:45:50.068+0000] {logging_mixin.py:149} INFO - [2023-06-14T14:45:50.068+0000] {dag.py:2726} INFO - Sync 1 DAGs
[2023-06-14T14:45:50.089+0000] {logging_mixin.py:149} INFO - [2023-06-14T14:45:50.089+0000] {dag.py:3486} INFO - Setting next_dagrun for example_time_delta_sensor_async to None, run_after=None
[2023-06-14T14:45:50.117+0000] {processor.py:179} INFO - Processing /usr/local/lib/python3.8/dist-packages/airflow/example_dags/example_time_delta_sensor_async.py took 0.085 seconds
[2023-06-14T14:46:27.643+0000] {processor.py:157} INFO - Started process (PID=8993) to work on /usr/local/lib/python3.8/dist-packages/airflow/example_dags/example_time_delta_sensor_async.py
[2023-06-14T14:46:27.645+0000] {processor.py:826} INFO - Processing file /usr/local/lib/python3.8/dist-packages/airflow/example_dags/example_time_delta_sensor_async.py for tasks to queue
[2023-06-14T14:46:27.647+0000] {logging_mixin.py:149} INFO - [2023-06-14T14:46:27.647+0000] {dagbag.py:541} INFO - Filling up the DagBag from /usr/local/lib/python3.8/dist-packages/airflow/example_dags/example_time_delta_sensor_async.py
[2023-06-14T14:46:27.652+0000] {processor.py:836} INFO - DAG(s) dict_keys(['example_time_delta_sensor_async']) retrieved from /usr/local/lib/python3.8/dist-packages/airflow/example_dags/example_time_delta_sensor_async.py
[2023-06-14T14:46:27.674+0000] {logging_mixin.py:149} INFO - [2023-06-14T14:46:27.674+0000] {dag.py:2726} INFO - Sync 1 DAGs
[2023-06-14T14:46:27.695+0000] {logging_mixin.py:149} INFO - [2023-06-14T14:46:27.695+0000] {dag.py:3486} INFO - Setting next_dagrun for example_time_delta_sensor_async to None, run_after=None
[2023-06-14T14:46:27.724+0000] {processor.py:179} INFO - Processing /usr/local/lib/python3.8/dist-packages/airflow/example_dags/example_time_delta_sensor_async.py took 0.085 seconds
[2023-06-14T14:47:16.391+0000] {processor.py:157} INFO - Started process (PID=9149) to work on /usr/local/lib/python3.8/dist-packages/airflow/example_dags/example_time_delta_sensor_async.py
[2023-06-14T14:47:16.392+0000] {processor.py:826} INFO - Processing file /usr/local/lib/python3.8/dist-packages/airflow/example_dags/example_time_delta_sensor_async.py for tasks to queue
[2023-06-14T14:47:16.395+0000] {logging_mixin.py:149} INFO - [2023-06-14T14:47:16.395+0000] {dagbag.py:541} INFO - Filling up the DagBag from /usr/local/lib/python3.8/dist-packages/airflow/example_dags/example_time_delta_sensor_async.py
[2023-06-14T14:47:16.400+0000] {processor.py:836} INFO - DAG(s) dict_keys(['example_time_delta_sensor_async']) retrieved from /usr/local/lib/python3.8/dist-packages/airflow/example_dags/example_time_delta_sensor_async.py
[2023-06-14T14:47:16.421+0000] {logging_mixin.py:149} INFO - [2023-06-14T14:47:16.420+0000] {dag.py:2726} INFO - Sync 1 DAGs
[2023-06-14T14:47:16.442+0000] {logging_mixin.py:149} INFO - [2023-06-14T14:47:16.441+0000] {dag.py:3486} INFO - Setting next_dagrun for example_time_delta_sensor_async to None, run_after=None
[2023-06-14T14:47:16.469+0000] {processor.py:179} INFO - Processing /usr/local/lib/python3.8/dist-packages/airflow/example_dags/example_time_delta_sensor_async.py took 0.082 seconds
[2023-06-14T14:47:53.167+0000] {processor.py:157} INFO - Started process (PID=9289) to work on /usr/local/lib/python3.8/dist-packages/airflow/example_dags/example_time_delta_sensor_async.py
[2023-06-14T14:47:53.169+0000] {processor.py:826} INFO - Processing file /usr/local/lib/python3.8/dist-packages/airflow/example_dags/example_time_delta_sensor_async.py for tasks to queue
[2023-06-14T14:47:53.171+0000] {logging_mixin.py:149} INFO - [2023-06-14T14:47:53.171+0000] {dagbag.py:541} INFO - Filling up the DagBag from /usr/local/lib/python3.8/dist-packages/airflow/example_dags/example_time_delta_sensor_async.py
[2023-06-14T14:47:53.176+0000] {processor.py:836} INFO - DAG(s) dict_keys(['example_time_delta_sensor_async']) retrieved from /usr/local/lib/python3.8/dist-packages/airflow/example_dags/example_time_delta_sensor_async.py
[2023-06-14T14:47:53.197+0000] {logging_mixin.py:149} INFO - [2023-06-14T14:47:53.196+0000] {dag.py:2726} INFO - Sync 1 DAGs
[2023-06-14T14:47:53.216+0000] {logging_mixin.py:149} INFO - [2023-06-14T14:47:53.216+0000] {dag.py:3486} INFO - Setting next_dagrun for example_time_delta_sensor_async to None, run_after=None
[2023-06-14T14:47:53.244+0000] {processor.py:179} INFO - Processing /usr/local/lib/python3.8/dist-packages/airflow/example_dags/example_time_delta_sensor_async.py took 0.080 seconds
[2023-06-14T14:48:48.059+0000] {processor.py:157} INFO - Started process (PID=9343) to work on /usr/local/lib/python3.8/dist-packages/airflow/example_dags/example_time_delta_sensor_async.py
[2023-06-14T14:48:48.061+0000] {processor.py:826} INFO - Processing file /usr/local/lib/python3.8/dist-packages/airflow/example_dags/example_time_delta_sensor_async.py for tasks to queue
[2023-06-14T14:48:48.063+0000] {logging_mixin.py:149} INFO - [2023-06-14T14:48:48.063+0000] {dagbag.py:541} INFO - Filling up the DagBag from /usr/local/lib/python3.8/dist-packages/airflow/example_dags/example_time_delta_sensor_async.py
[2023-06-14T14:48:48.068+0000] {processor.py:836} INFO - DAG(s) dict_keys(['example_time_delta_sensor_async']) retrieved from /usr/local/lib/python3.8/dist-packages/airflow/example_dags/example_time_delta_sensor_async.py
[2023-06-14T14:48:48.090+0000] {logging_mixin.py:149} INFO - [2023-06-14T14:48:48.090+0000] {dag.py:2726} INFO - Sync 1 DAGs
[2023-06-14T14:48:48.111+0000] {logging_mixin.py:149} INFO - [2023-06-14T14:48:48.111+0000] {dag.py:3486} INFO - Setting next_dagrun for example_time_delta_sensor_async to None, run_after=None
[2023-06-14T14:48:48.137+0000] {processor.py:179} INFO - Processing /usr/local/lib/python3.8/dist-packages/airflow/example_dags/example_time_delta_sensor_async.py took 0.083 seconds
[2023-06-14T14:49:43.725+0000] {processor.py:157} INFO - Started process (PID=9603) to work on /usr/local/lib/python3.8/dist-packages/airflow/example_dags/example_time_delta_sensor_async.py
[2023-06-14T14:49:43.726+0000] {processor.py:826} INFO - Processing file /usr/local/lib/python3.8/dist-packages/airflow/example_dags/example_time_delta_sensor_async.py for tasks to queue
[2023-06-14T14:49:43.729+0000] {logging_mixin.py:149} INFO - [2023-06-14T14:49:43.729+0000] {dagbag.py:541} INFO - Filling up the DagBag from /usr/local/lib/python3.8/dist-packages/airflow/example_dags/example_time_delta_sensor_async.py
[2023-06-14T14:49:43.734+0000] {processor.py:836} INFO - DAG(s) dict_keys(['example_time_delta_sensor_async']) retrieved from /usr/local/lib/python3.8/dist-packages/airflow/example_dags/example_time_delta_sensor_async.py
[2023-06-14T14:49:43.754+0000] {logging_mixin.py:149} INFO - [2023-06-14T14:49:43.754+0000] {dag.py:2726} INFO - Sync 1 DAGs
[2023-06-14T14:49:43.775+0000] {logging_mixin.py:149} INFO - [2023-06-14T14:49:43.775+0000] {dag.py:3486} INFO - Setting next_dagrun for example_time_delta_sensor_async to None, run_after=None
[2023-06-14T14:49:43.800+0000] {processor.py:179} INFO - Processing /usr/local/lib/python3.8/dist-packages/airflow/example_dags/example_time_delta_sensor_async.py took 0.079 seconds
[2023-06-14T14:50:22.056+0000] {processor.py:157} INFO - Started process (PID=9744) to work on /usr/local/lib/python3.8/dist-packages/airflow/example_dags/example_time_delta_sensor_async.py
[2023-06-14T14:50:22.057+0000] {processor.py:826} INFO - Processing file /usr/local/lib/python3.8/dist-packages/airflow/example_dags/example_time_delta_sensor_async.py for tasks to queue
[2023-06-14T14:50:22.060+0000] {logging_mixin.py:149} INFO - [2023-06-14T14:50:22.060+0000] {dagbag.py:541} INFO - Filling up the DagBag from /usr/local/lib/python3.8/dist-packages/airflow/example_dags/example_time_delta_sensor_async.py
[2023-06-14T14:50:22.065+0000] {processor.py:836} INFO - DAG(s) dict_keys(['example_time_delta_sensor_async']) retrieved from /usr/local/lib/python3.8/dist-packages/airflow/example_dags/example_time_delta_sensor_async.py
[2023-06-14T14:50:22.087+0000] {logging_mixin.py:149} INFO - [2023-06-14T14:50:22.086+0000] {dag.py:2726} INFO - Sync 1 DAGs
[2023-06-14T14:50:22.107+0000] {logging_mixin.py:149} INFO - [2023-06-14T14:50:22.107+0000] {dag.py:3486} INFO - Setting next_dagrun for example_time_delta_sensor_async to None, run_after=None
[2023-06-14T14:50:22.132+0000] {processor.py:179} INFO - Processing /usr/local/lib/python3.8/dist-packages/airflow/example_dags/example_time_delta_sensor_async.py took 0.080 seconds
[2023-06-14T14:51:12.300+0000] {processor.py:157} INFO - Started process (PID=9899) to work on /usr/local/lib/python3.8/dist-packages/airflow/example_dags/example_time_delta_sensor_async.py
[2023-06-14T14:51:12.302+0000] {processor.py:826} INFO - Processing file /usr/local/lib/python3.8/dist-packages/airflow/example_dags/example_time_delta_sensor_async.py for tasks to queue
[2023-06-14T14:51:12.305+0000] {logging_mixin.py:149} INFO - [2023-06-14T14:51:12.305+0000] {dagbag.py:541} INFO - Filling up the DagBag from /usr/local/lib/python3.8/dist-packages/airflow/example_dags/example_time_delta_sensor_async.py
[2023-06-14T14:51:12.310+0000] {processor.py:836} INFO - DAG(s) dict_keys(['example_time_delta_sensor_async']) retrieved from /usr/local/lib/python3.8/dist-packages/airflow/example_dags/example_time_delta_sensor_async.py
[2023-06-14T14:51:12.331+0000] {logging_mixin.py:149} INFO - [2023-06-14T14:51:12.330+0000] {dag.py:2726} INFO - Sync 1 DAGs
[2023-06-14T14:51:12.351+0000] {logging_mixin.py:149} INFO - [2023-06-14T14:51:12.351+0000] {dag.py:3486} INFO - Setting next_dagrun for example_time_delta_sensor_async to None, run_after=None
[2023-06-14T14:51:12.377+0000] {processor.py:179} INFO - Processing /usr/local/lib/python3.8/dist-packages/airflow/example_dags/example_time_delta_sensor_async.py took 0.081 seconds
[2023-06-14T14:51:57.616+0000] {processor.py:157} INFO - Started process (PID=10051) to work on /usr/local/lib/python3.8/dist-packages/airflow/example_dags/example_time_delta_sensor_async.py
[2023-06-14T14:51:57.618+0000] {processor.py:826} INFO - Processing file /usr/local/lib/python3.8/dist-packages/airflow/example_dags/example_time_delta_sensor_async.py for tasks to queue
[2023-06-14T14:51:57.621+0000] {logging_mixin.py:149} INFO - [2023-06-14T14:51:57.620+0000] {dagbag.py:541} INFO - Filling up the DagBag from /usr/local/lib/python3.8/dist-packages/airflow/example_dags/example_time_delta_sensor_async.py
[2023-06-14T14:51:57.625+0000] {processor.py:836} INFO - DAG(s) dict_keys(['example_time_delta_sensor_async']) retrieved from /usr/local/lib/python3.8/dist-packages/airflow/example_dags/example_time_delta_sensor_async.py
[2023-06-14T14:51:57.646+0000] {logging_mixin.py:149} INFO - [2023-06-14T14:51:57.646+0000] {dag.py:2726} INFO - Sync 1 DAGs
[2023-06-14T14:51:57.666+0000] {logging_mixin.py:149} INFO - [2023-06-14T14:51:57.666+0000] {dag.py:3486} INFO - Setting next_dagrun for example_time_delta_sensor_async to None, run_after=None
[2023-06-14T14:51:57.695+0000] {processor.py:179} INFO - Processing /usr/local/lib/python3.8/dist-packages/airflow/example_dags/example_time_delta_sensor_async.py took 0.082 seconds
[2023-06-14T14:52:51.225+0000] {processor.py:157} INFO - Started process (PID=10109) to work on /usr/local/lib/python3.8/dist-packages/airflow/example_dags/example_time_delta_sensor_async.py
[2023-06-14T14:52:51.227+0000] {processor.py:826} INFO - Processing file /usr/local/lib/python3.8/dist-packages/airflow/example_dags/example_time_delta_sensor_async.py for tasks to queue
[2023-06-14T14:52:51.229+0000] {logging_mixin.py:149} INFO - [2023-06-14T14:52:51.229+0000] {dagbag.py:541} INFO - Filling up the DagBag from /usr/local/lib/python3.8/dist-packages/airflow/example_dags/example_time_delta_sensor_async.py
[2023-06-14T14:52:51.235+0000] {processor.py:836} INFO - DAG(s) dict_keys(['example_time_delta_sensor_async']) retrieved from /usr/local/lib/python3.8/dist-packages/airflow/example_dags/example_time_delta_sensor_async.py
[2023-06-14T14:52:51.256+0000] {logging_mixin.py:149} INFO - [2023-06-14T14:52:51.255+0000] {dag.py:2726} INFO - Sync 1 DAGs
[2023-06-14T14:52:51.276+0000] {logging_mixin.py:149} INFO - [2023-06-14T14:52:51.276+0000] {dag.py:3486} INFO - Setting next_dagrun for example_time_delta_sensor_async to None, run_after=None
[2023-06-14T14:52:51.303+0000] {processor.py:179} INFO - Processing /usr/local/lib/python3.8/dist-packages/airflow/example_dags/example_time_delta_sensor_async.py took 0.083 seconds
[2023-06-14T14:53:42.761+0000] {processor.py:157} INFO - Started process (PID=10264) to work on /usr/local/lib/python3.8/dist-packages/airflow/example_dags/example_time_delta_sensor_async.py
[2023-06-14T14:53:42.762+0000] {processor.py:826} INFO - Processing file /usr/local/lib/python3.8/dist-packages/airflow/example_dags/example_time_delta_sensor_async.py for tasks to queue
[2023-06-14T14:53:42.765+0000] {logging_mixin.py:149} INFO - [2023-06-14T14:53:42.765+0000] {dagbag.py:541} INFO - Filling up the DagBag from /usr/local/lib/python3.8/dist-packages/airflow/example_dags/example_time_delta_sensor_async.py
[2023-06-14T14:53:42.770+0000] {processor.py:836} INFO - DAG(s) dict_keys(['example_time_delta_sensor_async']) retrieved from /usr/local/lib/python3.8/dist-packages/airflow/example_dags/example_time_delta_sensor_async.py
[2023-06-14T14:53:42.790+0000] {logging_mixin.py:149} INFO - [2023-06-14T14:53:42.790+0000] {dag.py:2726} INFO - Sync 1 DAGs
[2023-06-14T14:53:42.811+0000] {logging_mixin.py:149} INFO - [2023-06-14T14:53:42.811+0000] {dag.py:3486} INFO - Setting next_dagrun for example_time_delta_sensor_async to None, run_after=None
[2023-06-14T14:53:42.839+0000] {processor.py:179} INFO - Processing /usr/local/lib/python3.8/dist-packages/airflow/example_dags/example_time_delta_sensor_async.py took 0.082 seconds
[2023-06-14T14:54:37.618+0000] {processor.py:157} INFO - Started process (PID=10526) to work on /usr/local/lib/python3.8/dist-packages/airflow/example_dags/example_time_delta_sensor_async.py
[2023-06-14T14:54:37.619+0000] {processor.py:826} INFO - Processing file /usr/local/lib/python3.8/dist-packages/airflow/example_dags/example_time_delta_sensor_async.py for tasks to queue
[2023-06-14T14:54:37.621+0000] {logging_mixin.py:149} INFO - [2023-06-14T14:54:37.621+0000] {dagbag.py:541} INFO - Filling up the DagBag from /usr/local/lib/python3.8/dist-packages/airflow/example_dags/example_time_delta_sensor_async.py
[2023-06-14T14:54:37.626+0000] {processor.py:836} INFO - DAG(s) dict_keys(['example_time_delta_sensor_async']) retrieved from /usr/local/lib/python3.8/dist-packages/airflow/example_dags/example_time_delta_sensor_async.py
[2023-06-14T14:54:37.647+0000] {logging_mixin.py:149} INFO - [2023-06-14T14:54:37.647+0000] {dag.py:2726} INFO - Sync 1 DAGs
[2023-06-14T14:54:37.668+0000] {logging_mixin.py:149} INFO - [2023-06-14T14:54:37.667+0000] {dag.py:3486} INFO - Setting next_dagrun for example_time_delta_sensor_async to None, run_after=None
[2023-06-14T14:54:37.696+0000] {processor.py:179} INFO - Processing /usr/local/lib/python3.8/dist-packages/airflow/example_dags/example_time_delta_sensor_async.py took 0.082 seconds
[2023-06-14T14:55:29.269+0000] {processor.py:157} INFO - Started process (PID=10783) to work on /usr/local/lib/python3.8/dist-packages/airflow/example_dags/example_time_delta_sensor_async.py
[2023-06-14T14:55:29.271+0000] {processor.py:826} INFO - Processing file /usr/local/lib/python3.8/dist-packages/airflow/example_dags/example_time_delta_sensor_async.py for tasks to queue
[2023-06-14T14:55:29.273+0000] {logging_mixin.py:149} INFO - [2023-06-14T14:55:29.273+0000] {dagbag.py:541} INFO - Filling up the DagBag from /usr/local/lib/python3.8/dist-packages/airflow/example_dags/example_time_delta_sensor_async.py
[2023-06-14T14:55:29.278+0000] {processor.py:836} INFO - DAG(s) dict_keys(['example_time_delta_sensor_async']) retrieved from /usr/local/lib/python3.8/dist-packages/airflow/example_dags/example_time_delta_sensor_async.py
[2023-06-14T14:55:29.299+0000] {logging_mixin.py:149} INFO - [2023-06-14T14:55:29.299+0000] {dag.py:2726} INFO - Sync 1 DAGs
[2023-06-14T14:55:29.319+0000] {logging_mixin.py:149} INFO - [2023-06-14T14:55:29.319+0000] {dag.py:3486} INFO - Setting next_dagrun for example_time_delta_sensor_async to None, run_after=None
[2023-06-14T14:55:29.345+0000] {processor.py:179} INFO - Processing /usr/local/lib/python3.8/dist-packages/airflow/example_dags/example_time_delta_sensor_async.py took 0.080 seconds
[2023-06-14T14:56:20.908+0000] {processor.py:157} INFO - Started process (PID=10940) to work on /usr/local/lib/python3.8/dist-packages/airflow/example_dags/example_time_delta_sensor_async.py
[2023-06-14T14:56:20.910+0000] {processor.py:826} INFO - Processing file /usr/local/lib/python3.8/dist-packages/airflow/example_dags/example_time_delta_sensor_async.py for tasks to queue
[2023-06-14T14:56:20.912+0000] {logging_mixin.py:149} INFO - [2023-06-14T14:56:20.912+0000] {dagbag.py:541} INFO - Filling up the DagBag from /usr/local/lib/python3.8/dist-packages/airflow/example_dags/example_time_delta_sensor_async.py
[2023-06-14T14:56:20.918+0000] {processor.py:836} INFO - DAG(s) dict_keys(['example_time_delta_sensor_async']) retrieved from /usr/local/lib/python3.8/dist-packages/airflow/example_dags/example_time_delta_sensor_async.py
[2023-06-14T14:56:20.939+0000] {logging_mixin.py:149} INFO - [2023-06-14T14:56:20.938+0000] {dag.py:2726} INFO - Sync 1 DAGs
[2023-06-14T14:56:20.958+0000] {logging_mixin.py:149} INFO - [2023-06-14T14:56:20.958+0000] {dag.py:3486} INFO - Setting next_dagrun for example_time_delta_sensor_async to None, run_after=None
[2023-06-14T14:56:20.984+0000] {processor.py:179} INFO - Processing /usr/local/lib/python3.8/dist-packages/airflow/example_dags/example_time_delta_sensor_async.py took 0.080 seconds
[2023-06-14T14:57:12.210+0000] {processor.py:157} INFO - Started process (PID=11100) to work on /usr/local/lib/python3.8/dist-packages/airflow/example_dags/example_time_delta_sensor_async.py
[2023-06-14T14:57:12.211+0000] {processor.py:826} INFO - Processing file /usr/local/lib/python3.8/dist-packages/airflow/example_dags/example_time_delta_sensor_async.py for tasks to queue
[2023-06-14T14:57:12.214+0000] {logging_mixin.py:149} INFO - [2023-06-14T14:57:12.214+0000] {dagbag.py:541} INFO - Filling up the DagBag from /usr/local/lib/python3.8/dist-packages/airflow/example_dags/example_time_delta_sensor_async.py
[2023-06-14T14:57:12.219+0000] {processor.py:836} INFO - DAG(s) dict_keys(['example_time_delta_sensor_async']) retrieved from /usr/local/lib/python3.8/dist-packages/airflow/example_dags/example_time_delta_sensor_async.py
[2023-06-14T14:57:12.240+0000] {logging_mixin.py:149} INFO - [2023-06-14T14:57:12.239+0000] {dag.py:2726} INFO - Sync 1 DAGs
[2023-06-14T14:57:12.260+0000] {logging_mixin.py:149} INFO - [2023-06-14T14:57:12.260+0000] {dag.py:3486} INFO - Setting next_dagrun for example_time_delta_sensor_async to None, run_after=None
[2023-06-14T14:57:12.287+0000] {processor.py:179} INFO - Processing /usr/local/lib/python3.8/dist-packages/airflow/example_dags/example_time_delta_sensor_async.py took 0.081 seconds
[2023-06-14T14:58:03.566+0000] {processor.py:157} INFO - Started process (PID=11254) to work on /usr/local/lib/python3.8/dist-packages/airflow/example_dags/example_time_delta_sensor_async.py
[2023-06-14T14:58:03.567+0000] {processor.py:826} INFO - Processing file /usr/local/lib/python3.8/dist-packages/airflow/example_dags/example_time_delta_sensor_async.py for tasks to queue
[2023-06-14T14:58:03.569+0000] {logging_mixin.py:149} INFO - [2023-06-14T14:58:03.569+0000] {dagbag.py:541} INFO - Filling up the DagBag from /usr/local/lib/python3.8/dist-packages/airflow/example_dags/example_time_delta_sensor_async.py
[2023-06-14T14:58:03.574+0000] {processor.py:836} INFO - DAG(s) dict_keys(['example_time_delta_sensor_async']) retrieved from /usr/local/lib/python3.8/dist-packages/airflow/example_dags/example_time_delta_sensor_async.py
[2023-06-14T14:58:03.595+0000] {logging_mixin.py:149} INFO - [2023-06-14T14:58:03.595+0000] {dag.py:2726} INFO - Sync 1 DAGs
[2023-06-14T14:58:03.615+0000] {logging_mixin.py:149} INFO - [2023-06-14T14:58:03.615+0000] {dag.py:3486} INFO - Setting next_dagrun for example_time_delta_sensor_async to None, run_after=None
[2023-06-14T14:58:03.641+0000] {processor.py:179} INFO - Processing /usr/local/lib/python3.8/dist-packages/airflow/example_dags/example_time_delta_sensor_async.py took 0.080 seconds
[2023-06-14T14:58:54.281+0000] {processor.py:157} INFO - Started process (PID=11410) to work on /usr/local/lib/python3.8/dist-packages/airflow/example_dags/example_time_delta_sensor_async.py
[2023-06-14T14:58:54.282+0000] {processor.py:826} INFO - Processing file /usr/local/lib/python3.8/dist-packages/airflow/example_dags/example_time_delta_sensor_async.py for tasks to queue
[2023-06-14T14:58:54.285+0000] {logging_mixin.py:149} INFO - [2023-06-14T14:58:54.284+0000] {dagbag.py:541} INFO - Filling up the DagBag from /usr/local/lib/python3.8/dist-packages/airflow/example_dags/example_time_delta_sensor_async.py
[2023-06-14T14:58:54.290+0000] {processor.py:836} INFO - DAG(s) dict_keys(['example_time_delta_sensor_async']) retrieved from /usr/local/lib/python3.8/dist-packages/airflow/example_dags/example_time_delta_sensor_async.py
[2023-06-14T14:58:54.310+0000] {logging_mixin.py:149} INFO - [2023-06-14T14:58:54.310+0000] {dag.py:2726} INFO - Sync 1 DAGs
[2023-06-14T14:58:54.330+0000] {logging_mixin.py:149} INFO - [2023-06-14T14:58:54.330+0000] {dag.py:3486} INFO - Setting next_dagrun for example_time_delta_sensor_async to None, run_after=None
[2023-06-14T14:58:54.356+0000] {processor.py:179} INFO - Processing /usr/local/lib/python3.8/dist-packages/airflow/example_dags/example_time_delta_sensor_async.py took 0.079 seconds
[2023-06-14T14:59:40.432+0000] {processor.py:157} INFO - Started process (PID=11559) to work on /usr/local/lib/python3.8/dist-packages/airflow/example_dags/example_time_delta_sensor_async.py
[2023-06-14T14:59:40.434+0000] {processor.py:826} INFO - Processing file /usr/local/lib/python3.8/dist-packages/airflow/example_dags/example_time_delta_sensor_async.py for tasks to queue
[2023-06-14T14:59:40.436+0000] {logging_mixin.py:149} INFO - [2023-06-14T14:59:40.436+0000] {dagbag.py:541} INFO - Filling up the DagBag from /usr/local/lib/python3.8/dist-packages/airflow/example_dags/example_time_delta_sensor_async.py
[2023-06-14T14:59:40.442+0000] {processor.py:836} INFO - DAG(s) dict_keys(['example_time_delta_sensor_async']) retrieved from /usr/local/lib/python3.8/dist-packages/airflow/example_dags/example_time_delta_sensor_async.py
[2023-06-14T14:59:40.464+0000] {logging_mixin.py:149} INFO - [2023-06-14T14:59:40.463+0000] {dag.py:2726} INFO - Sync 1 DAGs
[2023-06-14T14:59:40.486+0000] {logging_mixin.py:149} INFO - [2023-06-14T14:59:40.486+0000] {dag.py:3486} INFO - Setting next_dagrun for example_time_delta_sensor_async to None, run_after=None
[2023-06-14T14:59:40.516+0000] {processor.py:179} INFO - Processing /usr/local/lib/python3.8/dist-packages/airflow/example_dags/example_time_delta_sensor_async.py took 0.089 seconds
[2023-06-14T15:00:29.780+0000] {processor.py:157} INFO - Started process (PID=11715) to work on /usr/local/lib/python3.8/dist-packages/airflow/example_dags/example_time_delta_sensor_async.py
[2023-06-14T15:00:29.782+0000] {processor.py:826} INFO - Processing file /usr/local/lib/python3.8/dist-packages/airflow/example_dags/example_time_delta_sensor_async.py for tasks to queue
[2023-06-14T15:00:29.784+0000] {logging_mixin.py:149} INFO - [2023-06-14T15:00:29.784+0000] {dagbag.py:541} INFO - Filling up the DagBag from /usr/local/lib/python3.8/dist-packages/airflow/example_dags/example_time_delta_sensor_async.py
[2023-06-14T15:00:29.790+0000] {processor.py:836} INFO - DAG(s) dict_keys(['example_time_delta_sensor_async']) retrieved from /usr/local/lib/python3.8/dist-packages/airflow/example_dags/example_time_delta_sensor_async.py
[2023-06-14T15:00:29.811+0000] {logging_mixin.py:149} INFO - [2023-06-14T15:00:29.811+0000] {dag.py:2726} INFO - Sync 1 DAGs
[2023-06-14T15:00:29.831+0000] {logging_mixin.py:149} INFO - [2023-06-14T15:00:29.831+0000] {dag.py:3486} INFO - Setting next_dagrun for example_time_delta_sensor_async to None, run_after=None
[2023-06-14T15:00:29.861+0000] {processor.py:179} INFO - Processing /usr/local/lib/python3.8/dist-packages/airflow/example_dags/example_time_delta_sensor_async.py took 0.085 seconds
[2023-06-14T15:01:20.968+0000] {processor.py:157} INFO - Started process (PID=11872) to work on /usr/local/lib/python3.8/dist-packages/airflow/example_dags/example_time_delta_sensor_async.py
[2023-06-14T15:01:20.969+0000] {processor.py:826} INFO - Processing file /usr/local/lib/python3.8/dist-packages/airflow/example_dags/example_time_delta_sensor_async.py for tasks to queue
[2023-06-14T15:01:20.972+0000] {logging_mixin.py:149} INFO - [2023-06-14T15:01:20.971+0000] {dagbag.py:541} INFO - Filling up the DagBag from /usr/local/lib/python3.8/dist-packages/airflow/example_dags/example_time_delta_sensor_async.py
[2023-06-14T15:01:20.977+0000] {processor.py:836} INFO - DAG(s) dict_keys(['example_time_delta_sensor_async']) retrieved from /usr/local/lib/python3.8/dist-packages/airflow/example_dags/example_time_delta_sensor_async.py
[2023-06-14T15:01:20.997+0000] {logging_mixin.py:149} INFO - [2023-06-14T15:01:20.997+0000] {dag.py:2726} INFO - Sync 1 DAGs
[2023-06-14T15:01:21.017+0000] {logging_mixin.py:149} INFO - [2023-06-14T15:01:21.017+0000] {dag.py:3486} INFO - Setting next_dagrun for example_time_delta_sensor_async to None, run_after=None
[2023-06-14T15:01:21.045+0000] {processor.py:179} INFO - Processing /usr/local/lib/python3.8/dist-packages/airflow/example_dags/example_time_delta_sensor_async.py took 0.081 seconds
[2023-06-14T15:02:11.398+0000] {processor.py:157} INFO - Started process (PID=12035) to work on /usr/local/lib/python3.8/dist-packages/airflow/example_dags/example_time_delta_sensor_async.py
[2023-06-14T15:02:11.400+0000] {processor.py:826} INFO - Processing file /usr/local/lib/python3.8/dist-packages/airflow/example_dags/example_time_delta_sensor_async.py for tasks to queue
[2023-06-14T15:02:11.403+0000] {logging_mixin.py:149} INFO - [2023-06-14T15:02:11.403+0000] {dagbag.py:541} INFO - Filling up the DagBag from /usr/local/lib/python3.8/dist-packages/airflow/example_dags/example_time_delta_sensor_async.py
[2023-06-14T15:02:11.407+0000] {processor.py:836} INFO - DAG(s) dict_keys(['example_time_delta_sensor_async']) retrieved from /usr/local/lib/python3.8/dist-packages/airflow/example_dags/example_time_delta_sensor_async.py
[2023-06-14T15:02:11.428+0000] {logging_mixin.py:149} INFO - [2023-06-14T15:02:11.427+0000] {dag.py:2726} INFO - Sync 1 DAGs
[2023-06-14T15:02:11.448+0000] {logging_mixin.py:149} INFO - [2023-06-14T15:02:11.448+0000] {dag.py:3486} INFO - Setting next_dagrun for example_time_delta_sensor_async to None, run_after=None
[2023-06-14T15:02:11.477+0000] {processor.py:179} INFO - Processing /usr/local/lib/python3.8/dist-packages/airflow/example_dags/example_time_delta_sensor_async.py took 0.083 seconds
[2023-06-14T15:03:02.004+0000] {processor.py:157} INFO - Started process (PID=12293) to work on /usr/local/lib/python3.8/dist-packages/airflow/example_dags/example_time_delta_sensor_async.py
[2023-06-14T15:03:02.006+0000] {processor.py:826} INFO - Processing file /usr/local/lib/python3.8/dist-packages/airflow/example_dags/example_time_delta_sensor_async.py for tasks to queue
[2023-06-14T15:03:02.009+0000] {logging_mixin.py:149} INFO - [2023-06-14T15:03:02.009+0000] {dagbag.py:541} INFO - Filling up the DagBag from /usr/local/lib/python3.8/dist-packages/airflow/example_dags/example_time_delta_sensor_async.py
[2023-06-14T15:03:02.014+0000] {processor.py:836} INFO - DAG(s) dict_keys(['example_time_delta_sensor_async']) retrieved from /usr/local/lib/python3.8/dist-packages/airflow/example_dags/example_time_delta_sensor_async.py
[2023-06-14T15:03:02.035+0000] {logging_mixin.py:149} INFO - [2023-06-14T15:03:02.035+0000] {dag.py:2726} INFO - Sync 1 DAGs
[2023-06-14T15:03:02.057+0000] {logging_mixin.py:149} INFO - [2023-06-14T15:03:02.057+0000] {dag.py:3486} INFO - Setting next_dagrun for example_time_delta_sensor_async to None, run_after=None
[2023-06-14T15:03:02.085+0000] {processor.py:179} INFO - Processing /usr/local/lib/python3.8/dist-packages/airflow/example_dags/example_time_delta_sensor_async.py took 0.084 seconds
[2023-06-14T15:03:54.459+0000] {processor.py:157} INFO - Started process (PID=12450) to work on /usr/local/lib/python3.8/dist-packages/airflow/example_dags/example_time_delta_sensor_async.py
[2023-06-14T15:03:54.460+0000] {processor.py:826} INFO - Processing file /usr/local/lib/python3.8/dist-packages/airflow/example_dags/example_time_delta_sensor_async.py for tasks to queue
[2023-06-14T15:03:54.463+0000] {logging_mixin.py:149} INFO - [2023-06-14T15:03:54.463+0000] {dagbag.py:541} INFO - Filling up the DagBag from /usr/local/lib/python3.8/dist-packages/airflow/example_dags/example_time_delta_sensor_async.py
[2023-06-14T15:03:54.468+0000] {processor.py:836} INFO - DAG(s) dict_keys(['example_time_delta_sensor_async']) retrieved from /usr/local/lib/python3.8/dist-packages/airflow/example_dags/example_time_delta_sensor_async.py
[2023-06-14T15:03:54.489+0000] {logging_mixin.py:149} INFO - [2023-06-14T15:03:54.489+0000] {dag.py:2726} INFO - Sync 1 DAGs
[2023-06-14T15:03:54.510+0000] {logging_mixin.py:149} INFO - [2023-06-14T15:03:54.509+0000] {dag.py:3486} INFO - Setting next_dagrun for example_time_delta_sensor_async to None, run_after=None
[2023-06-14T15:03:54.537+0000] {processor.py:179} INFO - Processing /usr/local/lib/python3.8/dist-packages/airflow/example_dags/example_time_delta_sensor_async.py took 0.082 seconds
[2023-06-14T15:04:47.796+0000] {processor.py:157} INFO - Started process (PID=12606) to work on /usr/local/lib/python3.8/dist-packages/airflow/example_dags/example_time_delta_sensor_async.py
[2023-06-14T15:04:47.798+0000] {processor.py:826} INFO - Processing file /usr/local/lib/python3.8/dist-packages/airflow/example_dags/example_time_delta_sensor_async.py for tasks to queue
[2023-06-14T15:04:47.800+0000] {logging_mixin.py:149} INFO - [2023-06-14T15:04:47.800+0000] {dagbag.py:541} INFO - Filling up the DagBag from /usr/local/lib/python3.8/dist-packages/airflow/example_dags/example_time_delta_sensor_async.py
[2023-06-14T15:04:47.805+0000] {processor.py:836} INFO - DAG(s) dict_keys(['example_time_delta_sensor_async']) retrieved from /usr/local/lib/python3.8/dist-packages/airflow/example_dags/example_time_delta_sensor_async.py
[2023-06-14T15:04:47.828+0000] {logging_mixin.py:149} INFO - [2023-06-14T15:04:47.827+0000] {dag.py:2726} INFO - Sync 1 DAGs
[2023-06-14T15:04:47.849+0000] {logging_mixin.py:149} INFO - [2023-06-14T15:04:47.849+0000] {dag.py:3486} INFO - Setting next_dagrun for example_time_delta_sensor_async to None, run_after=None
[2023-06-14T15:04:47.876+0000] {processor.py:179} INFO - Processing /usr/local/lib/python3.8/dist-packages/airflow/example_dags/example_time_delta_sensor_async.py took 0.084 seconds
[2023-06-14T15:05:42.607+0000] {processor.py:157} INFO - Started process (PID=13001) to work on /usr/local/lib/python3.8/dist-packages/airflow/example_dags/example_time_delta_sensor_async.py
[2023-06-14T15:05:42.608+0000] {processor.py:826} INFO - Processing file /usr/local/lib/python3.8/dist-packages/airflow/example_dags/example_time_delta_sensor_async.py for tasks to queue
[2023-06-14T15:05:42.611+0000] {logging_mixin.py:149} INFO - [2023-06-14T15:05:42.611+0000] {dagbag.py:541} INFO - Filling up the DagBag from /usr/local/lib/python3.8/dist-packages/airflow/example_dags/example_time_delta_sensor_async.py
[2023-06-14T15:05:42.616+0000] {processor.py:836} INFO - DAG(s) dict_keys(['example_time_delta_sensor_async']) retrieved from /usr/local/lib/python3.8/dist-packages/airflow/example_dags/example_time_delta_sensor_async.py
[2023-06-14T15:05:42.637+0000] {logging_mixin.py:149} INFO - [2023-06-14T15:05:42.636+0000] {dag.py:2726} INFO - Sync 1 DAGs
[2023-06-14T15:05:42.658+0000] {logging_mixin.py:149} INFO - [2023-06-14T15:05:42.658+0000] {dag.py:3486} INFO - Setting next_dagrun for example_time_delta_sensor_async to None, run_after=None
[2023-06-14T15:05:42.690+0000] {processor.py:179} INFO - Processing /usr/local/lib/python3.8/dist-packages/airflow/example_dags/example_time_delta_sensor_async.py took 0.087 seconds
[2023-06-14T15:06:19.360+0000] {processor.py:157} INFO - Started process (PID=13142) to work on /usr/local/lib/python3.8/dist-packages/airflow/example_dags/example_time_delta_sensor_async.py
[2023-06-14T15:06:19.361+0000] {processor.py:826} INFO - Processing file /usr/local/lib/python3.8/dist-packages/airflow/example_dags/example_time_delta_sensor_async.py for tasks to queue
[2023-06-14T15:06:19.364+0000] {logging_mixin.py:149} INFO - [2023-06-14T15:06:19.364+0000] {dagbag.py:541} INFO - Filling up the DagBag from /usr/local/lib/python3.8/dist-packages/airflow/example_dags/example_time_delta_sensor_async.py
[2023-06-14T15:06:19.369+0000] {processor.py:836} INFO - DAG(s) dict_keys(['example_time_delta_sensor_async']) retrieved from /usr/local/lib/python3.8/dist-packages/airflow/example_dags/example_time_delta_sensor_async.py
[2023-06-14T15:06:19.390+0000] {logging_mixin.py:149} INFO - [2023-06-14T15:06:19.389+0000] {dag.py:2726} INFO - Sync 1 DAGs
[2023-06-14T15:06:19.411+0000] {logging_mixin.py:149} INFO - [2023-06-14T15:06:19.411+0000] {dag.py:3486} INFO - Setting next_dagrun for example_time_delta_sensor_async to None, run_after=None
[2023-06-14T15:06:19.438+0000] {processor.py:179} INFO - Processing /usr/local/lib/python3.8/dist-packages/airflow/example_dags/example_time_delta_sensor_async.py took 0.082 seconds
[2023-06-14T15:07:09.889+0000] {processor.py:157} INFO - Started process (PID=13405) to work on /usr/local/lib/python3.8/dist-packages/airflow/example_dags/example_time_delta_sensor_async.py
[2023-06-14T15:07:09.891+0000] {processor.py:826} INFO - Processing file /usr/local/lib/python3.8/dist-packages/airflow/example_dags/example_time_delta_sensor_async.py for tasks to queue
[2023-06-14T15:07:09.894+0000] {logging_mixin.py:149} INFO - [2023-06-14T15:07:09.894+0000] {dagbag.py:541} INFO - Filling up the DagBag from /usr/local/lib/python3.8/dist-packages/airflow/example_dags/example_time_delta_sensor_async.py
[2023-06-14T15:07:09.899+0000] {processor.py:836} INFO - DAG(s) dict_keys(['example_time_delta_sensor_async']) retrieved from /usr/local/lib/python3.8/dist-packages/airflow/example_dags/example_time_delta_sensor_async.py
[2023-06-14T15:07:09.921+0000] {logging_mixin.py:149} INFO - [2023-06-14T15:07:09.921+0000] {dag.py:2726} INFO - Sync 1 DAGs
[2023-06-14T15:07:09.941+0000] {logging_mixin.py:149} INFO - [2023-06-14T15:07:09.941+0000] {dag.py:3486} INFO - Setting next_dagrun for example_time_delta_sensor_async to None, run_after=None
[2023-06-14T15:07:09.969+0000] {processor.py:179} INFO - Processing /usr/local/lib/python3.8/dist-packages/airflow/example_dags/example_time_delta_sensor_async.py took 0.084 seconds
[2023-06-14T15:08:01.692+0000] {processor.py:157} INFO - Started process (PID=13569) to work on /usr/local/lib/python3.8/dist-packages/airflow/example_dags/example_time_delta_sensor_async.py
[2023-06-14T15:08:01.693+0000] {processor.py:826} INFO - Processing file /usr/local/lib/python3.8/dist-packages/airflow/example_dags/example_time_delta_sensor_async.py for tasks to queue
[2023-06-14T15:08:01.695+0000] {logging_mixin.py:149} INFO - [2023-06-14T15:08:01.695+0000] {dagbag.py:541} INFO - Filling up the DagBag from /usr/local/lib/python3.8/dist-packages/airflow/example_dags/example_time_delta_sensor_async.py
[2023-06-14T15:08:01.700+0000] {processor.py:836} INFO - DAG(s) dict_keys(['example_time_delta_sensor_async']) retrieved from /usr/local/lib/python3.8/dist-packages/airflow/example_dags/example_time_delta_sensor_async.py
[2023-06-14T15:08:01.721+0000] {logging_mixin.py:149} INFO - [2023-06-14T15:08:01.721+0000] {dag.py:2726} INFO - Sync 1 DAGs
[2023-06-14T15:08:01.741+0000] {logging_mixin.py:149} INFO - [2023-06-14T15:08:01.741+0000] {dag.py:3486} INFO - Setting next_dagrun for example_time_delta_sensor_async to None, run_after=None
[2023-06-14T15:08:01.768+0000] {processor.py:179} INFO - Processing /usr/local/lib/python3.8/dist-packages/airflow/example_dags/example_time_delta_sensor_async.py took 0.080 seconds
[2023-06-14T15:08:51.354+0000] {processor.py:157} INFO - Started process (PID=13622) to work on /usr/local/lib/python3.8/dist-packages/airflow/example_dags/example_time_delta_sensor_async.py
[2023-06-14T15:08:51.355+0000] {processor.py:826} INFO - Processing file /usr/local/lib/python3.8/dist-packages/airflow/example_dags/example_time_delta_sensor_async.py for tasks to queue
[2023-06-14T15:08:51.358+0000] {logging_mixin.py:149} INFO - [2023-06-14T15:08:51.357+0000] {dagbag.py:541} INFO - Filling up the DagBag from /usr/local/lib/python3.8/dist-packages/airflow/example_dags/example_time_delta_sensor_async.py
[2023-06-14T15:08:51.363+0000] {processor.py:836} INFO - DAG(s) dict_keys(['example_time_delta_sensor_async']) retrieved from /usr/local/lib/python3.8/dist-packages/airflow/example_dags/example_time_delta_sensor_async.py
[2023-06-14T15:08:51.384+0000] {logging_mixin.py:149} INFO - [2023-06-14T15:08:51.383+0000] {dag.py:2726} INFO - Sync 1 DAGs
[2023-06-14T15:08:51.404+0000] {logging_mixin.py:149} INFO - [2023-06-14T15:08:51.404+0000] {dag.py:3486} INFO - Setting next_dagrun for example_time_delta_sensor_async to None, run_after=None
[2023-06-14T15:08:51.432+0000] {processor.py:179} INFO - Processing /usr/local/lib/python3.8/dist-packages/airflow/example_dags/example_time_delta_sensor_async.py took 0.083 seconds
[2023-06-14T15:09:40.268+0000] {processor.py:157} INFO - Started process (PID=13877) to work on /usr/local/lib/python3.8/dist-packages/airflow/example_dags/example_time_delta_sensor_async.py
[2023-06-14T15:09:40.269+0000] {processor.py:826} INFO - Processing file /usr/local/lib/python3.8/dist-packages/airflow/example_dags/example_time_delta_sensor_async.py for tasks to queue
[2023-06-14T15:09:40.273+0000] {logging_mixin.py:149} INFO - [2023-06-14T15:09:40.272+0000] {dagbag.py:541} INFO - Filling up the DagBag from /usr/local/lib/python3.8/dist-packages/airflow/example_dags/example_time_delta_sensor_async.py
[2023-06-14T15:09:40.278+0000] {processor.py:836} INFO - DAG(s) dict_keys(['example_time_delta_sensor_async']) retrieved from /usr/local/lib/python3.8/dist-packages/airflow/example_dags/example_time_delta_sensor_async.py
[2023-06-14T15:09:40.299+0000] {logging_mixin.py:149} INFO - [2023-06-14T15:09:40.298+0000] {dag.py:2726} INFO - Sync 1 DAGs
[2023-06-14T15:09:40.319+0000] {logging_mixin.py:149} INFO - [2023-06-14T15:09:40.319+0000] {dag.py:3486} INFO - Setting next_dagrun for example_time_delta_sensor_async to None, run_after=None
[2023-06-14T15:09:40.348+0000] {processor.py:179} INFO - Processing /usr/local/lib/python3.8/dist-packages/airflow/example_dags/example_time_delta_sensor_async.py took 0.084 seconds
[2023-06-14T15:10:33.950+0000] {processor.py:157} INFO - Started process (PID=14033) to work on /usr/local/lib/python3.8/dist-packages/airflow/example_dags/example_time_delta_sensor_async.py
[2023-06-14T15:10:33.951+0000] {processor.py:826} INFO - Processing file /usr/local/lib/python3.8/dist-packages/airflow/example_dags/example_time_delta_sensor_async.py for tasks to queue
[2023-06-14T15:10:33.954+0000] {logging_mixin.py:149} INFO - [2023-06-14T15:10:33.954+0000] {dagbag.py:541} INFO - Filling up the DagBag from /usr/local/lib/python3.8/dist-packages/airflow/example_dags/example_time_delta_sensor_async.py
[2023-06-14T15:10:33.959+0000] {processor.py:836} INFO - DAG(s) dict_keys(['example_time_delta_sensor_async']) retrieved from /usr/local/lib/python3.8/dist-packages/airflow/example_dags/example_time_delta_sensor_async.py
[2023-06-14T15:10:33.980+0000] {logging_mixin.py:149} INFO - [2023-06-14T15:10:33.980+0000] {dag.py:2726} INFO - Sync 1 DAGs
[2023-06-14T15:10:34.000+0000] {logging_mixin.py:149} INFO - [2023-06-14T15:10:34.000+0000] {dag.py:3486} INFO - Setting next_dagrun for example_time_delta_sensor_async to None, run_after=None
[2023-06-14T15:10:34.027+0000] {processor.py:179} INFO - Processing /usr/local/lib/python3.8/dist-packages/airflow/example_dags/example_time_delta_sensor_async.py took 0.081 seconds
[2023-06-14T15:11:16.957+0000] {processor.py:157} INFO - Started process (PID=14185) to work on /usr/local/lib/python3.8/dist-packages/airflow/example_dags/example_time_delta_sensor_async.py
[2023-06-14T15:11:16.958+0000] {processor.py:826} INFO - Processing file /usr/local/lib/python3.8/dist-packages/airflow/example_dags/example_time_delta_sensor_async.py for tasks to queue
[2023-06-14T15:11:16.961+0000] {logging_mixin.py:149} INFO - [2023-06-14T15:11:16.961+0000] {dagbag.py:541} INFO - Filling up the DagBag from /usr/local/lib/python3.8/dist-packages/airflow/example_dags/example_time_delta_sensor_async.py
[2023-06-14T15:11:16.967+0000] {processor.py:836} INFO - DAG(s) dict_keys(['example_time_delta_sensor_async']) retrieved from /usr/local/lib/python3.8/dist-packages/airflow/example_dags/example_time_delta_sensor_async.py
[2023-06-14T15:11:16.992+0000] {logging_mixin.py:149} INFO - [2023-06-14T15:11:16.991+0000] {dag.py:2726} INFO - Sync 1 DAGs
[2023-06-14T15:11:17.013+0000] {logging_mixin.py:149} INFO - [2023-06-14T15:11:17.013+0000] {dag.py:3486} INFO - Setting next_dagrun for example_time_delta_sensor_async to None, run_after=None
[2023-06-14T15:11:17.049+0000] {processor.py:179} INFO - Processing /usr/local/lib/python3.8/dist-packages/airflow/example_dags/example_time_delta_sensor_async.py took 0.097 seconds
[2023-06-14T15:12:10.424+0000] {processor.py:157} INFO - Started process (PID=14346) to work on /usr/local/lib/python3.8/dist-packages/airflow/example_dags/example_time_delta_sensor_async.py
[2023-06-14T15:12:10.426+0000] {processor.py:826} INFO - Processing file /usr/local/lib/python3.8/dist-packages/airflow/example_dags/example_time_delta_sensor_async.py for tasks to queue
[2023-06-14T15:12:10.429+0000] {logging_mixin.py:149} INFO - [2023-06-14T15:12:10.429+0000] {dagbag.py:541} INFO - Filling up the DagBag from /usr/local/lib/python3.8/dist-packages/airflow/example_dags/example_time_delta_sensor_async.py
[2023-06-14T15:12:10.434+0000] {processor.py:836} INFO - DAG(s) dict_keys(['example_time_delta_sensor_async']) retrieved from /usr/local/lib/python3.8/dist-packages/airflow/example_dags/example_time_delta_sensor_async.py
[2023-06-14T15:12:10.455+0000] {logging_mixin.py:149} INFO - [2023-06-14T15:12:10.454+0000] {dag.py:2726} INFO - Sync 1 DAGs
[2023-06-14T15:12:10.475+0000] {logging_mixin.py:149} INFO - [2023-06-14T15:12:10.475+0000] {dag.py:3486} INFO - Setting next_dagrun for example_time_delta_sensor_async to None, run_after=None
[2023-06-14T15:12:10.503+0000] {processor.py:179} INFO - Processing /usr/local/lib/python3.8/dist-packages/airflow/example_dags/example_time_delta_sensor_async.py took 0.083 seconds
[2023-06-14T15:13:02.158+0000] {processor.py:157} INFO - Started process (PID=14501) to work on /usr/local/lib/python3.8/dist-packages/airflow/example_dags/example_time_delta_sensor_async.py
[2023-06-14T15:13:02.159+0000] {processor.py:826} INFO - Processing file /usr/local/lib/python3.8/dist-packages/airflow/example_dags/example_time_delta_sensor_async.py for tasks to queue
[2023-06-14T15:13:02.162+0000] {logging_mixin.py:149} INFO - [2023-06-14T15:13:02.161+0000] {dagbag.py:541} INFO - Filling up the DagBag from /usr/local/lib/python3.8/dist-packages/airflow/example_dags/example_time_delta_sensor_async.py
[2023-06-14T15:13:02.167+0000] {processor.py:836} INFO - DAG(s) dict_keys(['example_time_delta_sensor_async']) retrieved from /usr/local/lib/python3.8/dist-packages/airflow/example_dags/example_time_delta_sensor_async.py
[2023-06-14T15:13:02.188+0000] {logging_mixin.py:149} INFO - [2023-06-14T15:13:02.187+0000] {dag.py:2726} INFO - Sync 1 DAGs
[2023-06-14T15:13:02.208+0000] {logging_mixin.py:149} INFO - [2023-06-14T15:13:02.208+0000] {dag.py:3486} INFO - Setting next_dagrun for example_time_delta_sensor_async to None, run_after=None
[2023-06-14T15:13:02.238+0000] {processor.py:179} INFO - Processing /usr/local/lib/python3.8/dist-packages/airflow/example_dags/example_time_delta_sensor_async.py took 0.084 seconds
[2023-06-14T15:13:52.905+0000] {processor.py:157} INFO - Started process (PID=14657) to work on /usr/local/lib/python3.8/dist-packages/airflow/example_dags/example_time_delta_sensor_async.py
[2023-06-14T15:13:52.907+0000] {processor.py:826} INFO - Processing file /usr/local/lib/python3.8/dist-packages/airflow/example_dags/example_time_delta_sensor_async.py for tasks to queue
[2023-06-14T15:13:52.909+0000] {logging_mixin.py:149} INFO - [2023-06-14T15:13:52.909+0000] {dagbag.py:541} INFO - Filling up the DagBag from /usr/local/lib/python3.8/dist-packages/airflow/example_dags/example_time_delta_sensor_async.py
[2023-06-14T15:13:52.914+0000] {processor.py:836} INFO - DAG(s) dict_keys(['example_time_delta_sensor_async']) retrieved from /usr/local/lib/python3.8/dist-packages/airflow/example_dags/example_time_delta_sensor_async.py
[2023-06-14T15:13:52.935+0000] {logging_mixin.py:149} INFO - [2023-06-14T15:13:52.934+0000] {dag.py:2726} INFO - Sync 1 DAGs
[2023-06-14T15:13:52.955+0000] {logging_mixin.py:149} INFO - [2023-06-14T15:13:52.955+0000] {dag.py:3486} INFO - Setting next_dagrun for example_time_delta_sensor_async to None, run_after=None
[2023-06-14T15:13:52.982+0000] {processor.py:179} INFO - Processing /usr/local/lib/python3.8/dist-packages/airflow/example_dags/example_time_delta_sensor_async.py took 0.081 seconds
[2023-06-14T15:14:40.296+0000] {processor.py:157} INFO - Started process (PID=14810) to work on /usr/local/lib/python3.8/dist-packages/airflow/example_dags/example_time_delta_sensor_async.py
[2023-06-14T15:14:40.297+0000] {processor.py:826} INFO - Processing file /usr/local/lib/python3.8/dist-packages/airflow/example_dags/example_time_delta_sensor_async.py for tasks to queue
[2023-06-14T15:14:40.299+0000] {logging_mixin.py:149} INFO - [2023-06-14T15:14:40.299+0000] {dagbag.py:541} INFO - Filling up the DagBag from /usr/local/lib/python3.8/dist-packages/airflow/example_dags/example_time_delta_sensor_async.py
[2023-06-14T15:14:40.305+0000] {processor.py:836} INFO - DAG(s) dict_keys(['example_time_delta_sensor_async']) retrieved from /usr/local/lib/python3.8/dist-packages/airflow/example_dags/example_time_delta_sensor_async.py
[2023-06-14T15:14:40.325+0000] {logging_mixin.py:149} INFO - [2023-06-14T15:14:40.325+0000] {dag.py:2726} INFO - Sync 1 DAGs
[2023-06-14T15:14:40.345+0000] {logging_mixin.py:149} INFO - [2023-06-14T15:14:40.345+0000] {dag.py:3486} INFO - Setting next_dagrun for example_time_delta_sensor_async to None, run_after=None
[2023-06-14T15:14:40.372+0000] {processor.py:179} INFO - Processing /usr/local/lib/python3.8/dist-packages/airflow/example_dags/example_time_delta_sensor_async.py took 0.080 seconds
[2023-06-14T15:15:33.168+0000] {processor.py:157} INFO - Started process (PID=14965) to work on /usr/local/lib/python3.8/dist-packages/airflow/example_dags/example_time_delta_sensor_async.py
[2023-06-14T15:15:33.170+0000] {processor.py:826} INFO - Processing file /usr/local/lib/python3.8/dist-packages/airflow/example_dags/example_time_delta_sensor_async.py for tasks to queue
[2023-06-14T15:15:33.172+0000] {logging_mixin.py:149} INFO - [2023-06-14T15:15:33.172+0000] {dagbag.py:541} INFO - Filling up the DagBag from /usr/local/lib/python3.8/dist-packages/airflow/example_dags/example_time_delta_sensor_async.py
[2023-06-14T15:15:33.177+0000] {processor.py:836} INFO - DAG(s) dict_keys(['example_time_delta_sensor_async']) retrieved from /usr/local/lib/python3.8/dist-packages/airflow/example_dags/example_time_delta_sensor_async.py
[2023-06-14T15:15:33.198+0000] {logging_mixin.py:149} INFO - [2023-06-14T15:15:33.197+0000] {dag.py:2726} INFO - Sync 1 DAGs
[2023-06-14T15:15:33.218+0000] {logging_mixin.py:149} INFO - [2023-06-14T15:15:33.218+0000] {dag.py:3486} INFO - Setting next_dagrun for example_time_delta_sensor_async to None, run_after=None
[2023-06-14T15:15:33.249+0000] {processor.py:179} INFO - Processing /usr/local/lib/python3.8/dist-packages/airflow/example_dags/example_time_delta_sensor_async.py took 0.085 seconds
