[2023-06-14T14:16:50.901+0000] {processor.py:157} INFO - Started process (PID=1922) to work on /usr/local/lib/python3.8/dist-packages/airflow/example_dags/example_sensors.py
[2023-06-14T14:16:50.903+0000] {processor.py:826} INFO - Processing file /usr/local/lib/python3.8/dist-packages/airflow/example_dags/example_sensors.py for tasks to queue
[2023-06-14T14:16:50.905+0000] {logging_mixin.py:149} INFO - [2023-06-14T14:16:50.905+0000] {dagbag.py:541} INFO - Filling up the DagBag from /usr/local/lib/python3.8/dist-packages/airflow/example_dags/example_sensors.py
[2023-06-14T14:16:50.915+0000] {processor.py:836} INFO - DAG(s) dict_keys(['example_sensors']) retrieved from /usr/local/lib/python3.8/dist-packages/airflow/example_dags/example_sensors.py
[2023-06-14T14:16:50.925+0000] {logging_mixin.py:149} INFO - [2023-06-14T14:16:50.925+0000] {dag.py:2726} INFO - Sync 1 DAGs
[2023-06-14T14:16:50.946+0000] {logging_mixin.py:149} INFO - [2023-06-14T14:16:50.945+0000] {dag.py:3486} INFO - Setting next_dagrun for example_sensors to None, run_after=None
[2023-06-14T14:16:50.974+0000] {processor.py:179} INFO - Processing /usr/local/lib/python3.8/dist-packages/airflow/example_dags/example_sensors.py took 0.077 seconds
[2023-06-14T14:17:56.324+0000] {processor.py:157} INFO - Started process (PID=2405) to work on /usr/local/lib/python3.8/dist-packages/airflow/example_dags/example_sensors.py
[2023-06-14T14:17:56.326+0000] {processor.py:826} INFO - Processing file /usr/local/lib/python3.8/dist-packages/airflow/example_dags/example_sensors.py for tasks to queue
[2023-06-14T14:17:56.329+0000] {logging_mixin.py:149} INFO - [2023-06-14T14:17:56.328+0000] {dagbag.py:541} INFO - Filling up the DagBag from /usr/local/lib/python3.8/dist-packages/airflow/example_dags/example_sensors.py
[2023-06-14T14:17:56.338+0000] {processor.py:836} INFO - DAG(s) dict_keys(['example_sensors']) retrieved from /usr/local/lib/python3.8/dist-packages/airflow/example_dags/example_sensors.py
[2023-06-14T14:17:56.348+0000] {logging_mixin.py:149} INFO - [2023-06-14T14:17:56.348+0000] {dag.py:2726} INFO - Sync 1 DAGs
[2023-06-14T14:17:56.369+0000] {logging_mixin.py:149} INFO - [2023-06-14T14:17:56.369+0000] {dag.py:3486} INFO - Setting next_dagrun for example_sensors to None, run_after=None
[2023-06-14T14:17:56.400+0000] {processor.py:179} INFO - Processing /usr/local/lib/python3.8/dist-packages/airflow/example_dags/example_sensors.py took 0.081 seconds
[2023-06-14T14:19:12.584+0000] {processor.py:157} INFO - Started process (PID=3848) to work on /usr/local/lib/python3.8/dist-packages/airflow/example_dags/example_sensors.py
[2023-06-14T14:19:12.585+0000] {processor.py:826} INFO - Processing file /usr/local/lib/python3.8/dist-packages/airflow/example_dags/example_sensors.py for tasks to queue
[2023-06-14T14:19:12.588+0000] {logging_mixin.py:149} INFO - [2023-06-14T14:19:12.588+0000] {dagbag.py:541} INFO - Filling up the DagBag from /usr/local/lib/python3.8/dist-packages/airflow/example_dags/example_sensors.py
[2023-06-14T14:19:12.598+0000] {processor.py:836} INFO - DAG(s) dict_keys(['example_sensors']) retrieved from /usr/local/lib/python3.8/dist-packages/airflow/example_dags/example_sensors.py
[2023-06-14T14:19:12.608+0000] {logging_mixin.py:149} INFO - [2023-06-14T14:19:12.608+0000] {dag.py:2726} INFO - Sync 1 DAGs
[2023-06-14T14:19:12.630+0000] {logging_mixin.py:149} INFO - [2023-06-14T14:19:12.629+0000] {dag.py:3486} INFO - Setting next_dagrun for example_sensors to None, run_after=None
[2023-06-14T14:19:12.764+0000] {processor.py:179} INFO - Processing /usr/local/lib/python3.8/dist-packages/airflow/example_dags/example_sensors.py took 0.184 seconds
[2023-06-14T14:20:01.330+0000] {processor.py:157} INFO - Started process (PID=4267) to work on /usr/local/lib/python3.8/dist-packages/airflow/example_dags/example_sensors.py
[2023-06-14T14:20:01.331+0000] {processor.py:826} INFO - Processing file /usr/local/lib/python3.8/dist-packages/airflow/example_dags/example_sensors.py for tasks to queue
[2023-06-14T14:20:01.333+0000] {logging_mixin.py:149} INFO - [2023-06-14T14:20:01.333+0000] {dagbag.py:541} INFO - Filling up the DagBag from /usr/local/lib/python3.8/dist-packages/airflow/example_dags/example_sensors.py
[2023-06-14T14:20:01.344+0000] {processor.py:836} INFO - DAG(s) dict_keys(['example_sensors']) retrieved from /usr/local/lib/python3.8/dist-packages/airflow/example_dags/example_sensors.py
[2023-06-14T14:20:01.369+0000] {logging_mixin.py:149} INFO - [2023-06-14T14:20:01.369+0000] {dag.py:2726} INFO - Sync 1 DAGs
[2023-06-14T14:20:01.390+0000] {logging_mixin.py:149} INFO - [2023-06-14T14:20:01.390+0000] {dag.py:3486} INFO - Setting next_dagrun for example_sensors to None, run_after=None
[2023-06-14T14:20:01.417+0000] {processor.py:179} INFO - Processing /usr/local/lib/python3.8/dist-packages/airflow/example_dags/example_sensors.py took 0.091 seconds
[2023-06-14T14:20:49.049+0000] {processor.py:157} INFO - Started process (PID=4315) to work on /usr/local/lib/python3.8/dist-packages/airflow/example_dags/example_sensors.py
[2023-06-14T14:20:49.051+0000] {processor.py:826} INFO - Processing file /usr/local/lib/python3.8/dist-packages/airflow/example_dags/example_sensors.py for tasks to queue
[2023-06-14T14:20:49.053+0000] {logging_mixin.py:149} INFO - [2023-06-14T14:20:49.053+0000] {dagbag.py:541} INFO - Filling up the DagBag from /usr/local/lib/python3.8/dist-packages/airflow/example_dags/example_sensors.py
[2023-06-14T14:20:49.063+0000] {processor.py:836} INFO - DAG(s) dict_keys(['example_sensors']) retrieved from /usr/local/lib/python3.8/dist-packages/airflow/example_dags/example_sensors.py
[2023-06-14T14:20:49.088+0000] {logging_mixin.py:149} INFO - [2023-06-14T14:20:49.088+0000] {dag.py:2726} INFO - Sync 1 DAGs
[2023-06-14T14:20:49.108+0000] {logging_mixin.py:149} INFO - [2023-06-14T14:20:49.108+0000] {dag.py:3486} INFO - Setting next_dagrun for example_sensors to None, run_after=None
[2023-06-14T14:20:49.138+0000] {processor.py:179} INFO - Processing /usr/local/lib/python3.8/dist-packages/airflow/example_dags/example_sensors.py took 0.093 seconds
[2023-06-14T14:21:42.866+0000] {processor.py:157} INFO - Started process (PID=4470) to work on /usr/local/lib/python3.8/dist-packages/airflow/example_dags/example_sensors.py
[2023-06-14T14:21:42.867+0000] {processor.py:826} INFO - Processing file /usr/local/lib/python3.8/dist-packages/airflow/example_dags/example_sensors.py for tasks to queue
[2023-06-14T14:21:42.870+0000] {logging_mixin.py:149} INFO - [2023-06-14T14:21:42.870+0000] {dagbag.py:541} INFO - Filling up the DagBag from /usr/local/lib/python3.8/dist-packages/airflow/example_dags/example_sensors.py
[2023-06-14T14:21:42.880+0000] {processor.py:836} INFO - DAG(s) dict_keys(['example_sensors']) retrieved from /usr/local/lib/python3.8/dist-packages/airflow/example_dags/example_sensors.py
[2023-06-14T14:21:42.905+0000] {logging_mixin.py:149} INFO - [2023-06-14T14:21:42.905+0000] {dag.py:2726} INFO - Sync 1 DAGs
[2023-06-14T14:21:42.925+0000] {logging_mixin.py:149} INFO - [2023-06-14T14:21:42.925+0000] {dag.py:3486} INFO - Setting next_dagrun for example_sensors to None, run_after=None
[2023-06-14T14:21:42.953+0000] {processor.py:179} INFO - Processing /usr/local/lib/python3.8/dist-packages/airflow/example_dags/example_sensors.py took 0.091 seconds
[2023-06-14T14:22:35.953+0000] {processor.py:157} INFO - Started process (PID=4632) to work on /usr/local/lib/python3.8/dist-packages/airflow/example_dags/example_sensors.py
[2023-06-14T14:22:35.954+0000] {processor.py:826} INFO - Processing file /usr/local/lib/python3.8/dist-packages/airflow/example_dags/example_sensors.py for tasks to queue
[2023-06-14T14:22:35.957+0000] {logging_mixin.py:149} INFO - [2023-06-14T14:22:35.956+0000] {dagbag.py:541} INFO - Filling up the DagBag from /usr/local/lib/python3.8/dist-packages/airflow/example_dags/example_sensors.py
[2023-06-14T14:22:35.967+0000] {processor.py:836} INFO - DAG(s) dict_keys(['example_sensors']) retrieved from /usr/local/lib/python3.8/dist-packages/airflow/example_dags/example_sensors.py
[2023-06-14T14:22:35.991+0000] {logging_mixin.py:149} INFO - [2023-06-14T14:22:35.991+0000] {dag.py:2726} INFO - Sync 1 DAGs
[2023-06-14T14:22:36.011+0000] {logging_mixin.py:149} INFO - [2023-06-14T14:22:36.010+0000] {dag.py:3486} INFO - Setting next_dagrun for example_sensors to None, run_after=None
[2023-06-14T14:22:36.039+0000] {processor.py:179} INFO - Processing /usr/local/lib/python3.8/dist-packages/airflow/example_dags/example_sensors.py took 0.090 seconds
[2023-06-14T14:23:23.226+0000] {processor.py:157} INFO - Started process (PID=4786) to work on /usr/local/lib/python3.8/dist-packages/airflow/example_dags/example_sensors.py
[2023-06-14T14:23:23.228+0000] {processor.py:826} INFO - Processing file /usr/local/lib/python3.8/dist-packages/airflow/example_dags/example_sensors.py for tasks to queue
[2023-06-14T14:23:23.230+0000] {logging_mixin.py:149} INFO - [2023-06-14T14:23:23.230+0000] {dagbag.py:541} INFO - Filling up the DagBag from /usr/local/lib/python3.8/dist-packages/airflow/example_dags/example_sensors.py
[2023-06-14T14:23:23.240+0000] {processor.py:836} INFO - DAG(s) dict_keys(['example_sensors']) retrieved from /usr/local/lib/python3.8/dist-packages/airflow/example_dags/example_sensors.py
[2023-06-14T14:23:23.264+0000] {logging_mixin.py:149} INFO - [2023-06-14T14:23:23.264+0000] {dag.py:2726} INFO - Sync 1 DAGs
[2023-06-14T14:23:23.283+0000] {logging_mixin.py:149} INFO - [2023-06-14T14:23:23.283+0000] {dag.py:3486} INFO - Setting next_dagrun for example_sensors to None, run_after=None
[2023-06-14T14:23:23.310+0000] {processor.py:179} INFO - Processing /usr/local/lib/python3.8/dist-packages/airflow/example_dags/example_sensors.py took 0.087 seconds
[2023-06-14T14:24:15.256+0000] {processor.py:157} INFO - Started process (PID=5043) to work on /usr/local/lib/python3.8/dist-packages/airflow/example_dags/example_sensors.py
[2023-06-14T14:24:15.257+0000] {processor.py:826} INFO - Processing file /usr/local/lib/python3.8/dist-packages/airflow/example_dags/example_sensors.py for tasks to queue
[2023-06-14T14:24:15.260+0000] {logging_mixin.py:149} INFO - [2023-06-14T14:24:15.260+0000] {dagbag.py:541} INFO - Filling up the DagBag from /usr/local/lib/python3.8/dist-packages/airflow/example_dags/example_sensors.py
[2023-06-14T14:24:15.270+0000] {processor.py:836} INFO - DAG(s) dict_keys(['example_sensors']) retrieved from /usr/local/lib/python3.8/dist-packages/airflow/example_dags/example_sensors.py
[2023-06-14T14:24:15.294+0000] {logging_mixin.py:149} INFO - [2023-06-14T14:24:15.294+0000] {dag.py:2726} INFO - Sync 1 DAGs
[2023-06-14T14:24:15.314+0000] {logging_mixin.py:149} INFO - [2023-06-14T14:24:15.314+0000] {dag.py:3486} INFO - Setting next_dagrun for example_sensors to None, run_after=None
[2023-06-14T14:24:15.341+0000] {processor.py:179} INFO - Processing /usr/local/lib/python3.8/dist-packages/airflow/example_dags/example_sensors.py took 0.089 seconds
[2023-06-14T14:25:05.702+0000] {processor.py:157} INFO - Started process (PID=5199) to work on /usr/local/lib/python3.8/dist-packages/airflow/example_dags/example_sensors.py
[2023-06-14T14:25:05.704+0000] {processor.py:826} INFO - Processing file /usr/local/lib/python3.8/dist-packages/airflow/example_dags/example_sensors.py for tasks to queue
[2023-06-14T14:25:05.706+0000] {logging_mixin.py:149} INFO - [2023-06-14T14:25:05.706+0000] {dagbag.py:541} INFO - Filling up the DagBag from /usr/local/lib/python3.8/dist-packages/airflow/example_dags/example_sensors.py
[2023-06-14T14:25:05.717+0000] {processor.py:836} INFO - DAG(s) dict_keys(['example_sensors']) retrieved from /usr/local/lib/python3.8/dist-packages/airflow/example_dags/example_sensors.py
[2023-06-14T14:25:05.742+0000] {logging_mixin.py:149} INFO - [2023-06-14T14:25:05.742+0000] {dag.py:2726} INFO - Sync 1 DAGs
[2023-06-14T14:25:05.764+0000] {logging_mixin.py:149} INFO - [2023-06-14T14:25:05.764+0000] {dag.py:3486} INFO - Setting next_dagrun for example_sensors to None, run_after=None
[2023-06-14T14:25:05.793+0000] {processor.py:179} INFO - Processing /usr/local/lib/python3.8/dist-packages/airflow/example_dags/example_sensors.py took 0.095 seconds
[2023-06-14T14:25:54.273+0000] {processor.py:157} INFO - Started process (PID=5351) to work on /usr/local/lib/python3.8/dist-packages/airflow/example_dags/example_sensors.py
[2023-06-14T14:25:54.275+0000] {processor.py:826} INFO - Processing file /usr/local/lib/python3.8/dist-packages/airflow/example_dags/example_sensors.py for tasks to queue
[2023-06-14T14:25:54.277+0000] {logging_mixin.py:149} INFO - [2023-06-14T14:25:54.277+0000] {dagbag.py:541} INFO - Filling up the DagBag from /usr/local/lib/python3.8/dist-packages/airflow/example_dags/example_sensors.py
[2023-06-14T14:25:54.287+0000] {processor.py:836} INFO - DAG(s) dict_keys(['example_sensors']) retrieved from /usr/local/lib/python3.8/dist-packages/airflow/example_dags/example_sensors.py
[2023-06-14T14:25:54.311+0000] {logging_mixin.py:149} INFO - [2023-06-14T14:25:54.311+0000] {dag.py:2726} INFO - Sync 1 DAGs
[2023-06-14T14:25:54.331+0000] {logging_mixin.py:149} INFO - [2023-06-14T14:25:54.331+0000] {dag.py:3486} INFO - Setting next_dagrun for example_sensors to None, run_after=None
[2023-06-14T14:25:54.360+0000] {processor.py:179} INFO - Processing /usr/local/lib/python3.8/dist-packages/airflow/example_dags/example_sensors.py took 0.090 seconds
[2023-06-14T14:26:47.355+0000] {processor.py:157} INFO - Started process (PID=5407) to work on /usr/local/lib/python3.8/dist-packages/airflow/example_dags/example_sensors.py
[2023-06-14T14:26:47.356+0000] {processor.py:826} INFO - Processing file /usr/local/lib/python3.8/dist-packages/airflow/example_dags/example_sensors.py for tasks to queue
[2023-06-14T14:26:47.359+0000] {logging_mixin.py:149} INFO - [2023-06-14T14:26:47.359+0000] {dagbag.py:541} INFO - Filling up the DagBag from /usr/local/lib/python3.8/dist-packages/airflow/example_dags/example_sensors.py
[2023-06-14T14:26:47.369+0000] {processor.py:836} INFO - DAG(s) dict_keys(['example_sensors']) retrieved from /usr/local/lib/python3.8/dist-packages/airflow/example_dags/example_sensors.py
[2023-06-14T14:26:47.393+0000] {logging_mixin.py:149} INFO - [2023-06-14T14:26:47.393+0000] {dag.py:2726} INFO - Sync 1 DAGs
[2023-06-14T14:26:47.413+0000] {logging_mixin.py:149} INFO - [2023-06-14T14:26:47.412+0000] {dag.py:3486} INFO - Setting next_dagrun for example_sensors to None, run_after=None
[2023-06-14T14:26:47.441+0000] {processor.py:179} INFO - Processing /usr/local/lib/python3.8/dist-packages/airflow/example_dags/example_sensors.py took 0.090 seconds
[2023-06-14T14:27:39.296+0000] {processor.py:157} INFO - Started process (PID=5566) to work on /usr/local/lib/python3.8/dist-packages/airflow/example_dags/example_sensors.py
[2023-06-14T14:27:39.297+0000] {processor.py:826} INFO - Processing file /usr/local/lib/python3.8/dist-packages/airflow/example_dags/example_sensors.py for tasks to queue
[2023-06-14T14:27:39.300+0000] {logging_mixin.py:149} INFO - [2023-06-14T14:27:39.300+0000] {dagbag.py:541} INFO - Filling up the DagBag from /usr/local/lib/python3.8/dist-packages/airflow/example_dags/example_sensors.py
[2023-06-14T14:27:39.310+0000] {processor.py:836} INFO - DAG(s) dict_keys(['example_sensors']) retrieved from /usr/local/lib/python3.8/dist-packages/airflow/example_dags/example_sensors.py
[2023-06-14T14:27:39.335+0000] {logging_mixin.py:149} INFO - [2023-06-14T14:27:39.335+0000] {dag.py:2726} INFO - Sync 1 DAGs
[2023-06-14T14:27:39.355+0000] {logging_mixin.py:149} INFO - [2023-06-14T14:27:39.355+0000] {dag.py:3486} INFO - Setting next_dagrun for example_sensors to None, run_after=None
[2023-06-14T14:27:39.382+0000] {processor.py:179} INFO - Processing /usr/local/lib/python3.8/dist-packages/airflow/example_dags/example_sensors.py took 0.090 seconds
[2023-06-14T14:28:33.524+0000] {processor.py:157} INFO - Started process (PID=5724) to work on /usr/local/lib/python3.8/dist-packages/airflow/example_dags/example_sensors.py
[2023-06-14T14:28:33.525+0000] {processor.py:826} INFO - Processing file /usr/local/lib/python3.8/dist-packages/airflow/example_dags/example_sensors.py for tasks to queue
[2023-06-14T14:28:33.528+0000] {logging_mixin.py:149} INFO - [2023-06-14T14:28:33.527+0000] {dagbag.py:541} INFO - Filling up the DagBag from /usr/local/lib/python3.8/dist-packages/airflow/example_dags/example_sensors.py
[2023-06-14T14:28:33.537+0000] {processor.py:836} INFO - DAG(s) dict_keys(['example_sensors']) retrieved from /usr/local/lib/python3.8/dist-packages/airflow/example_dags/example_sensors.py
[2023-06-14T14:28:33.561+0000] {logging_mixin.py:149} INFO - [2023-06-14T14:28:33.561+0000] {dag.py:2726} INFO - Sync 1 DAGs
[2023-06-14T14:28:33.581+0000] {logging_mixin.py:149} INFO - [2023-06-14T14:28:33.581+0000] {dag.py:3486} INFO - Setting next_dagrun for example_sensors to None, run_after=None
[2023-06-14T14:28:33.610+0000] {processor.py:179} INFO - Processing /usr/local/lib/python3.8/dist-packages/airflow/example_dags/example_sensors.py took 0.090 seconds
[2023-06-14T14:29:23.194+0000] {processor.py:157} INFO - Started process (PID=5982) to work on /usr/local/lib/python3.8/dist-packages/airflow/example_dags/example_sensors.py
[2023-06-14T14:29:23.196+0000] {processor.py:826} INFO - Processing file /usr/local/lib/python3.8/dist-packages/airflow/example_dags/example_sensors.py for tasks to queue
[2023-06-14T14:29:23.198+0000] {logging_mixin.py:149} INFO - [2023-06-14T14:29:23.198+0000] {dagbag.py:541} INFO - Filling up the DagBag from /usr/local/lib/python3.8/dist-packages/airflow/example_dags/example_sensors.py
[2023-06-14T14:29:23.208+0000] {processor.py:836} INFO - DAG(s) dict_keys(['example_sensors']) retrieved from /usr/local/lib/python3.8/dist-packages/airflow/example_dags/example_sensors.py
[2023-06-14T14:29:23.232+0000] {logging_mixin.py:149} INFO - [2023-06-14T14:29:23.232+0000] {dag.py:2726} INFO - Sync 1 DAGs
[2023-06-14T14:29:23.251+0000] {logging_mixin.py:149} INFO - [2023-06-14T14:29:23.251+0000] {dag.py:3486} INFO - Setting next_dagrun for example_sensors to None, run_after=None
[2023-06-14T14:29:23.278+0000] {processor.py:179} INFO - Processing /usr/local/lib/python3.8/dist-packages/airflow/example_dags/example_sensors.py took 0.088 seconds
[2023-06-14T14:30:18.763+0000] {processor.py:157} INFO - Started process (PID=6140) to work on /usr/local/lib/python3.8/dist-packages/airflow/example_dags/example_sensors.py
[2023-06-14T14:30:18.764+0000] {processor.py:826} INFO - Processing file /usr/local/lib/python3.8/dist-packages/airflow/example_dags/example_sensors.py for tasks to queue
[2023-06-14T14:30:18.767+0000] {logging_mixin.py:149} INFO - [2023-06-14T14:30:18.767+0000] {dagbag.py:541} INFO - Filling up the DagBag from /usr/local/lib/python3.8/dist-packages/airflow/example_dags/example_sensors.py
[2023-06-14T14:30:18.776+0000] {processor.py:836} INFO - DAG(s) dict_keys(['example_sensors']) retrieved from /usr/local/lib/python3.8/dist-packages/airflow/example_dags/example_sensors.py
[2023-06-14T14:30:18.801+0000] {logging_mixin.py:149} INFO - [2023-06-14T14:30:18.801+0000] {dag.py:2726} INFO - Sync 1 DAGs
[2023-06-14T14:30:18.820+0000] {logging_mixin.py:149} INFO - [2023-06-14T14:30:18.820+0000] {dag.py:3486} INFO - Setting next_dagrun for example_sensors to None, run_after=None
[2023-06-14T14:30:18.851+0000] {processor.py:179} INFO - Processing /usr/local/lib/python3.8/dist-packages/airflow/example_dags/example_sensors.py took 0.093 seconds
[2023-06-14T14:31:12.613+0000] {processor.py:157} INFO - Started process (PID=6297) to work on /usr/local/lib/python3.8/dist-packages/airflow/example_dags/example_sensors.py
[2023-06-14T14:31:12.614+0000] {processor.py:826} INFO - Processing file /usr/local/lib/python3.8/dist-packages/airflow/example_dags/example_sensors.py for tasks to queue
[2023-06-14T14:31:12.616+0000] {logging_mixin.py:149} INFO - [2023-06-14T14:31:12.616+0000] {dagbag.py:541} INFO - Filling up the DagBag from /usr/local/lib/python3.8/dist-packages/airflow/example_dags/example_sensors.py
[2023-06-14T14:31:12.626+0000] {processor.py:836} INFO - DAG(s) dict_keys(['example_sensors']) retrieved from /usr/local/lib/python3.8/dist-packages/airflow/example_dags/example_sensors.py
[2023-06-14T14:31:12.650+0000] {logging_mixin.py:149} INFO - [2023-06-14T14:31:12.650+0000] {dag.py:2726} INFO - Sync 1 DAGs
[2023-06-14T14:31:12.669+0000] {logging_mixin.py:149} INFO - [2023-06-14T14:31:12.669+0000] {dag.py:3486} INFO - Setting next_dagrun for example_sensors to None, run_after=None
[2023-06-14T14:31:12.697+0000] {processor.py:179} INFO - Processing /usr/local/lib/python3.8/dist-packages/airflow/example_dags/example_sensors.py took 0.088 seconds
[2023-06-14T14:32:03.038+0000] {processor.py:157} INFO - Started process (PID=6459) to work on /usr/local/lib/python3.8/dist-packages/airflow/example_dags/example_sensors.py
[2023-06-14T14:32:03.039+0000] {processor.py:826} INFO - Processing file /usr/local/lib/python3.8/dist-packages/airflow/example_dags/example_sensors.py for tasks to queue
[2023-06-14T14:32:03.041+0000] {logging_mixin.py:149} INFO - [2023-06-14T14:32:03.041+0000] {dagbag.py:541} INFO - Filling up the DagBag from /usr/local/lib/python3.8/dist-packages/airflow/example_dags/example_sensors.py
[2023-06-14T14:32:03.052+0000] {processor.py:836} INFO - DAG(s) dict_keys(['example_sensors']) retrieved from /usr/local/lib/python3.8/dist-packages/airflow/example_dags/example_sensors.py
[2023-06-14T14:32:03.077+0000] {logging_mixin.py:149} INFO - [2023-06-14T14:32:03.077+0000] {dag.py:2726} INFO - Sync 1 DAGs
[2023-06-14T14:32:03.098+0000] {logging_mixin.py:149} INFO - [2023-06-14T14:32:03.098+0000] {dag.py:3486} INFO - Setting next_dagrun for example_sensors to None, run_after=None
[2023-06-14T14:32:03.123+0000] {processor.py:179} INFO - Processing /usr/local/lib/python3.8/dist-packages/airflow/example_dags/example_sensors.py took 0.089 seconds
[2023-06-14T14:32:54.844+0000] {processor.py:157} INFO - Started process (PID=6614) to work on /usr/local/lib/python3.8/dist-packages/airflow/example_dags/example_sensors.py
[2023-06-14T14:32:54.845+0000] {processor.py:826} INFO - Processing file /usr/local/lib/python3.8/dist-packages/airflow/example_dags/example_sensors.py for tasks to queue
[2023-06-14T14:32:54.847+0000] {logging_mixin.py:149} INFO - [2023-06-14T14:32:54.847+0000] {dagbag.py:541} INFO - Filling up the DagBag from /usr/local/lib/python3.8/dist-packages/airflow/example_dags/example_sensors.py
[2023-06-14T14:32:54.857+0000] {processor.py:836} INFO - DAG(s) dict_keys(['example_sensors']) retrieved from /usr/local/lib/python3.8/dist-packages/airflow/example_dags/example_sensors.py
[2023-06-14T14:32:54.883+0000] {logging_mixin.py:149} INFO - [2023-06-14T14:32:54.883+0000] {dag.py:2726} INFO - Sync 1 DAGs
[2023-06-14T14:32:54.903+0000] {logging_mixin.py:149} INFO - [2023-06-14T14:32:54.903+0000] {dag.py:3486} INFO - Setting next_dagrun for example_sensors to None, run_after=None
[2023-06-14T14:32:54.930+0000] {processor.py:179} INFO - Processing /usr/local/lib/python3.8/dist-packages/airflow/example_dags/example_sensors.py took 0.090 seconds
[2023-06-14T14:33:45.274+0000] {processor.py:157} INFO - Started process (PID=6666) to work on /usr/local/lib/python3.8/dist-packages/airflow/example_dags/example_sensors.py
[2023-06-14T14:33:45.275+0000] {processor.py:826} INFO - Processing file /usr/local/lib/python3.8/dist-packages/airflow/example_dags/example_sensors.py for tasks to queue
[2023-06-14T14:33:45.277+0000] {logging_mixin.py:149} INFO - [2023-06-14T14:33:45.277+0000] {dagbag.py:541} INFO - Filling up the DagBag from /usr/local/lib/python3.8/dist-packages/airflow/example_dags/example_sensors.py
[2023-06-14T14:33:45.287+0000] {processor.py:836} INFO - DAG(s) dict_keys(['example_sensors']) retrieved from /usr/local/lib/python3.8/dist-packages/airflow/example_dags/example_sensors.py
[2023-06-14T14:33:45.313+0000] {logging_mixin.py:149} INFO - [2023-06-14T14:33:45.313+0000] {dag.py:2726} INFO - Sync 1 DAGs
[2023-06-14T14:33:45.333+0000] {logging_mixin.py:149} INFO - [2023-06-14T14:33:45.333+0000] {dag.py:3486} INFO - Setting next_dagrun for example_sensors to None, run_after=None
[2023-06-14T14:33:45.363+0000] {processor.py:179} INFO - Processing /usr/local/lib/python3.8/dist-packages/airflow/example_dags/example_sensors.py took 0.093 seconds
[2023-06-14T14:34:42.092+0000] {processor.py:157} INFO - Started process (PID=6926) to work on /usr/local/lib/python3.8/dist-packages/airflow/example_dags/example_sensors.py
[2023-06-14T14:34:42.093+0000] {processor.py:826} INFO - Processing file /usr/local/lib/python3.8/dist-packages/airflow/example_dags/example_sensors.py for tasks to queue
[2023-06-14T14:34:42.096+0000] {logging_mixin.py:149} INFO - [2023-06-14T14:34:42.095+0000] {dagbag.py:541} INFO - Filling up the DagBag from /usr/local/lib/python3.8/dist-packages/airflow/example_dags/example_sensors.py
[2023-06-14T14:34:42.105+0000] {processor.py:836} INFO - DAG(s) dict_keys(['example_sensors']) retrieved from /usr/local/lib/python3.8/dist-packages/airflow/example_dags/example_sensors.py
[2023-06-14T14:34:42.130+0000] {logging_mixin.py:149} INFO - [2023-06-14T14:34:42.130+0000] {dag.py:2726} INFO - Sync 1 DAGs
[2023-06-14T14:34:42.150+0000] {logging_mixin.py:149} INFO - [2023-06-14T14:34:42.150+0000] {dag.py:3486} INFO - Setting next_dagrun for example_sensors to None, run_after=None
[2023-06-14T14:34:42.176+0000] {processor.py:179} INFO - Processing /usr/local/lib/python3.8/dist-packages/airflow/example_dags/example_sensors.py took 0.088 seconds
[2023-06-14T14:35:32.684+0000] {processor.py:157} INFO - Started process (PID=7086) to work on /usr/local/lib/python3.8/dist-packages/airflow/example_dags/example_sensors.py
[2023-06-14T14:35:32.686+0000] {processor.py:826} INFO - Processing file /usr/local/lib/python3.8/dist-packages/airflow/example_dags/example_sensors.py for tasks to queue
[2023-06-14T14:35:32.688+0000] {logging_mixin.py:149} INFO - [2023-06-14T14:35:32.688+0000] {dagbag.py:541} INFO - Filling up the DagBag from /usr/local/lib/python3.8/dist-packages/airflow/example_dags/example_sensors.py
[2023-06-14T14:35:32.698+0000] {processor.py:836} INFO - DAG(s) dict_keys(['example_sensors']) retrieved from /usr/local/lib/python3.8/dist-packages/airflow/example_dags/example_sensors.py
[2023-06-14T14:35:32.722+0000] {logging_mixin.py:149} INFO - [2023-06-14T14:35:32.722+0000] {dag.py:2726} INFO - Sync 1 DAGs
[2023-06-14T14:35:32.741+0000] {logging_mixin.py:149} INFO - [2023-06-14T14:35:32.741+0000] {dag.py:3486} INFO - Setting next_dagrun for example_sensors to None, run_after=None
[2023-06-14T14:35:32.770+0000] {processor.py:179} INFO - Processing /usr/local/lib/python3.8/dist-packages/airflow/example_dags/example_sensors.py took 0.090 seconds
[2023-06-14T14:36:23.249+0000] {processor.py:157} INFO - Started process (PID=7242) to work on /usr/local/lib/python3.8/dist-packages/airflow/example_dags/example_sensors.py
[2023-06-14T14:36:23.250+0000] {processor.py:826} INFO - Processing file /usr/local/lib/python3.8/dist-packages/airflow/example_dags/example_sensors.py for tasks to queue
[2023-06-14T14:36:23.253+0000] {logging_mixin.py:149} INFO - [2023-06-14T14:36:23.253+0000] {dagbag.py:541} INFO - Filling up the DagBag from /usr/local/lib/python3.8/dist-packages/airflow/example_dags/example_sensors.py
[2023-06-14T14:36:23.262+0000] {processor.py:836} INFO - DAG(s) dict_keys(['example_sensors']) retrieved from /usr/local/lib/python3.8/dist-packages/airflow/example_dags/example_sensors.py
[2023-06-14T14:36:23.287+0000] {logging_mixin.py:149} INFO - [2023-06-14T14:36:23.287+0000] {dag.py:2726} INFO - Sync 1 DAGs
[2023-06-14T14:36:23.306+0000] {logging_mixin.py:149} INFO - [2023-06-14T14:36:23.306+0000] {dag.py:3486} INFO - Setting next_dagrun for example_sensors to None, run_after=None
[2023-06-14T14:36:23.334+0000] {processor.py:179} INFO - Processing /usr/local/lib/python3.8/dist-packages/airflow/example_dags/example_sensors.py took 0.088 seconds
[2023-06-14T14:37:14.887+0000] {processor.py:157} INFO - Started process (PID=7403) to work on /usr/local/lib/python3.8/dist-packages/airflow/example_dags/example_sensors.py
[2023-06-14T14:37:14.888+0000] {processor.py:826} INFO - Processing file /usr/local/lib/python3.8/dist-packages/airflow/example_dags/example_sensors.py for tasks to queue
[2023-06-14T14:37:14.891+0000] {logging_mixin.py:149} INFO - [2023-06-14T14:37:14.890+0000] {dagbag.py:541} INFO - Filling up the DagBag from /usr/local/lib/python3.8/dist-packages/airflow/example_dags/example_sensors.py
[2023-06-14T14:37:14.901+0000] {processor.py:836} INFO - DAG(s) dict_keys(['example_sensors']) retrieved from /usr/local/lib/python3.8/dist-packages/airflow/example_dags/example_sensors.py
[2023-06-14T14:37:14.925+0000] {logging_mixin.py:149} INFO - [2023-06-14T14:37:14.925+0000] {dag.py:2726} INFO - Sync 1 DAGs
[2023-06-14T14:37:14.945+0000] {logging_mixin.py:149} INFO - [2023-06-14T14:37:14.945+0000] {dag.py:3486} INFO - Setting next_dagrun for example_sensors to None, run_after=None
[2023-06-14T14:37:14.972+0000] {processor.py:179} INFO - Processing /usr/local/lib/python3.8/dist-packages/airflow/example_dags/example_sensors.py took 0.089 seconds
[2023-06-14T14:38:07.613+0000] {processor.py:157} INFO - Started process (PID=7559) to work on /usr/local/lib/python3.8/dist-packages/airflow/example_dags/example_sensors.py
[2023-06-14T14:38:07.614+0000] {processor.py:826} INFO - Processing file /usr/local/lib/python3.8/dist-packages/airflow/example_dags/example_sensors.py for tasks to queue
[2023-06-14T14:38:07.617+0000] {logging_mixin.py:149} INFO - [2023-06-14T14:38:07.617+0000] {dagbag.py:541} INFO - Filling up the DagBag from /usr/local/lib/python3.8/dist-packages/airflow/example_dags/example_sensors.py
[2023-06-14T14:38:07.627+0000] {processor.py:836} INFO - DAG(s) dict_keys(['example_sensors']) retrieved from /usr/local/lib/python3.8/dist-packages/airflow/example_dags/example_sensors.py
[2023-06-14T14:38:07.651+0000] {logging_mixin.py:149} INFO - [2023-06-14T14:38:07.651+0000] {dag.py:2726} INFO - Sync 1 DAGs
[2023-06-14T14:38:07.671+0000] {logging_mixin.py:149} INFO - [2023-06-14T14:38:07.671+0000] {dag.py:3486} INFO - Setting next_dagrun for example_sensors to None, run_after=None
[2023-06-14T14:38:07.697+0000] {processor.py:179} INFO - Processing /usr/local/lib/python3.8/dist-packages/airflow/example_dags/example_sensors.py took 0.089 seconds
[2023-06-14T14:38:56.258+0000] {processor.py:157} INFO - Started process (PID=7712) to work on /usr/local/lib/python3.8/dist-packages/airflow/example_dags/example_sensors.py
[2023-06-14T14:38:56.259+0000] {processor.py:826} INFO - Processing file /usr/local/lib/python3.8/dist-packages/airflow/example_dags/example_sensors.py for tasks to queue
[2023-06-14T14:38:56.261+0000] {logging_mixin.py:149} INFO - [2023-06-14T14:38:56.261+0000] {dagbag.py:541} INFO - Filling up the DagBag from /usr/local/lib/python3.8/dist-packages/airflow/example_dags/example_sensors.py
[2023-06-14T14:38:56.272+0000] {processor.py:836} INFO - DAG(s) dict_keys(['example_sensors']) retrieved from /usr/local/lib/python3.8/dist-packages/airflow/example_dags/example_sensors.py
[2023-06-14T14:38:56.296+0000] {logging_mixin.py:149} INFO - [2023-06-14T14:38:56.296+0000] {dag.py:2726} INFO - Sync 1 DAGs
[2023-06-14T14:38:56.316+0000] {logging_mixin.py:149} INFO - [2023-06-14T14:38:56.316+0000] {dag.py:3486} INFO - Setting next_dagrun for example_sensors to None, run_after=None
[2023-06-14T14:38:56.344+0000] {processor.py:179} INFO - Processing /usr/local/lib/python3.8/dist-packages/airflow/example_dags/example_sensors.py took 0.090 seconds
[2023-06-14T14:39:44.850+0000] {processor.py:157} INFO - Started process (PID=7762) to work on /usr/local/lib/python3.8/dist-packages/airflow/example_dags/example_sensors.py
[2023-06-14T14:39:44.851+0000] {processor.py:826} INFO - Processing file /usr/local/lib/python3.8/dist-packages/airflow/example_dags/example_sensors.py for tasks to queue
[2023-06-14T14:39:44.854+0000] {logging_mixin.py:149} INFO - [2023-06-14T14:39:44.854+0000] {dagbag.py:541} INFO - Filling up the DagBag from /usr/local/lib/python3.8/dist-packages/airflow/example_dags/example_sensors.py
[2023-06-14T14:39:44.864+0000] {processor.py:836} INFO - DAG(s) dict_keys(['example_sensors']) retrieved from /usr/local/lib/python3.8/dist-packages/airflow/example_dags/example_sensors.py
[2023-06-14T14:39:44.888+0000] {logging_mixin.py:149} INFO - [2023-06-14T14:39:44.888+0000] {dag.py:2726} INFO - Sync 1 DAGs
[2023-06-14T14:39:44.908+0000] {logging_mixin.py:149} INFO - [2023-06-14T14:39:44.908+0000] {dag.py:3486} INFO - Setting next_dagrun for example_sensors to None, run_after=None
[2023-06-14T14:39:44.935+0000] {processor.py:179} INFO - Processing /usr/local/lib/python3.8/dist-packages/airflow/example_dags/example_sensors.py took 0.089 seconds
[2023-06-14T14:40:38.775+0000] {processor.py:157} INFO - Started process (PID=7919) to work on /usr/local/lib/python3.8/dist-packages/airflow/example_dags/example_sensors.py
[2023-06-14T14:40:38.776+0000] {processor.py:826} INFO - Processing file /usr/local/lib/python3.8/dist-packages/airflow/example_dags/example_sensors.py for tasks to queue
[2023-06-14T14:40:38.779+0000] {logging_mixin.py:149} INFO - [2023-06-14T14:40:38.779+0000] {dagbag.py:541} INFO - Filling up the DagBag from /usr/local/lib/python3.8/dist-packages/airflow/example_dags/example_sensors.py
[2023-06-14T14:40:38.789+0000] {processor.py:836} INFO - DAG(s) dict_keys(['example_sensors']) retrieved from /usr/local/lib/python3.8/dist-packages/airflow/example_dags/example_sensors.py
[2023-06-14T14:40:38.814+0000] {logging_mixin.py:149} INFO - [2023-06-14T14:40:38.814+0000] {dag.py:2726} INFO - Sync 1 DAGs
[2023-06-14T14:40:38.834+0000] {logging_mixin.py:149} INFO - [2023-06-14T14:40:38.834+0000] {dag.py:3486} INFO - Setting next_dagrun for example_sensors to None, run_after=None
[2023-06-14T14:40:38.861+0000] {processor.py:179} INFO - Processing /usr/local/lib/python3.8/dist-packages/airflow/example_dags/example_sensors.py took 0.090 seconds
[2023-06-14T14:41:33.385+0000] {processor.py:157} INFO - Started process (PID=8077) to work on /usr/local/lib/python3.8/dist-packages/airflow/example_dags/example_sensors.py
[2023-06-14T14:41:33.386+0000] {processor.py:826} INFO - Processing file /usr/local/lib/python3.8/dist-packages/airflow/example_dags/example_sensors.py for tasks to queue
[2023-06-14T14:41:33.388+0000] {logging_mixin.py:149} INFO - [2023-06-14T14:41:33.388+0000] {dagbag.py:541} INFO - Filling up the DagBag from /usr/local/lib/python3.8/dist-packages/airflow/example_dags/example_sensors.py
[2023-06-14T14:41:33.398+0000] {processor.py:836} INFO - DAG(s) dict_keys(['example_sensors']) retrieved from /usr/local/lib/python3.8/dist-packages/airflow/example_dags/example_sensors.py
[2023-06-14T14:41:33.422+0000] {logging_mixin.py:149} INFO - [2023-06-14T14:41:33.422+0000] {dag.py:2726} INFO - Sync 1 DAGs
[2023-06-14T14:41:33.441+0000] {logging_mixin.py:149} INFO - [2023-06-14T14:41:33.441+0000] {dag.py:3486} INFO - Setting next_dagrun for example_sensors to None, run_after=None
[2023-06-14T14:41:33.469+0000] {processor.py:179} INFO - Processing /usr/local/lib/python3.8/dist-packages/airflow/example_dags/example_sensors.py took 0.088 seconds
[2023-06-14T14:42:27.219+0000] {processor.py:157} INFO - Started process (PID=8239) to work on /usr/local/lib/python3.8/dist-packages/airflow/example_dags/example_sensors.py
[2023-06-14T14:42:27.220+0000] {processor.py:826} INFO - Processing file /usr/local/lib/python3.8/dist-packages/airflow/example_dags/example_sensors.py for tasks to queue
[2023-06-14T14:42:27.223+0000] {logging_mixin.py:149} INFO - [2023-06-14T14:42:27.222+0000] {dagbag.py:541} INFO - Filling up the DagBag from /usr/local/lib/python3.8/dist-packages/airflow/example_dags/example_sensors.py
[2023-06-14T14:42:27.233+0000] {processor.py:836} INFO - DAG(s) dict_keys(['example_sensors']) retrieved from /usr/local/lib/python3.8/dist-packages/airflow/example_dags/example_sensors.py
[2023-06-14T14:42:27.258+0000] {logging_mixin.py:149} INFO - [2023-06-14T14:42:27.258+0000] {dag.py:2726} INFO - Sync 1 DAGs
[2023-06-14T14:42:27.278+0000] {logging_mixin.py:149} INFO - [2023-06-14T14:42:27.278+0000] {dag.py:3486} INFO - Setting next_dagrun for example_sensors to None, run_after=None
[2023-06-14T14:42:27.304+0000] {processor.py:179} INFO - Processing /usr/local/lib/python3.8/dist-packages/airflow/example_dags/example_sensors.py took 0.089 seconds
[2023-06-14T14:43:23.639+0000] {processor.py:157} INFO - Started process (PID=8397) to work on /usr/local/lib/python3.8/dist-packages/airflow/example_dags/example_sensors.py
[2023-06-14T14:43:23.640+0000] {processor.py:826} INFO - Processing file /usr/local/lib/python3.8/dist-packages/airflow/example_dags/example_sensors.py for tasks to queue
[2023-06-14T14:43:23.643+0000] {logging_mixin.py:149} INFO - [2023-06-14T14:43:23.643+0000] {dagbag.py:541} INFO - Filling up the DagBag from /usr/local/lib/python3.8/dist-packages/airflow/example_dags/example_sensors.py
[2023-06-14T14:43:23.653+0000] {processor.py:836} INFO - DAG(s) dict_keys(['example_sensors']) retrieved from /usr/local/lib/python3.8/dist-packages/airflow/example_dags/example_sensors.py
[2023-06-14T14:43:23.677+0000] {logging_mixin.py:149} INFO - [2023-06-14T14:43:23.677+0000] {dag.py:2726} INFO - Sync 1 DAGs
[2023-06-14T14:43:23.697+0000] {logging_mixin.py:149} INFO - [2023-06-14T14:43:23.697+0000] {dag.py:3486} INFO - Setting next_dagrun for example_sensors to None, run_after=None
[2023-06-14T14:43:23.729+0000] {processor.py:179} INFO - Processing /usr/local/lib/python3.8/dist-packages/airflow/example_dags/example_sensors.py took 0.094 seconds
[2023-06-14T14:44:18.377+0000] {processor.py:157} INFO - Started process (PID=8656) to work on /usr/local/lib/python3.8/dist-packages/airflow/example_dags/example_sensors.py
[2023-06-14T14:44:18.379+0000] {processor.py:826} INFO - Processing file /usr/local/lib/python3.8/dist-packages/airflow/example_dags/example_sensors.py for tasks to queue
[2023-06-14T14:44:18.381+0000] {logging_mixin.py:149} INFO - [2023-06-14T14:44:18.381+0000] {dagbag.py:541} INFO - Filling up the DagBag from /usr/local/lib/python3.8/dist-packages/airflow/example_dags/example_sensors.py
[2023-06-14T14:44:18.393+0000] {processor.py:836} INFO - DAG(s) dict_keys(['example_sensors']) retrieved from /usr/local/lib/python3.8/dist-packages/airflow/example_dags/example_sensors.py
[2023-06-14T14:44:18.427+0000] {logging_mixin.py:149} INFO - [2023-06-14T14:44:18.427+0000] {dag.py:2726} INFO - Sync 1 DAGs
[2023-06-14T14:44:18.450+0000] {logging_mixin.py:149} INFO - [2023-06-14T14:44:18.449+0000] {dag.py:3486} INFO - Setting next_dagrun for example_sensors to None, run_after=None
[2023-06-14T14:44:18.479+0000] {processor.py:179} INFO - Processing /usr/local/lib/python3.8/dist-packages/airflow/example_dags/example_sensors.py took 0.106 seconds
[2023-06-14T14:45:13.639+0000] {processor.py:157} INFO - Started process (PID=8814) to work on /usr/local/lib/python3.8/dist-packages/airflow/example_dags/example_sensors.py
[2023-06-14T14:45:13.640+0000] {processor.py:826} INFO - Processing file /usr/local/lib/python3.8/dist-packages/airflow/example_dags/example_sensors.py for tasks to queue
[2023-06-14T14:45:13.643+0000] {logging_mixin.py:149} INFO - [2023-06-14T14:45:13.643+0000] {dagbag.py:541} INFO - Filling up the DagBag from /usr/local/lib/python3.8/dist-packages/airflow/example_dags/example_sensors.py
[2023-06-14T14:45:13.656+0000] {processor.py:836} INFO - DAG(s) dict_keys(['example_sensors']) retrieved from /usr/local/lib/python3.8/dist-packages/airflow/example_dags/example_sensors.py
[2023-06-14T14:45:13.683+0000] {logging_mixin.py:149} INFO - [2023-06-14T14:45:13.683+0000] {dag.py:2726} INFO - Sync 1 DAGs
[2023-06-14T14:45:13.702+0000] {logging_mixin.py:149} INFO - [2023-06-14T14:45:13.702+0000] {dag.py:3486} INFO - Setting next_dagrun for example_sensors to None, run_after=None
[2023-06-14T14:45:13.731+0000] {processor.py:179} INFO - Processing /usr/local/lib/python3.8/dist-packages/airflow/example_dags/example_sensors.py took 0.096 seconds
[2023-06-14T14:46:11.685+0000] {processor.py:157} INFO - Started process (PID=8976) to work on /usr/local/lib/python3.8/dist-packages/airflow/example_dags/example_sensors.py
[2023-06-14T14:46:11.686+0000] {processor.py:826} INFO - Processing file /usr/local/lib/python3.8/dist-packages/airflow/example_dags/example_sensors.py for tasks to queue
[2023-06-14T14:46:11.689+0000] {logging_mixin.py:149} INFO - [2023-06-14T14:46:11.689+0000] {dagbag.py:541} INFO - Filling up the DagBag from /usr/local/lib/python3.8/dist-packages/airflow/example_dags/example_sensors.py
[2023-06-14T14:46:11.704+0000] {processor.py:836} INFO - DAG(s) dict_keys(['example_sensors']) retrieved from /usr/local/lib/python3.8/dist-packages/airflow/example_dags/example_sensors.py
[2023-06-14T14:46:11.729+0000] {logging_mixin.py:149} INFO - [2023-06-14T14:46:11.729+0000] {dag.py:2726} INFO - Sync 1 DAGs
[2023-06-14T14:46:11.750+0000] {logging_mixin.py:149} INFO - [2023-06-14T14:46:11.750+0000] {dag.py:3486} INFO - Setting next_dagrun for example_sensors to None, run_after=None
[2023-06-14T14:46:11.776+0000] {processor.py:179} INFO - Processing /usr/local/lib/python3.8/dist-packages/airflow/example_dags/example_sensors.py took 0.095 seconds
[2023-06-14T14:47:00.957+0000] {processor.py:157} INFO - Started process (PID=9130) to work on /usr/local/lib/python3.8/dist-packages/airflow/example_dags/example_sensors.py
[2023-06-14T14:47:00.958+0000] {processor.py:826} INFO - Processing file /usr/local/lib/python3.8/dist-packages/airflow/example_dags/example_sensors.py for tasks to queue
[2023-06-14T14:47:00.961+0000] {logging_mixin.py:149} INFO - [2023-06-14T14:47:00.961+0000] {dagbag.py:541} INFO - Filling up the DagBag from /usr/local/lib/python3.8/dist-packages/airflow/example_dags/example_sensors.py
[2023-06-14T14:47:00.971+0000] {processor.py:836} INFO - DAG(s) dict_keys(['example_sensors']) retrieved from /usr/local/lib/python3.8/dist-packages/airflow/example_dags/example_sensors.py
[2023-06-14T14:47:00.995+0000] {logging_mixin.py:149} INFO - [2023-06-14T14:47:00.995+0000] {dag.py:2726} INFO - Sync 1 DAGs
[2023-06-14T14:47:01.015+0000] {logging_mixin.py:149} INFO - [2023-06-14T14:47:01.015+0000] {dag.py:3486} INFO - Setting next_dagrun for example_sensors to None, run_after=None
[2023-06-14T14:47:01.043+0000] {processor.py:179} INFO - Processing /usr/local/lib/python3.8/dist-packages/airflow/example_dags/example_sensors.py took 0.090 seconds
[2023-06-14T14:47:55.045+0000] {processor.py:157} INFO - Started process (PID=9291) to work on /usr/local/lib/python3.8/dist-packages/airflow/example_dags/example_sensors.py
[2023-06-14T14:47:55.046+0000] {processor.py:826} INFO - Processing file /usr/local/lib/python3.8/dist-packages/airflow/example_dags/example_sensors.py for tasks to queue
[2023-06-14T14:47:55.049+0000] {logging_mixin.py:149} INFO - [2023-06-14T14:47:55.049+0000] {dagbag.py:541} INFO - Filling up the DagBag from /usr/local/lib/python3.8/dist-packages/airflow/example_dags/example_sensors.py
[2023-06-14T14:47:55.059+0000] {processor.py:836} INFO - DAG(s) dict_keys(['example_sensors']) retrieved from /usr/local/lib/python3.8/dist-packages/airflow/example_dags/example_sensors.py
[2023-06-14T14:47:55.084+0000] {logging_mixin.py:149} INFO - [2023-06-14T14:47:55.084+0000] {dag.py:2726} INFO - Sync 1 DAGs
[2023-06-14T14:47:55.104+0000] {logging_mixin.py:149} INFO - [2023-06-14T14:47:55.104+0000] {dag.py:3486} INFO - Setting next_dagrun for example_sensors to None, run_after=None
[2023-06-14T14:47:55.134+0000] {processor.py:179} INFO - Processing /usr/local/lib/python3.8/dist-packages/airflow/example_dags/example_sensors.py took 0.093 seconds
[2023-06-14T14:48:49.803+0000] {processor.py:157} INFO - Started process (PID=9345) to work on /usr/local/lib/python3.8/dist-packages/airflow/example_dags/example_sensors.py
[2023-06-14T14:48:49.804+0000] {processor.py:826} INFO - Processing file /usr/local/lib/python3.8/dist-packages/airflow/example_dags/example_sensors.py for tasks to queue
[2023-06-14T14:48:49.807+0000] {logging_mixin.py:149} INFO - [2023-06-14T14:48:49.807+0000] {dagbag.py:541} INFO - Filling up the DagBag from /usr/local/lib/python3.8/dist-packages/airflow/example_dags/example_sensors.py
[2023-06-14T14:48:49.817+0000] {processor.py:836} INFO - DAG(s) dict_keys(['example_sensors']) retrieved from /usr/local/lib/python3.8/dist-packages/airflow/example_dags/example_sensors.py
[2023-06-14T14:48:49.843+0000] {logging_mixin.py:149} INFO - [2023-06-14T14:48:49.843+0000] {dag.py:2726} INFO - Sync 1 DAGs
[2023-06-14T14:48:49.863+0000] {logging_mixin.py:149} INFO - [2023-06-14T14:48:49.863+0000] {dag.py:3486} INFO - Setting next_dagrun for example_sensors to None, run_after=None
[2023-06-14T14:48:49.890+0000] {processor.py:179} INFO - Processing /usr/local/lib/python3.8/dist-packages/airflow/example_dags/example_sensors.py took 0.091 seconds
[2023-06-14T14:49:45.352+0000] {processor.py:157} INFO - Started process (PID=9605) to work on /usr/local/lib/python3.8/dist-packages/airflow/example_dags/example_sensors.py
[2023-06-14T14:49:45.354+0000] {processor.py:826} INFO - Processing file /usr/local/lib/python3.8/dist-packages/airflow/example_dags/example_sensors.py for tasks to queue
[2023-06-14T14:49:45.356+0000] {logging_mixin.py:149} INFO - [2023-06-14T14:49:45.356+0000] {dagbag.py:541} INFO - Filling up the DagBag from /usr/local/lib/python3.8/dist-packages/airflow/example_dags/example_sensors.py
[2023-06-14T14:49:45.366+0000] {processor.py:836} INFO - DAG(s) dict_keys(['example_sensors']) retrieved from /usr/local/lib/python3.8/dist-packages/airflow/example_dags/example_sensors.py
[2023-06-14T14:49:45.391+0000] {logging_mixin.py:149} INFO - [2023-06-14T14:49:45.391+0000] {dag.py:2726} INFO - Sync 1 DAGs
[2023-06-14T14:49:45.412+0000] {logging_mixin.py:149} INFO - [2023-06-14T14:49:45.412+0000] {dag.py:3486} INFO - Setting next_dagrun for example_sensors to None, run_after=None
[2023-06-14T14:49:45.439+0000] {processor.py:179} INFO - Processing /usr/local/lib/python3.8/dist-packages/airflow/example_dags/example_sensors.py took 0.091 seconds
[2023-06-14T14:50:39.651+0000] {processor.py:157} INFO - Started process (PID=9763) to work on /usr/local/lib/python3.8/dist-packages/airflow/example_dags/example_sensors.py
[2023-06-14T14:50:39.652+0000] {processor.py:826} INFO - Processing file /usr/local/lib/python3.8/dist-packages/airflow/example_dags/example_sensors.py for tasks to queue
[2023-06-14T14:50:39.654+0000] {logging_mixin.py:149} INFO - [2023-06-14T14:50:39.654+0000] {dagbag.py:541} INFO - Filling up the DagBag from /usr/local/lib/python3.8/dist-packages/airflow/example_dags/example_sensors.py
[2023-06-14T14:50:39.664+0000] {processor.py:836} INFO - DAG(s) dict_keys(['example_sensors']) retrieved from /usr/local/lib/python3.8/dist-packages/airflow/example_dags/example_sensors.py
[2023-06-14T14:50:39.689+0000] {logging_mixin.py:149} INFO - [2023-06-14T14:50:39.689+0000] {dag.py:2726} INFO - Sync 1 DAGs
[2023-06-14T14:50:39.708+0000] {logging_mixin.py:149} INFO - [2023-06-14T14:50:39.708+0000] {dag.py:3486} INFO - Setting next_dagrun for example_sensors to None, run_after=None
[2023-06-14T14:50:39.734+0000] {processor.py:179} INFO - Processing /usr/local/lib/python3.8/dist-packages/airflow/example_dags/example_sensors.py took 0.087 seconds
[2023-06-14T14:51:28.887+0000] {processor.py:157} INFO - Started process (PID=9918) to work on /usr/local/lib/python3.8/dist-packages/airflow/example_dags/example_sensors.py
[2023-06-14T14:51:28.888+0000] {processor.py:826} INFO - Processing file /usr/local/lib/python3.8/dist-packages/airflow/example_dags/example_sensors.py for tasks to queue
[2023-06-14T14:51:28.891+0000] {logging_mixin.py:149} INFO - [2023-06-14T14:51:28.891+0000] {dagbag.py:541} INFO - Filling up the DagBag from /usr/local/lib/python3.8/dist-packages/airflow/example_dags/example_sensors.py
[2023-06-14T14:51:28.900+0000] {processor.py:836} INFO - DAG(s) dict_keys(['example_sensors']) retrieved from /usr/local/lib/python3.8/dist-packages/airflow/example_dags/example_sensors.py
[2023-06-14T14:51:28.925+0000] {logging_mixin.py:149} INFO - [2023-06-14T14:51:28.925+0000] {dag.py:2726} INFO - Sync 1 DAGs
[2023-06-14T14:51:28.944+0000] {logging_mixin.py:149} INFO - [2023-06-14T14:51:28.944+0000] {dag.py:3486} INFO - Setting next_dagrun for example_sensors to None, run_after=None
[2023-06-14T14:51:28.972+0000] {processor.py:179} INFO - Processing /usr/local/lib/python3.8/dist-packages/airflow/example_dags/example_sensors.py took 0.088 seconds
[2023-06-14T14:52:16.485+0000] {processor.py:157} INFO - Started process (PID=10074) to work on /usr/local/lib/python3.8/dist-packages/airflow/example_dags/example_sensors.py
[2023-06-14T14:52:16.486+0000] {processor.py:826} INFO - Processing file /usr/local/lib/python3.8/dist-packages/airflow/example_dags/example_sensors.py for tasks to queue
[2023-06-14T14:52:16.488+0000] {logging_mixin.py:149} INFO - [2023-06-14T14:52:16.488+0000] {dagbag.py:541} INFO - Filling up the DagBag from /usr/local/lib/python3.8/dist-packages/airflow/example_dags/example_sensors.py
[2023-06-14T14:52:16.498+0000] {processor.py:836} INFO - DAG(s) dict_keys(['example_sensors']) retrieved from /usr/local/lib/python3.8/dist-packages/airflow/example_dags/example_sensors.py
[2023-06-14T14:52:16.522+0000] {logging_mixin.py:149} INFO - [2023-06-14T14:52:16.522+0000] {dag.py:2726} INFO - Sync 1 DAGs
[2023-06-14T14:52:16.543+0000] {logging_mixin.py:149} INFO - [2023-06-14T14:52:16.542+0000] {dag.py:3486} INFO - Setting next_dagrun for example_sensors to None, run_after=None
[2023-06-14T14:52:16.569+0000] {processor.py:179} INFO - Processing /usr/local/lib/python3.8/dist-packages/airflow/example_dags/example_sensors.py took 0.088 seconds
[2023-06-14T14:53:08.015+0000] {processor.py:157} INFO - Started process (PID=10229) to work on /usr/local/lib/python3.8/dist-packages/airflow/example_dags/example_sensors.py
[2023-06-14T14:53:08.016+0000] {processor.py:826} INFO - Processing file /usr/local/lib/python3.8/dist-packages/airflow/example_dags/example_sensors.py for tasks to queue
[2023-06-14T14:53:08.019+0000] {logging_mixin.py:149} INFO - [2023-06-14T14:53:08.018+0000] {dagbag.py:541} INFO - Filling up the DagBag from /usr/local/lib/python3.8/dist-packages/airflow/example_dags/example_sensors.py
[2023-06-14T14:53:08.028+0000] {processor.py:836} INFO - DAG(s) dict_keys(['example_sensors']) retrieved from /usr/local/lib/python3.8/dist-packages/airflow/example_dags/example_sensors.py
[2023-06-14T14:53:08.053+0000] {logging_mixin.py:149} INFO - [2023-06-14T14:53:08.053+0000] {dag.py:2726} INFO - Sync 1 DAGs
[2023-06-14T14:53:08.074+0000] {logging_mixin.py:149} INFO - [2023-06-14T14:53:08.074+0000] {dag.py:3486} INFO - Setting next_dagrun for example_sensors to None, run_after=None
[2023-06-14T14:53:08.110+0000] {processor.py:179} INFO - Processing /usr/local/lib/python3.8/dist-packages/airflow/example_dags/example_sensors.py took 0.099 seconds
[2023-06-14T14:54:01.427+0000] {processor.py:157} INFO - Started process (PID=10490) to work on /usr/local/lib/python3.8/dist-packages/airflow/example_dags/example_sensors.py
[2023-06-14T14:54:01.429+0000] {processor.py:826} INFO - Processing file /usr/local/lib/python3.8/dist-packages/airflow/example_dags/example_sensors.py for tasks to queue
[2023-06-14T14:54:01.431+0000] {logging_mixin.py:149} INFO - [2023-06-14T14:54:01.431+0000] {dagbag.py:541} INFO - Filling up the DagBag from /usr/local/lib/python3.8/dist-packages/airflow/example_dags/example_sensors.py
[2023-06-14T14:54:01.441+0000] {processor.py:836} INFO - DAG(s) dict_keys(['example_sensors']) retrieved from /usr/local/lib/python3.8/dist-packages/airflow/example_dags/example_sensors.py
[2023-06-14T14:54:01.467+0000] {logging_mixin.py:149} INFO - [2023-06-14T14:54:01.466+0000] {dag.py:2726} INFO - Sync 1 DAGs
[2023-06-14T14:54:01.487+0000] {logging_mixin.py:149} INFO - [2023-06-14T14:54:01.486+0000] {dag.py:3486} INFO - Setting next_dagrun for example_sensors to None, run_after=None
[2023-06-14T14:54:01.514+0000] {processor.py:179} INFO - Processing /usr/local/lib/python3.8/dist-packages/airflow/example_dags/example_sensors.py took 0.091 seconds
[2023-06-14T14:54:55.180+0000] {processor.py:157} INFO - Started process (PID=10647) to work on /usr/local/lib/python3.8/dist-packages/airflow/example_dags/example_sensors.py
[2023-06-14T14:54:55.181+0000] {processor.py:826} INFO - Processing file /usr/local/lib/python3.8/dist-packages/airflow/example_dags/example_sensors.py for tasks to queue
[2023-06-14T14:54:55.183+0000] {logging_mixin.py:149} INFO - [2023-06-14T14:54:55.183+0000] {dagbag.py:541} INFO - Filling up the DagBag from /usr/local/lib/python3.8/dist-packages/airflow/example_dags/example_sensors.py
[2023-06-14T14:54:55.193+0000] {processor.py:836} INFO - DAG(s) dict_keys(['example_sensors']) retrieved from /usr/local/lib/python3.8/dist-packages/airflow/example_dags/example_sensors.py
[2023-06-14T14:54:55.217+0000] {logging_mixin.py:149} INFO - [2023-06-14T14:54:55.217+0000] {dag.py:2726} INFO - Sync 1 DAGs
[2023-06-14T14:54:55.237+0000] {logging_mixin.py:149} INFO - [2023-06-14T14:54:55.237+0000] {dag.py:3486} INFO - Setting next_dagrun for example_sensors to None, run_after=None
[2023-06-14T14:54:55.265+0000] {processor.py:179} INFO - Processing /usr/local/lib/python3.8/dist-packages/airflow/example_dags/example_sensors.py took 0.089 seconds
[2023-06-14T14:55:49.399+0000] {processor.py:157} INFO - Started process (PID=10802) to work on /usr/local/lib/python3.8/dist-packages/airflow/example_dags/example_sensors.py
[2023-06-14T14:55:49.400+0000] {processor.py:826} INFO - Processing file /usr/local/lib/python3.8/dist-packages/airflow/example_dags/example_sensors.py for tasks to queue
[2023-06-14T14:55:49.403+0000] {logging_mixin.py:149} INFO - [2023-06-14T14:55:49.403+0000] {dagbag.py:541} INFO - Filling up the DagBag from /usr/local/lib/python3.8/dist-packages/airflow/example_dags/example_sensors.py
[2023-06-14T14:55:49.412+0000] {processor.py:836} INFO - DAG(s) dict_keys(['example_sensors']) retrieved from /usr/local/lib/python3.8/dist-packages/airflow/example_dags/example_sensors.py
[2023-06-14T14:55:49.437+0000] {logging_mixin.py:149} INFO - [2023-06-14T14:55:49.437+0000] {dag.py:2726} INFO - Sync 1 DAGs
[2023-06-14T14:55:49.458+0000] {logging_mixin.py:149} INFO - [2023-06-14T14:55:49.458+0000] {dag.py:3486} INFO - Setting next_dagrun for example_sensors to None, run_after=None
[2023-06-14T14:55:49.485+0000] {processor.py:179} INFO - Processing /usr/local/lib/python3.8/dist-packages/airflow/example_dags/example_sensors.py took 0.090 seconds
[2023-06-14T14:56:40.874+0000] {processor.py:157} INFO - Started process (PID=10959) to work on /usr/local/lib/python3.8/dist-packages/airflow/example_dags/example_sensors.py
[2023-06-14T14:56:40.875+0000] {processor.py:826} INFO - Processing file /usr/local/lib/python3.8/dist-packages/airflow/example_dags/example_sensors.py for tasks to queue
[2023-06-14T14:56:40.878+0000] {logging_mixin.py:149} INFO - [2023-06-14T14:56:40.878+0000] {dagbag.py:541} INFO - Filling up the DagBag from /usr/local/lib/python3.8/dist-packages/airflow/example_dags/example_sensors.py
[2023-06-14T14:56:40.889+0000] {processor.py:836} INFO - DAG(s) dict_keys(['example_sensors']) retrieved from /usr/local/lib/python3.8/dist-packages/airflow/example_dags/example_sensors.py
[2023-06-14T14:56:40.918+0000] {logging_mixin.py:149} INFO - [2023-06-14T14:56:40.918+0000] {dag.py:2726} INFO - Sync 1 DAGs
[2023-06-14T14:56:40.938+0000] {logging_mixin.py:149} INFO - [2023-06-14T14:56:40.938+0000] {dag.py:3486} INFO - Setting next_dagrun for example_sensors to None, run_after=None
[2023-06-14T14:56:40.966+0000] {processor.py:179} INFO - Processing /usr/local/lib/python3.8/dist-packages/airflow/example_dags/example_sensors.py took 0.100 seconds
[2023-06-14T14:57:28.709+0000] {processor.py:157} INFO - Started process (PID=11117) to work on /usr/local/lib/python3.8/dist-packages/airflow/example_dags/example_sensors.py
[2023-06-14T14:57:28.711+0000] {processor.py:826} INFO - Processing file /usr/local/lib/python3.8/dist-packages/airflow/example_dags/example_sensors.py for tasks to queue
[2023-06-14T14:57:28.713+0000] {logging_mixin.py:149} INFO - [2023-06-14T14:57:28.713+0000] {dagbag.py:541} INFO - Filling up the DagBag from /usr/local/lib/python3.8/dist-packages/airflow/example_dags/example_sensors.py
[2023-06-14T14:57:28.724+0000] {processor.py:836} INFO - DAG(s) dict_keys(['example_sensors']) retrieved from /usr/local/lib/python3.8/dist-packages/airflow/example_dags/example_sensors.py
[2023-06-14T14:57:28.748+0000] {logging_mixin.py:149} INFO - [2023-06-14T14:57:28.748+0000] {dag.py:2726} INFO - Sync 1 DAGs
[2023-06-14T14:57:28.768+0000] {logging_mixin.py:149} INFO - [2023-06-14T14:57:28.768+0000] {dag.py:3486} INFO - Setting next_dagrun for example_sensors to None, run_after=None
[2023-06-14T14:57:28.796+0000] {processor.py:179} INFO - Processing /usr/local/lib/python3.8/dist-packages/airflow/example_dags/example_sensors.py took 0.090 seconds
[2023-06-14T14:58:22.624+0000] {processor.py:157} INFO - Started process (PID=11273) to work on /usr/local/lib/python3.8/dist-packages/airflow/example_dags/example_sensors.py
[2023-06-14T14:58:22.625+0000] {processor.py:826} INFO - Processing file /usr/local/lib/python3.8/dist-packages/airflow/example_dags/example_sensors.py for tasks to queue
[2023-06-14T14:58:22.627+0000] {logging_mixin.py:149} INFO - [2023-06-14T14:58:22.627+0000] {dagbag.py:541} INFO - Filling up the DagBag from /usr/local/lib/python3.8/dist-packages/airflow/example_dags/example_sensors.py
[2023-06-14T14:58:22.637+0000] {processor.py:836} INFO - DAG(s) dict_keys(['example_sensors']) retrieved from /usr/local/lib/python3.8/dist-packages/airflow/example_dags/example_sensors.py
[2023-06-14T14:58:22.661+0000] {logging_mixin.py:149} INFO - [2023-06-14T14:58:22.661+0000] {dag.py:2726} INFO - Sync 1 DAGs
[2023-06-14T14:58:22.681+0000] {logging_mixin.py:149} INFO - [2023-06-14T14:58:22.681+0000] {dag.py:3486} INFO - Setting next_dagrun for example_sensors to None, run_after=None
[2023-06-14T14:58:22.710+0000] {processor.py:179} INFO - Processing /usr/local/lib/python3.8/dist-packages/airflow/example_dags/example_sensors.py took 0.090 seconds
[2023-06-14T14:59:09.205+0000] {processor.py:157} INFO - Started process (PID=11528) to work on /usr/local/lib/python3.8/dist-packages/airflow/example_dags/example_sensors.py
[2023-06-14T14:59:09.206+0000] {processor.py:826} INFO - Processing file /usr/local/lib/python3.8/dist-packages/airflow/example_dags/example_sensors.py for tasks to queue
[2023-06-14T14:59:09.209+0000] {logging_mixin.py:149} INFO - [2023-06-14T14:59:09.209+0000] {dagbag.py:541} INFO - Filling up the DagBag from /usr/local/lib/python3.8/dist-packages/airflow/example_dags/example_sensors.py
[2023-06-14T14:59:09.218+0000] {processor.py:836} INFO - DAG(s) dict_keys(['example_sensors']) retrieved from /usr/local/lib/python3.8/dist-packages/airflow/example_dags/example_sensors.py
[2023-06-14T14:59:09.243+0000] {logging_mixin.py:149} INFO - [2023-06-14T14:59:09.243+0000] {dag.py:2726} INFO - Sync 1 DAGs
[2023-06-14T14:59:09.263+0000] {logging_mixin.py:149} INFO - [2023-06-14T14:59:09.263+0000] {dag.py:3486} INFO - Setting next_dagrun for example_sensors to None, run_after=None
[2023-06-14T14:59:09.293+0000] {processor.py:179} INFO - Processing /usr/local/lib/python3.8/dist-packages/airflow/example_dags/example_sensors.py took 0.091 seconds
[2023-06-14T14:59:54.835+0000] {processor.py:157} INFO - Started process (PID=11679) to work on /usr/local/lib/python3.8/dist-packages/airflow/example_dags/example_sensors.py
[2023-06-14T14:59:54.836+0000] {processor.py:826} INFO - Processing file /usr/local/lib/python3.8/dist-packages/airflow/example_dags/example_sensors.py for tasks to queue
[2023-06-14T14:59:54.839+0000] {logging_mixin.py:149} INFO - [2023-06-14T14:59:54.838+0000] {dagbag.py:541} INFO - Filling up the DagBag from /usr/local/lib/python3.8/dist-packages/airflow/example_dags/example_sensors.py
[2023-06-14T14:59:54.848+0000] {processor.py:836} INFO - DAG(s) dict_keys(['example_sensors']) retrieved from /usr/local/lib/python3.8/dist-packages/airflow/example_dags/example_sensors.py
[2023-06-14T14:59:54.872+0000] {logging_mixin.py:149} INFO - [2023-06-14T14:59:54.872+0000] {dag.py:2726} INFO - Sync 1 DAGs
[2023-06-14T14:59:54.891+0000] {logging_mixin.py:149} INFO - [2023-06-14T14:59:54.891+0000] {dag.py:3486} INFO - Setting next_dagrun for example_sensors to None, run_after=None
[2023-06-14T14:59:54.919+0000] {processor.py:179} INFO - Processing /usr/local/lib/python3.8/dist-packages/airflow/example_dags/example_sensors.py took 0.088 seconds
[2023-06-14T15:00:45.616+0000] {processor.py:157} INFO - Started process (PID=11731) to work on /usr/local/lib/python3.8/dist-packages/airflow/example_dags/example_sensors.py
[2023-06-14T15:00:45.618+0000] {processor.py:826} INFO - Processing file /usr/local/lib/python3.8/dist-packages/airflow/example_dags/example_sensors.py for tasks to queue
[2023-06-14T15:00:45.620+0000] {logging_mixin.py:149} INFO - [2023-06-14T15:00:45.620+0000] {dagbag.py:541} INFO - Filling up the DagBag from /usr/local/lib/python3.8/dist-packages/airflow/example_dags/example_sensors.py
[2023-06-14T15:00:45.631+0000] {processor.py:836} INFO - DAG(s) dict_keys(['example_sensors']) retrieved from /usr/local/lib/python3.8/dist-packages/airflow/example_dags/example_sensors.py
[2023-06-14T15:00:45.657+0000] {logging_mixin.py:149} INFO - [2023-06-14T15:00:45.657+0000] {dag.py:2726} INFO - Sync 1 DAGs
[2023-06-14T15:00:45.677+0000] {logging_mixin.py:149} INFO - [2023-06-14T15:00:45.677+0000] {dag.py:3486} INFO - Setting next_dagrun for example_sensors to None, run_after=None
[2023-06-14T15:00:45.705+0000] {processor.py:179} INFO - Processing /usr/local/lib/python3.8/dist-packages/airflow/example_dags/example_sensors.py took 0.093 seconds
[2023-06-14T15:01:38.554+0000] {processor.py:157} INFO - Started process (PID=11889) to work on /usr/local/lib/python3.8/dist-packages/airflow/example_dags/example_sensors.py
[2023-06-14T15:01:38.555+0000] {processor.py:826} INFO - Processing file /usr/local/lib/python3.8/dist-packages/airflow/example_dags/example_sensors.py for tasks to queue
[2023-06-14T15:01:38.558+0000] {logging_mixin.py:149} INFO - [2023-06-14T15:01:38.557+0000] {dagbag.py:541} INFO - Filling up the DagBag from /usr/local/lib/python3.8/dist-packages/airflow/example_dags/example_sensors.py
[2023-06-14T15:01:38.567+0000] {processor.py:836} INFO - DAG(s) dict_keys(['example_sensors']) retrieved from /usr/local/lib/python3.8/dist-packages/airflow/example_dags/example_sensors.py
[2023-06-14T15:01:38.591+0000] {logging_mixin.py:149} INFO - [2023-06-14T15:01:38.591+0000] {dag.py:2726} INFO - Sync 1 DAGs
[2023-06-14T15:01:38.611+0000] {logging_mixin.py:149} INFO - [2023-06-14T15:01:38.611+0000] {dag.py:3486} INFO - Setting next_dagrun for example_sensors to None, run_after=None
[2023-06-14T15:01:38.638+0000] {processor.py:179} INFO - Processing /usr/local/lib/python3.8/dist-packages/airflow/example_dags/example_sensors.py took 0.088 seconds
[2023-06-14T15:02:27.941+0000] {processor.py:157} INFO - Started process (PID=12051) to work on /usr/local/lib/python3.8/dist-packages/airflow/example_dags/example_sensors.py
[2023-06-14T15:02:27.942+0000] {processor.py:826} INFO - Processing file /usr/local/lib/python3.8/dist-packages/airflow/example_dags/example_sensors.py for tasks to queue
[2023-06-14T15:02:27.944+0000] {logging_mixin.py:149} INFO - [2023-06-14T15:02:27.944+0000] {dagbag.py:541} INFO - Filling up the DagBag from /usr/local/lib/python3.8/dist-packages/airflow/example_dags/example_sensors.py
[2023-06-14T15:02:27.954+0000] {processor.py:836} INFO - DAG(s) dict_keys(['example_sensors']) retrieved from /usr/local/lib/python3.8/dist-packages/airflow/example_dags/example_sensors.py
[2023-06-14T15:02:27.978+0000] {logging_mixin.py:149} INFO - [2023-06-14T15:02:27.978+0000] {dag.py:2726} INFO - Sync 1 DAGs
[2023-06-14T15:02:27.998+0000] {logging_mixin.py:149} INFO - [2023-06-14T15:02:27.998+0000] {dag.py:3486} INFO - Setting next_dagrun for example_sensors to None, run_after=None
[2023-06-14T15:02:28.026+0000] {processor.py:179} INFO - Processing /usr/local/lib/python3.8/dist-packages/airflow/example_dags/example_sensors.py took 0.090 seconds
[2023-06-14T15:03:18.288+0000] {processor.py:157} INFO - Started process (PID=12309) to work on /usr/local/lib/python3.8/dist-packages/airflow/example_dags/example_sensors.py
[2023-06-14T15:03:18.289+0000] {processor.py:826} INFO - Processing file /usr/local/lib/python3.8/dist-packages/airflow/example_dags/example_sensors.py for tasks to queue
[2023-06-14T15:03:18.291+0000] {logging_mixin.py:149} INFO - [2023-06-14T15:03:18.291+0000] {dagbag.py:541} INFO - Filling up the DagBag from /usr/local/lib/python3.8/dist-packages/airflow/example_dags/example_sensors.py
[2023-06-14T15:03:18.301+0000] {processor.py:836} INFO - DAG(s) dict_keys(['example_sensors']) retrieved from /usr/local/lib/python3.8/dist-packages/airflow/example_dags/example_sensors.py
[2023-06-14T15:03:18.325+0000] {logging_mixin.py:149} INFO - [2023-06-14T15:03:18.325+0000] {dag.py:2726} INFO - Sync 1 DAGs
[2023-06-14T15:03:18.345+0000] {logging_mixin.py:149} INFO - [2023-06-14T15:03:18.345+0000] {dag.py:3486} INFO - Setting next_dagrun for example_sensors to None, run_after=None
[2023-06-14T15:03:18.374+0000] {processor.py:179} INFO - Processing /usr/local/lib/python3.8/dist-packages/airflow/example_dags/example_sensors.py took 0.090 seconds
[2023-06-14T15:03:56.734+0000] {processor.py:157} INFO - Started process (PID=12491) to work on /usr/local/lib/python3.8/dist-packages/airflow/example_dags/example_sensors.py
[2023-06-14T15:03:56.735+0000] {processor.py:826} INFO - Processing file /usr/local/lib/python3.8/dist-packages/airflow/example_dags/example_sensors.py for tasks to queue
[2023-06-14T15:03:56.737+0000] {logging_mixin.py:149} INFO - [2023-06-14T15:03:56.737+0000] {dagbag.py:541} INFO - Filling up the DagBag from /usr/local/lib/python3.8/dist-packages/airflow/example_dags/example_sensors.py
[2023-06-14T15:03:56.747+0000] {processor.py:836} INFO - DAG(s) dict_keys(['example_sensors']) retrieved from /usr/local/lib/python3.8/dist-packages/airflow/example_dags/example_sensors.py
[2023-06-14T15:03:56.771+0000] {logging_mixin.py:149} INFO - [2023-06-14T15:03:56.771+0000] {dag.py:2726} INFO - Sync 1 DAGs
[2023-06-14T15:03:56.791+0000] {logging_mixin.py:149} INFO - [2023-06-14T15:03:56.791+0000] {dag.py:3486} INFO - Setting next_dagrun for example_sensors to None, run_after=None
[2023-06-14T15:03:56.819+0000] {processor.py:179} INFO - Processing /usr/local/lib/python3.8/dist-packages/airflow/example_dags/example_sensors.py took 0.089 seconds
[2023-06-14T15:04:49.339+0000] {processor.py:157} INFO - Started process (PID=12608) to work on /usr/local/lib/python3.8/dist-packages/airflow/example_dags/example_sensors.py
[2023-06-14T15:04:49.340+0000] {processor.py:826} INFO - Processing file /usr/local/lib/python3.8/dist-packages/airflow/example_dags/example_sensors.py for tasks to queue
[2023-06-14T15:04:49.342+0000] {logging_mixin.py:149} INFO - [2023-06-14T15:04:49.342+0000] {dagbag.py:541} INFO - Filling up the DagBag from /usr/local/lib/python3.8/dist-packages/airflow/example_dags/example_sensors.py
[2023-06-14T15:04:49.352+0000] {processor.py:836} INFO - DAG(s) dict_keys(['example_sensors']) retrieved from /usr/local/lib/python3.8/dist-packages/airflow/example_dags/example_sensors.py
[2023-06-14T15:04:49.376+0000] {logging_mixin.py:149} INFO - [2023-06-14T15:04:49.376+0000] {dag.py:2726} INFO - Sync 1 DAGs
[2023-06-14T15:04:49.396+0000] {logging_mixin.py:149} INFO - [2023-06-14T15:04:49.395+0000] {dag.py:3486} INFO - Setting next_dagrun for example_sensors to None, run_after=None
[2023-06-14T15:04:49.423+0000] {processor.py:179} INFO - Processing /usr/local/lib/python3.8/dist-packages/airflow/example_dags/example_sensors.py took 0.088 seconds
[2023-06-14T15:05:44.900+0000] {processor.py:157} INFO - Started process (PID=13003) to work on /usr/local/lib/python3.8/dist-packages/airflow/example_dags/example_sensors.py
[2023-06-14T15:05:44.901+0000] {processor.py:826} INFO - Processing file /usr/local/lib/python3.8/dist-packages/airflow/example_dags/example_sensors.py for tasks to queue
[2023-06-14T15:05:44.903+0000] {logging_mixin.py:149} INFO - [2023-06-14T15:05:44.903+0000] {dagbag.py:541} INFO - Filling up the DagBag from /usr/local/lib/python3.8/dist-packages/airflow/example_dags/example_sensors.py
[2023-06-14T15:05:44.913+0000] {processor.py:836} INFO - DAG(s) dict_keys(['example_sensors']) retrieved from /usr/local/lib/python3.8/dist-packages/airflow/example_dags/example_sensors.py
[2023-06-14T15:05:44.937+0000] {logging_mixin.py:149} INFO - [2023-06-14T15:05:44.937+0000] {dag.py:2726} INFO - Sync 1 DAGs
[2023-06-14T15:05:44.957+0000] {logging_mixin.py:149} INFO - [2023-06-14T15:05:44.957+0000] {dag.py:3486} INFO - Setting next_dagrun for example_sensors to None, run_after=None
[2023-06-14T15:05:44.984+0000] {processor.py:179} INFO - Processing /usr/local/lib/python3.8/dist-packages/airflow/example_dags/example_sensors.py took 0.089 seconds
[2023-06-14T15:06:37.808+0000] {processor.py:157} INFO - Started process (PID=13159) to work on /usr/local/lib/python3.8/dist-packages/airflow/example_dags/example_sensors.py
[2023-06-14T15:06:37.809+0000] {processor.py:826} INFO - Processing file /usr/local/lib/python3.8/dist-packages/airflow/example_dags/example_sensors.py for tasks to queue
[2023-06-14T15:06:37.811+0000] {logging_mixin.py:149} INFO - [2023-06-14T15:06:37.811+0000] {dagbag.py:541} INFO - Filling up the DagBag from /usr/local/lib/python3.8/dist-packages/airflow/example_dags/example_sensors.py
[2023-06-14T15:06:37.822+0000] {processor.py:836} INFO - DAG(s) dict_keys(['example_sensors']) retrieved from /usr/local/lib/python3.8/dist-packages/airflow/example_dags/example_sensors.py
[2023-06-14T15:06:37.846+0000] {logging_mixin.py:149} INFO - [2023-06-14T15:06:37.846+0000] {dag.py:2726} INFO - Sync 1 DAGs
[2023-06-14T15:06:37.867+0000] {logging_mixin.py:149} INFO - [2023-06-14T15:06:37.866+0000] {dag.py:3486} INFO - Setting next_dagrun for example_sensors to None, run_after=None
[2023-06-14T15:06:37.892+0000] {processor.py:179} INFO - Processing /usr/local/lib/python3.8/dist-packages/airflow/example_dags/example_sensors.py took 0.088 seconds
[2023-06-14T15:07:27.173+0000] {processor.py:157} INFO - Started process (PID=13431) to work on /usr/local/lib/python3.8/dist-packages/airflow/example_dags/example_sensors.py
[2023-06-14T15:07:27.175+0000] {processor.py:826} INFO - Processing file /usr/local/lib/python3.8/dist-packages/airflow/example_dags/example_sensors.py for tasks to queue
[2023-06-14T15:07:27.177+0000] {logging_mixin.py:149} INFO - [2023-06-14T15:07:27.177+0000] {dagbag.py:541} INFO - Filling up the DagBag from /usr/local/lib/python3.8/dist-packages/airflow/example_dags/example_sensors.py
[2023-06-14T15:07:27.188+0000] {processor.py:836} INFO - DAG(s) dict_keys(['example_sensors']) retrieved from /usr/local/lib/python3.8/dist-packages/airflow/example_dags/example_sensors.py
[2023-06-14T15:07:27.213+0000] {logging_mixin.py:149} INFO - [2023-06-14T15:07:27.213+0000] {dag.py:2726} INFO - Sync 1 DAGs
[2023-06-14T15:07:27.233+0000] {logging_mixin.py:149} INFO - [2023-06-14T15:07:27.233+0000] {dag.py:3486} INFO - Setting next_dagrun for example_sensors to None, run_after=None
[2023-06-14T15:07:27.269+0000] {processor.py:179} INFO - Processing /usr/local/lib/python3.8/dist-packages/airflow/example_dags/example_sensors.py took 0.100 seconds
[2023-06-14T15:08:18.638+0000] {processor.py:157} INFO - Started process (PID=13587) to work on /usr/local/lib/python3.8/dist-packages/airflow/example_dags/example_sensors.py
[2023-06-14T15:08:18.639+0000] {processor.py:826} INFO - Processing file /usr/local/lib/python3.8/dist-packages/airflow/example_dags/example_sensors.py for tasks to queue
[2023-06-14T15:08:18.642+0000] {logging_mixin.py:149} INFO - [2023-06-14T15:08:18.642+0000] {dagbag.py:541} INFO - Filling up the DagBag from /usr/local/lib/python3.8/dist-packages/airflow/example_dags/example_sensors.py
[2023-06-14T15:08:18.652+0000] {processor.py:836} INFO - DAG(s) dict_keys(['example_sensors']) retrieved from /usr/local/lib/python3.8/dist-packages/airflow/example_dags/example_sensors.py
[2023-06-14T15:08:18.675+0000] {logging_mixin.py:149} INFO - [2023-06-14T15:08:18.675+0000] {dag.py:2726} INFO - Sync 1 DAGs
[2023-06-14T15:08:18.695+0000] {logging_mixin.py:149} INFO - [2023-06-14T15:08:18.695+0000] {dag.py:3486} INFO - Setting next_dagrun for example_sensors to None, run_after=None
[2023-06-14T15:08:18.727+0000] {processor.py:179} INFO - Processing /usr/local/lib/python3.8/dist-packages/airflow/example_dags/example_sensors.py took 0.093 seconds
[2023-06-14T15:09:07.246+0000] {processor.py:157} INFO - Started process (PID=13843) to work on /usr/local/lib/python3.8/dist-packages/airflow/example_dags/example_sensors.py
[2023-06-14T15:09:07.248+0000] {processor.py:826} INFO - Processing file /usr/local/lib/python3.8/dist-packages/airflow/example_dags/example_sensors.py for tasks to queue
[2023-06-14T15:09:07.250+0000] {logging_mixin.py:149} INFO - [2023-06-14T15:09:07.250+0000] {dagbag.py:541} INFO - Filling up the DagBag from /usr/local/lib/python3.8/dist-packages/airflow/example_dags/example_sensors.py
[2023-06-14T15:09:07.260+0000] {processor.py:836} INFO - DAG(s) dict_keys(['example_sensors']) retrieved from /usr/local/lib/python3.8/dist-packages/airflow/example_dags/example_sensors.py
[2023-06-14T15:09:07.284+0000] {logging_mixin.py:149} INFO - [2023-06-14T15:09:07.284+0000] {dag.py:2726} INFO - Sync 1 DAGs
[2023-06-14T15:09:07.303+0000] {logging_mixin.py:149} INFO - [2023-06-14T15:09:07.303+0000] {dag.py:3486} INFO - Setting next_dagrun for example_sensors to None, run_after=None
[2023-06-14T15:09:07.331+0000] {processor.py:179} INFO - Processing /usr/local/lib/python3.8/dist-packages/airflow/example_dags/example_sensors.py took 0.088 seconds
[2023-06-14T15:09:57.733+0000] {processor.py:157} INFO - Started process (PID=13996) to work on /usr/local/lib/python3.8/dist-packages/airflow/example_dags/example_sensors.py
[2023-06-14T15:09:57.734+0000] {processor.py:826} INFO - Processing file /usr/local/lib/python3.8/dist-packages/airflow/example_dags/example_sensors.py for tasks to queue
[2023-06-14T15:09:57.737+0000] {logging_mixin.py:149} INFO - [2023-06-14T15:09:57.737+0000] {dagbag.py:541} INFO - Filling up the DagBag from /usr/local/lib/python3.8/dist-packages/airflow/example_dags/example_sensors.py
[2023-06-14T15:09:57.747+0000] {processor.py:836} INFO - DAG(s) dict_keys(['example_sensors']) retrieved from /usr/local/lib/python3.8/dist-packages/airflow/example_dags/example_sensors.py
[2023-06-14T15:09:57.774+0000] {logging_mixin.py:149} INFO - [2023-06-14T15:09:57.774+0000] {dag.py:2726} INFO - Sync 1 DAGs
[2023-06-14T15:09:57.793+0000] {logging_mixin.py:149} INFO - [2023-06-14T15:09:57.793+0000] {dag.py:3486} INFO - Setting next_dagrun for example_sensors to None, run_after=None
[2023-06-14T15:09:57.823+0000] {processor.py:179} INFO - Processing /usr/local/lib/python3.8/dist-packages/airflow/example_dags/example_sensors.py took 0.094 seconds
[2023-06-14T15:10:50.060+0000] {processor.py:157} INFO - Started process (PID=14051) to work on /usr/local/lib/python3.8/dist-packages/airflow/example_dags/example_sensors.py
[2023-06-14T15:10:50.061+0000] {processor.py:826} INFO - Processing file /usr/local/lib/python3.8/dist-packages/airflow/example_dags/example_sensors.py for tasks to queue
[2023-06-14T15:10:50.063+0000] {logging_mixin.py:149} INFO - [2023-06-14T15:10:50.063+0000] {dagbag.py:541} INFO - Filling up the DagBag from /usr/local/lib/python3.8/dist-packages/airflow/example_dags/example_sensors.py
[2023-06-14T15:10:50.073+0000] {processor.py:836} INFO - DAG(s) dict_keys(['example_sensors']) retrieved from /usr/local/lib/python3.8/dist-packages/airflow/example_dags/example_sensors.py
[2023-06-14T15:10:50.098+0000] {logging_mixin.py:149} INFO - [2023-06-14T15:10:50.098+0000] {dag.py:2726} INFO - Sync 1 DAGs
[2023-06-14T15:10:50.119+0000] {logging_mixin.py:149} INFO - [2023-06-14T15:10:50.119+0000] {dag.py:3486} INFO - Setting next_dagrun for example_sensors to None, run_after=None
[2023-06-14T15:10:50.146+0000] {processor.py:179} INFO - Processing /usr/local/lib/python3.8/dist-packages/airflow/example_dags/example_sensors.py took 0.091 seconds
[2023-06-14T15:11:34.243+0000] {processor.py:157} INFO - Started process (PID=14202) to work on /usr/local/lib/python3.8/dist-packages/airflow/example_dags/example_sensors.py
[2023-06-14T15:11:34.245+0000] {processor.py:826} INFO - Processing file /usr/local/lib/python3.8/dist-packages/airflow/example_dags/example_sensors.py for tasks to queue
[2023-06-14T15:11:34.247+0000] {logging_mixin.py:149} INFO - [2023-06-14T15:11:34.247+0000] {dagbag.py:541} INFO - Filling up the DagBag from /usr/local/lib/python3.8/dist-packages/airflow/example_dags/example_sensors.py
[2023-06-14T15:11:34.257+0000] {processor.py:836} INFO - DAG(s) dict_keys(['example_sensors']) retrieved from /usr/local/lib/python3.8/dist-packages/airflow/example_dags/example_sensors.py
[2023-06-14T15:11:34.282+0000] {logging_mixin.py:149} INFO - [2023-06-14T15:11:34.282+0000] {dag.py:2726} INFO - Sync 1 DAGs
[2023-06-14T15:11:34.301+0000] {logging_mixin.py:149} INFO - [2023-06-14T15:11:34.301+0000] {dag.py:3486} INFO - Setting next_dagrun for example_sensors to None, run_after=None
[2023-06-14T15:11:34.329+0000] {processor.py:179} INFO - Processing /usr/local/lib/python3.8/dist-packages/airflow/example_dags/example_sensors.py took 0.090 seconds
[2023-06-14T15:12:27.144+0000] {processor.py:157} INFO - Started process (PID=14364) to work on /usr/local/lib/python3.8/dist-packages/airflow/example_dags/example_sensors.py
[2023-06-14T15:12:27.145+0000] {processor.py:826} INFO - Processing file /usr/local/lib/python3.8/dist-packages/airflow/example_dags/example_sensors.py for tasks to queue
[2023-06-14T15:12:27.147+0000] {logging_mixin.py:149} INFO - [2023-06-14T15:12:27.147+0000] {dagbag.py:541} INFO - Filling up the DagBag from /usr/local/lib/python3.8/dist-packages/airflow/example_dags/example_sensors.py
[2023-06-14T15:12:27.158+0000] {processor.py:836} INFO - DAG(s) dict_keys(['example_sensors']) retrieved from /usr/local/lib/python3.8/dist-packages/airflow/example_dags/example_sensors.py
[2023-06-14T15:12:27.182+0000] {logging_mixin.py:149} INFO - [2023-06-14T15:12:27.182+0000] {dag.py:2726} INFO - Sync 1 DAGs
[2023-06-14T15:12:27.202+0000] {logging_mixin.py:149} INFO - [2023-06-14T15:12:27.202+0000] {dag.py:3486} INFO - Setting next_dagrun for example_sensors to None, run_after=None
[2023-06-14T15:12:27.228+0000] {processor.py:179} INFO - Processing /usr/local/lib/python3.8/dist-packages/airflow/example_dags/example_sensors.py took 0.088 seconds
[2023-06-14T15:13:21.054+0000] {processor.py:157} INFO - Started process (PID=14520) to work on /usr/local/lib/python3.8/dist-packages/airflow/example_dags/example_sensors.py
[2023-06-14T15:13:21.055+0000] {processor.py:826} INFO - Processing file /usr/local/lib/python3.8/dist-packages/airflow/example_dags/example_sensors.py for tasks to queue
[2023-06-14T15:13:21.058+0000] {logging_mixin.py:149} INFO - [2023-06-14T15:13:21.058+0000] {dagbag.py:541} INFO - Filling up the DagBag from /usr/local/lib/python3.8/dist-packages/airflow/example_dags/example_sensors.py
[2023-06-14T15:13:21.068+0000] {processor.py:836} INFO - DAG(s) dict_keys(['example_sensors']) retrieved from /usr/local/lib/python3.8/dist-packages/airflow/example_dags/example_sensors.py
[2023-06-14T15:13:21.093+0000] {logging_mixin.py:149} INFO - [2023-06-14T15:13:21.092+0000] {dag.py:2726} INFO - Sync 1 DAGs
[2023-06-14T15:13:21.113+0000] {logging_mixin.py:149} INFO - [2023-06-14T15:13:21.112+0000] {dag.py:3486} INFO - Setting next_dagrun for example_sensors to None, run_after=None
[2023-06-14T15:13:21.138+0000] {processor.py:179} INFO - Processing /usr/local/lib/python3.8/dist-packages/airflow/example_dags/example_sensors.py took 0.088 seconds
[2023-06-14T15:14:10.527+0000] {processor.py:157} INFO - Started process (PID=14779) to work on /usr/local/lib/python3.8/dist-packages/airflow/example_dags/example_sensors.py
[2023-06-14T15:14:10.529+0000] {processor.py:826} INFO - Processing file /usr/local/lib/python3.8/dist-packages/airflow/example_dags/example_sensors.py for tasks to queue
[2023-06-14T15:14:10.531+0000] {logging_mixin.py:149} INFO - [2023-06-14T15:14:10.531+0000] {dagbag.py:541} INFO - Filling up the DagBag from /usr/local/lib/python3.8/dist-packages/airflow/example_dags/example_sensors.py
[2023-06-14T15:14:10.541+0000] {processor.py:836} INFO - DAG(s) dict_keys(['example_sensors']) retrieved from /usr/local/lib/python3.8/dist-packages/airflow/example_dags/example_sensors.py
[2023-06-14T15:14:10.565+0000] {logging_mixin.py:149} INFO - [2023-06-14T15:14:10.565+0000] {dag.py:2726} INFO - Sync 1 DAGs
[2023-06-14T15:14:10.586+0000] {logging_mixin.py:149} INFO - [2023-06-14T15:14:10.586+0000] {dag.py:3486} INFO - Setting next_dagrun for example_sensors to None, run_after=None
[2023-06-14T15:14:10.613+0000] {processor.py:179} INFO - Processing /usr/local/lib/python3.8/dist-packages/airflow/example_dags/example_sensors.py took 0.089 seconds
[2023-06-14T15:14:59.679+0000] {processor.py:157} INFO - Started process (PID=14931) to work on /usr/local/lib/python3.8/dist-packages/airflow/example_dags/example_sensors.py
[2023-06-14T15:14:59.680+0000] {processor.py:826} INFO - Processing file /usr/local/lib/python3.8/dist-packages/airflow/example_dags/example_sensors.py for tasks to queue
[2023-06-14T15:14:59.683+0000] {logging_mixin.py:149} INFO - [2023-06-14T15:14:59.682+0000] {dagbag.py:541} INFO - Filling up the DagBag from /usr/local/lib/python3.8/dist-packages/airflow/example_dags/example_sensors.py
[2023-06-14T15:14:59.693+0000] {processor.py:836} INFO - DAG(s) dict_keys(['example_sensors']) retrieved from /usr/local/lib/python3.8/dist-packages/airflow/example_dags/example_sensors.py
[2023-06-14T15:14:59.717+0000] {logging_mixin.py:149} INFO - [2023-06-14T15:14:59.716+0000] {dag.py:2726} INFO - Sync 1 DAGs
[2023-06-14T15:14:59.736+0000] {logging_mixin.py:149} INFO - [2023-06-14T15:14:59.736+0000] {dag.py:3486} INFO - Setting next_dagrun for example_sensors to None, run_after=None
[2023-06-14T15:14:59.768+0000] {processor.py:179} INFO - Processing /usr/local/lib/python3.8/dist-packages/airflow/example_dags/example_sensors.py took 0.093 seconds
[2023-06-14T15:15:52.147+0000] {processor.py:157} INFO - Started process (PID=14984) to work on /usr/local/lib/python3.8/dist-packages/airflow/example_dags/example_sensors.py
[2023-06-14T15:15:52.149+0000] {processor.py:826} INFO - Processing file /usr/local/lib/python3.8/dist-packages/airflow/example_dags/example_sensors.py for tasks to queue
[2023-06-14T15:15:52.152+0000] {logging_mixin.py:149} INFO - [2023-06-14T15:15:52.152+0000] {dagbag.py:541} INFO - Filling up the DagBag from /usr/local/lib/python3.8/dist-packages/airflow/example_dags/example_sensors.py
[2023-06-14T15:15:52.162+0000] {processor.py:836} INFO - DAG(s) dict_keys(['example_sensors']) retrieved from /usr/local/lib/python3.8/dist-packages/airflow/example_dags/example_sensors.py
[2023-06-14T15:15:52.186+0000] {logging_mixin.py:149} INFO - [2023-06-14T15:15:52.186+0000] {dag.py:2726} INFO - Sync 1 DAGs
[2023-06-14T15:15:52.206+0000] {logging_mixin.py:149} INFO - [2023-06-14T15:15:52.205+0000] {dag.py:3486} INFO - Setting next_dagrun for example_sensors to None, run_after=None
[2023-06-14T15:15:52.232+0000] {processor.py:179} INFO - Processing /usr/local/lib/python3.8/dist-packages/airflow/example_dags/example_sensors.py took 0.088 seconds
