[2023-06-14T14:17:09.580+0000] {processor.py:157} INFO - Started process (PID=1949) to work on /usr/local/lib/python3.8/dist-packages/airflow/example_dags/example_dynamic_task_mapping.py
[2023-06-14T14:17:09.581+0000] {processor.py:826} INFO - Processing file /usr/local/lib/python3.8/dist-packages/airflow/example_dags/example_dynamic_task_mapping.py for tasks to queue
[2023-06-14T14:17:09.584+0000] {logging_mixin.py:149} INFO - [2023-06-14T14:17:09.584+0000] {dagbag.py:541} INFO - Filling up the DagBag from /usr/local/lib/python3.8/dist-packages/airflow/example_dags/example_dynamic_task_mapping.py
[2023-06-14T14:17:09.592+0000] {processor.py:836} INFO - DAG(s) dict_keys(['example_dynamic_task_mapping']) retrieved from /usr/local/lib/python3.8/dist-packages/airflow/example_dags/example_dynamic_task_mapping.py
[2023-06-14T14:17:09.613+0000] {logging_mixin.py:149} INFO - [2023-06-14T14:17:09.613+0000] {dag.py:2726} INFO - Sync 1 DAGs
[2023-06-14T14:17:09.633+0000] {logging_mixin.py:149} INFO - [2023-06-14T14:17:09.633+0000] {dag.py:3486} INFO - Setting next_dagrun for example_dynamic_task_mapping to 2022-03-04T00:00:00+00:00, run_after=2022-03-05T00:00:00+00:00
[2023-06-14T14:17:09.659+0000] {processor.py:179} INFO - Processing /usr/local/lib/python3.8/dist-packages/airflow/example_dags/example_dynamic_task_mapping.py took 0.086 seconds
[2023-06-14T14:19:32.153+0000] {processor.py:157} INFO - Started process (PID=4135) to work on /usr/local/lib/python3.8/dist-packages/airflow/example_dags/example_dynamic_task_mapping.py
[2023-06-14T14:19:32.154+0000] {processor.py:826} INFO - Processing file /usr/local/lib/python3.8/dist-packages/airflow/example_dags/example_dynamic_task_mapping.py for tasks to queue
[2023-06-14T14:19:32.157+0000] {logging_mixin.py:149} INFO - [2023-06-14T14:19:32.157+0000] {dagbag.py:541} INFO - Filling up the DagBag from /usr/local/lib/python3.8/dist-packages/airflow/example_dags/example_dynamic_task_mapping.py
[2023-06-14T14:19:32.165+0000] {processor.py:836} INFO - DAG(s) dict_keys(['example_dynamic_task_mapping']) retrieved from /usr/local/lib/python3.8/dist-packages/airflow/example_dags/example_dynamic_task_mapping.py
[2023-06-14T14:19:32.188+0000] {logging_mixin.py:149} INFO - [2023-06-14T14:19:32.187+0000] {dag.py:2726} INFO - Sync 1 DAGs
[2023-06-14T14:19:32.207+0000] {logging_mixin.py:149} INFO - [2023-06-14T14:19:32.207+0000] {dag.py:3486} INFO - Setting next_dagrun for example_dynamic_task_mapping to 2022-03-04T00:00:00+00:00, run_after=2022-03-05T00:00:00+00:00
[2023-06-14T14:19:32.232+0000] {processor.py:179} INFO - Processing /usr/local/lib/python3.8/dist-packages/airflow/example_dags/example_dynamic_task_mapping.py took 0.083 seconds
[2023-06-14T14:20:30.615+0000] {processor.py:157} INFO - Started process (PID=4296) to work on /usr/local/lib/python3.8/dist-packages/airflow/example_dags/example_dynamic_task_mapping.py
[2023-06-14T14:20:30.616+0000] {processor.py:826} INFO - Processing file /usr/local/lib/python3.8/dist-packages/airflow/example_dags/example_dynamic_task_mapping.py for tasks to queue
[2023-06-14T14:20:30.619+0000] {logging_mixin.py:149} INFO - [2023-06-14T14:20:30.619+0000] {dagbag.py:541} INFO - Filling up the DagBag from /usr/local/lib/python3.8/dist-packages/airflow/example_dags/example_dynamic_task_mapping.py
[2023-06-14T14:20:30.626+0000] {processor.py:836} INFO - DAG(s) dict_keys(['example_dynamic_task_mapping']) retrieved from /usr/local/lib/python3.8/dist-packages/airflow/example_dags/example_dynamic_task_mapping.py
[2023-06-14T14:20:30.647+0000] {logging_mixin.py:149} INFO - [2023-06-14T14:20:30.647+0000] {dag.py:2726} INFO - Sync 1 DAGs
[2023-06-14T14:20:30.668+0000] {logging_mixin.py:149} INFO - [2023-06-14T14:20:30.668+0000] {dag.py:3486} INFO - Setting next_dagrun for example_dynamic_task_mapping to 2022-03-04T00:00:00+00:00, run_after=2022-03-05T00:00:00+00:00
[2023-06-14T14:20:30.696+0000] {processor.py:179} INFO - Processing /usr/local/lib/python3.8/dist-packages/airflow/example_dags/example_dynamic_task_mapping.py took 0.085 seconds
[2023-06-14T14:21:24.808+0000] {processor.py:157} INFO - Started process (PID=4452) to work on /usr/local/lib/python3.8/dist-packages/airflow/example_dags/example_dynamic_task_mapping.py
[2023-06-14T14:21:24.810+0000] {processor.py:826} INFO - Processing file /usr/local/lib/python3.8/dist-packages/airflow/example_dags/example_dynamic_task_mapping.py for tasks to queue
[2023-06-14T14:21:24.812+0000] {logging_mixin.py:149} INFO - [2023-06-14T14:21:24.812+0000] {dagbag.py:541} INFO - Filling up the DagBag from /usr/local/lib/python3.8/dist-packages/airflow/example_dags/example_dynamic_task_mapping.py
[2023-06-14T14:21:24.819+0000] {processor.py:836} INFO - DAG(s) dict_keys(['example_dynamic_task_mapping']) retrieved from /usr/local/lib/python3.8/dist-packages/airflow/example_dags/example_dynamic_task_mapping.py
[2023-06-14T14:21:24.841+0000] {logging_mixin.py:149} INFO - [2023-06-14T14:21:24.840+0000] {dag.py:2726} INFO - Sync 1 DAGs
[2023-06-14T14:21:24.861+0000] {logging_mixin.py:149} INFO - [2023-06-14T14:21:24.861+0000] {dag.py:3486} INFO - Setting next_dagrun for example_dynamic_task_mapping to 2022-03-04T00:00:00+00:00, run_after=2022-03-05T00:00:00+00:00
[2023-06-14T14:21:24.927+0000] {processor.py:179} INFO - Processing /usr/local/lib/python3.8/dist-packages/airflow/example_dags/example_dynamic_task_mapping.py took 0.122 seconds
[2023-06-14T14:22:17.792+0000] {processor.py:157} INFO - Started process (PID=4614) to work on /usr/local/lib/python3.8/dist-packages/airflow/example_dags/example_dynamic_task_mapping.py
[2023-06-14T14:22:17.793+0000] {processor.py:826} INFO - Processing file /usr/local/lib/python3.8/dist-packages/airflow/example_dags/example_dynamic_task_mapping.py for tasks to queue
[2023-06-14T14:22:17.796+0000] {logging_mixin.py:149} INFO - [2023-06-14T14:22:17.795+0000] {dagbag.py:541} INFO - Filling up the DagBag from /usr/local/lib/python3.8/dist-packages/airflow/example_dags/example_dynamic_task_mapping.py
[2023-06-14T14:22:17.803+0000] {processor.py:836} INFO - DAG(s) dict_keys(['example_dynamic_task_mapping']) retrieved from /usr/local/lib/python3.8/dist-packages/airflow/example_dags/example_dynamic_task_mapping.py
[2023-06-14T14:22:17.823+0000] {logging_mixin.py:149} INFO - [2023-06-14T14:22:17.823+0000] {dag.py:2726} INFO - Sync 1 DAGs
[2023-06-14T14:22:17.843+0000] {logging_mixin.py:149} INFO - [2023-06-14T14:22:17.843+0000] {dag.py:3486} INFO - Setting next_dagrun for example_dynamic_task_mapping to 2022-03-04T00:00:00+00:00, run_after=2022-03-05T00:00:00+00:00
[2023-06-14T14:22:17.985+0000] {processor.py:179} INFO - Processing /usr/local/lib/python3.8/dist-packages/airflow/example_dags/example_dynamic_task_mapping.py took 0.198 seconds
[2023-06-14T14:23:10.637+0000] {processor.py:157} INFO - Started process (PID=4772) to work on /usr/local/lib/python3.8/dist-packages/airflow/example_dags/example_dynamic_task_mapping.py
[2023-06-14T14:23:10.638+0000] {processor.py:826} INFO - Processing file /usr/local/lib/python3.8/dist-packages/airflow/example_dags/example_dynamic_task_mapping.py for tasks to queue
[2023-06-14T14:23:10.641+0000] {logging_mixin.py:149} INFO - [2023-06-14T14:23:10.641+0000] {dagbag.py:541} INFO - Filling up the DagBag from /usr/local/lib/python3.8/dist-packages/airflow/example_dags/example_dynamic_task_mapping.py
[2023-06-14T14:23:10.649+0000] {processor.py:836} INFO - DAG(s) dict_keys(['example_dynamic_task_mapping']) retrieved from /usr/local/lib/python3.8/dist-packages/airflow/example_dags/example_dynamic_task_mapping.py
[2023-06-14T14:23:10.670+0000] {logging_mixin.py:149} INFO - [2023-06-14T14:23:10.670+0000] {dag.py:2726} INFO - Sync 1 DAGs
[2023-06-14T14:23:10.692+0000] {logging_mixin.py:149} INFO - [2023-06-14T14:23:10.691+0000] {dag.py:3486} INFO - Setting next_dagrun for example_dynamic_task_mapping to 2022-03-04T00:00:00+00:00, run_after=2022-03-05T00:00:00+00:00
[2023-06-14T14:23:10.721+0000] {processor.py:179} INFO - Processing /usr/local/lib/python3.8/dist-packages/airflow/example_dags/example_dynamic_task_mapping.py took 0.088 seconds
[2023-06-14T14:23:59.404+0000] {processor.py:157} INFO - Started process (PID=5026) to work on /usr/local/lib/python3.8/dist-packages/airflow/example_dags/example_dynamic_task_mapping.py
[2023-06-14T14:23:59.405+0000] {processor.py:826} INFO - Processing file /usr/local/lib/python3.8/dist-packages/airflow/example_dags/example_dynamic_task_mapping.py for tasks to queue
[2023-06-14T14:23:59.407+0000] {logging_mixin.py:149} INFO - [2023-06-14T14:23:59.407+0000] {dagbag.py:541} INFO - Filling up the DagBag from /usr/local/lib/python3.8/dist-packages/airflow/example_dags/example_dynamic_task_mapping.py
[2023-06-14T14:23:59.414+0000] {processor.py:836} INFO - DAG(s) dict_keys(['example_dynamic_task_mapping']) retrieved from /usr/local/lib/python3.8/dist-packages/airflow/example_dags/example_dynamic_task_mapping.py
[2023-06-14T14:23:59.434+0000] {logging_mixin.py:149} INFO - [2023-06-14T14:23:59.434+0000] {dag.py:2726} INFO - Sync 1 DAGs
[2023-06-14T14:23:59.455+0000] {logging_mixin.py:149} INFO - [2023-06-14T14:23:59.455+0000] {dag.py:3486} INFO - Setting next_dagrun for example_dynamic_task_mapping to 2022-03-04T00:00:00+00:00, run_after=2022-03-05T00:00:00+00:00
[2023-06-14T14:23:59.481+0000] {processor.py:179} INFO - Processing /usr/local/lib/python3.8/dist-packages/airflow/example_dags/example_dynamic_task_mapping.py took 0.081 seconds
[2023-06-14T14:24:49.723+0000] {processor.py:157} INFO - Started process (PID=5081) to work on /usr/local/lib/python3.8/dist-packages/airflow/example_dags/example_dynamic_task_mapping.py
[2023-06-14T14:24:49.725+0000] {processor.py:826} INFO - Processing file /usr/local/lib/python3.8/dist-packages/airflow/example_dags/example_dynamic_task_mapping.py for tasks to queue
[2023-06-14T14:24:49.727+0000] {logging_mixin.py:149} INFO - [2023-06-14T14:24:49.727+0000] {dagbag.py:541} INFO - Filling up the DagBag from /usr/local/lib/python3.8/dist-packages/airflow/example_dags/example_dynamic_task_mapping.py
[2023-06-14T14:24:49.734+0000] {processor.py:836} INFO - DAG(s) dict_keys(['example_dynamic_task_mapping']) retrieved from /usr/local/lib/python3.8/dist-packages/airflow/example_dags/example_dynamic_task_mapping.py
[2023-06-14T14:24:49.754+0000] {logging_mixin.py:149} INFO - [2023-06-14T14:24:49.754+0000] {dag.py:2726} INFO - Sync 1 DAGs
[2023-06-14T14:24:49.774+0000] {logging_mixin.py:149} INFO - [2023-06-14T14:24:49.774+0000] {dag.py:3486} INFO - Setting next_dagrun for example_dynamic_task_mapping to 2022-03-04T00:00:00+00:00, run_after=2022-03-05T00:00:00+00:00
[2023-06-14T14:24:49.800+0000] {processor.py:179} INFO - Processing /usr/local/lib/python3.8/dist-packages/airflow/example_dags/example_dynamic_task_mapping.py took 0.081 seconds
[2023-06-14T14:25:37.365+0000] {processor.py:157} INFO - Started process (PID=5232) to work on /usr/local/lib/python3.8/dist-packages/airflow/example_dags/example_dynamic_task_mapping.py
[2023-06-14T14:25:37.367+0000] {processor.py:826} INFO - Processing file /usr/local/lib/python3.8/dist-packages/airflow/example_dags/example_dynamic_task_mapping.py for tasks to queue
[2023-06-14T14:25:37.369+0000] {logging_mixin.py:149} INFO - [2023-06-14T14:25:37.369+0000] {dagbag.py:541} INFO - Filling up the DagBag from /usr/local/lib/python3.8/dist-packages/airflow/example_dags/example_dynamic_task_mapping.py
[2023-06-14T14:25:37.376+0000] {processor.py:836} INFO - DAG(s) dict_keys(['example_dynamic_task_mapping']) retrieved from /usr/local/lib/python3.8/dist-packages/airflow/example_dags/example_dynamic_task_mapping.py
[2023-06-14T14:25:37.397+0000] {logging_mixin.py:149} INFO - [2023-06-14T14:25:37.396+0000] {dag.py:2726} INFO - Sync 1 DAGs
[2023-06-14T14:25:37.417+0000] {logging_mixin.py:149} INFO - [2023-06-14T14:25:37.416+0000] {dag.py:3486} INFO - Setting next_dagrun for example_dynamic_task_mapping to 2022-03-04T00:00:00+00:00, run_after=2022-03-05T00:00:00+00:00
[2023-06-14T14:25:37.442+0000] {processor.py:179} INFO - Processing /usr/local/lib/python3.8/dist-packages/airflow/example_dags/example_dynamic_task_mapping.py took 0.081 seconds
[2023-06-14T14:26:32.065+0000] {processor.py:157} INFO - Started process (PID=5391) to work on /usr/local/lib/python3.8/dist-packages/airflow/example_dags/example_dynamic_task_mapping.py
[2023-06-14T14:26:32.066+0000] {processor.py:826} INFO - Processing file /usr/local/lib/python3.8/dist-packages/airflow/example_dags/example_dynamic_task_mapping.py for tasks to queue
[2023-06-14T14:26:32.068+0000] {logging_mixin.py:149} INFO - [2023-06-14T14:26:32.068+0000] {dagbag.py:541} INFO - Filling up the DagBag from /usr/local/lib/python3.8/dist-packages/airflow/example_dags/example_dynamic_task_mapping.py
[2023-06-14T14:26:32.076+0000] {processor.py:836} INFO - DAG(s) dict_keys(['example_dynamic_task_mapping']) retrieved from /usr/local/lib/python3.8/dist-packages/airflow/example_dags/example_dynamic_task_mapping.py
[2023-06-14T14:26:32.097+0000] {logging_mixin.py:149} INFO - [2023-06-14T14:26:32.096+0000] {dag.py:2726} INFO - Sync 1 DAGs
[2023-06-14T14:26:32.117+0000] {logging_mixin.py:149} INFO - [2023-06-14T14:26:32.116+0000] {dag.py:3486} INFO - Setting next_dagrun for example_dynamic_task_mapping to 2022-03-04T00:00:00+00:00, run_after=2022-03-05T00:00:00+00:00
[2023-06-14T14:26:32.147+0000] {processor.py:179} INFO - Processing /usr/local/lib/python3.8/dist-packages/airflow/example_dags/example_dynamic_task_mapping.py took 0.091 seconds
[2023-06-14T14:27:23.694+0000] {processor.py:157} INFO - Started process (PID=5549) to work on /usr/local/lib/python3.8/dist-packages/airflow/example_dags/example_dynamic_task_mapping.py
[2023-06-14T14:27:23.695+0000] {processor.py:826} INFO - Processing file /usr/local/lib/python3.8/dist-packages/airflow/example_dags/example_dynamic_task_mapping.py for tasks to queue
[2023-06-14T14:27:23.698+0000] {logging_mixin.py:149} INFO - [2023-06-14T14:27:23.697+0000] {dagbag.py:541} INFO - Filling up the DagBag from /usr/local/lib/python3.8/dist-packages/airflow/example_dags/example_dynamic_task_mapping.py
[2023-06-14T14:27:23.705+0000] {processor.py:836} INFO - DAG(s) dict_keys(['example_dynamic_task_mapping']) retrieved from /usr/local/lib/python3.8/dist-packages/airflow/example_dags/example_dynamic_task_mapping.py
[2023-06-14T14:27:23.724+0000] {logging_mixin.py:149} INFO - [2023-06-14T14:27:23.724+0000] {dag.py:2726} INFO - Sync 1 DAGs
[2023-06-14T14:27:23.744+0000] {logging_mixin.py:149} INFO - [2023-06-14T14:27:23.744+0000] {dag.py:3486} INFO - Setting next_dagrun for example_dynamic_task_mapping to 2022-03-04T00:00:00+00:00, run_after=2022-03-05T00:00:00+00:00
[2023-06-14T14:27:23.772+0000] {processor.py:179} INFO - Processing /usr/local/lib/python3.8/dist-packages/airflow/example_dags/example_dynamic_task_mapping.py took 0.082 seconds
[2023-06-14T14:28:17.472+0000] {processor.py:157} INFO - Started process (PID=5707) to work on /usr/local/lib/python3.8/dist-packages/airflow/example_dags/example_dynamic_task_mapping.py
[2023-06-14T14:28:17.473+0000] {processor.py:826} INFO - Processing file /usr/local/lib/python3.8/dist-packages/airflow/example_dags/example_dynamic_task_mapping.py for tasks to queue
[2023-06-14T14:28:17.476+0000] {logging_mixin.py:149} INFO - [2023-06-14T14:28:17.476+0000] {dagbag.py:541} INFO - Filling up the DagBag from /usr/local/lib/python3.8/dist-packages/airflow/example_dags/example_dynamic_task_mapping.py
[2023-06-14T14:28:17.483+0000] {processor.py:836} INFO - DAG(s) dict_keys(['example_dynamic_task_mapping']) retrieved from /usr/local/lib/python3.8/dist-packages/airflow/example_dags/example_dynamic_task_mapping.py
[2023-06-14T14:28:17.503+0000] {logging_mixin.py:149} INFO - [2023-06-14T14:28:17.503+0000] {dag.py:2726} INFO - Sync 1 DAGs
[2023-06-14T14:28:17.524+0000] {logging_mixin.py:149} INFO - [2023-06-14T14:28:17.523+0000] {dag.py:3486} INFO - Setting next_dagrun for example_dynamic_task_mapping to 2022-03-04T00:00:00+00:00, run_after=2022-03-05T00:00:00+00:00
[2023-06-14T14:28:17.549+0000] {processor.py:179} INFO - Processing /usr/local/lib/python3.8/dist-packages/airflow/example_dags/example_dynamic_task_mapping.py took 0.081 seconds
[2023-06-14T14:29:08.379+0000] {processor.py:157} INFO - Started process (PID=5966) to work on /usr/local/lib/python3.8/dist-packages/airflow/example_dags/example_dynamic_task_mapping.py
[2023-06-14T14:29:08.380+0000] {processor.py:826} INFO - Processing file /usr/local/lib/python3.8/dist-packages/airflow/example_dags/example_dynamic_task_mapping.py for tasks to queue
[2023-06-14T14:29:08.383+0000] {logging_mixin.py:149} INFO - [2023-06-14T14:29:08.383+0000] {dagbag.py:541} INFO - Filling up the DagBag from /usr/local/lib/python3.8/dist-packages/airflow/example_dags/example_dynamic_task_mapping.py
[2023-06-14T14:29:08.390+0000] {processor.py:836} INFO - DAG(s) dict_keys(['example_dynamic_task_mapping']) retrieved from /usr/local/lib/python3.8/dist-packages/airflow/example_dags/example_dynamic_task_mapping.py
[2023-06-14T14:29:08.410+0000] {logging_mixin.py:149} INFO - [2023-06-14T14:29:08.410+0000] {dag.py:2726} INFO - Sync 1 DAGs
[2023-06-14T14:29:08.430+0000] {logging_mixin.py:149} INFO - [2023-06-14T14:29:08.429+0000] {dag.py:3486} INFO - Setting next_dagrun for example_dynamic_task_mapping to 2022-03-04T00:00:00+00:00, run_after=2022-03-05T00:00:00+00:00
[2023-06-14T14:29:08.459+0000] {processor.py:179} INFO - Processing /usr/local/lib/python3.8/dist-packages/airflow/example_dags/example_dynamic_task_mapping.py took 0.084 seconds
[2023-06-14T14:30:00.182+0000] {processor.py:157} INFO - Started process (PID=6121) to work on /usr/local/lib/python3.8/dist-packages/airflow/example_dags/example_dynamic_task_mapping.py
[2023-06-14T14:30:00.183+0000] {processor.py:826} INFO - Processing file /usr/local/lib/python3.8/dist-packages/airflow/example_dags/example_dynamic_task_mapping.py for tasks to queue
[2023-06-14T14:30:00.186+0000] {logging_mixin.py:149} INFO - [2023-06-14T14:30:00.186+0000] {dagbag.py:541} INFO - Filling up the DagBag from /usr/local/lib/python3.8/dist-packages/airflow/example_dags/example_dynamic_task_mapping.py
[2023-06-14T14:30:00.193+0000] {processor.py:836} INFO - DAG(s) dict_keys(['example_dynamic_task_mapping']) retrieved from /usr/local/lib/python3.8/dist-packages/airflow/example_dags/example_dynamic_task_mapping.py
[2023-06-14T14:30:00.213+0000] {logging_mixin.py:149} INFO - [2023-06-14T14:30:00.213+0000] {dag.py:2726} INFO - Sync 1 DAGs
[2023-06-14T14:30:00.233+0000] {logging_mixin.py:149} INFO - [2023-06-14T14:30:00.233+0000] {dag.py:3486} INFO - Setting next_dagrun for example_dynamic_task_mapping to 2022-03-04T00:00:00+00:00, run_after=2022-03-05T00:00:00+00:00
[2023-06-14T14:30:00.257+0000] {processor.py:179} INFO - Processing /usr/local/lib/python3.8/dist-packages/airflow/example_dags/example_dynamic_task_mapping.py took 0.079 seconds
[2023-06-14T14:30:57.305+0000] {processor.py:157} INFO - Started process (PID=6280) to work on /usr/local/lib/python3.8/dist-packages/airflow/example_dags/example_dynamic_task_mapping.py
[2023-06-14T14:30:57.306+0000] {processor.py:826} INFO - Processing file /usr/local/lib/python3.8/dist-packages/airflow/example_dags/example_dynamic_task_mapping.py for tasks to queue
[2023-06-14T14:30:57.308+0000] {logging_mixin.py:149} INFO - [2023-06-14T14:30:57.308+0000] {dagbag.py:541} INFO - Filling up the DagBag from /usr/local/lib/python3.8/dist-packages/airflow/example_dags/example_dynamic_task_mapping.py
[2023-06-14T14:30:57.316+0000] {processor.py:836} INFO - DAG(s) dict_keys(['example_dynamic_task_mapping']) retrieved from /usr/local/lib/python3.8/dist-packages/airflow/example_dags/example_dynamic_task_mapping.py
[2023-06-14T14:30:57.336+0000] {logging_mixin.py:149} INFO - [2023-06-14T14:30:57.336+0000] {dag.py:2726} INFO - Sync 1 DAGs
[2023-06-14T14:30:57.357+0000] {logging_mixin.py:149} INFO - [2023-06-14T14:30:57.357+0000] {dag.py:3486} INFO - Setting next_dagrun for example_dynamic_task_mapping to 2022-03-04T00:00:00+00:00, run_after=2022-03-05T00:00:00+00:00
[2023-06-14T14:30:57.383+0000] {processor.py:179} INFO - Processing /usr/local/lib/python3.8/dist-packages/airflow/example_dags/example_dynamic_task_mapping.py took 0.082 seconds
[2023-06-14T14:31:48.879+0000] {processor.py:157} INFO - Started process (PID=6334) to work on /usr/local/lib/python3.8/dist-packages/airflow/example_dags/example_dynamic_task_mapping.py
[2023-06-14T14:31:48.881+0000] {processor.py:826} INFO - Processing file /usr/local/lib/python3.8/dist-packages/airflow/example_dags/example_dynamic_task_mapping.py for tasks to queue
[2023-06-14T14:31:48.883+0000] {logging_mixin.py:149} INFO - [2023-06-14T14:31:48.883+0000] {dagbag.py:541} INFO - Filling up the DagBag from /usr/local/lib/python3.8/dist-packages/airflow/example_dags/example_dynamic_task_mapping.py
[2023-06-14T14:31:48.892+0000] {processor.py:836} INFO - DAG(s) dict_keys(['example_dynamic_task_mapping']) retrieved from /usr/local/lib/python3.8/dist-packages/airflow/example_dags/example_dynamic_task_mapping.py
[2023-06-14T14:31:48.913+0000] {logging_mixin.py:149} INFO - [2023-06-14T14:31:48.913+0000] {dag.py:2726} INFO - Sync 1 DAGs
[2023-06-14T14:31:48.934+0000] {logging_mixin.py:149} INFO - [2023-06-14T14:31:48.934+0000] {dag.py:3486} INFO - Setting next_dagrun for example_dynamic_task_mapping to 2022-03-04T00:00:00+00:00, run_after=2022-03-05T00:00:00+00:00
[2023-06-14T14:31:48.961+0000] {processor.py:179} INFO - Processing /usr/local/lib/python3.8/dist-packages/airflow/example_dags/example_dynamic_task_mapping.py took 0.087 seconds
[2023-06-14T14:32:40.417+0000] {processor.py:157} INFO - Started process (PID=6496) to work on /usr/local/lib/python3.8/dist-packages/airflow/example_dags/example_dynamic_task_mapping.py
[2023-06-14T14:32:40.418+0000] {processor.py:826} INFO - Processing file /usr/local/lib/python3.8/dist-packages/airflow/example_dags/example_dynamic_task_mapping.py for tasks to queue
[2023-06-14T14:32:40.420+0000] {logging_mixin.py:149} INFO - [2023-06-14T14:32:40.420+0000] {dagbag.py:541} INFO - Filling up the DagBag from /usr/local/lib/python3.8/dist-packages/airflow/example_dags/example_dynamic_task_mapping.py
[2023-06-14T14:32:40.427+0000] {processor.py:836} INFO - DAG(s) dict_keys(['example_dynamic_task_mapping']) retrieved from /usr/local/lib/python3.8/dist-packages/airflow/example_dags/example_dynamic_task_mapping.py
[2023-06-14T14:32:40.448+0000] {logging_mixin.py:149} INFO - [2023-06-14T14:32:40.447+0000] {dag.py:2726} INFO - Sync 1 DAGs
[2023-06-14T14:32:40.468+0000] {logging_mixin.py:149} INFO - [2023-06-14T14:32:40.467+0000] {dag.py:3486} INFO - Setting next_dagrun for example_dynamic_task_mapping to 2022-03-04T00:00:00+00:00, run_after=2022-03-05T00:00:00+00:00
[2023-06-14T14:32:40.496+0000] {processor.py:179} INFO - Processing /usr/local/lib/python3.8/dist-packages/airflow/example_dags/example_dynamic_task_mapping.py took 0.083 seconds
[2023-06-14T14:33:28.642+0000] {processor.py:157} INFO - Started process (PID=6649) to work on /usr/local/lib/python3.8/dist-packages/airflow/example_dags/example_dynamic_task_mapping.py
[2023-06-14T14:33:28.644+0000] {processor.py:826} INFO - Processing file /usr/local/lib/python3.8/dist-packages/airflow/example_dags/example_dynamic_task_mapping.py for tasks to queue
[2023-06-14T14:33:28.646+0000] {logging_mixin.py:149} INFO - [2023-06-14T14:33:28.646+0000] {dagbag.py:541} INFO - Filling up the DagBag from /usr/local/lib/python3.8/dist-packages/airflow/example_dags/example_dynamic_task_mapping.py
[2023-06-14T14:33:28.653+0000] {processor.py:836} INFO - DAG(s) dict_keys(['example_dynamic_task_mapping']) retrieved from /usr/local/lib/python3.8/dist-packages/airflow/example_dags/example_dynamic_task_mapping.py
[2023-06-14T14:33:28.674+0000] {logging_mixin.py:149} INFO - [2023-06-14T14:33:28.673+0000] {dag.py:2726} INFO - Sync 1 DAGs
[2023-06-14T14:33:28.694+0000] {logging_mixin.py:149} INFO - [2023-06-14T14:33:28.694+0000] {dag.py:3486} INFO - Setting next_dagrun for example_dynamic_task_mapping to 2022-03-04T00:00:00+00:00, run_after=2022-03-05T00:00:00+00:00
[2023-06-14T14:33:28.721+0000] {processor.py:179} INFO - Processing /usr/local/lib/python3.8/dist-packages/airflow/example_dags/example_dynamic_task_mapping.py took 0.083 seconds
[2023-06-14T14:34:23.808+0000] {processor.py:157} INFO - Started process (PID=6908) to work on /usr/local/lib/python3.8/dist-packages/airflow/example_dags/example_dynamic_task_mapping.py
[2023-06-14T14:34:23.810+0000] {processor.py:826} INFO - Processing file /usr/local/lib/python3.8/dist-packages/airflow/example_dags/example_dynamic_task_mapping.py for tasks to queue
[2023-06-14T14:34:23.812+0000] {logging_mixin.py:149} INFO - [2023-06-14T14:34:23.812+0000] {dagbag.py:541} INFO - Filling up the DagBag from /usr/local/lib/python3.8/dist-packages/airflow/example_dags/example_dynamic_task_mapping.py
[2023-06-14T14:34:23.819+0000] {processor.py:836} INFO - DAG(s) dict_keys(['example_dynamic_task_mapping']) retrieved from /usr/local/lib/python3.8/dist-packages/airflow/example_dags/example_dynamic_task_mapping.py
[2023-06-14T14:34:23.840+0000] {logging_mixin.py:149} INFO - [2023-06-14T14:34:23.839+0000] {dag.py:2726} INFO - Sync 1 DAGs
[2023-06-14T14:34:23.860+0000] {logging_mixin.py:149} INFO - [2023-06-14T14:34:23.860+0000] {dag.py:3486} INFO - Setting next_dagrun for example_dynamic_task_mapping to 2022-03-04T00:00:00+00:00, run_after=2022-03-05T00:00:00+00:00
[2023-06-14T14:34:23.887+0000] {processor.py:179} INFO - Processing /usr/local/lib/python3.8/dist-packages/airflow/example_dags/example_dynamic_task_mapping.py took 0.083 seconds
[2023-06-14T14:35:14.928+0000] {processor.py:157} INFO - Started process (PID=7068) to work on /usr/local/lib/python3.8/dist-packages/airflow/example_dags/example_dynamic_task_mapping.py
[2023-06-14T14:35:14.930+0000] {processor.py:826} INFO - Processing file /usr/local/lib/python3.8/dist-packages/airflow/example_dags/example_dynamic_task_mapping.py for tasks to queue
[2023-06-14T14:35:14.932+0000] {logging_mixin.py:149} INFO - [2023-06-14T14:35:14.932+0000] {dagbag.py:541} INFO - Filling up the DagBag from /usr/local/lib/python3.8/dist-packages/airflow/example_dags/example_dynamic_task_mapping.py
[2023-06-14T14:35:14.940+0000] {processor.py:836} INFO - DAG(s) dict_keys(['example_dynamic_task_mapping']) retrieved from /usr/local/lib/python3.8/dist-packages/airflow/example_dags/example_dynamic_task_mapping.py
[2023-06-14T14:35:14.960+0000] {logging_mixin.py:149} INFO - [2023-06-14T14:35:14.960+0000] {dag.py:2726} INFO - Sync 1 DAGs
[2023-06-14T14:35:14.980+0000] {logging_mixin.py:149} INFO - [2023-06-14T14:35:14.979+0000] {dag.py:3486} INFO - Setting next_dagrun for example_dynamic_task_mapping to 2022-03-04T00:00:00+00:00, run_after=2022-03-05T00:00:00+00:00
[2023-06-14T14:35:15.007+0000] {processor.py:179} INFO - Processing /usr/local/lib/python3.8/dist-packages/airflow/example_dags/example_dynamic_task_mapping.py took 0.083 seconds
[2023-06-14T14:36:07.496+0000] {processor.py:157} INFO - Started process (PID=7225) to work on /usr/local/lib/python3.8/dist-packages/airflow/example_dags/example_dynamic_task_mapping.py
[2023-06-14T14:36:07.498+0000] {processor.py:826} INFO - Processing file /usr/local/lib/python3.8/dist-packages/airflow/example_dags/example_dynamic_task_mapping.py for tasks to queue
[2023-06-14T14:36:07.500+0000] {logging_mixin.py:149} INFO - [2023-06-14T14:36:07.500+0000] {dagbag.py:541} INFO - Filling up the DagBag from /usr/local/lib/python3.8/dist-packages/airflow/example_dags/example_dynamic_task_mapping.py
[2023-06-14T14:36:07.507+0000] {processor.py:836} INFO - DAG(s) dict_keys(['example_dynamic_task_mapping']) retrieved from /usr/local/lib/python3.8/dist-packages/airflow/example_dags/example_dynamic_task_mapping.py
[2023-06-14T14:36:07.528+0000] {logging_mixin.py:149} INFO - [2023-06-14T14:36:07.528+0000] {dag.py:2726} INFO - Sync 1 DAGs
[2023-06-14T14:36:07.548+0000] {logging_mixin.py:149} INFO - [2023-06-14T14:36:07.548+0000] {dag.py:3486} INFO - Setting next_dagrun for example_dynamic_task_mapping to 2022-03-04T00:00:00+00:00, run_after=2022-03-05T00:00:00+00:00
[2023-06-14T14:36:07.575+0000] {processor.py:179} INFO - Processing /usr/local/lib/python3.8/dist-packages/airflow/example_dags/example_dynamic_task_mapping.py took 0.082 seconds
[2023-06-14T14:37:00.571+0000] {processor.py:157} INFO - Started process (PID=7381) to work on /usr/local/lib/python3.8/dist-packages/airflow/example_dags/example_dynamic_task_mapping.py
[2023-06-14T14:37:00.573+0000] {processor.py:826} INFO - Processing file /usr/local/lib/python3.8/dist-packages/airflow/example_dags/example_dynamic_task_mapping.py for tasks to queue
[2023-06-14T14:37:00.575+0000] {logging_mixin.py:149} INFO - [2023-06-14T14:37:00.575+0000] {dagbag.py:541} INFO - Filling up the DagBag from /usr/local/lib/python3.8/dist-packages/airflow/example_dags/example_dynamic_task_mapping.py
[2023-06-14T14:37:00.582+0000] {processor.py:836} INFO - DAG(s) dict_keys(['example_dynamic_task_mapping']) retrieved from /usr/local/lib/python3.8/dist-packages/airflow/example_dags/example_dynamic_task_mapping.py
[2023-06-14T14:37:00.603+0000] {logging_mixin.py:149} INFO - [2023-06-14T14:37:00.602+0000] {dag.py:2726} INFO - Sync 1 DAGs
[2023-06-14T14:37:00.623+0000] {logging_mixin.py:149} INFO - [2023-06-14T14:37:00.623+0000] {dag.py:3486} INFO - Setting next_dagrun for example_dynamic_task_mapping to 2022-03-04T00:00:00+00:00, run_after=2022-03-05T00:00:00+00:00
[2023-06-14T14:37:00.649+0000] {processor.py:179} INFO - Processing /usr/local/lib/python3.8/dist-packages/airflow/example_dags/example_dynamic_task_mapping.py took 0.082 seconds
[2023-06-14T14:37:51.621+0000] {processor.py:157} INFO - Started process (PID=7479) to work on /usr/local/lib/python3.8/dist-packages/airflow/example_dags/example_dynamic_task_mapping.py
[2023-06-14T14:37:51.622+0000] {processor.py:826} INFO - Processing file /usr/local/lib/python3.8/dist-packages/airflow/example_dags/example_dynamic_task_mapping.py for tasks to queue
[2023-06-14T14:37:51.625+0000] {logging_mixin.py:149} INFO - [2023-06-14T14:37:51.624+0000] {dagbag.py:541} INFO - Filling up the DagBag from /usr/local/lib/python3.8/dist-packages/airflow/example_dags/example_dynamic_task_mapping.py
[2023-06-14T14:37:51.632+0000] {processor.py:836} INFO - DAG(s) dict_keys(['example_dynamic_task_mapping']) retrieved from /usr/local/lib/python3.8/dist-packages/airflow/example_dags/example_dynamic_task_mapping.py
[2023-06-14T14:37:51.652+0000] {logging_mixin.py:149} INFO - [2023-06-14T14:37:51.652+0000] {dag.py:2726} INFO - Sync 1 DAGs
[2023-06-14T14:37:51.672+0000] {logging_mixin.py:149} INFO - [2023-06-14T14:37:51.672+0000] {dag.py:3486} INFO - Setting next_dagrun for example_dynamic_task_mapping to 2022-03-04T00:00:00+00:00, run_after=2022-03-05T00:00:00+00:00
[2023-06-14T14:37:51.710+0000] {processor.py:179} INFO - Processing /usr/local/lib/python3.8/dist-packages/airflow/example_dags/example_dynamic_task_mapping.py took 0.094 seconds
[2023-06-14T14:38:42.276+0000] {processor.py:157} INFO - Started process (PID=7594) to work on /usr/local/lib/python3.8/dist-packages/airflow/example_dags/example_dynamic_task_mapping.py
[2023-06-14T14:38:42.278+0000] {processor.py:826} INFO - Processing file /usr/local/lib/python3.8/dist-packages/airflow/example_dags/example_dynamic_task_mapping.py for tasks to queue
[2023-06-14T14:38:42.281+0000] {logging_mixin.py:149} INFO - [2023-06-14T14:38:42.281+0000] {dagbag.py:541} INFO - Filling up the DagBag from /usr/local/lib/python3.8/dist-packages/airflow/example_dags/example_dynamic_task_mapping.py
[2023-06-14T14:38:42.288+0000] {processor.py:836} INFO - DAG(s) dict_keys(['example_dynamic_task_mapping']) retrieved from /usr/local/lib/python3.8/dist-packages/airflow/example_dags/example_dynamic_task_mapping.py
[2023-06-14T14:38:42.310+0000] {logging_mixin.py:149} INFO - [2023-06-14T14:38:42.309+0000] {dag.py:2726} INFO - Sync 1 DAGs
[2023-06-14T14:38:42.332+0000] {logging_mixin.py:149} INFO - [2023-06-14T14:38:42.332+0000] {dag.py:3486} INFO - Setting next_dagrun for example_dynamic_task_mapping to 2022-03-04T00:00:00+00:00, run_after=2022-03-05T00:00:00+00:00
[2023-06-14T14:38:42.360+0000] {processor.py:179} INFO - Processing /usr/local/lib/python3.8/dist-packages/airflow/example_dags/example_dynamic_task_mapping.py took 0.088 seconds
[2023-06-14T14:39:27.919+0000] {processor.py:157} INFO - Started process (PID=7745) to work on /usr/local/lib/python3.8/dist-packages/airflow/example_dags/example_dynamic_task_mapping.py
[2023-06-14T14:39:27.921+0000] {processor.py:826} INFO - Processing file /usr/local/lib/python3.8/dist-packages/airflow/example_dags/example_dynamic_task_mapping.py for tasks to queue
[2023-06-14T14:39:27.923+0000] {logging_mixin.py:149} INFO - [2023-06-14T14:39:27.923+0000] {dagbag.py:541} INFO - Filling up the DagBag from /usr/local/lib/python3.8/dist-packages/airflow/example_dags/example_dynamic_task_mapping.py
[2023-06-14T14:39:27.930+0000] {processor.py:836} INFO - DAG(s) dict_keys(['example_dynamic_task_mapping']) retrieved from /usr/local/lib/python3.8/dist-packages/airflow/example_dags/example_dynamic_task_mapping.py
[2023-06-14T14:39:27.951+0000] {logging_mixin.py:149} INFO - [2023-06-14T14:39:27.951+0000] {dag.py:2726} INFO - Sync 1 DAGs
[2023-06-14T14:39:27.973+0000] {logging_mixin.py:149} INFO - [2023-06-14T14:39:27.972+0000] {dag.py:3486} INFO - Setting next_dagrun for example_dynamic_task_mapping to 2022-03-04T00:00:00+00:00, run_after=2022-03-05T00:00:00+00:00
[2023-06-14T14:39:28.000+0000] {processor.py:179} INFO - Processing /usr/local/lib/python3.8/dist-packages/airflow/example_dags/example_dynamic_task_mapping.py took 0.085 seconds
[2023-06-14T14:40:21.184+0000] {processor.py:157} INFO - Started process (PID=7901) to work on /usr/local/lib/python3.8/dist-packages/airflow/example_dags/example_dynamic_task_mapping.py
[2023-06-14T14:40:21.185+0000] {processor.py:826} INFO - Processing file /usr/local/lib/python3.8/dist-packages/airflow/example_dags/example_dynamic_task_mapping.py for tasks to queue
[2023-06-14T14:40:21.188+0000] {logging_mixin.py:149} INFO - [2023-06-14T14:40:21.187+0000] {dagbag.py:541} INFO - Filling up the DagBag from /usr/local/lib/python3.8/dist-packages/airflow/example_dags/example_dynamic_task_mapping.py
[2023-06-14T14:40:21.195+0000] {processor.py:836} INFO - DAG(s) dict_keys(['example_dynamic_task_mapping']) retrieved from /usr/local/lib/python3.8/dist-packages/airflow/example_dags/example_dynamic_task_mapping.py
[2023-06-14T14:40:21.215+0000] {logging_mixin.py:149} INFO - [2023-06-14T14:40:21.215+0000] {dag.py:2726} INFO - Sync 1 DAGs
[2023-06-14T14:40:21.235+0000] {logging_mixin.py:149} INFO - [2023-06-14T14:40:21.235+0000] {dag.py:3486} INFO - Setting next_dagrun for example_dynamic_task_mapping to 2022-03-04T00:00:00+00:00, run_after=2022-03-05T00:00:00+00:00
[2023-06-14T14:40:21.262+0000] {processor.py:179} INFO - Processing /usr/local/lib/python3.8/dist-packages/airflow/example_dags/example_dynamic_task_mapping.py took 0.082 seconds
[2023-06-14T14:41:17.345+0000] {processor.py:157} INFO - Started process (PID=8059) to work on /usr/local/lib/python3.8/dist-packages/airflow/example_dags/example_dynamic_task_mapping.py
[2023-06-14T14:41:17.347+0000] {processor.py:826} INFO - Processing file /usr/local/lib/python3.8/dist-packages/airflow/example_dags/example_dynamic_task_mapping.py for tasks to queue
[2023-06-14T14:41:17.349+0000] {logging_mixin.py:149} INFO - [2023-06-14T14:41:17.349+0000] {dagbag.py:541} INFO - Filling up the DagBag from /usr/local/lib/python3.8/dist-packages/airflow/example_dags/example_dynamic_task_mapping.py
[2023-06-14T14:41:17.357+0000] {processor.py:836} INFO - DAG(s) dict_keys(['example_dynamic_task_mapping']) retrieved from /usr/local/lib/python3.8/dist-packages/airflow/example_dags/example_dynamic_task_mapping.py
[2023-06-14T14:41:17.378+0000] {logging_mixin.py:149} INFO - [2023-06-14T14:41:17.377+0000] {dag.py:2726} INFO - Sync 1 DAGs
[2023-06-14T14:41:17.398+0000] {logging_mixin.py:149} INFO - [2023-06-14T14:41:17.398+0000] {dag.py:3486} INFO - Setting next_dagrun for example_dynamic_task_mapping to 2022-03-04T00:00:00+00:00, run_after=2022-03-05T00:00:00+00:00
[2023-06-14T14:41:17.427+0000] {processor.py:179} INFO - Processing /usr/local/lib/python3.8/dist-packages/airflow/example_dags/example_dynamic_task_mapping.py took 0.086 seconds
[2023-06-14T14:42:09.463+0000] {processor.py:157} INFO - Started process (PID=8221) to work on /usr/local/lib/python3.8/dist-packages/airflow/example_dags/example_dynamic_task_mapping.py
[2023-06-14T14:42:09.464+0000] {processor.py:826} INFO - Processing file /usr/local/lib/python3.8/dist-packages/airflow/example_dags/example_dynamic_task_mapping.py for tasks to queue
[2023-06-14T14:42:09.466+0000] {logging_mixin.py:149} INFO - [2023-06-14T14:42:09.466+0000] {dagbag.py:541} INFO - Filling up the DagBag from /usr/local/lib/python3.8/dist-packages/airflow/example_dags/example_dynamic_task_mapping.py
[2023-06-14T14:42:09.474+0000] {processor.py:836} INFO - DAG(s) dict_keys(['example_dynamic_task_mapping']) retrieved from /usr/local/lib/python3.8/dist-packages/airflow/example_dags/example_dynamic_task_mapping.py
[2023-06-14T14:42:09.493+0000] {logging_mixin.py:149} INFO - [2023-06-14T14:42:09.493+0000] {dag.py:2726} INFO - Sync 1 DAGs
[2023-06-14T14:42:09.514+0000] {logging_mixin.py:149} INFO - [2023-06-14T14:42:09.514+0000] {dag.py:3486} INFO - Setting next_dagrun for example_dynamic_task_mapping to 2022-03-04T00:00:00+00:00, run_after=2022-03-05T00:00:00+00:00
[2023-06-14T14:42:09.540+0000] {processor.py:179} INFO - Processing /usr/local/lib/python3.8/dist-packages/airflow/example_dags/example_dynamic_task_mapping.py took 0.081 seconds
[2023-06-14T14:43:05.997+0000] {processor.py:157} INFO - Started process (PID=8379) to work on /usr/local/lib/python3.8/dist-packages/airflow/example_dags/example_dynamic_task_mapping.py
[2023-06-14T14:43:05.998+0000] {processor.py:826} INFO - Processing file /usr/local/lib/python3.8/dist-packages/airflow/example_dags/example_dynamic_task_mapping.py for tasks to queue
[2023-06-14T14:43:06.001+0000] {logging_mixin.py:149} INFO - [2023-06-14T14:43:06.000+0000] {dagbag.py:541} INFO - Filling up the DagBag from /usr/local/lib/python3.8/dist-packages/airflow/example_dags/example_dynamic_task_mapping.py
[2023-06-14T14:43:06.008+0000] {processor.py:836} INFO - DAG(s) dict_keys(['example_dynamic_task_mapping']) retrieved from /usr/local/lib/python3.8/dist-packages/airflow/example_dags/example_dynamic_task_mapping.py
[2023-06-14T14:43:06.028+0000] {logging_mixin.py:149} INFO - [2023-06-14T14:43:06.028+0000] {dag.py:2726} INFO - Sync 1 DAGs
[2023-06-14T14:43:06.048+0000] {logging_mixin.py:149} INFO - [2023-06-14T14:43:06.048+0000] {dag.py:3486} INFO - Setting next_dagrun for example_dynamic_task_mapping to 2022-03-04T00:00:00+00:00, run_after=2022-03-05T00:00:00+00:00
[2023-06-14T14:43:06.079+0000] {processor.py:179} INFO - Processing /usr/local/lib/python3.8/dist-packages/airflow/example_dags/example_dynamic_task_mapping.py took 0.086 seconds
[2023-06-14T14:44:02.784+0000] {processor.py:157} INFO - Started process (PID=8639) to work on /usr/local/lib/python3.8/dist-packages/airflow/example_dags/example_dynamic_task_mapping.py
[2023-06-14T14:44:02.785+0000] {processor.py:826} INFO - Processing file /usr/local/lib/python3.8/dist-packages/airflow/example_dags/example_dynamic_task_mapping.py for tasks to queue
[2023-06-14T14:44:02.788+0000] {logging_mixin.py:149} INFO - [2023-06-14T14:44:02.788+0000] {dagbag.py:541} INFO - Filling up the DagBag from /usr/local/lib/python3.8/dist-packages/airflow/example_dags/example_dynamic_task_mapping.py
[2023-06-14T14:44:02.795+0000] {processor.py:836} INFO - DAG(s) dict_keys(['example_dynamic_task_mapping']) retrieved from /usr/local/lib/python3.8/dist-packages/airflow/example_dags/example_dynamic_task_mapping.py
[2023-06-14T14:44:02.816+0000] {logging_mixin.py:149} INFO - [2023-06-14T14:44:02.815+0000] {dag.py:2726} INFO - Sync 1 DAGs
[2023-06-14T14:44:02.836+0000] {logging_mixin.py:149} INFO - [2023-06-14T14:44:02.836+0000] {dag.py:3486} INFO - Setting next_dagrun for example_dynamic_task_mapping to 2022-03-04T00:00:00+00:00, run_after=2022-03-05T00:00:00+00:00
[2023-06-14T14:44:02.861+0000] {processor.py:179} INFO - Processing /usr/local/lib/python3.8/dist-packages/airflow/example_dags/example_dynamic_task_mapping.py took 0.081 seconds
[2023-06-14T14:44:56.067+0000] {processor.py:157} INFO - Started process (PID=8797) to work on /usr/local/lib/python3.8/dist-packages/airflow/example_dags/example_dynamic_task_mapping.py
[2023-06-14T14:44:56.068+0000] {processor.py:826} INFO - Processing file /usr/local/lib/python3.8/dist-packages/airflow/example_dags/example_dynamic_task_mapping.py for tasks to queue
[2023-06-14T14:44:56.070+0000] {logging_mixin.py:149} INFO - [2023-06-14T14:44:56.070+0000] {dagbag.py:541} INFO - Filling up the DagBag from /usr/local/lib/python3.8/dist-packages/airflow/example_dags/example_dynamic_task_mapping.py
[2023-06-14T14:44:56.078+0000] {processor.py:836} INFO - DAG(s) dict_keys(['example_dynamic_task_mapping']) retrieved from /usr/local/lib/python3.8/dist-packages/airflow/example_dags/example_dynamic_task_mapping.py
[2023-06-14T14:44:56.099+0000] {logging_mixin.py:149} INFO - [2023-06-14T14:44:56.099+0000] {dag.py:2726} INFO - Sync 1 DAGs
[2023-06-14T14:44:56.119+0000] {logging_mixin.py:149} INFO - [2023-06-14T14:44:56.119+0000] {dag.py:3486} INFO - Setting next_dagrun for example_dynamic_task_mapping to 2022-03-04T00:00:00+00:00, run_after=2022-03-05T00:00:00+00:00
[2023-06-14T14:44:56.148+0000] {processor.py:179} INFO - Processing /usr/local/lib/python3.8/dist-packages/airflow/example_dags/example_dynamic_task_mapping.py took 0.085 seconds
[2023-06-14T14:45:52.670+0000] {processor.py:157} INFO - Started process (PID=8957) to work on /usr/local/lib/python3.8/dist-packages/airflow/example_dags/example_dynamic_task_mapping.py
[2023-06-14T14:45:52.671+0000] {processor.py:826} INFO - Processing file /usr/local/lib/python3.8/dist-packages/airflow/example_dags/example_dynamic_task_mapping.py for tasks to queue
[2023-06-14T14:45:52.674+0000] {logging_mixin.py:149} INFO - [2023-06-14T14:45:52.674+0000] {dagbag.py:541} INFO - Filling up the DagBag from /usr/local/lib/python3.8/dist-packages/airflow/example_dags/example_dynamic_task_mapping.py
[2023-06-14T14:45:52.682+0000] {processor.py:836} INFO - DAG(s) dict_keys(['example_dynamic_task_mapping']) retrieved from /usr/local/lib/python3.8/dist-packages/airflow/example_dags/example_dynamic_task_mapping.py
[2023-06-14T14:45:52.706+0000] {logging_mixin.py:149} INFO - [2023-06-14T14:45:52.706+0000] {dag.py:2726} INFO - Sync 1 DAGs
[2023-06-14T14:45:52.729+0000] {logging_mixin.py:149} INFO - [2023-06-14T14:45:52.729+0000] {dag.py:3486} INFO - Setting next_dagrun for example_dynamic_task_mapping to 2022-03-04T00:00:00+00:00, run_after=2022-03-05T00:00:00+00:00
[2023-06-14T14:45:52.764+0000] {processor.py:179} INFO - Processing /usr/local/lib/python3.8/dist-packages/airflow/example_dags/example_dynamic_task_mapping.py took 0.098 seconds
[2023-06-14T14:46:47.870+0000] {processor.py:157} INFO - Started process (PID=9013) to work on /usr/local/lib/python3.8/dist-packages/airflow/example_dags/example_dynamic_task_mapping.py
[2023-06-14T14:46:47.871+0000] {processor.py:826} INFO - Processing file /usr/local/lib/python3.8/dist-packages/airflow/example_dags/example_dynamic_task_mapping.py for tasks to queue
[2023-06-14T14:46:47.874+0000] {logging_mixin.py:149} INFO - [2023-06-14T14:46:47.874+0000] {dagbag.py:541} INFO - Filling up the DagBag from /usr/local/lib/python3.8/dist-packages/airflow/example_dags/example_dynamic_task_mapping.py
[2023-06-14T14:46:47.881+0000] {processor.py:836} INFO - DAG(s) dict_keys(['example_dynamic_task_mapping']) retrieved from /usr/local/lib/python3.8/dist-packages/airflow/example_dags/example_dynamic_task_mapping.py
[2023-06-14T14:46:47.903+0000] {logging_mixin.py:149} INFO - [2023-06-14T14:46:47.902+0000] {dag.py:2726} INFO - Sync 1 DAGs
[2023-06-14T14:46:47.924+0000] {logging_mixin.py:149} INFO - [2023-06-14T14:46:47.924+0000] {dag.py:3486} INFO - Setting next_dagrun for example_dynamic_task_mapping to 2022-03-04T00:00:00+00:00, run_after=2022-03-05T00:00:00+00:00
[2023-06-14T14:46:47.951+0000] {processor.py:179} INFO - Processing /usr/local/lib/python3.8/dist-packages/airflow/example_dags/example_dynamic_task_mapping.py took 0.085 seconds
[2023-06-14T14:47:39.917+0000] {processor.py:157} INFO - Started process (PID=9172) to work on /usr/local/lib/python3.8/dist-packages/airflow/example_dags/example_dynamic_task_mapping.py
[2023-06-14T14:47:39.919+0000] {processor.py:826} INFO - Processing file /usr/local/lib/python3.8/dist-packages/airflow/example_dags/example_dynamic_task_mapping.py for tasks to queue
[2023-06-14T14:47:39.921+0000] {logging_mixin.py:149} INFO - [2023-06-14T14:47:39.921+0000] {dagbag.py:541} INFO - Filling up the DagBag from /usr/local/lib/python3.8/dist-packages/airflow/example_dags/example_dynamic_task_mapping.py
[2023-06-14T14:47:39.928+0000] {processor.py:836} INFO - DAG(s) dict_keys(['example_dynamic_task_mapping']) retrieved from /usr/local/lib/python3.8/dist-packages/airflow/example_dags/example_dynamic_task_mapping.py
[2023-06-14T14:47:39.949+0000] {logging_mixin.py:149} INFO - [2023-06-14T14:47:39.949+0000] {dag.py:2726} INFO - Sync 1 DAGs
[2023-06-14T14:47:39.969+0000] {logging_mixin.py:149} INFO - [2023-06-14T14:47:39.969+0000] {dag.py:3486} INFO - Setting next_dagrun for example_dynamic_task_mapping to 2022-03-04T00:00:00+00:00, run_after=2022-03-05T00:00:00+00:00
[2023-06-14T14:47:39.995+0000] {processor.py:179} INFO - Processing /usr/local/lib/python3.8/dist-packages/airflow/example_dags/example_dynamic_task_mapping.py took 0.082 seconds
[2023-06-14T14:48:30.932+0000] {processor.py:157} INFO - Started process (PID=9326) to work on /usr/local/lib/python3.8/dist-packages/airflow/example_dags/example_dynamic_task_mapping.py
[2023-06-14T14:48:30.934+0000] {processor.py:826} INFO - Processing file /usr/local/lib/python3.8/dist-packages/airflow/example_dags/example_dynamic_task_mapping.py for tasks to queue
[2023-06-14T14:48:30.936+0000] {logging_mixin.py:149} INFO - [2023-06-14T14:48:30.936+0000] {dagbag.py:541} INFO - Filling up the DagBag from /usr/local/lib/python3.8/dist-packages/airflow/example_dags/example_dynamic_task_mapping.py
[2023-06-14T14:48:30.943+0000] {processor.py:836} INFO - DAG(s) dict_keys(['example_dynamic_task_mapping']) retrieved from /usr/local/lib/python3.8/dist-packages/airflow/example_dags/example_dynamic_task_mapping.py
[2023-06-14T14:48:30.963+0000] {logging_mixin.py:149} INFO - [2023-06-14T14:48:30.963+0000] {dag.py:2726} INFO - Sync 1 DAGs
[2023-06-14T14:48:30.984+0000] {logging_mixin.py:149} INFO - [2023-06-14T14:48:30.983+0000] {dag.py:3486} INFO - Setting next_dagrun for example_dynamic_task_mapping to 2022-03-04T00:00:00+00:00, run_after=2022-03-05T00:00:00+00:00
[2023-06-14T14:48:31.011+0000] {processor.py:179} INFO - Processing /usr/local/lib/python3.8/dist-packages/airflow/example_dags/example_dynamic_task_mapping.py took 0.083 seconds
[2023-06-14T14:49:27.453+0000] {processor.py:157} INFO - Started process (PID=9587) to work on /usr/local/lib/python3.8/dist-packages/airflow/example_dags/example_dynamic_task_mapping.py
[2023-06-14T14:49:27.454+0000] {processor.py:826} INFO - Processing file /usr/local/lib/python3.8/dist-packages/airflow/example_dags/example_dynamic_task_mapping.py for tasks to queue
[2023-06-14T14:49:27.457+0000] {logging_mixin.py:149} INFO - [2023-06-14T14:49:27.457+0000] {dagbag.py:541} INFO - Filling up the DagBag from /usr/local/lib/python3.8/dist-packages/airflow/example_dags/example_dynamic_task_mapping.py
[2023-06-14T14:49:27.464+0000] {processor.py:836} INFO - DAG(s) dict_keys(['example_dynamic_task_mapping']) retrieved from /usr/local/lib/python3.8/dist-packages/airflow/example_dags/example_dynamic_task_mapping.py
[2023-06-14T14:49:27.485+0000] {logging_mixin.py:149} INFO - [2023-06-14T14:49:27.484+0000] {dag.py:2726} INFO - Sync 1 DAGs
[2023-06-14T14:49:27.505+0000] {logging_mixin.py:149} INFO - [2023-06-14T14:49:27.505+0000] {dag.py:3486} INFO - Setting next_dagrun for example_dynamic_task_mapping to 2022-03-04T00:00:00+00:00, run_after=2022-03-05T00:00:00+00:00
[2023-06-14T14:49:27.534+0000] {processor.py:179} INFO - Processing /usr/local/lib/python3.8/dist-packages/airflow/example_dags/example_dynamic_task_mapping.py took 0.085 seconds
[2023-06-14T14:50:24.336+0000] {processor.py:157} INFO - Started process (PID=9746) to work on /usr/local/lib/python3.8/dist-packages/airflow/example_dags/example_dynamic_task_mapping.py
[2023-06-14T14:50:24.337+0000] {processor.py:826} INFO - Processing file /usr/local/lib/python3.8/dist-packages/airflow/example_dags/example_dynamic_task_mapping.py for tasks to queue
[2023-06-14T14:50:24.340+0000] {logging_mixin.py:149} INFO - [2023-06-14T14:50:24.340+0000] {dagbag.py:541} INFO - Filling up the DagBag from /usr/local/lib/python3.8/dist-packages/airflow/example_dags/example_dynamic_task_mapping.py
[2023-06-14T14:50:24.347+0000] {processor.py:836} INFO - DAG(s) dict_keys(['example_dynamic_task_mapping']) retrieved from /usr/local/lib/python3.8/dist-packages/airflow/example_dags/example_dynamic_task_mapping.py
[2023-06-14T14:50:24.368+0000] {logging_mixin.py:149} INFO - [2023-06-14T14:50:24.367+0000] {dag.py:2726} INFO - Sync 1 DAGs
[2023-06-14T14:50:24.388+0000] {logging_mixin.py:149} INFO - [2023-06-14T14:50:24.388+0000] {dag.py:3486} INFO - Setting next_dagrun for example_dynamic_task_mapping to 2022-03-04T00:00:00+00:00, run_after=2022-03-05T00:00:00+00:00
[2023-06-14T14:50:24.414+0000] {processor.py:179} INFO - Processing /usr/local/lib/python3.8/dist-packages/airflow/example_dags/example_dynamic_task_mapping.py took 0.083 seconds
[2023-06-14T14:51:14.580+0000] {processor.py:157} INFO - Started process (PID=9901) to work on /usr/local/lib/python3.8/dist-packages/airflow/example_dags/example_dynamic_task_mapping.py
[2023-06-14T14:51:14.582+0000] {processor.py:826} INFO - Processing file /usr/local/lib/python3.8/dist-packages/airflow/example_dags/example_dynamic_task_mapping.py for tasks to queue
[2023-06-14T14:51:14.585+0000] {logging_mixin.py:149} INFO - [2023-06-14T14:51:14.585+0000] {dagbag.py:541} INFO - Filling up the DagBag from /usr/local/lib/python3.8/dist-packages/airflow/example_dags/example_dynamic_task_mapping.py
[2023-06-14T14:51:14.593+0000] {processor.py:836} INFO - DAG(s) dict_keys(['example_dynamic_task_mapping']) retrieved from /usr/local/lib/python3.8/dist-packages/airflow/example_dags/example_dynamic_task_mapping.py
[2023-06-14T14:51:14.620+0000] {logging_mixin.py:149} INFO - [2023-06-14T14:51:14.620+0000] {dag.py:2726} INFO - Sync 1 DAGs
[2023-06-14T14:51:14.641+0000] {logging_mixin.py:149} INFO - [2023-06-14T14:51:14.641+0000] {dag.py:3486} INFO - Setting next_dagrun for example_dynamic_task_mapping to 2022-03-04T00:00:00+00:00, run_after=2022-03-05T00:00:00+00:00
[2023-06-14T14:51:14.666+0000] {processor.py:179} INFO - Processing /usr/local/lib/python3.8/dist-packages/airflow/example_dags/example_dynamic_task_mapping.py took 0.089 seconds
[2023-06-14T14:52:00.008+0000] {processor.py:157} INFO - Started process (PID=10053) to work on /usr/local/lib/python3.8/dist-packages/airflow/example_dags/example_dynamic_task_mapping.py
[2023-06-14T14:52:00.009+0000] {processor.py:826} INFO - Processing file /usr/local/lib/python3.8/dist-packages/airflow/example_dags/example_dynamic_task_mapping.py for tasks to queue
[2023-06-14T14:52:00.012+0000] {logging_mixin.py:149} INFO - [2023-06-14T14:52:00.012+0000] {dagbag.py:541} INFO - Filling up the DagBag from /usr/local/lib/python3.8/dist-packages/airflow/example_dags/example_dynamic_task_mapping.py
[2023-06-14T14:52:00.020+0000] {processor.py:836} INFO - DAG(s) dict_keys(['example_dynamic_task_mapping']) retrieved from /usr/local/lib/python3.8/dist-packages/airflow/example_dags/example_dynamic_task_mapping.py
[2023-06-14T14:52:00.042+0000] {logging_mixin.py:149} INFO - [2023-06-14T14:52:00.041+0000] {dag.py:2726} INFO - Sync 1 DAGs
[2023-06-14T14:52:00.066+0000] {logging_mixin.py:149} INFO - [2023-06-14T14:52:00.066+0000] {dag.py:3486} INFO - Setting next_dagrun for example_dynamic_task_mapping to 2022-03-04T00:00:00+00:00, run_after=2022-03-05T00:00:00+00:00
[2023-06-14T14:52:00.097+0000] {processor.py:179} INFO - Processing /usr/local/lib/python3.8/dist-packages/airflow/example_dags/example_dynamic_task_mapping.py took 0.094 seconds
[2023-06-14T14:52:53.504+0000] {processor.py:157} INFO - Started process (PID=10213) to work on /usr/local/lib/python3.8/dist-packages/airflow/example_dags/example_dynamic_task_mapping.py
[2023-06-14T14:52:53.505+0000] {processor.py:826} INFO - Processing file /usr/local/lib/python3.8/dist-packages/airflow/example_dags/example_dynamic_task_mapping.py for tasks to queue
[2023-06-14T14:52:53.507+0000] {logging_mixin.py:149} INFO - [2023-06-14T14:52:53.507+0000] {dagbag.py:541} INFO - Filling up the DagBag from /usr/local/lib/python3.8/dist-packages/airflow/example_dags/example_dynamic_task_mapping.py
[2023-06-14T14:52:53.515+0000] {processor.py:836} INFO - DAG(s) dict_keys(['example_dynamic_task_mapping']) retrieved from /usr/local/lib/python3.8/dist-packages/airflow/example_dags/example_dynamic_task_mapping.py
[2023-06-14T14:52:53.535+0000] {logging_mixin.py:149} INFO - [2023-06-14T14:52:53.534+0000] {dag.py:2726} INFO - Sync 1 DAGs
[2023-06-14T14:52:53.554+0000] {logging_mixin.py:149} INFO - [2023-06-14T14:52:53.554+0000] {dag.py:3486} INFO - Setting next_dagrun for example_dynamic_task_mapping to 2022-03-04T00:00:00+00:00, run_after=2022-03-05T00:00:00+00:00
[2023-06-14T14:52:53.579+0000] {processor.py:179} INFO - Processing /usr/local/lib/python3.8/dist-packages/airflow/example_dags/example_dynamic_task_mapping.py took 0.079 seconds
[2023-06-14T14:53:45.138+0000] {processor.py:157} INFO - Started process (PID=10266) to work on /usr/local/lib/python3.8/dist-packages/airflow/example_dags/example_dynamic_task_mapping.py
[2023-06-14T14:53:45.139+0000] {processor.py:826} INFO - Processing file /usr/local/lib/python3.8/dist-packages/airflow/example_dags/example_dynamic_task_mapping.py for tasks to queue
[2023-06-14T14:53:45.142+0000] {logging_mixin.py:149} INFO - [2023-06-14T14:53:45.142+0000] {dagbag.py:541} INFO - Filling up the DagBag from /usr/local/lib/python3.8/dist-packages/airflow/example_dags/example_dynamic_task_mapping.py
[2023-06-14T14:53:45.149+0000] {processor.py:836} INFO - DAG(s) dict_keys(['example_dynamic_task_mapping']) retrieved from /usr/local/lib/python3.8/dist-packages/airflow/example_dags/example_dynamic_task_mapping.py
[2023-06-14T14:53:45.170+0000] {logging_mixin.py:149} INFO - [2023-06-14T14:53:45.169+0000] {dag.py:2726} INFO - Sync 1 DAGs
[2023-06-14T14:53:45.190+0000] {logging_mixin.py:149} INFO - [2023-06-14T14:53:45.189+0000] {dag.py:3486} INFO - Setting next_dagrun for example_dynamic_task_mapping to 2022-03-04T00:00:00+00:00, run_after=2022-03-05T00:00:00+00:00
[2023-06-14T14:53:45.215+0000] {processor.py:179} INFO - Processing /usr/local/lib/python3.8/dist-packages/airflow/example_dags/example_dynamic_task_mapping.py took 0.081 seconds
[2023-06-14T14:54:39.307+0000] {processor.py:157} INFO - Started process (PID=10528) to work on /usr/local/lib/python3.8/dist-packages/airflow/example_dags/example_dynamic_task_mapping.py
[2023-06-14T14:54:39.308+0000] {processor.py:826} INFO - Processing file /usr/local/lib/python3.8/dist-packages/airflow/example_dags/example_dynamic_task_mapping.py for tasks to queue
[2023-06-14T14:54:39.310+0000] {logging_mixin.py:149} INFO - [2023-06-14T14:54:39.310+0000] {dagbag.py:541} INFO - Filling up the DagBag from /usr/local/lib/python3.8/dist-packages/airflow/example_dags/example_dynamic_task_mapping.py
[2023-06-14T14:54:39.318+0000] {processor.py:836} INFO - DAG(s) dict_keys(['example_dynamic_task_mapping']) retrieved from /usr/local/lib/python3.8/dist-packages/airflow/example_dags/example_dynamic_task_mapping.py
[2023-06-14T14:54:39.338+0000] {logging_mixin.py:149} INFO - [2023-06-14T14:54:39.338+0000] {dag.py:2726} INFO - Sync 1 DAGs
[2023-06-14T14:54:39.359+0000] {logging_mixin.py:149} INFO - [2023-06-14T14:54:39.359+0000] {dag.py:3486} INFO - Setting next_dagrun for example_dynamic_task_mapping to 2022-03-04T00:00:00+00:00, run_after=2022-03-05T00:00:00+00:00
[2023-06-14T14:54:39.386+0000] {processor.py:179} INFO - Processing /usr/local/lib/python3.8/dist-packages/airflow/example_dags/example_dynamic_task_mapping.py took 0.084 seconds
[2023-06-14T14:55:31.349+0000] {processor.py:157} INFO - Started process (PID=10785) to work on /usr/local/lib/python3.8/dist-packages/airflow/example_dags/example_dynamic_task_mapping.py
[2023-06-14T14:55:31.351+0000] {processor.py:826} INFO - Processing file /usr/local/lib/python3.8/dist-packages/airflow/example_dags/example_dynamic_task_mapping.py for tasks to queue
[2023-06-14T14:55:31.353+0000] {logging_mixin.py:149} INFO - [2023-06-14T14:55:31.353+0000] {dagbag.py:541} INFO - Filling up the DagBag from /usr/local/lib/python3.8/dist-packages/airflow/example_dags/example_dynamic_task_mapping.py
[2023-06-14T14:55:31.360+0000] {processor.py:836} INFO - DAG(s) dict_keys(['example_dynamic_task_mapping']) retrieved from /usr/local/lib/python3.8/dist-packages/airflow/example_dags/example_dynamic_task_mapping.py
[2023-06-14T14:55:31.381+0000] {logging_mixin.py:149} INFO - [2023-06-14T14:55:31.380+0000] {dag.py:2726} INFO - Sync 1 DAGs
[2023-06-14T14:55:31.401+0000] {logging_mixin.py:149} INFO - [2023-06-14T14:55:31.400+0000] {dag.py:3486} INFO - Setting next_dagrun for example_dynamic_task_mapping to 2022-03-04T00:00:00+00:00, run_after=2022-03-05T00:00:00+00:00
[2023-06-14T14:55:31.434+0000] {processor.py:179} INFO - Processing /usr/local/lib/python3.8/dist-packages/airflow/example_dags/example_dynamic_task_mapping.py took 0.089 seconds
[2023-06-14T14:56:23.187+0000] {processor.py:157} INFO - Started process (PID=10942) to work on /usr/local/lib/python3.8/dist-packages/airflow/example_dags/example_dynamic_task_mapping.py
[2023-06-14T14:56:23.188+0000] {processor.py:826} INFO - Processing file /usr/local/lib/python3.8/dist-packages/airflow/example_dags/example_dynamic_task_mapping.py for tasks to queue
[2023-06-14T14:56:23.190+0000] {logging_mixin.py:149} INFO - [2023-06-14T14:56:23.190+0000] {dagbag.py:541} INFO - Filling up the DagBag from /usr/local/lib/python3.8/dist-packages/airflow/example_dags/example_dynamic_task_mapping.py
[2023-06-14T14:56:23.197+0000] {processor.py:836} INFO - DAG(s) dict_keys(['example_dynamic_task_mapping']) retrieved from /usr/local/lib/python3.8/dist-packages/airflow/example_dags/example_dynamic_task_mapping.py
[2023-06-14T14:56:23.218+0000] {logging_mixin.py:149} INFO - [2023-06-14T14:56:23.217+0000] {dag.py:2726} INFO - Sync 1 DAGs
[2023-06-14T14:56:23.239+0000] {logging_mixin.py:149} INFO - [2023-06-14T14:56:23.238+0000] {dag.py:3486} INFO - Setting next_dagrun for example_dynamic_task_mapping to 2022-03-04T00:00:00+00:00, run_after=2022-03-05T00:00:00+00:00
[2023-06-14T14:56:23.272+0000] {processor.py:179} INFO - Processing /usr/local/lib/python3.8/dist-packages/airflow/example_dags/example_dynamic_task_mapping.py took 0.089 seconds
[2023-06-14T14:57:13.570+0000] {processor.py:157} INFO - Started process (PID=11102) to work on /usr/local/lib/python3.8/dist-packages/airflow/example_dags/example_dynamic_task_mapping.py
[2023-06-14T14:57:13.571+0000] {processor.py:826} INFO - Processing file /usr/local/lib/python3.8/dist-packages/airflow/example_dags/example_dynamic_task_mapping.py for tasks to queue
[2023-06-14T14:57:13.574+0000] {logging_mixin.py:149} INFO - [2023-06-14T14:57:13.573+0000] {dagbag.py:541} INFO - Filling up the DagBag from /usr/local/lib/python3.8/dist-packages/airflow/example_dags/example_dynamic_task_mapping.py
[2023-06-14T14:57:13.581+0000] {processor.py:836} INFO - DAG(s) dict_keys(['example_dynamic_task_mapping']) retrieved from /usr/local/lib/python3.8/dist-packages/airflow/example_dags/example_dynamic_task_mapping.py
[2023-06-14T14:57:13.601+0000] {logging_mixin.py:149} INFO - [2023-06-14T14:57:13.601+0000] {dag.py:2726} INFO - Sync 1 DAGs
[2023-06-14T14:57:13.622+0000] {logging_mixin.py:149} INFO - [2023-06-14T14:57:13.622+0000] {dag.py:3486} INFO - Setting next_dagrun for example_dynamic_task_mapping to 2022-03-04T00:00:00+00:00, run_after=2022-03-05T00:00:00+00:00
[2023-06-14T14:57:13.648+0000] {processor.py:179} INFO - Processing /usr/local/lib/python3.8/dist-packages/airflow/example_dags/example_dynamic_task_mapping.py took 0.082 seconds
[2023-06-14T14:58:05.054+0000] {processor.py:157} INFO - Started process (PID=11256) to work on /usr/local/lib/python3.8/dist-packages/airflow/example_dags/example_dynamic_task_mapping.py
[2023-06-14T14:58:05.055+0000] {processor.py:826} INFO - Processing file /usr/local/lib/python3.8/dist-packages/airflow/example_dags/example_dynamic_task_mapping.py for tasks to queue
[2023-06-14T14:58:05.058+0000] {logging_mixin.py:149} INFO - [2023-06-14T14:58:05.058+0000] {dagbag.py:541} INFO - Filling up the DagBag from /usr/local/lib/python3.8/dist-packages/airflow/example_dags/example_dynamic_task_mapping.py
[2023-06-14T14:58:05.065+0000] {processor.py:836} INFO - DAG(s) dict_keys(['example_dynamic_task_mapping']) retrieved from /usr/local/lib/python3.8/dist-packages/airflow/example_dags/example_dynamic_task_mapping.py
[2023-06-14T14:58:05.086+0000] {logging_mixin.py:149} INFO - [2023-06-14T14:58:05.086+0000] {dag.py:2726} INFO - Sync 1 DAGs
[2023-06-14T14:58:05.106+0000] {logging_mixin.py:149} INFO - [2023-06-14T14:58:05.106+0000] {dag.py:3486} INFO - Setting next_dagrun for example_dynamic_task_mapping to 2022-03-04T00:00:00+00:00, run_after=2022-03-05T00:00:00+00:00
[2023-06-14T14:58:05.135+0000] {processor.py:179} INFO - Processing /usr/local/lib/python3.8/dist-packages/airflow/example_dags/example_dynamic_task_mapping.py took 0.085 seconds
[2023-06-14T14:58:55.475+0000] {processor.py:157} INFO - Started process (PID=11412) to work on /usr/local/lib/python3.8/dist-packages/airflow/example_dags/example_dynamic_task_mapping.py
[2023-06-14T14:58:55.476+0000] {processor.py:826} INFO - Processing file /usr/local/lib/python3.8/dist-packages/airflow/example_dags/example_dynamic_task_mapping.py for tasks to queue
[2023-06-14T14:58:55.478+0000] {logging_mixin.py:149} INFO - [2023-06-14T14:58:55.478+0000] {dagbag.py:541} INFO - Filling up the DagBag from /usr/local/lib/python3.8/dist-packages/airflow/example_dags/example_dynamic_task_mapping.py
[2023-06-14T14:58:55.485+0000] {processor.py:836} INFO - DAG(s) dict_keys(['example_dynamic_task_mapping']) retrieved from /usr/local/lib/python3.8/dist-packages/airflow/example_dags/example_dynamic_task_mapping.py
[2023-06-14T14:58:55.505+0000] {logging_mixin.py:149} INFO - [2023-06-14T14:58:55.505+0000] {dag.py:2726} INFO - Sync 1 DAGs
[2023-06-14T14:58:55.525+0000] {logging_mixin.py:149} INFO - [2023-06-14T14:58:55.525+0000] {dag.py:3486} INFO - Setting next_dagrun for example_dynamic_task_mapping to 2022-03-04T00:00:00+00:00, run_after=2022-03-05T00:00:00+00:00
[2023-06-14T14:58:55.551+0000] {processor.py:179} INFO - Processing /usr/local/lib/python3.8/dist-packages/airflow/example_dags/example_dynamic_task_mapping.py took 0.081 seconds
[2023-06-14T14:59:43.308+0000] {processor.py:157} INFO - Started process (PID=11562) to work on /usr/local/lib/python3.8/dist-packages/airflow/example_dags/example_dynamic_task_mapping.py
[2023-06-14T14:59:43.310+0000] {processor.py:826} INFO - Processing file /usr/local/lib/python3.8/dist-packages/airflow/example_dags/example_dynamic_task_mapping.py for tasks to queue
[2023-06-14T14:59:43.313+0000] {logging_mixin.py:149} INFO - [2023-06-14T14:59:43.312+0000] {dagbag.py:541} INFO - Filling up the DagBag from /usr/local/lib/python3.8/dist-packages/airflow/example_dags/example_dynamic_task_mapping.py
[2023-06-14T14:59:43.320+0000] {processor.py:836} INFO - DAG(s) dict_keys(['example_dynamic_task_mapping']) retrieved from /usr/local/lib/python3.8/dist-packages/airflow/example_dags/example_dynamic_task_mapping.py
[2023-06-14T14:59:43.342+0000] {logging_mixin.py:149} INFO - [2023-06-14T14:59:43.341+0000] {dag.py:2726} INFO - Sync 1 DAGs
[2023-06-14T14:59:43.362+0000] {logging_mixin.py:149} INFO - [2023-06-14T14:59:43.362+0000] {dag.py:3486} INFO - Setting next_dagrun for example_dynamic_task_mapping to 2022-03-04T00:00:00+00:00, run_after=2022-03-05T00:00:00+00:00
[2023-06-14T14:59:43.392+0000] {processor.py:179} INFO - Processing /usr/local/lib/python3.8/dist-packages/airflow/example_dags/example_dynamic_task_mapping.py took 0.087 seconds
[2023-06-14T15:00:32.784+0000] {processor.py:157} INFO - Started process (PID=11718) to work on /usr/local/lib/python3.8/dist-packages/airflow/example_dags/example_dynamic_task_mapping.py
[2023-06-14T15:00:32.785+0000] {processor.py:826} INFO - Processing file /usr/local/lib/python3.8/dist-packages/airflow/example_dags/example_dynamic_task_mapping.py for tasks to queue
[2023-06-14T15:00:32.787+0000] {logging_mixin.py:149} INFO - [2023-06-14T15:00:32.787+0000] {dagbag.py:541} INFO - Filling up the DagBag from /usr/local/lib/python3.8/dist-packages/airflow/example_dags/example_dynamic_task_mapping.py
[2023-06-14T15:00:32.795+0000] {processor.py:836} INFO - DAG(s) dict_keys(['example_dynamic_task_mapping']) retrieved from /usr/local/lib/python3.8/dist-packages/airflow/example_dags/example_dynamic_task_mapping.py
[2023-06-14T15:00:32.815+0000] {logging_mixin.py:149} INFO - [2023-06-14T15:00:32.815+0000] {dag.py:2726} INFO - Sync 1 DAGs
[2023-06-14T15:00:32.836+0000] {logging_mixin.py:149} INFO - [2023-06-14T15:00:32.836+0000] {dag.py:3486} INFO - Setting next_dagrun for example_dynamic_task_mapping to 2022-03-04T00:00:00+00:00, run_after=2022-03-05T00:00:00+00:00
[2023-06-14T15:00:32.862+0000] {processor.py:179} INFO - Processing /usr/local/lib/python3.8/dist-packages/airflow/example_dags/example_dynamic_task_mapping.py took 0.083 seconds
[2023-06-14T15:01:24.968+0000] {processor.py:157} INFO - Started process (PID=11876) to work on /usr/local/lib/python3.8/dist-packages/airflow/example_dags/example_dynamic_task_mapping.py
[2023-06-14T15:01:24.969+0000] {processor.py:826} INFO - Processing file /usr/local/lib/python3.8/dist-packages/airflow/example_dags/example_dynamic_task_mapping.py for tasks to queue
[2023-06-14T15:01:24.971+0000] {logging_mixin.py:149} INFO - [2023-06-14T15:01:24.971+0000] {dagbag.py:541} INFO - Filling up the DagBag from /usr/local/lib/python3.8/dist-packages/airflow/example_dags/example_dynamic_task_mapping.py
[2023-06-14T15:01:24.979+0000] {processor.py:836} INFO - DAG(s) dict_keys(['example_dynamic_task_mapping']) retrieved from /usr/local/lib/python3.8/dist-packages/airflow/example_dags/example_dynamic_task_mapping.py
[2023-06-14T15:01:24.998+0000] {logging_mixin.py:149} INFO - [2023-06-14T15:01:24.998+0000] {dag.py:2726} INFO - Sync 1 DAGs
[2023-06-14T15:01:25.018+0000] {logging_mixin.py:149} INFO - [2023-06-14T15:01:25.018+0000] {dag.py:3486} INFO - Setting next_dagrun for example_dynamic_task_mapping to 2022-03-04T00:00:00+00:00, run_after=2022-03-05T00:00:00+00:00
[2023-06-14T15:01:25.044+0000] {processor.py:179} INFO - Processing /usr/local/lib/python3.8/dist-packages/airflow/example_dags/example_dynamic_task_mapping.py took 0.080 seconds
[2023-06-14T15:02:15.692+0000] {processor.py:157} INFO - Started process (PID=12039) to work on /usr/local/lib/python3.8/dist-packages/airflow/example_dags/example_dynamic_task_mapping.py
[2023-06-14T15:02:15.694+0000] {processor.py:826} INFO - Processing file /usr/local/lib/python3.8/dist-packages/airflow/example_dags/example_dynamic_task_mapping.py for tasks to queue
[2023-06-14T15:02:15.696+0000] {logging_mixin.py:149} INFO - [2023-06-14T15:02:15.696+0000] {dagbag.py:541} INFO - Filling up the DagBag from /usr/local/lib/python3.8/dist-packages/airflow/example_dags/example_dynamic_task_mapping.py
[2023-06-14T15:02:15.703+0000] {processor.py:836} INFO - DAG(s) dict_keys(['example_dynamic_task_mapping']) retrieved from /usr/local/lib/python3.8/dist-packages/airflow/example_dags/example_dynamic_task_mapping.py
[2023-06-14T15:02:15.724+0000] {logging_mixin.py:149} INFO - [2023-06-14T15:02:15.723+0000] {dag.py:2726} INFO - Sync 1 DAGs
[2023-06-14T15:02:15.743+0000] {logging_mixin.py:149} INFO - [2023-06-14T15:02:15.743+0000] {dag.py:3486} INFO - Setting next_dagrun for example_dynamic_task_mapping to 2022-03-04T00:00:00+00:00, run_after=2022-03-05T00:00:00+00:00
[2023-06-14T15:02:15.770+0000] {processor.py:179} INFO - Processing /usr/local/lib/python3.8/dist-packages/airflow/example_dags/example_dynamic_task_mapping.py took 0.082 seconds
[2023-06-14T15:03:06.399+0000] {processor.py:157} INFO - Started process (PID=12297) to work on /usr/local/lib/python3.8/dist-packages/airflow/example_dags/example_dynamic_task_mapping.py
[2023-06-14T15:03:06.401+0000] {processor.py:826} INFO - Processing file /usr/local/lib/python3.8/dist-packages/airflow/example_dags/example_dynamic_task_mapping.py for tasks to queue
[2023-06-14T15:03:06.403+0000] {logging_mixin.py:149} INFO - [2023-06-14T15:03:06.403+0000] {dagbag.py:541} INFO - Filling up the DagBag from /usr/local/lib/python3.8/dist-packages/airflow/example_dags/example_dynamic_task_mapping.py
[2023-06-14T15:03:06.410+0000] {processor.py:836} INFO - DAG(s) dict_keys(['example_dynamic_task_mapping']) retrieved from /usr/local/lib/python3.8/dist-packages/airflow/example_dags/example_dynamic_task_mapping.py
[2023-06-14T15:03:06.431+0000] {logging_mixin.py:149} INFO - [2023-06-14T15:03:06.430+0000] {dag.py:2726} INFO - Sync 1 DAGs
[2023-06-14T15:03:06.452+0000] {logging_mixin.py:149} INFO - [2023-06-14T15:03:06.452+0000] {dag.py:3486} INFO - Setting next_dagrun for example_dynamic_task_mapping to 2022-03-04T00:00:00+00:00, run_after=2022-03-05T00:00:00+00:00
[2023-06-14T15:03:06.480+0000] {processor.py:179} INFO - Processing /usr/local/lib/python3.8/dist-packages/airflow/example_dags/example_dynamic_task_mapping.py took 0.084 seconds
[2023-06-14T15:03:59.375+0000] {processor.py:157} INFO - Started process (PID=12557) to work on /usr/local/lib/python3.8/dist-packages/airflow/example_dags/example_dynamic_task_mapping.py
[2023-06-14T15:03:59.377+0000] {processor.py:826} INFO - Processing file /usr/local/lib/python3.8/dist-packages/airflow/example_dags/example_dynamic_task_mapping.py for tasks to queue
[2023-06-14T15:03:59.379+0000] {logging_mixin.py:149} INFO - [2023-06-14T15:03:59.379+0000] {dagbag.py:541} INFO - Filling up the DagBag from /usr/local/lib/python3.8/dist-packages/airflow/example_dags/example_dynamic_task_mapping.py
[2023-06-14T15:03:59.386+0000] {processor.py:836} INFO - DAG(s) dict_keys(['example_dynamic_task_mapping']) retrieved from /usr/local/lib/python3.8/dist-packages/airflow/example_dags/example_dynamic_task_mapping.py
[2023-06-14T15:03:59.406+0000] {logging_mixin.py:149} INFO - [2023-06-14T15:03:59.406+0000] {dag.py:2726} INFO - Sync 1 DAGs
[2023-06-14T15:03:59.426+0000] {logging_mixin.py:149} INFO - [2023-06-14T15:03:59.426+0000] {dag.py:3486} INFO - Setting next_dagrun for example_dynamic_task_mapping to 2022-03-04T00:00:00+00:00, run_after=2022-03-05T00:00:00+00:00
[2023-06-14T15:03:59.456+0000] {processor.py:179} INFO - Processing /usr/local/lib/python3.8/dist-packages/airflow/example_dags/example_dynamic_task_mapping.py took 0.085 seconds
[2023-06-14T15:04:52.060+0000] {processor.py:157} INFO - Started process (PID=12611) to work on /usr/local/lib/python3.8/dist-packages/airflow/example_dags/example_dynamic_task_mapping.py
[2023-06-14T15:04:52.061+0000] {processor.py:826} INFO - Processing file /usr/local/lib/python3.8/dist-packages/airflow/example_dags/example_dynamic_task_mapping.py for tasks to queue
[2023-06-14T15:04:52.064+0000] {logging_mixin.py:149} INFO - [2023-06-14T15:04:52.064+0000] {dagbag.py:541} INFO - Filling up the DagBag from /usr/local/lib/python3.8/dist-packages/airflow/example_dags/example_dynamic_task_mapping.py
[2023-06-14T15:04:52.071+0000] {processor.py:836} INFO - DAG(s) dict_keys(['example_dynamic_task_mapping']) retrieved from /usr/local/lib/python3.8/dist-packages/airflow/example_dags/example_dynamic_task_mapping.py
[2023-06-14T15:04:52.093+0000] {logging_mixin.py:149} INFO - [2023-06-14T15:04:52.092+0000] {dag.py:2726} INFO - Sync 1 DAGs
[2023-06-14T15:04:52.114+0000] {logging_mixin.py:149} INFO - [2023-06-14T15:04:52.113+0000] {dag.py:3486} INFO - Setting next_dagrun for example_dynamic_task_mapping to 2022-03-04T00:00:00+00:00, run_after=2022-03-05T00:00:00+00:00
[2023-06-14T15:04:52.144+0000] {processor.py:179} INFO - Processing /usr/local/lib/python3.8/dist-packages/airflow/example_dags/example_dynamic_task_mapping.py took 0.088 seconds
[2023-06-14T15:05:48.559+0000] {processor.py:157} INFO - Started process (PID=13007) to work on /usr/local/lib/python3.8/dist-packages/airflow/example_dags/example_dynamic_task_mapping.py
[2023-06-14T15:05:48.565+0000] {processor.py:826} INFO - Processing file /usr/local/lib/python3.8/dist-packages/airflow/example_dags/example_dynamic_task_mapping.py for tasks to queue
[2023-06-14T15:05:48.567+0000] {logging_mixin.py:149} INFO - [2023-06-14T15:05:48.567+0000] {dagbag.py:541} INFO - Filling up the DagBag from /usr/local/lib/python3.8/dist-packages/airflow/example_dags/example_dynamic_task_mapping.py
[2023-06-14T15:05:48.575+0000] {processor.py:836} INFO - DAG(s) dict_keys(['example_dynamic_task_mapping']) retrieved from /usr/local/lib/python3.8/dist-packages/airflow/example_dags/example_dynamic_task_mapping.py
[2023-06-14T15:05:48.595+0000] {logging_mixin.py:149} INFO - [2023-06-14T15:05:48.595+0000] {dag.py:2726} INFO - Sync 1 DAGs
[2023-06-14T15:05:48.616+0000] {logging_mixin.py:149} INFO - [2023-06-14T15:05:48.616+0000] {dag.py:3486} INFO - Setting next_dagrun for example_dynamic_task_mapping to 2022-03-04T00:00:00+00:00, run_after=2022-03-05T00:00:00+00:00
[2023-06-14T15:05:48.643+0000] {processor.py:179} INFO - Processing /usr/local/lib/python3.8/dist-packages/airflow/example_dags/example_dynamic_task_mapping.py took 0.088 seconds
[2023-06-14T15:06:40.788+0000] {processor.py:157} INFO - Started process (PID=13164) to work on /usr/local/lib/python3.8/dist-packages/airflow/example_dags/example_dynamic_task_mapping.py
[2023-06-14T15:06:40.789+0000] {processor.py:826} INFO - Processing file /usr/local/lib/python3.8/dist-packages/airflow/example_dags/example_dynamic_task_mapping.py for tasks to queue
[2023-06-14T15:06:40.792+0000] {logging_mixin.py:149} INFO - [2023-06-14T15:06:40.792+0000] {dagbag.py:541} INFO - Filling up the DagBag from /usr/local/lib/python3.8/dist-packages/airflow/example_dags/example_dynamic_task_mapping.py
[2023-06-14T15:06:40.799+0000] {processor.py:836} INFO - DAG(s) dict_keys(['example_dynamic_task_mapping']) retrieved from /usr/local/lib/python3.8/dist-packages/airflow/example_dags/example_dynamic_task_mapping.py
[2023-06-14T15:06:40.819+0000] {logging_mixin.py:149} INFO - [2023-06-14T15:06:40.819+0000] {dag.py:2726} INFO - Sync 1 DAGs
[2023-06-14T15:06:40.840+0000] {logging_mixin.py:149} INFO - [2023-06-14T15:06:40.840+0000] {dag.py:3486} INFO - Setting next_dagrun for example_dynamic_task_mapping to 2022-03-04T00:00:00+00:00, run_after=2022-03-05T00:00:00+00:00
[2023-06-14T15:06:40.869+0000] {processor.py:179} INFO - Processing /usr/local/lib/python3.8/dist-packages/airflow/example_dags/example_dynamic_task_mapping.py took 0.085 seconds
[2023-06-14T15:07:31.178+0000] {processor.py:157} INFO - Started process (PID=13435) to work on /usr/local/lib/python3.8/dist-packages/airflow/example_dags/example_dynamic_task_mapping.py
[2023-06-14T15:07:31.180+0000] {processor.py:826} INFO - Processing file /usr/local/lib/python3.8/dist-packages/airflow/example_dags/example_dynamic_task_mapping.py for tasks to queue
[2023-06-14T15:07:31.182+0000] {logging_mixin.py:149} INFO - [2023-06-14T15:07:31.182+0000] {dagbag.py:541} INFO - Filling up the DagBag from /usr/local/lib/python3.8/dist-packages/airflow/example_dags/example_dynamic_task_mapping.py
[2023-06-14T15:07:31.190+0000] {processor.py:836} INFO - DAG(s) dict_keys(['example_dynamic_task_mapping']) retrieved from /usr/local/lib/python3.8/dist-packages/airflow/example_dags/example_dynamic_task_mapping.py
[2023-06-14T15:07:31.210+0000] {logging_mixin.py:149} INFO - [2023-06-14T15:07:31.210+0000] {dag.py:2726} INFO - Sync 1 DAGs
[2023-06-14T15:07:31.230+0000] {logging_mixin.py:149} INFO - [2023-06-14T15:07:31.230+0000] {dag.py:3486} INFO - Setting next_dagrun for example_dynamic_task_mapping to 2022-03-04T00:00:00+00:00, run_after=2022-03-05T00:00:00+00:00
[2023-06-14T15:07:31.261+0000] {processor.py:179} INFO - Processing /usr/local/lib/python3.8/dist-packages/airflow/example_dags/example_dynamic_task_mapping.py took 0.091 seconds
[2023-06-14T15:08:22.074+0000] {processor.py:157} INFO - Started process (PID=13591) to work on /usr/local/lib/python3.8/dist-packages/airflow/example_dags/example_dynamic_task_mapping.py
[2023-06-14T15:08:22.075+0000] {processor.py:826} INFO - Processing file /usr/local/lib/python3.8/dist-packages/airflow/example_dags/example_dynamic_task_mapping.py for tasks to queue
[2023-06-14T15:08:22.078+0000] {logging_mixin.py:149} INFO - [2023-06-14T15:08:22.078+0000] {dagbag.py:541} INFO - Filling up the DagBag from /usr/local/lib/python3.8/dist-packages/airflow/example_dags/example_dynamic_task_mapping.py
[2023-06-14T15:08:22.085+0000] {processor.py:836} INFO - DAG(s) dict_keys(['example_dynamic_task_mapping']) retrieved from /usr/local/lib/python3.8/dist-packages/airflow/example_dags/example_dynamic_task_mapping.py
[2023-06-14T15:08:22.106+0000] {logging_mixin.py:149} INFO - [2023-06-14T15:08:22.106+0000] {dag.py:2726} INFO - Sync 1 DAGs
[2023-06-14T15:08:22.127+0000] {logging_mixin.py:149} INFO - [2023-06-14T15:08:22.127+0000] {dag.py:3486} INFO - Setting next_dagrun for example_dynamic_task_mapping to 2022-03-04T00:00:00+00:00, run_after=2022-03-05T00:00:00+00:00
[2023-06-14T15:08:22.153+0000] {processor.py:179} INFO - Processing /usr/local/lib/python3.8/dist-packages/airflow/example_dags/example_dynamic_task_mapping.py took 0.083 seconds
[2023-06-14T15:09:11.435+0000] {processor.py:157} INFO - Started process (PID=13847) to work on /usr/local/lib/python3.8/dist-packages/airflow/example_dags/example_dynamic_task_mapping.py
[2023-06-14T15:09:11.437+0000] {processor.py:826} INFO - Processing file /usr/local/lib/python3.8/dist-packages/airflow/example_dags/example_dynamic_task_mapping.py for tasks to queue
[2023-06-14T15:09:11.439+0000] {logging_mixin.py:149} INFO - [2023-06-14T15:09:11.439+0000] {dagbag.py:541} INFO - Filling up the DagBag from /usr/local/lib/python3.8/dist-packages/airflow/example_dags/example_dynamic_task_mapping.py
[2023-06-14T15:09:11.446+0000] {processor.py:836} INFO - DAG(s) dict_keys(['example_dynamic_task_mapping']) retrieved from /usr/local/lib/python3.8/dist-packages/airflow/example_dags/example_dynamic_task_mapping.py
[2023-06-14T15:09:11.467+0000] {logging_mixin.py:149} INFO - [2023-06-14T15:09:11.467+0000] {dag.py:2726} INFO - Sync 1 DAGs
[2023-06-14T15:09:11.487+0000] {logging_mixin.py:149} INFO - [2023-06-14T15:09:11.487+0000] {dag.py:3486} INFO - Setting next_dagrun for example_dynamic_task_mapping to 2022-03-04T00:00:00+00:00, run_after=2022-03-05T00:00:00+00:00
[2023-06-14T15:09:11.515+0000] {processor.py:179} INFO - Processing /usr/local/lib/python3.8/dist-packages/airflow/example_dags/example_dynamic_task_mapping.py took 0.084 seconds
[2023-06-14T15:10:02.120+0000] {processor.py:157} INFO - Started process (PID=14000) to work on /usr/local/lib/python3.8/dist-packages/airflow/example_dags/example_dynamic_task_mapping.py
[2023-06-14T15:10:02.121+0000] {processor.py:826} INFO - Processing file /usr/local/lib/python3.8/dist-packages/airflow/example_dags/example_dynamic_task_mapping.py for tasks to queue
[2023-06-14T15:10:02.123+0000] {logging_mixin.py:149} INFO - [2023-06-14T15:10:02.123+0000] {dagbag.py:541} INFO - Filling up the DagBag from /usr/local/lib/python3.8/dist-packages/airflow/example_dags/example_dynamic_task_mapping.py
[2023-06-14T15:10:02.130+0000] {processor.py:836} INFO - DAG(s) dict_keys(['example_dynamic_task_mapping']) retrieved from /usr/local/lib/python3.8/dist-packages/airflow/example_dags/example_dynamic_task_mapping.py
[2023-06-14T15:10:02.150+0000] {logging_mixin.py:149} INFO - [2023-06-14T15:10:02.150+0000] {dag.py:2726} INFO - Sync 1 DAGs
[2023-06-14T15:10:02.170+0000] {logging_mixin.py:149} INFO - [2023-06-14T15:10:02.170+0000] {dag.py:3486} INFO - Setting next_dagrun for example_dynamic_task_mapping to 2022-03-04T00:00:00+00:00, run_after=2022-03-05T00:00:00+00:00
[2023-06-14T15:10:02.198+0000] {processor.py:179} INFO - Processing /usr/local/lib/python3.8/dist-packages/airflow/example_dags/example_dynamic_task_mapping.py took 0.083 seconds
[2023-06-14T15:10:52.921+0000] {processor.py:157} INFO - Started process (PID=14094) to work on /usr/local/lib/python3.8/dist-packages/airflow/example_dags/example_dynamic_task_mapping.py
[2023-06-14T15:10:52.922+0000] {processor.py:826} INFO - Processing file /usr/local/lib/python3.8/dist-packages/airflow/example_dags/example_dynamic_task_mapping.py for tasks to queue
[2023-06-14T15:10:52.925+0000] {logging_mixin.py:149} INFO - [2023-06-14T15:10:52.925+0000] {dagbag.py:541} INFO - Filling up the DagBag from /usr/local/lib/python3.8/dist-packages/airflow/example_dags/example_dynamic_task_mapping.py
[2023-06-14T15:10:52.932+0000] {processor.py:836} INFO - DAG(s) dict_keys(['example_dynamic_task_mapping']) retrieved from /usr/local/lib/python3.8/dist-packages/airflow/example_dags/example_dynamic_task_mapping.py
[2023-06-14T15:10:52.952+0000] {logging_mixin.py:149} INFO - [2023-06-14T15:10:52.952+0000] {dag.py:2726} INFO - Sync 1 DAGs
[2023-06-14T15:10:52.972+0000] {logging_mixin.py:149} INFO - [2023-06-14T15:10:52.972+0000] {dag.py:3486} INFO - Setting next_dagrun for example_dynamic_task_mapping to 2022-03-04T00:00:00+00:00, run_after=2022-03-05T00:00:00+00:00
[2023-06-14T15:10:52.999+0000] {processor.py:179} INFO - Processing /usr/local/lib/python3.8/dist-packages/airflow/example_dags/example_dynamic_task_mapping.py took 0.082 seconds
[2023-06-14T15:11:38.555+0000] {processor.py:157} INFO - Started process (PID=14206) to work on /usr/local/lib/python3.8/dist-packages/airflow/example_dags/example_dynamic_task_mapping.py
[2023-06-14T15:11:38.556+0000] {processor.py:826} INFO - Processing file /usr/local/lib/python3.8/dist-packages/airflow/example_dags/example_dynamic_task_mapping.py for tasks to queue
[2023-06-14T15:11:38.558+0000] {logging_mixin.py:149} INFO - [2023-06-14T15:11:38.558+0000] {dagbag.py:541} INFO - Filling up the DagBag from /usr/local/lib/python3.8/dist-packages/airflow/example_dags/example_dynamic_task_mapping.py
[2023-06-14T15:11:38.566+0000] {processor.py:836} INFO - DAG(s) dict_keys(['example_dynamic_task_mapping']) retrieved from /usr/local/lib/python3.8/dist-packages/airflow/example_dags/example_dynamic_task_mapping.py
[2023-06-14T15:11:38.586+0000] {logging_mixin.py:149} INFO - [2023-06-14T15:11:38.586+0000] {dag.py:2726} INFO - Sync 1 DAGs
[2023-06-14T15:11:38.606+0000] {logging_mixin.py:149} INFO - [2023-06-14T15:11:38.606+0000] {dag.py:3486} INFO - Setting next_dagrun for example_dynamic_task_mapping to 2022-03-04T00:00:00+00:00, run_after=2022-03-05T00:00:00+00:00
[2023-06-14T15:11:38.634+0000] {processor.py:179} INFO - Processing /usr/local/lib/python3.8/dist-packages/airflow/example_dags/example_dynamic_task_mapping.py took 0.083 seconds
[2023-06-14T15:12:31.140+0000] {processor.py:157} INFO - Started process (PID=14368) to work on /usr/local/lib/python3.8/dist-packages/airflow/example_dags/example_dynamic_task_mapping.py
[2023-06-14T15:12:31.141+0000] {processor.py:826} INFO - Processing file /usr/local/lib/python3.8/dist-packages/airflow/example_dags/example_dynamic_task_mapping.py for tasks to queue
[2023-06-14T15:12:31.144+0000] {logging_mixin.py:149} INFO - [2023-06-14T15:12:31.143+0000] {dagbag.py:541} INFO - Filling up the DagBag from /usr/local/lib/python3.8/dist-packages/airflow/example_dags/example_dynamic_task_mapping.py
[2023-06-14T15:12:31.151+0000] {processor.py:836} INFO - DAG(s) dict_keys(['example_dynamic_task_mapping']) retrieved from /usr/local/lib/python3.8/dist-packages/airflow/example_dags/example_dynamic_task_mapping.py
[2023-06-14T15:12:31.171+0000] {logging_mixin.py:149} INFO - [2023-06-14T15:12:31.171+0000] {dag.py:2726} INFO - Sync 1 DAGs
[2023-06-14T15:12:31.191+0000] {logging_mixin.py:149} INFO - [2023-06-14T15:12:31.191+0000] {dag.py:3486} INFO - Setting next_dagrun for example_dynamic_task_mapping to 2022-03-04T00:00:00+00:00, run_after=2022-03-05T00:00:00+00:00
[2023-06-14T15:12:31.220+0000] {processor.py:179} INFO - Processing /usr/local/lib/python3.8/dist-packages/airflow/example_dags/example_dynamic_task_mapping.py took 0.084 seconds
[2023-06-14T15:13:24.853+0000] {processor.py:157} INFO - Started process (PID=14524) to work on /usr/local/lib/python3.8/dist-packages/airflow/example_dags/example_dynamic_task_mapping.py
[2023-06-14T15:13:24.854+0000] {processor.py:826} INFO - Processing file /usr/local/lib/python3.8/dist-packages/airflow/example_dags/example_dynamic_task_mapping.py for tasks to queue
[2023-06-14T15:13:24.857+0000] {logging_mixin.py:149} INFO - [2023-06-14T15:13:24.856+0000] {dagbag.py:541} INFO - Filling up the DagBag from /usr/local/lib/python3.8/dist-packages/airflow/example_dags/example_dynamic_task_mapping.py
[2023-06-14T15:13:24.864+0000] {processor.py:836} INFO - DAG(s) dict_keys(['example_dynamic_task_mapping']) retrieved from /usr/local/lib/python3.8/dist-packages/airflow/example_dags/example_dynamic_task_mapping.py
[2023-06-14T15:13:24.885+0000] {logging_mixin.py:149} INFO - [2023-06-14T15:13:24.885+0000] {dag.py:2726} INFO - Sync 1 DAGs
[2023-06-14T15:13:24.905+0000] {logging_mixin.py:149} INFO - [2023-06-14T15:13:24.905+0000] {dag.py:3486} INFO - Setting next_dagrun for example_dynamic_task_mapping to 2022-03-04T00:00:00+00:00, run_after=2022-03-05T00:00:00+00:00
[2023-06-14T15:13:24.934+0000] {processor.py:179} INFO - Processing /usr/local/lib/python3.8/dist-packages/airflow/example_dags/example_dynamic_task_mapping.py took 0.085 seconds
[2023-06-14T15:14:14.527+0000] {processor.py:157} INFO - Started process (PID=14783) to work on /usr/local/lib/python3.8/dist-packages/airflow/example_dags/example_dynamic_task_mapping.py
[2023-06-14T15:14:14.528+0000] {processor.py:826} INFO - Processing file /usr/local/lib/python3.8/dist-packages/airflow/example_dags/example_dynamic_task_mapping.py for tasks to queue
[2023-06-14T15:14:14.530+0000] {logging_mixin.py:149} INFO - [2023-06-14T15:14:14.530+0000] {dagbag.py:541} INFO - Filling up the DagBag from /usr/local/lib/python3.8/dist-packages/airflow/example_dags/example_dynamic_task_mapping.py
[2023-06-14T15:14:14.538+0000] {processor.py:836} INFO - DAG(s) dict_keys(['example_dynamic_task_mapping']) retrieved from /usr/local/lib/python3.8/dist-packages/airflow/example_dags/example_dynamic_task_mapping.py
[2023-06-14T15:14:14.558+0000] {logging_mixin.py:149} INFO - [2023-06-14T15:14:14.557+0000] {dag.py:2726} INFO - Sync 1 DAGs
[2023-06-14T15:14:14.578+0000] {logging_mixin.py:149} INFO - [2023-06-14T15:14:14.578+0000] {dag.py:3486} INFO - Setting next_dagrun for example_dynamic_task_mapping to 2022-03-04T00:00:00+00:00, run_after=2022-03-05T00:00:00+00:00
[2023-06-14T15:14:14.607+0000] {processor.py:179} INFO - Processing /usr/local/lib/python3.8/dist-packages/airflow/example_dags/example_dynamic_task_mapping.py took 0.084 seconds
[2023-06-14T15:15:03.374+0000] {processor.py:157} INFO - Started process (PID=14935) to work on /usr/local/lib/python3.8/dist-packages/airflow/example_dags/example_dynamic_task_mapping.py
[2023-06-14T15:15:03.376+0000] {processor.py:826} INFO - Processing file /usr/local/lib/python3.8/dist-packages/airflow/example_dags/example_dynamic_task_mapping.py for tasks to queue
[2023-06-14T15:15:03.379+0000] {logging_mixin.py:149} INFO - [2023-06-14T15:15:03.378+0000] {dagbag.py:541} INFO - Filling up the DagBag from /usr/local/lib/python3.8/dist-packages/airflow/example_dags/example_dynamic_task_mapping.py
[2023-06-14T15:15:03.386+0000] {processor.py:836} INFO - DAG(s) dict_keys(['example_dynamic_task_mapping']) retrieved from /usr/local/lib/python3.8/dist-packages/airflow/example_dags/example_dynamic_task_mapping.py
[2023-06-14T15:15:03.406+0000] {logging_mixin.py:149} INFO - [2023-06-14T15:15:03.406+0000] {dag.py:2726} INFO - Sync 1 DAGs
[2023-06-14T15:15:03.426+0000] {logging_mixin.py:149} INFO - [2023-06-14T15:15:03.426+0000] {dag.py:3486} INFO - Setting next_dagrun for example_dynamic_task_mapping to 2022-03-04T00:00:00+00:00, run_after=2022-03-05T00:00:00+00:00
[2023-06-14T15:15:03.455+0000] {processor.py:179} INFO - Processing /usr/local/lib/python3.8/dist-packages/airflow/example_dags/example_dynamic_task_mapping.py took 0.084 seconds
