[2023-06-14T14:17:14.619+0000] {processor.py:157} INFO - Started process (PID=1954) to work on /usr/local/lib/python3.8/dist-packages/airflow/example_dags/example_latest_only.py
[2023-06-14T14:17:14.620+0000] {processor.py:826} INFO - Processing file /usr/local/lib/python3.8/dist-packages/airflow/example_dags/example_latest_only.py for tasks to queue
[2023-06-14T14:17:14.623+0000] {logging_mixin.py:149} INFO - [2023-06-14T14:17:14.623+0000] {dagbag.py:541} INFO - Filling up the DagBag from /usr/local/lib/python3.8/dist-packages/airflow/example_dags/example_latest_only.py
[2023-06-14T14:17:14.628+0000] {processor.py:836} INFO - DAG(s) dict_keys(['latest_only']) retrieved from /usr/local/lib/python3.8/dist-packages/airflow/example_dags/example_latest_only.py
[2023-06-14T14:17:14.651+0000] {logging_mixin.py:149} INFO - [2023-06-14T14:17:14.651+0000] {dag.py:2726} INFO - Sync 1 DAGs
[2023-06-14T14:17:14.671+0000] {logging_mixin.py:149} INFO - [2023-06-14T14:17:14.671+0000] {dag.py:3486} INFO - Setting next_dagrun for latest_only to 2023-06-14T10:17:14.671419+00:00, run_after=2023-06-14T14:17:14.671419+00:00
[2023-06-14T14:17:14.696+0000] {processor.py:179} INFO - Processing /usr/local/lib/python3.8/dist-packages/airflow/example_dags/example_latest_only.py took 0.080 seconds
[2023-06-14T14:19:37.310+0000] {processor.py:157} INFO - Started process (PID=4140) to work on /usr/local/lib/python3.8/dist-packages/airflow/example_dags/example_latest_only.py
[2023-06-14T14:19:37.312+0000] {processor.py:826} INFO - Processing file /usr/local/lib/python3.8/dist-packages/airflow/example_dags/example_latest_only.py for tasks to queue
[2023-06-14T14:19:37.315+0000] {logging_mixin.py:149} INFO - [2023-06-14T14:19:37.315+0000] {dagbag.py:541} INFO - Filling up the DagBag from /usr/local/lib/python3.8/dist-packages/airflow/example_dags/example_latest_only.py
[2023-06-14T14:19:37.322+0000] {processor.py:836} INFO - DAG(s) dict_keys(['latest_only']) retrieved from /usr/local/lib/python3.8/dist-packages/airflow/example_dags/example_latest_only.py
[2023-06-14T14:19:37.356+0000] {logging_mixin.py:149} INFO - [2023-06-14T14:19:37.355+0000] {dag.py:2726} INFO - Sync 1 DAGs
[2023-06-14T14:19:37.382+0000] {logging_mixin.py:149} INFO - [2023-06-14T14:19:37.382+0000] {dag.py:3486} INFO - Setting next_dagrun for latest_only to 2023-06-14T10:19:37.382238+00:00, run_after=2023-06-14T14:19:37.382238+00:00
[2023-06-14T14:19:37.416+0000] {processor.py:179} INFO - Processing /usr/local/lib/python3.8/dist-packages/airflow/example_dags/example_latest_only.py took 0.110 seconds
[2023-06-14T14:20:35.857+0000] {processor.py:157} INFO - Started process (PID=4301) to work on /usr/local/lib/python3.8/dist-packages/airflow/example_dags/example_latest_only.py
[2023-06-14T14:20:35.858+0000] {processor.py:826} INFO - Processing file /usr/local/lib/python3.8/dist-packages/airflow/example_dags/example_latest_only.py for tasks to queue
[2023-06-14T14:20:35.861+0000] {logging_mixin.py:149} INFO - [2023-06-14T14:20:35.860+0000] {dagbag.py:541} INFO - Filling up the DagBag from /usr/local/lib/python3.8/dist-packages/airflow/example_dags/example_latest_only.py
[2023-06-14T14:20:35.866+0000] {processor.py:836} INFO - DAG(s) dict_keys(['latest_only']) retrieved from /usr/local/lib/python3.8/dist-packages/airflow/example_dags/example_latest_only.py
[2023-06-14T14:20:35.888+0000] {logging_mixin.py:149} INFO - [2023-06-14T14:20:35.887+0000] {dag.py:2726} INFO - Sync 1 DAGs
[2023-06-14T14:20:35.908+0000] {logging_mixin.py:149} INFO - [2023-06-14T14:20:35.908+0000] {dag.py:3486} INFO - Setting next_dagrun for latest_only to 2023-06-14T10:20:35.908145+00:00, run_after=2023-06-14T14:20:35.908145+00:00
[2023-06-14T14:20:35.938+0000] {processor.py:179} INFO - Processing /usr/local/lib/python3.8/dist-packages/airflow/example_dags/example_latest_only.py took 0.085 seconds
[2023-06-14T14:21:30.061+0000] {processor.py:157} INFO - Started process (PID=4457) to work on /usr/local/lib/python3.8/dist-packages/airflow/example_dags/example_latest_only.py
[2023-06-14T14:21:30.062+0000] {processor.py:826} INFO - Processing file /usr/local/lib/python3.8/dist-packages/airflow/example_dags/example_latest_only.py for tasks to queue
[2023-06-14T14:21:30.065+0000] {logging_mixin.py:149} INFO - [2023-06-14T14:21:30.064+0000] {dagbag.py:541} INFO - Filling up the DagBag from /usr/local/lib/python3.8/dist-packages/airflow/example_dags/example_latest_only.py
[2023-06-14T14:21:30.070+0000] {processor.py:836} INFO - DAG(s) dict_keys(['latest_only']) retrieved from /usr/local/lib/python3.8/dist-packages/airflow/example_dags/example_latest_only.py
[2023-06-14T14:21:30.092+0000] {logging_mixin.py:149} INFO - [2023-06-14T14:21:30.092+0000] {dag.py:2726} INFO - Sync 1 DAGs
[2023-06-14T14:21:30.113+0000] {logging_mixin.py:149} INFO - [2023-06-14T14:21:30.113+0000] {dag.py:3486} INFO - Setting next_dagrun for latest_only to 2023-06-14T10:21:30.113255+00:00, run_after=2023-06-14T14:21:30.113255+00:00
[2023-06-14T14:21:30.141+0000] {processor.py:179} INFO - Processing /usr/local/lib/python3.8/dist-packages/airflow/example_dags/example_latest_only.py took 0.085 seconds
[2023-06-14T14:22:22.387+0000] {processor.py:157} INFO - Started process (PID=4619) to work on /usr/local/lib/python3.8/dist-packages/airflow/example_dags/example_latest_only.py
[2023-06-14T14:22:22.389+0000] {processor.py:826} INFO - Processing file /usr/local/lib/python3.8/dist-packages/airflow/example_dags/example_latest_only.py for tasks to queue
[2023-06-14T14:22:22.391+0000] {logging_mixin.py:149} INFO - [2023-06-14T14:22:22.391+0000] {dagbag.py:541} INFO - Filling up the DagBag from /usr/local/lib/python3.8/dist-packages/airflow/example_dags/example_latest_only.py
[2023-06-14T14:22:22.397+0000] {processor.py:836} INFO - DAG(s) dict_keys(['latest_only']) retrieved from /usr/local/lib/python3.8/dist-packages/airflow/example_dags/example_latest_only.py
[2023-06-14T14:22:22.418+0000] {logging_mixin.py:149} INFO - [2023-06-14T14:22:22.418+0000] {dag.py:2726} INFO - Sync 1 DAGs
[2023-06-14T14:22:22.438+0000] {logging_mixin.py:149} INFO - [2023-06-14T14:22:22.438+0000] {dag.py:3486} INFO - Setting next_dagrun for latest_only to 2023-06-14T10:22:22.438445+00:00, run_after=2023-06-14T14:22:22.438445+00:00
[2023-06-14T14:22:22.468+0000] {processor.py:179} INFO - Processing /usr/local/lib/python3.8/dist-packages/airflow/example_dags/example_latest_only.py took 0.084 seconds
[2023-06-14T14:23:14.649+0000] {processor.py:157} INFO - Started process (PID=4777) to work on /usr/local/lib/python3.8/dist-packages/airflow/example_dags/example_latest_only.py
[2023-06-14T14:23:14.651+0000] {processor.py:826} INFO - Processing file /usr/local/lib/python3.8/dist-packages/airflow/example_dags/example_latest_only.py for tasks to queue
[2023-06-14T14:23:14.653+0000] {logging_mixin.py:149} INFO - [2023-06-14T14:23:14.653+0000] {dagbag.py:541} INFO - Filling up the DagBag from /usr/local/lib/python3.8/dist-packages/airflow/example_dags/example_latest_only.py
[2023-06-14T14:23:14.659+0000] {processor.py:836} INFO - DAG(s) dict_keys(['latest_only']) retrieved from /usr/local/lib/python3.8/dist-packages/airflow/example_dags/example_latest_only.py
[2023-06-14T14:23:14.680+0000] {logging_mixin.py:149} INFO - [2023-06-14T14:23:14.679+0000] {dag.py:2726} INFO - Sync 1 DAGs
[2023-06-14T14:23:14.700+0000] {logging_mixin.py:149} INFO - [2023-06-14T14:23:14.700+0000] {dag.py:3486} INFO - Setting next_dagrun for latest_only to 2023-06-14T10:23:14.699728+00:00, run_after=2023-06-14T14:23:14.699728+00:00
[2023-06-14T14:23:14.726+0000] {processor.py:179} INFO - Processing /usr/local/lib/python3.8/dist-packages/airflow/example_dags/example_latest_only.py took 0.080 seconds
[2023-06-14T14:24:03.787+0000] {processor.py:157} INFO - Started process (PID=5031) to work on /usr/local/lib/python3.8/dist-packages/airflow/example_dags/example_latest_only.py
[2023-06-14T14:24:03.789+0000] {processor.py:826} INFO - Processing file /usr/local/lib/python3.8/dist-packages/airflow/example_dags/example_latest_only.py for tasks to queue
[2023-06-14T14:24:03.792+0000] {logging_mixin.py:149} INFO - [2023-06-14T14:24:03.791+0000] {dagbag.py:541} INFO - Filling up the DagBag from /usr/local/lib/python3.8/dist-packages/airflow/example_dags/example_latest_only.py
[2023-06-14T14:24:03.797+0000] {processor.py:836} INFO - DAG(s) dict_keys(['latest_only']) retrieved from /usr/local/lib/python3.8/dist-packages/airflow/example_dags/example_latest_only.py
[2023-06-14T14:24:03.818+0000] {logging_mixin.py:149} INFO - [2023-06-14T14:24:03.818+0000] {dag.py:2726} INFO - Sync 1 DAGs
[2023-06-14T14:24:03.839+0000] {logging_mixin.py:149} INFO - [2023-06-14T14:24:03.839+0000] {dag.py:3486} INFO - Setting next_dagrun for latest_only to 2023-06-14T10:24:03.839215+00:00, run_after=2023-06-14T14:24:03.839215+00:00
[2023-06-14T14:24:03.866+0000] {processor.py:179} INFO - Processing /usr/local/lib/python3.8/dist-packages/airflow/example_dags/example_latest_only.py took 0.083 seconds
[2023-06-14T14:24:54.420+0000] {processor.py:157} INFO - Started process (PID=5188) to work on /usr/local/lib/python3.8/dist-packages/airflow/example_dags/example_latest_only.py
[2023-06-14T14:24:54.421+0000] {processor.py:826} INFO - Processing file /usr/local/lib/python3.8/dist-packages/airflow/example_dags/example_latest_only.py for tasks to queue
[2023-06-14T14:24:54.424+0000] {logging_mixin.py:149} INFO - [2023-06-14T14:24:54.424+0000] {dagbag.py:541} INFO - Filling up the DagBag from /usr/local/lib/python3.8/dist-packages/airflow/example_dags/example_latest_only.py
[2023-06-14T14:24:54.429+0000] {processor.py:836} INFO - DAG(s) dict_keys(['latest_only']) retrieved from /usr/local/lib/python3.8/dist-packages/airflow/example_dags/example_latest_only.py
[2023-06-14T14:24:54.450+0000] {logging_mixin.py:149} INFO - [2023-06-14T14:24:54.449+0000] {dag.py:2726} INFO - Sync 1 DAGs
[2023-06-14T14:24:54.470+0000] {logging_mixin.py:149} INFO - [2023-06-14T14:24:54.469+0000] {dag.py:3486} INFO - Setting next_dagrun for latest_only to 2023-06-14T10:24:54.469541+00:00, run_after=2023-06-14T14:24:54.469541+00:00
[2023-06-14T14:24:54.498+0000] {processor.py:179} INFO - Processing /usr/local/lib/python3.8/dist-packages/airflow/example_dags/example_latest_only.py took 0.082 seconds
[2023-06-14T14:25:42.951+0000] {processor.py:157} INFO - Started process (PID=5237) to work on /usr/local/lib/python3.8/dist-packages/airflow/example_dags/example_latest_only.py
[2023-06-14T14:25:42.952+0000] {processor.py:826} INFO - Processing file /usr/local/lib/python3.8/dist-packages/airflow/example_dags/example_latest_only.py for tasks to queue
[2023-06-14T14:25:42.954+0000] {logging_mixin.py:149} INFO - [2023-06-14T14:25:42.954+0000] {dagbag.py:541} INFO - Filling up the DagBag from /usr/local/lib/python3.8/dist-packages/airflow/example_dags/example_latest_only.py
[2023-06-14T14:25:42.960+0000] {processor.py:836} INFO - DAG(s) dict_keys(['latest_only']) retrieved from /usr/local/lib/python3.8/dist-packages/airflow/example_dags/example_latest_only.py
[2023-06-14T14:25:42.981+0000] {logging_mixin.py:149} INFO - [2023-06-14T14:25:42.980+0000] {dag.py:2726} INFO - Sync 1 DAGs
[2023-06-14T14:25:43.000+0000] {logging_mixin.py:149} INFO - [2023-06-14T14:25:43.000+0000] {dag.py:3486} INFO - Setting next_dagrun for latest_only to 2023-06-14T10:25:43.000397+00:00, run_after=2023-06-14T14:25:43.000397+00:00
[2023-06-14T14:25:43.035+0000] {processor.py:179} INFO - Processing /usr/local/lib/python3.8/dist-packages/airflow/example_dags/example_latest_only.py took 0.088 seconds
[2023-06-14T14:26:37.213+0000] {processor.py:157} INFO - Started process (PID=5396) to work on /usr/local/lib/python3.8/dist-packages/airflow/example_dags/example_latest_only.py
[2023-06-14T14:26:37.214+0000] {processor.py:826} INFO - Processing file /usr/local/lib/python3.8/dist-packages/airflow/example_dags/example_latest_only.py for tasks to queue
[2023-06-14T14:26:37.217+0000] {logging_mixin.py:149} INFO - [2023-06-14T14:26:37.217+0000] {dagbag.py:541} INFO - Filling up the DagBag from /usr/local/lib/python3.8/dist-packages/airflow/example_dags/example_latest_only.py
[2023-06-14T14:26:37.222+0000] {processor.py:836} INFO - DAG(s) dict_keys(['latest_only']) retrieved from /usr/local/lib/python3.8/dist-packages/airflow/example_dags/example_latest_only.py
[2023-06-14T14:26:37.243+0000] {logging_mixin.py:149} INFO - [2023-06-14T14:26:37.243+0000] {dag.py:2726} INFO - Sync 1 DAGs
[2023-06-14T14:26:37.264+0000] {logging_mixin.py:149} INFO - [2023-06-14T14:26:37.264+0000] {dag.py:3486} INFO - Setting next_dagrun for latest_only to 2023-06-14T10:26:37.264030+00:00, run_after=2023-06-14T14:26:37.264030+00:00
[2023-06-14T14:26:37.301+0000] {processor.py:179} INFO - Processing /usr/local/lib/python3.8/dist-packages/airflow/example_dags/example_latest_only.py took 0.091 seconds
[2023-06-14T14:27:28.018+0000] {processor.py:157} INFO - Started process (PID=5554) to work on /usr/local/lib/python3.8/dist-packages/airflow/example_dags/example_latest_only.py
[2023-06-14T14:27:28.019+0000] {processor.py:826} INFO - Processing file /usr/local/lib/python3.8/dist-packages/airflow/example_dags/example_latest_only.py for tasks to queue
[2023-06-14T14:27:28.021+0000] {logging_mixin.py:149} INFO - [2023-06-14T14:27:28.021+0000] {dagbag.py:541} INFO - Filling up the DagBag from /usr/local/lib/python3.8/dist-packages/airflow/example_dags/example_latest_only.py
[2023-06-14T14:27:28.027+0000] {processor.py:836} INFO - DAG(s) dict_keys(['latest_only']) retrieved from /usr/local/lib/python3.8/dist-packages/airflow/example_dags/example_latest_only.py
[2023-06-14T14:27:28.048+0000] {logging_mixin.py:149} INFO - [2023-06-14T14:27:28.047+0000] {dag.py:2726} INFO - Sync 1 DAGs
[2023-06-14T14:27:28.068+0000] {logging_mixin.py:149} INFO - [2023-06-14T14:27:28.068+0000] {dag.py:3486} INFO - Setting next_dagrun for latest_only to 2023-06-14T10:27:28.067823+00:00, run_after=2023-06-14T14:27:28.067823+00:00
[2023-06-14T14:27:28.098+0000] {processor.py:179} INFO - Processing /usr/local/lib/python3.8/dist-packages/airflow/example_dags/example_latest_only.py took 0.085 seconds
[2023-06-14T14:28:22.629+0000] {processor.py:157} INFO - Started process (PID=5712) to work on /usr/local/lib/python3.8/dist-packages/airflow/example_dags/example_latest_only.py
[2023-06-14T14:28:22.630+0000] {processor.py:826} INFO - Processing file /usr/local/lib/python3.8/dist-packages/airflow/example_dags/example_latest_only.py for tasks to queue
[2023-06-14T14:28:22.632+0000] {logging_mixin.py:149} INFO - [2023-06-14T14:28:22.632+0000] {dagbag.py:541} INFO - Filling up the DagBag from /usr/local/lib/python3.8/dist-packages/airflow/example_dags/example_latest_only.py
[2023-06-14T14:28:22.638+0000] {processor.py:836} INFO - DAG(s) dict_keys(['latest_only']) retrieved from /usr/local/lib/python3.8/dist-packages/airflow/example_dags/example_latest_only.py
[2023-06-14T14:28:22.658+0000] {logging_mixin.py:149} INFO - [2023-06-14T14:28:22.658+0000] {dag.py:2726} INFO - Sync 1 DAGs
[2023-06-14T14:28:22.678+0000] {logging_mixin.py:149} INFO - [2023-06-14T14:28:22.678+0000] {dag.py:3486} INFO - Setting next_dagrun for latest_only to 2023-06-14T10:28:22.678095+00:00, run_after=2023-06-14T14:28:22.678095+00:00
[2023-06-14T14:28:22.704+0000] {processor.py:179} INFO - Processing /usr/local/lib/python3.8/dist-packages/airflow/example_dags/example_latest_only.py took 0.079 seconds
[2023-06-14T14:29:12.432+0000] {processor.py:157} INFO - Started process (PID=5971) to work on /usr/local/lib/python3.8/dist-packages/airflow/example_dags/example_latest_only.py
[2023-06-14T14:29:12.434+0000] {processor.py:826} INFO - Processing file /usr/local/lib/python3.8/dist-packages/airflow/example_dags/example_latest_only.py for tasks to queue
[2023-06-14T14:29:12.436+0000] {logging_mixin.py:149} INFO - [2023-06-14T14:29:12.436+0000] {dagbag.py:541} INFO - Filling up the DagBag from /usr/local/lib/python3.8/dist-packages/airflow/example_dags/example_latest_only.py
[2023-06-14T14:29:12.442+0000] {processor.py:836} INFO - DAG(s) dict_keys(['latest_only']) retrieved from /usr/local/lib/python3.8/dist-packages/airflow/example_dags/example_latest_only.py
[2023-06-14T14:29:12.462+0000] {logging_mixin.py:149} INFO - [2023-06-14T14:29:12.462+0000] {dag.py:2726} INFO - Sync 1 DAGs
[2023-06-14T14:29:12.482+0000] {logging_mixin.py:149} INFO - [2023-06-14T14:29:12.482+0000] {dag.py:3486} INFO - Setting next_dagrun for latest_only to 2023-06-14T10:29:12.482379+00:00, run_after=2023-06-14T14:29:12.482379+00:00
[2023-06-14T14:29:12.510+0000] {processor.py:179} INFO - Processing /usr/local/lib/python3.8/dist-packages/airflow/example_dags/example_latest_only.py took 0.082 seconds
[2023-06-14T14:30:05.467+0000] {processor.py:157} INFO - Started process (PID=6126) to work on /usr/local/lib/python3.8/dist-packages/airflow/example_dags/example_latest_only.py
[2023-06-14T14:30:05.468+0000] {processor.py:826} INFO - Processing file /usr/local/lib/python3.8/dist-packages/airflow/example_dags/example_latest_only.py for tasks to queue
[2023-06-14T14:30:05.471+0000] {logging_mixin.py:149} INFO - [2023-06-14T14:30:05.471+0000] {dagbag.py:541} INFO - Filling up the DagBag from /usr/local/lib/python3.8/dist-packages/airflow/example_dags/example_latest_only.py
[2023-06-14T14:30:05.476+0000] {processor.py:836} INFO - DAG(s) dict_keys(['latest_only']) retrieved from /usr/local/lib/python3.8/dist-packages/airflow/example_dags/example_latest_only.py
[2023-06-14T14:30:05.496+0000] {logging_mixin.py:149} INFO - [2023-06-14T14:30:05.496+0000] {dag.py:2726} INFO - Sync 1 DAGs
[2023-06-14T14:30:05.516+0000] {logging_mixin.py:149} INFO - [2023-06-14T14:30:05.516+0000] {dag.py:3486} INFO - Setting next_dagrun for latest_only to 2023-06-14T10:30:05.516408+00:00, run_after=2023-06-14T14:30:05.516408+00:00
[2023-06-14T14:30:05.543+0000] {processor.py:179} INFO - Processing /usr/local/lib/python3.8/dist-packages/airflow/example_dags/example_latest_only.py took 0.080 seconds
[2023-06-14T14:31:00.986+0000] {processor.py:157} INFO - Started process (PID=6285) to work on /usr/local/lib/python3.8/dist-packages/airflow/example_dags/example_latest_only.py
[2023-06-14T14:31:00.987+0000] {processor.py:826} INFO - Processing file /usr/local/lib/python3.8/dist-packages/airflow/example_dags/example_latest_only.py for tasks to queue
[2023-06-14T14:31:00.990+0000] {logging_mixin.py:149} INFO - [2023-06-14T14:31:00.990+0000] {dagbag.py:541} INFO - Filling up the DagBag from /usr/local/lib/python3.8/dist-packages/airflow/example_dags/example_latest_only.py
[2023-06-14T14:31:00.996+0000] {processor.py:836} INFO - DAG(s) dict_keys(['latest_only']) retrieved from /usr/local/lib/python3.8/dist-packages/airflow/example_dags/example_latest_only.py
[2023-06-14T14:31:01.016+0000] {logging_mixin.py:149} INFO - [2023-06-14T14:31:01.016+0000] {dag.py:2726} INFO - Sync 1 DAGs
[2023-06-14T14:31:01.036+0000] {logging_mixin.py:149} INFO - [2023-06-14T14:31:01.036+0000] {dag.py:3486} INFO - Setting next_dagrun for latest_only to 2023-06-14T10:31:01.036259+00:00, run_after=2023-06-14T14:31:01.036259+00:00
[2023-06-14T14:31:01.064+0000] {processor.py:179} INFO - Processing /usr/local/lib/python3.8/dist-packages/airflow/example_dags/example_latest_only.py took 0.082 seconds
[2023-06-14T14:31:53.055+0000] {processor.py:157} INFO - Started process (PID=6441) to work on /usr/local/lib/python3.8/dist-packages/airflow/example_dags/example_latest_only.py
[2023-06-14T14:31:53.056+0000] {processor.py:826} INFO - Processing file /usr/local/lib/python3.8/dist-packages/airflow/example_dags/example_latest_only.py for tasks to queue
[2023-06-14T14:31:53.058+0000] {logging_mixin.py:149} INFO - [2023-06-14T14:31:53.058+0000] {dagbag.py:541} INFO - Filling up the DagBag from /usr/local/lib/python3.8/dist-packages/airflow/example_dags/example_latest_only.py
[2023-06-14T14:31:53.064+0000] {processor.py:836} INFO - DAG(s) dict_keys(['latest_only']) retrieved from /usr/local/lib/python3.8/dist-packages/airflow/example_dags/example_latest_only.py
[2023-06-14T14:31:53.085+0000] {logging_mixin.py:149} INFO - [2023-06-14T14:31:53.084+0000] {dag.py:2726} INFO - Sync 1 DAGs
[2023-06-14T14:31:53.105+0000] {logging_mixin.py:149} INFO - [2023-06-14T14:31:53.105+0000] {dag.py:3486} INFO - Setting next_dagrun for latest_only to 2023-06-14T10:31:53.104815+00:00, run_after=2023-06-14T14:31:53.104815+00:00
[2023-06-14T14:31:53.132+0000] {processor.py:179} INFO - Processing /usr/local/lib/python3.8/dist-packages/airflow/example_dags/example_latest_only.py took 0.081 seconds
[2023-06-14T14:32:44.510+0000] {processor.py:157} INFO - Started process (PID=6501) to work on /usr/local/lib/python3.8/dist-packages/airflow/example_dags/example_latest_only.py
[2023-06-14T14:32:44.511+0000] {processor.py:826} INFO - Processing file /usr/local/lib/python3.8/dist-packages/airflow/example_dags/example_latest_only.py for tasks to queue
[2023-06-14T14:32:44.514+0000] {logging_mixin.py:149} INFO - [2023-06-14T14:32:44.513+0000] {dagbag.py:541} INFO - Filling up the DagBag from /usr/local/lib/python3.8/dist-packages/airflow/example_dags/example_latest_only.py
[2023-06-14T14:32:44.519+0000] {processor.py:836} INFO - DAG(s) dict_keys(['latest_only']) retrieved from /usr/local/lib/python3.8/dist-packages/airflow/example_dags/example_latest_only.py
[2023-06-14T14:32:44.540+0000] {logging_mixin.py:149} INFO - [2023-06-14T14:32:44.539+0000] {dag.py:2726} INFO - Sync 1 DAGs
[2023-06-14T14:32:44.560+0000] {logging_mixin.py:149} INFO - [2023-06-14T14:32:44.559+0000] {dag.py:3486} INFO - Setting next_dagrun for latest_only to 2023-06-14T10:32:44.559602+00:00, run_after=2023-06-14T14:32:44.559602+00:00
[2023-06-14T14:32:44.588+0000] {processor.py:179} INFO - Processing /usr/local/lib/python3.8/dist-packages/airflow/example_dags/example_latest_only.py took 0.081 seconds
[2023-06-14T14:33:32.643+0000] {processor.py:157} INFO - Started process (PID=6654) to work on /usr/local/lib/python3.8/dist-packages/airflow/example_dags/example_latest_only.py
[2023-06-14T14:33:32.644+0000] {processor.py:826} INFO - Processing file /usr/local/lib/python3.8/dist-packages/airflow/example_dags/example_latest_only.py for tasks to queue
[2023-06-14T14:33:32.646+0000] {logging_mixin.py:149} INFO - [2023-06-14T14:33:32.646+0000] {dagbag.py:541} INFO - Filling up the DagBag from /usr/local/lib/python3.8/dist-packages/airflow/example_dags/example_latest_only.py
[2023-06-14T14:33:32.652+0000] {processor.py:836} INFO - DAG(s) dict_keys(['latest_only']) retrieved from /usr/local/lib/python3.8/dist-packages/airflow/example_dags/example_latest_only.py
[2023-06-14T14:33:32.673+0000] {logging_mixin.py:149} INFO - [2023-06-14T14:33:32.673+0000] {dag.py:2726} INFO - Sync 1 DAGs
[2023-06-14T14:33:32.693+0000] {logging_mixin.py:149} INFO - [2023-06-14T14:33:32.693+0000] {dag.py:3486} INFO - Setting next_dagrun for latest_only to 2023-06-14T10:33:32.693324+00:00, run_after=2023-06-14T14:33:32.693324+00:00
[2023-06-14T14:33:32.720+0000] {processor.py:179} INFO - Processing /usr/local/lib/python3.8/dist-packages/airflow/example_dags/example_latest_only.py took 0.082 seconds
[2023-06-14T14:34:28.901+0000] {processor.py:157} INFO - Started process (PID=6913) to work on /usr/local/lib/python3.8/dist-packages/airflow/example_dags/example_latest_only.py
[2023-06-14T14:34:28.902+0000] {processor.py:826} INFO - Processing file /usr/local/lib/python3.8/dist-packages/airflow/example_dags/example_latest_only.py for tasks to queue
[2023-06-14T14:34:28.905+0000] {logging_mixin.py:149} INFO - [2023-06-14T14:34:28.905+0000] {dagbag.py:541} INFO - Filling up the DagBag from /usr/local/lib/python3.8/dist-packages/airflow/example_dags/example_latest_only.py
[2023-06-14T14:34:28.910+0000] {processor.py:836} INFO - DAG(s) dict_keys(['latest_only']) retrieved from /usr/local/lib/python3.8/dist-packages/airflow/example_dags/example_latest_only.py
[2023-06-14T14:34:28.931+0000] {logging_mixin.py:149} INFO - [2023-06-14T14:34:28.930+0000] {dag.py:2726} INFO - Sync 1 DAGs
[2023-06-14T14:34:28.951+0000] {logging_mixin.py:149} INFO - [2023-06-14T14:34:28.951+0000] {dag.py:3486} INFO - Setting next_dagrun for latest_only to 2023-06-14T10:34:28.950879+00:00, run_after=2023-06-14T14:34:28.950879+00:00
[2023-06-14T14:34:28.989+0000] {processor.py:179} INFO - Processing /usr/local/lib/python3.8/dist-packages/airflow/example_dags/example_latest_only.py took 0.092 seconds
[2023-06-14T14:35:20.639+0000] {processor.py:157} INFO - Started process (PID=7073) to work on /usr/local/lib/python3.8/dist-packages/airflow/example_dags/example_latest_only.py
[2023-06-14T14:35:20.641+0000] {processor.py:826} INFO - Processing file /usr/local/lib/python3.8/dist-packages/airflow/example_dags/example_latest_only.py for tasks to queue
[2023-06-14T14:35:20.643+0000] {logging_mixin.py:149} INFO - [2023-06-14T14:35:20.643+0000] {dagbag.py:541} INFO - Filling up the DagBag from /usr/local/lib/python3.8/dist-packages/airflow/example_dags/example_latest_only.py
[2023-06-14T14:35:20.649+0000] {processor.py:836} INFO - DAG(s) dict_keys(['latest_only']) retrieved from /usr/local/lib/python3.8/dist-packages/airflow/example_dags/example_latest_only.py
[2023-06-14T14:35:20.669+0000] {logging_mixin.py:149} INFO - [2023-06-14T14:35:20.668+0000] {dag.py:2726} INFO - Sync 1 DAGs
[2023-06-14T14:35:20.688+0000] {logging_mixin.py:149} INFO - [2023-06-14T14:35:20.688+0000] {dag.py:3486} INFO - Setting next_dagrun for latest_only to 2023-06-14T10:35:20.688247+00:00, run_after=2023-06-14T14:35:20.688247+00:00
[2023-06-14T14:35:20.715+0000] {processor.py:179} INFO - Processing /usr/local/lib/python3.8/dist-packages/airflow/example_dags/example_latest_only.py took 0.079 seconds
[2023-06-14T14:36:12.355+0000] {processor.py:157} INFO - Started process (PID=7230) to work on /usr/local/lib/python3.8/dist-packages/airflow/example_dags/example_latest_only.py
[2023-06-14T14:36:12.356+0000] {processor.py:826} INFO - Processing file /usr/local/lib/python3.8/dist-packages/airflow/example_dags/example_latest_only.py for tasks to queue
[2023-06-14T14:36:12.358+0000] {logging_mixin.py:149} INFO - [2023-06-14T14:36:12.358+0000] {dagbag.py:541} INFO - Filling up the DagBag from /usr/local/lib/python3.8/dist-packages/airflow/example_dags/example_latest_only.py
[2023-06-14T14:36:12.364+0000] {processor.py:836} INFO - DAG(s) dict_keys(['latest_only']) retrieved from /usr/local/lib/python3.8/dist-packages/airflow/example_dags/example_latest_only.py
[2023-06-14T14:36:12.385+0000] {logging_mixin.py:149} INFO - [2023-06-14T14:36:12.384+0000] {dag.py:2726} INFO - Sync 1 DAGs
[2023-06-14T14:36:12.405+0000] {logging_mixin.py:149} INFO - [2023-06-14T14:36:12.405+0000] {dag.py:3486} INFO - Setting next_dagrun for latest_only to 2023-06-14T10:36:12.405479+00:00, run_after=2023-06-14T14:36:12.405479+00:00
[2023-06-14T14:36:12.433+0000] {processor.py:179} INFO - Processing /usr/local/lib/python3.8/dist-packages/airflow/example_dags/example_latest_only.py took 0.082 seconds
[2023-06-14T14:37:04.570+0000] {processor.py:157} INFO - Started process (PID=7392) to work on /usr/local/lib/python3.8/dist-packages/airflow/example_dags/example_latest_only.py
[2023-06-14T14:37:04.571+0000] {processor.py:826} INFO - Processing file /usr/local/lib/python3.8/dist-packages/airflow/example_dags/example_latest_only.py for tasks to queue
[2023-06-14T14:37:04.574+0000] {logging_mixin.py:149} INFO - [2023-06-14T14:37:04.574+0000] {dagbag.py:541} INFO - Filling up the DagBag from /usr/local/lib/python3.8/dist-packages/airflow/example_dags/example_latest_only.py
[2023-06-14T14:37:04.580+0000] {processor.py:836} INFO - DAG(s) dict_keys(['latest_only']) retrieved from /usr/local/lib/python3.8/dist-packages/airflow/example_dags/example_latest_only.py
[2023-06-14T14:37:04.601+0000] {logging_mixin.py:149} INFO - [2023-06-14T14:37:04.600+0000] {dag.py:2726} INFO - Sync 1 DAGs
[2023-06-14T14:37:04.622+0000] {logging_mixin.py:149} INFO - [2023-06-14T14:37:04.621+0000] {dag.py:3486} INFO - Setting next_dagrun for latest_only to 2023-06-14T10:37:04.621643+00:00, run_after=2023-06-14T14:37:04.621643+00:00
[2023-06-14T14:37:04.648+0000] {processor.py:179} INFO - Processing /usr/local/lib/python3.8/dist-packages/airflow/example_dags/example_latest_only.py took 0.082 seconds
[2023-06-14T14:37:56.137+0000] {processor.py:157} INFO - Started process (PID=7547) to work on /usr/local/lib/python3.8/dist-packages/airflow/example_dags/example_latest_only.py
[2023-06-14T14:37:56.139+0000] {processor.py:826} INFO - Processing file /usr/local/lib/python3.8/dist-packages/airflow/example_dags/example_latest_only.py for tasks to queue
[2023-06-14T14:37:56.141+0000] {logging_mixin.py:149} INFO - [2023-06-14T14:37:56.141+0000] {dagbag.py:541} INFO - Filling up the DagBag from /usr/local/lib/python3.8/dist-packages/airflow/example_dags/example_latest_only.py
[2023-06-14T14:37:56.147+0000] {processor.py:836} INFO - DAG(s) dict_keys(['latest_only']) retrieved from /usr/local/lib/python3.8/dist-packages/airflow/example_dags/example_latest_only.py
[2023-06-14T14:37:56.168+0000] {logging_mixin.py:149} INFO - [2023-06-14T14:37:56.168+0000] {dag.py:2726} INFO - Sync 1 DAGs
[2023-06-14T14:37:56.189+0000] {logging_mixin.py:149} INFO - [2023-06-14T14:37:56.189+0000] {dag.py:3486} INFO - Setting next_dagrun for latest_only to 2023-06-14T10:37:56.189386+00:00, run_after=2023-06-14T14:37:56.189386+00:00
[2023-06-14T14:37:56.218+0000] {processor.py:179} INFO - Processing /usr/local/lib/python3.8/dist-packages/airflow/example_dags/example_latest_only.py took 0.085 seconds
[2023-06-14T14:38:47.087+0000] {processor.py:157} INFO - Started process (PID=7599) to work on /usr/local/lib/python3.8/dist-packages/airflow/example_dags/example_latest_only.py
[2023-06-14T14:38:47.089+0000] {processor.py:826} INFO - Processing file /usr/local/lib/python3.8/dist-packages/airflow/example_dags/example_latest_only.py for tasks to queue
[2023-06-14T14:38:47.092+0000] {logging_mixin.py:149} INFO - [2023-06-14T14:38:47.091+0000] {dagbag.py:541} INFO - Filling up the DagBag from /usr/local/lib/python3.8/dist-packages/airflow/example_dags/example_latest_only.py
[2023-06-14T14:38:47.097+0000] {processor.py:836} INFO - DAG(s) dict_keys(['latest_only']) retrieved from /usr/local/lib/python3.8/dist-packages/airflow/example_dags/example_latest_only.py
[2023-06-14T14:38:47.119+0000] {logging_mixin.py:149} INFO - [2023-06-14T14:38:47.118+0000] {dag.py:2726} INFO - Sync 1 DAGs
[2023-06-14T14:38:47.139+0000] {logging_mixin.py:149} INFO - [2023-06-14T14:38:47.139+0000] {dag.py:3486} INFO - Setting next_dagrun for latest_only to 2023-06-14T10:38:47.139083+00:00, run_after=2023-06-14T14:38:47.139083+00:00
[2023-06-14T14:38:47.173+0000] {processor.py:179} INFO - Processing /usr/local/lib/python3.8/dist-packages/airflow/example_dags/example_latest_only.py took 0.089 seconds
[2023-06-14T14:39:32.608+0000] {processor.py:157} INFO - Started process (PID=7750) to work on /usr/local/lib/python3.8/dist-packages/airflow/example_dags/example_latest_only.py
[2023-06-14T14:39:32.609+0000] {processor.py:826} INFO - Processing file /usr/local/lib/python3.8/dist-packages/airflow/example_dags/example_latest_only.py for tasks to queue
[2023-06-14T14:39:32.612+0000] {logging_mixin.py:149} INFO - [2023-06-14T14:39:32.611+0000] {dagbag.py:541} INFO - Filling up the DagBag from /usr/local/lib/python3.8/dist-packages/airflow/example_dags/example_latest_only.py
[2023-06-14T14:39:32.617+0000] {processor.py:836} INFO - DAG(s) dict_keys(['latest_only']) retrieved from /usr/local/lib/python3.8/dist-packages/airflow/example_dags/example_latest_only.py
[2023-06-14T14:39:32.638+0000] {logging_mixin.py:149} INFO - [2023-06-14T14:39:32.638+0000] {dag.py:2726} INFO - Sync 1 DAGs
[2023-06-14T14:39:32.660+0000] {logging_mixin.py:149} INFO - [2023-06-14T14:39:32.660+0000] {dag.py:3486} INFO - Setting next_dagrun for latest_only to 2023-06-14T10:39:32.659758+00:00, run_after=2023-06-14T14:39:32.659758+00:00
[2023-06-14T14:39:32.690+0000] {processor.py:179} INFO - Processing /usr/local/lib/python3.8/dist-packages/airflow/example_dags/example_latest_only.py took 0.086 seconds
[2023-06-14T14:40:26.339+0000] {processor.py:157} INFO - Started process (PID=7906) to work on /usr/local/lib/python3.8/dist-packages/airflow/example_dags/example_latest_only.py
[2023-06-14T14:40:26.341+0000] {processor.py:826} INFO - Processing file /usr/local/lib/python3.8/dist-packages/airflow/example_dags/example_latest_only.py for tasks to queue
[2023-06-14T14:40:26.343+0000] {logging_mixin.py:149} INFO - [2023-06-14T14:40:26.343+0000] {dagbag.py:541} INFO - Filling up the DagBag from /usr/local/lib/python3.8/dist-packages/airflow/example_dags/example_latest_only.py
[2023-06-14T14:40:26.349+0000] {processor.py:836} INFO - DAG(s) dict_keys(['latest_only']) retrieved from /usr/local/lib/python3.8/dist-packages/airflow/example_dags/example_latest_only.py
[2023-06-14T14:40:26.372+0000] {logging_mixin.py:149} INFO - [2023-06-14T14:40:26.371+0000] {dag.py:2726} INFO - Sync 1 DAGs
[2023-06-14T14:40:26.398+0000] {logging_mixin.py:149} INFO - [2023-06-14T14:40:26.398+0000] {dag.py:3486} INFO - Setting next_dagrun for latest_only to 2023-06-14T10:40:26.397696+00:00, run_after=2023-06-14T14:40:26.397696+00:00
[2023-06-14T14:40:26.424+0000] {processor.py:179} INFO - Processing /usr/local/lib/python3.8/dist-packages/airflow/example_dags/example_latest_only.py took 0.089 seconds
[2023-06-14T14:41:20.942+0000] {processor.py:157} INFO - Started process (PID=8064) to work on /usr/local/lib/python3.8/dist-packages/airflow/example_dags/example_latest_only.py
[2023-06-14T14:41:20.944+0000] {processor.py:826} INFO - Processing file /usr/local/lib/python3.8/dist-packages/airflow/example_dags/example_latest_only.py for tasks to queue
[2023-06-14T14:41:20.946+0000] {logging_mixin.py:149} INFO - [2023-06-14T14:41:20.946+0000] {dagbag.py:541} INFO - Filling up the DagBag from /usr/local/lib/python3.8/dist-packages/airflow/example_dags/example_latest_only.py
[2023-06-14T14:41:20.952+0000] {processor.py:836} INFO - DAG(s) dict_keys(['latest_only']) retrieved from /usr/local/lib/python3.8/dist-packages/airflow/example_dags/example_latest_only.py
[2023-06-14T14:41:20.972+0000] {logging_mixin.py:149} INFO - [2023-06-14T14:41:20.972+0000] {dag.py:2726} INFO - Sync 1 DAGs
[2023-06-14T14:41:20.992+0000] {logging_mixin.py:149} INFO - [2023-06-14T14:41:20.991+0000] {dag.py:3486} INFO - Setting next_dagrun for latest_only to 2023-06-14T10:41:20.991670+00:00, run_after=2023-06-14T14:41:20.991670+00:00
[2023-06-14T14:41:21.019+0000] {processor.py:179} INFO - Processing /usr/local/lib/python3.8/dist-packages/airflow/example_dags/example_latest_only.py took 0.080 seconds
[2023-06-14T14:42:14.617+0000] {processor.py:157} INFO - Started process (PID=8226) to work on /usr/local/lib/python3.8/dist-packages/airflow/example_dags/example_latest_only.py
[2023-06-14T14:42:14.618+0000] {processor.py:826} INFO - Processing file /usr/local/lib/python3.8/dist-packages/airflow/example_dags/example_latest_only.py for tasks to queue
[2023-06-14T14:42:14.620+0000] {logging_mixin.py:149} INFO - [2023-06-14T14:42:14.620+0000] {dagbag.py:541} INFO - Filling up the DagBag from /usr/local/lib/python3.8/dist-packages/airflow/example_dags/example_latest_only.py
[2023-06-14T14:42:14.626+0000] {processor.py:836} INFO - DAG(s) dict_keys(['latest_only']) retrieved from /usr/local/lib/python3.8/dist-packages/airflow/example_dags/example_latest_only.py
[2023-06-14T14:42:14.646+0000] {logging_mixin.py:149} INFO - [2023-06-14T14:42:14.646+0000] {dag.py:2726} INFO - Sync 1 DAGs
[2023-06-14T14:42:14.667+0000] {logging_mixin.py:149} INFO - [2023-06-14T14:42:14.667+0000] {dag.py:3486} INFO - Setting next_dagrun for latest_only to 2023-06-14T10:42:14.666812+00:00, run_after=2023-06-14T14:42:14.666812+00:00
[2023-06-14T14:42:14.695+0000] {processor.py:179} INFO - Processing /usr/local/lib/python3.8/dist-packages/airflow/example_dags/example_latest_only.py took 0.083 seconds
[2023-06-14T14:43:11.041+0000] {processor.py:157} INFO - Started process (PID=8384) to work on /usr/local/lib/python3.8/dist-packages/airflow/example_dags/example_latest_only.py
[2023-06-14T14:43:11.043+0000] {processor.py:826} INFO - Processing file /usr/local/lib/python3.8/dist-packages/airflow/example_dags/example_latest_only.py for tasks to queue
[2023-06-14T14:43:11.045+0000] {logging_mixin.py:149} INFO - [2023-06-14T14:43:11.045+0000] {dagbag.py:541} INFO - Filling up the DagBag from /usr/local/lib/python3.8/dist-packages/airflow/example_dags/example_latest_only.py
[2023-06-14T14:43:11.051+0000] {processor.py:836} INFO - DAG(s) dict_keys(['latest_only']) retrieved from /usr/local/lib/python3.8/dist-packages/airflow/example_dags/example_latest_only.py
[2023-06-14T14:43:11.072+0000] {logging_mixin.py:149} INFO - [2023-06-14T14:43:11.071+0000] {dag.py:2726} INFO - Sync 1 DAGs
[2023-06-14T14:43:11.092+0000] {logging_mixin.py:149} INFO - [2023-06-14T14:43:11.092+0000] {dag.py:3486} INFO - Setting next_dagrun for latest_only to 2023-06-14T10:43:11.091913+00:00, run_after=2023-06-14T14:43:11.091913+00:00
[2023-06-14T14:43:11.120+0000] {processor.py:179} INFO - Processing /usr/local/lib/python3.8/dist-packages/airflow/example_dags/example_latest_only.py took 0.083 seconds
[2023-06-14T14:44:07.752+0000] {processor.py:157} INFO - Started process (PID=8644) to work on /usr/local/lib/python3.8/dist-packages/airflow/example_dags/example_latest_only.py
[2023-06-14T14:44:07.754+0000] {processor.py:826} INFO - Processing file /usr/local/lib/python3.8/dist-packages/airflow/example_dags/example_latest_only.py for tasks to queue
[2023-06-14T14:44:07.756+0000] {logging_mixin.py:149} INFO - [2023-06-14T14:44:07.756+0000] {dagbag.py:541} INFO - Filling up the DagBag from /usr/local/lib/python3.8/dist-packages/airflow/example_dags/example_latest_only.py
[2023-06-14T14:44:07.762+0000] {processor.py:836} INFO - DAG(s) dict_keys(['latest_only']) retrieved from /usr/local/lib/python3.8/dist-packages/airflow/example_dags/example_latest_only.py
[2023-06-14T14:44:07.783+0000] {logging_mixin.py:149} INFO - [2023-06-14T14:44:07.782+0000] {dag.py:2726} INFO - Sync 1 DAGs
[2023-06-14T14:44:07.803+0000] {logging_mixin.py:149} INFO - [2023-06-14T14:44:07.803+0000] {dag.py:3486} INFO - Setting next_dagrun for latest_only to 2023-06-14T10:44:07.803030+00:00, run_after=2023-06-14T14:44:07.803030+00:00
[2023-06-14T14:44:07.830+0000] {processor.py:179} INFO - Processing /usr/local/lib/python3.8/dist-packages/airflow/example_dags/example_latest_only.py took 0.081 seconds
[2023-06-14T14:45:01.221+0000] {processor.py:157} INFO - Started process (PID=8802) to work on /usr/local/lib/python3.8/dist-packages/airflow/example_dags/example_latest_only.py
[2023-06-14T14:45:01.222+0000] {processor.py:826} INFO - Processing file /usr/local/lib/python3.8/dist-packages/airflow/example_dags/example_latest_only.py for tasks to queue
[2023-06-14T14:45:01.224+0000] {logging_mixin.py:149} INFO - [2023-06-14T14:45:01.224+0000] {dagbag.py:541} INFO - Filling up the DagBag from /usr/local/lib/python3.8/dist-packages/airflow/example_dags/example_latest_only.py
[2023-06-14T14:45:01.230+0000] {processor.py:836} INFO - DAG(s) dict_keys(['latest_only']) retrieved from /usr/local/lib/python3.8/dist-packages/airflow/example_dags/example_latest_only.py
[2023-06-14T14:45:01.252+0000] {logging_mixin.py:149} INFO - [2023-06-14T14:45:01.251+0000] {dag.py:2726} INFO - Sync 1 DAGs
[2023-06-14T14:45:01.273+0000] {logging_mixin.py:149} INFO - [2023-06-14T14:45:01.272+0000] {dag.py:3486} INFO - Setting next_dagrun for latest_only to 2023-06-14T10:45:01.272633+00:00, run_after=2023-06-14T14:45:01.272633+00:00
[2023-06-14T14:45:01.301+0000] {processor.py:179} INFO - Processing /usr/local/lib/python3.8/dist-packages/airflow/example_dags/example_latest_only.py took 0.084 seconds
[2023-06-14T14:45:58.169+0000] {processor.py:157} INFO - Started process (PID=8963) to work on /usr/local/lib/python3.8/dist-packages/airflow/example_dags/example_latest_only.py
[2023-06-14T14:45:58.170+0000] {processor.py:826} INFO - Processing file /usr/local/lib/python3.8/dist-packages/airflow/example_dags/example_latest_only.py for tasks to queue
[2023-06-14T14:45:58.172+0000] {logging_mixin.py:149} INFO - [2023-06-14T14:45:58.172+0000] {dagbag.py:541} INFO - Filling up the DagBag from /usr/local/lib/python3.8/dist-packages/airflow/example_dags/example_latest_only.py
[2023-06-14T14:45:58.178+0000] {processor.py:836} INFO - DAG(s) dict_keys(['latest_only']) retrieved from /usr/local/lib/python3.8/dist-packages/airflow/example_dags/example_latest_only.py
[2023-06-14T14:45:58.199+0000] {logging_mixin.py:149} INFO - [2023-06-14T14:45:58.198+0000] {dag.py:2726} INFO - Sync 1 DAGs
[2023-06-14T14:45:58.220+0000] {logging_mixin.py:149} INFO - [2023-06-14T14:45:58.220+0000] {dag.py:3486} INFO - Setting next_dagrun for latest_only to 2023-06-14T10:45:58.220331+00:00, run_after=2023-06-14T14:45:58.220331+00:00
[2023-06-14T14:45:58.249+0000] {processor.py:179} INFO - Processing /usr/local/lib/python3.8/dist-packages/airflow/example_dags/example_latest_only.py took 0.084 seconds
[2023-06-14T14:46:51.980+0000] {processor.py:157} INFO - Started process (PID=9057) to work on /usr/local/lib/python3.8/dist-packages/airflow/example_dags/example_latest_only.py
[2023-06-14T14:46:51.982+0000] {processor.py:826} INFO - Processing file /usr/local/lib/python3.8/dist-packages/airflow/example_dags/example_latest_only.py for tasks to queue
[2023-06-14T14:46:51.984+0000] {logging_mixin.py:149} INFO - [2023-06-14T14:46:51.984+0000] {dagbag.py:541} INFO - Filling up the DagBag from /usr/local/lib/python3.8/dist-packages/airflow/example_dags/example_latest_only.py
[2023-06-14T14:46:51.990+0000] {processor.py:836} INFO - DAG(s) dict_keys(['latest_only']) retrieved from /usr/local/lib/python3.8/dist-packages/airflow/example_dags/example_latest_only.py
[2023-06-14T14:46:52.013+0000] {logging_mixin.py:149} INFO - [2023-06-14T14:46:52.012+0000] {dag.py:2726} INFO - Sync 1 DAGs
[2023-06-14T14:46:52.035+0000] {logging_mixin.py:149} INFO - [2023-06-14T14:46:52.034+0000] {dag.py:3486} INFO - Setting next_dagrun for latest_only to 2023-06-14T10:46:52.034607+00:00, run_after=2023-06-14T14:46:52.034607+00:00
[2023-06-14T14:46:52.062+0000] {processor.py:179} INFO - Processing /usr/local/lib/python3.8/dist-packages/airflow/example_dags/example_latest_only.py took 0.086 seconds
[2023-06-14T14:47:44.903+0000] {processor.py:157} INFO - Started process (PID=9177) to work on /usr/local/lib/python3.8/dist-packages/airflow/example_dags/example_latest_only.py
[2023-06-14T14:47:44.905+0000] {processor.py:826} INFO - Processing file /usr/local/lib/python3.8/dist-packages/airflow/example_dags/example_latest_only.py for tasks to queue
[2023-06-14T14:47:44.907+0000] {logging_mixin.py:149} INFO - [2023-06-14T14:47:44.907+0000] {dagbag.py:541} INFO - Filling up the DagBag from /usr/local/lib/python3.8/dist-packages/airflow/example_dags/example_latest_only.py
[2023-06-14T14:47:44.913+0000] {processor.py:836} INFO - DAG(s) dict_keys(['latest_only']) retrieved from /usr/local/lib/python3.8/dist-packages/airflow/example_dags/example_latest_only.py
[2023-06-14T14:47:44.933+0000] {logging_mixin.py:149} INFO - [2023-06-14T14:47:44.933+0000] {dag.py:2726} INFO - Sync 1 DAGs
[2023-06-14T14:47:44.954+0000] {logging_mixin.py:149} INFO - [2023-06-14T14:47:44.953+0000] {dag.py:3486} INFO - Setting next_dagrun for latest_only to 2023-06-14T10:47:44.953530+00:00, run_after=2023-06-14T14:47:44.953530+00:00
[2023-06-14T14:47:44.981+0000] {processor.py:179} INFO - Processing /usr/local/lib/python3.8/dist-packages/airflow/example_dags/example_latest_only.py took 0.081 seconds
[2023-06-14T14:48:35.524+0000] {processor.py:157} INFO - Started process (PID=9331) to work on /usr/local/lib/python3.8/dist-packages/airflow/example_dags/example_latest_only.py
[2023-06-14T14:48:35.526+0000] {processor.py:826} INFO - Processing file /usr/local/lib/python3.8/dist-packages/airflow/example_dags/example_latest_only.py for tasks to queue
[2023-06-14T14:48:35.529+0000] {logging_mixin.py:149} INFO - [2023-06-14T14:48:35.529+0000] {dagbag.py:541} INFO - Filling up the DagBag from /usr/local/lib/python3.8/dist-packages/airflow/example_dags/example_latest_only.py
[2023-06-14T14:48:35.535+0000] {processor.py:836} INFO - DAG(s) dict_keys(['latest_only']) retrieved from /usr/local/lib/python3.8/dist-packages/airflow/example_dags/example_latest_only.py
[2023-06-14T14:48:35.555+0000] {logging_mixin.py:149} INFO - [2023-06-14T14:48:35.555+0000] {dag.py:2726} INFO - Sync 1 DAGs
[2023-06-14T14:48:35.578+0000] {logging_mixin.py:149} INFO - [2023-06-14T14:48:35.577+0000] {dag.py:3486} INFO - Setting next_dagrun for latest_only to 2023-06-14T10:48:35.577644+00:00, run_after=2023-06-14T14:48:35.577644+00:00
[2023-06-14T14:48:35.608+0000] {processor.py:179} INFO - Processing /usr/local/lib/python3.8/dist-packages/airflow/example_dags/example_latest_only.py took 0.089 seconds
[2023-06-14T14:49:32.912+0000] {processor.py:157} INFO - Started process (PID=9592) to work on /usr/local/lib/python3.8/dist-packages/airflow/example_dags/example_latest_only.py
[2023-06-14T14:49:32.913+0000] {processor.py:826} INFO - Processing file /usr/local/lib/python3.8/dist-packages/airflow/example_dags/example_latest_only.py for tasks to queue
[2023-06-14T14:49:32.916+0000] {logging_mixin.py:149} INFO - [2023-06-14T14:49:32.916+0000] {dagbag.py:541} INFO - Filling up the DagBag from /usr/local/lib/python3.8/dist-packages/airflow/example_dags/example_latest_only.py
[2023-06-14T14:49:32.922+0000] {processor.py:836} INFO - DAG(s) dict_keys(['latest_only']) retrieved from /usr/local/lib/python3.8/dist-packages/airflow/example_dags/example_latest_only.py
[2023-06-14T14:49:32.942+0000] {logging_mixin.py:149} INFO - [2023-06-14T14:49:32.942+0000] {dag.py:2726} INFO - Sync 1 DAGs
[2023-06-14T14:49:32.963+0000] {logging_mixin.py:149} INFO - [2023-06-14T14:49:32.963+0000] {dag.py:3486} INFO - Setting next_dagrun for latest_only to 2023-06-14T10:49:32.962907+00:00, run_after=2023-06-14T14:49:32.962907+00:00
[2023-06-14T14:49:32.994+0000] {processor.py:179} INFO - Processing /usr/local/lib/python3.8/dist-packages/airflow/example_dags/example_latest_only.py took 0.086 seconds
[2023-06-14T14:50:28.038+0000] {processor.py:157} INFO - Started process (PID=9751) to work on /usr/local/lib/python3.8/dist-packages/airflow/example_dags/example_latest_only.py
[2023-06-14T14:50:28.040+0000] {processor.py:826} INFO - Processing file /usr/local/lib/python3.8/dist-packages/airflow/example_dags/example_latest_only.py for tasks to queue
[2023-06-14T14:50:28.042+0000] {logging_mixin.py:149} INFO - [2023-06-14T14:50:28.042+0000] {dagbag.py:541} INFO - Filling up the DagBag from /usr/local/lib/python3.8/dist-packages/airflow/example_dags/example_latest_only.py
[2023-06-14T14:50:28.048+0000] {processor.py:836} INFO - DAG(s) dict_keys(['latest_only']) retrieved from /usr/local/lib/python3.8/dist-packages/airflow/example_dags/example_latest_only.py
[2023-06-14T14:50:28.069+0000] {logging_mixin.py:149} INFO - [2023-06-14T14:50:28.069+0000] {dag.py:2726} INFO - Sync 1 DAGs
[2023-06-14T14:50:28.090+0000] {logging_mixin.py:149} INFO - [2023-06-14T14:50:28.090+0000] {dag.py:3486} INFO - Setting next_dagrun for latest_only to 2023-06-14T10:50:28.089949+00:00, run_after=2023-06-14T14:50:28.089949+00:00
[2023-06-14T14:50:28.116+0000] {processor.py:179} INFO - Processing /usr/local/lib/python3.8/dist-packages/airflow/example_dags/example_latest_only.py took 0.082 seconds
[2023-06-14T14:51:18.733+0000] {processor.py:157} INFO - Started process (PID=9906) to work on /usr/local/lib/python3.8/dist-packages/airflow/example_dags/example_latest_only.py
[2023-06-14T14:51:18.735+0000] {processor.py:826} INFO - Processing file /usr/local/lib/python3.8/dist-packages/airflow/example_dags/example_latest_only.py for tasks to queue
[2023-06-14T14:51:18.737+0000] {logging_mixin.py:149} INFO - [2023-06-14T14:51:18.737+0000] {dagbag.py:541} INFO - Filling up the DagBag from /usr/local/lib/python3.8/dist-packages/airflow/example_dags/example_latest_only.py
[2023-06-14T14:51:18.743+0000] {processor.py:836} INFO - DAG(s) dict_keys(['latest_only']) retrieved from /usr/local/lib/python3.8/dist-packages/airflow/example_dags/example_latest_only.py
[2023-06-14T14:51:18.764+0000] {logging_mixin.py:149} INFO - [2023-06-14T14:51:18.763+0000] {dag.py:2726} INFO - Sync 1 DAGs
[2023-06-14T14:51:18.784+0000] {logging_mixin.py:149} INFO - [2023-06-14T14:51:18.784+0000] {dag.py:3486} INFO - Setting next_dagrun for latest_only to 2023-06-14T10:51:18.783873+00:00, run_after=2023-06-14T14:51:18.783873+00:00
[2023-06-14T14:51:18.809+0000] {processor.py:179} INFO - Processing /usr/local/lib/python3.8/dist-packages/airflow/example_dags/example_latest_only.py took 0.080 seconds
[2023-06-14T14:52:05.059+0000] {processor.py:157} INFO - Started process (PID=10063) to work on /usr/local/lib/python3.8/dist-packages/airflow/example_dags/example_latest_only.py
[2023-06-14T14:52:05.061+0000] {processor.py:826} INFO - Processing file /usr/local/lib/python3.8/dist-packages/airflow/example_dags/example_latest_only.py for tasks to queue
[2023-06-14T14:52:05.063+0000] {logging_mixin.py:149} INFO - [2023-06-14T14:52:05.063+0000] {dagbag.py:541} INFO - Filling up the DagBag from /usr/local/lib/python3.8/dist-packages/airflow/example_dags/example_latest_only.py
[2023-06-14T14:52:05.069+0000] {processor.py:836} INFO - DAG(s) dict_keys(['latest_only']) retrieved from /usr/local/lib/python3.8/dist-packages/airflow/example_dags/example_latest_only.py
[2023-06-14T14:52:05.090+0000] {logging_mixin.py:149} INFO - [2023-06-14T14:52:05.089+0000] {dag.py:2726} INFO - Sync 1 DAGs
[2023-06-14T14:52:05.110+0000] {logging_mixin.py:149} INFO - [2023-06-14T14:52:05.110+0000] {dag.py:3486} INFO - Setting next_dagrun for latest_only to 2023-06-14T10:52:05.110003+00:00, run_after=2023-06-14T14:52:05.110003+00:00
[2023-06-14T14:52:05.137+0000] {processor.py:179} INFO - Processing /usr/local/lib/python3.8/dist-packages/airflow/example_dags/example_latest_only.py took 0.082 seconds
[2023-06-14T14:52:57.234+0000] {processor.py:157} INFO - Started process (PID=10218) to work on /usr/local/lib/python3.8/dist-packages/airflow/example_dags/example_latest_only.py
[2023-06-14T14:52:57.236+0000] {processor.py:826} INFO - Processing file /usr/local/lib/python3.8/dist-packages/airflow/example_dags/example_latest_only.py for tasks to queue
[2023-06-14T14:52:57.238+0000] {logging_mixin.py:149} INFO - [2023-06-14T14:52:57.238+0000] {dagbag.py:541} INFO - Filling up the DagBag from /usr/local/lib/python3.8/dist-packages/airflow/example_dags/example_latest_only.py
[2023-06-14T14:52:57.244+0000] {processor.py:836} INFO - DAG(s) dict_keys(['latest_only']) retrieved from /usr/local/lib/python3.8/dist-packages/airflow/example_dags/example_latest_only.py
[2023-06-14T14:52:57.265+0000] {logging_mixin.py:149} INFO - [2023-06-14T14:52:57.265+0000] {dag.py:2726} INFO - Sync 1 DAGs
[2023-06-14T14:52:57.285+0000] {logging_mixin.py:149} INFO - [2023-06-14T14:52:57.285+0000] {dag.py:3486} INFO - Setting next_dagrun for latest_only to 2023-06-14T10:52:57.285261+00:00, run_after=2023-06-14T14:52:57.285261+00:00
[2023-06-14T14:52:57.313+0000] {processor.py:179} INFO - Processing /usr/local/lib/python3.8/dist-packages/airflow/example_dags/example_latest_only.py took 0.082 seconds
[2023-06-14T14:53:49.868+0000] {processor.py:157} INFO - Started process (PID=10271) to work on /usr/local/lib/python3.8/dist-packages/airflow/example_dags/example_latest_only.py
[2023-06-14T14:53:49.870+0000] {processor.py:826} INFO - Processing file /usr/local/lib/python3.8/dist-packages/airflow/example_dags/example_latest_only.py for tasks to queue
[2023-06-14T14:53:49.872+0000] {logging_mixin.py:149} INFO - [2023-06-14T14:53:49.872+0000] {dagbag.py:541} INFO - Filling up the DagBag from /usr/local/lib/python3.8/dist-packages/airflow/example_dags/example_latest_only.py
[2023-06-14T14:53:49.877+0000] {processor.py:836} INFO - DAG(s) dict_keys(['latest_only']) retrieved from /usr/local/lib/python3.8/dist-packages/airflow/example_dags/example_latest_only.py
[2023-06-14T14:53:49.899+0000] {logging_mixin.py:149} INFO - [2023-06-14T14:53:49.898+0000] {dag.py:2726} INFO - Sync 1 DAGs
[2023-06-14T14:53:49.920+0000] {logging_mixin.py:149} INFO - [2023-06-14T14:53:49.920+0000] {dag.py:3486} INFO - Setting next_dagrun for latest_only to 2023-06-14T10:53:49.920189+00:00, run_after=2023-06-14T14:53:49.920189+00:00
[2023-06-14T14:53:49.948+0000] {processor.py:179} INFO - Processing /usr/local/lib/python3.8/dist-packages/airflow/example_dags/example_latest_only.py took 0.085 seconds
[2023-06-14T14:54:43.923+0000] {processor.py:157} INFO - Started process (PID=10533) to work on /usr/local/lib/python3.8/dist-packages/airflow/example_dags/example_latest_only.py
[2023-06-14T14:54:43.924+0000] {processor.py:826} INFO - Processing file /usr/local/lib/python3.8/dist-packages/airflow/example_dags/example_latest_only.py for tasks to queue
[2023-06-14T14:54:43.927+0000] {logging_mixin.py:149} INFO - [2023-06-14T14:54:43.926+0000] {dagbag.py:541} INFO - Filling up the DagBag from /usr/local/lib/python3.8/dist-packages/airflow/example_dags/example_latest_only.py
[2023-06-14T14:54:43.932+0000] {processor.py:836} INFO - DAG(s) dict_keys(['latest_only']) retrieved from /usr/local/lib/python3.8/dist-packages/airflow/example_dags/example_latest_only.py
[2023-06-14T14:54:43.953+0000] {logging_mixin.py:149} INFO - [2023-06-14T14:54:43.952+0000] {dag.py:2726} INFO - Sync 1 DAGs
[2023-06-14T14:54:43.973+0000] {logging_mixin.py:149} INFO - [2023-06-14T14:54:43.973+0000] {dag.py:3486} INFO - Setting next_dagrun for latest_only to 2023-06-14T10:54:43.973257+00:00, run_after=2023-06-14T14:54:43.973257+00:00
[2023-06-14T14:54:44.000+0000] {processor.py:179} INFO - Processing /usr/local/lib/python3.8/dist-packages/airflow/example_dags/example_latest_only.py took 0.081 seconds
[2023-06-14T14:55:36.719+0000] {processor.py:157} INFO - Started process (PID=10790) to work on /usr/local/lib/python3.8/dist-packages/airflow/example_dags/example_latest_only.py
[2023-06-14T14:55:36.721+0000] {processor.py:826} INFO - Processing file /usr/local/lib/python3.8/dist-packages/airflow/example_dags/example_latest_only.py for tasks to queue
[2023-06-14T14:55:36.723+0000] {logging_mixin.py:149} INFO - [2023-06-14T14:55:36.723+0000] {dagbag.py:541} INFO - Filling up the DagBag from /usr/local/lib/python3.8/dist-packages/airflow/example_dags/example_latest_only.py
[2023-06-14T14:55:36.729+0000] {processor.py:836} INFO - DAG(s) dict_keys(['latest_only']) retrieved from /usr/local/lib/python3.8/dist-packages/airflow/example_dags/example_latest_only.py
[2023-06-14T14:55:36.750+0000] {logging_mixin.py:149} INFO - [2023-06-14T14:55:36.749+0000] {dag.py:2726} INFO - Sync 1 DAGs
[2023-06-14T14:55:36.769+0000] {logging_mixin.py:149} INFO - [2023-06-14T14:55:36.769+0000] {dag.py:3486} INFO - Setting next_dagrun for latest_only to 2023-06-14T10:55:36.769485+00:00, run_after=2023-06-14T14:55:36.769485+00:00
[2023-06-14T14:55:36.797+0000] {processor.py:179} INFO - Processing /usr/local/lib/python3.8/dist-packages/airflow/example_dags/example_latest_only.py took 0.082 seconds
[2023-06-14T14:56:28.154+0000] {processor.py:157} INFO - Started process (PID=10947) to work on /usr/local/lib/python3.8/dist-packages/airflow/example_dags/example_latest_only.py
[2023-06-14T14:56:28.156+0000] {processor.py:826} INFO - Processing file /usr/local/lib/python3.8/dist-packages/airflow/example_dags/example_latest_only.py for tasks to queue
[2023-06-14T14:56:28.158+0000] {logging_mixin.py:149} INFO - [2023-06-14T14:56:28.158+0000] {dagbag.py:541} INFO - Filling up the DagBag from /usr/local/lib/python3.8/dist-packages/airflow/example_dags/example_latest_only.py
[2023-06-14T14:56:28.164+0000] {processor.py:836} INFO - DAG(s) dict_keys(['latest_only']) retrieved from /usr/local/lib/python3.8/dist-packages/airflow/example_dags/example_latest_only.py
[2023-06-14T14:56:28.186+0000] {logging_mixin.py:149} INFO - [2023-06-14T14:56:28.185+0000] {dag.py:2726} INFO - Sync 1 DAGs
[2023-06-14T14:56:28.206+0000] {logging_mixin.py:149} INFO - [2023-06-14T14:56:28.206+0000] {dag.py:3486} INFO - Setting next_dagrun for latest_only to 2023-06-14T10:56:28.206514+00:00, run_after=2023-06-14T14:56:28.206514+00:00
[2023-06-14T14:56:28.234+0000] {processor.py:179} INFO - Processing /usr/local/lib/python3.8/dist-packages/airflow/example_dags/example_latest_only.py took 0.086 seconds
[2023-06-14T14:57:18.519+0000] {processor.py:157} INFO - Started process (PID=11107) to work on /usr/local/lib/python3.8/dist-packages/airflow/example_dags/example_latest_only.py
[2023-06-14T14:57:18.521+0000] {processor.py:826} INFO - Processing file /usr/local/lib/python3.8/dist-packages/airflow/example_dags/example_latest_only.py for tasks to queue
[2023-06-14T14:57:18.523+0000] {logging_mixin.py:149} INFO - [2023-06-14T14:57:18.523+0000] {dagbag.py:541} INFO - Filling up the DagBag from /usr/local/lib/python3.8/dist-packages/airflow/example_dags/example_latest_only.py
[2023-06-14T14:57:18.529+0000] {processor.py:836} INFO - DAG(s) dict_keys(['latest_only']) retrieved from /usr/local/lib/python3.8/dist-packages/airflow/example_dags/example_latest_only.py
[2023-06-14T14:57:18.550+0000] {logging_mixin.py:149} INFO - [2023-06-14T14:57:18.549+0000] {dag.py:2726} INFO - Sync 1 DAGs
[2023-06-14T14:57:18.571+0000] {logging_mixin.py:149} INFO - [2023-06-14T14:57:18.570+0000] {dag.py:3486} INFO - Setting next_dagrun for latest_only to 2023-06-14T10:57:18.570610+00:00, run_after=2023-06-14T14:57:18.570610+00:00
[2023-06-14T14:57:18.596+0000] {processor.py:179} INFO - Processing /usr/local/lib/python3.8/dist-packages/airflow/example_dags/example_latest_only.py took 0.081 seconds
[2023-06-14T14:58:10.204+0000] {processor.py:157} INFO - Started process (PID=11261) to work on /usr/local/lib/python3.8/dist-packages/airflow/example_dags/example_latest_only.py
[2023-06-14T14:58:10.206+0000] {processor.py:826} INFO - Processing file /usr/local/lib/python3.8/dist-packages/airflow/example_dags/example_latest_only.py for tasks to queue
[2023-06-14T14:58:10.208+0000] {logging_mixin.py:149} INFO - [2023-06-14T14:58:10.208+0000] {dagbag.py:541} INFO - Filling up the DagBag from /usr/local/lib/python3.8/dist-packages/airflow/example_dags/example_latest_only.py
[2023-06-14T14:58:10.214+0000] {processor.py:836} INFO - DAG(s) dict_keys(['latest_only']) retrieved from /usr/local/lib/python3.8/dist-packages/airflow/example_dags/example_latest_only.py
[2023-06-14T14:58:10.234+0000] {logging_mixin.py:149} INFO - [2023-06-14T14:58:10.234+0000] {dag.py:2726} INFO - Sync 1 DAGs
[2023-06-14T14:58:10.255+0000] {logging_mixin.py:149} INFO - [2023-06-14T14:58:10.255+0000] {dag.py:3486} INFO - Setting next_dagrun for latest_only to 2023-06-14T10:58:10.254878+00:00, run_after=2023-06-14T14:58:10.254878+00:00
[2023-06-14T14:58:10.287+0000] {processor.py:179} INFO - Processing /usr/local/lib/python3.8/dist-packages/airflow/example_dags/example_latest_only.py took 0.087 seconds
[2023-06-14T14:59:00.627+0000] {processor.py:157} INFO - Started process (PID=11519) to work on /usr/local/lib/python3.8/dist-packages/airflow/example_dags/example_latest_only.py
[2023-06-14T14:59:00.629+0000] {processor.py:826} INFO - Processing file /usr/local/lib/python3.8/dist-packages/airflow/example_dags/example_latest_only.py for tasks to queue
[2023-06-14T14:59:00.631+0000] {logging_mixin.py:149} INFO - [2023-06-14T14:59:00.631+0000] {dagbag.py:541} INFO - Filling up the DagBag from /usr/local/lib/python3.8/dist-packages/airflow/example_dags/example_latest_only.py
[2023-06-14T14:59:00.637+0000] {processor.py:836} INFO - DAG(s) dict_keys(['latest_only']) retrieved from /usr/local/lib/python3.8/dist-packages/airflow/example_dags/example_latest_only.py
[2023-06-14T14:59:00.658+0000] {logging_mixin.py:149} INFO - [2023-06-14T14:59:00.658+0000] {dag.py:2726} INFO - Sync 1 DAGs
[2023-06-14T14:59:00.679+0000] {logging_mixin.py:149} INFO - [2023-06-14T14:59:00.679+0000] {dag.py:3486} INFO - Setting next_dagrun for latest_only to 2023-06-14T10:59:00.678801+00:00, run_after=2023-06-14T14:59:00.678801+00:00
[2023-06-14T14:59:00.710+0000] {processor.py:179} INFO - Processing /usr/local/lib/python3.8/dist-packages/airflow/example_dags/example_latest_only.py took 0.087 seconds
[2023-06-14T14:59:47.309+0000] {processor.py:157} INFO - Started process (PID=11567) to work on /usr/local/lib/python3.8/dist-packages/airflow/example_dags/example_latest_only.py
[2023-06-14T14:59:47.310+0000] {processor.py:826} INFO - Processing file /usr/local/lib/python3.8/dist-packages/airflow/example_dags/example_latest_only.py for tasks to queue
[2023-06-14T14:59:47.312+0000] {logging_mixin.py:149} INFO - [2023-06-14T14:59:47.312+0000] {dagbag.py:541} INFO - Filling up the DagBag from /usr/local/lib/python3.8/dist-packages/airflow/example_dags/example_latest_only.py
[2023-06-14T14:59:47.318+0000] {processor.py:836} INFO - DAG(s) dict_keys(['latest_only']) retrieved from /usr/local/lib/python3.8/dist-packages/airflow/example_dags/example_latest_only.py
[2023-06-14T14:59:47.339+0000] {logging_mixin.py:149} INFO - [2023-06-14T14:59:47.338+0000] {dag.py:2726} INFO - Sync 1 DAGs
[2023-06-14T14:59:47.359+0000] {logging_mixin.py:149} INFO - [2023-06-14T14:59:47.359+0000] {dag.py:3486} INFO - Setting next_dagrun for latest_only to 2023-06-14T10:59:47.358981+00:00, run_after=2023-06-14T14:59:47.358981+00:00
[2023-06-14T14:59:47.387+0000] {processor.py:179} INFO - Processing /usr/local/lib/python3.8/dist-packages/airflow/example_dags/example_latest_only.py took 0.082 seconds
[2023-06-14T15:00:37.752+0000] {processor.py:157} INFO - Started process (PID=11723) to work on /usr/local/lib/python3.8/dist-packages/airflow/example_dags/example_latest_only.py
[2023-06-14T15:00:37.753+0000] {processor.py:826} INFO - Processing file /usr/local/lib/python3.8/dist-packages/airflow/example_dags/example_latest_only.py for tasks to queue
[2023-06-14T15:00:37.756+0000] {logging_mixin.py:149} INFO - [2023-06-14T15:00:37.755+0000] {dagbag.py:541} INFO - Filling up the DagBag from /usr/local/lib/python3.8/dist-packages/airflow/example_dags/example_latest_only.py
[2023-06-14T15:00:37.761+0000] {processor.py:836} INFO - DAG(s) dict_keys(['latest_only']) retrieved from /usr/local/lib/python3.8/dist-packages/airflow/example_dags/example_latest_only.py
[2023-06-14T15:00:37.782+0000] {logging_mixin.py:149} INFO - [2023-06-14T15:00:37.781+0000] {dag.py:2726} INFO - Sync 1 DAGs
[2023-06-14T15:00:37.802+0000] {logging_mixin.py:149} INFO - [2023-06-14T15:00:37.802+0000] {dag.py:3486} INFO - Setting next_dagrun for latest_only to 2023-06-14T11:00:37.802254+00:00, run_after=2023-06-14T15:00:37.802254+00:00
[2023-06-14T15:00:37.831+0000] {processor.py:179} INFO - Processing /usr/local/lib/python3.8/dist-packages/airflow/example_dags/example_latest_only.py took 0.083 seconds
[2023-06-14T15:01:30.119+0000] {processor.py:157} INFO - Started process (PID=11881) to work on /usr/local/lib/python3.8/dist-packages/airflow/example_dags/example_latest_only.py
[2023-06-14T15:01:30.120+0000] {processor.py:826} INFO - Processing file /usr/local/lib/python3.8/dist-packages/airflow/example_dags/example_latest_only.py for tasks to queue
[2023-06-14T15:01:30.122+0000] {logging_mixin.py:149} INFO - [2023-06-14T15:01:30.122+0000] {dagbag.py:541} INFO - Filling up the DagBag from /usr/local/lib/python3.8/dist-packages/airflow/example_dags/example_latest_only.py
[2023-06-14T15:01:30.128+0000] {processor.py:836} INFO - DAG(s) dict_keys(['latest_only']) retrieved from /usr/local/lib/python3.8/dist-packages/airflow/example_dags/example_latest_only.py
[2023-06-14T15:01:30.151+0000] {logging_mixin.py:149} INFO - [2023-06-14T15:01:30.151+0000] {dag.py:2726} INFO - Sync 1 DAGs
[2023-06-14T15:01:30.171+0000] {logging_mixin.py:149} INFO - [2023-06-14T15:01:30.171+0000] {dag.py:3486} INFO - Setting next_dagrun for latest_only to 2023-06-14T11:01:30.171290+00:00, run_after=2023-06-14T15:01:30.171290+00:00
[2023-06-14T15:01:30.197+0000] {processor.py:179} INFO - Processing /usr/local/lib/python3.8/dist-packages/airflow/example_dags/example_latest_only.py took 0.082 seconds
[2023-06-14T15:02:21.036+0000] {processor.py:157} INFO - Started process (PID=12044) to work on /usr/local/lib/python3.8/dist-packages/airflow/example_dags/example_latest_only.py
[2023-06-14T15:02:21.037+0000] {processor.py:826} INFO - Processing file /usr/local/lib/python3.8/dist-packages/airflow/example_dags/example_latest_only.py for tasks to queue
[2023-06-14T15:02:21.040+0000] {logging_mixin.py:149} INFO - [2023-06-14T15:02:21.040+0000] {dagbag.py:541} INFO - Filling up the DagBag from /usr/local/lib/python3.8/dist-packages/airflow/example_dags/example_latest_only.py
[2023-06-14T15:02:21.046+0000] {processor.py:836} INFO - DAG(s) dict_keys(['latest_only']) retrieved from /usr/local/lib/python3.8/dist-packages/airflow/example_dags/example_latest_only.py
[2023-06-14T15:02:21.067+0000] {logging_mixin.py:149} INFO - [2023-06-14T15:02:21.066+0000] {dag.py:2726} INFO - Sync 1 DAGs
[2023-06-14T15:02:21.088+0000] {logging_mixin.py:149} INFO - [2023-06-14T15:02:21.088+0000] {dag.py:3486} INFO - Setting next_dagrun for latest_only to 2023-06-14T11:02:21.088212+00:00, run_after=2023-06-14T15:02:21.088212+00:00
[2023-06-14T15:02:21.116+0000] {processor.py:179} INFO - Processing /usr/local/lib/python3.8/dist-packages/airflow/example_dags/example_latest_only.py took 0.084 seconds
[2023-06-14T15:03:11.451+0000] {processor.py:157} INFO - Started process (PID=12302) to work on /usr/local/lib/python3.8/dist-packages/airflow/example_dags/example_latest_only.py
[2023-06-14T15:03:11.452+0000] {processor.py:826} INFO - Processing file /usr/local/lib/python3.8/dist-packages/airflow/example_dags/example_latest_only.py for tasks to queue
[2023-06-14T15:03:11.454+0000] {logging_mixin.py:149} INFO - [2023-06-14T15:03:11.454+0000] {dagbag.py:541} INFO - Filling up the DagBag from /usr/local/lib/python3.8/dist-packages/airflow/example_dags/example_latest_only.py
[2023-06-14T15:03:11.460+0000] {processor.py:836} INFO - DAG(s) dict_keys(['latest_only']) retrieved from /usr/local/lib/python3.8/dist-packages/airflow/example_dags/example_latest_only.py
[2023-06-14T15:03:11.480+0000] {logging_mixin.py:149} INFO - [2023-06-14T15:03:11.480+0000] {dag.py:2726} INFO - Sync 1 DAGs
[2023-06-14T15:03:11.501+0000] {logging_mixin.py:149} INFO - [2023-06-14T15:03:11.501+0000] {dag.py:3486} INFO - Setting next_dagrun for latest_only to 2023-06-14T11:03:11.500939+00:00, run_after=2023-06-14T15:03:11.500939+00:00
[2023-06-14T15:03:11.531+0000] {processor.py:179} INFO - Processing /usr/local/lib/python3.8/dist-packages/airflow/example_dags/example_latest_only.py took 0.084 seconds
[2023-06-14T15:04:03.813+0000] {processor.py:157} INFO - Started process (PID=12562) to work on /usr/local/lib/python3.8/dist-packages/airflow/example_dags/example_latest_only.py
[2023-06-14T15:04:03.814+0000] {processor.py:826} INFO - Processing file /usr/local/lib/python3.8/dist-packages/airflow/example_dags/example_latest_only.py for tasks to queue
[2023-06-14T15:04:03.816+0000] {logging_mixin.py:149} INFO - [2023-06-14T15:04:03.816+0000] {dagbag.py:541} INFO - Filling up the DagBag from /usr/local/lib/python3.8/dist-packages/airflow/example_dags/example_latest_only.py
[2023-06-14T15:04:03.822+0000] {processor.py:836} INFO - DAG(s) dict_keys(['latest_only']) retrieved from /usr/local/lib/python3.8/dist-packages/airflow/example_dags/example_latest_only.py
[2023-06-14T15:04:03.843+0000] {logging_mixin.py:149} INFO - [2023-06-14T15:04:03.843+0000] {dag.py:2726} INFO - Sync 1 DAGs
[2023-06-14T15:04:03.863+0000] {logging_mixin.py:149} INFO - [2023-06-14T15:04:03.863+0000] {dag.py:3486} INFO - Setting next_dagrun for latest_only to 2023-06-14T11:04:03.862993+00:00, run_after=2023-06-14T15:04:03.862993+00:00
[2023-06-14T15:04:03.893+0000] {processor.py:179} INFO - Processing /usr/local/lib/python3.8/dist-packages/airflow/example_dags/example_latest_only.py took 0.084 seconds
[2023-06-14T15:04:56.059+0000] {processor.py:157} INFO - Started process (PID=12720) to work on /usr/local/lib/python3.8/dist-packages/airflow/example_dags/example_latest_only.py
[2023-06-14T15:04:56.061+0000] {processor.py:826} INFO - Processing file /usr/local/lib/python3.8/dist-packages/airflow/example_dags/example_latest_only.py for tasks to queue
[2023-06-14T15:04:56.063+0000] {logging_mixin.py:149} INFO - [2023-06-14T15:04:56.063+0000] {dagbag.py:541} INFO - Filling up the DagBag from /usr/local/lib/python3.8/dist-packages/airflow/example_dags/example_latest_only.py
[2023-06-14T15:04:56.069+0000] {processor.py:836} INFO - DAG(s) dict_keys(['latest_only']) retrieved from /usr/local/lib/python3.8/dist-packages/airflow/example_dags/example_latest_only.py
[2023-06-14T15:04:56.090+0000] {logging_mixin.py:149} INFO - [2023-06-14T15:04:56.090+0000] {dag.py:2726} INFO - Sync 1 DAGs
[2023-06-14T15:04:56.111+0000] {logging_mixin.py:149} INFO - [2023-06-14T15:04:56.110+0000] {dag.py:3486} INFO - Setting next_dagrun for latest_only to 2023-06-14T11:04:56.110671+00:00, run_after=2023-06-14T15:04:56.110671+00:00
[2023-06-14T15:04:56.138+0000] {processor.py:179} INFO - Processing /usr/local/lib/python3.8/dist-packages/airflow/example_dags/example_latest_only.py took 0.083 seconds
[2023-06-14T15:05:53.019+0000] {processor.py:157} INFO - Started process (PID=13051) to work on /usr/local/lib/python3.8/dist-packages/airflow/example_dags/example_latest_only.py
[2023-06-14T15:05:53.020+0000] {processor.py:826} INFO - Processing file /usr/local/lib/python3.8/dist-packages/airflow/example_dags/example_latest_only.py for tasks to queue
[2023-06-14T15:05:53.023+0000] {logging_mixin.py:149} INFO - [2023-06-14T15:05:53.023+0000] {dagbag.py:541} INFO - Filling up the DagBag from /usr/local/lib/python3.8/dist-packages/airflow/example_dags/example_latest_only.py
[2023-06-14T15:05:53.029+0000] {processor.py:836} INFO - DAG(s) dict_keys(['latest_only']) retrieved from /usr/local/lib/python3.8/dist-packages/airflow/example_dags/example_latest_only.py
[2023-06-14T15:05:53.051+0000] {logging_mixin.py:149} INFO - [2023-06-14T15:05:53.051+0000] {dag.py:2726} INFO - Sync 1 DAGs
[2023-06-14T15:05:53.075+0000] {logging_mixin.py:149} INFO - [2023-06-14T15:05:53.074+0000] {dag.py:3486} INFO - Setting next_dagrun for latest_only to 2023-06-14T11:05:53.074506+00:00, run_after=2023-06-14T15:05:53.074506+00:00
[2023-06-14T15:05:53.102+0000] {processor.py:179} INFO - Processing /usr/local/lib/python3.8/dist-packages/airflow/example_dags/example_latest_only.py took 0.087 seconds
[2023-06-14T15:06:45.938+0000] {processor.py:157} INFO - Started process (PID=13169) to work on /usr/local/lib/python3.8/dist-packages/airflow/example_dags/example_latest_only.py
[2023-06-14T15:06:45.940+0000] {processor.py:826} INFO - Processing file /usr/local/lib/python3.8/dist-packages/airflow/example_dags/example_latest_only.py for tasks to queue
[2023-06-14T15:06:45.942+0000] {logging_mixin.py:149} INFO - [2023-06-14T15:06:45.942+0000] {dagbag.py:541} INFO - Filling up the DagBag from /usr/local/lib/python3.8/dist-packages/airflow/example_dags/example_latest_only.py
[2023-06-14T15:06:45.948+0000] {processor.py:836} INFO - DAG(s) dict_keys(['latest_only']) retrieved from /usr/local/lib/python3.8/dist-packages/airflow/example_dags/example_latest_only.py
[2023-06-14T15:06:45.969+0000] {logging_mixin.py:149} INFO - [2023-06-14T15:06:45.968+0000] {dag.py:2726} INFO - Sync 1 DAGs
[2023-06-14T15:06:45.990+0000] {logging_mixin.py:149} INFO - [2023-06-14T15:06:45.989+0000] {dag.py:3486} INFO - Setting next_dagrun for latest_only to 2023-06-14T11:06:45.989652+00:00, run_after=2023-06-14T15:06:45.989652+00:00
[2023-06-14T15:06:46.017+0000] {processor.py:179} INFO - Processing /usr/local/lib/python3.8/dist-packages/airflow/example_dags/example_latest_only.py took 0.082 seconds
[2023-06-14T15:07:36.172+0000] {processor.py:157} INFO - Started process (PID=13440) to work on /usr/local/lib/python3.8/dist-packages/airflow/example_dags/example_latest_only.py
[2023-06-14T15:07:36.173+0000] {processor.py:826} INFO - Processing file /usr/local/lib/python3.8/dist-packages/airflow/example_dags/example_latest_only.py for tasks to queue
[2023-06-14T15:07:36.176+0000] {logging_mixin.py:149} INFO - [2023-06-14T15:07:36.176+0000] {dagbag.py:541} INFO - Filling up the DagBag from /usr/local/lib/python3.8/dist-packages/airflow/example_dags/example_latest_only.py
[2023-06-14T15:07:36.181+0000] {processor.py:836} INFO - DAG(s) dict_keys(['latest_only']) retrieved from /usr/local/lib/python3.8/dist-packages/airflow/example_dags/example_latest_only.py
[2023-06-14T15:07:36.202+0000] {logging_mixin.py:149} INFO - [2023-06-14T15:07:36.202+0000] {dag.py:2726} INFO - Sync 1 DAGs
[2023-06-14T15:07:36.222+0000] {logging_mixin.py:149} INFO - [2023-06-14T15:07:36.222+0000] {dag.py:3486} INFO - Setting next_dagrun for latest_only to 2023-06-14T11:07:36.222285+00:00, run_after=2023-06-14T15:07:36.222285+00:00
[2023-06-14T15:07:36.251+0000] {processor.py:179} INFO - Processing /usr/local/lib/python3.8/dist-packages/airflow/example_dags/example_latest_only.py took 0.083 seconds
[2023-06-14T15:08:27.204+0000] {processor.py:157} INFO - Started process (PID=13596) to work on /usr/local/lib/python3.8/dist-packages/airflow/example_dags/example_latest_only.py
[2023-06-14T15:08:27.205+0000] {processor.py:826} INFO - Processing file /usr/local/lib/python3.8/dist-packages/airflow/example_dags/example_latest_only.py for tasks to queue
[2023-06-14T15:08:27.208+0000] {logging_mixin.py:149} INFO - [2023-06-14T15:08:27.207+0000] {dagbag.py:541} INFO - Filling up the DagBag from /usr/local/lib/python3.8/dist-packages/airflow/example_dags/example_latest_only.py
[2023-06-14T15:08:27.213+0000] {processor.py:836} INFO - DAG(s) dict_keys(['latest_only']) retrieved from /usr/local/lib/python3.8/dist-packages/airflow/example_dags/example_latest_only.py
[2023-06-14T15:08:27.235+0000] {logging_mixin.py:149} INFO - [2023-06-14T15:08:27.234+0000] {dag.py:2726} INFO - Sync 1 DAGs
[2023-06-14T15:08:27.256+0000] {logging_mixin.py:149} INFO - [2023-06-14T15:08:27.255+0000] {dag.py:3486} INFO - Setting next_dagrun for latest_only to 2023-06-14T11:08:27.255601+00:00, run_after=2023-06-14T15:08:27.255601+00:00
[2023-06-14T15:08:27.283+0000] {processor.py:179} INFO - Processing /usr/local/lib/python3.8/dist-packages/airflow/example_dags/example_latest_only.py took 0.083 seconds
[2023-06-14T15:09:15.445+0000] {processor.py:157} INFO - Started process (PID=13852) to work on /usr/local/lib/python3.8/dist-packages/airflow/example_dags/example_latest_only.py
[2023-06-14T15:09:15.446+0000] {processor.py:826} INFO - Processing file /usr/local/lib/python3.8/dist-packages/airflow/example_dags/example_latest_only.py for tasks to queue
[2023-06-14T15:09:15.448+0000] {logging_mixin.py:149} INFO - [2023-06-14T15:09:15.448+0000] {dagbag.py:541} INFO - Filling up the DagBag from /usr/local/lib/python3.8/dist-packages/airflow/example_dags/example_latest_only.py
[2023-06-14T15:09:15.454+0000] {processor.py:836} INFO - DAG(s) dict_keys(['latest_only']) retrieved from /usr/local/lib/python3.8/dist-packages/airflow/example_dags/example_latest_only.py
[2023-06-14T15:09:15.475+0000] {logging_mixin.py:149} INFO - [2023-06-14T15:09:15.474+0000] {dag.py:2726} INFO - Sync 1 DAGs
[2023-06-14T15:09:15.495+0000] {logging_mixin.py:149} INFO - [2023-06-14T15:09:15.495+0000] {dag.py:3486} INFO - Setting next_dagrun for latest_only to 2023-06-14T11:09:15.495107+00:00, run_after=2023-06-14T15:09:15.495107+00:00
[2023-06-14T15:09:15.524+0000] {processor.py:179} INFO - Processing /usr/local/lib/python3.8/dist-packages/airflow/example_dags/example_latest_only.py took 0.083 seconds
[2023-06-14T15:10:06.122+0000] {processor.py:157} INFO - Started process (PID=14005) to work on /usr/local/lib/python3.8/dist-packages/airflow/example_dags/example_latest_only.py
[2023-06-14T15:10:06.124+0000] {processor.py:826} INFO - Processing file /usr/local/lib/python3.8/dist-packages/airflow/example_dags/example_latest_only.py for tasks to queue
[2023-06-14T15:10:06.126+0000] {logging_mixin.py:149} INFO - [2023-06-14T15:10:06.126+0000] {dagbag.py:541} INFO - Filling up the DagBag from /usr/local/lib/python3.8/dist-packages/airflow/example_dags/example_latest_only.py
[2023-06-14T15:10:06.132+0000] {processor.py:836} INFO - DAG(s) dict_keys(['latest_only']) retrieved from /usr/local/lib/python3.8/dist-packages/airflow/example_dags/example_latest_only.py
[2023-06-14T15:10:06.152+0000] {logging_mixin.py:149} INFO - [2023-06-14T15:10:06.152+0000] {dag.py:2726} INFO - Sync 1 DAGs
[2023-06-14T15:10:06.171+0000] {logging_mixin.py:149} INFO - [2023-06-14T15:10:06.171+0000] {dag.py:3486} INFO - Setting next_dagrun for latest_only to 2023-06-14T11:10:06.171556+00:00, run_after=2023-06-14T15:10:06.171556+00:00
[2023-06-14T15:10:06.199+0000] {processor.py:179} INFO - Processing /usr/local/lib/python3.8/dist-packages/airflow/example_dags/example_latest_only.py took 0.081 seconds
[2023-06-14T15:10:56.731+0000] {processor.py:157} INFO - Started process (PID=14162) to work on /usr/local/lib/python3.8/dist-packages/airflow/example_dags/example_latest_only.py
[2023-06-14T15:10:56.733+0000] {processor.py:826} INFO - Processing file /usr/local/lib/python3.8/dist-packages/airflow/example_dags/example_latest_only.py for tasks to queue
[2023-06-14T15:10:56.735+0000] {logging_mixin.py:149} INFO - [2023-06-14T15:10:56.735+0000] {dagbag.py:541} INFO - Filling up the DagBag from /usr/local/lib/python3.8/dist-packages/airflow/example_dags/example_latest_only.py
[2023-06-14T15:10:56.741+0000] {processor.py:836} INFO - DAG(s) dict_keys(['latest_only']) retrieved from /usr/local/lib/python3.8/dist-packages/airflow/example_dags/example_latest_only.py
[2023-06-14T15:10:56.762+0000] {logging_mixin.py:149} INFO - [2023-06-14T15:10:56.762+0000] {dag.py:2726} INFO - Sync 1 DAGs
[2023-06-14T15:10:56.783+0000] {logging_mixin.py:149} INFO - [2023-06-14T15:10:56.783+0000] {dag.py:3486} INFO - Setting next_dagrun for latest_only to 2023-06-14T11:10:56.782998+00:00, run_after=2023-06-14T15:10:56.782998+00:00
[2023-06-14T15:10:56.810+0000] {processor.py:179} INFO - Processing /usr/local/lib/python3.8/dist-packages/airflow/example_dags/example_latest_only.py took 0.083 seconds
[2023-06-14T15:11:43.688+0000] {processor.py:157} INFO - Started process (PID=14211) to work on /usr/local/lib/python3.8/dist-packages/airflow/example_dags/example_latest_only.py
[2023-06-14T15:11:43.690+0000] {processor.py:826} INFO - Processing file /usr/local/lib/python3.8/dist-packages/airflow/example_dags/example_latest_only.py for tasks to queue
[2023-06-14T15:11:43.692+0000] {logging_mixin.py:149} INFO - [2023-06-14T15:11:43.692+0000] {dagbag.py:541} INFO - Filling up the DagBag from /usr/local/lib/python3.8/dist-packages/airflow/example_dags/example_latest_only.py
[2023-06-14T15:11:43.698+0000] {processor.py:836} INFO - DAG(s) dict_keys(['latest_only']) retrieved from /usr/local/lib/python3.8/dist-packages/airflow/example_dags/example_latest_only.py
[2023-06-14T15:11:43.718+0000] {logging_mixin.py:149} INFO - [2023-06-14T15:11:43.718+0000] {dag.py:2726} INFO - Sync 1 DAGs
[2023-06-14T15:11:43.738+0000] {logging_mixin.py:149} INFO - [2023-06-14T15:11:43.738+0000] {dag.py:3486} INFO - Setting next_dagrun for latest_only to 2023-06-14T11:11:43.738388+00:00, run_after=2023-06-14T15:11:43.738388+00:00
[2023-06-14T15:11:43.766+0000] {processor.py:179} INFO - Processing /usr/local/lib/python3.8/dist-packages/airflow/example_dags/example_latest_only.py took 0.082 seconds
[2023-06-14T15:12:36.292+0000] {processor.py:157} INFO - Started process (PID=14373) to work on /usr/local/lib/python3.8/dist-packages/airflow/example_dags/example_latest_only.py
[2023-06-14T15:12:36.293+0000] {processor.py:826} INFO - Processing file /usr/local/lib/python3.8/dist-packages/airflow/example_dags/example_latest_only.py for tasks to queue
[2023-06-14T15:12:36.296+0000] {logging_mixin.py:149} INFO - [2023-06-14T15:12:36.295+0000] {dagbag.py:541} INFO - Filling up the DagBag from /usr/local/lib/python3.8/dist-packages/airflow/example_dags/example_latest_only.py
[2023-06-14T15:12:36.301+0000] {processor.py:836} INFO - DAG(s) dict_keys(['latest_only']) retrieved from /usr/local/lib/python3.8/dist-packages/airflow/example_dags/example_latest_only.py
[2023-06-14T15:12:36.322+0000] {logging_mixin.py:149} INFO - [2023-06-14T15:12:36.322+0000] {dag.py:2726} INFO - Sync 1 DAGs
[2023-06-14T15:12:36.342+0000] {logging_mixin.py:149} INFO - [2023-06-14T15:12:36.342+0000] {dag.py:3486} INFO - Setting next_dagrun for latest_only to 2023-06-14T11:12:36.342420+00:00, run_after=2023-06-14T15:12:36.342420+00:00
[2023-06-14T15:12:36.371+0000] {processor.py:179} INFO - Processing /usr/local/lib/python3.8/dist-packages/airflow/example_dags/example_latest_only.py took 0.083 seconds
[2023-06-14T15:13:29.081+0000] {processor.py:157} INFO - Started process (PID=14529) to work on /usr/local/lib/python3.8/dist-packages/airflow/example_dags/example_latest_only.py
[2023-06-14T15:13:29.082+0000] {processor.py:826} INFO - Processing file /usr/local/lib/python3.8/dist-packages/airflow/example_dags/example_latest_only.py for tasks to queue
[2023-06-14T15:13:29.084+0000] {logging_mixin.py:149} INFO - [2023-06-14T15:13:29.084+0000] {dagbag.py:541} INFO - Filling up the DagBag from /usr/local/lib/python3.8/dist-packages/airflow/example_dags/example_latest_only.py
[2023-06-14T15:13:29.090+0000] {processor.py:836} INFO - DAG(s) dict_keys(['latest_only']) retrieved from /usr/local/lib/python3.8/dist-packages/airflow/example_dags/example_latest_only.py
[2023-06-14T15:13:29.111+0000] {logging_mixin.py:149} INFO - [2023-06-14T15:13:29.110+0000] {dag.py:2726} INFO - Sync 1 DAGs
[2023-06-14T15:13:29.131+0000] {logging_mixin.py:149} INFO - [2023-06-14T15:13:29.130+0000] {dag.py:3486} INFO - Setting next_dagrun for latest_only to 2023-06-14T11:13:29.130637+00:00, run_after=2023-06-14T15:13:29.130637+00:00
[2023-06-14T15:13:29.157+0000] {processor.py:179} INFO - Processing /usr/local/lib/python3.8/dist-packages/airflow/example_dags/example_latest_only.py took 0.080 seconds
[2023-06-14T15:14:19.432+0000] {processor.py:157} INFO - Started process (PID=14788) to work on /usr/local/lib/python3.8/dist-packages/airflow/example_dags/example_latest_only.py
[2023-06-14T15:14:19.434+0000] {processor.py:826} INFO - Processing file /usr/local/lib/python3.8/dist-packages/airflow/example_dags/example_latest_only.py for tasks to queue
[2023-06-14T15:14:19.436+0000] {logging_mixin.py:149} INFO - [2023-06-14T15:14:19.436+0000] {dagbag.py:541} INFO - Filling up the DagBag from /usr/local/lib/python3.8/dist-packages/airflow/example_dags/example_latest_only.py
[2023-06-14T15:14:19.442+0000] {processor.py:836} INFO - DAG(s) dict_keys(['latest_only']) retrieved from /usr/local/lib/python3.8/dist-packages/airflow/example_dags/example_latest_only.py
[2023-06-14T15:14:19.463+0000] {logging_mixin.py:149} INFO - [2023-06-14T15:14:19.463+0000] {dag.py:2726} INFO - Sync 1 DAGs
[2023-06-14T15:14:19.485+0000] {logging_mixin.py:149} INFO - [2023-06-14T15:14:19.485+0000] {dag.py:3486} INFO - Setting next_dagrun for latest_only to 2023-06-14T11:14:19.484712+00:00, run_after=2023-06-14T15:14:19.484712+00:00
[2023-06-14T15:14:19.513+0000] {processor.py:179} INFO - Processing /usr/local/lib/python3.8/dist-packages/airflow/example_dags/example_latest_only.py took 0.085 seconds
[2023-06-14T15:15:08.057+0000] {processor.py:157} INFO - Started process (PID=14940) to work on /usr/local/lib/python3.8/dist-packages/airflow/example_dags/example_latest_only.py
[2023-06-14T15:15:08.058+0000] {processor.py:826} INFO - Processing file /usr/local/lib/python3.8/dist-packages/airflow/example_dags/example_latest_only.py for tasks to queue
[2023-06-14T15:15:08.061+0000] {logging_mixin.py:149} INFO - [2023-06-14T15:15:08.061+0000] {dagbag.py:541} INFO - Filling up the DagBag from /usr/local/lib/python3.8/dist-packages/airflow/example_dags/example_latest_only.py
[2023-06-14T15:15:08.067+0000] {processor.py:836} INFO - DAG(s) dict_keys(['latest_only']) retrieved from /usr/local/lib/python3.8/dist-packages/airflow/example_dags/example_latest_only.py
[2023-06-14T15:15:08.087+0000] {logging_mixin.py:149} INFO - [2023-06-14T15:15:08.087+0000] {dag.py:2726} INFO - Sync 1 DAGs
[2023-06-14T15:15:08.107+0000] {logging_mixin.py:149} INFO - [2023-06-14T15:15:08.107+0000] {dag.py:3486} INFO - Setting next_dagrun for latest_only to 2023-06-14T11:15:08.107031+00:00, run_after=2023-06-14T15:15:08.107031+00:00
[2023-06-14T15:15:08.138+0000] {processor.py:179} INFO - Processing /usr/local/lib/python3.8/dist-packages/airflow/example_dags/example_latest_only.py took 0.086 seconds
