[2023-06-14T14:17:03.073+0000] {processor.py:157} INFO - Started process (PID=1943) to work on /usr/local/lib/python3.8/dist-packages/airflow/example_dags/example_latest_only_with_trigger.py
[2023-06-14T14:17:03.073+0000] {processor.py:826} INFO - Processing file /usr/local/lib/python3.8/dist-packages/airflow/example_dags/example_latest_only_with_trigger.py for tasks to queue
[2023-06-14T14:17:03.077+0000] {logging_mixin.py:149} INFO - [2023-06-14T14:17:03.076+0000] {dagbag.py:541} INFO - Filling up the DagBag from /usr/local/lib/python3.8/dist-packages/airflow/example_dags/example_latest_only_with_trigger.py
[2023-06-14T14:17:03.082+0000] {processor.py:836} INFO - DAG(s) dict_keys(['latest_only_with_trigger']) retrieved from /usr/local/lib/python3.8/dist-packages/airflow/example_dags/example_latest_only_with_trigger.py
[2023-06-14T14:17:03.107+0000] {logging_mixin.py:149} INFO - [2023-06-14T14:17:03.107+0000] {dag.py:2726} INFO - Sync 1 DAGs
[2023-06-14T14:17:03.127+0000] {logging_mixin.py:149} INFO - [2023-06-14T14:17:03.127+0000] {dag.py:3486} INFO - Setting next_dagrun for latest_only_with_trigger to 2023-06-14T10:17:03.126905+00:00, run_after=2023-06-14T14:17:03.126905+00:00
[2023-06-14T14:17:03.156+0000] {processor.py:179} INFO - Processing /usr/local/lib/python3.8/dist-packages/airflow/example_dags/example_latest_only_with_trigger.py took 0.087 seconds
[2023-06-14T14:19:25.754+0000] {processor.py:157} INFO - Started process (PID=4129) to work on /usr/local/lib/python3.8/dist-packages/airflow/example_dags/example_latest_only_with_trigger.py
[2023-06-14T14:19:25.756+0000] {processor.py:826} INFO - Processing file /usr/local/lib/python3.8/dist-packages/airflow/example_dags/example_latest_only_with_trigger.py for tasks to queue
[2023-06-14T14:19:25.759+0000] {logging_mixin.py:149} INFO - [2023-06-14T14:19:25.759+0000] {dagbag.py:541} INFO - Filling up the DagBag from /usr/local/lib/python3.8/dist-packages/airflow/example_dags/example_latest_only_with_trigger.py
[2023-06-14T14:19:25.764+0000] {processor.py:836} INFO - DAG(s) dict_keys(['latest_only_with_trigger']) retrieved from /usr/local/lib/python3.8/dist-packages/airflow/example_dags/example_latest_only_with_trigger.py
[2023-06-14T14:19:25.790+0000] {logging_mixin.py:149} INFO - [2023-06-14T14:19:25.789+0000] {dag.py:2726} INFO - Sync 1 DAGs
[2023-06-14T14:19:25.810+0000] {logging_mixin.py:149} INFO - [2023-06-14T14:19:25.810+0000] {dag.py:3486} INFO - Setting next_dagrun for latest_only_with_trigger to 2023-06-14T10:19:25.809813+00:00, run_after=2023-06-14T14:19:25.809813+00:00
[2023-06-14T14:19:25.836+0000] {processor.py:179} INFO - Processing /usr/local/lib/python3.8/dist-packages/airflow/example_dags/example_latest_only_with_trigger.py took 0.086 seconds
[2023-06-14T14:20:14.743+0000] {processor.py:157} INFO - Started process (PID=4280) to work on /usr/local/lib/python3.8/dist-packages/airflow/example_dags/example_latest_only_with_trigger.py
[2023-06-14T14:20:14.746+0000] {processor.py:826} INFO - Processing file /usr/local/lib/python3.8/dist-packages/airflow/example_dags/example_latest_only_with_trigger.py for tasks to queue
[2023-06-14T14:20:14.748+0000] {logging_mixin.py:149} INFO - [2023-06-14T14:20:14.748+0000] {dagbag.py:541} INFO - Filling up the DagBag from /usr/local/lib/python3.8/dist-packages/airflow/example_dags/example_latest_only_with_trigger.py
[2023-06-14T14:20:14.755+0000] {processor.py:836} INFO - DAG(s) dict_keys(['latest_only_with_trigger']) retrieved from /usr/local/lib/python3.8/dist-packages/airflow/example_dags/example_latest_only_with_trigger.py
[2023-06-14T14:20:14.778+0000] {logging_mixin.py:149} INFO - [2023-06-14T14:20:14.777+0000] {dag.py:2726} INFO - Sync 1 DAGs
[2023-06-14T14:20:14.799+0000] {logging_mixin.py:149} INFO - [2023-06-14T14:20:14.799+0000] {dag.py:3486} INFO - Setting next_dagrun for latest_only_with_trigger to 2023-06-14T10:20:14.799289+00:00, run_after=2023-06-14T14:20:14.799289+00:00
[2023-06-14T14:20:14.917+0000] {processor.py:179} INFO - Processing /usr/local/lib/python3.8/dist-packages/airflow/example_dags/example_latest_only_with_trigger.py took 0.178 seconds
[2023-06-14T14:21:11.178+0000] {processor.py:157} INFO - Started process (PID=4439) to work on /usr/local/lib/python3.8/dist-packages/airflow/example_dags/example_latest_only_with_trigger.py
[2023-06-14T14:21:11.179+0000] {processor.py:826} INFO - Processing file /usr/local/lib/python3.8/dist-packages/airflow/example_dags/example_latest_only_with_trigger.py for tasks to queue
[2023-06-14T14:21:11.181+0000] {logging_mixin.py:149} INFO - [2023-06-14T14:21:11.181+0000] {dagbag.py:541} INFO - Filling up the DagBag from /usr/local/lib/python3.8/dist-packages/airflow/example_dags/example_latest_only_with_trigger.py
[2023-06-14T14:21:11.187+0000] {processor.py:836} INFO - DAG(s) dict_keys(['latest_only_with_trigger']) retrieved from /usr/local/lib/python3.8/dist-packages/airflow/example_dags/example_latest_only_with_trigger.py
[2023-06-14T14:21:11.209+0000] {logging_mixin.py:149} INFO - [2023-06-14T14:21:11.209+0000] {dag.py:2726} INFO - Sync 1 DAGs
[2023-06-14T14:21:11.229+0000] {logging_mixin.py:149} INFO - [2023-06-14T14:21:11.229+0000] {dag.py:3486} INFO - Setting next_dagrun for latest_only_with_trigger to 2023-06-14T10:21:11.228912+00:00, run_after=2023-06-14T14:21:11.228912+00:00
[2023-06-14T14:21:11.272+0000] {processor.py:179} INFO - Processing /usr/local/lib/python3.8/dist-packages/airflow/example_dags/example_latest_only_with_trigger.py took 0.098 seconds
[2023-06-14T14:22:04.486+0000] {processor.py:157} INFO - Started process (PID=4601) to work on /usr/local/lib/python3.8/dist-packages/airflow/example_dags/example_latest_only_with_trigger.py
[2023-06-14T14:22:04.487+0000] {processor.py:826} INFO - Processing file /usr/local/lib/python3.8/dist-packages/airflow/example_dags/example_latest_only_with_trigger.py for tasks to queue
[2023-06-14T14:22:04.489+0000] {logging_mixin.py:149} INFO - [2023-06-14T14:22:04.489+0000] {dagbag.py:541} INFO - Filling up the DagBag from /usr/local/lib/python3.8/dist-packages/airflow/example_dags/example_latest_only_with_trigger.py
[2023-06-14T14:22:04.495+0000] {processor.py:836} INFO - DAG(s) dict_keys(['latest_only_with_trigger']) retrieved from /usr/local/lib/python3.8/dist-packages/airflow/example_dags/example_latest_only_with_trigger.py
[2023-06-14T14:22:04.517+0000] {logging_mixin.py:149} INFO - [2023-06-14T14:22:04.517+0000] {dag.py:2726} INFO - Sync 1 DAGs
[2023-06-14T14:22:04.538+0000] {logging_mixin.py:149} INFO - [2023-06-14T14:22:04.537+0000] {dag.py:3486} INFO - Setting next_dagrun for latest_only_with_trigger to 2023-06-14T10:22:04.537636+00:00, run_after=2023-06-14T14:22:04.537636+00:00
[2023-06-14T14:22:04.565+0000] {processor.py:179} INFO - Processing /usr/local/lib/python3.8/dist-packages/airflow/example_dags/example_latest_only_with_trigger.py took 0.084 seconds
[2023-06-14T14:22:57.950+0000] {processor.py:157} INFO - Started process (PID=4759) to work on /usr/local/lib/python3.8/dist-packages/airflow/example_dags/example_latest_only_with_trigger.py
[2023-06-14T14:22:57.951+0000] {processor.py:826} INFO - Processing file /usr/local/lib/python3.8/dist-packages/airflow/example_dags/example_latest_only_with_trigger.py for tasks to queue
[2023-06-14T14:22:57.954+0000] {logging_mixin.py:149} INFO - [2023-06-14T14:22:57.954+0000] {dagbag.py:541} INFO - Filling up the DagBag from /usr/local/lib/python3.8/dist-packages/airflow/example_dags/example_latest_only_with_trigger.py
[2023-06-14T14:22:57.960+0000] {processor.py:836} INFO - DAG(s) dict_keys(['latest_only_with_trigger']) retrieved from /usr/local/lib/python3.8/dist-packages/airflow/example_dags/example_latest_only_with_trigger.py
[2023-06-14T14:22:57.981+0000] {logging_mixin.py:149} INFO - [2023-06-14T14:22:57.981+0000] {dag.py:2726} INFO - Sync 1 DAGs
[2023-06-14T14:22:58.002+0000] {logging_mixin.py:149} INFO - [2023-06-14T14:22:58.002+0000] {dag.py:3486} INFO - Setting next_dagrun for latest_only_with_trigger to 2023-06-14T10:22:58.001983+00:00, run_after=2023-06-14T14:22:58.001983+00:00
[2023-06-14T14:22:58.030+0000] {processor.py:179} INFO - Processing /usr/local/lib/python3.8/dist-packages/airflow/example_dags/example_latest_only_with_trigger.py took 0.083 seconds
[2023-06-14T14:23:46.923+0000] {processor.py:157} INFO - Started process (PID=4809) to work on /usr/local/lib/python3.8/dist-packages/airflow/example_dags/example_latest_only_with_trigger.py
[2023-06-14T14:23:46.924+0000] {processor.py:826} INFO - Processing file /usr/local/lib/python3.8/dist-packages/airflow/example_dags/example_latest_only_with_trigger.py for tasks to queue
[2023-06-14T14:23:46.927+0000] {logging_mixin.py:149} INFO - [2023-06-14T14:23:46.926+0000] {dagbag.py:541} INFO - Filling up the DagBag from /usr/local/lib/python3.8/dist-packages/airflow/example_dags/example_latest_only_with_trigger.py
[2023-06-14T14:23:46.933+0000] {processor.py:836} INFO - DAG(s) dict_keys(['latest_only_with_trigger']) retrieved from /usr/local/lib/python3.8/dist-packages/airflow/example_dags/example_latest_only_with_trigger.py
[2023-06-14T14:23:46.955+0000] {logging_mixin.py:149} INFO - [2023-06-14T14:23:46.954+0000] {dag.py:2726} INFO - Sync 1 DAGs
[2023-06-14T14:23:46.974+0000] {logging_mixin.py:149} INFO - [2023-06-14T14:23:46.974+0000] {dag.py:3486} INFO - Setting next_dagrun for latest_only_with_trigger to 2023-06-14T10:23:46.974263+00:00, run_after=2023-06-14T14:23:46.974263+00:00
[2023-06-14T14:23:47.002+0000] {processor.py:179} INFO - Processing /usr/local/lib/python3.8/dist-packages/airflow/example_dags/example_latest_only_with_trigger.py took 0.082 seconds
[2023-06-14T14:24:38.363+0000] {processor.py:157} INFO - Started process (PID=5067) to work on /usr/local/lib/python3.8/dist-packages/airflow/example_dags/example_latest_only_with_trigger.py
[2023-06-14T14:24:38.365+0000] {processor.py:826} INFO - Processing file /usr/local/lib/python3.8/dist-packages/airflow/example_dags/example_latest_only_with_trigger.py for tasks to queue
[2023-06-14T14:24:38.368+0000] {logging_mixin.py:149} INFO - [2023-06-14T14:24:38.368+0000] {dagbag.py:541} INFO - Filling up the DagBag from /usr/local/lib/python3.8/dist-packages/airflow/example_dags/example_latest_only_with_trigger.py
[2023-06-14T14:24:38.374+0000] {processor.py:836} INFO - DAG(s) dict_keys(['latest_only_with_trigger']) retrieved from /usr/local/lib/python3.8/dist-packages/airflow/example_dags/example_latest_only_with_trigger.py
[2023-06-14T14:24:38.395+0000] {logging_mixin.py:149} INFO - [2023-06-14T14:24:38.394+0000] {dag.py:2726} INFO - Sync 1 DAGs
[2023-06-14T14:24:38.415+0000] {logging_mixin.py:149} INFO - [2023-06-14T14:24:38.414+0000] {dag.py:3486} INFO - Setting next_dagrun for latest_only_with_trigger to 2023-06-14T10:24:38.414638+00:00, run_after=2023-06-14T14:24:38.414638+00:00
[2023-06-14T14:24:38.444+0000] {processor.py:179} INFO - Processing /usr/local/lib/python3.8/dist-packages/airflow/example_dags/example_latest_only_with_trigger.py took 0.084 seconds
[2023-06-14T14:25:24.841+0000] {processor.py:157} INFO - Started process (PID=5220) to work on /usr/local/lib/python3.8/dist-packages/airflow/example_dags/example_latest_only_with_trigger.py
[2023-06-14T14:25:24.842+0000] {processor.py:826} INFO - Processing file /usr/local/lib/python3.8/dist-packages/airflow/example_dags/example_latest_only_with_trigger.py for tasks to queue
[2023-06-14T14:25:24.845+0000] {logging_mixin.py:149} INFO - [2023-06-14T14:25:24.845+0000] {dagbag.py:541} INFO - Filling up the DagBag from /usr/local/lib/python3.8/dist-packages/airflow/example_dags/example_latest_only_with_trigger.py
[2023-06-14T14:25:24.851+0000] {processor.py:836} INFO - DAG(s) dict_keys(['latest_only_with_trigger']) retrieved from /usr/local/lib/python3.8/dist-packages/airflow/example_dags/example_latest_only_with_trigger.py
[2023-06-14T14:25:24.873+0000] {logging_mixin.py:149} INFO - [2023-06-14T14:25:24.872+0000] {dag.py:2726} INFO - Sync 1 DAGs
[2023-06-14T14:25:24.893+0000] {logging_mixin.py:149} INFO - [2023-06-14T14:25:24.893+0000] {dag.py:3486} INFO - Setting next_dagrun for latest_only_with_trigger to 2023-06-14T10:25:24.892817+00:00, run_after=2023-06-14T14:25:24.892817+00:00
[2023-06-14T14:25:24.982+0000] {processor.py:179} INFO - Processing /usr/local/lib/python3.8/dist-packages/airflow/example_dags/example_latest_only_with_trigger.py took 0.145 seconds
[2023-06-14T14:26:18.122+0000] {processor.py:157} INFO - Started process (PID=5377) to work on /usr/local/lib/python3.8/dist-packages/airflow/example_dags/example_latest_only_with_trigger.py
[2023-06-14T14:26:18.123+0000] {processor.py:826} INFO - Processing file /usr/local/lib/python3.8/dist-packages/airflow/example_dags/example_latest_only_with_trigger.py for tasks to queue
[2023-06-14T14:26:18.126+0000] {logging_mixin.py:149} INFO - [2023-06-14T14:26:18.126+0000] {dagbag.py:541} INFO - Filling up the DagBag from /usr/local/lib/python3.8/dist-packages/airflow/example_dags/example_latest_only_with_trigger.py
[2023-06-14T14:26:18.132+0000] {processor.py:836} INFO - DAG(s) dict_keys(['latest_only_with_trigger']) retrieved from /usr/local/lib/python3.8/dist-packages/airflow/example_dags/example_latest_only_with_trigger.py
[2023-06-14T14:26:18.153+0000] {logging_mixin.py:149} INFO - [2023-06-14T14:26:18.152+0000] {dag.py:2726} INFO - Sync 1 DAGs
[2023-06-14T14:26:18.173+0000] {logging_mixin.py:149} INFO - [2023-06-14T14:26:18.173+0000] {dag.py:3486} INFO - Setting next_dagrun for latest_only_with_trigger to 2023-06-14T10:26:18.173092+00:00, run_after=2023-06-14T14:26:18.173092+00:00
[2023-06-14T14:26:18.201+0000] {processor.py:179} INFO - Processing /usr/local/lib/python3.8/dist-packages/airflow/example_dags/example_latest_only_with_trigger.py took 0.083 seconds
[2023-06-14T14:27:08.978+0000] {processor.py:157} INFO - Started process (PID=5535) to work on /usr/local/lib/python3.8/dist-packages/airflow/example_dags/example_latest_only_with_trigger.py
[2023-06-14T14:27:08.980+0000] {processor.py:826} INFO - Processing file /usr/local/lib/python3.8/dist-packages/airflow/example_dags/example_latest_only_with_trigger.py for tasks to queue
[2023-06-14T14:27:08.983+0000] {logging_mixin.py:149} INFO - [2023-06-14T14:27:08.983+0000] {dagbag.py:541} INFO - Filling up the DagBag from /usr/local/lib/python3.8/dist-packages/airflow/example_dags/example_latest_only_with_trigger.py
[2023-06-14T14:27:08.988+0000] {processor.py:836} INFO - DAG(s) dict_keys(['latest_only_with_trigger']) retrieved from /usr/local/lib/python3.8/dist-packages/airflow/example_dags/example_latest_only_with_trigger.py
[2023-06-14T14:27:09.010+0000] {logging_mixin.py:149} INFO - [2023-06-14T14:27:09.009+0000] {dag.py:2726} INFO - Sync 1 DAGs
[2023-06-14T14:27:09.031+0000] {logging_mixin.py:149} INFO - [2023-06-14T14:27:09.031+0000] {dag.py:3486} INFO - Setting next_dagrun for latest_only_with_trigger to 2023-06-14T10:27:09.031245+00:00, run_after=2023-06-14T14:27:09.031245+00:00
[2023-06-14T14:27:09.059+0000] {processor.py:179} INFO - Processing /usr/local/lib/python3.8/dist-packages/airflow/example_dags/example_latest_only_with_trigger.py took 0.085 seconds
[2023-06-14T14:28:02.173+0000] {processor.py:157} INFO - Started process (PID=5692) to work on /usr/local/lib/python3.8/dist-packages/airflow/example_dags/example_latest_only_with_trigger.py
[2023-06-14T14:28:02.174+0000] {processor.py:826} INFO - Processing file /usr/local/lib/python3.8/dist-packages/airflow/example_dags/example_latest_only_with_trigger.py for tasks to queue
[2023-06-14T14:28:02.177+0000] {logging_mixin.py:149} INFO - [2023-06-14T14:28:02.177+0000] {dagbag.py:541} INFO - Filling up the DagBag from /usr/local/lib/python3.8/dist-packages/airflow/example_dags/example_latest_only_with_trigger.py
[2023-06-14T14:28:02.183+0000] {processor.py:836} INFO - DAG(s) dict_keys(['latest_only_with_trigger']) retrieved from /usr/local/lib/python3.8/dist-packages/airflow/example_dags/example_latest_only_with_trigger.py
[2023-06-14T14:28:02.204+0000] {logging_mixin.py:149} INFO - [2023-06-14T14:28:02.204+0000] {dag.py:2726} INFO - Sync 1 DAGs
[2023-06-14T14:28:02.225+0000] {logging_mixin.py:149} INFO - [2023-06-14T14:28:02.224+0000] {dag.py:3486} INFO - Setting next_dagrun for latest_only_with_trigger to 2023-06-14T10:28:02.224520+00:00, run_after=2023-06-14T14:28:02.224520+00:00
[2023-06-14T14:28:02.256+0000] {processor.py:179} INFO - Processing /usr/local/lib/python3.8/dist-packages/airflow/example_dags/example_latest_only_with_trigger.py took 0.087 seconds
[2023-06-14T14:28:55.426+0000] {processor.py:157} INFO - Started process (PID=5890) to work on /usr/local/lib/python3.8/dist-packages/airflow/example_dags/example_latest_only_with_trigger.py
[2023-06-14T14:28:55.428+0000] {processor.py:826} INFO - Processing file /usr/local/lib/python3.8/dist-packages/airflow/example_dags/example_latest_only_with_trigger.py for tasks to queue
[2023-06-14T14:28:55.430+0000] {logging_mixin.py:149} INFO - [2023-06-14T14:28:55.430+0000] {dagbag.py:541} INFO - Filling up the DagBag from /usr/local/lib/python3.8/dist-packages/airflow/example_dags/example_latest_only_with_trigger.py
[2023-06-14T14:28:55.437+0000] {processor.py:836} INFO - DAG(s) dict_keys(['latest_only_with_trigger']) retrieved from /usr/local/lib/python3.8/dist-packages/airflow/example_dags/example_latest_only_with_trigger.py
[2023-06-14T14:28:55.458+0000] {logging_mixin.py:149} INFO - [2023-06-14T14:28:55.457+0000] {dag.py:2726} INFO - Sync 1 DAGs
[2023-06-14T14:28:55.478+0000] {logging_mixin.py:149} INFO - [2023-06-14T14:28:55.478+0000] {dag.py:3486} INFO - Setting next_dagrun for latest_only_with_trigger to 2023-06-14T10:28:55.477951+00:00, run_after=2023-06-14T14:28:55.477951+00:00
[2023-06-14T14:28:55.509+0000] {processor.py:179} INFO - Processing /usr/local/lib/python3.8/dist-packages/airflow/example_dags/example_latest_only_with_trigger.py took 0.086 seconds
[2023-06-14T14:29:44.167+0000] {processor.py:157} INFO - Started process (PID=6004) to work on /usr/local/lib/python3.8/dist-packages/airflow/example_dags/example_latest_only_with_trigger.py
[2023-06-14T14:29:44.168+0000] {processor.py:826} INFO - Processing file /usr/local/lib/python3.8/dist-packages/airflow/example_dags/example_latest_only_with_trigger.py for tasks to queue
[2023-06-14T14:29:44.170+0000] {logging_mixin.py:149} INFO - [2023-06-14T14:29:44.170+0000] {dagbag.py:541} INFO - Filling up the DagBag from /usr/local/lib/python3.8/dist-packages/airflow/example_dags/example_latest_only_with_trigger.py
[2023-06-14T14:29:44.177+0000] {processor.py:836} INFO - DAG(s) dict_keys(['latest_only_with_trigger']) retrieved from /usr/local/lib/python3.8/dist-packages/airflow/example_dags/example_latest_only_with_trigger.py
[2023-06-14T14:29:44.199+0000] {logging_mixin.py:149} INFO - [2023-06-14T14:29:44.198+0000] {dag.py:2726} INFO - Sync 1 DAGs
[2023-06-14T14:29:44.219+0000] {logging_mixin.py:149} INFO - [2023-06-14T14:29:44.218+0000] {dag.py:3486} INFO - Setting next_dagrun for latest_only_with_trigger to 2023-06-14T10:29:44.218629+00:00, run_after=2023-06-14T14:29:44.218629+00:00
[2023-06-14T14:29:44.248+0000] {processor.py:179} INFO - Processing /usr/local/lib/python3.8/dist-packages/airflow/example_dags/example_latest_only_with_trigger.py took 0.085 seconds
[2023-06-14T14:30:42.320+0000] {processor.py:157} INFO - Started process (PID=6164) to work on /usr/local/lib/python3.8/dist-packages/airflow/example_dags/example_latest_only_with_trigger.py
[2023-06-14T14:30:42.321+0000] {processor.py:826} INFO - Processing file /usr/local/lib/python3.8/dist-packages/airflow/example_dags/example_latest_only_with_trigger.py for tasks to queue
[2023-06-14T14:30:42.324+0000] {logging_mixin.py:149} INFO - [2023-06-14T14:30:42.323+0000] {dagbag.py:541} INFO - Filling up the DagBag from /usr/local/lib/python3.8/dist-packages/airflow/example_dags/example_latest_only_with_trigger.py
[2023-06-14T14:30:42.330+0000] {processor.py:836} INFO - DAG(s) dict_keys(['latest_only_with_trigger']) retrieved from /usr/local/lib/python3.8/dist-packages/airflow/example_dags/example_latest_only_with_trigger.py
[2023-06-14T14:30:42.351+0000] {logging_mixin.py:149} INFO - [2023-06-14T14:30:42.350+0000] {dag.py:2726} INFO - Sync 1 DAGs
[2023-06-14T14:30:42.370+0000] {logging_mixin.py:149} INFO - [2023-06-14T14:30:42.370+0000] {dag.py:3486} INFO - Setting next_dagrun for latest_only_with_trigger to 2023-06-14T10:30:42.370001+00:00, run_after=2023-06-14T14:30:42.370001+00:00
[2023-06-14T14:30:42.397+0000] {processor.py:179} INFO - Processing /usr/local/lib/python3.8/dist-packages/airflow/example_dags/example_latest_only_with_trigger.py took 0.080 seconds
[2023-06-14T14:31:35.047+0000] {processor.py:157} INFO - Started process (PID=6319) to work on /usr/local/lib/python3.8/dist-packages/airflow/example_dags/example_latest_only_with_trigger.py
[2023-06-14T14:31:35.048+0000] {processor.py:826} INFO - Processing file /usr/local/lib/python3.8/dist-packages/airflow/example_dags/example_latest_only_with_trigger.py for tasks to queue
[2023-06-14T14:31:35.051+0000] {logging_mixin.py:149} INFO - [2023-06-14T14:31:35.051+0000] {dagbag.py:541} INFO - Filling up the DagBag from /usr/local/lib/python3.8/dist-packages/airflow/example_dags/example_latest_only_with_trigger.py
[2023-06-14T14:31:35.057+0000] {processor.py:836} INFO - DAG(s) dict_keys(['latest_only_with_trigger']) retrieved from /usr/local/lib/python3.8/dist-packages/airflow/example_dags/example_latest_only_with_trigger.py
[2023-06-14T14:31:35.089+0000] {logging_mixin.py:149} INFO - [2023-06-14T14:31:35.089+0000] {dag.py:2726} INFO - Sync 1 DAGs
[2023-06-14T14:31:35.110+0000] {logging_mixin.py:149} INFO - [2023-06-14T14:31:35.110+0000] {dag.py:3486} INFO - Setting next_dagrun for latest_only_with_trigger to 2023-06-14T10:31:35.109794+00:00, run_after=2023-06-14T14:31:35.109794+00:00
[2023-06-14T14:31:35.136+0000] {processor.py:179} INFO - Processing /usr/local/lib/python3.8/dist-packages/airflow/example_dags/example_latest_only_with_trigger.py took 0.093 seconds
[2023-06-14T14:32:26.799+0000] {processor.py:157} INFO - Started process (PID=6482) to work on /usr/local/lib/python3.8/dist-packages/airflow/example_dags/example_latest_only_with_trigger.py
[2023-06-14T14:32:26.800+0000] {processor.py:826} INFO - Processing file /usr/local/lib/python3.8/dist-packages/airflow/example_dags/example_latest_only_with_trigger.py for tasks to queue
[2023-06-14T14:32:26.803+0000] {logging_mixin.py:149} INFO - [2023-06-14T14:32:26.802+0000] {dagbag.py:541} INFO - Filling up the DagBag from /usr/local/lib/python3.8/dist-packages/airflow/example_dags/example_latest_only_with_trigger.py
[2023-06-14T14:32:26.809+0000] {processor.py:836} INFO - DAG(s) dict_keys(['latest_only_with_trigger']) retrieved from /usr/local/lib/python3.8/dist-packages/airflow/example_dags/example_latest_only_with_trigger.py
[2023-06-14T14:32:26.830+0000] {logging_mixin.py:149} INFO - [2023-06-14T14:32:26.830+0000] {dag.py:2726} INFO - Sync 1 DAGs
[2023-06-14T14:32:26.850+0000] {logging_mixin.py:149} INFO - [2023-06-14T14:32:26.850+0000] {dag.py:3486} INFO - Setting next_dagrun for latest_only_with_trigger to 2023-06-14T10:32:26.850369+00:00, run_after=2023-06-14T14:32:26.850369+00:00
[2023-06-14T14:32:26.878+0000] {processor.py:179} INFO - Processing /usr/local/lib/python3.8/dist-packages/airflow/example_dags/example_latest_only_with_trigger.py took 0.083 seconds
[2023-06-14T14:33:14.995+0000] {processor.py:157} INFO - Started process (PID=6636) to work on /usr/local/lib/python3.8/dist-packages/airflow/example_dags/example_latest_only_with_trigger.py
[2023-06-14T14:33:14.996+0000] {processor.py:826} INFO - Processing file /usr/local/lib/python3.8/dist-packages/airflow/example_dags/example_latest_only_with_trigger.py for tasks to queue
[2023-06-14T14:33:14.998+0000] {logging_mixin.py:149} INFO - [2023-06-14T14:33:14.998+0000] {dagbag.py:541} INFO - Filling up the DagBag from /usr/local/lib/python3.8/dist-packages/airflow/example_dags/example_latest_only_with_trigger.py
[2023-06-14T14:33:15.004+0000] {processor.py:836} INFO - DAG(s) dict_keys(['latest_only_with_trigger']) retrieved from /usr/local/lib/python3.8/dist-packages/airflow/example_dags/example_latest_only_with_trigger.py
[2023-06-14T14:33:15.026+0000] {logging_mixin.py:149} INFO - [2023-06-14T14:33:15.025+0000] {dag.py:2726} INFO - Sync 1 DAGs
[2023-06-14T14:33:15.045+0000] {logging_mixin.py:149} INFO - [2023-06-14T14:33:15.045+0000] {dag.py:3486} INFO - Setting next_dagrun for latest_only_with_trigger to 2023-06-14T10:33:15.045468+00:00, run_after=2023-06-14T14:33:15.045468+00:00
[2023-06-14T14:33:15.073+0000] {processor.py:179} INFO - Processing /usr/local/lib/python3.8/dist-packages/airflow/example_dags/example_latest_only_with_trigger.py took 0.082 seconds
[2023-06-14T14:34:08.397+0000] {processor.py:157} INFO - Started process (PID=6893) to work on /usr/local/lib/python3.8/dist-packages/airflow/example_dags/example_latest_only_with_trigger.py
[2023-06-14T14:34:08.399+0000] {processor.py:826} INFO - Processing file /usr/local/lib/python3.8/dist-packages/airflow/example_dags/example_latest_only_with_trigger.py for tasks to queue
[2023-06-14T14:34:08.402+0000] {logging_mixin.py:149} INFO - [2023-06-14T14:34:08.401+0000] {dagbag.py:541} INFO - Filling up the DagBag from /usr/local/lib/python3.8/dist-packages/airflow/example_dags/example_latest_only_with_trigger.py
[2023-06-14T14:34:08.407+0000] {processor.py:836} INFO - DAG(s) dict_keys(['latest_only_with_trigger']) retrieved from /usr/local/lib/python3.8/dist-packages/airflow/example_dags/example_latest_only_with_trigger.py
[2023-06-14T14:34:08.429+0000] {logging_mixin.py:149} INFO - [2023-06-14T14:34:08.429+0000] {dag.py:2726} INFO - Sync 1 DAGs
[2023-06-14T14:34:08.449+0000] {logging_mixin.py:149} INFO - [2023-06-14T14:34:08.449+0000] {dag.py:3486} INFO - Setting next_dagrun for latest_only_with_trigger to 2023-06-14T10:34:08.449281+00:00, run_after=2023-06-14T14:34:08.449281+00:00
[2023-06-14T14:34:08.478+0000] {processor.py:179} INFO - Processing /usr/local/lib/python3.8/dist-packages/airflow/example_dags/example_latest_only_with_trigger.py took 0.085 seconds
[2023-06-14T14:35:03.012+0000] {processor.py:157} INFO - Started process (PID=7054) to work on /usr/local/lib/python3.8/dist-packages/airflow/example_dags/example_latest_only_with_trigger.py
[2023-06-14T14:35:03.014+0000] {processor.py:826} INFO - Processing file /usr/local/lib/python3.8/dist-packages/airflow/example_dags/example_latest_only_with_trigger.py for tasks to queue
[2023-06-14T14:35:03.017+0000] {logging_mixin.py:149} INFO - [2023-06-14T14:35:03.016+0000] {dagbag.py:541} INFO - Filling up the DagBag from /usr/local/lib/python3.8/dist-packages/airflow/example_dags/example_latest_only_with_trigger.py
[2023-06-14T14:35:03.023+0000] {processor.py:836} INFO - DAG(s) dict_keys(['latest_only_with_trigger']) retrieved from /usr/local/lib/python3.8/dist-packages/airflow/example_dags/example_latest_only_with_trigger.py
[2023-06-14T14:35:03.044+0000] {logging_mixin.py:149} INFO - [2023-06-14T14:35:03.044+0000] {dag.py:2726} INFO - Sync 1 DAGs
[2023-06-14T14:35:03.064+0000] {logging_mixin.py:149} INFO - [2023-06-14T14:35:03.064+0000] {dag.py:3486} INFO - Setting next_dagrun for latest_only_with_trigger to 2023-06-14T10:35:03.064368+00:00, run_after=2023-06-14T14:35:03.064368+00:00
[2023-06-14T14:35:03.090+0000] {processor.py:179} INFO - Processing /usr/local/lib/python3.8/dist-packages/airflow/example_dags/example_latest_only_with_trigger.py took 0.082 seconds
[2023-06-14T14:35:53.939+0000] {processor.py:157} INFO - Started process (PID=7212) to work on /usr/local/lib/python3.8/dist-packages/airflow/example_dags/example_latest_only_with_trigger.py
[2023-06-14T14:35:53.941+0000] {processor.py:826} INFO - Processing file /usr/local/lib/python3.8/dist-packages/airflow/example_dags/example_latest_only_with_trigger.py for tasks to queue
[2023-06-14T14:35:53.943+0000] {logging_mixin.py:149} INFO - [2023-06-14T14:35:53.943+0000] {dagbag.py:541} INFO - Filling up the DagBag from /usr/local/lib/python3.8/dist-packages/airflow/example_dags/example_latest_only_with_trigger.py
[2023-06-14T14:35:53.949+0000] {processor.py:836} INFO - DAG(s) dict_keys(['latest_only_with_trigger']) retrieved from /usr/local/lib/python3.8/dist-packages/airflow/example_dags/example_latest_only_with_trigger.py
[2023-06-14T14:35:53.970+0000] {logging_mixin.py:149} INFO - [2023-06-14T14:35:53.970+0000] {dag.py:2726} INFO - Sync 1 DAGs
[2023-06-14T14:35:53.991+0000] {logging_mixin.py:149} INFO - [2023-06-14T14:35:53.991+0000] {dag.py:3486} INFO - Setting next_dagrun for latest_only_with_trigger to 2023-06-14T10:35:53.991236+00:00, run_after=2023-06-14T14:35:53.991236+00:00
[2023-06-14T14:35:54.018+0000] {processor.py:179} INFO - Processing /usr/local/lib/python3.8/dist-packages/airflow/example_dags/example_latest_only_with_trigger.py took 0.084 seconds
[2023-06-14T14:36:45.755+0000] {processor.py:157} INFO - Started process (PID=7264) to work on /usr/local/lib/python3.8/dist-packages/airflow/example_dags/example_latest_only_with_trigger.py
[2023-06-14T14:36:45.756+0000] {processor.py:826} INFO - Processing file /usr/local/lib/python3.8/dist-packages/airflow/example_dags/example_latest_only_with_trigger.py for tasks to queue
[2023-06-14T14:36:45.759+0000] {logging_mixin.py:149} INFO - [2023-06-14T14:36:45.759+0000] {dagbag.py:541} INFO - Filling up the DagBag from /usr/local/lib/python3.8/dist-packages/airflow/example_dags/example_latest_only_with_trigger.py
[2023-06-14T14:36:45.765+0000] {processor.py:836} INFO - DAG(s) dict_keys(['latest_only_with_trigger']) retrieved from /usr/local/lib/python3.8/dist-packages/airflow/example_dags/example_latest_only_with_trigger.py
[2023-06-14T14:36:45.786+0000] {logging_mixin.py:149} INFO - [2023-06-14T14:36:45.786+0000] {dag.py:2726} INFO - Sync 1 DAGs
[2023-06-14T14:36:45.806+0000] {logging_mixin.py:149} INFO - [2023-06-14T14:36:45.806+0000] {dag.py:3486} INFO - Setting next_dagrun for latest_only_with_trigger to 2023-06-14T10:36:45.806051+00:00, run_after=2023-06-14T14:36:45.806051+00:00
[2023-06-14T14:36:45.832+0000] {processor.py:179} INFO - Processing /usr/local/lib/python3.8/dist-packages/airflow/example_dags/example_latest_only_with_trigger.py took 0.081 seconds
[2023-06-14T14:37:37.852+0000] {processor.py:157} INFO - Started process (PID=7426) to work on /usr/local/lib/python3.8/dist-packages/airflow/example_dags/example_latest_only_with_trigger.py
[2023-06-14T14:37:37.853+0000] {processor.py:826} INFO - Processing file /usr/local/lib/python3.8/dist-packages/airflow/example_dags/example_latest_only_with_trigger.py for tasks to queue
[2023-06-14T14:37:37.856+0000] {logging_mixin.py:149} INFO - [2023-06-14T14:37:37.855+0000] {dagbag.py:541} INFO - Filling up the DagBag from /usr/local/lib/python3.8/dist-packages/airflow/example_dags/example_latest_only_with_trigger.py
[2023-06-14T14:37:37.862+0000] {processor.py:836} INFO - DAG(s) dict_keys(['latest_only_with_trigger']) retrieved from /usr/local/lib/python3.8/dist-packages/airflow/example_dags/example_latest_only_with_trigger.py
[2023-06-14T14:37:37.883+0000] {logging_mixin.py:149} INFO - [2023-06-14T14:37:37.882+0000] {dag.py:2726} INFO - Sync 1 DAGs
[2023-06-14T14:37:37.903+0000] {logging_mixin.py:149} INFO - [2023-06-14T14:37:37.903+0000] {dag.py:3486} INFO - Setting next_dagrun for latest_only_with_trigger to 2023-06-14T10:37:37.902934+00:00, run_after=2023-06-14T14:37:37.902934+00:00
[2023-06-14T14:37:37.930+0000] {processor.py:179} INFO - Processing /usr/local/lib/python3.8/dist-packages/airflow/example_dags/example_latest_only_with_trigger.py took 0.082 seconds
[2023-06-14T14:38:28.545+0000] {processor.py:157} INFO - Started process (PID=7581) to work on /usr/local/lib/python3.8/dist-packages/airflow/example_dags/example_latest_only_with_trigger.py
[2023-06-14T14:38:28.547+0000] {processor.py:826} INFO - Processing file /usr/local/lib/python3.8/dist-packages/airflow/example_dags/example_latest_only_with_trigger.py for tasks to queue
[2023-06-14T14:38:28.550+0000] {logging_mixin.py:149} INFO - [2023-06-14T14:38:28.550+0000] {dagbag.py:541} INFO - Filling up the DagBag from /usr/local/lib/python3.8/dist-packages/airflow/example_dags/example_latest_only_with_trigger.py
[2023-06-14T14:38:28.556+0000] {processor.py:836} INFO - DAG(s) dict_keys(['latest_only_with_trigger']) retrieved from /usr/local/lib/python3.8/dist-packages/airflow/example_dags/example_latest_only_with_trigger.py
[2023-06-14T14:38:28.577+0000] {logging_mixin.py:149} INFO - [2023-06-14T14:38:28.577+0000] {dag.py:2726} INFO - Sync 1 DAGs
[2023-06-14T14:38:28.598+0000] {logging_mixin.py:149} INFO - [2023-06-14T14:38:28.598+0000] {dag.py:3486} INFO - Setting next_dagrun for latest_only_with_trigger to 2023-06-14T10:38:28.598458+00:00, run_after=2023-06-14T14:38:28.598458+00:00
[2023-06-14T14:38:28.631+0000] {processor.py:179} INFO - Processing /usr/local/lib/python3.8/dist-packages/airflow/example_dags/example_latest_only_with_trigger.py took 0.089 seconds
[2023-06-14T14:39:16.536+0000] {processor.py:157} INFO - Started process (PID=7733) to work on /usr/local/lib/python3.8/dist-packages/airflow/example_dags/example_latest_only_with_trigger.py
[2023-06-14T14:39:16.537+0000] {processor.py:826} INFO - Processing file /usr/local/lib/python3.8/dist-packages/airflow/example_dags/example_latest_only_with_trigger.py for tasks to queue
[2023-06-14T14:39:16.540+0000] {logging_mixin.py:149} INFO - [2023-06-14T14:39:16.540+0000] {dagbag.py:541} INFO - Filling up the DagBag from /usr/local/lib/python3.8/dist-packages/airflow/example_dags/example_latest_only_with_trigger.py
[2023-06-14T14:39:16.546+0000] {processor.py:836} INFO - DAG(s) dict_keys(['latest_only_with_trigger']) retrieved from /usr/local/lib/python3.8/dist-packages/airflow/example_dags/example_latest_only_with_trigger.py
[2023-06-14T14:39:16.568+0000] {logging_mixin.py:149} INFO - [2023-06-14T14:39:16.567+0000] {dag.py:2726} INFO - Sync 1 DAGs
[2023-06-14T14:39:16.588+0000] {logging_mixin.py:149} INFO - [2023-06-14T14:39:16.588+0000] {dag.py:3486} INFO - Setting next_dagrun for latest_only_with_trigger to 2023-06-14T10:39:16.588201+00:00, run_after=2023-06-14T14:39:16.588201+00:00
[2023-06-14T14:39:16.618+0000] {processor.py:179} INFO - Processing /usr/local/lib/python3.8/dist-packages/airflow/example_dags/example_latest_only_with_trigger.py took 0.086 seconds
[2023-06-14T14:40:07.257+0000] {processor.py:157} INFO - Started process (PID=7887) to work on /usr/local/lib/python3.8/dist-packages/airflow/example_dags/example_latest_only_with_trigger.py
[2023-06-14T14:40:07.258+0000] {processor.py:826} INFO - Processing file /usr/local/lib/python3.8/dist-packages/airflow/example_dags/example_latest_only_with_trigger.py for tasks to queue
[2023-06-14T14:40:07.261+0000] {logging_mixin.py:149} INFO - [2023-06-14T14:40:07.261+0000] {dagbag.py:541} INFO - Filling up the DagBag from /usr/local/lib/python3.8/dist-packages/airflow/example_dags/example_latest_only_with_trigger.py
[2023-06-14T14:40:07.266+0000] {processor.py:836} INFO - DAG(s) dict_keys(['latest_only_with_trigger']) retrieved from /usr/local/lib/python3.8/dist-packages/airflow/example_dags/example_latest_only_with_trigger.py
[2023-06-14T14:40:07.288+0000] {logging_mixin.py:149} INFO - [2023-06-14T14:40:07.287+0000] {dag.py:2726} INFO - Sync 1 DAGs
[2023-06-14T14:40:07.308+0000] {logging_mixin.py:149} INFO - [2023-06-14T14:40:07.308+0000] {dag.py:3486} INFO - Setting next_dagrun for latest_only_with_trigger to 2023-06-14T10:40:07.307708+00:00, run_after=2023-06-14T14:40:07.307708+00:00
[2023-06-14T14:40:07.334+0000] {processor.py:179} INFO - Processing /usr/local/lib/python3.8/dist-packages/airflow/example_dags/example_latest_only_with_trigger.py took 0.081 seconds
[2023-06-14T14:41:02.362+0000] {processor.py:157} INFO - Started process (PID=8045) to work on /usr/local/lib/python3.8/dist-packages/airflow/example_dags/example_latest_only_with_trigger.py
[2023-06-14T14:41:02.364+0000] {processor.py:826} INFO - Processing file /usr/local/lib/python3.8/dist-packages/airflow/example_dags/example_latest_only_with_trigger.py for tasks to queue
[2023-06-14T14:41:02.367+0000] {logging_mixin.py:149} INFO - [2023-06-14T14:41:02.367+0000] {dagbag.py:541} INFO - Filling up the DagBag from /usr/local/lib/python3.8/dist-packages/airflow/example_dags/example_latest_only_with_trigger.py
[2023-06-14T14:41:02.373+0000] {processor.py:836} INFO - DAG(s) dict_keys(['latest_only_with_trigger']) retrieved from /usr/local/lib/python3.8/dist-packages/airflow/example_dags/example_latest_only_with_trigger.py
[2023-06-14T14:41:02.394+0000] {logging_mixin.py:149} INFO - [2023-06-14T14:41:02.394+0000] {dag.py:2726} INFO - Sync 1 DAGs
[2023-06-14T14:41:02.416+0000] {logging_mixin.py:149} INFO - [2023-06-14T14:41:02.415+0000] {dag.py:3486} INFO - Setting next_dagrun for latest_only_with_trigger to 2023-06-14T10:41:02.415571+00:00, run_after=2023-06-14T14:41:02.415571+00:00
[2023-06-14T14:41:02.443+0000] {processor.py:179} INFO - Processing /usr/local/lib/python3.8/dist-packages/airflow/example_dags/example_latest_only_with_trigger.py took 0.085 seconds
[2023-06-14T14:41:56.296+0000] {processor.py:157} INFO - Started process (PID=8202) to work on /usr/local/lib/python3.8/dist-packages/airflow/example_dags/example_latest_only_with_trigger.py
[2023-06-14T14:41:56.297+0000] {processor.py:826} INFO - Processing file /usr/local/lib/python3.8/dist-packages/airflow/example_dags/example_latest_only_with_trigger.py for tasks to queue
[2023-06-14T14:41:56.300+0000] {logging_mixin.py:149} INFO - [2023-06-14T14:41:56.300+0000] {dagbag.py:541} INFO - Filling up the DagBag from /usr/local/lib/python3.8/dist-packages/airflow/example_dags/example_latest_only_with_trigger.py
[2023-06-14T14:41:56.305+0000] {processor.py:836} INFO - DAG(s) dict_keys(['latest_only_with_trigger']) retrieved from /usr/local/lib/python3.8/dist-packages/airflow/example_dags/example_latest_only_with_trigger.py
[2023-06-14T14:41:56.327+0000] {logging_mixin.py:149} INFO - [2023-06-14T14:41:56.326+0000] {dag.py:2726} INFO - Sync 1 DAGs
[2023-06-14T14:41:56.346+0000] {logging_mixin.py:149} INFO - [2023-06-14T14:41:56.346+0000] {dag.py:3486} INFO - Setting next_dagrun for latest_only_with_trigger to 2023-06-14T10:41:56.346491+00:00, run_after=2023-06-14T14:41:56.346491+00:00
[2023-06-14T14:41:56.376+0000] {processor.py:179} INFO - Processing /usr/local/lib/python3.8/dist-packages/airflow/example_dags/example_latest_only_with_trigger.py took 0.084 seconds
[2023-06-14T14:42:50.548+0000] {processor.py:157} INFO - Started process (PID=8262) to work on /usr/local/lib/python3.8/dist-packages/airflow/example_dags/example_latest_only_with_trigger.py
[2023-06-14T14:42:50.549+0000] {processor.py:826} INFO - Processing file /usr/local/lib/python3.8/dist-packages/airflow/example_dags/example_latest_only_with_trigger.py for tasks to queue
[2023-06-14T14:42:50.552+0000] {logging_mixin.py:149} INFO - [2023-06-14T14:42:50.552+0000] {dagbag.py:541} INFO - Filling up the DagBag from /usr/local/lib/python3.8/dist-packages/airflow/example_dags/example_latest_only_with_trigger.py
[2023-06-14T14:42:50.558+0000] {processor.py:836} INFO - DAG(s) dict_keys(['latest_only_with_trigger']) retrieved from /usr/local/lib/python3.8/dist-packages/airflow/example_dags/example_latest_only_with_trigger.py
[2023-06-14T14:42:50.579+0000] {logging_mixin.py:149} INFO - [2023-06-14T14:42:50.579+0000] {dag.py:2726} INFO - Sync 1 DAGs
[2023-06-14T14:42:50.599+0000] {logging_mixin.py:149} INFO - [2023-06-14T14:42:50.599+0000] {dag.py:3486} INFO - Setting next_dagrun for latest_only_with_trigger to 2023-06-14T10:42:50.599065+00:00, run_after=2023-06-14T14:42:50.599065+00:00
[2023-06-14T14:42:50.626+0000] {processor.py:179} INFO - Processing /usr/local/lib/python3.8/dist-packages/airflow/example_dags/example_latest_only_with_trigger.py took 0.082 seconds
[2023-06-14T14:43:47.221+0000] {processor.py:157} INFO - Started process (PID=8420) to work on /usr/local/lib/python3.8/dist-packages/airflow/example_dags/example_latest_only_with_trigger.py
[2023-06-14T14:43:47.223+0000] {processor.py:826} INFO - Processing file /usr/local/lib/python3.8/dist-packages/airflow/example_dags/example_latest_only_with_trigger.py for tasks to queue
[2023-06-14T14:43:47.226+0000] {logging_mixin.py:149} INFO - [2023-06-14T14:43:47.225+0000] {dagbag.py:541} INFO - Filling up the DagBag from /usr/local/lib/python3.8/dist-packages/airflow/example_dags/example_latest_only_with_trigger.py
[2023-06-14T14:43:47.231+0000] {processor.py:836} INFO - DAG(s) dict_keys(['latest_only_with_trigger']) retrieved from /usr/local/lib/python3.8/dist-packages/airflow/example_dags/example_latest_only_with_trigger.py
[2023-06-14T14:43:47.252+0000] {logging_mixin.py:149} INFO - [2023-06-14T14:43:47.252+0000] {dag.py:2726} INFO - Sync 1 DAGs
[2023-06-14T14:43:47.273+0000] {logging_mixin.py:149} INFO - [2023-06-14T14:43:47.273+0000] {dag.py:3486} INFO - Setting next_dagrun for latest_only_with_trigger to 2023-06-14T10:43:47.272858+00:00, run_after=2023-06-14T14:43:47.272858+00:00
[2023-06-14T14:43:47.299+0000] {processor.py:179} INFO - Processing /usr/local/lib/python3.8/dist-packages/airflow/example_dags/example_latest_only_with_trigger.py took 0.081 seconds
[2023-06-14T14:44:41.000+0000] {processor.py:157} INFO - Started process (PID=8678) to work on /usr/local/lib/python3.8/dist-packages/airflow/example_dags/example_latest_only_with_trigger.py
[2023-06-14T14:44:41.001+0000] {processor.py:826} INFO - Processing file /usr/local/lib/python3.8/dist-packages/airflow/example_dags/example_latest_only_with_trigger.py for tasks to queue
[2023-06-14T14:44:41.004+0000] {logging_mixin.py:149} INFO - [2023-06-14T14:44:41.004+0000] {dagbag.py:541} INFO - Filling up the DagBag from /usr/local/lib/python3.8/dist-packages/airflow/example_dags/example_latest_only_with_trigger.py
[2023-06-14T14:44:41.010+0000] {processor.py:836} INFO - DAG(s) dict_keys(['latest_only_with_trigger']) retrieved from /usr/local/lib/python3.8/dist-packages/airflow/example_dags/example_latest_only_with_trigger.py
[2023-06-14T14:44:41.032+0000] {logging_mixin.py:149} INFO - [2023-06-14T14:44:41.031+0000] {dag.py:2726} INFO - Sync 1 DAGs
[2023-06-14T14:44:41.053+0000] {logging_mixin.py:149} INFO - [2023-06-14T14:44:41.053+0000] {dag.py:3486} INFO - Setting next_dagrun for latest_only_with_trigger to 2023-06-14T10:44:41.053371+00:00, run_after=2023-06-14T14:44:41.053371+00:00
[2023-06-14T14:44:41.083+0000] {processor.py:179} INFO - Processing /usr/local/lib/python3.8/dist-packages/airflow/example_dags/example_latest_only_with_trigger.py took 0.087 seconds
[2023-06-14T14:45:37.761+0000] {processor.py:157} INFO - Started process (PID=8838) to work on /usr/local/lib/python3.8/dist-packages/airflow/example_dags/example_latest_only_with_trigger.py
[2023-06-14T14:45:37.763+0000] {processor.py:826} INFO - Processing file /usr/local/lib/python3.8/dist-packages/airflow/example_dags/example_latest_only_with_trigger.py for tasks to queue
[2023-06-14T14:45:37.766+0000] {logging_mixin.py:149} INFO - [2023-06-14T14:45:37.765+0000] {dagbag.py:541} INFO - Filling up the DagBag from /usr/local/lib/python3.8/dist-packages/airflow/example_dags/example_latest_only_with_trigger.py
[2023-06-14T14:45:37.771+0000] {processor.py:836} INFO - DAG(s) dict_keys(['latest_only_with_trigger']) retrieved from /usr/local/lib/python3.8/dist-packages/airflow/example_dags/example_latest_only_with_trigger.py
[2023-06-14T14:45:37.792+0000] {logging_mixin.py:149} INFO - [2023-06-14T14:45:37.792+0000] {dag.py:2726} INFO - Sync 1 DAGs
[2023-06-14T14:45:37.813+0000] {logging_mixin.py:149} INFO - [2023-06-14T14:45:37.813+0000] {dag.py:3486} INFO - Setting next_dagrun for latest_only_with_trigger to 2023-06-14T10:45:37.813017+00:00, run_after=2023-06-14T14:45:37.813017+00:00
[2023-06-14T14:45:37.843+0000] {processor.py:179} INFO - Processing /usr/local/lib/python3.8/dist-packages/airflow/example_dags/example_latest_only_with_trigger.py took 0.086 seconds
[2023-06-14T14:46:34.047+0000] {processor.py:157} INFO - Started process (PID=9000) to work on /usr/local/lib/python3.8/dist-packages/airflow/example_dags/example_latest_only_with_trigger.py
[2023-06-14T14:46:34.049+0000] {processor.py:826} INFO - Processing file /usr/local/lib/python3.8/dist-packages/airflow/example_dags/example_latest_only_with_trigger.py for tasks to queue
[2023-06-14T14:46:34.052+0000] {logging_mixin.py:149} INFO - [2023-06-14T14:46:34.052+0000] {dagbag.py:541} INFO - Filling up the DagBag from /usr/local/lib/python3.8/dist-packages/airflow/example_dags/example_latest_only_with_trigger.py
[2023-06-14T14:46:34.058+0000] {processor.py:836} INFO - DAG(s) dict_keys(['latest_only_with_trigger']) retrieved from /usr/local/lib/python3.8/dist-packages/airflow/example_dags/example_latest_only_with_trigger.py
[2023-06-14T14:46:34.080+0000] {logging_mixin.py:149} INFO - [2023-06-14T14:46:34.080+0000] {dag.py:2726} INFO - Sync 1 DAGs
[2023-06-14T14:46:34.101+0000] {logging_mixin.py:149} INFO - [2023-06-14T14:46:34.101+0000] {dag.py:3486} INFO - Setting next_dagrun for latest_only_with_trigger to 2023-06-14T10:46:34.101200+00:00, run_after=2023-06-14T14:46:34.101200+00:00
[2023-06-14T14:46:34.128+0000] {processor.py:179} INFO - Processing /usr/local/lib/python3.8/dist-packages/airflow/example_dags/example_latest_only_with_trigger.py took 0.085 seconds
[2023-06-14T14:47:23.384+0000] {processor.py:157} INFO - Started process (PID=9156) to work on /usr/local/lib/python3.8/dist-packages/airflow/example_dags/example_latest_only_with_trigger.py
[2023-06-14T14:47:23.386+0000] {processor.py:826} INFO - Processing file /usr/local/lib/python3.8/dist-packages/airflow/example_dags/example_latest_only_with_trigger.py for tasks to queue
[2023-06-14T14:47:23.389+0000] {logging_mixin.py:149} INFO - [2023-06-14T14:47:23.389+0000] {dagbag.py:541} INFO - Filling up the DagBag from /usr/local/lib/python3.8/dist-packages/airflow/example_dags/example_latest_only_with_trigger.py
[2023-06-14T14:47:23.395+0000] {processor.py:836} INFO - DAG(s) dict_keys(['latest_only_with_trigger']) retrieved from /usr/local/lib/python3.8/dist-packages/airflow/example_dags/example_latest_only_with_trigger.py
[2023-06-14T14:47:23.417+0000] {logging_mixin.py:149} INFO - [2023-06-14T14:47:23.416+0000] {dag.py:2726} INFO - Sync 1 DAGs
[2023-06-14T14:47:23.442+0000] {logging_mixin.py:149} INFO - [2023-06-14T14:47:23.441+0000] {dag.py:3486} INFO - Setting next_dagrun for latest_only_with_trigger to 2023-06-14T10:47:23.441602+00:00, run_after=2023-06-14T14:47:23.441602+00:00
[2023-06-14T14:47:23.471+0000] {processor.py:179} INFO - Processing /usr/local/lib/python3.8/dist-packages/airflow/example_dags/example_latest_only_with_trigger.py took 0.090 seconds
[2023-06-14T14:48:17.106+0000] {processor.py:157} INFO - Started process (PID=9313) to work on /usr/local/lib/python3.8/dist-packages/airflow/example_dags/example_latest_only_with_trigger.py
[2023-06-14T14:48:17.107+0000] {processor.py:826} INFO - Processing file /usr/local/lib/python3.8/dist-packages/airflow/example_dags/example_latest_only_with_trigger.py for tasks to queue
[2023-06-14T14:48:17.109+0000] {logging_mixin.py:149} INFO - [2023-06-14T14:48:17.109+0000] {dagbag.py:541} INFO - Filling up the DagBag from /usr/local/lib/python3.8/dist-packages/airflow/example_dags/example_latest_only_with_trigger.py
[2023-06-14T14:48:17.115+0000] {processor.py:836} INFO - DAG(s) dict_keys(['latest_only_with_trigger']) retrieved from /usr/local/lib/python3.8/dist-packages/airflow/example_dags/example_latest_only_with_trigger.py
[2023-06-14T14:48:17.137+0000] {logging_mixin.py:149} INFO - [2023-06-14T14:48:17.137+0000] {dag.py:2726} INFO - Sync 1 DAGs
[2023-06-14T14:48:17.157+0000] {logging_mixin.py:149} INFO - [2023-06-14T14:48:17.157+0000] {dag.py:3486} INFO - Setting next_dagrun for latest_only_with_trigger to 2023-06-14T10:48:17.157169+00:00, run_after=2023-06-14T14:48:17.157169+00:00
[2023-06-14T14:48:17.185+0000] {processor.py:179} INFO - Processing /usr/local/lib/python3.8/dist-packages/airflow/example_dags/example_latest_only_with_trigger.py took 0.083 seconds
[2023-06-14T14:49:12.786+0000] {processor.py:157} INFO - Started process (PID=9573) to work on /usr/local/lib/python3.8/dist-packages/airflow/example_dags/example_latest_only_with_trigger.py
[2023-06-14T14:49:12.788+0000] {processor.py:826} INFO - Processing file /usr/local/lib/python3.8/dist-packages/airflow/example_dags/example_latest_only_with_trigger.py for tasks to queue
[2023-06-14T14:49:12.791+0000] {logging_mixin.py:149} INFO - [2023-06-14T14:49:12.790+0000] {dagbag.py:541} INFO - Filling up the DagBag from /usr/local/lib/python3.8/dist-packages/airflow/example_dags/example_latest_only_with_trigger.py
[2023-06-14T14:49:12.797+0000] {processor.py:836} INFO - DAG(s) dict_keys(['latest_only_with_trigger']) retrieved from /usr/local/lib/python3.8/dist-packages/airflow/example_dags/example_latest_only_with_trigger.py
[2023-06-14T14:49:12.819+0000] {logging_mixin.py:149} INFO - [2023-06-14T14:49:12.818+0000] {dag.py:2726} INFO - Sync 1 DAGs
[2023-06-14T14:49:12.840+0000] {logging_mixin.py:149} INFO - [2023-06-14T14:49:12.839+0000] {dag.py:3486} INFO - Setting next_dagrun for latest_only_with_trigger to 2023-06-14T10:49:12.839588+00:00, run_after=2023-06-14T14:49:12.839588+00:00
[2023-06-14T14:49:12.867+0000] {processor.py:179} INFO - Processing /usr/local/lib/python3.8/dist-packages/airflow/example_dags/example_latest_only_with_trigger.py took 0.085 seconds
[2023-06-14T14:50:09.353+0000] {processor.py:157} INFO - Started process (PID=9732) to work on /usr/local/lib/python3.8/dist-packages/airflow/example_dags/example_latest_only_with_trigger.py
[2023-06-14T14:50:09.354+0000] {processor.py:826} INFO - Processing file /usr/local/lib/python3.8/dist-packages/airflow/example_dags/example_latest_only_with_trigger.py for tasks to queue
[2023-06-14T14:50:09.357+0000] {logging_mixin.py:149} INFO - [2023-06-14T14:50:09.357+0000] {dagbag.py:541} INFO - Filling up the DagBag from /usr/local/lib/python3.8/dist-packages/airflow/example_dags/example_latest_only_with_trigger.py
[2023-06-14T14:50:09.363+0000] {processor.py:836} INFO - DAG(s) dict_keys(['latest_only_with_trigger']) retrieved from /usr/local/lib/python3.8/dist-packages/airflow/example_dags/example_latest_only_with_trigger.py
[2023-06-14T14:50:09.386+0000] {logging_mixin.py:149} INFO - [2023-06-14T14:50:09.385+0000] {dag.py:2726} INFO - Sync 1 DAGs
[2023-06-14T14:50:09.407+0000] {logging_mixin.py:149} INFO - [2023-06-14T14:50:09.407+0000] {dag.py:3486} INFO - Setting next_dagrun for latest_only_with_trigger to 2023-06-14T10:50:09.406894+00:00, run_after=2023-06-14T14:50:09.406894+00:00
[2023-06-14T14:50:09.442+0000] {processor.py:179} INFO - Processing /usr/local/lib/python3.8/dist-packages/airflow/example_dags/example_latest_only_with_trigger.py took 0.094 seconds
[2023-06-14T14:51:00.902+0000] {processor.py:157} INFO - Started process (PID=9887) to work on /usr/local/lib/python3.8/dist-packages/airflow/example_dags/example_latest_only_with_trigger.py
[2023-06-14T14:51:00.903+0000] {processor.py:826} INFO - Processing file /usr/local/lib/python3.8/dist-packages/airflow/example_dags/example_latest_only_with_trigger.py for tasks to queue
[2023-06-14T14:51:00.906+0000] {logging_mixin.py:149} INFO - [2023-06-14T14:51:00.906+0000] {dagbag.py:541} INFO - Filling up the DagBag from /usr/local/lib/python3.8/dist-packages/airflow/example_dags/example_latest_only_with_trigger.py
[2023-06-14T14:51:00.912+0000] {processor.py:836} INFO - DAG(s) dict_keys(['latest_only_with_trigger']) retrieved from /usr/local/lib/python3.8/dist-packages/airflow/example_dags/example_latest_only_with_trigger.py
[2023-06-14T14:51:00.934+0000] {logging_mixin.py:149} INFO - [2023-06-14T14:51:00.934+0000] {dag.py:2726} INFO - Sync 1 DAGs
[2023-06-14T14:51:00.955+0000] {logging_mixin.py:149} INFO - [2023-06-14T14:51:00.955+0000] {dag.py:3486} INFO - Setting next_dagrun for latest_only_with_trigger to 2023-06-14T10:51:00.955346+00:00, run_after=2023-06-14T14:51:00.955346+00:00
[2023-06-14T14:51:00.981+0000] {processor.py:179} INFO - Processing /usr/local/lib/python3.8/dist-packages/airflow/example_dags/example_latest_only_with_trigger.py took 0.083 seconds
[2023-06-14T14:51:48.465+0000] {processor.py:157} INFO - Started process (PID=9939) to work on /usr/local/lib/python3.8/dist-packages/airflow/example_dags/example_latest_only_with_trigger.py
[2023-06-14T14:51:48.466+0000] {processor.py:826} INFO - Processing file /usr/local/lib/python3.8/dist-packages/airflow/example_dags/example_latest_only_with_trigger.py for tasks to queue
[2023-06-14T14:51:48.469+0000] {logging_mixin.py:149} INFO - [2023-06-14T14:51:48.469+0000] {dagbag.py:541} INFO - Filling up the DagBag from /usr/local/lib/python3.8/dist-packages/airflow/example_dags/example_latest_only_with_trigger.py
[2023-06-14T14:51:48.475+0000] {processor.py:836} INFO - DAG(s) dict_keys(['latest_only_with_trigger']) retrieved from /usr/local/lib/python3.8/dist-packages/airflow/example_dags/example_latest_only_with_trigger.py
[2023-06-14T14:51:48.502+0000] {logging_mixin.py:149} INFO - [2023-06-14T14:51:48.501+0000] {dag.py:2726} INFO - Sync 1 DAGs
[2023-06-14T14:51:48.522+0000] {logging_mixin.py:149} INFO - [2023-06-14T14:51:48.522+0000] {dag.py:3486} INFO - Setting next_dagrun for latest_only_with_trigger to 2023-06-14T10:51:48.521877+00:00, run_after=2023-06-14T14:51:48.521877+00:00
[2023-06-14T14:51:48.550+0000] {processor.py:179} INFO - Processing /usr/local/lib/python3.8/dist-packages/airflow/example_dags/example_latest_only_with_trigger.py took 0.089 seconds
[2023-06-14T14:52:38.719+0000] {processor.py:157} INFO - Started process (PID=10097) to work on /usr/local/lib/python3.8/dist-packages/airflow/example_dags/example_latest_only_with_trigger.py
[2023-06-14T14:52:38.720+0000] {processor.py:826} INFO - Processing file /usr/local/lib/python3.8/dist-packages/airflow/example_dags/example_latest_only_with_trigger.py for tasks to queue
[2023-06-14T14:52:38.722+0000] {logging_mixin.py:149} INFO - [2023-06-14T14:52:38.722+0000] {dagbag.py:541} INFO - Filling up the DagBag from /usr/local/lib/python3.8/dist-packages/airflow/example_dags/example_latest_only_with_trigger.py
[2023-06-14T14:52:38.729+0000] {processor.py:836} INFO - DAG(s) dict_keys(['latest_only_with_trigger']) retrieved from /usr/local/lib/python3.8/dist-packages/airflow/example_dags/example_latest_only_with_trigger.py
[2023-06-14T14:52:38.751+0000] {logging_mixin.py:149} INFO - [2023-06-14T14:52:38.751+0000] {dag.py:2726} INFO - Sync 1 DAGs
[2023-06-14T14:52:38.772+0000] {logging_mixin.py:149} INFO - [2023-06-14T14:52:38.772+0000] {dag.py:3486} INFO - Setting next_dagrun for latest_only_with_trigger to 2023-06-14T10:52:38.772102+00:00, run_after=2023-06-14T14:52:38.772102+00:00
[2023-06-14T14:52:38.802+0000] {processor.py:179} INFO - Processing /usr/local/lib/python3.8/dist-packages/airflow/example_dags/example_latest_only_with_trigger.py took 0.088 seconds
[2023-06-14T14:53:30.312+0000] {processor.py:157} INFO - Started process (PID=10252) to work on /usr/local/lib/python3.8/dist-packages/airflow/example_dags/example_latest_only_with_trigger.py
[2023-06-14T14:53:30.313+0000] {processor.py:826} INFO - Processing file /usr/local/lib/python3.8/dist-packages/airflow/example_dags/example_latest_only_with_trigger.py for tasks to queue
[2023-06-14T14:53:30.315+0000] {logging_mixin.py:149} INFO - [2023-06-14T14:53:30.315+0000] {dagbag.py:541} INFO - Filling up the DagBag from /usr/local/lib/python3.8/dist-packages/airflow/example_dags/example_latest_only_with_trigger.py
[2023-06-14T14:53:30.322+0000] {processor.py:836} INFO - DAG(s) dict_keys(['latest_only_with_trigger']) retrieved from /usr/local/lib/python3.8/dist-packages/airflow/example_dags/example_latest_only_with_trigger.py
[2023-06-14T14:53:30.344+0000] {logging_mixin.py:149} INFO - [2023-06-14T14:53:30.343+0000] {dag.py:2726} INFO - Sync 1 DAGs
[2023-06-14T14:53:30.364+0000] {logging_mixin.py:149} INFO - [2023-06-14T14:53:30.364+0000] {dag.py:3486} INFO - Setting next_dagrun for latest_only_with_trigger to 2023-06-14T10:53:30.364280+00:00, run_after=2023-06-14T14:53:30.364280+00:00
[2023-06-14T14:53:30.397+0000] {processor.py:179} INFO - Processing /usr/local/lib/python3.8/dist-packages/airflow/example_dags/example_latest_only_with_trigger.py took 0.089 seconds
[2023-06-14T14:54:25.686+0000] {processor.py:157} INFO - Started process (PID=10514) to work on /usr/local/lib/python3.8/dist-packages/airflow/example_dags/example_latest_only_with_trigger.py
[2023-06-14T14:54:25.687+0000] {processor.py:826} INFO - Processing file /usr/local/lib/python3.8/dist-packages/airflow/example_dags/example_latest_only_with_trigger.py for tasks to queue
[2023-06-14T14:54:25.690+0000] {logging_mixin.py:149} INFO - [2023-06-14T14:54:25.690+0000] {dagbag.py:541} INFO - Filling up the DagBag from /usr/local/lib/python3.8/dist-packages/airflow/example_dags/example_latest_only_with_trigger.py
[2023-06-14T14:54:25.696+0000] {processor.py:836} INFO - DAG(s) dict_keys(['latest_only_with_trigger']) retrieved from /usr/local/lib/python3.8/dist-packages/airflow/example_dags/example_latest_only_with_trigger.py
[2023-06-14T14:54:25.718+0000] {logging_mixin.py:149} INFO - [2023-06-14T14:54:25.717+0000] {dag.py:2726} INFO - Sync 1 DAGs
[2023-06-14T14:54:25.738+0000] {logging_mixin.py:149} INFO - [2023-06-14T14:54:25.738+0000] {dag.py:3486} INFO - Setting next_dagrun for latest_only_with_trigger to 2023-06-14T10:54:25.738226+00:00, run_after=2023-06-14T14:54:25.738226+00:00
[2023-06-14T14:54:25.765+0000] {processor.py:179} INFO - Processing /usr/local/lib/python3.8/dist-packages/airflow/example_dags/example_latest_only_with_trigger.py took 0.083 seconds
[2023-06-14T14:55:17.443+0000] {processor.py:157} INFO - Started process (PID=10771) to work on /usr/local/lib/python3.8/dist-packages/airflow/example_dags/example_latest_only_with_trigger.py
[2023-06-14T14:55:17.444+0000] {processor.py:826} INFO - Processing file /usr/local/lib/python3.8/dist-packages/airflow/example_dags/example_latest_only_with_trigger.py for tasks to queue
[2023-06-14T14:55:17.448+0000] {logging_mixin.py:149} INFO - [2023-06-14T14:55:17.447+0000] {dagbag.py:541} INFO - Filling up the DagBag from /usr/local/lib/python3.8/dist-packages/airflow/example_dags/example_latest_only_with_trigger.py
[2023-06-14T14:55:17.453+0000] {processor.py:836} INFO - DAG(s) dict_keys(['latest_only_with_trigger']) retrieved from /usr/local/lib/python3.8/dist-packages/airflow/example_dags/example_latest_only_with_trigger.py
[2023-06-14T14:55:17.475+0000] {logging_mixin.py:149} INFO - [2023-06-14T14:55:17.475+0000] {dag.py:2726} INFO - Sync 1 DAGs
[2023-06-14T14:55:17.498+0000] {logging_mixin.py:149} INFO - [2023-06-14T14:55:17.498+0000] {dag.py:3486} INFO - Setting next_dagrun for latest_only_with_trigger to 2023-06-14T10:55:17.498125+00:00, run_after=2023-06-14T14:55:17.498125+00:00
[2023-06-14T14:55:17.528+0000] {processor.py:179} INFO - Processing /usr/local/lib/python3.8/dist-packages/airflow/example_dags/example_latest_only_with_trigger.py took 0.089 seconds
[2023-06-14T14:56:10.768+0000] {processor.py:157} INFO - Started process (PID=10929) to work on /usr/local/lib/python3.8/dist-packages/airflow/example_dags/example_latest_only_with_trigger.py
[2023-06-14T14:56:10.769+0000] {processor.py:826} INFO - Processing file /usr/local/lib/python3.8/dist-packages/airflow/example_dags/example_latest_only_with_trigger.py for tasks to queue
[2023-06-14T14:56:10.772+0000] {logging_mixin.py:149} INFO - [2023-06-14T14:56:10.772+0000] {dagbag.py:541} INFO - Filling up the DagBag from /usr/local/lib/python3.8/dist-packages/airflow/example_dags/example_latest_only_with_trigger.py
[2023-06-14T14:56:10.778+0000] {processor.py:836} INFO - DAG(s) dict_keys(['latest_only_with_trigger']) retrieved from /usr/local/lib/python3.8/dist-packages/airflow/example_dags/example_latest_only_with_trigger.py
[2023-06-14T14:56:10.800+0000] {logging_mixin.py:149} INFO - [2023-06-14T14:56:10.799+0000] {dag.py:2726} INFO - Sync 1 DAGs
[2023-06-14T14:56:10.820+0000] {logging_mixin.py:149} INFO - [2023-06-14T14:56:10.820+0000] {dag.py:3486} INFO - Setting next_dagrun for latest_only_with_trigger to 2023-06-14T10:56:10.819984+00:00, run_after=2023-06-14T14:56:10.819984+00:00
[2023-06-14T14:56:10.848+0000] {processor.py:179} INFO - Processing /usr/local/lib/python3.8/dist-packages/airflow/example_dags/example_latest_only_with_trigger.py took 0.083 seconds
[2023-06-14T14:57:01.908+0000] {processor.py:157} INFO - Started process (PID=11086) to work on /usr/local/lib/python3.8/dist-packages/airflow/example_dags/example_latest_only_with_trigger.py
[2023-06-14T14:57:01.909+0000] {processor.py:826} INFO - Processing file /usr/local/lib/python3.8/dist-packages/airflow/example_dags/example_latest_only_with_trigger.py for tasks to queue
[2023-06-14T14:57:01.912+0000] {logging_mixin.py:149} INFO - [2023-06-14T14:57:01.912+0000] {dagbag.py:541} INFO - Filling up the DagBag from /usr/local/lib/python3.8/dist-packages/airflow/example_dags/example_latest_only_with_trigger.py
[2023-06-14T14:57:01.920+0000] {processor.py:836} INFO - DAG(s) dict_keys(['latest_only_with_trigger']) retrieved from /usr/local/lib/python3.8/dist-packages/airflow/example_dags/example_latest_only_with_trigger.py
[2023-06-14T14:57:01.944+0000] {logging_mixin.py:149} INFO - [2023-06-14T14:57:01.943+0000] {dag.py:2726} INFO - Sync 1 DAGs
[2023-06-14T14:57:01.965+0000] {logging_mixin.py:149} INFO - [2023-06-14T14:57:01.965+0000] {dag.py:3486} INFO - Setting next_dagrun for latest_only_with_trigger to 2023-06-14T10:57:01.964688+00:00, run_after=2023-06-14T14:57:01.964688+00:00
[2023-06-14T14:57:01.992+0000] {processor.py:179} INFO - Processing /usr/local/lib/python3.8/dist-packages/airflow/example_dags/example_latest_only_with_trigger.py took 0.089 seconds
[2023-06-14T14:57:52.184+0000] {processor.py:157} INFO - Started process (PID=11179) to work on /usr/local/lib/python3.8/dist-packages/airflow/example_dags/example_latest_only_with_trigger.py
[2023-06-14T14:57:52.186+0000] {processor.py:826} INFO - Processing file /usr/local/lib/python3.8/dist-packages/airflow/example_dags/example_latest_only_with_trigger.py for tasks to queue
[2023-06-14T14:57:52.189+0000] {logging_mixin.py:149} INFO - [2023-06-14T14:57:52.189+0000] {dagbag.py:541} INFO - Filling up the DagBag from /usr/local/lib/python3.8/dist-packages/airflow/example_dags/example_latest_only_with_trigger.py
[2023-06-14T14:57:52.194+0000] {processor.py:836} INFO - DAG(s) dict_keys(['latest_only_with_trigger']) retrieved from /usr/local/lib/python3.8/dist-packages/airflow/example_dags/example_latest_only_with_trigger.py
[2023-06-14T14:57:52.215+0000] {logging_mixin.py:149} INFO - [2023-06-14T14:57:52.215+0000] {dag.py:2726} INFO - Sync 1 DAGs
[2023-06-14T14:57:52.236+0000] {logging_mixin.py:149} INFO - [2023-06-14T14:57:52.235+0000] {dag.py:3486} INFO - Setting next_dagrun for latest_only_with_trigger to 2023-06-14T10:57:52.235518+00:00, run_after=2023-06-14T14:57:52.235518+00:00
[2023-06-14T14:57:52.274+0000] {processor.py:179} INFO - Processing /usr/local/lib/python3.8/dist-packages/airflow/example_dags/example_latest_only_with_trigger.py took 0.094 seconds
[2023-06-14T14:58:44.426+0000] {processor.py:157} INFO - Started process (PID=11296) to work on /usr/local/lib/python3.8/dist-packages/airflow/example_dags/example_latest_only_with_trigger.py
[2023-06-14T14:58:44.428+0000] {processor.py:826} INFO - Processing file /usr/local/lib/python3.8/dist-packages/airflow/example_dags/example_latest_only_with_trigger.py for tasks to queue
[2023-06-14T14:58:44.430+0000] {logging_mixin.py:149} INFO - [2023-06-14T14:58:44.430+0000] {dagbag.py:541} INFO - Filling up the DagBag from /usr/local/lib/python3.8/dist-packages/airflow/example_dags/example_latest_only_with_trigger.py
[2023-06-14T14:58:44.436+0000] {processor.py:836} INFO - DAG(s) dict_keys(['latest_only_with_trigger']) retrieved from /usr/local/lib/python3.8/dist-packages/airflow/example_dags/example_latest_only_with_trigger.py
[2023-06-14T14:58:44.458+0000] {logging_mixin.py:149} INFO - [2023-06-14T14:58:44.458+0000] {dag.py:2726} INFO - Sync 1 DAGs
[2023-06-14T14:58:44.478+0000] {logging_mixin.py:149} INFO - [2023-06-14T14:58:44.478+0000] {dag.py:3486} INFO - Setting next_dagrun for latest_only_with_trigger to 2023-06-14T10:58:44.478391+00:00, run_after=2023-06-14T14:58:44.478391+00:00
[2023-06-14T14:58:44.507+0000] {processor.py:179} INFO - Processing /usr/local/lib/python3.8/dist-packages/airflow/example_dags/example_latest_only_with_trigger.py took 0.085 seconds
[2023-06-14T14:59:28.886+0000] {processor.py:157} INFO - Started process (PID=11548) to work on /usr/local/lib/python3.8/dist-packages/airflow/example_dags/example_latest_only_with_trigger.py
[2023-06-14T14:59:28.888+0000] {processor.py:826} INFO - Processing file /usr/local/lib/python3.8/dist-packages/airflow/example_dags/example_latest_only_with_trigger.py for tasks to queue
[2023-06-14T14:59:28.891+0000] {logging_mixin.py:149} INFO - [2023-06-14T14:59:28.891+0000] {dagbag.py:541} INFO - Filling up the DagBag from /usr/local/lib/python3.8/dist-packages/airflow/example_dags/example_latest_only_with_trigger.py
[2023-06-14T14:59:28.897+0000] {processor.py:836} INFO - DAG(s) dict_keys(['latest_only_with_trigger']) retrieved from /usr/local/lib/python3.8/dist-packages/airflow/example_dags/example_latest_only_with_trigger.py
[2023-06-14T14:59:28.919+0000] {logging_mixin.py:149} INFO - [2023-06-14T14:59:28.919+0000] {dag.py:2726} INFO - Sync 1 DAGs
[2023-06-14T14:59:28.940+0000] {logging_mixin.py:149} INFO - [2023-06-14T14:59:28.940+0000] {dag.py:3486} INFO - Setting next_dagrun for latest_only_with_trigger to 2023-06-14T10:59:28.940188+00:00, run_after=2023-06-14T14:59:28.940188+00:00
[2023-06-14T14:59:28.970+0000] {processor.py:179} INFO - Processing /usr/local/lib/python3.8/dist-packages/airflow/example_dags/example_latest_only_with_trigger.py took 0.088 seconds
[2023-06-14T15:00:18.321+0000] {processor.py:157} INFO - Started process (PID=11704) to work on /usr/local/lib/python3.8/dist-packages/airflow/example_dags/example_latest_only_with_trigger.py
[2023-06-14T15:00:18.322+0000] {processor.py:826} INFO - Processing file /usr/local/lib/python3.8/dist-packages/airflow/example_dags/example_latest_only_with_trigger.py for tasks to queue
[2023-06-14T15:00:18.326+0000] {logging_mixin.py:149} INFO - [2023-06-14T15:00:18.325+0000] {dagbag.py:541} INFO - Filling up the DagBag from /usr/local/lib/python3.8/dist-packages/airflow/example_dags/example_latest_only_with_trigger.py
[2023-06-14T15:00:18.331+0000] {processor.py:836} INFO - DAG(s) dict_keys(['latest_only_with_trigger']) retrieved from /usr/local/lib/python3.8/dist-packages/airflow/example_dags/example_latest_only_with_trigger.py
[2023-06-14T15:00:18.352+0000] {logging_mixin.py:149} INFO - [2023-06-14T15:00:18.352+0000] {dag.py:2726} INFO - Sync 1 DAGs
[2023-06-14T15:00:18.372+0000] {logging_mixin.py:149} INFO - [2023-06-14T15:00:18.372+0000] {dag.py:3486} INFO - Setting next_dagrun for latest_only_with_trigger to 2023-06-14T11:00:18.372469+00:00, run_after=2023-06-14T15:00:18.372469+00:00
[2023-06-14T15:00:18.400+0000] {processor.py:179} INFO - Processing /usr/local/lib/python3.8/dist-packages/airflow/example_dags/example_latest_only_with_trigger.py took 0.083 seconds
[2023-06-14T15:01:10.664+0000] {processor.py:157} INFO - Started process (PID=11861) to work on /usr/local/lib/python3.8/dist-packages/airflow/example_dags/example_latest_only_with_trigger.py
[2023-06-14T15:01:10.666+0000] {processor.py:826} INFO - Processing file /usr/local/lib/python3.8/dist-packages/airflow/example_dags/example_latest_only_with_trigger.py for tasks to queue
[2023-06-14T15:01:10.668+0000] {logging_mixin.py:149} INFO - [2023-06-14T15:01:10.668+0000] {dagbag.py:541} INFO - Filling up the DagBag from /usr/local/lib/python3.8/dist-packages/airflow/example_dags/example_latest_only_with_trigger.py
[2023-06-14T15:01:10.674+0000] {processor.py:836} INFO - DAG(s) dict_keys(['latest_only_with_trigger']) retrieved from /usr/local/lib/python3.8/dist-packages/airflow/example_dags/example_latest_only_with_trigger.py
[2023-06-14T15:01:10.697+0000] {logging_mixin.py:149} INFO - [2023-06-14T15:01:10.696+0000] {dag.py:2726} INFO - Sync 1 DAGs
[2023-06-14T15:01:10.717+0000] {logging_mixin.py:149} INFO - [2023-06-14T15:01:10.717+0000] {dag.py:3486} INFO - Setting next_dagrun for latest_only_with_trigger to 2023-06-14T11:01:10.717400+00:00, run_after=2023-06-14T15:01:10.717400+00:00
[2023-06-14T15:01:10.745+0000] {processor.py:179} INFO - Processing /usr/local/lib/python3.8/dist-packages/airflow/example_dags/example_latest_only_with_trigger.py took 0.085 seconds
[2023-06-14T15:02:01.323+0000] {processor.py:157} INFO - Started process (PID=12018) to work on /usr/local/lib/python3.8/dist-packages/airflow/example_dags/example_latest_only_with_trigger.py
[2023-06-14T15:02:01.324+0000] {processor.py:826} INFO - Processing file /usr/local/lib/python3.8/dist-packages/airflow/example_dags/example_latest_only_with_trigger.py for tasks to queue
[2023-06-14T15:02:01.327+0000] {logging_mixin.py:149} INFO - [2023-06-14T15:02:01.327+0000] {dagbag.py:541} INFO - Filling up the DagBag from /usr/local/lib/python3.8/dist-packages/airflow/example_dags/example_latest_only_with_trigger.py
[2023-06-14T15:02:01.333+0000] {processor.py:836} INFO - DAG(s) dict_keys(['latest_only_with_trigger']) retrieved from /usr/local/lib/python3.8/dist-packages/airflow/example_dags/example_latest_only_with_trigger.py
[2023-06-14T15:02:01.354+0000] {logging_mixin.py:149} INFO - [2023-06-14T15:02:01.354+0000] {dag.py:2726} INFO - Sync 1 DAGs
[2023-06-14T15:02:01.375+0000] {logging_mixin.py:149} INFO - [2023-06-14T15:02:01.375+0000] {dag.py:3486} INFO - Setting next_dagrun for latest_only_with_trigger to 2023-06-14T11:02:01.374985+00:00, run_after=2023-06-14T15:02:01.374985+00:00
[2023-06-14T15:02:01.401+0000] {processor.py:179} INFO - Processing /usr/local/lib/python3.8/dist-packages/airflow/example_dags/example_latest_only_with_trigger.py took 0.082 seconds
[2023-06-14T15:02:52.556+0000] {processor.py:157} INFO - Started process (PID=12117) to work on /usr/local/lib/python3.8/dist-packages/airflow/example_dags/example_latest_only_with_trigger.py
[2023-06-14T15:02:52.558+0000] {processor.py:826} INFO - Processing file /usr/local/lib/python3.8/dist-packages/airflow/example_dags/example_latest_only_with_trigger.py for tasks to queue
[2023-06-14T15:02:52.561+0000] {logging_mixin.py:149} INFO - [2023-06-14T15:02:52.561+0000] {dagbag.py:541} INFO - Filling up the DagBag from /usr/local/lib/python3.8/dist-packages/airflow/example_dags/example_latest_only_with_trigger.py
[2023-06-14T15:02:52.566+0000] {processor.py:836} INFO - DAG(s) dict_keys(['latest_only_with_trigger']) retrieved from /usr/local/lib/python3.8/dist-packages/airflow/example_dags/example_latest_only_with_trigger.py
[2023-06-14T15:02:52.587+0000] {logging_mixin.py:149} INFO - [2023-06-14T15:02:52.587+0000] {dag.py:2726} INFO - Sync 1 DAGs
[2023-06-14T15:02:52.607+0000] {logging_mixin.py:149} INFO - [2023-06-14T15:02:52.607+0000] {dag.py:3486} INFO - Setting next_dagrun for latest_only_with_trigger to 2023-06-14T11:02:52.606922+00:00, run_after=2023-06-14T15:02:52.606922+00:00
[2023-06-14T15:02:52.635+0000] {processor.py:179} INFO - Processing /usr/local/lib/python3.8/dist-packages/airflow/example_dags/example_latest_only_with_trigger.py took 0.083 seconds
[2023-06-14T15:03:45.306+0000] {processor.py:157} INFO - Started process (PID=12336) to work on /usr/local/lib/python3.8/dist-packages/airflow/example_dags/example_latest_only_with_trigger.py
[2023-06-14T15:03:45.307+0000] {processor.py:826} INFO - Processing file /usr/local/lib/python3.8/dist-packages/airflow/example_dags/example_latest_only_with_trigger.py for tasks to queue
[2023-06-14T15:03:45.310+0000] {logging_mixin.py:149} INFO - [2023-06-14T15:03:45.310+0000] {dagbag.py:541} INFO - Filling up the DagBag from /usr/local/lib/python3.8/dist-packages/airflow/example_dags/example_latest_only_with_trigger.py
[2023-06-14T15:03:45.316+0000] {processor.py:836} INFO - DAG(s) dict_keys(['latest_only_with_trigger']) retrieved from /usr/local/lib/python3.8/dist-packages/airflow/example_dags/example_latest_only_with_trigger.py
[2023-06-14T15:03:45.337+0000] {logging_mixin.py:149} INFO - [2023-06-14T15:03:45.337+0000] {dag.py:2726} INFO - Sync 1 DAGs
[2023-06-14T15:03:45.358+0000] {logging_mixin.py:149} INFO - [2023-06-14T15:03:45.357+0000] {dag.py:3486} INFO - Setting next_dagrun for latest_only_with_trigger to 2023-06-14T11:03:45.357573+00:00, run_after=2023-06-14T15:03:45.357573+00:00
[2023-06-14T15:03:45.385+0000] {processor.py:179} INFO - Processing /usr/local/lib/python3.8/dist-packages/airflow/example_dags/example_latest_only_with_trigger.py took 0.082 seconds
[2023-06-14T15:04:35.433+0000] {processor.py:157} INFO - Started process (PID=12594) to work on /usr/local/lib/python3.8/dist-packages/airflow/example_dags/example_latest_only_with_trigger.py
[2023-06-14T15:04:35.434+0000] {processor.py:826} INFO - Processing file /usr/local/lib/python3.8/dist-packages/airflow/example_dags/example_latest_only_with_trigger.py for tasks to queue
[2023-06-14T15:04:35.437+0000] {logging_mixin.py:149} INFO - [2023-06-14T15:04:35.437+0000] {dagbag.py:541} INFO - Filling up the DagBag from /usr/local/lib/python3.8/dist-packages/airflow/example_dags/example_latest_only_with_trigger.py
[2023-06-14T15:04:35.443+0000] {processor.py:836} INFO - DAG(s) dict_keys(['latest_only_with_trigger']) retrieved from /usr/local/lib/python3.8/dist-packages/airflow/example_dags/example_latest_only_with_trigger.py
[2023-06-14T15:04:35.466+0000] {logging_mixin.py:149} INFO - [2023-06-14T15:04:35.465+0000] {dag.py:2726} INFO - Sync 1 DAGs
[2023-06-14T15:04:35.493+0000] {logging_mixin.py:149} INFO - [2023-06-14T15:04:35.493+0000] {dag.py:3486} INFO - Setting next_dagrun for latest_only_with_trigger to 2023-06-14T11:04:35.493006+00:00, run_after=2023-06-14T15:04:35.493006+00:00
[2023-06-14T15:04:35.523+0000] {processor.py:179} INFO - Processing /usr/local/lib/python3.8/dist-packages/airflow/example_dags/example_latest_only_with_trigger.py took 0.094 seconds
[2023-06-14T15:05:31.901+0000] {processor.py:157} INFO - Started process (PID=12990) to work on /usr/local/lib/python3.8/dist-packages/airflow/example_dags/example_latest_only_with_trigger.py
[2023-06-14T15:05:31.902+0000] {processor.py:826} INFO - Processing file /usr/local/lib/python3.8/dist-packages/airflow/example_dags/example_latest_only_with_trigger.py for tasks to queue
[2023-06-14T15:05:31.904+0000] {logging_mixin.py:149} INFO - [2023-06-14T15:05:31.904+0000] {dagbag.py:541} INFO - Filling up the DagBag from /usr/local/lib/python3.8/dist-packages/airflow/example_dags/example_latest_only_with_trigger.py
[2023-06-14T15:05:31.911+0000] {processor.py:836} INFO - DAG(s) dict_keys(['latest_only_with_trigger']) retrieved from /usr/local/lib/python3.8/dist-packages/airflow/example_dags/example_latest_only_with_trigger.py
[2023-06-14T15:05:31.933+0000] {logging_mixin.py:149} INFO - [2023-06-14T15:05:31.933+0000] {dag.py:2726} INFO - Sync 1 DAGs
[2023-06-14T15:05:31.955+0000] {logging_mixin.py:149} INFO - [2023-06-14T15:05:31.955+0000] {dag.py:3486} INFO - Setting next_dagrun for latest_only_with_trigger to 2023-06-14T11:05:31.955220+00:00, run_after=2023-06-14T15:05:31.955220+00:00
[2023-06-14T15:05:31.984+0000] {processor.py:179} INFO - Processing /usr/local/lib/python3.8/dist-packages/airflow/example_dags/example_latest_only_with_trigger.py took 0.087 seconds
[2023-06-14T15:06:26.435+0000] {processor.py:157} INFO - Started process (PID=13148) to work on /usr/local/lib/python3.8/dist-packages/airflow/example_dags/example_latest_only_with_trigger.py
[2023-06-14T15:06:26.437+0000] {processor.py:826} INFO - Processing file /usr/local/lib/python3.8/dist-packages/airflow/example_dags/example_latest_only_with_trigger.py for tasks to queue
[2023-06-14T15:06:26.441+0000] {logging_mixin.py:149} INFO - [2023-06-14T15:06:26.440+0000] {dagbag.py:541} INFO - Filling up the DagBag from /usr/local/lib/python3.8/dist-packages/airflow/example_dags/example_latest_only_with_trigger.py
[2023-06-14T15:06:26.453+0000] {processor.py:836} INFO - DAG(s) dict_keys(['latest_only_with_trigger']) retrieved from /usr/local/lib/python3.8/dist-packages/airflow/example_dags/example_latest_only_with_trigger.py
[2023-06-14T15:06:26.475+0000] {logging_mixin.py:149} INFO - [2023-06-14T15:06:26.475+0000] {dag.py:2726} INFO - Sync 1 DAGs
[2023-06-14T15:06:26.496+0000] {logging_mixin.py:149} INFO - [2023-06-14T15:06:26.495+0000] {dag.py:3486} INFO - Setting next_dagrun for latest_only_with_trigger to 2023-06-14T11:06:26.495596+00:00, run_after=2023-06-14T15:06:26.495596+00:00
[2023-06-14T15:06:26.524+0000] {processor.py:179} INFO - Processing /usr/local/lib/python3.8/dist-packages/airflow/example_dags/example_latest_only_with_trigger.py took 0.103 seconds
[2023-06-14T15:07:15.710+0000] {processor.py:157} INFO - Started process (PID=13411) to work on /usr/local/lib/python3.8/dist-packages/airflow/example_dags/example_latest_only_with_trigger.py
[2023-06-14T15:07:15.712+0000] {processor.py:826} INFO - Processing file /usr/local/lib/python3.8/dist-packages/airflow/example_dags/example_latest_only_with_trigger.py for tasks to queue
[2023-06-14T15:07:15.714+0000] {logging_mixin.py:149} INFO - [2023-06-14T15:07:15.714+0000] {dagbag.py:541} INFO - Filling up the DagBag from /usr/local/lib/python3.8/dist-packages/airflow/example_dags/example_latest_only_with_trigger.py
[2023-06-14T15:07:15.720+0000] {processor.py:836} INFO - DAG(s) dict_keys(['latest_only_with_trigger']) retrieved from /usr/local/lib/python3.8/dist-packages/airflow/example_dags/example_latest_only_with_trigger.py
[2023-06-14T15:07:15.742+0000] {logging_mixin.py:149} INFO - [2023-06-14T15:07:15.741+0000] {dag.py:2726} INFO - Sync 1 DAGs
[2023-06-14T15:07:15.762+0000] {logging_mixin.py:149} INFO - [2023-06-14T15:07:15.762+0000] {dag.py:3486} INFO - Setting next_dagrun for latest_only_with_trigger to 2023-06-14T11:07:15.762067+00:00, run_after=2023-06-14T15:07:15.762067+00:00
[2023-06-14T15:07:15.793+0000] {processor.py:179} INFO - Processing /usr/local/lib/python3.8/dist-packages/airflow/example_dags/example_latest_only_with_trigger.py took 0.087 seconds
[2023-06-14T15:08:07.183+0000] {processor.py:157} INFO - Started process (PID=13576) to work on /usr/local/lib/python3.8/dist-packages/airflow/example_dags/example_latest_only_with_trigger.py
[2023-06-14T15:08:07.184+0000] {processor.py:826} INFO - Processing file /usr/local/lib/python3.8/dist-packages/airflow/example_dags/example_latest_only_with_trigger.py for tasks to queue
[2023-06-14T15:08:07.187+0000] {logging_mixin.py:149} INFO - [2023-06-14T15:08:07.187+0000] {dagbag.py:541} INFO - Filling up the DagBag from /usr/local/lib/python3.8/dist-packages/airflow/example_dags/example_latest_only_with_trigger.py
[2023-06-14T15:08:07.195+0000] {processor.py:836} INFO - DAG(s) dict_keys(['latest_only_with_trigger']) retrieved from /usr/local/lib/python3.8/dist-packages/airflow/example_dags/example_latest_only_with_trigger.py
[2023-06-14T15:08:07.218+0000] {logging_mixin.py:149} INFO - [2023-06-14T15:08:07.218+0000] {dag.py:2726} INFO - Sync 1 DAGs
[2023-06-14T15:08:07.241+0000] {logging_mixin.py:149} INFO - [2023-06-14T15:08:07.241+0000] {dag.py:3486} INFO - Setting next_dagrun for latest_only_with_trigger to 2023-06-14T11:08:07.240409+00:00, run_after=2023-06-14T15:08:07.240409+00:00
[2023-06-14T15:08:07.267+0000] {processor.py:179} INFO - Processing /usr/local/lib/python3.8/dist-packages/airflow/example_dags/example_latest_only_with_trigger.py took 0.089 seconds
[2023-06-14T15:08:57.592+0000] {processor.py:157} INFO - Started process (PID=13785) to work on /usr/local/lib/python3.8/dist-packages/airflow/example_dags/example_latest_only_with_trigger.py
[2023-06-14T15:08:57.594+0000] {processor.py:826} INFO - Processing file /usr/local/lib/python3.8/dist-packages/airflow/example_dags/example_latest_only_with_trigger.py for tasks to queue
[2023-06-14T15:08:57.598+0000] {logging_mixin.py:149} INFO - [2023-06-14T15:08:57.597+0000] {dagbag.py:541} INFO - Filling up the DagBag from /usr/local/lib/python3.8/dist-packages/airflow/example_dags/example_latest_only_with_trigger.py
[2023-06-14T15:08:57.603+0000] {processor.py:836} INFO - DAG(s) dict_keys(['latest_only_with_trigger']) retrieved from /usr/local/lib/python3.8/dist-packages/airflow/example_dags/example_latest_only_with_trigger.py
[2023-06-14T15:08:57.626+0000] {logging_mixin.py:149} INFO - [2023-06-14T15:08:57.626+0000] {dag.py:2726} INFO - Sync 1 DAGs
[2023-06-14T15:08:57.647+0000] {logging_mixin.py:149} INFO - [2023-06-14T15:08:57.647+0000] {dag.py:3486} INFO - Setting next_dagrun for latest_only_with_trigger to 2023-06-14T11:08:57.647182+00:00, run_after=2023-06-14T15:08:57.647182+00:00
[2023-06-14T15:08:57.675+0000] {processor.py:179} INFO - Processing /usr/local/lib/python3.8/dist-packages/airflow/example_dags/example_latest_only_with_trigger.py took 0.087 seconds
[2023-06-14T15:09:46.673+0000] {processor.py:157} INFO - Started process (PID=13883) to work on /usr/local/lib/python3.8/dist-packages/airflow/example_dags/example_latest_only_with_trigger.py
[2023-06-14T15:09:46.675+0000] {processor.py:826} INFO - Processing file /usr/local/lib/python3.8/dist-packages/airflow/example_dags/example_latest_only_with_trigger.py for tasks to queue
[2023-06-14T15:09:46.677+0000] {logging_mixin.py:149} INFO - [2023-06-14T15:09:46.677+0000] {dagbag.py:541} INFO - Filling up the DagBag from /usr/local/lib/python3.8/dist-packages/airflow/example_dags/example_latest_only_with_trigger.py
[2023-06-14T15:09:46.683+0000] {processor.py:836} INFO - DAG(s) dict_keys(['latest_only_with_trigger']) retrieved from /usr/local/lib/python3.8/dist-packages/airflow/example_dags/example_latest_only_with_trigger.py
[2023-06-14T15:09:46.705+0000] {logging_mixin.py:149} INFO - [2023-06-14T15:09:46.704+0000] {dag.py:2726} INFO - Sync 1 DAGs
[2023-06-14T15:09:46.725+0000] {logging_mixin.py:149} INFO - [2023-06-14T15:09:46.725+0000] {dag.py:3486} INFO - Setting next_dagrun for latest_only_with_trigger to 2023-06-14T11:09:46.725054+00:00, run_after=2023-06-14T15:09:46.725054+00:00
[2023-06-14T15:09:46.755+0000] {processor.py:179} INFO - Processing /usr/local/lib/python3.8/dist-packages/airflow/example_dags/example_latest_only_with_trigger.py took 0.086 seconds
[2023-06-14T15:10:39.651+0000] {processor.py:157} INFO - Started process (PID=14040) to work on /usr/local/lib/python3.8/dist-packages/airflow/example_dags/example_latest_only_with_trigger.py
[2023-06-14T15:10:39.653+0000] {processor.py:826} INFO - Processing file /usr/local/lib/python3.8/dist-packages/airflow/example_dags/example_latest_only_with_trigger.py for tasks to queue
[2023-06-14T15:10:39.656+0000] {logging_mixin.py:149} INFO - [2023-06-14T15:10:39.656+0000] {dagbag.py:541} INFO - Filling up the DagBag from /usr/local/lib/python3.8/dist-packages/airflow/example_dags/example_latest_only_with_trigger.py
[2023-06-14T15:10:39.661+0000] {processor.py:836} INFO - DAG(s) dict_keys(['latest_only_with_trigger']) retrieved from /usr/local/lib/python3.8/dist-packages/airflow/example_dags/example_latest_only_with_trigger.py
[2023-06-14T15:10:39.683+0000] {logging_mixin.py:149} INFO - [2023-06-14T15:10:39.682+0000] {dag.py:2726} INFO - Sync 1 DAGs
[2023-06-14T15:10:39.704+0000] {logging_mixin.py:149} INFO - [2023-06-14T15:10:39.704+0000] {dag.py:3486} INFO - Setting next_dagrun for latest_only_with_trigger to 2023-06-14T11:10:39.703824+00:00, run_after=2023-06-14T15:10:39.703824+00:00
[2023-06-14T15:10:39.730+0000] {processor.py:179} INFO - Processing /usr/local/lib/python3.8/dist-packages/airflow/example_dags/example_latest_only_with_trigger.py took 0.083 seconds
[2023-06-14T15:11:23.410+0000] {processor.py:157} INFO - Started process (PID=14191) to work on /usr/local/lib/python3.8/dist-packages/airflow/example_dags/example_latest_only_with_trigger.py
[2023-06-14T15:11:23.411+0000] {processor.py:826} INFO - Processing file /usr/local/lib/python3.8/dist-packages/airflow/example_dags/example_latest_only_with_trigger.py for tasks to queue
[2023-06-14T15:11:23.414+0000] {logging_mixin.py:149} INFO - [2023-06-14T15:11:23.414+0000] {dagbag.py:541} INFO - Filling up the DagBag from /usr/local/lib/python3.8/dist-packages/airflow/example_dags/example_latest_only_with_trigger.py
[2023-06-14T15:11:23.420+0000] {processor.py:836} INFO - DAG(s) dict_keys(['latest_only_with_trigger']) retrieved from /usr/local/lib/python3.8/dist-packages/airflow/example_dags/example_latest_only_with_trigger.py
[2023-06-14T15:11:23.441+0000] {logging_mixin.py:149} INFO - [2023-06-14T15:11:23.441+0000] {dag.py:2726} INFO - Sync 1 DAGs
[2023-06-14T15:11:23.462+0000] {logging_mixin.py:149} INFO - [2023-06-14T15:11:23.461+0000] {dag.py:3486} INFO - Setting next_dagrun for latest_only_with_trigger to 2023-06-14T11:11:23.461557+00:00, run_after=2023-06-14T15:11:23.461557+00:00
[2023-06-14T15:11:23.487+0000] {processor.py:179} INFO - Processing /usr/local/lib/python3.8/dist-packages/airflow/example_dags/example_latest_only_with_trigger.py took 0.081 seconds
[2023-06-14T15:12:16.832+0000] {processor.py:157} INFO - Started process (PID=14354) to work on /usr/local/lib/python3.8/dist-packages/airflow/example_dags/example_latest_only_with_trigger.py
[2023-06-14T15:12:16.833+0000] {processor.py:826} INFO - Processing file /usr/local/lib/python3.8/dist-packages/airflow/example_dags/example_latest_only_with_trigger.py for tasks to queue
[2023-06-14T15:12:16.836+0000] {logging_mixin.py:149} INFO - [2023-06-14T15:12:16.836+0000] {dagbag.py:541} INFO - Filling up the DagBag from /usr/local/lib/python3.8/dist-packages/airflow/example_dags/example_latest_only_with_trigger.py
[2023-06-14T15:12:16.842+0000] {processor.py:836} INFO - DAG(s) dict_keys(['latest_only_with_trigger']) retrieved from /usr/local/lib/python3.8/dist-packages/airflow/example_dags/example_latest_only_with_trigger.py
[2023-06-14T15:12:16.865+0000] {logging_mixin.py:149} INFO - [2023-06-14T15:12:16.864+0000] {dag.py:2726} INFO - Sync 1 DAGs
[2023-06-14T15:12:16.885+0000] {logging_mixin.py:149} INFO - [2023-06-14T15:12:16.885+0000] {dag.py:3486} INFO - Setting next_dagrun for latest_only_with_trigger to 2023-06-14T11:12:16.884815+00:00, run_after=2023-06-14T15:12:16.884815+00:00
[2023-06-14T15:12:16.909+0000] {processor.py:179} INFO - Processing /usr/local/lib/python3.8/dist-packages/airflow/example_dags/example_latest_only_with_trigger.py took 0.082 seconds
[2023-06-14T15:13:09.610+0000] {processor.py:157} INFO - Started process (PID=14508) to work on /usr/local/lib/python3.8/dist-packages/airflow/example_dags/example_latest_only_with_trigger.py
[2023-06-14T15:13:09.611+0000] {processor.py:826} INFO - Processing file /usr/local/lib/python3.8/dist-packages/airflow/example_dags/example_latest_only_with_trigger.py for tasks to queue
[2023-06-14T15:13:09.614+0000] {logging_mixin.py:149} INFO - [2023-06-14T15:13:09.614+0000] {dagbag.py:541} INFO - Filling up the DagBag from /usr/local/lib/python3.8/dist-packages/airflow/example_dags/example_latest_only_with_trigger.py
[2023-06-14T15:13:09.620+0000] {processor.py:836} INFO - DAG(s) dict_keys(['latest_only_with_trigger']) retrieved from /usr/local/lib/python3.8/dist-packages/airflow/example_dags/example_latest_only_with_trigger.py
[2023-06-14T15:13:09.641+0000] {logging_mixin.py:149} INFO - [2023-06-14T15:13:09.641+0000] {dag.py:2726} INFO - Sync 1 DAGs
[2023-06-14T15:13:09.662+0000] {logging_mixin.py:149} INFO - [2023-06-14T15:13:09.662+0000] {dag.py:3486} INFO - Setting next_dagrun for latest_only_with_trigger to 2023-06-14T11:13:09.662231+00:00, run_after=2023-06-14T15:13:09.662231+00:00
[2023-06-14T15:13:09.689+0000] {processor.py:179} INFO - Processing /usr/local/lib/python3.8/dist-packages/airflow/example_dags/example_latest_only_with_trigger.py took 0.083 seconds
[2023-06-14T15:13:59.051+0000] {processor.py:157} INFO - Started process (PID=14766) to work on /usr/local/lib/python3.8/dist-packages/airflow/example_dags/example_latest_only_with_trigger.py
[2023-06-14T15:13:59.052+0000] {processor.py:826} INFO - Processing file /usr/local/lib/python3.8/dist-packages/airflow/example_dags/example_latest_only_with_trigger.py for tasks to queue
[2023-06-14T15:13:59.055+0000] {logging_mixin.py:149} INFO - [2023-06-14T15:13:59.055+0000] {dagbag.py:541} INFO - Filling up the DagBag from /usr/local/lib/python3.8/dist-packages/airflow/example_dags/example_latest_only_with_trigger.py
[2023-06-14T15:13:59.063+0000] {processor.py:836} INFO - DAG(s) dict_keys(['latest_only_with_trigger']) retrieved from /usr/local/lib/python3.8/dist-packages/airflow/example_dags/example_latest_only_with_trigger.py
[2023-06-14T15:13:59.084+0000] {logging_mixin.py:149} INFO - [2023-06-14T15:13:59.083+0000] {dag.py:2726} INFO - Sync 1 DAGs
[2023-06-14T15:13:59.104+0000] {logging_mixin.py:149} INFO - [2023-06-14T15:13:59.104+0000] {dag.py:3486} INFO - Setting next_dagrun for latest_only_with_trigger to 2023-06-14T11:13:59.103697+00:00, run_after=2023-06-14T15:13:59.103697+00:00
[2023-06-14T15:13:59.134+0000] {processor.py:179} INFO - Processing /usr/local/lib/python3.8/dist-packages/airflow/example_dags/example_latest_only_with_trigger.py took 0.088 seconds
[2023-06-14T15:14:47.675+0000] {processor.py:157} INFO - Started process (PID=14817) to work on /usr/local/lib/python3.8/dist-packages/airflow/example_dags/example_latest_only_with_trigger.py
[2023-06-14T15:14:47.676+0000] {processor.py:826} INFO - Processing file /usr/local/lib/python3.8/dist-packages/airflow/example_dags/example_latest_only_with_trigger.py for tasks to queue
[2023-06-14T15:14:47.679+0000] {logging_mixin.py:149} INFO - [2023-06-14T15:14:47.679+0000] {dagbag.py:541} INFO - Filling up the DagBag from /usr/local/lib/python3.8/dist-packages/airflow/example_dags/example_latest_only_with_trigger.py
[2023-06-14T15:14:47.685+0000] {processor.py:836} INFO - DAG(s) dict_keys(['latest_only_with_trigger']) retrieved from /usr/local/lib/python3.8/dist-packages/airflow/example_dags/example_latest_only_with_trigger.py
[2023-06-14T15:14:47.706+0000] {logging_mixin.py:149} INFO - [2023-06-14T15:14:47.706+0000] {dag.py:2726} INFO - Sync 1 DAGs
[2023-06-14T15:14:47.726+0000] {logging_mixin.py:149} INFO - [2023-06-14T15:14:47.726+0000] {dag.py:3486} INFO - Setting next_dagrun for latest_only_with_trigger to 2023-06-14T11:14:47.726371+00:00, run_after=2023-06-14T15:14:47.726371+00:00
[2023-06-14T15:14:47.753+0000] {processor.py:179} INFO - Processing /usr/local/lib/python3.8/dist-packages/airflow/example_dags/example_latest_only_with_trigger.py took 0.082 seconds
[2023-06-14T15:15:39.915+0000] {processor.py:157} INFO - Started process (PID=14972) to work on /usr/local/lib/python3.8/dist-packages/airflow/example_dags/example_latest_only_with_trigger.py
[2023-06-14T15:15:39.920+0000] {processor.py:826} INFO - Processing file /usr/local/lib/python3.8/dist-packages/airflow/example_dags/example_latest_only_with_trigger.py for tasks to queue
[2023-06-14T15:15:39.923+0000] {logging_mixin.py:149} INFO - [2023-06-14T15:15:39.923+0000] {dagbag.py:541} INFO - Filling up the DagBag from /usr/local/lib/python3.8/dist-packages/airflow/example_dags/example_latest_only_with_trigger.py
[2023-06-14T15:15:39.929+0000] {processor.py:836} INFO - DAG(s) dict_keys(['latest_only_with_trigger']) retrieved from /usr/local/lib/python3.8/dist-packages/airflow/example_dags/example_latest_only_with_trigger.py
[2023-06-14T15:15:39.951+0000] {logging_mixin.py:149} INFO - [2023-06-14T15:15:39.950+0000] {dag.py:2726} INFO - Sync 1 DAGs
[2023-06-14T15:15:39.972+0000] {logging_mixin.py:149} INFO - [2023-06-14T15:15:39.971+0000] {dag.py:3486} INFO - Setting next_dagrun for latest_only_with_trigger to 2023-06-14T11:15:39.971634+00:00, run_after=2023-06-14T15:15:39.971634+00:00
[2023-06-14T15:15:40.000+0000] {processor.py:179} INFO - Processing /usr/local/lib/python3.8/dist-packages/airflow/example_dags/example_latest_only_with_trigger.py took 0.090 seconds
