[2023-06-14T14:17:11.423+0000] {processor.py:157} INFO - Started process (PID=1951) to work on /usr/local/lib/python3.8/dist-packages/airflow/example_dags/example_nested_branch_dag.py
[2023-06-14T14:17:11.424+0000] {processor.py:826} INFO - Processing file /usr/local/lib/python3.8/dist-packages/airflow/example_dags/example_nested_branch_dag.py for tasks to queue
[2023-06-14T14:17:11.427+0000] {logging_mixin.py:149} INFO - [2023-06-14T14:17:11.427+0000] {dagbag.py:541} INFO - Filling up the DagBag from /usr/local/lib/python3.8/dist-packages/airflow/example_dags/example_nested_branch_dag.py
[2023-06-14T14:17:11.437+0000] {processor.py:836} INFO - DAG(s) dict_keys(['example_nested_branch_dag']) retrieved from /usr/local/lib/python3.8/dist-packages/airflow/example_dags/example_nested_branch_dag.py
[2023-06-14T14:17:11.462+0000] {logging_mixin.py:149} INFO - [2023-06-14T14:17:11.461+0000] {dag.py:2726} INFO - Sync 1 DAGs
[2023-06-14T14:17:11.483+0000] {logging_mixin.py:149} INFO - [2023-06-14T14:17:11.483+0000] {dag.py:3486} INFO - Setting next_dagrun for example_nested_branch_dag to 2023-06-13T00:00:00+00:00, run_after=2023-06-14T00:00:00+00:00
[2023-06-14T14:17:11.509+0000] {processor.py:179} INFO - Processing /usr/local/lib/python3.8/dist-packages/airflow/example_dags/example_nested_branch_dag.py took 0.089 seconds
[2023-06-14T14:19:34.429+0000] {processor.py:157} INFO - Started process (PID=4137) to work on /usr/local/lib/python3.8/dist-packages/airflow/example_dags/example_nested_branch_dag.py
[2023-06-14T14:19:34.431+0000] {processor.py:826} INFO - Processing file /usr/local/lib/python3.8/dist-packages/airflow/example_dags/example_nested_branch_dag.py for tasks to queue
[2023-06-14T14:19:34.433+0000] {logging_mixin.py:149} INFO - [2023-06-14T14:19:34.433+0000] {dagbag.py:541} INFO - Filling up the DagBag from /usr/local/lib/python3.8/dist-packages/airflow/example_dags/example_nested_branch_dag.py
[2023-06-14T14:19:34.443+0000] {processor.py:836} INFO - DAG(s) dict_keys(['example_nested_branch_dag']) retrieved from /usr/local/lib/python3.8/dist-packages/airflow/example_dags/example_nested_branch_dag.py
[2023-06-14T14:19:34.469+0000] {logging_mixin.py:149} INFO - [2023-06-14T14:19:34.468+0000] {dag.py:2726} INFO - Sync 1 DAGs
[2023-06-14T14:19:34.490+0000] {logging_mixin.py:149} INFO - [2023-06-14T14:19:34.490+0000] {dag.py:3486} INFO - Setting next_dagrun for example_nested_branch_dag to 2023-06-13T00:00:00+00:00, run_after=2023-06-14T00:00:00+00:00
[2023-06-14T14:19:34.516+0000] {processor.py:179} INFO - Processing /usr/local/lib/python3.8/dist-packages/airflow/example_dags/example_nested_branch_dag.py took 0.091 seconds
[2023-06-14T14:20:32.877+0000] {processor.py:157} INFO - Started process (PID=4298) to work on /usr/local/lib/python3.8/dist-packages/airflow/example_dags/example_nested_branch_dag.py
[2023-06-14T14:20:32.878+0000] {processor.py:826} INFO - Processing file /usr/local/lib/python3.8/dist-packages/airflow/example_dags/example_nested_branch_dag.py for tasks to queue
[2023-06-14T14:20:32.881+0000] {logging_mixin.py:149} INFO - [2023-06-14T14:20:32.880+0000] {dagbag.py:541} INFO - Filling up the DagBag from /usr/local/lib/python3.8/dist-packages/airflow/example_dags/example_nested_branch_dag.py
[2023-06-14T14:20:32.891+0000] {processor.py:836} INFO - DAG(s) dict_keys(['example_nested_branch_dag']) retrieved from /usr/local/lib/python3.8/dist-packages/airflow/example_dags/example_nested_branch_dag.py
[2023-06-14T14:20:32.913+0000] {logging_mixin.py:149} INFO - [2023-06-14T14:20:32.912+0000] {dag.py:2726} INFO - Sync 1 DAGs
[2023-06-14T14:20:32.934+0000] {logging_mixin.py:149} INFO - [2023-06-14T14:20:32.933+0000] {dag.py:3486} INFO - Setting next_dagrun for example_nested_branch_dag to 2023-06-13T00:00:00+00:00, run_after=2023-06-14T00:00:00+00:00
[2023-06-14T14:20:32.984+0000] {processor.py:179} INFO - Processing /usr/local/lib/python3.8/dist-packages/airflow/example_dags/example_nested_branch_dag.py took 0.111 seconds
[2023-06-14T14:21:27.201+0000] {processor.py:157} INFO - Started process (PID=4454) to work on /usr/local/lib/python3.8/dist-packages/airflow/example_dags/example_nested_branch_dag.py
[2023-06-14T14:21:27.202+0000] {processor.py:826} INFO - Processing file /usr/local/lib/python3.8/dist-packages/airflow/example_dags/example_nested_branch_dag.py for tasks to queue
[2023-06-14T14:21:27.205+0000] {logging_mixin.py:149} INFO - [2023-06-14T14:21:27.205+0000] {dagbag.py:541} INFO - Filling up the DagBag from /usr/local/lib/python3.8/dist-packages/airflow/example_dags/example_nested_branch_dag.py
[2023-06-14T14:21:27.215+0000] {processor.py:836} INFO - DAG(s) dict_keys(['example_nested_branch_dag']) retrieved from /usr/local/lib/python3.8/dist-packages/airflow/example_dags/example_nested_branch_dag.py
[2023-06-14T14:21:27.238+0000] {logging_mixin.py:149} INFO - [2023-06-14T14:21:27.237+0000] {dag.py:2726} INFO - Sync 1 DAGs
[2023-06-14T14:21:27.260+0000] {logging_mixin.py:149} INFO - [2023-06-14T14:21:27.260+0000] {dag.py:3486} INFO - Setting next_dagrun for example_nested_branch_dag to 2023-06-13T00:00:00+00:00, run_after=2023-06-14T00:00:00+00:00
[2023-06-14T14:21:27.293+0000] {processor.py:179} INFO - Processing /usr/local/lib/python3.8/dist-packages/airflow/example_dags/example_nested_branch_dag.py took 0.096 seconds
[2023-06-14T14:22:20.270+0000] {processor.py:157} INFO - Started process (PID=4616) to work on /usr/local/lib/python3.8/dist-packages/airflow/example_dags/example_nested_branch_dag.py
[2023-06-14T14:22:20.271+0000] {processor.py:826} INFO - Processing file /usr/local/lib/python3.8/dist-packages/airflow/example_dags/example_nested_branch_dag.py for tasks to queue
[2023-06-14T14:22:20.273+0000] {logging_mixin.py:149} INFO - [2023-06-14T14:22:20.273+0000] {dagbag.py:541} INFO - Filling up the DagBag from /usr/local/lib/python3.8/dist-packages/airflow/example_dags/example_nested_branch_dag.py
[2023-06-14T14:22:20.284+0000] {processor.py:836} INFO - DAG(s) dict_keys(['example_nested_branch_dag']) retrieved from /usr/local/lib/python3.8/dist-packages/airflow/example_dags/example_nested_branch_dag.py
[2023-06-14T14:22:20.306+0000] {logging_mixin.py:149} INFO - [2023-06-14T14:22:20.305+0000] {dag.py:2726} INFO - Sync 1 DAGs
[2023-06-14T14:22:20.327+0000] {logging_mixin.py:149} INFO - [2023-06-14T14:22:20.327+0000] {dag.py:3486} INFO - Setting next_dagrun for example_nested_branch_dag to 2023-06-13T00:00:00+00:00, run_after=2023-06-14T00:00:00+00:00
[2023-06-14T14:22:20.355+0000] {processor.py:179} INFO - Processing /usr/local/lib/python3.8/dist-packages/airflow/example_dags/example_nested_branch_dag.py took 0.089 seconds
[2023-06-14T14:23:12.915+0000] {processor.py:157} INFO - Started process (PID=4774) to work on /usr/local/lib/python3.8/dist-packages/airflow/example_dags/example_nested_branch_dag.py
[2023-06-14T14:23:12.916+0000] {processor.py:826} INFO - Processing file /usr/local/lib/python3.8/dist-packages/airflow/example_dags/example_nested_branch_dag.py for tasks to queue
[2023-06-14T14:23:12.919+0000] {logging_mixin.py:149} INFO - [2023-06-14T14:23:12.919+0000] {dagbag.py:541} INFO - Filling up the DagBag from /usr/local/lib/python3.8/dist-packages/airflow/example_dags/example_nested_branch_dag.py
[2023-06-14T14:23:12.929+0000] {processor.py:836} INFO - DAG(s) dict_keys(['example_nested_branch_dag']) retrieved from /usr/local/lib/python3.8/dist-packages/airflow/example_dags/example_nested_branch_dag.py
[2023-06-14T14:23:12.951+0000] {logging_mixin.py:149} INFO - [2023-06-14T14:23:12.951+0000] {dag.py:2726} INFO - Sync 1 DAGs
[2023-06-14T14:23:12.973+0000] {logging_mixin.py:149} INFO - [2023-06-14T14:23:12.973+0000] {dag.py:3486} INFO - Setting next_dagrun for example_nested_branch_dag to 2023-06-13T00:00:00+00:00, run_after=2023-06-14T00:00:00+00:00
[2023-06-14T14:23:13.001+0000] {processor.py:179} INFO - Processing /usr/local/lib/python3.8/dist-packages/airflow/example_dags/example_nested_branch_dag.py took 0.090 seconds
[2023-06-14T14:24:01.039+0000] {processor.py:157} INFO - Started process (PID=5028) to work on /usr/local/lib/python3.8/dist-packages/airflow/example_dags/example_nested_branch_dag.py
[2023-06-14T14:24:01.040+0000] {processor.py:826} INFO - Processing file /usr/local/lib/python3.8/dist-packages/airflow/example_dags/example_nested_branch_dag.py for tasks to queue
[2023-06-14T14:24:01.043+0000] {logging_mixin.py:149} INFO - [2023-06-14T14:24:01.043+0000] {dagbag.py:541} INFO - Filling up the DagBag from /usr/local/lib/python3.8/dist-packages/airflow/example_dags/example_nested_branch_dag.py
[2023-06-14T14:24:01.056+0000] {processor.py:836} INFO - DAG(s) dict_keys(['example_nested_branch_dag']) retrieved from /usr/local/lib/python3.8/dist-packages/airflow/example_dags/example_nested_branch_dag.py
[2023-06-14T14:24:01.080+0000] {logging_mixin.py:149} INFO - [2023-06-14T14:24:01.080+0000] {dag.py:2726} INFO - Sync 1 DAGs
[2023-06-14T14:24:01.105+0000] {logging_mixin.py:149} INFO - [2023-06-14T14:24:01.105+0000] {dag.py:3486} INFO - Setting next_dagrun for example_nested_branch_dag to 2023-06-13T00:00:00+00:00, run_after=2023-06-14T00:00:00+00:00
[2023-06-14T14:24:01.135+0000] {processor.py:179} INFO - Processing /usr/local/lib/python3.8/dist-packages/airflow/example_dags/example_nested_branch_dag.py took 0.100 seconds
[2023-06-14T14:24:51.534+0000] {processor.py:157} INFO - Started process (PID=5185) to work on /usr/local/lib/python3.8/dist-packages/airflow/example_dags/example_nested_branch_dag.py
[2023-06-14T14:24:51.536+0000] {processor.py:826} INFO - Processing file /usr/local/lib/python3.8/dist-packages/airflow/example_dags/example_nested_branch_dag.py for tasks to queue
[2023-06-14T14:24:51.538+0000] {logging_mixin.py:149} INFO - [2023-06-14T14:24:51.538+0000] {dagbag.py:541} INFO - Filling up the DagBag from /usr/local/lib/python3.8/dist-packages/airflow/example_dags/example_nested_branch_dag.py
[2023-06-14T14:24:51.549+0000] {processor.py:836} INFO - DAG(s) dict_keys(['example_nested_branch_dag']) retrieved from /usr/local/lib/python3.8/dist-packages/airflow/example_dags/example_nested_branch_dag.py
[2023-06-14T14:24:51.571+0000] {logging_mixin.py:149} INFO - [2023-06-14T14:24:51.570+0000] {dag.py:2726} INFO - Sync 1 DAGs
[2023-06-14T14:24:51.593+0000] {logging_mixin.py:149} INFO - [2023-06-14T14:24:51.593+0000] {dag.py:3486} INFO - Setting next_dagrun for example_nested_branch_dag to 2023-06-13T00:00:00+00:00, run_after=2023-06-14T00:00:00+00:00
[2023-06-14T14:24:51.626+0000] {processor.py:179} INFO - Processing /usr/local/lib/python3.8/dist-packages/airflow/example_dags/example_nested_branch_dag.py took 0.095 seconds
[2023-06-14T14:25:39.133+0000] {processor.py:157} INFO - Started process (PID=5234) to work on /usr/local/lib/python3.8/dist-packages/airflow/example_dags/example_nested_branch_dag.py
[2023-06-14T14:25:39.135+0000] {processor.py:826} INFO - Processing file /usr/local/lib/python3.8/dist-packages/airflow/example_dags/example_nested_branch_dag.py for tasks to queue
[2023-06-14T14:25:39.137+0000] {logging_mixin.py:149} INFO - [2023-06-14T14:25:39.137+0000] {dagbag.py:541} INFO - Filling up the DagBag from /usr/local/lib/python3.8/dist-packages/airflow/example_dags/example_nested_branch_dag.py
[2023-06-14T14:25:39.148+0000] {processor.py:836} INFO - DAG(s) dict_keys(['example_nested_branch_dag']) retrieved from /usr/local/lib/python3.8/dist-packages/airflow/example_dags/example_nested_branch_dag.py
[2023-06-14T14:25:39.171+0000] {logging_mixin.py:149} INFO - [2023-06-14T14:25:39.171+0000] {dag.py:2726} INFO - Sync 1 DAGs
[2023-06-14T14:25:39.194+0000] {logging_mixin.py:149} INFO - [2023-06-14T14:25:39.194+0000] {dag.py:3486} INFO - Setting next_dagrun for example_nested_branch_dag to 2023-06-13T00:00:00+00:00, run_after=2023-06-14T00:00:00+00:00
[2023-06-14T14:25:39.222+0000] {processor.py:179} INFO - Processing /usr/local/lib/python3.8/dist-packages/airflow/example_dags/example_nested_branch_dag.py took 0.092 seconds
[2023-06-14T14:26:34.336+0000] {processor.py:157} INFO - Started process (PID=5393) to work on /usr/local/lib/python3.8/dist-packages/airflow/example_dags/example_nested_branch_dag.py
[2023-06-14T14:26:34.338+0000] {processor.py:826} INFO - Processing file /usr/local/lib/python3.8/dist-packages/airflow/example_dags/example_nested_branch_dag.py for tasks to queue
[2023-06-14T14:26:34.340+0000] {logging_mixin.py:149} INFO - [2023-06-14T14:26:34.340+0000] {dagbag.py:541} INFO - Filling up the DagBag from /usr/local/lib/python3.8/dist-packages/airflow/example_dags/example_nested_branch_dag.py
[2023-06-14T14:26:34.351+0000] {processor.py:836} INFO - DAG(s) dict_keys(['example_nested_branch_dag']) retrieved from /usr/local/lib/python3.8/dist-packages/airflow/example_dags/example_nested_branch_dag.py
[2023-06-14T14:26:34.373+0000] {logging_mixin.py:149} INFO - [2023-06-14T14:26:34.373+0000] {dag.py:2726} INFO - Sync 1 DAGs
[2023-06-14T14:26:34.395+0000] {logging_mixin.py:149} INFO - [2023-06-14T14:26:34.395+0000] {dag.py:3486} INFO - Setting next_dagrun for example_nested_branch_dag to 2023-06-13T00:00:00+00:00, run_after=2023-06-14T00:00:00+00:00
[2023-06-14T14:26:34.432+0000] {processor.py:179} INFO - Processing /usr/local/lib/python3.8/dist-packages/airflow/example_dags/example_nested_branch_dag.py took 0.099 seconds
[2023-06-14T14:27:25.193+0000] {processor.py:157} INFO - Started process (PID=5551) to work on /usr/local/lib/python3.8/dist-packages/airflow/example_dags/example_nested_branch_dag.py
[2023-06-14T14:27:25.195+0000] {processor.py:826} INFO - Processing file /usr/local/lib/python3.8/dist-packages/airflow/example_dags/example_nested_branch_dag.py for tasks to queue
[2023-06-14T14:27:25.197+0000] {logging_mixin.py:149} INFO - [2023-06-14T14:27:25.197+0000] {dagbag.py:541} INFO - Filling up the DagBag from /usr/local/lib/python3.8/dist-packages/airflow/example_dags/example_nested_branch_dag.py
[2023-06-14T14:27:25.207+0000] {processor.py:836} INFO - DAG(s) dict_keys(['example_nested_branch_dag']) retrieved from /usr/local/lib/python3.8/dist-packages/airflow/example_dags/example_nested_branch_dag.py
[2023-06-14T14:27:25.229+0000] {logging_mixin.py:149} INFO - [2023-06-14T14:27:25.229+0000] {dag.py:2726} INFO - Sync 1 DAGs
[2023-06-14T14:27:25.250+0000] {logging_mixin.py:149} INFO - [2023-06-14T14:27:25.250+0000] {dag.py:3486} INFO - Setting next_dagrun for example_nested_branch_dag to 2023-06-13T00:00:00+00:00, run_after=2023-06-14T00:00:00+00:00
[2023-06-14T14:27:25.278+0000] {processor.py:179} INFO - Processing /usr/local/lib/python3.8/dist-packages/airflow/example_dags/example_nested_branch_dag.py took 0.089 seconds
[2023-06-14T14:28:19.214+0000] {processor.py:157} INFO - Started process (PID=5709) to work on /usr/local/lib/python3.8/dist-packages/airflow/example_dags/example_nested_branch_dag.py
[2023-06-14T14:28:19.216+0000] {processor.py:826} INFO - Processing file /usr/local/lib/python3.8/dist-packages/airflow/example_dags/example_nested_branch_dag.py for tasks to queue
[2023-06-14T14:28:19.218+0000] {logging_mixin.py:149} INFO - [2023-06-14T14:28:19.218+0000] {dagbag.py:541} INFO - Filling up the DagBag from /usr/local/lib/python3.8/dist-packages/airflow/example_dags/example_nested_branch_dag.py
[2023-06-14T14:28:19.228+0000] {processor.py:836} INFO - DAG(s) dict_keys(['example_nested_branch_dag']) retrieved from /usr/local/lib/python3.8/dist-packages/airflow/example_dags/example_nested_branch_dag.py
[2023-06-14T14:28:19.250+0000] {logging_mixin.py:149} INFO - [2023-06-14T14:28:19.250+0000] {dag.py:2726} INFO - Sync 1 DAGs
[2023-06-14T14:28:19.272+0000] {logging_mixin.py:149} INFO - [2023-06-14T14:28:19.272+0000] {dag.py:3486} INFO - Setting next_dagrun for example_nested_branch_dag to 2023-06-13T00:00:00+00:00, run_after=2023-06-14T00:00:00+00:00
[2023-06-14T14:28:19.302+0000] {processor.py:179} INFO - Processing /usr/local/lib/python3.8/dist-packages/airflow/example_dags/example_nested_branch_dag.py took 0.091 seconds
[2023-06-14T14:29:09.688+0000] {processor.py:157} INFO - Started process (PID=5968) to work on /usr/local/lib/python3.8/dist-packages/airflow/example_dags/example_nested_branch_dag.py
[2023-06-14T14:29:09.689+0000] {processor.py:826} INFO - Processing file /usr/local/lib/python3.8/dist-packages/airflow/example_dags/example_nested_branch_dag.py for tasks to queue
[2023-06-14T14:29:09.692+0000] {logging_mixin.py:149} INFO - [2023-06-14T14:29:09.692+0000] {dagbag.py:541} INFO - Filling up the DagBag from /usr/local/lib/python3.8/dist-packages/airflow/example_dags/example_nested_branch_dag.py
[2023-06-14T14:29:09.702+0000] {processor.py:836} INFO - DAG(s) dict_keys(['example_nested_branch_dag']) retrieved from /usr/local/lib/python3.8/dist-packages/airflow/example_dags/example_nested_branch_dag.py
[2023-06-14T14:29:09.723+0000] {logging_mixin.py:149} INFO - [2023-06-14T14:29:09.723+0000] {dag.py:2726} INFO - Sync 1 DAGs
[2023-06-14T14:29:09.744+0000] {logging_mixin.py:149} INFO - [2023-06-14T14:29:09.744+0000] {dag.py:3486} INFO - Setting next_dagrun for example_nested_branch_dag to 2023-06-13T00:00:00+00:00, run_after=2023-06-14T00:00:00+00:00
[2023-06-14T14:29:09.771+0000] {processor.py:179} INFO - Processing /usr/local/lib/python3.8/dist-packages/airflow/example_dags/example_nested_branch_dag.py took 0.087 seconds
[2023-06-14T14:30:02.051+0000] {processor.py:157} INFO - Started process (PID=6123) to work on /usr/local/lib/python3.8/dist-packages/airflow/example_dags/example_nested_branch_dag.py
[2023-06-14T14:30:02.052+0000] {processor.py:826} INFO - Processing file /usr/local/lib/python3.8/dist-packages/airflow/example_dags/example_nested_branch_dag.py for tasks to queue
[2023-06-14T14:30:02.055+0000] {logging_mixin.py:149} INFO - [2023-06-14T14:30:02.055+0000] {dagbag.py:541} INFO - Filling up the DagBag from /usr/local/lib/python3.8/dist-packages/airflow/example_dags/example_nested_branch_dag.py
[2023-06-14T14:30:02.067+0000] {processor.py:836} INFO - DAG(s) dict_keys(['example_nested_branch_dag']) retrieved from /usr/local/lib/python3.8/dist-packages/airflow/example_dags/example_nested_branch_dag.py
[2023-06-14T14:30:02.090+0000] {logging_mixin.py:149} INFO - [2023-06-14T14:30:02.089+0000] {dag.py:2726} INFO - Sync 1 DAGs
[2023-06-14T14:30:02.113+0000] {logging_mixin.py:149} INFO - [2023-06-14T14:30:02.113+0000] {dag.py:3486} INFO - Setting next_dagrun for example_nested_branch_dag to 2023-06-13T00:00:00+00:00, run_after=2023-06-14T00:00:00+00:00
[2023-06-14T14:30:02.142+0000] {processor.py:179} INFO - Processing /usr/local/lib/python3.8/dist-packages/airflow/example_dags/example_nested_branch_dag.py took 0.094 seconds
[2023-06-14T14:30:57.783+0000] {processor.py:157} INFO - Started process (PID=6282) to work on /usr/local/lib/python3.8/dist-packages/airflow/example_dags/example_nested_branch_dag.py
[2023-06-14T14:30:57.784+0000] {processor.py:826} INFO - Processing file /usr/local/lib/python3.8/dist-packages/airflow/example_dags/example_nested_branch_dag.py for tasks to queue
[2023-06-14T14:30:57.786+0000] {logging_mixin.py:149} INFO - [2023-06-14T14:30:57.786+0000] {dagbag.py:541} INFO - Filling up the DagBag from /usr/local/lib/python3.8/dist-packages/airflow/example_dags/example_nested_branch_dag.py
[2023-06-14T14:30:57.797+0000] {processor.py:836} INFO - DAG(s) dict_keys(['example_nested_branch_dag']) retrieved from /usr/local/lib/python3.8/dist-packages/airflow/example_dags/example_nested_branch_dag.py
[2023-06-14T14:30:57.819+0000] {logging_mixin.py:149} INFO - [2023-06-14T14:30:57.818+0000] {dag.py:2726} INFO - Sync 1 DAGs
[2023-06-14T14:30:57.842+0000] {logging_mixin.py:149} INFO - [2023-06-14T14:30:57.841+0000] {dag.py:3486} INFO - Setting next_dagrun for example_nested_branch_dag to 2023-06-13T00:00:00+00:00, run_after=2023-06-14T00:00:00+00:00
[2023-06-14T14:30:57.867+0000] {processor.py:179} INFO - Processing /usr/local/lib/python3.8/dist-packages/airflow/example_dags/example_nested_branch_dag.py took 0.088 seconds
[2023-06-14T14:31:50.518+0000] {processor.py:157} INFO - Started process (PID=6375) to work on /usr/local/lib/python3.8/dist-packages/airflow/example_dags/example_nested_branch_dag.py
[2023-06-14T14:31:50.520+0000] {processor.py:826} INFO - Processing file /usr/local/lib/python3.8/dist-packages/airflow/example_dags/example_nested_branch_dag.py for tasks to queue
[2023-06-14T14:31:50.523+0000] {logging_mixin.py:149} INFO - [2023-06-14T14:31:50.522+0000] {dagbag.py:541} INFO - Filling up the DagBag from /usr/local/lib/python3.8/dist-packages/airflow/example_dags/example_nested_branch_dag.py
[2023-06-14T14:31:50.533+0000] {processor.py:836} INFO - DAG(s) dict_keys(['example_nested_branch_dag']) retrieved from /usr/local/lib/python3.8/dist-packages/airflow/example_dags/example_nested_branch_dag.py
[2023-06-14T14:31:50.555+0000] {logging_mixin.py:149} INFO - [2023-06-14T14:31:50.554+0000] {dag.py:2726} INFO - Sync 1 DAGs
[2023-06-14T14:31:50.576+0000] {logging_mixin.py:149} INFO - [2023-06-14T14:31:50.576+0000] {dag.py:3486} INFO - Setting next_dagrun for example_nested_branch_dag to 2023-06-13T00:00:00+00:00, run_after=2023-06-14T00:00:00+00:00
[2023-06-14T14:31:50.607+0000] {processor.py:179} INFO - Processing /usr/local/lib/python3.8/dist-packages/airflow/example_dags/example_nested_branch_dag.py took 0.093 seconds
[2023-06-14T14:32:41.320+0000] {processor.py:157} INFO - Started process (PID=6498) to work on /usr/local/lib/python3.8/dist-packages/airflow/example_dags/example_nested_branch_dag.py
[2023-06-14T14:32:41.321+0000] {processor.py:826} INFO - Processing file /usr/local/lib/python3.8/dist-packages/airflow/example_dags/example_nested_branch_dag.py for tasks to queue
[2023-06-14T14:32:41.324+0000] {logging_mixin.py:149} INFO - [2023-06-14T14:32:41.324+0000] {dagbag.py:541} INFO - Filling up the DagBag from /usr/local/lib/python3.8/dist-packages/airflow/example_dags/example_nested_branch_dag.py
[2023-06-14T14:32:41.334+0000] {processor.py:836} INFO - DAG(s) dict_keys(['example_nested_branch_dag']) retrieved from /usr/local/lib/python3.8/dist-packages/airflow/example_dags/example_nested_branch_dag.py
[2023-06-14T14:32:41.355+0000] {logging_mixin.py:149} INFO - [2023-06-14T14:32:41.355+0000] {dag.py:2726} INFO - Sync 1 DAGs
[2023-06-14T14:32:41.376+0000] {logging_mixin.py:149} INFO - [2023-06-14T14:32:41.376+0000] {dag.py:3486} INFO - Setting next_dagrun for example_nested_branch_dag to 2023-06-13T00:00:00+00:00, run_after=2023-06-14T00:00:00+00:00
[2023-06-14T14:32:41.404+0000] {processor.py:179} INFO - Processing /usr/local/lib/python3.8/dist-packages/airflow/example_dags/example_nested_branch_dag.py took 0.088 seconds
[2023-06-14T14:33:30.138+0000] {processor.py:157} INFO - Started process (PID=6651) to work on /usr/local/lib/python3.8/dist-packages/airflow/example_dags/example_nested_branch_dag.py
[2023-06-14T14:33:30.139+0000] {processor.py:826} INFO - Processing file /usr/local/lib/python3.8/dist-packages/airflow/example_dags/example_nested_branch_dag.py for tasks to queue
[2023-06-14T14:33:30.141+0000] {logging_mixin.py:149} INFO - [2023-06-14T14:33:30.141+0000] {dagbag.py:541} INFO - Filling up the DagBag from /usr/local/lib/python3.8/dist-packages/airflow/example_dags/example_nested_branch_dag.py
[2023-06-14T14:33:30.152+0000] {processor.py:836} INFO - DAG(s) dict_keys(['example_nested_branch_dag']) retrieved from /usr/local/lib/python3.8/dist-packages/airflow/example_dags/example_nested_branch_dag.py
[2023-06-14T14:33:30.174+0000] {logging_mixin.py:149} INFO - [2023-06-14T14:33:30.173+0000] {dag.py:2726} INFO - Sync 1 DAGs
[2023-06-14T14:33:30.195+0000] {logging_mixin.py:149} INFO - [2023-06-14T14:33:30.195+0000] {dag.py:3486} INFO - Setting next_dagrun for example_nested_branch_dag to 2023-06-13T00:00:00+00:00, run_after=2023-06-14T00:00:00+00:00
[2023-06-14T14:33:30.222+0000] {processor.py:179} INFO - Processing /usr/local/lib/python3.8/dist-packages/airflow/example_dags/example_nested_branch_dag.py took 0.089 seconds
[2023-06-14T14:34:25.488+0000] {processor.py:157} INFO - Started process (PID=6910) to work on /usr/local/lib/python3.8/dist-packages/airflow/example_dags/example_nested_branch_dag.py
[2023-06-14T14:34:25.489+0000] {processor.py:826} INFO - Processing file /usr/local/lib/python3.8/dist-packages/airflow/example_dags/example_nested_branch_dag.py for tasks to queue
[2023-06-14T14:34:25.492+0000] {logging_mixin.py:149} INFO - [2023-06-14T14:34:25.492+0000] {dagbag.py:541} INFO - Filling up the DagBag from /usr/local/lib/python3.8/dist-packages/airflow/example_dags/example_nested_branch_dag.py
[2023-06-14T14:34:25.502+0000] {processor.py:836} INFO - DAG(s) dict_keys(['example_nested_branch_dag']) retrieved from /usr/local/lib/python3.8/dist-packages/airflow/example_dags/example_nested_branch_dag.py
[2023-06-14T14:34:25.523+0000] {logging_mixin.py:149} INFO - [2023-06-14T14:34:25.523+0000] {dag.py:2726} INFO - Sync 1 DAGs
[2023-06-14T14:34:25.544+0000] {logging_mixin.py:149} INFO - [2023-06-14T14:34:25.544+0000] {dag.py:3486} INFO - Setting next_dagrun for example_nested_branch_dag to 2023-06-13T00:00:00+00:00, run_after=2023-06-14T00:00:00+00:00
[2023-06-14T14:34:25.572+0000] {processor.py:179} INFO - Processing /usr/local/lib/python3.8/dist-packages/airflow/example_dags/example_nested_branch_dag.py took 0.088 seconds
[2023-06-14T14:35:17.224+0000] {processor.py:157} INFO - Started process (PID=7070) to work on /usr/local/lib/python3.8/dist-packages/airflow/example_dags/example_nested_branch_dag.py
[2023-06-14T14:35:17.226+0000] {processor.py:826} INFO - Processing file /usr/local/lib/python3.8/dist-packages/airflow/example_dags/example_nested_branch_dag.py for tasks to queue
[2023-06-14T14:35:17.228+0000] {logging_mixin.py:149} INFO - [2023-06-14T14:35:17.228+0000] {dagbag.py:541} INFO - Filling up the DagBag from /usr/local/lib/python3.8/dist-packages/airflow/example_dags/example_nested_branch_dag.py
[2023-06-14T14:35:17.239+0000] {processor.py:836} INFO - DAG(s) dict_keys(['example_nested_branch_dag']) retrieved from /usr/local/lib/python3.8/dist-packages/airflow/example_dags/example_nested_branch_dag.py
[2023-06-14T14:35:17.262+0000] {logging_mixin.py:149} INFO - [2023-06-14T14:35:17.261+0000] {dag.py:2726} INFO - Sync 1 DAGs
[2023-06-14T14:35:17.284+0000] {logging_mixin.py:149} INFO - [2023-06-14T14:35:17.284+0000] {dag.py:3486} INFO - Setting next_dagrun for example_nested_branch_dag to 2023-06-13T00:00:00+00:00, run_after=2023-06-14T00:00:00+00:00
[2023-06-14T14:35:17.310+0000] {processor.py:179} INFO - Processing /usr/local/lib/python3.8/dist-packages/airflow/example_dags/example_nested_branch_dag.py took 0.090 seconds
[2023-06-14T14:36:08.940+0000] {processor.py:157} INFO - Started process (PID=7227) to work on /usr/local/lib/python3.8/dist-packages/airflow/example_dags/example_nested_branch_dag.py
[2023-06-14T14:36:08.941+0000] {processor.py:826} INFO - Processing file /usr/local/lib/python3.8/dist-packages/airflow/example_dags/example_nested_branch_dag.py for tasks to queue
[2023-06-14T14:36:08.943+0000] {logging_mixin.py:149} INFO - [2023-06-14T14:36:08.943+0000] {dagbag.py:541} INFO - Filling up the DagBag from /usr/local/lib/python3.8/dist-packages/airflow/example_dags/example_nested_branch_dag.py
[2023-06-14T14:36:08.953+0000] {processor.py:836} INFO - DAG(s) dict_keys(['example_nested_branch_dag']) retrieved from /usr/local/lib/python3.8/dist-packages/airflow/example_dags/example_nested_branch_dag.py
[2023-06-14T14:36:08.975+0000] {logging_mixin.py:149} INFO - [2023-06-14T14:36:08.975+0000] {dag.py:2726} INFO - Sync 1 DAGs
[2023-06-14T14:36:08.996+0000] {logging_mixin.py:149} INFO - [2023-06-14T14:36:08.996+0000] {dag.py:3486} INFO - Setting next_dagrun for example_nested_branch_dag to 2023-06-13T00:00:00+00:00, run_after=2023-06-14T00:00:00+00:00
[2023-06-14T14:36:09.024+0000] {processor.py:179} INFO - Processing /usr/local/lib/python3.8/dist-packages/airflow/example_dags/example_nested_branch_dag.py took 0.089 seconds
[2023-06-14T14:37:02.038+0000] {processor.py:157} INFO - Started process (PID=7383) to work on /usr/local/lib/python3.8/dist-packages/airflow/example_dags/example_nested_branch_dag.py
[2023-06-14T14:37:02.040+0000] {processor.py:826} INFO - Processing file /usr/local/lib/python3.8/dist-packages/airflow/example_dags/example_nested_branch_dag.py for tasks to queue
[2023-06-14T14:37:02.043+0000] {logging_mixin.py:149} INFO - [2023-06-14T14:37:02.043+0000] {dagbag.py:541} INFO - Filling up the DagBag from /usr/local/lib/python3.8/dist-packages/airflow/example_dags/example_nested_branch_dag.py
[2023-06-14T14:37:02.053+0000] {processor.py:836} INFO - DAG(s) dict_keys(['example_nested_branch_dag']) retrieved from /usr/local/lib/python3.8/dist-packages/airflow/example_dags/example_nested_branch_dag.py
[2023-06-14T14:37:02.075+0000] {logging_mixin.py:149} INFO - [2023-06-14T14:37:02.074+0000] {dag.py:2726} INFO - Sync 1 DAGs
[2023-06-14T14:37:02.097+0000] {logging_mixin.py:149} INFO - [2023-06-14T14:37:02.097+0000] {dag.py:3486} INFO - Setting next_dagrun for example_nested_branch_dag to 2023-06-13T00:00:00+00:00, run_after=2023-06-14T00:00:00+00:00
[2023-06-14T14:37:02.129+0000] {processor.py:179} INFO - Processing /usr/local/lib/python3.8/dist-packages/airflow/example_dags/example_nested_branch_dag.py took 0.095 seconds
[2023-06-14T14:37:53.901+0000] {processor.py:157} INFO - Started process (PID=7544) to work on /usr/local/lib/python3.8/dist-packages/airflow/example_dags/example_nested_branch_dag.py
[2023-06-14T14:37:53.903+0000] {processor.py:826} INFO - Processing file /usr/local/lib/python3.8/dist-packages/airflow/example_dags/example_nested_branch_dag.py for tasks to queue
[2023-06-14T14:37:53.905+0000] {logging_mixin.py:149} INFO - [2023-06-14T14:37:53.905+0000] {dagbag.py:541} INFO - Filling up the DagBag from /usr/local/lib/python3.8/dist-packages/airflow/example_dags/example_nested_branch_dag.py
[2023-06-14T14:37:53.915+0000] {processor.py:836} INFO - DAG(s) dict_keys(['example_nested_branch_dag']) retrieved from /usr/local/lib/python3.8/dist-packages/airflow/example_dags/example_nested_branch_dag.py
[2023-06-14T14:37:53.937+0000] {logging_mixin.py:149} INFO - [2023-06-14T14:37:53.937+0000] {dag.py:2726} INFO - Sync 1 DAGs
[2023-06-14T14:37:53.959+0000] {logging_mixin.py:149} INFO - [2023-06-14T14:37:53.959+0000] {dag.py:3486} INFO - Setting next_dagrun for example_nested_branch_dag to 2023-06-13T00:00:00+00:00, run_after=2023-06-14T00:00:00+00:00
[2023-06-14T14:37:53.985+0000] {processor.py:179} INFO - Processing /usr/local/lib/python3.8/dist-packages/airflow/example_dags/example_nested_branch_dag.py took 0.088 seconds
[2023-06-14T14:38:44.011+0000] {processor.py:157} INFO - Started process (PID=7596) to work on /usr/local/lib/python3.8/dist-packages/airflow/example_dags/example_nested_branch_dag.py
[2023-06-14T14:38:44.013+0000] {processor.py:826} INFO - Processing file /usr/local/lib/python3.8/dist-packages/airflow/example_dags/example_nested_branch_dag.py for tasks to queue
[2023-06-14T14:38:44.015+0000] {logging_mixin.py:149} INFO - [2023-06-14T14:38:44.015+0000] {dagbag.py:541} INFO - Filling up the DagBag from /usr/local/lib/python3.8/dist-packages/airflow/example_dags/example_nested_branch_dag.py
[2023-06-14T14:38:44.026+0000] {processor.py:836} INFO - DAG(s) dict_keys(['example_nested_branch_dag']) retrieved from /usr/local/lib/python3.8/dist-packages/airflow/example_dags/example_nested_branch_dag.py
[2023-06-14T14:38:44.048+0000] {logging_mixin.py:149} INFO - [2023-06-14T14:38:44.047+0000] {dag.py:2726} INFO - Sync 1 DAGs
[2023-06-14T14:38:44.072+0000] {logging_mixin.py:149} INFO - [2023-06-14T14:38:44.071+0000] {dag.py:3486} INFO - Setting next_dagrun for example_nested_branch_dag to 2023-06-13T00:00:00+00:00, run_after=2023-06-14T00:00:00+00:00
[2023-06-14T14:38:44.098+0000] {processor.py:179} INFO - Processing /usr/local/lib/python3.8/dist-packages/airflow/example_dags/example_nested_branch_dag.py took 0.090 seconds
[2023-06-14T14:39:29.389+0000] {processor.py:157} INFO - Started process (PID=7747) to work on /usr/local/lib/python3.8/dist-packages/airflow/example_dags/example_nested_branch_dag.py
[2023-06-14T14:39:29.390+0000] {processor.py:826} INFO - Processing file /usr/local/lib/python3.8/dist-packages/airflow/example_dags/example_nested_branch_dag.py for tasks to queue
[2023-06-14T14:39:29.393+0000] {logging_mixin.py:149} INFO - [2023-06-14T14:39:29.393+0000] {dagbag.py:541} INFO - Filling up the DagBag from /usr/local/lib/python3.8/dist-packages/airflow/example_dags/example_nested_branch_dag.py
[2023-06-14T14:39:29.403+0000] {processor.py:836} INFO - DAG(s) dict_keys(['example_nested_branch_dag']) retrieved from /usr/local/lib/python3.8/dist-packages/airflow/example_dags/example_nested_branch_dag.py
[2023-06-14T14:39:29.425+0000] {logging_mixin.py:149} INFO - [2023-06-14T14:39:29.424+0000] {dag.py:2726} INFO - Sync 1 DAGs
[2023-06-14T14:39:29.446+0000] {logging_mixin.py:149} INFO - [2023-06-14T14:39:29.446+0000] {dag.py:3486} INFO - Setting next_dagrun for example_nested_branch_dag to 2023-06-13T00:00:00+00:00, run_after=2023-06-14T00:00:00+00:00
[2023-06-14T14:39:29.475+0000] {processor.py:179} INFO - Processing /usr/local/lib/python3.8/dist-packages/airflow/example_dags/example_nested_branch_dag.py took 0.090 seconds
[2023-06-14T14:40:23.479+0000] {processor.py:157} INFO - Started process (PID=7903) to work on /usr/local/lib/python3.8/dist-packages/airflow/example_dags/example_nested_branch_dag.py
[2023-06-14T14:40:23.481+0000] {processor.py:826} INFO - Processing file /usr/local/lib/python3.8/dist-packages/airflow/example_dags/example_nested_branch_dag.py for tasks to queue
[2023-06-14T14:40:23.483+0000] {logging_mixin.py:149} INFO - [2023-06-14T14:40:23.483+0000] {dagbag.py:541} INFO - Filling up the DagBag from /usr/local/lib/python3.8/dist-packages/airflow/example_dags/example_nested_branch_dag.py
[2023-06-14T14:40:23.493+0000] {processor.py:836} INFO - DAG(s) dict_keys(['example_nested_branch_dag']) retrieved from /usr/local/lib/python3.8/dist-packages/airflow/example_dags/example_nested_branch_dag.py
[2023-06-14T14:40:23.515+0000] {logging_mixin.py:149} INFO - [2023-06-14T14:40:23.515+0000] {dag.py:2726} INFO - Sync 1 DAGs
[2023-06-14T14:40:23.536+0000] {logging_mixin.py:149} INFO - [2023-06-14T14:40:23.536+0000] {dag.py:3486} INFO - Setting next_dagrun for example_nested_branch_dag to 2023-06-13T00:00:00+00:00, run_after=2023-06-14T00:00:00+00:00
[2023-06-14T14:40:23.564+0000] {processor.py:179} INFO - Processing /usr/local/lib/python3.8/dist-packages/airflow/example_dags/example_nested_branch_dag.py took 0.089 seconds
[2023-06-14T14:41:18.192+0000] {processor.py:157} INFO - Started process (PID=8061) to work on /usr/local/lib/python3.8/dist-packages/airflow/example_dags/example_nested_branch_dag.py
[2023-06-14T14:41:18.193+0000] {processor.py:826} INFO - Processing file /usr/local/lib/python3.8/dist-packages/airflow/example_dags/example_nested_branch_dag.py for tasks to queue
[2023-06-14T14:41:18.196+0000] {logging_mixin.py:149} INFO - [2023-06-14T14:41:18.196+0000] {dagbag.py:541} INFO - Filling up the DagBag from /usr/local/lib/python3.8/dist-packages/airflow/example_dags/example_nested_branch_dag.py
[2023-06-14T14:41:18.206+0000] {processor.py:836} INFO - DAG(s) dict_keys(['example_nested_branch_dag']) retrieved from /usr/local/lib/python3.8/dist-packages/airflow/example_dags/example_nested_branch_dag.py
[2023-06-14T14:41:18.228+0000] {logging_mixin.py:149} INFO - [2023-06-14T14:41:18.228+0000] {dag.py:2726} INFO - Sync 1 DAGs
[2023-06-14T14:41:18.251+0000] {logging_mixin.py:149} INFO - [2023-06-14T14:41:18.250+0000] {dag.py:3486} INFO - Setting next_dagrun for example_nested_branch_dag to 2023-06-13T00:00:00+00:00, run_after=2023-06-14T00:00:00+00:00
[2023-06-14T14:41:18.279+0000] {processor.py:179} INFO - Processing /usr/local/lib/python3.8/dist-packages/airflow/example_dags/example_nested_branch_dag.py took 0.091 seconds
[2023-06-14T14:42:11.757+0000] {processor.py:157} INFO - Started process (PID=8223) to work on /usr/local/lib/python3.8/dist-packages/airflow/example_dags/example_nested_branch_dag.py
[2023-06-14T14:42:11.759+0000] {processor.py:826} INFO - Processing file /usr/local/lib/python3.8/dist-packages/airflow/example_dags/example_nested_branch_dag.py for tasks to queue
[2023-06-14T14:42:11.761+0000] {logging_mixin.py:149} INFO - [2023-06-14T14:42:11.761+0000] {dagbag.py:541} INFO - Filling up the DagBag from /usr/local/lib/python3.8/dist-packages/airflow/example_dags/example_nested_branch_dag.py
[2023-06-14T14:42:11.772+0000] {processor.py:836} INFO - DAG(s) dict_keys(['example_nested_branch_dag']) retrieved from /usr/local/lib/python3.8/dist-packages/airflow/example_dags/example_nested_branch_dag.py
[2023-06-14T14:42:11.793+0000] {logging_mixin.py:149} INFO - [2023-06-14T14:42:11.793+0000] {dag.py:2726} INFO - Sync 1 DAGs
[2023-06-14T14:42:11.815+0000] {logging_mixin.py:149} INFO - [2023-06-14T14:42:11.815+0000] {dag.py:3486} INFO - Setting next_dagrun for example_nested_branch_dag to 2023-06-13T00:00:00+00:00, run_after=2023-06-14T00:00:00+00:00
[2023-06-14T14:42:11.843+0000] {processor.py:179} INFO - Processing /usr/local/lib/python3.8/dist-packages/airflow/example_dags/example_nested_branch_dag.py took 0.090 seconds
[2023-06-14T14:43:08.294+0000] {processor.py:157} INFO - Started process (PID=8381) to work on /usr/local/lib/python3.8/dist-packages/airflow/example_dags/example_nested_branch_dag.py
[2023-06-14T14:43:08.295+0000] {processor.py:826} INFO - Processing file /usr/local/lib/python3.8/dist-packages/airflow/example_dags/example_nested_branch_dag.py for tasks to queue
[2023-06-14T14:43:08.297+0000] {logging_mixin.py:149} INFO - [2023-06-14T14:43:08.297+0000] {dagbag.py:541} INFO - Filling up the DagBag from /usr/local/lib/python3.8/dist-packages/airflow/example_dags/example_nested_branch_dag.py
[2023-06-14T14:43:08.308+0000] {processor.py:836} INFO - DAG(s) dict_keys(['example_nested_branch_dag']) retrieved from /usr/local/lib/python3.8/dist-packages/airflow/example_dags/example_nested_branch_dag.py
[2023-06-14T14:43:08.329+0000] {logging_mixin.py:149} INFO - [2023-06-14T14:43:08.329+0000] {dag.py:2726} INFO - Sync 1 DAGs
[2023-06-14T14:43:08.350+0000] {logging_mixin.py:149} INFO - [2023-06-14T14:43:08.350+0000] {dag.py:3486} INFO - Setting next_dagrun for example_nested_branch_dag to 2023-06-13T00:00:00+00:00, run_after=2023-06-14T00:00:00+00:00
[2023-06-14T14:43:08.378+0000] {processor.py:179} INFO - Processing /usr/local/lib/python3.8/dist-packages/airflow/example_dags/example_nested_branch_dag.py took 0.089 seconds
[2023-06-14T14:44:05.106+0000] {processor.py:157} INFO - Started process (PID=8641) to work on /usr/local/lib/python3.8/dist-packages/airflow/example_dags/example_nested_branch_dag.py
[2023-06-14T14:44:05.107+0000] {processor.py:826} INFO - Processing file /usr/local/lib/python3.8/dist-packages/airflow/example_dags/example_nested_branch_dag.py for tasks to queue
[2023-06-14T14:44:05.110+0000] {logging_mixin.py:149} INFO - [2023-06-14T14:44:05.109+0000] {dagbag.py:541} INFO - Filling up the DagBag from /usr/local/lib/python3.8/dist-packages/airflow/example_dags/example_nested_branch_dag.py
[2023-06-14T14:44:05.120+0000] {processor.py:836} INFO - DAG(s) dict_keys(['example_nested_branch_dag']) retrieved from /usr/local/lib/python3.8/dist-packages/airflow/example_dags/example_nested_branch_dag.py
[2023-06-14T14:44:05.144+0000] {logging_mixin.py:149} INFO - [2023-06-14T14:44:05.143+0000] {dag.py:2726} INFO - Sync 1 DAGs
[2023-06-14T14:44:05.167+0000] {logging_mixin.py:149} INFO - [2023-06-14T14:44:05.167+0000] {dag.py:3486} INFO - Setting next_dagrun for example_nested_branch_dag to 2023-06-13T00:00:00+00:00, run_after=2023-06-14T00:00:00+00:00
[2023-06-14T14:44:05.197+0000] {processor.py:179} INFO - Processing /usr/local/lib/python3.8/dist-packages/airflow/example_dags/example_nested_branch_dag.py took 0.096 seconds
[2023-06-14T14:44:58.345+0000] {processor.py:157} INFO - Started process (PID=8799) to work on /usr/local/lib/python3.8/dist-packages/airflow/example_dags/example_nested_branch_dag.py
[2023-06-14T14:44:58.347+0000] {processor.py:826} INFO - Processing file /usr/local/lib/python3.8/dist-packages/airflow/example_dags/example_nested_branch_dag.py for tasks to queue
[2023-06-14T14:44:58.349+0000] {logging_mixin.py:149} INFO - [2023-06-14T14:44:58.349+0000] {dagbag.py:541} INFO - Filling up the DagBag from /usr/local/lib/python3.8/dist-packages/airflow/example_dags/example_nested_branch_dag.py
[2023-06-14T14:44:58.359+0000] {processor.py:836} INFO - DAG(s) dict_keys(['example_nested_branch_dag']) retrieved from /usr/local/lib/python3.8/dist-packages/airflow/example_dags/example_nested_branch_dag.py
[2023-06-14T14:44:58.382+0000] {logging_mixin.py:149} INFO - [2023-06-14T14:44:58.381+0000] {dag.py:2726} INFO - Sync 1 DAGs
[2023-06-14T14:44:58.404+0000] {logging_mixin.py:149} INFO - [2023-06-14T14:44:58.403+0000] {dag.py:3486} INFO - Setting next_dagrun for example_nested_branch_dag to 2023-06-13T00:00:00+00:00, run_after=2023-06-14T00:00:00+00:00
[2023-06-14T14:44:58.430+0000] {processor.py:179} INFO - Processing /usr/local/lib/python3.8/dist-packages/airflow/example_dags/example_nested_branch_dag.py took 0.089 seconds
[2023-06-14T14:45:55.052+0000] {processor.py:157} INFO - Started process (PID=8960) to work on /usr/local/lib/python3.8/dist-packages/airflow/example_dags/example_nested_branch_dag.py
[2023-06-14T14:45:55.054+0000] {processor.py:826} INFO - Processing file /usr/local/lib/python3.8/dist-packages/airflow/example_dags/example_nested_branch_dag.py for tasks to queue
[2023-06-14T14:45:55.056+0000] {logging_mixin.py:149} INFO - [2023-06-14T14:45:55.056+0000] {dagbag.py:541} INFO - Filling up the DagBag from /usr/local/lib/python3.8/dist-packages/airflow/example_dags/example_nested_branch_dag.py
[2023-06-14T14:45:55.066+0000] {processor.py:836} INFO - DAG(s) dict_keys(['example_nested_branch_dag']) retrieved from /usr/local/lib/python3.8/dist-packages/airflow/example_dags/example_nested_branch_dag.py
[2023-06-14T14:45:55.089+0000] {logging_mixin.py:149} INFO - [2023-06-14T14:45:55.088+0000] {dag.py:2726} INFO - Sync 1 DAGs
[2023-06-14T14:45:55.112+0000] {logging_mixin.py:149} INFO - [2023-06-14T14:45:55.111+0000] {dag.py:3486} INFO - Setting next_dagrun for example_nested_branch_dag to 2023-06-13T00:00:00+00:00, run_after=2023-06-14T00:00:00+00:00
[2023-06-14T14:45:55.139+0000] {processor.py:179} INFO - Processing /usr/local/lib/python3.8/dist-packages/airflow/example_dags/example_nested_branch_dag.py took 0.090 seconds
[2023-06-14T14:46:49.506+0000] {processor.py:157} INFO - Started process (PID=9015) to work on /usr/local/lib/python3.8/dist-packages/airflow/example_dags/example_nested_branch_dag.py
[2023-06-14T14:46:49.508+0000] {processor.py:826} INFO - Processing file /usr/local/lib/python3.8/dist-packages/airflow/example_dags/example_nested_branch_dag.py for tasks to queue
[2023-06-14T14:46:49.510+0000] {logging_mixin.py:149} INFO - [2023-06-14T14:46:49.510+0000] {dagbag.py:541} INFO - Filling up the DagBag from /usr/local/lib/python3.8/dist-packages/airflow/example_dags/example_nested_branch_dag.py
[2023-06-14T14:46:49.521+0000] {processor.py:836} INFO - DAG(s) dict_keys(['example_nested_branch_dag']) retrieved from /usr/local/lib/python3.8/dist-packages/airflow/example_dags/example_nested_branch_dag.py
[2023-06-14T14:46:49.543+0000] {logging_mixin.py:149} INFO - [2023-06-14T14:46:49.542+0000] {dag.py:2726} INFO - Sync 1 DAGs
[2023-06-14T14:46:49.565+0000] {logging_mixin.py:149} INFO - [2023-06-14T14:46:49.565+0000] {dag.py:3486} INFO - Setting next_dagrun for example_nested_branch_dag to 2023-06-13T00:00:00+00:00, run_after=2023-06-14T00:00:00+00:00
[2023-06-14T14:46:49.591+0000] {processor.py:179} INFO - Processing /usr/local/lib/python3.8/dist-packages/airflow/example_dags/example_nested_branch_dag.py took 0.088 seconds
[2023-06-14T14:47:42.211+0000] {processor.py:157} INFO - Started process (PID=9174) to work on /usr/local/lib/python3.8/dist-packages/airflow/example_dags/example_nested_branch_dag.py
[2023-06-14T14:47:42.213+0000] {processor.py:826} INFO - Processing file /usr/local/lib/python3.8/dist-packages/airflow/example_dags/example_nested_branch_dag.py for tasks to queue
[2023-06-14T14:47:42.215+0000] {logging_mixin.py:149} INFO - [2023-06-14T14:47:42.215+0000] {dagbag.py:541} INFO - Filling up the DagBag from /usr/local/lib/python3.8/dist-packages/airflow/example_dags/example_nested_branch_dag.py
[2023-06-14T14:47:42.226+0000] {processor.py:836} INFO - DAG(s) dict_keys(['example_nested_branch_dag']) retrieved from /usr/local/lib/python3.8/dist-packages/airflow/example_dags/example_nested_branch_dag.py
[2023-06-14T14:47:42.248+0000] {logging_mixin.py:149} INFO - [2023-06-14T14:47:42.248+0000] {dag.py:2726} INFO - Sync 1 DAGs
[2023-06-14T14:47:42.269+0000] {logging_mixin.py:149} INFO - [2023-06-14T14:47:42.269+0000] {dag.py:3486} INFO - Setting next_dagrun for example_nested_branch_dag to 2023-06-13T00:00:00+00:00, run_after=2023-06-14T00:00:00+00:00
[2023-06-14T14:47:42.294+0000] {processor.py:179} INFO - Processing /usr/local/lib/python3.8/dist-packages/airflow/example_dags/example_nested_branch_dag.py took 0.087 seconds
[2023-06-14T14:48:32.662+0000] {processor.py:157} INFO - Started process (PID=9328) to work on /usr/local/lib/python3.8/dist-packages/airflow/example_dags/example_nested_branch_dag.py
[2023-06-14T14:48:32.663+0000] {processor.py:826} INFO - Processing file /usr/local/lib/python3.8/dist-packages/airflow/example_dags/example_nested_branch_dag.py for tasks to queue
[2023-06-14T14:48:32.666+0000] {logging_mixin.py:149} INFO - [2023-06-14T14:48:32.666+0000] {dagbag.py:541} INFO - Filling up the DagBag from /usr/local/lib/python3.8/dist-packages/airflow/example_dags/example_nested_branch_dag.py
[2023-06-14T14:48:32.676+0000] {processor.py:836} INFO - DAG(s) dict_keys(['example_nested_branch_dag']) retrieved from /usr/local/lib/python3.8/dist-packages/airflow/example_dags/example_nested_branch_dag.py
[2023-06-14T14:48:32.698+0000] {logging_mixin.py:149} INFO - [2023-06-14T14:48:32.697+0000] {dag.py:2726} INFO - Sync 1 DAGs
[2023-06-14T14:48:32.720+0000] {logging_mixin.py:149} INFO - [2023-06-14T14:48:32.720+0000] {dag.py:3486} INFO - Setting next_dagrun for example_nested_branch_dag to 2023-06-13T00:00:00+00:00, run_after=2023-06-14T00:00:00+00:00
[2023-06-14T14:48:32.748+0000] {processor.py:179} INFO - Processing /usr/local/lib/python3.8/dist-packages/airflow/example_dags/example_nested_branch_dag.py took 0.090 seconds
[2023-06-14T14:49:29.498+0000] {processor.py:157} INFO - Started process (PID=9589) to work on /usr/local/lib/python3.8/dist-packages/airflow/example_dags/example_nested_branch_dag.py
[2023-06-14T14:49:29.499+0000] {processor.py:826} INFO - Processing file /usr/local/lib/python3.8/dist-packages/airflow/example_dags/example_nested_branch_dag.py for tasks to queue
[2023-06-14T14:49:29.502+0000] {logging_mixin.py:149} INFO - [2023-06-14T14:49:29.502+0000] {dagbag.py:541} INFO - Filling up the DagBag from /usr/local/lib/python3.8/dist-packages/airflow/example_dags/example_nested_branch_dag.py
[2023-06-14T14:49:29.513+0000] {processor.py:836} INFO - DAG(s) dict_keys(['example_nested_branch_dag']) retrieved from /usr/local/lib/python3.8/dist-packages/airflow/example_dags/example_nested_branch_dag.py
[2023-06-14T14:49:29.535+0000] {logging_mixin.py:149} INFO - [2023-06-14T14:49:29.535+0000] {dag.py:2726} INFO - Sync 1 DAGs
[2023-06-14T14:49:29.557+0000] {logging_mixin.py:149} INFO - [2023-06-14T14:49:29.557+0000] {dag.py:3486} INFO - Setting next_dagrun for example_nested_branch_dag to 2023-06-13T00:00:00+00:00, run_after=2023-06-14T00:00:00+00:00
[2023-06-14T14:49:29.584+0000] {processor.py:179} INFO - Processing /usr/local/lib/python3.8/dist-packages/airflow/example_dags/example_nested_branch_dag.py took 0.090 seconds
[2023-06-14T14:50:24.918+0000] {processor.py:157} INFO - Started process (PID=9748) to work on /usr/local/lib/python3.8/dist-packages/airflow/example_dags/example_nested_branch_dag.py
[2023-06-14T14:50:24.919+0000] {processor.py:826} INFO - Processing file /usr/local/lib/python3.8/dist-packages/airflow/example_dags/example_nested_branch_dag.py for tasks to queue
[2023-06-14T14:50:24.921+0000] {logging_mixin.py:149} INFO - [2023-06-14T14:50:24.921+0000] {dagbag.py:541} INFO - Filling up the DagBag from /usr/local/lib/python3.8/dist-packages/airflow/example_dags/example_nested_branch_dag.py
[2023-06-14T14:50:24.932+0000] {processor.py:836} INFO - DAG(s) dict_keys(['example_nested_branch_dag']) retrieved from /usr/local/lib/python3.8/dist-packages/airflow/example_dags/example_nested_branch_dag.py
[2023-06-14T14:50:24.954+0000] {logging_mixin.py:149} INFO - [2023-06-14T14:50:24.953+0000] {dag.py:2726} INFO - Sync 1 DAGs
[2023-06-14T14:50:24.976+0000] {logging_mixin.py:149} INFO - [2023-06-14T14:50:24.976+0000] {dag.py:3486} INFO - Setting next_dagrun for example_nested_branch_dag to 2023-06-13T00:00:00+00:00, run_after=2023-06-14T00:00:00+00:00
[2023-06-14T14:50:25.002+0000] {processor.py:179} INFO - Processing /usr/local/lib/python3.8/dist-packages/airflow/example_dags/example_nested_branch_dag.py took 0.088 seconds
[2023-06-14T14:51:16.299+0000] {processor.py:157} INFO - Started process (PID=9903) to work on /usr/local/lib/python3.8/dist-packages/airflow/example_dags/example_nested_branch_dag.py
[2023-06-14T14:51:16.300+0000] {processor.py:826} INFO - Processing file /usr/local/lib/python3.8/dist-packages/airflow/example_dags/example_nested_branch_dag.py for tasks to queue
[2023-06-14T14:51:16.303+0000] {logging_mixin.py:149} INFO - [2023-06-14T14:51:16.303+0000] {dagbag.py:541} INFO - Filling up the DagBag from /usr/local/lib/python3.8/dist-packages/airflow/example_dags/example_nested_branch_dag.py
[2023-06-14T14:51:16.313+0000] {processor.py:836} INFO - DAG(s) dict_keys(['example_nested_branch_dag']) retrieved from /usr/local/lib/python3.8/dist-packages/airflow/example_dags/example_nested_branch_dag.py
[2023-06-14T14:51:16.335+0000] {logging_mixin.py:149} INFO - [2023-06-14T14:51:16.335+0000] {dag.py:2726} INFO - Sync 1 DAGs
[2023-06-14T14:51:16.357+0000] {logging_mixin.py:149} INFO - [2023-06-14T14:51:16.357+0000] {dag.py:3486} INFO - Setting next_dagrun for example_nested_branch_dag to 2023-06-13T00:00:00+00:00, run_after=2023-06-14T00:00:00+00:00
[2023-06-14T14:51:16.386+0000] {processor.py:179} INFO - Processing /usr/local/lib/python3.8/dist-packages/airflow/example_dags/example_nested_branch_dag.py took 0.092 seconds
[2023-06-14T14:52:02.285+0000] {processor.py:157} INFO - Started process (PID=10056) to work on /usr/local/lib/python3.8/dist-packages/airflow/example_dags/example_nested_branch_dag.py
[2023-06-14T14:52:02.286+0000] {processor.py:826} INFO - Processing file /usr/local/lib/python3.8/dist-packages/airflow/example_dags/example_nested_branch_dag.py for tasks to queue
[2023-06-14T14:52:02.288+0000] {logging_mixin.py:149} INFO - [2023-06-14T14:52:02.288+0000] {dagbag.py:541} INFO - Filling up the DagBag from /usr/local/lib/python3.8/dist-packages/airflow/example_dags/example_nested_branch_dag.py
[2023-06-14T14:52:02.299+0000] {processor.py:836} INFO - DAG(s) dict_keys(['example_nested_branch_dag']) retrieved from /usr/local/lib/python3.8/dist-packages/airflow/example_dags/example_nested_branch_dag.py
[2023-06-14T14:52:02.321+0000] {logging_mixin.py:149} INFO - [2023-06-14T14:52:02.320+0000] {dag.py:2726} INFO - Sync 1 DAGs
[2023-06-14T14:52:02.342+0000] {logging_mixin.py:149} INFO - [2023-06-14T14:52:02.342+0000] {dag.py:3486} INFO - Setting next_dagrun for example_nested_branch_dag to 2023-06-13T00:00:00+00:00, run_after=2023-06-14T00:00:00+00:00
[2023-06-14T14:52:02.368+0000] {processor.py:179} INFO - Processing /usr/local/lib/python3.8/dist-packages/airflow/example_dags/example_nested_branch_dag.py took 0.087 seconds
[2023-06-14T14:52:54.275+0000] {processor.py:157} INFO - Started process (PID=10215) to work on /usr/local/lib/python3.8/dist-packages/airflow/example_dags/example_nested_branch_dag.py
[2023-06-14T14:52:54.277+0000] {processor.py:826} INFO - Processing file /usr/local/lib/python3.8/dist-packages/airflow/example_dags/example_nested_branch_dag.py for tasks to queue
[2023-06-14T14:52:54.279+0000] {logging_mixin.py:149} INFO - [2023-06-14T14:52:54.279+0000] {dagbag.py:541} INFO - Filling up the DagBag from /usr/local/lib/python3.8/dist-packages/airflow/example_dags/example_nested_branch_dag.py
[2023-06-14T14:52:54.290+0000] {processor.py:836} INFO - DAG(s) dict_keys(['example_nested_branch_dag']) retrieved from /usr/local/lib/python3.8/dist-packages/airflow/example_dags/example_nested_branch_dag.py
[2023-06-14T14:52:54.311+0000] {logging_mixin.py:149} INFO - [2023-06-14T14:52:54.311+0000] {dag.py:2726} INFO - Sync 1 DAGs
[2023-06-14T14:52:54.333+0000] {logging_mixin.py:149} INFO - [2023-06-14T14:52:54.333+0000] {dag.py:3486} INFO - Setting next_dagrun for example_nested_branch_dag to 2023-06-13T00:00:00+00:00, run_after=2023-06-14T00:00:00+00:00
[2023-06-14T14:52:54.362+0000] {processor.py:179} INFO - Processing /usr/local/lib/python3.8/dist-packages/airflow/example_dags/example_nested_branch_dag.py took 0.091 seconds
[2023-06-14T14:53:47.032+0000] {processor.py:157} INFO - Started process (PID=10268) to work on /usr/local/lib/python3.8/dist-packages/airflow/example_dags/example_nested_branch_dag.py
[2023-06-14T14:53:47.033+0000] {processor.py:826} INFO - Processing file /usr/local/lib/python3.8/dist-packages/airflow/example_dags/example_nested_branch_dag.py for tasks to queue
[2023-06-14T14:53:47.036+0000] {logging_mixin.py:149} INFO - [2023-06-14T14:53:47.035+0000] {dagbag.py:541} INFO - Filling up the DagBag from /usr/local/lib/python3.8/dist-packages/airflow/example_dags/example_nested_branch_dag.py
[2023-06-14T14:53:47.046+0000] {processor.py:836} INFO - DAG(s) dict_keys(['example_nested_branch_dag']) retrieved from /usr/local/lib/python3.8/dist-packages/airflow/example_dags/example_nested_branch_dag.py
[2023-06-14T14:53:47.068+0000] {logging_mixin.py:149} INFO - [2023-06-14T14:53:47.067+0000] {dag.py:2726} INFO - Sync 1 DAGs
[2023-06-14T14:53:47.089+0000] {logging_mixin.py:149} INFO - [2023-06-14T14:53:47.089+0000] {dag.py:3486} INFO - Setting next_dagrun for example_nested_branch_dag to 2023-06-13T00:00:00+00:00, run_after=2023-06-14T00:00:00+00:00
[2023-06-14T14:53:47.116+0000] {processor.py:179} INFO - Processing /usr/local/lib/python3.8/dist-packages/airflow/example_dags/example_nested_branch_dag.py took 0.088 seconds
[2023-06-14T14:54:41.584+0000] {processor.py:157} INFO - Started process (PID=10530) to work on /usr/local/lib/python3.8/dist-packages/airflow/example_dags/example_nested_branch_dag.py
[2023-06-14T14:54:41.586+0000] {processor.py:826} INFO - Processing file /usr/local/lib/python3.8/dist-packages/airflow/example_dags/example_nested_branch_dag.py for tasks to queue
[2023-06-14T14:54:41.588+0000] {logging_mixin.py:149} INFO - [2023-06-14T14:54:41.588+0000] {dagbag.py:541} INFO - Filling up the DagBag from /usr/local/lib/python3.8/dist-packages/airflow/example_dags/example_nested_branch_dag.py
[2023-06-14T14:54:41.598+0000] {processor.py:836} INFO - DAG(s) dict_keys(['example_nested_branch_dag']) retrieved from /usr/local/lib/python3.8/dist-packages/airflow/example_dags/example_nested_branch_dag.py
[2023-06-14T14:54:41.620+0000] {logging_mixin.py:149} INFO - [2023-06-14T14:54:41.619+0000] {dag.py:2726} INFO - Sync 1 DAGs
[2023-06-14T14:54:41.642+0000] {logging_mixin.py:149} INFO - [2023-06-14T14:54:41.641+0000] {dag.py:3486} INFO - Setting next_dagrun for example_nested_branch_dag to 2023-06-13T00:00:00+00:00, run_after=2023-06-14T00:00:00+00:00
[2023-06-14T14:54:41.672+0000] {processor.py:179} INFO - Processing /usr/local/lib/python3.8/dist-packages/airflow/example_dags/example_nested_branch_dag.py took 0.091 seconds
[2023-06-14T14:55:33.625+0000] {processor.py:157} INFO - Started process (PID=10787) to work on /usr/local/lib/python3.8/dist-packages/airflow/example_dags/example_nested_branch_dag.py
[2023-06-14T14:55:33.627+0000] {processor.py:826} INFO - Processing file /usr/local/lib/python3.8/dist-packages/airflow/example_dags/example_nested_branch_dag.py for tasks to queue
[2023-06-14T14:55:33.629+0000] {logging_mixin.py:149} INFO - [2023-06-14T14:55:33.629+0000] {dagbag.py:541} INFO - Filling up the DagBag from /usr/local/lib/python3.8/dist-packages/airflow/example_dags/example_nested_branch_dag.py
[2023-06-14T14:55:33.639+0000] {processor.py:836} INFO - DAG(s) dict_keys(['example_nested_branch_dag']) retrieved from /usr/local/lib/python3.8/dist-packages/airflow/example_dags/example_nested_branch_dag.py
[2023-06-14T14:55:33.661+0000] {logging_mixin.py:149} INFO - [2023-06-14T14:55:33.660+0000] {dag.py:2726} INFO - Sync 1 DAGs
[2023-06-14T14:55:33.682+0000] {logging_mixin.py:149} INFO - [2023-06-14T14:55:33.682+0000] {dag.py:3486} INFO - Setting next_dagrun for example_nested_branch_dag to 2023-06-13T00:00:00+00:00, run_after=2023-06-14T00:00:00+00:00
[2023-06-14T14:55:33.711+0000] {processor.py:179} INFO - Processing /usr/local/lib/python3.8/dist-packages/airflow/example_dags/example_nested_branch_dag.py took 0.090 seconds
[2023-06-14T14:56:25.462+0000] {processor.py:157} INFO - Started process (PID=10944) to work on /usr/local/lib/python3.8/dist-packages/airflow/example_dags/example_nested_branch_dag.py
[2023-06-14T14:56:25.464+0000] {processor.py:826} INFO - Processing file /usr/local/lib/python3.8/dist-packages/airflow/example_dags/example_nested_branch_dag.py for tasks to queue
[2023-06-14T14:56:25.466+0000] {logging_mixin.py:149} INFO - [2023-06-14T14:56:25.466+0000] {dagbag.py:541} INFO - Filling up the DagBag from /usr/local/lib/python3.8/dist-packages/airflow/example_dags/example_nested_branch_dag.py
[2023-06-14T14:56:25.476+0000] {processor.py:836} INFO - DAG(s) dict_keys(['example_nested_branch_dag']) retrieved from /usr/local/lib/python3.8/dist-packages/airflow/example_dags/example_nested_branch_dag.py
[2023-06-14T14:56:25.498+0000] {logging_mixin.py:149} INFO - [2023-06-14T14:56:25.497+0000] {dag.py:2726} INFO - Sync 1 DAGs
[2023-06-14T14:56:25.519+0000] {logging_mixin.py:149} INFO - [2023-06-14T14:56:25.519+0000] {dag.py:3486} INFO - Setting next_dagrun for example_nested_branch_dag to 2023-06-13T00:00:00+00:00, run_after=2023-06-14T00:00:00+00:00
[2023-06-14T14:56:25.546+0000] {processor.py:179} INFO - Processing /usr/local/lib/python3.8/dist-packages/airflow/example_dags/example_nested_branch_dag.py took 0.088 seconds
[2023-06-14T14:57:15.848+0000] {processor.py:157} INFO - Started process (PID=11104) to work on /usr/local/lib/python3.8/dist-packages/airflow/example_dags/example_nested_branch_dag.py
[2023-06-14T14:57:15.850+0000] {processor.py:826} INFO - Processing file /usr/local/lib/python3.8/dist-packages/airflow/example_dags/example_nested_branch_dag.py for tasks to queue
[2023-06-14T14:57:15.852+0000] {logging_mixin.py:149} INFO - [2023-06-14T14:57:15.852+0000] {dagbag.py:541} INFO - Filling up the DagBag from /usr/local/lib/python3.8/dist-packages/airflow/example_dags/example_nested_branch_dag.py
[2023-06-14T14:57:15.863+0000] {processor.py:836} INFO - DAG(s) dict_keys(['example_nested_branch_dag']) retrieved from /usr/local/lib/python3.8/dist-packages/airflow/example_dags/example_nested_branch_dag.py
[2023-06-14T14:57:15.884+0000] {logging_mixin.py:149} INFO - [2023-06-14T14:57:15.883+0000] {dag.py:2726} INFO - Sync 1 DAGs
[2023-06-14T14:57:15.906+0000] {logging_mixin.py:149} INFO - [2023-06-14T14:57:15.906+0000] {dag.py:3486} INFO - Setting next_dagrun for example_nested_branch_dag to 2023-06-13T00:00:00+00:00, run_after=2023-06-14T00:00:00+00:00
[2023-06-14T14:57:15.932+0000] {processor.py:179} INFO - Processing /usr/local/lib/python3.8/dist-packages/airflow/example_dags/example_nested_branch_dag.py took 0.088 seconds
[2023-06-14T14:58:07.329+0000] {processor.py:157} INFO - Started process (PID=11258) to work on /usr/local/lib/python3.8/dist-packages/airflow/example_dags/example_nested_branch_dag.py
[2023-06-14T14:58:07.331+0000] {processor.py:826} INFO - Processing file /usr/local/lib/python3.8/dist-packages/airflow/example_dags/example_nested_branch_dag.py for tasks to queue
[2023-06-14T14:58:07.333+0000] {logging_mixin.py:149} INFO - [2023-06-14T14:58:07.333+0000] {dagbag.py:541} INFO - Filling up the DagBag from /usr/local/lib/python3.8/dist-packages/airflow/example_dags/example_nested_branch_dag.py
[2023-06-14T14:58:07.344+0000] {processor.py:836} INFO - DAG(s) dict_keys(['example_nested_branch_dag']) retrieved from /usr/local/lib/python3.8/dist-packages/airflow/example_dags/example_nested_branch_dag.py
[2023-06-14T14:58:07.366+0000] {logging_mixin.py:149} INFO - [2023-06-14T14:58:07.365+0000] {dag.py:2726} INFO - Sync 1 DAGs
[2023-06-14T14:58:07.388+0000] {logging_mixin.py:149} INFO - [2023-06-14T14:58:07.388+0000] {dag.py:3486} INFO - Setting next_dagrun for example_nested_branch_dag to 2023-06-13T00:00:00+00:00, run_after=2023-06-14T00:00:00+00:00
[2023-06-14T14:58:07.424+0000] {processor.py:179} INFO - Processing /usr/local/lib/python3.8/dist-packages/airflow/example_dags/example_nested_branch_dag.py took 0.098 seconds
[2023-06-14T14:58:57.766+0000] {processor.py:157} INFO - Started process (PID=11516) to work on /usr/local/lib/python3.8/dist-packages/airflow/example_dags/example_nested_branch_dag.py
[2023-06-14T14:58:57.767+0000] {processor.py:826} INFO - Processing file /usr/local/lib/python3.8/dist-packages/airflow/example_dags/example_nested_branch_dag.py for tasks to queue
[2023-06-14T14:58:57.769+0000] {logging_mixin.py:149} INFO - [2023-06-14T14:58:57.769+0000] {dagbag.py:541} INFO - Filling up the DagBag from /usr/local/lib/python3.8/dist-packages/airflow/example_dags/example_nested_branch_dag.py
[2023-06-14T14:58:57.780+0000] {processor.py:836} INFO - DAG(s) dict_keys(['example_nested_branch_dag']) retrieved from /usr/local/lib/python3.8/dist-packages/airflow/example_dags/example_nested_branch_dag.py
[2023-06-14T14:58:57.801+0000] {logging_mixin.py:149} INFO - [2023-06-14T14:58:57.801+0000] {dag.py:2726} INFO - Sync 1 DAGs
[2023-06-14T14:58:57.823+0000] {logging_mixin.py:149} INFO - [2023-06-14T14:58:57.823+0000] {dag.py:3486} INFO - Setting next_dagrun for example_nested_branch_dag to 2023-06-13T00:00:00+00:00, run_after=2023-06-14T00:00:00+00:00
[2023-06-14T14:58:57.851+0000] {processor.py:179} INFO - Processing /usr/local/lib/python3.8/dist-packages/airflow/example_dags/example_nested_branch_dag.py took 0.089 seconds
[2023-06-14T14:59:44.894+0000] {processor.py:157} INFO - Started process (PID=11564) to work on /usr/local/lib/python3.8/dist-packages/airflow/example_dags/example_nested_branch_dag.py
[2023-06-14T14:59:44.895+0000] {processor.py:826} INFO - Processing file /usr/local/lib/python3.8/dist-packages/airflow/example_dags/example_nested_branch_dag.py for tasks to queue
[2023-06-14T14:59:44.898+0000] {logging_mixin.py:149} INFO - [2023-06-14T14:59:44.898+0000] {dagbag.py:541} INFO - Filling up the DagBag from /usr/local/lib/python3.8/dist-packages/airflow/example_dags/example_nested_branch_dag.py
[2023-06-14T14:59:44.908+0000] {processor.py:836} INFO - DAG(s) dict_keys(['example_nested_branch_dag']) retrieved from /usr/local/lib/python3.8/dist-packages/airflow/example_dags/example_nested_branch_dag.py
[2023-06-14T14:59:44.930+0000] {logging_mixin.py:149} INFO - [2023-06-14T14:59:44.929+0000] {dag.py:2726} INFO - Sync 1 DAGs
[2023-06-14T14:59:44.952+0000] {logging_mixin.py:149} INFO - [2023-06-14T14:59:44.951+0000] {dag.py:3486} INFO - Setting next_dagrun for example_nested_branch_dag to 2023-06-13T00:00:00+00:00, run_after=2023-06-14T00:00:00+00:00
[2023-06-14T14:59:44.980+0000] {processor.py:179} INFO - Processing /usr/local/lib/python3.8/dist-packages/airflow/example_dags/example_nested_branch_dag.py took 0.089 seconds
[2023-06-14T15:00:34.337+0000] {processor.py:157} INFO - Started process (PID=11720) to work on /usr/local/lib/python3.8/dist-packages/airflow/example_dags/example_nested_branch_dag.py
[2023-06-14T15:00:34.338+0000] {processor.py:826} INFO - Processing file /usr/local/lib/python3.8/dist-packages/airflow/example_dags/example_nested_branch_dag.py for tasks to queue
[2023-06-14T15:00:34.341+0000] {logging_mixin.py:149} INFO - [2023-06-14T15:00:34.341+0000] {dagbag.py:541} INFO - Filling up the DagBag from /usr/local/lib/python3.8/dist-packages/airflow/example_dags/example_nested_branch_dag.py
[2023-06-14T15:00:34.351+0000] {processor.py:836} INFO - DAG(s) dict_keys(['example_nested_branch_dag']) retrieved from /usr/local/lib/python3.8/dist-packages/airflow/example_dags/example_nested_branch_dag.py
[2023-06-14T15:00:34.374+0000] {logging_mixin.py:149} INFO - [2023-06-14T15:00:34.373+0000] {dag.py:2726} INFO - Sync 1 DAGs
[2023-06-14T15:00:34.396+0000] {logging_mixin.py:149} INFO - [2023-06-14T15:00:34.396+0000] {dag.py:3486} INFO - Setting next_dagrun for example_nested_branch_dag to 2023-06-13T00:00:00+00:00, run_after=2023-06-14T00:00:00+00:00
[2023-06-14T15:00:34.427+0000] {processor.py:179} INFO - Processing /usr/local/lib/python3.8/dist-packages/airflow/example_dags/example_nested_branch_dag.py took 0.094 seconds
[2023-06-14T15:01:27.259+0000] {processor.py:157} INFO - Started process (PID=11878) to work on /usr/local/lib/python3.8/dist-packages/airflow/example_dags/example_nested_branch_dag.py
[2023-06-14T15:01:27.260+0000] {processor.py:826} INFO - Processing file /usr/local/lib/python3.8/dist-packages/airflow/example_dags/example_nested_branch_dag.py for tasks to queue
[2023-06-14T15:01:27.263+0000] {logging_mixin.py:149} INFO - [2023-06-14T15:01:27.263+0000] {dagbag.py:541} INFO - Filling up the DagBag from /usr/local/lib/python3.8/dist-packages/airflow/example_dags/example_nested_branch_dag.py
[2023-06-14T15:01:27.273+0000] {processor.py:836} INFO - DAG(s) dict_keys(['example_nested_branch_dag']) retrieved from /usr/local/lib/python3.8/dist-packages/airflow/example_dags/example_nested_branch_dag.py
[2023-06-14T15:01:27.294+0000] {logging_mixin.py:149} INFO - [2023-06-14T15:01:27.294+0000] {dag.py:2726} INFO - Sync 1 DAGs
[2023-06-14T15:01:27.316+0000] {logging_mixin.py:149} INFO - [2023-06-14T15:01:27.315+0000] {dag.py:3486} INFO - Setting next_dagrun for example_nested_branch_dag to 2023-06-13T00:00:00+00:00, run_after=2023-06-14T00:00:00+00:00
[2023-06-14T15:01:27.348+0000] {processor.py:179} INFO - Processing /usr/local/lib/python3.8/dist-packages/airflow/example_dags/example_nested_branch_dag.py took 0.093 seconds
[2023-06-14T15:02:17.623+0000] {processor.py:157} INFO - Started process (PID=12041) to work on /usr/local/lib/python3.8/dist-packages/airflow/example_dags/example_nested_branch_dag.py
[2023-06-14T15:02:17.624+0000] {processor.py:826} INFO - Processing file /usr/local/lib/python3.8/dist-packages/airflow/example_dags/example_nested_branch_dag.py for tasks to queue
[2023-06-14T15:02:17.627+0000] {logging_mixin.py:149} INFO - [2023-06-14T15:02:17.627+0000] {dagbag.py:541} INFO - Filling up the DagBag from /usr/local/lib/python3.8/dist-packages/airflow/example_dags/example_nested_branch_dag.py
[2023-06-14T15:02:17.637+0000] {processor.py:836} INFO - DAG(s) dict_keys(['example_nested_branch_dag']) retrieved from /usr/local/lib/python3.8/dist-packages/airflow/example_dags/example_nested_branch_dag.py
[2023-06-14T15:02:17.659+0000] {logging_mixin.py:149} INFO - [2023-06-14T15:02:17.658+0000] {dag.py:2726} INFO - Sync 1 DAGs
[2023-06-14T15:02:17.680+0000] {logging_mixin.py:149} INFO - [2023-06-14T15:02:17.680+0000] {dag.py:3486} INFO - Setting next_dagrun for example_nested_branch_dag to 2023-06-13T00:00:00+00:00, run_after=2023-06-14T00:00:00+00:00
[2023-06-14T15:02:17.713+0000] {processor.py:179} INFO - Processing /usr/local/lib/python3.8/dist-packages/airflow/example_dags/example_nested_branch_dag.py took 0.094 seconds
[2023-06-14T15:03:08.023+0000] {processor.py:157} INFO - Started process (PID=12299) to work on /usr/local/lib/python3.8/dist-packages/airflow/example_dags/example_nested_branch_dag.py
[2023-06-14T15:03:08.025+0000] {processor.py:826} INFO - Processing file /usr/local/lib/python3.8/dist-packages/airflow/example_dags/example_nested_branch_dag.py for tasks to queue
[2023-06-14T15:03:08.027+0000] {logging_mixin.py:149} INFO - [2023-06-14T15:03:08.027+0000] {dagbag.py:541} INFO - Filling up the DagBag from /usr/local/lib/python3.8/dist-packages/airflow/example_dags/example_nested_branch_dag.py
[2023-06-14T15:03:08.037+0000] {processor.py:836} INFO - DAG(s) dict_keys(['example_nested_branch_dag']) retrieved from /usr/local/lib/python3.8/dist-packages/airflow/example_dags/example_nested_branch_dag.py
[2023-06-14T15:03:08.058+0000] {logging_mixin.py:149} INFO - [2023-06-14T15:03:08.058+0000] {dag.py:2726} INFO - Sync 1 DAGs
[2023-06-14T15:03:08.080+0000] {logging_mixin.py:149} INFO - [2023-06-14T15:03:08.080+0000] {dag.py:3486} INFO - Setting next_dagrun for example_nested_branch_dag to 2023-06-13T00:00:00+00:00, run_after=2023-06-14T00:00:00+00:00
[2023-06-14T15:03:08.107+0000] {processor.py:179} INFO - Processing /usr/local/lib/python3.8/dist-packages/airflow/example_dags/example_nested_branch_dag.py took 0.088 seconds
[2023-06-14T15:04:00.766+0000] {processor.py:157} INFO - Started process (PID=12559) to work on /usr/local/lib/python3.8/dist-packages/airflow/example_dags/example_nested_branch_dag.py
[2023-06-14T15:04:00.767+0000] {processor.py:826} INFO - Processing file /usr/local/lib/python3.8/dist-packages/airflow/example_dags/example_nested_branch_dag.py for tasks to queue
[2023-06-14T15:04:00.770+0000] {logging_mixin.py:149} INFO - [2023-06-14T15:04:00.770+0000] {dagbag.py:541} INFO - Filling up the DagBag from /usr/local/lib/python3.8/dist-packages/airflow/example_dags/example_nested_branch_dag.py
[2023-06-14T15:04:00.780+0000] {processor.py:836} INFO - DAG(s) dict_keys(['example_nested_branch_dag']) retrieved from /usr/local/lib/python3.8/dist-packages/airflow/example_dags/example_nested_branch_dag.py
[2023-06-14T15:04:00.802+0000] {logging_mixin.py:149} INFO - [2023-06-14T15:04:00.801+0000] {dag.py:2726} INFO - Sync 1 DAGs
[2023-06-14T15:04:00.823+0000] {logging_mixin.py:149} INFO - [2023-06-14T15:04:00.823+0000] {dag.py:3486} INFO - Setting next_dagrun for example_nested_branch_dag to 2023-06-13T00:00:00+00:00, run_after=2023-06-14T00:00:00+00:00
[2023-06-14T15:04:00.850+0000] {processor.py:179} INFO - Processing /usr/local/lib/python3.8/dist-packages/airflow/example_dags/example_nested_branch_dag.py took 0.088 seconds
[2023-06-14T15:04:53.418+0000] {processor.py:157} INFO - Started process (PID=12715) to work on /usr/local/lib/python3.8/dist-packages/airflow/example_dags/example_nested_branch_dag.py
[2023-06-14T15:04:53.419+0000] {processor.py:826} INFO - Processing file /usr/local/lib/python3.8/dist-packages/airflow/example_dags/example_nested_branch_dag.py for tasks to queue
[2023-06-14T15:04:53.422+0000] {logging_mixin.py:149} INFO - [2023-06-14T15:04:53.422+0000] {dagbag.py:541} INFO - Filling up the DagBag from /usr/local/lib/python3.8/dist-packages/airflow/example_dags/example_nested_branch_dag.py
[2023-06-14T15:04:53.432+0000] {processor.py:836} INFO - DAG(s) dict_keys(['example_nested_branch_dag']) retrieved from /usr/local/lib/python3.8/dist-packages/airflow/example_dags/example_nested_branch_dag.py
[2023-06-14T15:04:53.454+0000] {logging_mixin.py:149} INFO - [2023-06-14T15:04:53.454+0000] {dag.py:2726} INFO - Sync 1 DAGs
[2023-06-14T15:04:53.475+0000] {logging_mixin.py:149} INFO - [2023-06-14T15:04:53.475+0000] {dag.py:3486} INFO - Setting next_dagrun for example_nested_branch_dag to 2023-06-13T00:00:00+00:00, run_after=2023-06-14T00:00:00+00:00
[2023-06-14T15:04:53.506+0000] {processor.py:179} INFO - Processing /usr/local/lib/python3.8/dist-packages/airflow/example_dags/example_nested_branch_dag.py took 0.092 seconds
[2023-06-14T15:05:50.221+0000] {processor.py:157} INFO - Started process (PID=13009) to work on /usr/local/lib/python3.8/dist-packages/airflow/example_dags/example_nested_branch_dag.py
[2023-06-14T15:05:50.222+0000] {processor.py:826} INFO - Processing file /usr/local/lib/python3.8/dist-packages/airflow/example_dags/example_nested_branch_dag.py for tasks to queue
[2023-06-14T15:05:50.225+0000] {logging_mixin.py:149} INFO - [2023-06-14T15:05:50.224+0000] {dagbag.py:541} INFO - Filling up the DagBag from /usr/local/lib/python3.8/dist-packages/airflow/example_dags/example_nested_branch_dag.py
[2023-06-14T15:05:50.235+0000] {processor.py:836} INFO - DAG(s) dict_keys(['example_nested_branch_dag']) retrieved from /usr/local/lib/python3.8/dist-packages/airflow/example_dags/example_nested_branch_dag.py
[2023-06-14T15:05:50.257+0000] {logging_mixin.py:149} INFO - [2023-06-14T15:05:50.256+0000] {dag.py:2726} INFO - Sync 1 DAGs
[2023-06-14T15:05:50.279+0000] {logging_mixin.py:149} INFO - [2023-06-14T15:05:50.279+0000] {dag.py:3486} INFO - Setting next_dagrun for example_nested_branch_dag to 2023-06-13T00:00:00+00:00, run_after=2023-06-14T00:00:00+00:00
[2023-06-14T15:05:50.311+0000] {processor.py:179} INFO - Processing /usr/local/lib/python3.8/dist-packages/airflow/example_dags/example_nested_branch_dag.py took 0.095 seconds
[2023-06-14T15:06:43.063+0000] {processor.py:157} INFO - Started process (PID=13166) to work on /usr/local/lib/python3.8/dist-packages/airflow/example_dags/example_nested_branch_dag.py
[2023-06-14T15:06:43.065+0000] {processor.py:826} INFO - Processing file /usr/local/lib/python3.8/dist-packages/airflow/example_dags/example_nested_branch_dag.py for tasks to queue
[2023-06-14T15:06:43.067+0000] {logging_mixin.py:149} INFO - [2023-06-14T15:06:43.067+0000] {dagbag.py:541} INFO - Filling up the DagBag from /usr/local/lib/python3.8/dist-packages/airflow/example_dags/example_nested_branch_dag.py
[2023-06-14T15:06:43.078+0000] {processor.py:836} INFO - DAG(s) dict_keys(['example_nested_branch_dag']) retrieved from /usr/local/lib/python3.8/dist-packages/airflow/example_dags/example_nested_branch_dag.py
[2023-06-14T15:06:43.099+0000] {logging_mixin.py:149} INFO - [2023-06-14T15:06:43.099+0000] {dag.py:2726} INFO - Sync 1 DAGs
[2023-06-14T15:06:43.121+0000] {logging_mixin.py:149} INFO - [2023-06-14T15:06:43.121+0000] {dag.py:3486} INFO - Setting next_dagrun for example_nested_branch_dag to 2023-06-13T00:00:00+00:00, run_after=2023-06-14T00:00:00+00:00
[2023-06-14T15:06:43.150+0000] {processor.py:179} INFO - Processing /usr/local/lib/python3.8/dist-packages/airflow/example_dags/example_nested_branch_dag.py took 0.091 seconds
[2023-06-14T15:07:33.465+0000] {processor.py:157} INFO - Started process (PID=13437) to work on /usr/local/lib/python3.8/dist-packages/airflow/example_dags/example_nested_branch_dag.py
[2023-06-14T15:07:33.466+0000] {processor.py:826} INFO - Processing file /usr/local/lib/python3.8/dist-packages/airflow/example_dags/example_nested_branch_dag.py for tasks to queue
[2023-06-14T15:07:33.469+0000] {logging_mixin.py:149} INFO - [2023-06-14T15:07:33.468+0000] {dagbag.py:541} INFO - Filling up the DagBag from /usr/local/lib/python3.8/dist-packages/airflow/example_dags/example_nested_branch_dag.py
[2023-06-14T15:07:33.479+0000] {processor.py:836} INFO - DAG(s) dict_keys(['example_nested_branch_dag']) retrieved from /usr/local/lib/python3.8/dist-packages/airflow/example_dags/example_nested_branch_dag.py
[2023-06-14T15:07:33.501+0000] {logging_mixin.py:149} INFO - [2023-06-14T15:07:33.501+0000] {dag.py:2726} INFO - Sync 1 DAGs
[2023-06-14T15:07:33.523+0000] {logging_mixin.py:149} INFO - [2023-06-14T15:07:33.522+0000] {dag.py:3486} INFO - Setting next_dagrun for example_nested_branch_dag to 2023-06-13T00:00:00+00:00, run_after=2023-06-14T00:00:00+00:00
[2023-06-14T15:07:33.550+0000] {processor.py:179} INFO - Processing /usr/local/lib/python3.8/dist-packages/airflow/example_dags/example_nested_branch_dag.py took 0.089 seconds
[2023-06-14T15:08:23.794+0000] {processor.py:157} INFO - Started process (PID=13593) to work on /usr/local/lib/python3.8/dist-packages/airflow/example_dags/example_nested_branch_dag.py
[2023-06-14T15:08:23.795+0000] {processor.py:826} INFO - Processing file /usr/local/lib/python3.8/dist-packages/airflow/example_dags/example_nested_branch_dag.py for tasks to queue
[2023-06-14T15:08:23.798+0000] {logging_mixin.py:149} INFO - [2023-06-14T15:08:23.797+0000] {dagbag.py:541} INFO - Filling up the DagBag from /usr/local/lib/python3.8/dist-packages/airflow/example_dags/example_nested_branch_dag.py
[2023-06-14T15:08:23.808+0000] {processor.py:836} INFO - DAG(s) dict_keys(['example_nested_branch_dag']) retrieved from /usr/local/lib/python3.8/dist-packages/airflow/example_dags/example_nested_branch_dag.py
[2023-06-14T15:08:23.830+0000] {logging_mixin.py:149} INFO - [2023-06-14T15:08:23.829+0000] {dag.py:2726} INFO - Sync 1 DAGs
[2023-06-14T15:08:23.852+0000] {logging_mixin.py:149} INFO - [2023-06-14T15:08:23.851+0000] {dag.py:3486} INFO - Setting next_dagrun for example_nested_branch_dag to 2023-06-13T00:00:00+00:00, run_after=2023-06-14T00:00:00+00:00
[2023-06-14T15:08:23.878+0000] {processor.py:179} INFO - Processing /usr/local/lib/python3.8/dist-packages/airflow/example_dags/example_nested_branch_dag.py took 0.088 seconds
[2023-06-14T15:09:12.775+0000] {processor.py:157} INFO - Started process (PID=13849) to work on /usr/local/lib/python3.8/dist-packages/airflow/example_dags/example_nested_branch_dag.py
[2023-06-14T15:09:12.778+0000] {processor.py:826} INFO - Processing file /usr/local/lib/python3.8/dist-packages/airflow/example_dags/example_nested_branch_dag.py for tasks to queue
[2023-06-14T15:09:12.780+0000] {logging_mixin.py:149} INFO - [2023-06-14T15:09:12.780+0000] {dagbag.py:541} INFO - Filling up the DagBag from /usr/local/lib/python3.8/dist-packages/airflow/example_dags/example_nested_branch_dag.py
[2023-06-14T15:09:12.791+0000] {processor.py:836} INFO - DAG(s) dict_keys(['example_nested_branch_dag']) retrieved from /usr/local/lib/python3.8/dist-packages/airflow/example_dags/example_nested_branch_dag.py
[2023-06-14T15:09:12.812+0000] {logging_mixin.py:149} INFO - [2023-06-14T15:09:12.812+0000] {dag.py:2726} INFO - Sync 1 DAGs
[2023-06-14T15:09:12.833+0000] {logging_mixin.py:149} INFO - [2023-06-14T15:09:12.833+0000] {dag.py:3486} INFO - Setting next_dagrun for example_nested_branch_dag to 2023-06-13T00:00:00+00:00, run_after=2023-06-14T00:00:00+00:00
[2023-06-14T15:09:12.861+0000] {processor.py:179} INFO - Processing /usr/local/lib/python3.8/dist-packages/airflow/example_dags/example_nested_branch_dag.py took 0.089 seconds
[2023-06-14T15:10:03.476+0000] {processor.py:157} INFO - Started process (PID=14002) to work on /usr/local/lib/python3.8/dist-packages/airflow/example_dags/example_nested_branch_dag.py
[2023-06-14T15:10:03.478+0000] {processor.py:826} INFO - Processing file /usr/local/lib/python3.8/dist-packages/airflow/example_dags/example_nested_branch_dag.py for tasks to queue
[2023-06-14T15:10:03.480+0000] {logging_mixin.py:149} INFO - [2023-06-14T15:10:03.480+0000] {dagbag.py:541} INFO - Filling up the DagBag from /usr/local/lib/python3.8/dist-packages/airflow/example_dags/example_nested_branch_dag.py
[2023-06-14T15:10:03.490+0000] {processor.py:836} INFO - DAG(s) dict_keys(['example_nested_branch_dag']) retrieved from /usr/local/lib/python3.8/dist-packages/airflow/example_dags/example_nested_branch_dag.py
[2023-06-14T15:10:03.512+0000] {logging_mixin.py:149} INFO - [2023-06-14T15:10:03.511+0000] {dag.py:2726} INFO - Sync 1 DAGs
[2023-06-14T15:10:03.533+0000] {logging_mixin.py:149} INFO - [2023-06-14T15:10:03.533+0000] {dag.py:3486} INFO - Setting next_dagrun for example_nested_branch_dag to 2023-06-13T00:00:00+00:00, run_after=2023-06-14T00:00:00+00:00
[2023-06-14T15:10:03.561+0000] {processor.py:179} INFO - Processing /usr/local/lib/python3.8/dist-packages/airflow/example_dags/example_nested_branch_dag.py took 0.089 seconds
[2023-06-14T15:10:54.230+0000] {processor.py:157} INFO - Started process (PID=14159) to work on /usr/local/lib/python3.8/dist-packages/airflow/example_dags/example_nested_branch_dag.py
[2023-06-14T15:10:54.233+0000] {processor.py:826} INFO - Processing file /usr/local/lib/python3.8/dist-packages/airflow/example_dags/example_nested_branch_dag.py for tasks to queue
[2023-06-14T15:10:54.235+0000] {logging_mixin.py:149} INFO - [2023-06-14T15:10:54.235+0000] {dagbag.py:541} INFO - Filling up the DagBag from /usr/local/lib/python3.8/dist-packages/airflow/example_dags/example_nested_branch_dag.py
[2023-06-14T15:10:54.246+0000] {processor.py:836} INFO - DAG(s) dict_keys(['example_nested_branch_dag']) retrieved from /usr/local/lib/python3.8/dist-packages/airflow/example_dags/example_nested_branch_dag.py
[2023-06-14T15:10:54.268+0000] {logging_mixin.py:149} INFO - [2023-06-14T15:10:54.267+0000] {dag.py:2726} INFO - Sync 1 DAGs
[2023-06-14T15:10:54.290+0000] {logging_mixin.py:149} INFO - [2023-06-14T15:10:54.290+0000] {dag.py:3486} INFO - Setting next_dagrun for example_nested_branch_dag to 2023-06-13T00:00:00+00:00, run_after=2023-06-14T00:00:00+00:00
[2023-06-14T15:10:54.316+0000] {processor.py:179} INFO - Processing /usr/local/lib/python3.8/dist-packages/airflow/example_dags/example_nested_branch_dag.py took 0.090 seconds
[2023-06-14T15:11:40.554+0000] {processor.py:157} INFO - Started process (PID=14208) to work on /usr/local/lib/python3.8/dist-packages/airflow/example_dags/example_nested_branch_dag.py
[2023-06-14T15:11:40.555+0000] {processor.py:826} INFO - Processing file /usr/local/lib/python3.8/dist-packages/airflow/example_dags/example_nested_branch_dag.py for tasks to queue
[2023-06-14T15:11:40.557+0000] {logging_mixin.py:149} INFO - [2023-06-14T15:11:40.557+0000] {dagbag.py:541} INFO - Filling up the DagBag from /usr/local/lib/python3.8/dist-packages/airflow/example_dags/example_nested_branch_dag.py
[2023-06-14T15:11:40.568+0000] {processor.py:836} INFO - DAG(s) dict_keys(['example_nested_branch_dag']) retrieved from /usr/local/lib/python3.8/dist-packages/airflow/example_dags/example_nested_branch_dag.py
[2023-06-14T15:11:40.589+0000] {logging_mixin.py:149} INFO - [2023-06-14T15:11:40.589+0000] {dag.py:2726} INFO - Sync 1 DAGs
[2023-06-14T15:11:40.611+0000] {logging_mixin.py:149} INFO - [2023-06-14T15:11:40.610+0000] {dag.py:3486} INFO - Setting next_dagrun for example_nested_branch_dag to 2023-06-13T00:00:00+00:00, run_after=2023-06-14T00:00:00+00:00
[2023-06-14T15:11:40.640+0000] {processor.py:179} INFO - Processing /usr/local/lib/python3.8/dist-packages/airflow/example_dags/example_nested_branch_dag.py took 0.090 seconds
[2023-06-14T15:12:33.431+0000] {processor.py:157} INFO - Started process (PID=14370) to work on /usr/local/lib/python3.8/dist-packages/airflow/example_dags/example_nested_branch_dag.py
[2023-06-14T15:12:33.432+0000] {processor.py:826} INFO - Processing file /usr/local/lib/python3.8/dist-packages/airflow/example_dags/example_nested_branch_dag.py for tasks to queue
[2023-06-14T15:12:33.435+0000] {logging_mixin.py:149} INFO - [2023-06-14T15:12:33.435+0000] {dagbag.py:541} INFO - Filling up the DagBag from /usr/local/lib/python3.8/dist-packages/airflow/example_dags/example_nested_branch_dag.py
[2023-06-14T15:12:33.445+0000] {processor.py:836} INFO - DAG(s) dict_keys(['example_nested_branch_dag']) retrieved from /usr/local/lib/python3.8/dist-packages/airflow/example_dags/example_nested_branch_dag.py
[2023-06-14T15:12:33.467+0000] {logging_mixin.py:149} INFO - [2023-06-14T15:12:33.466+0000] {dag.py:2726} INFO - Sync 1 DAGs
[2023-06-14T15:12:33.488+0000] {logging_mixin.py:149} INFO - [2023-06-14T15:12:33.488+0000] {dag.py:3486} INFO - Setting next_dagrun for example_nested_branch_dag to 2023-06-13T00:00:00+00:00, run_after=2023-06-14T00:00:00+00:00
[2023-06-14T15:12:33.516+0000] {processor.py:179} INFO - Processing /usr/local/lib/python3.8/dist-packages/airflow/example_dags/example_nested_branch_dag.py took 0.090 seconds
[2023-06-14T15:13:26.257+0000] {processor.py:157} INFO - Started process (PID=14526) to work on /usr/local/lib/python3.8/dist-packages/airflow/example_dags/example_nested_branch_dag.py
[2023-06-14T15:13:26.258+0000] {processor.py:826} INFO - Processing file /usr/local/lib/python3.8/dist-packages/airflow/example_dags/example_nested_branch_dag.py for tasks to queue
[2023-06-14T15:13:26.261+0000] {logging_mixin.py:149} INFO - [2023-06-14T15:13:26.261+0000] {dagbag.py:541} INFO - Filling up the DagBag from /usr/local/lib/python3.8/dist-packages/airflow/example_dags/example_nested_branch_dag.py
[2023-06-14T15:13:26.271+0000] {processor.py:836} INFO - DAG(s) dict_keys(['example_nested_branch_dag']) retrieved from /usr/local/lib/python3.8/dist-packages/airflow/example_dags/example_nested_branch_dag.py
[2023-06-14T15:13:26.293+0000] {logging_mixin.py:149} INFO - [2023-06-14T15:13:26.293+0000] {dag.py:2726} INFO - Sync 1 DAGs
[2023-06-14T15:13:26.315+0000] {logging_mixin.py:149} INFO - [2023-06-14T15:13:26.314+0000] {dag.py:3486} INFO - Setting next_dagrun for example_nested_branch_dag to 2023-06-13T00:00:00+00:00, run_after=2023-06-14T00:00:00+00:00
[2023-06-14T15:13:26.348+0000] {processor.py:179} INFO - Processing /usr/local/lib/python3.8/dist-packages/airflow/example_dags/example_nested_branch_dag.py took 0.094 seconds
[2023-06-14T15:14:16.015+0000] {processor.py:157} INFO - Started process (PID=14785) to work on /usr/local/lib/python3.8/dist-packages/airflow/example_dags/example_nested_branch_dag.py
[2023-06-14T15:14:16.016+0000] {processor.py:826} INFO - Processing file /usr/local/lib/python3.8/dist-packages/airflow/example_dags/example_nested_branch_dag.py for tasks to queue
[2023-06-14T15:14:16.019+0000] {logging_mixin.py:149} INFO - [2023-06-14T15:14:16.018+0000] {dagbag.py:541} INFO - Filling up the DagBag from /usr/local/lib/python3.8/dist-packages/airflow/example_dags/example_nested_branch_dag.py
[2023-06-14T15:14:16.029+0000] {processor.py:836} INFO - DAG(s) dict_keys(['example_nested_branch_dag']) retrieved from /usr/local/lib/python3.8/dist-packages/airflow/example_dags/example_nested_branch_dag.py
[2023-06-14T15:14:16.052+0000] {logging_mixin.py:149} INFO - [2023-06-14T15:14:16.051+0000] {dag.py:2726} INFO - Sync 1 DAGs
[2023-06-14T15:14:16.075+0000] {logging_mixin.py:149} INFO - [2023-06-14T15:14:16.075+0000] {dag.py:3486} INFO - Setting next_dagrun for example_nested_branch_dag to 2023-06-13T00:00:00+00:00, run_after=2023-06-14T00:00:00+00:00
[2023-06-14T15:14:16.103+0000] {processor.py:179} INFO - Processing /usr/local/lib/python3.8/dist-packages/airflow/example_dags/example_nested_branch_dag.py took 0.093 seconds
[2023-06-14T15:15:05.651+0000] {processor.py:157} INFO - Started process (PID=14937) to work on /usr/local/lib/python3.8/dist-packages/airflow/example_dags/example_nested_branch_dag.py
[2023-06-14T15:15:05.653+0000] {processor.py:826} INFO - Processing file /usr/local/lib/python3.8/dist-packages/airflow/example_dags/example_nested_branch_dag.py for tasks to queue
[2023-06-14T15:15:05.655+0000] {logging_mixin.py:149} INFO - [2023-06-14T15:15:05.655+0000] {dagbag.py:541} INFO - Filling up the DagBag from /usr/local/lib/python3.8/dist-packages/airflow/example_dags/example_nested_branch_dag.py
[2023-06-14T15:15:05.665+0000] {processor.py:836} INFO - DAG(s) dict_keys(['example_nested_branch_dag']) retrieved from /usr/local/lib/python3.8/dist-packages/airflow/example_dags/example_nested_branch_dag.py
[2023-06-14T15:15:05.687+0000] {logging_mixin.py:149} INFO - [2023-06-14T15:15:05.686+0000] {dag.py:2726} INFO - Sync 1 DAGs
[2023-06-14T15:15:05.708+0000] {logging_mixin.py:149} INFO - [2023-06-14T15:15:05.708+0000] {dag.py:3486} INFO - Setting next_dagrun for example_nested_branch_dag to 2023-06-13T00:00:00+00:00, run_after=2023-06-14T00:00:00+00:00
[2023-06-14T15:15:05.739+0000] {processor.py:179} INFO - Processing /usr/local/lib/python3.8/dist-packages/airflow/example_dags/example_nested_branch_dag.py took 0.092 seconds
