[2023-06-14T14:17:15.759+0000] {processor.py:157} INFO - Started process (PID=1955) to work on /usr/local/lib/python3.8/dist-packages/airflow/example_dags/example_kubernetes_executor.py
[2023-06-14T14:17:15.760+0000] {processor.py:826} INFO - Processing file /usr/local/lib/python3.8/dist-packages/airflow/example_dags/example_kubernetes_executor.py for tasks to queue
[2023-06-14T14:17:15.762+0000] {logging_mixin.py:149} INFO - [2023-06-14T14:17:15.762+0000] {dagbag.py:541} INFO - Filling up the DagBag from /usr/local/lib/python3.8/dist-packages/airflow/example_dags/example_kubernetes_executor.py
[2023-06-14T14:17:15.765+0000] {logging_mixin.py:149} INFO - [2023-06-14T14:17:15.765+0000] {example_kubernetes_executor.py:41} WARNING - The example_kubernetes_executor example DAG requires the kubernetes provider. Please install it with: pip install apache-airflow[cncf.kubernetes]
[2023-06-14T14:17:15.766+0000] {processor.py:838} WARNING - No viable dags retrieved from /usr/local/lib/python3.8/dist-packages/airflow/example_dags/example_kubernetes_executor.py
[2023-06-14T14:17:15.778+0000] {processor.py:179} INFO - Processing /usr/local/lib/python3.8/dist-packages/airflow/example_dags/example_kubernetes_executor.py took 0.023 seconds
[2023-06-14T14:19:38.550+0000] {processor.py:157} INFO - Started process (PID=4141) to work on /usr/local/lib/python3.8/dist-packages/airflow/example_dags/example_kubernetes_executor.py
[2023-06-14T14:19:38.552+0000] {processor.py:826} INFO - Processing file /usr/local/lib/python3.8/dist-packages/airflow/example_dags/example_kubernetes_executor.py for tasks to queue
[2023-06-14T14:19:38.554+0000] {logging_mixin.py:149} INFO - [2023-06-14T14:19:38.554+0000] {dagbag.py:541} INFO - Filling up the DagBag from /usr/local/lib/python3.8/dist-packages/airflow/example_dags/example_kubernetes_executor.py
[2023-06-14T14:19:38.557+0000] {logging_mixin.py:149} INFO - [2023-06-14T14:19:38.557+0000] {example_kubernetes_executor.py:41} WARNING - The example_kubernetes_executor example DAG requires the kubernetes provider. Please install it with: pip install apache-airflow[cncf.kubernetes]
[2023-06-14T14:19:38.557+0000] {processor.py:838} WARNING - No viable dags retrieved from /usr/local/lib/python3.8/dist-packages/airflow/example_dags/example_kubernetes_executor.py
[2023-06-14T14:19:38.570+0000] {processor.py:179} INFO - Processing /usr/local/lib/python3.8/dist-packages/airflow/example_dags/example_kubernetes_executor.py took 0.024 seconds
[2023-06-14T14:20:36.999+0000] {processor.py:157} INFO - Started process (PID=4302) to work on /usr/local/lib/python3.8/dist-packages/airflow/example_dags/example_kubernetes_executor.py
[2023-06-14T14:20:37.000+0000] {processor.py:826} INFO - Processing file /usr/local/lib/python3.8/dist-packages/airflow/example_dags/example_kubernetes_executor.py for tasks to queue
[2023-06-14T14:20:37.003+0000] {logging_mixin.py:149} INFO - [2023-06-14T14:20:37.003+0000] {dagbag.py:541} INFO - Filling up the DagBag from /usr/local/lib/python3.8/dist-packages/airflow/example_dags/example_kubernetes_executor.py
[2023-06-14T14:20:37.006+0000] {logging_mixin.py:149} INFO - [2023-06-14T14:20:37.006+0000] {example_kubernetes_executor.py:41} WARNING - The example_kubernetes_executor example DAG requires the kubernetes provider. Please install it with: pip install apache-airflow[cncf.kubernetes]
[2023-06-14T14:20:37.006+0000] {processor.py:838} WARNING - No viable dags retrieved from /usr/local/lib/python3.8/dist-packages/airflow/example_dags/example_kubernetes_executor.py
[2023-06-14T14:20:37.018+0000] {processor.py:179} INFO - Processing /usr/local/lib/python3.8/dist-packages/airflow/example_dags/example_kubernetes_executor.py took 0.023 seconds
[2023-06-14T14:21:31.224+0000] {processor.py:157} INFO - Started process (PID=4458) to work on /usr/local/lib/python3.8/dist-packages/airflow/example_dags/example_kubernetes_executor.py
[2023-06-14T14:21:31.225+0000] {processor.py:826} INFO - Processing file /usr/local/lib/python3.8/dist-packages/airflow/example_dags/example_kubernetes_executor.py for tasks to queue
[2023-06-14T14:21:31.227+0000] {logging_mixin.py:149} INFO - [2023-06-14T14:21:31.227+0000] {dagbag.py:541} INFO - Filling up the DagBag from /usr/local/lib/python3.8/dist-packages/airflow/example_dags/example_kubernetes_executor.py
[2023-06-14T14:21:31.231+0000] {logging_mixin.py:149} INFO - [2023-06-14T14:21:31.230+0000] {example_kubernetes_executor.py:41} WARNING - The example_kubernetes_executor example DAG requires the kubernetes provider. Please install it with: pip install apache-airflow[cncf.kubernetes]
[2023-06-14T14:21:31.231+0000] {processor.py:838} WARNING - No viable dags retrieved from /usr/local/lib/python3.8/dist-packages/airflow/example_dags/example_kubernetes_executor.py
[2023-06-14T14:21:31.243+0000] {processor.py:179} INFO - Processing /usr/local/lib/python3.8/dist-packages/airflow/example_dags/example_kubernetes_executor.py took 0.027 seconds
[2023-06-14T14:22:23.529+0000] {processor.py:157} INFO - Started process (PID=4620) to work on /usr/local/lib/python3.8/dist-packages/airflow/example_dags/example_kubernetes_executor.py
[2023-06-14T14:22:23.531+0000] {processor.py:826} INFO - Processing file /usr/local/lib/python3.8/dist-packages/airflow/example_dags/example_kubernetes_executor.py for tasks to queue
[2023-06-14T14:22:23.533+0000] {logging_mixin.py:149} INFO - [2023-06-14T14:22:23.533+0000] {dagbag.py:541} INFO - Filling up the DagBag from /usr/local/lib/python3.8/dist-packages/airflow/example_dags/example_kubernetes_executor.py
[2023-06-14T14:22:23.536+0000] {logging_mixin.py:149} INFO - [2023-06-14T14:22:23.536+0000] {example_kubernetes_executor.py:41} WARNING - The example_kubernetes_executor example DAG requires the kubernetes provider. Please install it with: pip install apache-airflow[cncf.kubernetes]
[2023-06-14T14:22:23.536+0000] {processor.py:838} WARNING - No viable dags retrieved from /usr/local/lib/python3.8/dist-packages/airflow/example_dags/example_kubernetes_executor.py
[2023-06-14T14:22:23.548+0000] {processor.py:179} INFO - Processing /usr/local/lib/python3.8/dist-packages/airflow/example_dags/example_kubernetes_executor.py took 0.023 seconds
[2023-06-14T14:23:15.790+0000] {processor.py:157} INFO - Started process (PID=4778) to work on /usr/local/lib/python3.8/dist-packages/airflow/example_dags/example_kubernetes_executor.py
[2023-06-14T14:23:15.791+0000] {processor.py:826} INFO - Processing file /usr/local/lib/python3.8/dist-packages/airflow/example_dags/example_kubernetes_executor.py for tasks to queue
[2023-06-14T14:23:15.797+0000] {logging_mixin.py:149} INFO - [2023-06-14T14:23:15.797+0000] {dagbag.py:541} INFO - Filling up the DagBag from /usr/local/lib/python3.8/dist-packages/airflow/example_dags/example_kubernetes_executor.py
[2023-06-14T14:23:15.800+0000] {logging_mixin.py:149} INFO - [2023-06-14T14:23:15.800+0000] {example_kubernetes_executor.py:41} WARNING - The example_kubernetes_executor example DAG requires the kubernetes provider. Please install it with: pip install apache-airflow[cncf.kubernetes]
[2023-06-14T14:23:15.800+0000] {processor.py:838} WARNING - No viable dags retrieved from /usr/local/lib/python3.8/dist-packages/airflow/example_dags/example_kubernetes_executor.py
[2023-06-14T14:23:15.812+0000] {processor.py:179} INFO - Processing /usr/local/lib/python3.8/dist-packages/airflow/example_dags/example_kubernetes_executor.py took 0.027 seconds
[2023-06-14T14:24:04.930+0000] {processor.py:157} INFO - Started process (PID=5032) to work on /usr/local/lib/python3.8/dist-packages/airflow/example_dags/example_kubernetes_executor.py
[2023-06-14T14:24:04.931+0000] {processor.py:826} INFO - Processing file /usr/local/lib/python3.8/dist-packages/airflow/example_dags/example_kubernetes_executor.py for tasks to queue
[2023-06-14T14:24:04.933+0000] {logging_mixin.py:149} INFO - [2023-06-14T14:24:04.933+0000] {dagbag.py:541} INFO - Filling up the DagBag from /usr/local/lib/python3.8/dist-packages/airflow/example_dags/example_kubernetes_executor.py
[2023-06-14T14:24:04.936+0000] {logging_mixin.py:149} INFO - [2023-06-14T14:24:04.936+0000] {example_kubernetes_executor.py:41} WARNING - The example_kubernetes_executor example DAG requires the kubernetes provider. Please install it with: pip install apache-airflow[cncf.kubernetes]
[2023-06-14T14:24:04.937+0000] {processor.py:838} WARNING - No viable dags retrieved from /usr/local/lib/python3.8/dist-packages/airflow/example_dags/example_kubernetes_executor.py
[2023-06-14T14:24:04.948+0000] {processor.py:179} INFO - Processing /usr/local/lib/python3.8/dist-packages/airflow/example_dags/example_kubernetes_executor.py took 0.023 seconds
[2023-06-14T14:24:55.562+0000] {processor.py:157} INFO - Started process (PID=5189) to work on /usr/local/lib/python3.8/dist-packages/airflow/example_dags/example_kubernetes_executor.py
[2023-06-14T14:24:55.564+0000] {processor.py:826} INFO - Processing file /usr/local/lib/python3.8/dist-packages/airflow/example_dags/example_kubernetes_executor.py for tasks to queue
[2023-06-14T14:24:55.566+0000] {logging_mixin.py:149} INFO - [2023-06-14T14:24:55.566+0000] {dagbag.py:541} INFO - Filling up the DagBag from /usr/local/lib/python3.8/dist-packages/airflow/example_dags/example_kubernetes_executor.py
[2023-06-14T14:24:55.569+0000] {logging_mixin.py:149} INFO - [2023-06-14T14:24:55.569+0000] {example_kubernetes_executor.py:41} WARNING - The example_kubernetes_executor example DAG requires the kubernetes provider. Please install it with: pip install apache-airflow[cncf.kubernetes]
[2023-06-14T14:24:55.569+0000] {processor.py:838} WARNING - No viable dags retrieved from /usr/local/lib/python3.8/dist-packages/airflow/example_dags/example_kubernetes_executor.py
[2023-06-14T14:24:55.581+0000] {processor.py:179} INFO - Processing /usr/local/lib/python3.8/dist-packages/airflow/example_dags/example_kubernetes_executor.py took 0.023 seconds
[2023-06-14T14:25:43.390+0000] {processor.py:157} INFO - Started process (PID=5238) to work on /usr/local/lib/python3.8/dist-packages/airflow/example_dags/example_kubernetes_executor.py
[2023-06-14T14:25:43.391+0000] {processor.py:826} INFO - Processing file /usr/local/lib/python3.8/dist-packages/airflow/example_dags/example_kubernetes_executor.py for tasks to queue
[2023-06-14T14:25:43.394+0000] {logging_mixin.py:149} INFO - [2023-06-14T14:25:43.394+0000] {dagbag.py:541} INFO - Filling up the DagBag from /usr/local/lib/python3.8/dist-packages/airflow/example_dags/example_kubernetes_executor.py
[2023-06-14T14:25:43.397+0000] {logging_mixin.py:149} INFO - [2023-06-14T14:25:43.397+0000] {example_kubernetes_executor.py:41} WARNING - The example_kubernetes_executor example DAG requires the kubernetes provider. Please install it with: pip install apache-airflow[cncf.kubernetes]
[2023-06-14T14:25:43.397+0000] {processor.py:838} WARNING - No viable dags retrieved from /usr/local/lib/python3.8/dist-packages/airflow/example_dags/example_kubernetes_executor.py
[2023-06-14T14:25:43.409+0000] {processor.py:179} INFO - Processing /usr/local/lib/python3.8/dist-packages/airflow/example_dags/example_kubernetes_executor.py took 0.023 seconds
[2023-06-14T14:26:38.354+0000] {processor.py:157} INFO - Started process (PID=5397) to work on /usr/local/lib/python3.8/dist-packages/airflow/example_dags/example_kubernetes_executor.py
[2023-06-14T14:26:38.356+0000] {processor.py:826} INFO - Processing file /usr/local/lib/python3.8/dist-packages/airflow/example_dags/example_kubernetes_executor.py for tasks to queue
[2023-06-14T14:26:38.358+0000] {logging_mixin.py:149} INFO - [2023-06-14T14:26:38.358+0000] {dagbag.py:541} INFO - Filling up the DagBag from /usr/local/lib/python3.8/dist-packages/airflow/example_dags/example_kubernetes_executor.py
[2023-06-14T14:26:38.361+0000] {logging_mixin.py:149} INFO - [2023-06-14T14:26:38.361+0000] {example_kubernetes_executor.py:41} WARNING - The example_kubernetes_executor example DAG requires the kubernetes provider. Please install it with: pip install apache-airflow[cncf.kubernetes]
[2023-06-14T14:26:38.361+0000] {processor.py:838} WARNING - No viable dags retrieved from /usr/local/lib/python3.8/dist-packages/airflow/example_dags/example_kubernetes_executor.py
[2023-06-14T14:26:38.373+0000] {processor.py:179} INFO - Processing /usr/local/lib/python3.8/dist-packages/airflow/example_dags/example_kubernetes_executor.py took 0.023 seconds
[2023-06-14T14:27:29.157+0000] {processor.py:157} INFO - Started process (PID=5555) to work on /usr/local/lib/python3.8/dist-packages/airflow/example_dags/example_kubernetes_executor.py
[2023-06-14T14:27:29.158+0000] {processor.py:826} INFO - Processing file /usr/local/lib/python3.8/dist-packages/airflow/example_dags/example_kubernetes_executor.py for tasks to queue
[2023-06-14T14:27:29.161+0000] {logging_mixin.py:149} INFO - [2023-06-14T14:27:29.160+0000] {dagbag.py:541} INFO - Filling up the DagBag from /usr/local/lib/python3.8/dist-packages/airflow/example_dags/example_kubernetes_executor.py
[2023-06-14T14:27:29.164+0000] {logging_mixin.py:149} INFO - [2023-06-14T14:27:29.164+0000] {example_kubernetes_executor.py:41} WARNING - The example_kubernetes_executor example DAG requires the kubernetes provider. Please install it with: pip install apache-airflow[cncf.kubernetes]
[2023-06-14T14:27:29.164+0000] {processor.py:838} WARNING - No viable dags retrieved from /usr/local/lib/python3.8/dist-packages/airflow/example_dags/example_kubernetes_executor.py
[2023-06-14T14:27:29.176+0000] {processor.py:179} INFO - Processing /usr/local/lib/python3.8/dist-packages/airflow/example_dags/example_kubernetes_executor.py took 0.022 seconds
[2023-06-14T14:28:23.214+0000] {processor.py:157} INFO - Started process (PID=5713) to work on /usr/local/lib/python3.8/dist-packages/airflow/example_dags/example_kubernetes_executor.py
[2023-06-14T14:28:23.216+0000] {processor.py:826} INFO - Processing file /usr/local/lib/python3.8/dist-packages/airflow/example_dags/example_kubernetes_executor.py for tasks to queue
[2023-06-14T14:28:23.219+0000] {logging_mixin.py:149} INFO - [2023-06-14T14:28:23.219+0000] {dagbag.py:541} INFO - Filling up the DagBag from /usr/local/lib/python3.8/dist-packages/airflow/example_dags/example_kubernetes_executor.py
[2023-06-14T14:28:23.222+0000] {logging_mixin.py:149} INFO - [2023-06-14T14:28:23.222+0000] {example_kubernetes_executor.py:41} WARNING - The example_kubernetes_executor example DAG requires the kubernetes provider. Please install it with: pip install apache-airflow[cncf.kubernetes]
[2023-06-14T14:28:23.222+0000] {processor.py:838} WARNING - No viable dags retrieved from /usr/local/lib/python3.8/dist-packages/airflow/example_dags/example_kubernetes_executor.py
[2023-06-14T14:28:23.233+0000] {processor.py:179} INFO - Processing /usr/local/lib/python3.8/dist-packages/airflow/example_dags/example_kubernetes_executor.py took 0.023 seconds
[2023-06-14T14:29:13.572+0000] {processor.py:157} INFO - Started process (PID=5972) to work on /usr/local/lib/python3.8/dist-packages/airflow/example_dags/example_kubernetes_executor.py
[2023-06-14T14:29:13.574+0000] {processor.py:826} INFO - Processing file /usr/local/lib/python3.8/dist-packages/airflow/example_dags/example_kubernetes_executor.py for tasks to queue
[2023-06-14T14:29:13.576+0000] {logging_mixin.py:149} INFO - [2023-06-14T14:29:13.576+0000] {dagbag.py:541} INFO - Filling up the DagBag from /usr/local/lib/python3.8/dist-packages/airflow/example_dags/example_kubernetes_executor.py
[2023-06-14T14:29:13.579+0000] {logging_mixin.py:149} INFO - [2023-06-14T14:29:13.579+0000] {example_kubernetes_executor.py:41} WARNING - The example_kubernetes_executor example DAG requires the kubernetes provider. Please install it with: pip install apache-airflow[cncf.kubernetes]
[2023-06-14T14:29:13.579+0000] {processor.py:838} WARNING - No viable dags retrieved from /usr/local/lib/python3.8/dist-packages/airflow/example_dags/example_kubernetes_executor.py
[2023-06-14T14:29:13.590+0000] {processor.py:179} INFO - Processing /usr/local/lib/python3.8/dist-packages/airflow/example_dags/example_kubernetes_executor.py took 0.022 seconds
[2023-06-14T14:30:06.053+0000] {processor.py:157} INFO - Started process (PID=6127) to work on /usr/local/lib/python3.8/dist-packages/airflow/example_dags/example_kubernetes_executor.py
[2023-06-14T14:30:06.054+0000] {processor.py:826} INFO - Processing file /usr/local/lib/python3.8/dist-packages/airflow/example_dags/example_kubernetes_executor.py for tasks to queue
[2023-06-14T14:30:06.057+0000] {logging_mixin.py:149} INFO - [2023-06-14T14:30:06.056+0000] {dagbag.py:541} INFO - Filling up the DagBag from /usr/local/lib/python3.8/dist-packages/airflow/example_dags/example_kubernetes_executor.py
[2023-06-14T14:30:06.060+0000] {logging_mixin.py:149} INFO - [2023-06-14T14:30:06.059+0000] {example_kubernetes_executor.py:41} WARNING - The example_kubernetes_executor example DAG requires the kubernetes provider. Please install it with: pip install apache-airflow[cncf.kubernetes]
[2023-06-14T14:30:06.060+0000] {processor.py:838} WARNING - No viable dags retrieved from /usr/local/lib/python3.8/dist-packages/airflow/example_dags/example_kubernetes_executor.py
[2023-06-14T14:30:06.071+0000] {processor.py:179} INFO - Processing /usr/local/lib/python3.8/dist-packages/airflow/example_dags/example_kubernetes_executor.py took 0.022 seconds
[2023-06-14T14:31:02.126+0000] {processor.py:157} INFO - Started process (PID=6286) to work on /usr/local/lib/python3.8/dist-packages/airflow/example_dags/example_kubernetes_executor.py
[2023-06-14T14:31:02.127+0000] {processor.py:826} INFO - Processing file /usr/local/lib/python3.8/dist-packages/airflow/example_dags/example_kubernetes_executor.py for tasks to queue
[2023-06-14T14:31:02.130+0000] {logging_mixin.py:149} INFO - [2023-06-14T14:31:02.130+0000] {dagbag.py:541} INFO - Filling up the DagBag from /usr/local/lib/python3.8/dist-packages/airflow/example_dags/example_kubernetes_executor.py
[2023-06-14T14:31:02.133+0000] {logging_mixin.py:149} INFO - [2023-06-14T14:31:02.133+0000] {example_kubernetes_executor.py:41} WARNING - The example_kubernetes_executor example DAG requires the kubernetes provider. Please install it with: pip install apache-airflow[cncf.kubernetes]
[2023-06-14T14:31:02.133+0000] {processor.py:838} WARNING - No viable dags retrieved from /usr/local/lib/python3.8/dist-packages/airflow/example_dags/example_kubernetes_executor.py
[2023-06-14T14:31:02.145+0000] {processor.py:179} INFO - Processing /usr/local/lib/python3.8/dist-packages/airflow/example_dags/example_kubernetes_executor.py took 0.024 seconds
[2023-06-14T14:31:54.195+0000] {processor.py:157} INFO - Started process (PID=6442) to work on /usr/local/lib/python3.8/dist-packages/airflow/example_dags/example_kubernetes_executor.py
[2023-06-14T14:31:54.196+0000] {processor.py:826} INFO - Processing file /usr/local/lib/python3.8/dist-packages/airflow/example_dags/example_kubernetes_executor.py for tasks to queue
[2023-06-14T14:31:54.199+0000] {logging_mixin.py:149} INFO - [2023-06-14T14:31:54.198+0000] {dagbag.py:541} INFO - Filling up the DagBag from /usr/local/lib/python3.8/dist-packages/airflow/example_dags/example_kubernetes_executor.py
[2023-06-14T14:31:54.202+0000] {logging_mixin.py:149} INFO - [2023-06-14T14:31:54.201+0000] {example_kubernetes_executor.py:41} WARNING - The example_kubernetes_executor example DAG requires the kubernetes provider. Please install it with: pip install apache-airflow[cncf.kubernetes]
[2023-06-14T14:31:54.202+0000] {processor.py:838} WARNING - No viable dags retrieved from /usr/local/lib/python3.8/dist-packages/airflow/example_dags/example_kubernetes_executor.py
[2023-06-14T14:31:54.213+0000] {processor.py:179} INFO - Processing /usr/local/lib/python3.8/dist-packages/airflow/example_dags/example_kubernetes_executor.py took 0.022 seconds
[2023-06-14T14:32:45.648+0000] {processor.py:157} INFO - Started process (PID=6502) to work on /usr/local/lib/python3.8/dist-packages/airflow/example_dags/example_kubernetes_executor.py
[2023-06-14T14:32:45.650+0000] {processor.py:826} INFO - Processing file /usr/local/lib/python3.8/dist-packages/airflow/example_dags/example_kubernetes_executor.py for tasks to queue
[2023-06-14T14:32:45.652+0000] {logging_mixin.py:149} INFO - [2023-06-14T14:32:45.652+0000] {dagbag.py:541} INFO - Filling up the DagBag from /usr/local/lib/python3.8/dist-packages/airflow/example_dags/example_kubernetes_executor.py
[2023-06-14T14:32:45.655+0000] {logging_mixin.py:149} INFO - [2023-06-14T14:32:45.655+0000] {example_kubernetes_executor.py:41} WARNING - The example_kubernetes_executor example DAG requires the kubernetes provider. Please install it with: pip install apache-airflow[cncf.kubernetes]
[2023-06-14T14:32:45.655+0000] {processor.py:838} WARNING - No viable dags retrieved from /usr/local/lib/python3.8/dist-packages/airflow/example_dags/example_kubernetes_executor.py
[2023-06-14T14:32:45.667+0000] {processor.py:179} INFO - Processing /usr/local/lib/python3.8/dist-packages/airflow/example_dags/example_kubernetes_executor.py took 0.022 seconds
[2023-06-14T14:33:33.797+0000] {processor.py:157} INFO - Started process (PID=6655) to work on /usr/local/lib/python3.8/dist-packages/airflow/example_dags/example_kubernetes_executor.py
[2023-06-14T14:33:33.798+0000] {processor.py:826} INFO - Processing file /usr/local/lib/python3.8/dist-packages/airflow/example_dags/example_kubernetes_executor.py for tasks to queue
[2023-06-14T14:33:33.801+0000] {logging_mixin.py:149} INFO - [2023-06-14T14:33:33.800+0000] {dagbag.py:541} INFO - Filling up the DagBag from /usr/local/lib/python3.8/dist-packages/airflow/example_dags/example_kubernetes_executor.py
[2023-06-14T14:33:33.804+0000] {logging_mixin.py:149} INFO - [2023-06-14T14:33:33.803+0000] {example_kubernetes_executor.py:41} WARNING - The example_kubernetes_executor example DAG requires the kubernetes provider. Please install it with: pip install apache-airflow[cncf.kubernetes]
[2023-06-14T14:33:33.804+0000] {processor.py:838} WARNING - No viable dags retrieved from /usr/local/lib/python3.8/dist-packages/airflow/example_dags/example_kubernetes_executor.py
[2023-06-14T14:33:33.815+0000] {processor.py:179} INFO - Processing /usr/local/lib/python3.8/dist-packages/airflow/example_dags/example_kubernetes_executor.py took 0.022 seconds
[2023-06-14T14:34:29.488+0000] {processor.py:157} INFO - Started process (PID=6914) to work on /usr/local/lib/python3.8/dist-packages/airflow/example_dags/example_kubernetes_executor.py
[2023-06-14T14:34:29.489+0000] {processor.py:826} INFO - Processing file /usr/local/lib/python3.8/dist-packages/airflow/example_dags/example_kubernetes_executor.py for tasks to queue
[2023-06-14T14:34:29.492+0000] {logging_mixin.py:149} INFO - [2023-06-14T14:34:29.491+0000] {dagbag.py:541} INFO - Filling up the DagBag from /usr/local/lib/python3.8/dist-packages/airflow/example_dags/example_kubernetes_executor.py
[2023-06-14T14:34:29.495+0000] {logging_mixin.py:149} INFO - [2023-06-14T14:34:29.494+0000] {example_kubernetes_executor.py:41} WARNING - The example_kubernetes_executor example DAG requires the kubernetes provider. Please install it with: pip install apache-airflow[cncf.kubernetes]
[2023-06-14T14:34:29.495+0000] {processor.py:838} WARNING - No viable dags retrieved from /usr/local/lib/python3.8/dist-packages/airflow/example_dags/example_kubernetes_executor.py
[2023-06-14T14:34:29.506+0000] {processor.py:179} INFO - Processing /usr/local/lib/python3.8/dist-packages/airflow/example_dags/example_kubernetes_executor.py took 0.022 seconds
[2023-06-14T14:35:21.223+0000] {processor.py:157} INFO - Started process (PID=7074) to work on /usr/local/lib/python3.8/dist-packages/airflow/example_dags/example_kubernetes_executor.py
[2023-06-14T14:35:21.225+0000] {processor.py:826} INFO - Processing file /usr/local/lib/python3.8/dist-packages/airflow/example_dags/example_kubernetes_executor.py for tasks to queue
[2023-06-14T14:35:21.227+0000] {logging_mixin.py:149} INFO - [2023-06-14T14:35:21.227+0000] {dagbag.py:541} INFO - Filling up the DagBag from /usr/local/lib/python3.8/dist-packages/airflow/example_dags/example_kubernetes_executor.py
[2023-06-14T14:35:21.231+0000] {logging_mixin.py:149} INFO - [2023-06-14T14:35:21.230+0000] {example_kubernetes_executor.py:41} WARNING - The example_kubernetes_executor example DAG requires the kubernetes provider. Please install it with: pip install apache-airflow[cncf.kubernetes]
[2023-06-14T14:35:21.231+0000] {processor.py:838} WARNING - No viable dags retrieved from /usr/local/lib/python3.8/dist-packages/airflow/example_dags/example_kubernetes_executor.py
[2023-06-14T14:35:21.243+0000] {processor.py:179} INFO - Processing /usr/local/lib/python3.8/dist-packages/airflow/example_dags/example_kubernetes_executor.py took 0.023 seconds
[2023-06-14T14:36:12.941+0000] {processor.py:157} INFO - Started process (PID=7231) to work on /usr/local/lib/python3.8/dist-packages/airflow/example_dags/example_kubernetes_executor.py
[2023-06-14T14:36:12.942+0000] {processor.py:826} INFO - Processing file /usr/local/lib/python3.8/dist-packages/airflow/example_dags/example_kubernetes_executor.py for tasks to queue
[2023-06-14T14:36:12.945+0000] {logging_mixin.py:149} INFO - [2023-06-14T14:36:12.945+0000] {dagbag.py:541} INFO - Filling up the DagBag from /usr/local/lib/python3.8/dist-packages/airflow/example_dags/example_kubernetes_executor.py
[2023-06-14T14:36:12.948+0000] {logging_mixin.py:149} INFO - [2023-06-14T14:36:12.948+0000] {example_kubernetes_executor.py:41} WARNING - The example_kubernetes_executor example DAG requires the kubernetes provider. Please install it with: pip install apache-airflow[cncf.kubernetes]
[2023-06-14T14:36:12.948+0000] {processor.py:838} WARNING - No viable dags retrieved from /usr/local/lib/python3.8/dist-packages/airflow/example_dags/example_kubernetes_executor.py
[2023-06-14T14:36:12.960+0000] {processor.py:179} INFO - Processing /usr/local/lib/python3.8/dist-packages/airflow/example_dags/example_kubernetes_executor.py took 0.023 seconds
[2023-06-14T14:37:04.895+0000] {processor.py:157} INFO - Started process (PID=7393) to work on /usr/local/lib/python3.8/dist-packages/airflow/example_dags/example_kubernetes_executor.py
[2023-06-14T14:37:04.897+0000] {processor.py:826} INFO - Processing file /usr/local/lib/python3.8/dist-packages/airflow/example_dags/example_kubernetes_executor.py for tasks to queue
[2023-06-14T14:37:04.899+0000] {logging_mixin.py:149} INFO - [2023-06-14T14:37:04.899+0000] {dagbag.py:541} INFO - Filling up the DagBag from /usr/local/lib/python3.8/dist-packages/airflow/example_dags/example_kubernetes_executor.py
[2023-06-14T14:37:04.902+0000] {logging_mixin.py:149} INFO - [2023-06-14T14:37:04.902+0000] {example_kubernetes_executor.py:41} WARNING - The example_kubernetes_executor example DAG requires the kubernetes provider. Please install it with: pip install apache-airflow[cncf.kubernetes]
[2023-06-14T14:37:04.903+0000] {processor.py:838} WARNING - No viable dags retrieved from /usr/local/lib/python3.8/dist-packages/airflow/example_dags/example_kubernetes_executor.py
[2023-06-14T14:37:04.914+0000] {processor.py:179} INFO - Processing /usr/local/lib/python3.8/dist-packages/airflow/example_dags/example_kubernetes_executor.py took 0.023 seconds
[2023-06-14T14:37:57.293+0000] {processor.py:157} INFO - Started process (PID=7548) to work on /usr/local/lib/python3.8/dist-packages/airflow/example_dags/example_kubernetes_executor.py
[2023-06-14T14:37:57.294+0000] {processor.py:826} INFO - Processing file /usr/local/lib/python3.8/dist-packages/airflow/example_dags/example_kubernetes_executor.py for tasks to queue
[2023-06-14T14:37:57.297+0000] {logging_mixin.py:149} INFO - [2023-06-14T14:37:57.297+0000] {dagbag.py:541} INFO - Filling up the DagBag from /usr/local/lib/python3.8/dist-packages/airflow/example_dags/example_kubernetes_executor.py
[2023-06-14T14:37:57.300+0000] {logging_mixin.py:149} INFO - [2023-06-14T14:37:57.300+0000] {example_kubernetes_executor.py:41} WARNING - The example_kubernetes_executor example DAG requires the kubernetes provider. Please install it with: pip install apache-airflow[cncf.kubernetes]
[2023-06-14T14:37:57.300+0000] {processor.py:838} WARNING - No viable dags retrieved from /usr/local/lib/python3.8/dist-packages/airflow/example_dags/example_kubernetes_executor.py
[2023-06-14T14:37:57.311+0000] {processor.py:179} INFO - Processing /usr/local/lib/python3.8/dist-packages/airflow/example_dags/example_kubernetes_executor.py took 0.022 seconds
[2023-06-14T14:38:48.014+0000] {processor.py:157} INFO - Started process (PID=7600) to work on /usr/local/lib/python3.8/dist-packages/airflow/example_dags/example_kubernetes_executor.py
[2023-06-14T14:38:48.016+0000] {processor.py:826} INFO - Processing file /usr/local/lib/python3.8/dist-packages/airflow/example_dags/example_kubernetes_executor.py for tasks to queue
[2023-06-14T14:38:48.018+0000] {logging_mixin.py:149} INFO - [2023-06-14T14:38:48.018+0000] {dagbag.py:541} INFO - Filling up the DagBag from /usr/local/lib/python3.8/dist-packages/airflow/example_dags/example_kubernetes_executor.py
[2023-06-14T14:38:48.022+0000] {logging_mixin.py:149} INFO - [2023-06-14T14:38:48.021+0000] {example_kubernetes_executor.py:41} WARNING - The example_kubernetes_executor example DAG requires the kubernetes provider. Please install it with: pip install apache-airflow[cncf.kubernetes]
[2023-06-14T14:38:48.022+0000] {processor.py:838} WARNING - No viable dags retrieved from /usr/local/lib/python3.8/dist-packages/airflow/example_dags/example_kubernetes_executor.py
[2023-06-14T14:38:48.034+0000] {processor.py:179} INFO - Processing /usr/local/lib/python3.8/dist-packages/airflow/example_dags/example_kubernetes_executor.py took 0.024 seconds
[2023-06-14T14:39:33.753+0000] {processor.py:157} INFO - Started process (PID=7751) to work on /usr/local/lib/python3.8/dist-packages/airflow/example_dags/example_kubernetes_executor.py
[2023-06-14T14:39:33.754+0000] {processor.py:826} INFO - Processing file /usr/local/lib/python3.8/dist-packages/airflow/example_dags/example_kubernetes_executor.py for tasks to queue
[2023-06-14T14:39:33.757+0000] {logging_mixin.py:149} INFO - [2023-06-14T14:39:33.756+0000] {dagbag.py:541} INFO - Filling up the DagBag from /usr/local/lib/python3.8/dist-packages/airflow/example_dags/example_kubernetes_executor.py
[2023-06-14T14:39:33.760+0000] {logging_mixin.py:149} INFO - [2023-06-14T14:39:33.760+0000] {example_kubernetes_executor.py:41} WARNING - The example_kubernetes_executor example DAG requires the kubernetes provider. Please install it with: pip install apache-airflow[cncf.kubernetes]
[2023-06-14T14:39:33.760+0000] {processor.py:838} WARNING - No viable dags retrieved from /usr/local/lib/python3.8/dist-packages/airflow/example_dags/example_kubernetes_executor.py
[2023-06-14T14:39:33.771+0000] {processor.py:179} INFO - Processing /usr/local/lib/python3.8/dist-packages/airflow/example_dags/example_kubernetes_executor.py took 0.022 seconds
[2023-06-14T14:40:27.493+0000] {processor.py:157} INFO - Started process (PID=7907) to work on /usr/local/lib/python3.8/dist-packages/airflow/example_dags/example_kubernetes_executor.py
[2023-06-14T14:40:27.495+0000] {processor.py:826} INFO - Processing file /usr/local/lib/python3.8/dist-packages/airflow/example_dags/example_kubernetes_executor.py for tasks to queue
[2023-06-14T14:40:27.497+0000] {logging_mixin.py:149} INFO - [2023-06-14T14:40:27.497+0000] {dagbag.py:541} INFO - Filling up the DagBag from /usr/local/lib/python3.8/dist-packages/airflow/example_dags/example_kubernetes_executor.py
[2023-06-14T14:40:27.500+0000] {logging_mixin.py:149} INFO - [2023-06-14T14:40:27.500+0000] {example_kubernetes_executor.py:41} WARNING - The example_kubernetes_executor example DAG requires the kubernetes provider. Please install it with: pip install apache-airflow[cncf.kubernetes]
[2023-06-14T14:40:27.500+0000] {processor.py:838} WARNING - No viable dags retrieved from /usr/local/lib/python3.8/dist-packages/airflow/example_dags/example_kubernetes_executor.py
[2023-06-14T14:40:27.512+0000] {processor.py:179} INFO - Processing /usr/local/lib/python3.8/dist-packages/airflow/example_dags/example_kubernetes_executor.py took 0.023 seconds
[2023-06-14T14:41:22.082+0000] {processor.py:157} INFO - Started process (PID=8065) to work on /usr/local/lib/python3.8/dist-packages/airflow/example_dags/example_kubernetes_executor.py
[2023-06-14T14:41:22.083+0000] {processor.py:826} INFO - Processing file /usr/local/lib/python3.8/dist-packages/airflow/example_dags/example_kubernetes_executor.py for tasks to queue
[2023-06-14T14:41:22.086+0000] {logging_mixin.py:149} INFO - [2023-06-14T14:41:22.085+0000] {dagbag.py:541} INFO - Filling up the DagBag from /usr/local/lib/python3.8/dist-packages/airflow/example_dags/example_kubernetes_executor.py
[2023-06-14T14:41:22.089+0000] {logging_mixin.py:149} INFO - [2023-06-14T14:41:22.088+0000] {example_kubernetes_executor.py:41} WARNING - The example_kubernetes_executor example DAG requires the kubernetes provider. Please install it with: pip install apache-airflow[cncf.kubernetes]
[2023-06-14T14:41:22.089+0000] {processor.py:838} WARNING - No viable dags retrieved from /usr/local/lib/python3.8/dist-packages/airflow/example_dags/example_kubernetes_executor.py
[2023-06-14T14:41:22.100+0000] {processor.py:179} INFO - Processing /usr/local/lib/python3.8/dist-packages/airflow/example_dags/example_kubernetes_executor.py took 0.023 seconds
[2023-06-14T14:42:15.774+0000] {processor.py:157} INFO - Started process (PID=8227) to work on /usr/local/lib/python3.8/dist-packages/airflow/example_dags/example_kubernetes_executor.py
[2023-06-14T14:42:15.776+0000] {processor.py:826} INFO - Processing file /usr/local/lib/python3.8/dist-packages/airflow/example_dags/example_kubernetes_executor.py for tasks to queue
[2023-06-14T14:42:15.778+0000] {logging_mixin.py:149} INFO - [2023-06-14T14:42:15.778+0000] {dagbag.py:541} INFO - Filling up the DagBag from /usr/local/lib/python3.8/dist-packages/airflow/example_dags/example_kubernetes_executor.py
[2023-06-14T14:42:15.781+0000] {logging_mixin.py:149} INFO - [2023-06-14T14:42:15.781+0000] {example_kubernetes_executor.py:41} WARNING - The example_kubernetes_executor example DAG requires the kubernetes provider. Please install it with: pip install apache-airflow[cncf.kubernetes]
[2023-06-14T14:42:15.781+0000] {processor.py:838} WARNING - No viable dags retrieved from /usr/local/lib/python3.8/dist-packages/airflow/example_dags/example_kubernetes_executor.py
[2023-06-14T14:42:15.793+0000] {processor.py:179} INFO - Processing /usr/local/lib/python3.8/dist-packages/airflow/example_dags/example_kubernetes_executor.py took 0.024 seconds
[2023-06-14T14:43:12.197+0000] {processor.py:157} INFO - Started process (PID=8385) to work on /usr/local/lib/python3.8/dist-packages/airflow/example_dags/example_kubernetes_executor.py
[2023-06-14T14:43:12.198+0000] {processor.py:826} INFO - Processing file /usr/local/lib/python3.8/dist-packages/airflow/example_dags/example_kubernetes_executor.py for tasks to queue
[2023-06-14T14:43:12.201+0000] {logging_mixin.py:149} INFO - [2023-06-14T14:43:12.200+0000] {dagbag.py:541} INFO - Filling up the DagBag from /usr/local/lib/python3.8/dist-packages/airflow/example_dags/example_kubernetes_executor.py
[2023-06-14T14:43:12.204+0000] {logging_mixin.py:149} INFO - [2023-06-14T14:43:12.203+0000] {example_kubernetes_executor.py:41} WARNING - The example_kubernetes_executor example DAG requires the kubernetes provider. Please install it with: pip install apache-airflow[cncf.kubernetes]
[2023-06-14T14:43:12.204+0000] {processor.py:838} WARNING - No viable dags retrieved from /usr/local/lib/python3.8/dist-packages/airflow/example_dags/example_kubernetes_executor.py
[2023-06-14T14:43:12.215+0000] {processor.py:179} INFO - Processing /usr/local/lib/python3.8/dist-packages/airflow/example_dags/example_kubernetes_executor.py took 0.022 seconds
[2023-06-14T14:44:07.967+0000] {processor.py:157} INFO - Started process (PID=8645) to work on /usr/local/lib/python3.8/dist-packages/airflow/example_dags/example_kubernetes_executor.py
[2023-06-14T14:44:07.968+0000] {processor.py:826} INFO - Processing file /usr/local/lib/python3.8/dist-packages/airflow/example_dags/example_kubernetes_executor.py for tasks to queue
[2023-06-14T14:44:07.971+0000] {logging_mixin.py:149} INFO - [2023-06-14T14:44:07.971+0000] {dagbag.py:541} INFO - Filling up the DagBag from /usr/local/lib/python3.8/dist-packages/airflow/example_dags/example_kubernetes_executor.py
[2023-06-14T14:44:07.974+0000] {logging_mixin.py:149} INFO - [2023-06-14T14:44:07.974+0000] {example_kubernetes_executor.py:41} WARNING - The example_kubernetes_executor example DAG requires the kubernetes provider. Please install it with: pip install apache-airflow[cncf.kubernetes]
[2023-06-14T14:44:07.974+0000] {processor.py:838} WARNING - No viable dags retrieved from /usr/local/lib/python3.8/dist-packages/airflow/example_dags/example_kubernetes_executor.py
[2023-06-14T14:44:07.986+0000] {processor.py:179} INFO - Processing /usr/local/lib/python3.8/dist-packages/airflow/example_dags/example_kubernetes_executor.py took 0.022 seconds
[2023-06-14T14:45:02.364+0000] {processor.py:157} INFO - Started process (PID=8803) to work on /usr/local/lib/python3.8/dist-packages/airflow/example_dags/example_kubernetes_executor.py
[2023-06-14T14:45:02.365+0000] {processor.py:826} INFO - Processing file /usr/local/lib/python3.8/dist-packages/airflow/example_dags/example_kubernetes_executor.py for tasks to queue
[2023-06-14T14:45:02.367+0000] {logging_mixin.py:149} INFO - [2023-06-14T14:45:02.367+0000] {dagbag.py:541} INFO - Filling up the DagBag from /usr/local/lib/python3.8/dist-packages/airflow/example_dags/example_kubernetes_executor.py
[2023-06-14T14:45:02.371+0000] {logging_mixin.py:149} INFO - [2023-06-14T14:45:02.370+0000] {example_kubernetes_executor.py:41} WARNING - The example_kubernetes_executor example DAG requires the kubernetes provider. Please install it with: pip install apache-airflow[cncf.kubernetes]
[2023-06-14T14:45:02.371+0000] {processor.py:838} WARNING - No viable dags retrieved from /usr/local/lib/python3.8/dist-packages/airflow/example_dags/example_kubernetes_executor.py
[2023-06-14T14:45:02.383+0000] {processor.py:179} INFO - Processing /usr/local/lib/python3.8/dist-packages/airflow/example_dags/example_kubernetes_executor.py took 0.023 seconds
[2023-06-14T14:45:59.309+0000] {processor.py:157} INFO - Started process (PID=8964) to work on /usr/local/lib/python3.8/dist-packages/airflow/example_dags/example_kubernetes_executor.py
[2023-06-14T14:45:59.310+0000] {processor.py:826} INFO - Processing file /usr/local/lib/python3.8/dist-packages/airflow/example_dags/example_kubernetes_executor.py for tasks to queue
[2023-06-14T14:45:59.313+0000] {logging_mixin.py:149} INFO - [2023-06-14T14:45:59.312+0000] {dagbag.py:541} INFO - Filling up the DagBag from /usr/local/lib/python3.8/dist-packages/airflow/example_dags/example_kubernetes_executor.py
[2023-06-14T14:45:59.316+0000] {logging_mixin.py:149} INFO - [2023-06-14T14:45:59.316+0000] {example_kubernetes_executor.py:41} WARNING - The example_kubernetes_executor example DAG requires the kubernetes provider. Please install it with: pip install apache-airflow[cncf.kubernetes]
[2023-06-14T14:45:59.316+0000] {processor.py:838} WARNING - No viable dags retrieved from /usr/local/lib/python3.8/dist-packages/airflow/example_dags/example_kubernetes_executor.py
[2023-06-14T14:45:59.328+0000] {processor.py:179} INFO - Processing /usr/local/lib/python3.8/dist-packages/airflow/example_dags/example_kubernetes_executor.py took 0.024 seconds
[2023-06-14T14:46:52.657+0000] {processor.py:157} INFO - Started process (PID=9121) to work on /usr/local/lib/python3.8/dist-packages/airflow/example_dags/example_kubernetes_executor.py
[2023-06-14T14:46:52.658+0000] {processor.py:826} INFO - Processing file /usr/local/lib/python3.8/dist-packages/airflow/example_dags/example_kubernetes_executor.py for tasks to queue
[2023-06-14T14:46:52.661+0000] {logging_mixin.py:149} INFO - [2023-06-14T14:46:52.660+0000] {dagbag.py:541} INFO - Filling up the DagBag from /usr/local/lib/python3.8/dist-packages/airflow/example_dags/example_kubernetes_executor.py
[2023-06-14T14:46:52.664+0000] {logging_mixin.py:149} INFO - [2023-06-14T14:46:52.664+0000] {example_kubernetes_executor.py:41} WARNING - The example_kubernetes_executor example DAG requires the kubernetes provider. Please install it with: pip install apache-airflow[cncf.kubernetes]
[2023-06-14T14:46:52.664+0000] {processor.py:838} WARNING - No viable dags retrieved from /usr/local/lib/python3.8/dist-packages/airflow/example_dags/example_kubernetes_executor.py
[2023-06-14T14:46:52.676+0000] {processor.py:179} INFO - Processing /usr/local/lib/python3.8/dist-packages/airflow/example_dags/example_kubernetes_executor.py took 0.023 seconds
[2023-06-14T14:47:45.069+0000] {processor.py:157} INFO - Started process (PID=9178) to work on /usr/local/lib/python3.8/dist-packages/airflow/example_dags/example_kubernetes_executor.py
[2023-06-14T14:47:45.070+0000] {processor.py:826} INFO - Processing file /usr/local/lib/python3.8/dist-packages/airflow/example_dags/example_kubernetes_executor.py for tasks to queue
[2023-06-14T14:47:45.073+0000] {logging_mixin.py:149} INFO - [2023-06-14T14:47:45.072+0000] {dagbag.py:541} INFO - Filling up the DagBag from /usr/local/lib/python3.8/dist-packages/airflow/example_dags/example_kubernetes_executor.py
[2023-06-14T14:47:45.076+0000] {logging_mixin.py:149} INFO - [2023-06-14T14:47:45.075+0000] {example_kubernetes_executor.py:41} WARNING - The example_kubernetes_executor example DAG requires the kubernetes provider. Please install it with: pip install apache-airflow[cncf.kubernetes]
[2023-06-14T14:47:45.076+0000] {processor.py:838} WARNING - No viable dags retrieved from /usr/local/lib/python3.8/dist-packages/airflow/example_dags/example_kubernetes_executor.py
[2023-06-14T14:47:45.088+0000] {processor.py:179} INFO - Processing /usr/local/lib/python3.8/dist-packages/airflow/example_dags/example_kubernetes_executor.py took 0.023 seconds
[2023-06-14T14:48:36.663+0000] {processor.py:157} INFO - Started process (PID=9332) to work on /usr/local/lib/python3.8/dist-packages/airflow/example_dags/example_kubernetes_executor.py
[2023-06-14T14:48:36.665+0000] {processor.py:826} INFO - Processing file /usr/local/lib/python3.8/dist-packages/airflow/example_dags/example_kubernetes_executor.py for tasks to queue
[2023-06-14T14:48:36.667+0000] {logging_mixin.py:149} INFO - [2023-06-14T14:48:36.667+0000] {dagbag.py:541} INFO - Filling up the DagBag from /usr/local/lib/python3.8/dist-packages/airflow/example_dags/example_kubernetes_executor.py
[2023-06-14T14:48:36.670+0000] {logging_mixin.py:149} INFO - [2023-06-14T14:48:36.670+0000] {example_kubernetes_executor.py:41} WARNING - The example_kubernetes_executor example DAG requires the kubernetes provider. Please install it with: pip install apache-airflow[cncf.kubernetes]
[2023-06-14T14:48:36.670+0000] {processor.py:838} WARNING - No viable dags retrieved from /usr/local/lib/python3.8/dist-packages/airflow/example_dags/example_kubernetes_executor.py
[2023-06-14T14:48:36.683+0000] {processor.py:179} INFO - Processing /usr/local/lib/python3.8/dist-packages/airflow/example_dags/example_kubernetes_executor.py took 0.024 seconds
[2023-06-14T14:49:33.500+0000] {processor.py:157} INFO - Started process (PID=9593) to work on /usr/local/lib/python3.8/dist-packages/airflow/example_dags/example_kubernetes_executor.py
[2023-06-14T14:49:33.501+0000] {processor.py:826} INFO - Processing file /usr/local/lib/python3.8/dist-packages/airflow/example_dags/example_kubernetes_executor.py for tasks to queue
[2023-06-14T14:49:33.504+0000] {logging_mixin.py:149} INFO - [2023-06-14T14:49:33.504+0000] {dagbag.py:541} INFO - Filling up the DagBag from /usr/local/lib/python3.8/dist-packages/airflow/example_dags/example_kubernetes_executor.py
[2023-06-14T14:49:33.507+0000] {logging_mixin.py:149} INFO - [2023-06-14T14:49:33.507+0000] {example_kubernetes_executor.py:41} WARNING - The example_kubernetes_executor example DAG requires the kubernetes provider. Please install it with: pip install apache-airflow[cncf.kubernetes]
[2023-06-14T14:49:33.507+0000] {processor.py:838} WARNING - No viable dags retrieved from /usr/local/lib/python3.8/dist-packages/airflow/example_dags/example_kubernetes_executor.py
[2023-06-14T14:49:33.519+0000] {processor.py:179} INFO - Processing /usr/local/lib/python3.8/dist-packages/airflow/example_dags/example_kubernetes_executor.py took 0.023 seconds
[2023-06-14T14:50:29.177+0000] {processor.py:157} INFO - Started process (PID=9752) to work on /usr/local/lib/python3.8/dist-packages/airflow/example_dags/example_kubernetes_executor.py
[2023-06-14T14:50:29.178+0000] {processor.py:826} INFO - Processing file /usr/local/lib/python3.8/dist-packages/airflow/example_dags/example_kubernetes_executor.py for tasks to queue
[2023-06-14T14:50:29.181+0000] {logging_mixin.py:149} INFO - [2023-06-14T14:50:29.180+0000] {dagbag.py:541} INFO - Filling up the DagBag from /usr/local/lib/python3.8/dist-packages/airflow/example_dags/example_kubernetes_executor.py
[2023-06-14T14:50:29.184+0000] {logging_mixin.py:149} INFO - [2023-06-14T14:50:29.184+0000] {example_kubernetes_executor.py:41} WARNING - The example_kubernetes_executor example DAG requires the kubernetes provider. Please install it with: pip install apache-airflow[cncf.kubernetes]
[2023-06-14T14:50:29.184+0000] {processor.py:838} WARNING - No viable dags retrieved from /usr/local/lib/python3.8/dist-packages/airflow/example_dags/example_kubernetes_executor.py
[2023-06-14T14:50:29.196+0000] {processor.py:179} INFO - Processing /usr/local/lib/python3.8/dist-packages/airflow/example_dags/example_kubernetes_executor.py took 0.023 seconds
[2023-06-14T14:51:19.871+0000] {processor.py:157} INFO - Started process (PID=9907) to work on /usr/local/lib/python3.8/dist-packages/airflow/example_dags/example_kubernetes_executor.py
[2023-06-14T14:51:19.873+0000] {processor.py:826} INFO - Processing file /usr/local/lib/python3.8/dist-packages/airflow/example_dags/example_kubernetes_executor.py for tasks to queue
[2023-06-14T14:51:19.875+0000] {logging_mixin.py:149} INFO - [2023-06-14T14:51:19.875+0000] {dagbag.py:541} INFO - Filling up the DagBag from /usr/local/lib/python3.8/dist-packages/airflow/example_dags/example_kubernetes_executor.py
[2023-06-14T14:51:19.878+0000] {logging_mixin.py:149} INFO - [2023-06-14T14:51:19.878+0000] {example_kubernetes_executor.py:41} WARNING - The example_kubernetes_executor example DAG requires the kubernetes provider. Please install it with: pip install apache-airflow[cncf.kubernetes]
[2023-06-14T14:51:19.878+0000] {processor.py:838} WARNING - No viable dags retrieved from /usr/local/lib/python3.8/dist-packages/airflow/example_dags/example_kubernetes_executor.py
[2023-06-14T14:51:19.890+0000] {processor.py:179} INFO - Processing /usr/local/lib/python3.8/dist-packages/airflow/example_dags/example_kubernetes_executor.py took 0.023 seconds
[2023-06-14T14:52:06.198+0000] {processor.py:157} INFO - Started process (PID=10064) to work on /usr/local/lib/python3.8/dist-packages/airflow/example_dags/example_kubernetes_executor.py
[2023-06-14T14:52:06.200+0000] {processor.py:826} INFO - Processing file /usr/local/lib/python3.8/dist-packages/airflow/example_dags/example_kubernetes_executor.py for tasks to queue
[2023-06-14T14:52:06.202+0000] {logging_mixin.py:149} INFO - [2023-06-14T14:52:06.202+0000] {dagbag.py:541} INFO - Filling up the DagBag from /usr/local/lib/python3.8/dist-packages/airflow/example_dags/example_kubernetes_executor.py
[2023-06-14T14:52:06.205+0000] {logging_mixin.py:149} INFO - [2023-06-14T14:52:06.205+0000] {example_kubernetes_executor.py:41} WARNING - The example_kubernetes_executor example DAG requires the kubernetes provider. Please install it with: pip install apache-airflow[cncf.kubernetes]
[2023-06-14T14:52:06.205+0000] {processor.py:838} WARNING - No viable dags retrieved from /usr/local/lib/python3.8/dist-packages/airflow/example_dags/example_kubernetes_executor.py
[2023-06-14T14:52:06.217+0000] {processor.py:179} INFO - Processing /usr/local/lib/python3.8/dist-packages/airflow/example_dags/example_kubernetes_executor.py took 0.023 seconds
[2023-06-14T14:52:58.070+0000] {processor.py:157} INFO - Started process (PID=10219) to work on /usr/local/lib/python3.8/dist-packages/airflow/example_dags/example_kubernetes_executor.py
[2023-06-14T14:52:58.071+0000] {processor.py:826} INFO - Processing file /usr/local/lib/python3.8/dist-packages/airflow/example_dags/example_kubernetes_executor.py for tasks to queue
[2023-06-14T14:52:58.074+0000] {logging_mixin.py:149} INFO - [2023-06-14T14:52:58.074+0000] {dagbag.py:541} INFO - Filling up the DagBag from /usr/local/lib/python3.8/dist-packages/airflow/example_dags/example_kubernetes_executor.py
[2023-06-14T14:52:58.077+0000] {logging_mixin.py:149} INFO - [2023-06-14T14:52:58.077+0000] {example_kubernetes_executor.py:41} WARNING - The example_kubernetes_executor example DAG requires the kubernetes provider. Please install it with: pip install apache-airflow[cncf.kubernetes]
[2023-06-14T14:52:58.077+0000] {processor.py:838} WARNING - No viable dags retrieved from /usr/local/lib/python3.8/dist-packages/airflow/example_dags/example_kubernetes_executor.py
[2023-06-14T14:52:58.089+0000] {processor.py:179} INFO - Processing /usr/local/lib/python3.8/dist-packages/airflow/example_dags/example_kubernetes_executor.py took 0.023 seconds
[2023-06-14T14:53:51.011+0000] {processor.py:157} INFO - Started process (PID=10272) to work on /usr/local/lib/python3.8/dist-packages/airflow/example_dags/example_kubernetes_executor.py
[2023-06-14T14:53:51.013+0000] {processor.py:826} INFO - Processing file /usr/local/lib/python3.8/dist-packages/airflow/example_dags/example_kubernetes_executor.py for tasks to queue
[2023-06-14T14:53:51.015+0000] {logging_mixin.py:149} INFO - [2023-06-14T14:53:51.015+0000] {dagbag.py:541} INFO - Filling up the DagBag from /usr/local/lib/python3.8/dist-packages/airflow/example_dags/example_kubernetes_executor.py
[2023-06-14T14:53:51.018+0000] {logging_mixin.py:149} INFO - [2023-06-14T14:53:51.018+0000] {example_kubernetes_executor.py:41} WARNING - The example_kubernetes_executor example DAG requires the kubernetes provider. Please install it with: pip install apache-airflow[cncf.kubernetes]
[2023-06-14T14:53:51.018+0000] {processor.py:838} WARNING - No viable dags retrieved from /usr/local/lib/python3.8/dist-packages/airflow/example_dags/example_kubernetes_executor.py
[2023-06-14T14:53:51.030+0000] {processor.py:179} INFO - Processing /usr/local/lib/python3.8/dist-packages/airflow/example_dags/example_kubernetes_executor.py took 0.023 seconds
[2023-06-14T14:54:45.061+0000] {processor.py:157} INFO - Started process (PID=10534) to work on /usr/local/lib/python3.8/dist-packages/airflow/example_dags/example_kubernetes_executor.py
[2023-06-14T14:54:45.063+0000] {processor.py:826} INFO - Processing file /usr/local/lib/python3.8/dist-packages/airflow/example_dags/example_kubernetes_executor.py for tasks to queue
[2023-06-14T14:54:45.065+0000] {logging_mixin.py:149} INFO - [2023-06-14T14:54:45.065+0000] {dagbag.py:541} INFO - Filling up the DagBag from /usr/local/lib/python3.8/dist-packages/airflow/example_dags/example_kubernetes_executor.py
[2023-06-14T14:54:45.068+0000] {logging_mixin.py:149} INFO - [2023-06-14T14:54:45.068+0000] {example_kubernetes_executor.py:41} WARNING - The example_kubernetes_executor example DAG requires the kubernetes provider. Please install it with: pip install apache-airflow[cncf.kubernetes]
[2023-06-14T14:54:45.068+0000] {processor.py:838} WARNING - No viable dags retrieved from /usr/local/lib/python3.8/dist-packages/airflow/example_dags/example_kubernetes_executor.py
[2023-06-14T14:54:45.080+0000] {processor.py:179} INFO - Processing /usr/local/lib/python3.8/dist-packages/airflow/example_dags/example_kubernetes_executor.py took 0.023 seconds
[2023-06-14T14:55:37.857+0000] {processor.py:157} INFO - Started process (PID=10791) to work on /usr/local/lib/python3.8/dist-packages/airflow/example_dags/example_kubernetes_executor.py
[2023-06-14T14:55:37.859+0000] {processor.py:826} INFO - Processing file /usr/local/lib/python3.8/dist-packages/airflow/example_dags/example_kubernetes_executor.py for tasks to queue
[2023-06-14T14:55:37.862+0000] {logging_mixin.py:149} INFO - [2023-06-14T14:55:37.861+0000] {dagbag.py:541} INFO - Filling up the DagBag from /usr/local/lib/python3.8/dist-packages/airflow/example_dags/example_kubernetes_executor.py
[2023-06-14T14:55:37.865+0000] {logging_mixin.py:149} INFO - [2023-06-14T14:55:37.864+0000] {example_kubernetes_executor.py:41} WARNING - The example_kubernetes_executor example DAG requires the kubernetes provider. Please install it with: pip install apache-airflow[cncf.kubernetes]
[2023-06-14T14:55:37.865+0000] {processor.py:838} WARNING - No viable dags retrieved from /usr/local/lib/python3.8/dist-packages/airflow/example_dags/example_kubernetes_executor.py
[2023-06-14T14:55:37.877+0000] {processor.py:179} INFO - Processing /usr/local/lib/python3.8/dist-packages/airflow/example_dags/example_kubernetes_executor.py took 0.023 seconds
[2023-06-14T14:56:29.291+0000] {processor.py:157} INFO - Started process (PID=10948) to work on /usr/local/lib/python3.8/dist-packages/airflow/example_dags/example_kubernetes_executor.py
[2023-06-14T14:56:29.292+0000] {processor.py:826} INFO - Processing file /usr/local/lib/python3.8/dist-packages/airflow/example_dags/example_kubernetes_executor.py for tasks to queue
[2023-06-14T14:56:29.295+0000] {logging_mixin.py:149} INFO - [2023-06-14T14:56:29.294+0000] {dagbag.py:541} INFO - Filling up the DagBag from /usr/local/lib/python3.8/dist-packages/airflow/example_dags/example_kubernetes_executor.py
[2023-06-14T14:56:29.298+0000] {logging_mixin.py:149} INFO - [2023-06-14T14:56:29.297+0000] {example_kubernetes_executor.py:41} WARNING - The example_kubernetes_executor example DAG requires the kubernetes provider. Please install it with: pip install apache-airflow[cncf.kubernetes]
[2023-06-14T14:56:29.298+0000] {processor.py:838} WARNING - No viable dags retrieved from /usr/local/lib/python3.8/dist-packages/airflow/example_dags/example_kubernetes_executor.py
[2023-06-14T14:56:29.309+0000] {processor.py:179} INFO - Processing /usr/local/lib/python3.8/dist-packages/airflow/example_dags/example_kubernetes_executor.py took 0.022 seconds
[2023-06-14T14:57:19.658+0000] {processor.py:157} INFO - Started process (PID=11108) to work on /usr/local/lib/python3.8/dist-packages/airflow/example_dags/example_kubernetes_executor.py
[2023-06-14T14:57:19.659+0000] {processor.py:826} INFO - Processing file /usr/local/lib/python3.8/dist-packages/airflow/example_dags/example_kubernetes_executor.py for tasks to queue
[2023-06-14T14:57:19.662+0000] {logging_mixin.py:149} INFO - [2023-06-14T14:57:19.662+0000] {dagbag.py:541} INFO - Filling up the DagBag from /usr/local/lib/python3.8/dist-packages/airflow/example_dags/example_kubernetes_executor.py
[2023-06-14T14:57:19.665+0000] {logging_mixin.py:149} INFO - [2023-06-14T14:57:19.665+0000] {example_kubernetes_executor.py:41} WARNING - The example_kubernetes_executor example DAG requires the kubernetes provider. Please install it with: pip install apache-airflow[cncf.kubernetes]
[2023-06-14T14:57:19.665+0000] {processor.py:838} WARNING - No viable dags retrieved from /usr/local/lib/python3.8/dist-packages/airflow/example_dags/example_kubernetes_executor.py
[2023-06-14T14:57:19.677+0000] {processor.py:179} INFO - Processing /usr/local/lib/python3.8/dist-packages/airflow/example_dags/example_kubernetes_executor.py took 0.023 seconds
[2023-06-14T14:58:11.344+0000] {processor.py:157} INFO - Started process (PID=11262) to work on /usr/local/lib/python3.8/dist-packages/airflow/example_dags/example_kubernetes_executor.py
[2023-06-14T14:58:11.345+0000] {processor.py:826} INFO - Processing file /usr/local/lib/python3.8/dist-packages/airflow/example_dags/example_kubernetes_executor.py for tasks to queue
[2023-06-14T14:58:11.347+0000] {logging_mixin.py:149} INFO - [2023-06-14T14:58:11.347+0000] {dagbag.py:541} INFO - Filling up the DagBag from /usr/local/lib/python3.8/dist-packages/airflow/example_dags/example_kubernetes_executor.py
[2023-06-14T14:58:11.350+0000] {logging_mixin.py:149} INFO - [2023-06-14T14:58:11.350+0000] {example_kubernetes_executor.py:41} WARNING - The example_kubernetes_executor example DAG requires the kubernetes provider. Please install it with: pip install apache-airflow[cncf.kubernetes]
[2023-06-14T14:58:11.351+0000] {processor.py:838} WARNING - No viable dags retrieved from /usr/local/lib/python3.8/dist-packages/airflow/example_dags/example_kubernetes_executor.py
[2023-06-14T14:58:11.362+0000] {processor.py:179} INFO - Processing /usr/local/lib/python3.8/dist-packages/airflow/example_dags/example_kubernetes_executor.py took 0.022 seconds
[2023-06-14T14:59:01.781+0000] {processor.py:157} INFO - Started process (PID=11520) to work on /usr/local/lib/python3.8/dist-packages/airflow/example_dags/example_kubernetes_executor.py
[2023-06-14T14:59:01.782+0000] {processor.py:826} INFO - Processing file /usr/local/lib/python3.8/dist-packages/airflow/example_dags/example_kubernetes_executor.py for tasks to queue
[2023-06-14T14:59:01.785+0000] {logging_mixin.py:149} INFO - [2023-06-14T14:59:01.785+0000] {dagbag.py:541} INFO - Filling up the DagBag from /usr/local/lib/python3.8/dist-packages/airflow/example_dags/example_kubernetes_executor.py
[2023-06-14T14:59:01.788+0000] {logging_mixin.py:149} INFO - [2023-06-14T14:59:01.788+0000] {example_kubernetes_executor.py:41} WARNING - The example_kubernetes_executor example DAG requires the kubernetes provider. Please install it with: pip install apache-airflow[cncf.kubernetes]
[2023-06-14T14:59:01.788+0000] {processor.py:838} WARNING - No viable dags retrieved from /usr/local/lib/python3.8/dist-packages/airflow/example_dags/example_kubernetes_executor.py
[2023-06-14T14:59:01.800+0000] {processor.py:179} INFO - Processing /usr/local/lib/python3.8/dist-packages/airflow/example_dags/example_kubernetes_executor.py took 0.023 seconds
[2023-06-14T14:59:48.461+0000] {processor.py:157} INFO - Started process (PID=11568) to work on /usr/local/lib/python3.8/dist-packages/airflow/example_dags/example_kubernetes_executor.py
[2023-06-14T14:59:48.463+0000] {processor.py:826} INFO - Processing file /usr/local/lib/python3.8/dist-packages/airflow/example_dags/example_kubernetes_executor.py for tasks to queue
[2023-06-14T14:59:48.465+0000] {logging_mixin.py:149} INFO - [2023-06-14T14:59:48.465+0000] {dagbag.py:541} INFO - Filling up the DagBag from /usr/local/lib/python3.8/dist-packages/airflow/example_dags/example_kubernetes_executor.py
[2023-06-14T14:59:48.468+0000] {logging_mixin.py:149} INFO - [2023-06-14T14:59:48.468+0000] {example_kubernetes_executor.py:41} WARNING - The example_kubernetes_executor example DAG requires the kubernetes provider. Please install it with: pip install apache-airflow[cncf.kubernetes]
[2023-06-14T14:59:48.468+0000] {processor.py:838} WARNING - No viable dags retrieved from /usr/local/lib/python3.8/dist-packages/airflow/example_dags/example_kubernetes_executor.py
[2023-06-14T14:59:48.480+0000] {processor.py:179} INFO - Processing /usr/local/lib/python3.8/dist-packages/airflow/example_dags/example_kubernetes_executor.py took 0.023 seconds
[2023-06-14T15:00:38.891+0000] {processor.py:157} INFO - Started process (PID=11724) to work on /usr/local/lib/python3.8/dist-packages/airflow/example_dags/example_kubernetes_executor.py
[2023-06-14T15:00:38.893+0000] {processor.py:826} INFO - Processing file /usr/local/lib/python3.8/dist-packages/airflow/example_dags/example_kubernetes_executor.py for tasks to queue
[2023-06-14T15:00:38.895+0000] {logging_mixin.py:149} INFO - [2023-06-14T15:00:38.895+0000] {dagbag.py:541} INFO - Filling up the DagBag from /usr/local/lib/python3.8/dist-packages/airflow/example_dags/example_kubernetes_executor.py
[2023-06-14T15:00:38.899+0000] {logging_mixin.py:149} INFO - [2023-06-14T15:00:38.898+0000] {example_kubernetes_executor.py:41} WARNING - The example_kubernetes_executor example DAG requires the kubernetes provider. Please install it with: pip install apache-airflow[cncf.kubernetes]
[2023-06-14T15:00:38.899+0000] {processor.py:838} WARNING - No viable dags retrieved from /usr/local/lib/python3.8/dist-packages/airflow/example_dags/example_kubernetes_executor.py
[2023-06-14T15:00:38.911+0000] {processor.py:179} INFO - Processing /usr/local/lib/python3.8/dist-packages/airflow/example_dags/example_kubernetes_executor.py took 0.023 seconds
[2023-06-14T15:01:31.041+0000] {processor.py:157} INFO - Started process (PID=11882) to work on /usr/local/lib/python3.8/dist-packages/airflow/example_dags/example_kubernetes_executor.py
[2023-06-14T15:01:31.042+0000] {processor.py:826} INFO - Processing file /usr/local/lib/python3.8/dist-packages/airflow/example_dags/example_kubernetes_executor.py for tasks to queue
[2023-06-14T15:01:31.045+0000] {logging_mixin.py:149} INFO - [2023-06-14T15:01:31.045+0000] {dagbag.py:541} INFO - Filling up the DagBag from /usr/local/lib/python3.8/dist-packages/airflow/example_dags/example_kubernetes_executor.py
[2023-06-14T15:01:31.048+0000] {logging_mixin.py:149} INFO - [2023-06-14T15:01:31.048+0000] {example_kubernetes_executor.py:41} WARNING - The example_kubernetes_executor example DAG requires the kubernetes provider. Please install it with: pip install apache-airflow[cncf.kubernetes]
[2023-06-14T15:01:31.048+0000] {processor.py:838} WARNING - No viable dags retrieved from /usr/local/lib/python3.8/dist-packages/airflow/example_dags/example_kubernetes_executor.py
[2023-06-14T15:01:31.060+0000] {processor.py:179} INFO - Processing /usr/local/lib/python3.8/dist-packages/airflow/example_dags/example_kubernetes_executor.py took 0.022 seconds
[2023-06-14T15:02:21.624+0000] {processor.py:157} INFO - Started process (PID=12045) to work on /usr/local/lib/python3.8/dist-packages/airflow/example_dags/example_kubernetes_executor.py
[2023-06-14T15:02:21.625+0000] {processor.py:826} INFO - Processing file /usr/local/lib/python3.8/dist-packages/airflow/example_dags/example_kubernetes_executor.py for tasks to queue
[2023-06-14T15:02:21.628+0000] {logging_mixin.py:149} INFO - [2023-06-14T15:02:21.627+0000] {dagbag.py:541} INFO - Filling up the DagBag from /usr/local/lib/python3.8/dist-packages/airflow/example_dags/example_kubernetes_executor.py
[2023-06-14T15:02:21.631+0000] {logging_mixin.py:149} INFO - [2023-06-14T15:02:21.631+0000] {example_kubernetes_executor.py:41} WARNING - The example_kubernetes_executor example DAG requires the kubernetes provider. Please install it with: pip install apache-airflow[cncf.kubernetes]
[2023-06-14T15:02:21.631+0000] {processor.py:838} WARNING - No viable dags retrieved from /usr/local/lib/python3.8/dist-packages/airflow/example_dags/example_kubernetes_executor.py
[2023-06-14T15:02:21.643+0000] {processor.py:179} INFO - Processing /usr/local/lib/python3.8/dist-packages/airflow/example_dags/example_kubernetes_executor.py took 0.022 seconds
[2023-06-14T15:03:12.588+0000] {processor.py:157} INFO - Started process (PID=12303) to work on /usr/local/lib/python3.8/dist-packages/airflow/example_dags/example_kubernetes_executor.py
[2023-06-14T15:03:12.590+0000] {processor.py:826} INFO - Processing file /usr/local/lib/python3.8/dist-packages/airflow/example_dags/example_kubernetes_executor.py for tasks to queue
[2023-06-14T15:03:12.592+0000] {logging_mixin.py:149} INFO - [2023-06-14T15:03:12.592+0000] {dagbag.py:541} INFO - Filling up the DagBag from /usr/local/lib/python3.8/dist-packages/airflow/example_dags/example_kubernetes_executor.py
[2023-06-14T15:03:12.595+0000] {logging_mixin.py:149} INFO - [2023-06-14T15:03:12.595+0000] {example_kubernetes_executor.py:41} WARNING - The example_kubernetes_executor example DAG requires the kubernetes provider. Please install it with: pip install apache-airflow[cncf.kubernetes]
[2023-06-14T15:03:12.596+0000] {processor.py:838} WARNING - No viable dags retrieved from /usr/local/lib/python3.8/dist-packages/airflow/example_dags/example_kubernetes_executor.py
[2023-06-14T15:03:12.607+0000] {processor.py:179} INFO - Processing /usr/local/lib/python3.8/dist-packages/airflow/example_dags/example_kubernetes_executor.py took 0.023 seconds
[2023-06-14T15:04:04.770+0000] {processor.py:157} INFO - Started process (PID=12563) to work on /usr/local/lib/python3.8/dist-packages/airflow/example_dags/example_kubernetes_executor.py
[2023-06-14T15:04:04.772+0000] {processor.py:826} INFO - Processing file /usr/local/lib/python3.8/dist-packages/airflow/example_dags/example_kubernetes_executor.py for tasks to queue
[2023-06-14T15:04:04.774+0000] {logging_mixin.py:149} INFO - [2023-06-14T15:04:04.774+0000] {dagbag.py:541} INFO - Filling up the DagBag from /usr/local/lib/python3.8/dist-packages/airflow/example_dags/example_kubernetes_executor.py
[2023-06-14T15:04:04.777+0000] {logging_mixin.py:149} INFO - [2023-06-14T15:04:04.777+0000] {example_kubernetes_executor.py:41} WARNING - The example_kubernetes_executor example DAG requires the kubernetes provider. Please install it with: pip install apache-airflow[cncf.kubernetes]
[2023-06-14T15:04:04.778+0000] {processor.py:838} WARNING - No viable dags retrieved from /usr/local/lib/python3.8/dist-packages/airflow/example_dags/example_kubernetes_executor.py
[2023-06-14T15:04:04.789+0000] {processor.py:179} INFO - Processing /usr/local/lib/python3.8/dist-packages/airflow/example_dags/example_kubernetes_executor.py took 0.027 seconds
[2023-06-14T15:04:57.214+0000] {processor.py:157} INFO - Started process (PID=12721) to work on /usr/local/lib/python3.8/dist-packages/airflow/example_dags/example_kubernetes_executor.py
[2023-06-14T15:04:57.215+0000] {processor.py:826} INFO - Processing file /usr/local/lib/python3.8/dist-packages/airflow/example_dags/example_kubernetes_executor.py for tasks to queue
[2023-06-14T15:04:57.217+0000] {logging_mixin.py:149} INFO - [2023-06-14T15:04:57.217+0000] {dagbag.py:541} INFO - Filling up the DagBag from /usr/local/lib/python3.8/dist-packages/airflow/example_dags/example_kubernetes_executor.py
[2023-06-14T15:04:57.221+0000] {logging_mixin.py:149} INFO - [2023-06-14T15:04:57.221+0000] {example_kubernetes_executor.py:41} WARNING - The example_kubernetes_executor example DAG requires the kubernetes provider. Please install it with: pip install apache-airflow[cncf.kubernetes]
[2023-06-14T15:04:57.221+0000] {processor.py:838} WARNING - No viable dags retrieved from /usr/local/lib/python3.8/dist-packages/airflow/example_dags/example_kubernetes_executor.py
[2023-06-14T15:04:57.251+0000] {processor.py:179} INFO - Processing /usr/local/lib/python3.8/dist-packages/airflow/example_dags/example_kubernetes_executor.py took 0.042 seconds
[2023-06-14T15:05:54.183+0000] {processor.py:157} INFO - Started process (PID=13115) to work on /usr/local/lib/python3.8/dist-packages/airflow/example_dags/example_kubernetes_executor.py
[2023-06-14T15:05:54.184+0000] {processor.py:826} INFO - Processing file /usr/local/lib/python3.8/dist-packages/airflow/example_dags/example_kubernetes_executor.py for tasks to queue
[2023-06-14T15:05:54.186+0000] {logging_mixin.py:149} INFO - [2023-06-14T15:05:54.186+0000] {dagbag.py:541} INFO - Filling up the DagBag from /usr/local/lib/python3.8/dist-packages/airflow/example_dags/example_kubernetes_executor.py
[2023-06-14T15:05:54.189+0000] {logging_mixin.py:149} INFO - [2023-06-14T15:05:54.189+0000] {example_kubernetes_executor.py:41} WARNING - The example_kubernetes_executor example DAG requires the kubernetes provider. Please install it with: pip install apache-airflow[cncf.kubernetes]
[2023-06-14T15:05:54.190+0000] {processor.py:838} WARNING - No viable dags retrieved from /usr/local/lib/python3.8/dist-packages/airflow/example_dags/example_kubernetes_executor.py
[2023-06-14T15:05:54.203+0000] {processor.py:179} INFO - Processing /usr/local/lib/python3.8/dist-packages/airflow/example_dags/example_kubernetes_executor.py took 0.024 seconds
[2023-06-14T15:06:47.078+0000] {processor.py:157} INFO - Started process (PID=13170) to work on /usr/local/lib/python3.8/dist-packages/airflow/example_dags/example_kubernetes_executor.py
[2023-06-14T15:06:47.079+0000] {processor.py:826} INFO - Processing file /usr/local/lib/python3.8/dist-packages/airflow/example_dags/example_kubernetes_executor.py for tasks to queue
[2023-06-14T15:06:47.082+0000] {logging_mixin.py:149} INFO - [2023-06-14T15:06:47.081+0000] {dagbag.py:541} INFO - Filling up the DagBag from /usr/local/lib/python3.8/dist-packages/airflow/example_dags/example_kubernetes_executor.py
[2023-06-14T15:06:47.085+0000] {logging_mixin.py:149} INFO - [2023-06-14T15:06:47.084+0000] {example_kubernetes_executor.py:41} WARNING - The example_kubernetes_executor example DAG requires the kubernetes provider. Please install it with: pip install apache-airflow[cncf.kubernetes]
[2023-06-14T15:06:47.085+0000] {processor.py:838} WARNING - No viable dags retrieved from /usr/local/lib/python3.8/dist-packages/airflow/example_dags/example_kubernetes_executor.py
[2023-06-14T15:06:47.097+0000] {processor.py:179} INFO - Processing /usr/local/lib/python3.8/dist-packages/airflow/example_dags/example_kubernetes_executor.py took 0.023 seconds
[2023-06-14T15:07:36.327+0000] {processor.py:157} INFO - Started process (PID=13441) to work on /usr/local/lib/python3.8/dist-packages/airflow/example_dags/example_kubernetes_executor.py
[2023-06-14T15:07:36.328+0000] {processor.py:826} INFO - Processing file /usr/local/lib/python3.8/dist-packages/airflow/example_dags/example_kubernetes_executor.py for tasks to queue
[2023-06-14T15:07:36.330+0000] {logging_mixin.py:149} INFO - [2023-06-14T15:07:36.330+0000] {dagbag.py:541} INFO - Filling up the DagBag from /usr/local/lib/python3.8/dist-packages/airflow/example_dags/example_kubernetes_executor.py
[2023-06-14T15:07:36.333+0000] {logging_mixin.py:149} INFO - [2023-06-14T15:07:36.333+0000] {example_kubernetes_executor.py:41} WARNING - The example_kubernetes_executor example DAG requires the kubernetes provider. Please install it with: pip install apache-airflow[cncf.kubernetes]
[2023-06-14T15:07:36.333+0000] {processor.py:838} WARNING - No viable dags retrieved from /usr/local/lib/python3.8/dist-packages/airflow/example_dags/example_kubernetes_executor.py
[2023-06-14T15:07:36.345+0000] {processor.py:179} INFO - Processing /usr/local/lib/python3.8/dist-packages/airflow/example_dags/example_kubernetes_executor.py took 0.022 seconds
[2023-06-14T15:08:27.794+0000] {processor.py:157} INFO - Started process (PID=13597) to work on /usr/local/lib/python3.8/dist-packages/airflow/example_dags/example_kubernetes_executor.py
[2023-06-14T15:08:27.796+0000] {processor.py:826} INFO - Processing file /usr/local/lib/python3.8/dist-packages/airflow/example_dags/example_kubernetes_executor.py for tasks to queue
[2023-06-14T15:08:27.798+0000] {logging_mixin.py:149} INFO - [2023-06-14T15:08:27.798+0000] {dagbag.py:541} INFO - Filling up the DagBag from /usr/local/lib/python3.8/dist-packages/airflow/example_dags/example_kubernetes_executor.py
[2023-06-14T15:08:27.801+0000] {logging_mixin.py:149} INFO - [2023-06-14T15:08:27.801+0000] {example_kubernetes_executor.py:41} WARNING - The example_kubernetes_executor example DAG requires the kubernetes provider. Please install it with: pip install apache-airflow[cncf.kubernetes]
[2023-06-14T15:08:27.802+0000] {processor.py:838} WARNING - No viable dags retrieved from /usr/local/lib/python3.8/dist-packages/airflow/example_dags/example_kubernetes_executor.py
[2023-06-14T15:08:27.813+0000] {processor.py:179} INFO - Processing /usr/local/lib/python3.8/dist-packages/airflow/example_dags/example_kubernetes_executor.py took 0.024 seconds
[2023-06-14T15:09:16.582+0000] {processor.py:157} INFO - Started process (PID=13853) to work on /usr/local/lib/python3.8/dist-packages/airflow/example_dags/example_kubernetes_executor.py
[2023-06-14T15:09:16.584+0000] {processor.py:826} INFO - Processing file /usr/local/lib/python3.8/dist-packages/airflow/example_dags/example_kubernetes_executor.py for tasks to queue
[2023-06-14T15:09:16.586+0000] {logging_mixin.py:149} INFO - [2023-06-14T15:09:16.586+0000] {dagbag.py:541} INFO - Filling up the DagBag from /usr/local/lib/python3.8/dist-packages/airflow/example_dags/example_kubernetes_executor.py
[2023-06-14T15:09:16.590+0000] {logging_mixin.py:149} INFO - [2023-06-14T15:09:16.589+0000] {example_kubernetes_executor.py:41} WARNING - The example_kubernetes_executor example DAG requires the kubernetes provider. Please install it with: pip install apache-airflow[cncf.kubernetes]
[2023-06-14T15:09:16.590+0000] {processor.py:838} WARNING - No viable dags retrieved from /usr/local/lib/python3.8/dist-packages/airflow/example_dags/example_kubernetes_executor.py
[2023-06-14T15:09:16.602+0000] {processor.py:179} INFO - Processing /usr/local/lib/python3.8/dist-packages/airflow/example_dags/example_kubernetes_executor.py took 0.023 seconds
[2023-06-14T15:10:06.552+0000] {processor.py:157} INFO - Started process (PID=14006) to work on /usr/local/lib/python3.8/dist-packages/airflow/example_dags/example_kubernetes_executor.py
[2023-06-14T15:10:06.554+0000] {processor.py:826} INFO - Processing file /usr/local/lib/python3.8/dist-packages/airflow/example_dags/example_kubernetes_executor.py for tasks to queue
[2023-06-14T15:10:06.556+0000] {logging_mixin.py:149} INFO - [2023-06-14T15:10:06.556+0000] {dagbag.py:541} INFO - Filling up the DagBag from /usr/local/lib/python3.8/dist-packages/airflow/example_dags/example_kubernetes_executor.py
[2023-06-14T15:10:06.559+0000] {logging_mixin.py:149} INFO - [2023-06-14T15:10:06.559+0000] {example_kubernetes_executor.py:41} WARNING - The example_kubernetes_executor example DAG requires the kubernetes provider. Please install it with: pip install apache-airflow[cncf.kubernetes]
[2023-06-14T15:10:06.559+0000] {processor.py:838} WARNING - No viable dags retrieved from /usr/local/lib/python3.8/dist-packages/airflow/example_dags/example_kubernetes_executor.py
[2023-06-14T15:10:06.571+0000] {processor.py:179} INFO - Processing /usr/local/lib/python3.8/dist-packages/airflow/example_dags/example_kubernetes_executor.py took 0.022 seconds
[2023-06-14T15:10:57.874+0000] {processor.py:157} INFO - Started process (PID=14163) to work on /usr/local/lib/python3.8/dist-packages/airflow/example_dags/example_kubernetes_executor.py
[2023-06-14T15:10:57.875+0000] {processor.py:826} INFO - Processing file /usr/local/lib/python3.8/dist-packages/airflow/example_dags/example_kubernetes_executor.py for tasks to queue
[2023-06-14T15:10:57.878+0000] {logging_mixin.py:149} INFO - [2023-06-14T15:10:57.878+0000] {dagbag.py:541} INFO - Filling up the DagBag from /usr/local/lib/python3.8/dist-packages/airflow/example_dags/example_kubernetes_executor.py
[2023-06-14T15:10:57.881+0000] {logging_mixin.py:149} INFO - [2023-06-14T15:10:57.881+0000] {example_kubernetes_executor.py:41} WARNING - The example_kubernetes_executor example DAG requires the kubernetes provider. Please install it with: pip install apache-airflow[cncf.kubernetes]
[2023-06-14T15:10:57.881+0000] {processor.py:838} WARNING - No viable dags retrieved from /usr/local/lib/python3.8/dist-packages/airflow/example_dags/example_kubernetes_executor.py
[2023-06-14T15:10:57.893+0000] {processor.py:179} INFO - Processing /usr/local/lib/python3.8/dist-packages/airflow/example_dags/example_kubernetes_executor.py took 0.023 seconds
[2023-06-14T15:12:01.274+0000] {processor.py:157} INFO - Started process (PID=14331) to work on /usr/local/lib/python3.8/dist-packages/airflow/example_dags/example_kubernetes_executor.py
[2023-06-14T15:12:01.275+0000] {processor.py:826} INFO - Processing file /usr/local/lib/python3.8/dist-packages/airflow/example_dags/example_kubernetes_executor.py for tasks to queue
[2023-06-14T15:12:01.278+0000] {logging_mixin.py:149} INFO - [2023-06-14T15:12:01.277+0000] {dagbag.py:541} INFO - Filling up the DagBag from /usr/local/lib/python3.8/dist-packages/airflow/example_dags/example_kubernetes_executor.py
[2023-06-14T15:12:01.281+0000] {logging_mixin.py:149} INFO - [2023-06-14T15:12:01.281+0000] {example_kubernetes_executor.py:41} WARNING - The example_kubernetes_executor example DAG requires the kubernetes provider. Please install it with: pip install apache-airflow[cncf.kubernetes]
[2023-06-14T15:12:01.281+0000] {processor.py:838} WARNING - No viable dags retrieved from /usr/local/lib/python3.8/dist-packages/airflow/example_dags/example_kubernetes_executor.py
[2023-06-14T15:12:01.293+0000] {processor.py:179} INFO - Processing /usr/local/lib/python3.8/dist-packages/airflow/example_dags/example_kubernetes_executor.py took 0.023 seconds
[2023-06-14T15:12:51.752+0000] {processor.py:157} INFO - Started process (PID=14388) to work on /usr/local/lib/python3.8/dist-packages/airflow/example_dags/example_kubernetes_executor.py
[2023-06-14T15:12:51.753+0000] {processor.py:826} INFO - Processing file /usr/local/lib/python3.8/dist-packages/airflow/example_dags/example_kubernetes_executor.py for tasks to queue
[2023-06-14T15:12:51.756+0000] {logging_mixin.py:149} INFO - [2023-06-14T15:12:51.755+0000] {dagbag.py:541} INFO - Filling up the DagBag from /usr/local/lib/python3.8/dist-packages/airflow/example_dags/example_kubernetes_executor.py
[2023-06-14T15:12:51.759+0000] {logging_mixin.py:149} INFO - [2023-06-14T15:12:51.759+0000] {example_kubernetes_executor.py:41} WARNING - The example_kubernetes_executor example DAG requires the kubernetes provider. Please install it with: pip install apache-airflow[cncf.kubernetes]
[2023-06-14T15:12:51.759+0000] {processor.py:838} WARNING - No viable dags retrieved from /usr/local/lib/python3.8/dist-packages/airflow/example_dags/example_kubernetes_executor.py
[2023-06-14T15:12:51.771+0000] {processor.py:179} INFO - Processing /usr/local/lib/python3.8/dist-packages/airflow/example_dags/example_kubernetes_executor.py took 0.023 seconds
[2023-06-14T15:13:43.586+0000] {processor.py:157} INFO - Started process (PID=14544) to work on /usr/local/lib/python3.8/dist-packages/airflow/example_dags/example_kubernetes_executor.py
[2023-06-14T15:13:43.587+0000] {processor.py:826} INFO - Processing file /usr/local/lib/python3.8/dist-packages/airflow/example_dags/example_kubernetes_executor.py for tasks to queue
[2023-06-14T15:13:43.590+0000] {logging_mixin.py:149} INFO - [2023-06-14T15:13:43.589+0000] {dagbag.py:541} INFO - Filling up the DagBag from /usr/local/lib/python3.8/dist-packages/airflow/example_dags/example_kubernetes_executor.py
[2023-06-14T15:13:43.593+0000] {logging_mixin.py:149} INFO - [2023-06-14T15:13:43.593+0000] {example_kubernetes_executor.py:41} WARNING - The example_kubernetes_executor example DAG requires the kubernetes provider. Please install it with: pip install apache-airflow[cncf.kubernetes]
[2023-06-14T15:13:43.593+0000] {processor.py:838} WARNING - No viable dags retrieved from /usr/local/lib/python3.8/dist-packages/airflow/example_dags/example_kubernetes_executor.py
[2023-06-14T15:13:43.604+0000] {processor.py:179} INFO - Processing /usr/local/lib/python3.8/dist-packages/airflow/example_dags/example_kubernetes_executor.py took 0.022 seconds
[2023-06-14T15:14:32.282+0000] {processor.py:157} INFO - Started process (PID=14802) to work on /usr/local/lib/python3.8/dist-packages/airflow/example_dags/example_kubernetes_executor.py
[2023-06-14T15:14:32.283+0000] {processor.py:826} INFO - Processing file /usr/local/lib/python3.8/dist-packages/airflow/example_dags/example_kubernetes_executor.py for tasks to queue
[2023-06-14T15:14:32.285+0000] {logging_mixin.py:149} INFO - [2023-06-14T15:14:32.285+0000] {dagbag.py:541} INFO - Filling up the DagBag from /usr/local/lib/python3.8/dist-packages/airflow/example_dags/example_kubernetes_executor.py
[2023-06-14T15:14:32.288+0000] {logging_mixin.py:149} INFO - [2023-06-14T15:14:32.288+0000] {example_kubernetes_executor.py:41} WARNING - The example_kubernetes_executor example DAG requires the kubernetes provider. Please install it with: pip install apache-airflow[cncf.kubernetes]
[2023-06-14T15:14:32.289+0000] {processor.py:838} WARNING - No viable dags retrieved from /usr/local/lib/python3.8/dist-packages/airflow/example_dags/example_kubernetes_executor.py
[2023-06-14T15:14:32.300+0000] {processor.py:179} INFO - Processing /usr/local/lib/python3.8/dist-packages/airflow/example_dags/example_kubernetes_executor.py took 0.023 seconds
[2023-06-14T15:15:23.901+0000] {processor.py:157} INFO - Started process (PID=14956) to work on /usr/local/lib/python3.8/dist-packages/airflow/example_dags/example_kubernetes_executor.py
[2023-06-14T15:15:23.903+0000] {processor.py:826} INFO - Processing file /usr/local/lib/python3.8/dist-packages/airflow/example_dags/example_kubernetes_executor.py for tasks to queue
[2023-06-14T15:15:23.905+0000] {logging_mixin.py:149} INFO - [2023-06-14T15:15:23.905+0000] {dagbag.py:541} INFO - Filling up the DagBag from /usr/local/lib/python3.8/dist-packages/airflow/example_dags/example_kubernetes_executor.py
[2023-06-14T15:15:23.908+0000] {logging_mixin.py:149} INFO - [2023-06-14T15:15:23.908+0000] {example_kubernetes_executor.py:41} WARNING - The example_kubernetes_executor example DAG requires the kubernetes provider. Please install it with: pip install apache-airflow[cncf.kubernetes]
[2023-06-14T15:15:23.909+0000] {processor.py:838} WARNING - No viable dags retrieved from /usr/local/lib/python3.8/dist-packages/airflow/example_dags/example_kubernetes_executor.py
[2023-06-14T15:15:23.920+0000] {processor.py:179} INFO - Processing /usr/local/lib/python3.8/dist-packages/airflow/example_dags/example_kubernetes_executor.py took 0.023 seconds
