[2023-06-14T14:17:13.481+0000] {processor.py:157} INFO - Started process (PID=1953) to work on /usr/local/lib/python3.8/dist-packages/airflow/example_dags/example_branch_python_dop_operator_3.py
[2023-06-14T14:17:13.482+0000] {processor.py:826} INFO - Processing file /usr/local/lib/python3.8/dist-packages/airflow/example_dags/example_branch_python_dop_operator_3.py for tasks to queue
[2023-06-14T14:17:13.484+0000] {logging_mixin.py:149} INFO - [2023-06-14T14:17:13.484+0000] {dagbag.py:541} INFO - Filling up the DagBag from /usr/local/lib/python3.8/dist-packages/airflow/example_dags/example_branch_python_dop_operator_3.py
[2023-06-14T14:17:13.493+0000] {processor.py:836} INFO - DAG(s) dict_keys(['example_branch_dop_operator_v3']) retrieved from /usr/local/lib/python3.8/dist-packages/airflow/example_dags/example_branch_python_dop_operator_3.py
[2023-06-14T14:17:13.516+0000] {logging_mixin.py:149} INFO - [2023-06-14T14:17:13.516+0000] {dag.py:2726} INFO - Sync 1 DAGs
[2023-06-14T14:17:13.539+0000] {logging_mixin.py:149} INFO - [2023-06-14T14:17:13.539+0000] {dag.py:3486} INFO - Setting next_dagrun for example_branch_dop_operator_v3 to 2023-06-14T14:16:00+00:00, run_after=2023-06-14T14:17:00+00:00
[2023-06-14T14:17:13.562+0000] {processor.py:179} INFO - Processing /usr/local/lib/python3.8/dist-packages/airflow/example_dags/example_branch_python_dop_operator_3.py took 0.085 seconds
[2023-06-14T14:19:36.153+0000] {processor.py:157} INFO - Started process (PID=4139) to work on /usr/local/lib/python3.8/dist-packages/airflow/example_dags/example_branch_python_dop_operator_3.py
[2023-06-14T14:19:36.155+0000] {processor.py:826} INFO - Processing file /usr/local/lib/python3.8/dist-packages/airflow/example_dags/example_branch_python_dop_operator_3.py for tasks to queue
[2023-06-14T14:19:36.157+0000] {logging_mixin.py:149} INFO - [2023-06-14T14:19:36.157+0000] {dagbag.py:541} INFO - Filling up the DagBag from /usr/local/lib/python3.8/dist-packages/airflow/example_dags/example_branch_python_dop_operator_3.py
[2023-06-14T14:19:36.167+0000] {processor.py:836} INFO - DAG(s) dict_keys(['example_branch_dop_operator_v3']) retrieved from /usr/local/lib/python3.8/dist-packages/airflow/example_dags/example_branch_python_dop_operator_3.py
[2023-06-14T14:19:36.191+0000] {logging_mixin.py:149} INFO - [2023-06-14T14:19:36.191+0000] {dag.py:2726} INFO - Sync 1 DAGs
[2023-06-14T14:19:36.215+0000] {logging_mixin.py:149} INFO - [2023-06-14T14:19:36.215+0000] {dag.py:3486} INFO - Setting next_dagrun for example_branch_dop_operator_v3 to 2023-06-14T14:18:00+00:00, run_after=2023-06-14T14:19:00+00:00
[2023-06-14T14:19:36.242+0000] {processor.py:179} INFO - Processing /usr/local/lib/python3.8/dist-packages/airflow/example_dags/example_branch_python_dop_operator_3.py took 0.092 seconds
[2023-06-14T14:20:35.274+0000] {processor.py:157} INFO - Started process (PID=4300) to work on /usr/local/lib/python3.8/dist-packages/airflow/example_dags/example_branch_python_dop_operator_3.py
[2023-06-14T14:20:35.276+0000] {processor.py:826} INFO - Processing file /usr/local/lib/python3.8/dist-packages/airflow/example_dags/example_branch_python_dop_operator_3.py for tasks to queue
[2023-06-14T14:20:35.278+0000] {logging_mixin.py:149} INFO - [2023-06-14T14:20:35.278+0000] {dagbag.py:541} INFO - Filling up the DagBag from /usr/local/lib/python3.8/dist-packages/airflow/example_dags/example_branch_python_dop_operator_3.py
[2023-06-14T14:20:35.287+0000] {processor.py:836} INFO - DAG(s) dict_keys(['example_branch_dop_operator_v3']) retrieved from /usr/local/lib/python3.8/dist-packages/airflow/example_dags/example_branch_python_dop_operator_3.py
[2023-06-14T14:20:35.309+0000] {logging_mixin.py:149} INFO - [2023-06-14T14:20:35.308+0000] {dag.py:2726} INFO - Sync 1 DAGs
[2023-06-14T14:20:35.333+0000] {logging_mixin.py:149} INFO - [2023-06-14T14:20:35.333+0000] {dag.py:3486} INFO - Setting next_dagrun for example_branch_dop_operator_v3 to 2023-06-14T14:19:00+00:00, run_after=2023-06-14T14:20:00+00:00
[2023-06-14T14:20:35.361+0000] {processor.py:179} INFO - Processing /usr/local/lib/python3.8/dist-packages/airflow/example_dags/example_branch_python_dop_operator_3.py took 0.091 seconds
[2023-06-14T14:21:29.485+0000] {processor.py:157} INFO - Started process (PID=4456) to work on /usr/local/lib/python3.8/dist-packages/airflow/example_dags/example_branch_python_dop_operator_3.py
[2023-06-14T14:21:29.487+0000] {processor.py:826} INFO - Processing file /usr/local/lib/python3.8/dist-packages/airflow/example_dags/example_branch_python_dop_operator_3.py for tasks to queue
[2023-06-14T14:21:29.490+0000] {logging_mixin.py:149} INFO - [2023-06-14T14:21:29.489+0000] {dagbag.py:541} INFO - Filling up the DagBag from /usr/local/lib/python3.8/dist-packages/airflow/example_dags/example_branch_python_dop_operator_3.py
[2023-06-14T14:21:29.500+0000] {processor.py:836} INFO - DAG(s) dict_keys(['example_branch_dop_operator_v3']) retrieved from /usr/local/lib/python3.8/dist-packages/airflow/example_dags/example_branch_python_dop_operator_3.py
[2023-06-14T14:21:29.522+0000] {logging_mixin.py:149} INFO - [2023-06-14T14:21:29.521+0000] {dag.py:2726} INFO - Sync 1 DAGs
[2023-06-14T14:21:29.546+0000] {logging_mixin.py:149} INFO - [2023-06-14T14:21:29.546+0000] {dag.py:3486} INFO - Setting next_dagrun for example_branch_dop_operator_v3 to 2023-06-14T14:20:00+00:00, run_after=2023-06-14T14:21:00+00:00
[2023-06-14T14:21:29.575+0000] {processor.py:179} INFO - Processing /usr/local/lib/python3.8/dist-packages/airflow/example_dags/example_branch_python_dop_operator_3.py took 0.095 seconds
[2023-06-14T14:22:21.792+0000] {processor.py:157} INFO - Started process (PID=4618) to work on /usr/local/lib/python3.8/dist-packages/airflow/example_dags/example_branch_python_dop_operator_3.py
[2023-06-14T14:22:21.793+0000] {processor.py:826} INFO - Processing file /usr/local/lib/python3.8/dist-packages/airflow/example_dags/example_branch_python_dop_operator_3.py for tasks to queue
[2023-06-14T14:22:21.796+0000] {logging_mixin.py:149} INFO - [2023-06-14T14:22:21.796+0000] {dagbag.py:541} INFO - Filling up the DagBag from /usr/local/lib/python3.8/dist-packages/airflow/example_dags/example_branch_python_dop_operator_3.py
[2023-06-14T14:22:21.805+0000] {processor.py:836} INFO - DAG(s) dict_keys(['example_branch_dop_operator_v3']) retrieved from /usr/local/lib/python3.8/dist-packages/airflow/example_dags/example_branch_python_dop_operator_3.py
[2023-06-14T14:22:21.826+0000] {logging_mixin.py:149} INFO - [2023-06-14T14:22:21.825+0000] {dag.py:2726} INFO - Sync 1 DAGs
[2023-06-14T14:22:21.850+0000] {logging_mixin.py:149} INFO - [2023-06-14T14:22:21.849+0000] {dag.py:3486} INFO - Setting next_dagrun for example_branch_dop_operator_v3 to 2023-06-14T14:21:00+00:00, run_after=2023-06-14T14:22:00+00:00
[2023-06-14T14:22:21.877+0000] {processor.py:179} INFO - Processing /usr/local/lib/python3.8/dist-packages/airflow/example_dags/example_branch_python_dop_operator_3.py took 0.089 seconds
[2023-06-14T14:23:13.497+0000] {processor.py:157} INFO - Started process (PID=4776) to work on /usr/local/lib/python3.8/dist-packages/airflow/example_dags/example_branch_python_dop_operator_3.py
[2023-06-14T14:23:13.498+0000] {processor.py:826} INFO - Processing file /usr/local/lib/python3.8/dist-packages/airflow/example_dags/example_branch_python_dop_operator_3.py for tasks to queue
[2023-06-14T14:23:13.501+0000] {logging_mixin.py:149} INFO - [2023-06-14T14:23:13.500+0000] {dagbag.py:541} INFO - Filling up the DagBag from /usr/local/lib/python3.8/dist-packages/airflow/example_dags/example_branch_python_dop_operator_3.py
[2023-06-14T14:23:13.510+0000] {processor.py:836} INFO - DAG(s) dict_keys(['example_branch_dop_operator_v3']) retrieved from /usr/local/lib/python3.8/dist-packages/airflow/example_dags/example_branch_python_dop_operator_3.py
[2023-06-14T14:23:13.532+0000] {logging_mixin.py:149} INFO - [2023-06-14T14:23:13.531+0000] {dag.py:2726} INFO - Sync 1 DAGs
[2023-06-14T14:23:13.556+0000] {logging_mixin.py:149} INFO - [2023-06-14T14:23:13.556+0000] {dag.py:3486} INFO - Setting next_dagrun for example_branch_dop_operator_v3 to 2023-06-14T14:22:00+00:00, run_after=2023-06-14T14:23:00+00:00
[2023-06-14T14:23:13.584+0000] {processor.py:179} INFO - Processing /usr/local/lib/python3.8/dist-packages/airflow/example_dags/example_branch_python_dop_operator_3.py took 0.091 seconds
[2023-06-14T14:24:03.415+0000] {processor.py:157} INFO - Started process (PID=5030) to work on /usr/local/lib/python3.8/dist-packages/airflow/example_dags/example_branch_python_dop_operator_3.py
[2023-06-14T14:24:03.417+0000] {processor.py:826} INFO - Processing file /usr/local/lib/python3.8/dist-packages/airflow/example_dags/example_branch_python_dop_operator_3.py for tasks to queue
[2023-06-14T14:24:03.419+0000] {logging_mixin.py:149} INFO - [2023-06-14T14:24:03.419+0000] {dagbag.py:541} INFO - Filling up the DagBag from /usr/local/lib/python3.8/dist-packages/airflow/example_dags/example_branch_python_dop_operator_3.py
[2023-06-14T14:24:03.428+0000] {processor.py:836} INFO - DAG(s) dict_keys(['example_branch_dop_operator_v3']) retrieved from /usr/local/lib/python3.8/dist-packages/airflow/example_dags/example_branch_python_dop_operator_3.py
[2023-06-14T14:24:03.448+0000] {logging_mixin.py:149} INFO - [2023-06-14T14:24:03.448+0000] {dag.py:2726} INFO - Sync 1 DAGs
[2023-06-14T14:24:03.472+0000] {logging_mixin.py:149} INFO - [2023-06-14T14:24:03.472+0000] {dag.py:3486} INFO - Setting next_dagrun for example_branch_dop_operator_v3 to 2023-06-14T14:23:00+00:00, run_after=2023-06-14T14:24:00+00:00
[2023-06-14T14:24:03.500+0000] {processor.py:179} INFO - Processing /usr/local/lib/python3.8/dist-packages/airflow/example_dags/example_branch_python_dop_operator_3.py took 0.089 seconds
[2023-06-14T14:24:53.504+0000] {processor.py:157} INFO - Started process (PID=5187) to work on /usr/local/lib/python3.8/dist-packages/airflow/example_dags/example_branch_python_dop_operator_3.py
[2023-06-14T14:24:53.506+0000] {processor.py:826} INFO - Processing file /usr/local/lib/python3.8/dist-packages/airflow/example_dags/example_branch_python_dop_operator_3.py for tasks to queue
[2023-06-14T14:24:53.508+0000] {logging_mixin.py:149} INFO - [2023-06-14T14:24:53.508+0000] {dagbag.py:541} INFO - Filling up the DagBag from /usr/local/lib/python3.8/dist-packages/airflow/example_dags/example_branch_python_dop_operator_3.py
[2023-06-14T14:24:53.518+0000] {processor.py:836} INFO - DAG(s) dict_keys(['example_branch_dop_operator_v3']) retrieved from /usr/local/lib/python3.8/dist-packages/airflow/example_dags/example_branch_python_dop_operator_3.py
[2023-06-14T14:24:53.539+0000] {logging_mixin.py:149} INFO - [2023-06-14T14:24:53.538+0000] {dag.py:2726} INFO - Sync 1 DAGs
[2023-06-14T14:24:53.566+0000] {logging_mixin.py:149} INFO - [2023-06-14T14:24:53.566+0000] {dag.py:3486} INFO - Setting next_dagrun for example_branch_dop_operator_v3 to 2023-06-14T14:23:00+00:00, run_after=2023-06-14T14:24:00+00:00
[2023-06-14T14:24:53.596+0000] {processor.py:179} INFO - Processing /usr/local/lib/python3.8/dist-packages/airflow/example_dags/example_branch_python_dop_operator_3.py took 0.096 seconds
[2023-06-14T14:25:41.713+0000] {processor.py:157} INFO - Started process (PID=5236) to work on /usr/local/lib/python3.8/dist-packages/airflow/example_dags/example_branch_python_dop_operator_3.py
[2023-06-14T14:25:41.714+0000] {processor.py:826} INFO - Processing file /usr/local/lib/python3.8/dist-packages/airflow/example_dags/example_branch_python_dop_operator_3.py for tasks to queue
[2023-06-14T14:25:41.717+0000] {logging_mixin.py:149} INFO - [2023-06-14T14:25:41.717+0000] {dagbag.py:541} INFO - Filling up the DagBag from /usr/local/lib/python3.8/dist-packages/airflow/example_dags/example_branch_python_dop_operator_3.py
[2023-06-14T14:25:41.726+0000] {processor.py:836} INFO - DAG(s) dict_keys(['example_branch_dop_operator_v3']) retrieved from /usr/local/lib/python3.8/dist-packages/airflow/example_dags/example_branch_python_dop_operator_3.py
[2023-06-14T14:25:41.747+0000] {logging_mixin.py:149} INFO - [2023-06-14T14:25:41.747+0000] {dag.py:2726} INFO - Sync 1 DAGs
[2023-06-14T14:25:41.771+0000] {logging_mixin.py:149} INFO - [2023-06-14T14:25:41.770+0000] {dag.py:3486} INFO - Setting next_dagrun for example_branch_dop_operator_v3 to 2023-06-14T14:24:00+00:00, run_after=2023-06-14T14:25:00+00:00
[2023-06-14T14:25:41.806+0000] {processor.py:179} INFO - Processing /usr/local/lib/python3.8/dist-packages/airflow/example_dags/example_branch_python_dop_operator_3.py took 0.097 seconds
[2023-06-14T14:26:36.072+0000] {processor.py:157} INFO - Started process (PID=5395) to work on /usr/local/lib/python3.8/dist-packages/airflow/example_dags/example_branch_python_dop_operator_3.py
[2023-06-14T14:26:36.073+0000] {processor.py:826} INFO - Processing file /usr/local/lib/python3.8/dist-packages/airflow/example_dags/example_branch_python_dop_operator_3.py for tasks to queue
[2023-06-14T14:26:36.075+0000] {logging_mixin.py:149} INFO - [2023-06-14T14:26:36.075+0000] {dagbag.py:541} INFO - Filling up the DagBag from /usr/local/lib/python3.8/dist-packages/airflow/example_dags/example_branch_python_dop_operator_3.py
[2023-06-14T14:26:36.085+0000] {processor.py:836} INFO - DAG(s) dict_keys(['example_branch_dop_operator_v3']) retrieved from /usr/local/lib/python3.8/dist-packages/airflow/example_dags/example_branch_python_dop_operator_3.py
[2023-06-14T14:26:36.106+0000] {logging_mixin.py:149} INFO - [2023-06-14T14:26:36.105+0000] {dag.py:2726} INFO - Sync 1 DAGs
[2023-06-14T14:26:36.130+0000] {logging_mixin.py:149} INFO - [2023-06-14T14:26:36.130+0000] {dag.py:3486} INFO - Setting next_dagrun for example_branch_dop_operator_v3 to 2023-06-14T14:25:00+00:00, run_after=2023-06-14T14:26:00+00:00
[2023-06-14T14:26:36.156+0000] {processor.py:179} INFO - Processing /usr/local/lib/python3.8/dist-packages/airflow/example_dags/example_branch_python_dop_operator_3.py took 0.088 seconds
[2023-06-14T14:27:26.878+0000] {processor.py:157} INFO - Started process (PID=5553) to work on /usr/local/lib/python3.8/dist-packages/airflow/example_dags/example_branch_python_dop_operator_3.py
[2023-06-14T14:27:26.879+0000] {processor.py:826} INFO - Processing file /usr/local/lib/python3.8/dist-packages/airflow/example_dags/example_branch_python_dop_operator_3.py for tasks to queue
[2023-06-14T14:27:26.882+0000] {logging_mixin.py:149} INFO - [2023-06-14T14:27:26.881+0000] {dagbag.py:541} INFO - Filling up the DagBag from /usr/local/lib/python3.8/dist-packages/airflow/example_dags/example_branch_python_dop_operator_3.py
[2023-06-14T14:27:26.891+0000] {processor.py:836} INFO - DAG(s) dict_keys(['example_branch_dop_operator_v3']) retrieved from /usr/local/lib/python3.8/dist-packages/airflow/example_dags/example_branch_python_dop_operator_3.py
[2023-06-14T14:27:26.912+0000] {logging_mixin.py:149} INFO - [2023-06-14T14:27:26.911+0000] {dag.py:2726} INFO - Sync 1 DAGs
[2023-06-14T14:27:26.935+0000] {logging_mixin.py:149} INFO - [2023-06-14T14:27:26.935+0000] {dag.py:3486} INFO - Setting next_dagrun for example_branch_dop_operator_v3 to 2023-06-14T14:26:00+00:00, run_after=2023-06-14T14:27:00+00:00
[2023-06-14T14:27:26.964+0000] {processor.py:179} INFO - Processing /usr/local/lib/python3.8/dist-packages/airflow/example_dags/example_branch_python_dop_operator_3.py took 0.090 seconds
[2023-06-14T14:28:21.491+0000] {processor.py:157} INFO - Started process (PID=5711) to work on /usr/local/lib/python3.8/dist-packages/airflow/example_dags/example_branch_python_dop_operator_3.py
[2023-06-14T14:28:21.492+0000] {processor.py:826} INFO - Processing file /usr/local/lib/python3.8/dist-packages/airflow/example_dags/example_branch_python_dop_operator_3.py for tasks to queue
[2023-06-14T14:28:21.494+0000] {logging_mixin.py:149} INFO - [2023-06-14T14:28:21.494+0000] {dagbag.py:541} INFO - Filling up the DagBag from /usr/local/lib/python3.8/dist-packages/airflow/example_dags/example_branch_python_dop_operator_3.py
[2023-06-14T14:28:21.503+0000] {processor.py:836} INFO - DAG(s) dict_keys(['example_branch_dop_operator_v3']) retrieved from /usr/local/lib/python3.8/dist-packages/airflow/example_dags/example_branch_python_dop_operator_3.py
[2023-06-14T14:28:21.524+0000] {logging_mixin.py:149} INFO - [2023-06-14T14:28:21.523+0000] {dag.py:2726} INFO - Sync 1 DAGs
[2023-06-14T14:28:21.547+0000] {logging_mixin.py:149} INFO - [2023-06-14T14:28:21.547+0000] {dag.py:3486} INFO - Setting next_dagrun for example_branch_dop_operator_v3 to 2023-06-14T14:27:00+00:00, run_after=2023-06-14T14:28:00+00:00
[2023-06-14T14:28:21.573+0000] {processor.py:179} INFO - Processing /usr/local/lib/python3.8/dist-packages/airflow/example_dags/example_branch_python_dop_operator_3.py took 0.087 seconds
[2023-06-14T14:29:11.294+0000] {processor.py:157} INFO - Started process (PID=5970) to work on /usr/local/lib/python3.8/dist-packages/airflow/example_dags/example_branch_python_dop_operator_3.py
[2023-06-14T14:29:11.295+0000] {processor.py:826} INFO - Processing file /usr/local/lib/python3.8/dist-packages/airflow/example_dags/example_branch_python_dop_operator_3.py for tasks to queue
[2023-06-14T14:29:11.298+0000] {logging_mixin.py:149} INFO - [2023-06-14T14:29:11.298+0000] {dagbag.py:541} INFO - Filling up the DagBag from /usr/local/lib/python3.8/dist-packages/airflow/example_dags/example_branch_python_dop_operator_3.py
[2023-06-14T14:29:11.307+0000] {processor.py:836} INFO - DAG(s) dict_keys(['example_branch_dop_operator_v3']) retrieved from /usr/local/lib/python3.8/dist-packages/airflow/example_dags/example_branch_python_dop_operator_3.py
[2023-06-14T14:29:11.328+0000] {logging_mixin.py:149} INFO - [2023-06-14T14:29:11.328+0000] {dag.py:2726} INFO - Sync 1 DAGs
[2023-06-14T14:29:11.352+0000] {logging_mixin.py:149} INFO - [2023-06-14T14:29:11.352+0000] {dag.py:3486} INFO - Setting next_dagrun for example_branch_dop_operator_v3 to 2023-06-14T14:28:00+00:00, run_after=2023-06-14T14:29:00+00:00
[2023-06-14T14:29:11.377+0000] {processor.py:179} INFO - Processing /usr/local/lib/python3.8/dist-packages/airflow/example_dags/example_branch_python_dop_operator_3.py took 0.087 seconds
[2023-06-14T14:30:04.329+0000] {processor.py:157} INFO - Started process (PID=6125) to work on /usr/local/lib/python3.8/dist-packages/airflow/example_dags/example_branch_python_dop_operator_3.py
[2023-06-14T14:30:04.331+0000] {processor.py:826} INFO - Processing file /usr/local/lib/python3.8/dist-packages/airflow/example_dags/example_branch_python_dop_operator_3.py for tasks to queue
[2023-06-14T14:30:04.333+0000] {logging_mixin.py:149} INFO - [2023-06-14T14:30:04.333+0000] {dagbag.py:541} INFO - Filling up the DagBag from /usr/local/lib/python3.8/dist-packages/airflow/example_dags/example_branch_python_dop_operator_3.py
[2023-06-14T14:30:04.343+0000] {processor.py:836} INFO - DAG(s) dict_keys(['example_branch_dop_operator_v3']) retrieved from /usr/local/lib/python3.8/dist-packages/airflow/example_dags/example_branch_python_dop_operator_3.py
[2023-06-14T14:30:04.364+0000] {logging_mixin.py:149} INFO - [2023-06-14T14:30:04.363+0000] {dag.py:2726} INFO - Sync 1 DAGs
[2023-06-14T14:30:04.389+0000] {logging_mixin.py:149} INFO - [2023-06-14T14:30:04.389+0000] {dag.py:3486} INFO - Setting next_dagrun for example_branch_dop_operator_v3 to 2023-06-14T14:29:00+00:00, run_after=2023-06-14T14:30:00+00:00
[2023-06-14T14:30:04.415+0000] {processor.py:179} INFO - Processing /usr/local/lib/python3.8/dist-packages/airflow/example_dags/example_branch_python_dop_operator_3.py took 0.089 seconds
[2023-06-14T14:30:59.846+0000] {processor.py:157} INFO - Started process (PID=6284) to work on /usr/local/lib/python3.8/dist-packages/airflow/example_dags/example_branch_python_dop_operator_3.py
[2023-06-14T14:30:59.848+0000] {processor.py:826} INFO - Processing file /usr/local/lib/python3.8/dist-packages/airflow/example_dags/example_branch_python_dop_operator_3.py for tasks to queue
[2023-06-14T14:30:59.850+0000] {logging_mixin.py:149} INFO - [2023-06-14T14:30:59.850+0000] {dagbag.py:541} INFO - Filling up the DagBag from /usr/local/lib/python3.8/dist-packages/airflow/example_dags/example_branch_python_dop_operator_3.py
[2023-06-14T14:30:59.859+0000] {processor.py:836} INFO - DAG(s) dict_keys(['example_branch_dop_operator_v3']) retrieved from /usr/local/lib/python3.8/dist-packages/airflow/example_dags/example_branch_python_dop_operator_3.py
[2023-06-14T14:30:59.880+0000] {logging_mixin.py:149} INFO - [2023-06-14T14:30:59.879+0000] {dag.py:2726} INFO - Sync 1 DAGs
[2023-06-14T14:30:59.905+0000] {logging_mixin.py:149} INFO - [2023-06-14T14:30:59.905+0000] {dag.py:3486} INFO - Setting next_dagrun for example_branch_dop_operator_v3 to 2023-06-14T14:29:00+00:00, run_after=2023-06-14T14:30:00+00:00
[2023-06-14T14:30:59.933+0000] {processor.py:179} INFO - Processing /usr/local/lib/python3.8/dist-packages/airflow/example_dags/example_branch_python_dop_operator_3.py took 0.091 seconds
[2023-06-14T14:31:51.913+0000] {processor.py:157} INFO - Started process (PID=6440) to work on /usr/local/lib/python3.8/dist-packages/airflow/example_dags/example_branch_python_dop_operator_3.py
[2023-06-14T14:31:51.914+0000] {processor.py:826} INFO - Processing file /usr/local/lib/python3.8/dist-packages/airflow/example_dags/example_branch_python_dop_operator_3.py for tasks to queue
[2023-06-14T14:31:51.917+0000] {logging_mixin.py:149} INFO - [2023-06-14T14:31:51.917+0000] {dagbag.py:541} INFO - Filling up the DagBag from /usr/local/lib/python3.8/dist-packages/airflow/example_dags/example_branch_python_dop_operator_3.py
[2023-06-14T14:31:51.926+0000] {processor.py:836} INFO - DAG(s) dict_keys(['example_branch_dop_operator_v3']) retrieved from /usr/local/lib/python3.8/dist-packages/airflow/example_dags/example_branch_python_dop_operator_3.py
[2023-06-14T14:31:51.947+0000] {logging_mixin.py:149} INFO - [2023-06-14T14:31:51.947+0000] {dag.py:2726} INFO - Sync 1 DAGs
[2023-06-14T14:31:51.972+0000] {logging_mixin.py:149} INFO - [2023-06-14T14:31:51.972+0000] {dag.py:3486} INFO - Setting next_dagrun for example_branch_dop_operator_v3 to 2023-06-14T14:30:00+00:00, run_after=2023-06-14T14:31:00+00:00
[2023-06-14T14:31:52.004+0000] {processor.py:179} INFO - Processing /usr/local/lib/python3.8/dist-packages/airflow/example_dags/example_branch_python_dop_operator_3.py took 0.095 seconds
[2023-06-14T14:32:43.370+0000] {processor.py:157} INFO - Started process (PID=6500) to work on /usr/local/lib/python3.8/dist-packages/airflow/example_dags/example_branch_python_dop_operator_3.py
[2023-06-14T14:32:43.372+0000] {processor.py:826} INFO - Processing file /usr/local/lib/python3.8/dist-packages/airflow/example_dags/example_branch_python_dop_operator_3.py for tasks to queue
[2023-06-14T14:32:43.374+0000] {logging_mixin.py:149} INFO - [2023-06-14T14:32:43.374+0000] {dagbag.py:541} INFO - Filling up the DagBag from /usr/local/lib/python3.8/dist-packages/airflow/example_dags/example_branch_python_dop_operator_3.py
[2023-06-14T14:32:43.383+0000] {processor.py:836} INFO - DAG(s) dict_keys(['example_branch_dop_operator_v3']) retrieved from /usr/local/lib/python3.8/dist-packages/airflow/example_dags/example_branch_python_dop_operator_3.py
[2023-06-14T14:32:43.403+0000] {logging_mixin.py:149} INFO - [2023-06-14T14:32:43.403+0000] {dag.py:2726} INFO - Sync 1 DAGs
[2023-06-14T14:32:43.427+0000] {logging_mixin.py:149} INFO - [2023-06-14T14:32:43.427+0000] {dag.py:3486} INFO - Setting next_dagrun for example_branch_dop_operator_v3 to 2023-06-14T14:31:00+00:00, run_after=2023-06-14T14:32:00+00:00
[2023-06-14T14:32:43.454+0000] {processor.py:179} INFO - Processing /usr/local/lib/python3.8/dist-packages/airflow/example_dags/example_branch_python_dop_operator_3.py took 0.088 seconds
[2023-06-14T14:33:31.880+0000] {processor.py:157} INFO - Started process (PID=6653) to work on /usr/local/lib/python3.8/dist-packages/airflow/example_dags/example_branch_python_dop_operator_3.py
[2023-06-14T14:33:31.882+0000] {processor.py:826} INFO - Processing file /usr/local/lib/python3.8/dist-packages/airflow/example_dags/example_branch_python_dop_operator_3.py for tasks to queue
[2023-06-14T14:33:31.885+0000] {logging_mixin.py:149} INFO - [2023-06-14T14:33:31.885+0000] {dagbag.py:541} INFO - Filling up the DagBag from /usr/local/lib/python3.8/dist-packages/airflow/example_dags/example_branch_python_dop_operator_3.py
[2023-06-14T14:33:31.894+0000] {processor.py:836} INFO - DAG(s) dict_keys(['example_branch_dop_operator_v3']) retrieved from /usr/local/lib/python3.8/dist-packages/airflow/example_dags/example_branch_python_dop_operator_3.py
[2023-06-14T14:33:31.915+0000] {logging_mixin.py:149} INFO - [2023-06-14T14:33:31.915+0000] {dag.py:2726} INFO - Sync 1 DAGs
[2023-06-14T14:33:31.940+0000] {logging_mixin.py:149} INFO - [2023-06-14T14:33:31.939+0000] {dag.py:3486} INFO - Setting next_dagrun for example_branch_dop_operator_v3 to 2023-06-14T14:32:00+00:00, run_after=2023-06-14T14:33:00+00:00
[2023-06-14T14:33:31.971+0000] {processor.py:179} INFO - Processing /usr/local/lib/python3.8/dist-packages/airflow/example_dags/example_branch_python_dop_operator_3.py took 0.094 seconds
[2023-06-14T14:34:27.763+0000] {processor.py:157} INFO - Started process (PID=6912) to work on /usr/local/lib/python3.8/dist-packages/airflow/example_dags/example_branch_python_dop_operator_3.py
[2023-06-14T14:34:27.765+0000] {processor.py:826} INFO - Processing file /usr/local/lib/python3.8/dist-packages/airflow/example_dags/example_branch_python_dop_operator_3.py for tasks to queue
[2023-06-14T14:34:27.767+0000] {logging_mixin.py:149} INFO - [2023-06-14T14:34:27.767+0000] {dagbag.py:541} INFO - Filling up the DagBag from /usr/local/lib/python3.8/dist-packages/airflow/example_dags/example_branch_python_dop_operator_3.py
[2023-06-14T14:34:27.776+0000] {processor.py:836} INFO - DAG(s) dict_keys(['example_branch_dop_operator_v3']) retrieved from /usr/local/lib/python3.8/dist-packages/airflow/example_dags/example_branch_python_dop_operator_3.py
[2023-06-14T14:34:27.797+0000] {logging_mixin.py:149} INFO - [2023-06-14T14:34:27.796+0000] {dag.py:2726} INFO - Sync 1 DAGs
[2023-06-14T14:34:27.821+0000] {logging_mixin.py:149} INFO - [2023-06-14T14:34:27.820+0000] {dag.py:3486} INFO - Setting next_dagrun for example_branch_dop_operator_v3 to 2023-06-14T14:33:00+00:00, run_after=2023-06-14T14:34:00+00:00
[2023-06-14T14:34:27.851+0000] {processor.py:179} INFO - Processing /usr/local/lib/python3.8/dist-packages/airflow/example_dags/example_branch_python_dop_operator_3.py took 0.092 seconds
[2023-06-14T14:35:19.502+0000] {processor.py:157} INFO - Started process (PID=7072) to work on /usr/local/lib/python3.8/dist-packages/airflow/example_dags/example_branch_python_dop_operator_3.py
[2023-06-14T14:35:19.503+0000] {processor.py:826} INFO - Processing file /usr/local/lib/python3.8/dist-packages/airflow/example_dags/example_branch_python_dop_operator_3.py for tasks to queue
[2023-06-14T14:35:19.506+0000] {logging_mixin.py:149} INFO - [2023-06-14T14:35:19.505+0000] {dagbag.py:541} INFO - Filling up the DagBag from /usr/local/lib/python3.8/dist-packages/airflow/example_dags/example_branch_python_dop_operator_3.py
[2023-06-14T14:35:19.515+0000] {processor.py:836} INFO - DAG(s) dict_keys(['example_branch_dop_operator_v3']) retrieved from /usr/local/lib/python3.8/dist-packages/airflow/example_dags/example_branch_python_dop_operator_3.py
[2023-06-14T14:35:19.536+0000] {logging_mixin.py:149} INFO - [2023-06-14T14:35:19.536+0000] {dag.py:2726} INFO - Sync 1 DAGs
[2023-06-14T14:35:19.561+0000] {logging_mixin.py:149} INFO - [2023-06-14T14:35:19.561+0000] {dag.py:3486} INFO - Setting next_dagrun for example_branch_dop_operator_v3 to 2023-06-14T14:34:00+00:00, run_after=2023-06-14T14:35:00+00:00
[2023-06-14T14:35:19.588+0000] {processor.py:179} INFO - Processing /usr/local/lib/python3.8/dist-packages/airflow/example_dags/example_branch_python_dop_operator_3.py took 0.090 seconds
[2023-06-14T14:36:11.217+0000] {processor.py:157} INFO - Started process (PID=7229) to work on /usr/local/lib/python3.8/dist-packages/airflow/example_dags/example_branch_python_dop_operator_3.py
[2023-06-14T14:36:11.219+0000] {processor.py:826} INFO - Processing file /usr/local/lib/python3.8/dist-packages/airflow/example_dags/example_branch_python_dop_operator_3.py for tasks to queue
[2023-06-14T14:36:11.221+0000] {logging_mixin.py:149} INFO - [2023-06-14T14:36:11.221+0000] {dagbag.py:541} INFO - Filling up the DagBag from /usr/local/lib/python3.8/dist-packages/airflow/example_dags/example_branch_python_dop_operator_3.py
[2023-06-14T14:36:11.230+0000] {processor.py:836} INFO - DAG(s) dict_keys(['example_branch_dop_operator_v3']) retrieved from /usr/local/lib/python3.8/dist-packages/airflow/example_dags/example_branch_python_dop_operator_3.py
[2023-06-14T14:36:11.250+0000] {logging_mixin.py:149} INFO - [2023-06-14T14:36:11.250+0000] {dag.py:2726} INFO - Sync 1 DAGs
[2023-06-14T14:36:11.274+0000] {logging_mixin.py:149} INFO - [2023-06-14T14:36:11.274+0000] {dag.py:3486} INFO - Setting next_dagrun for example_branch_dop_operator_v3 to 2023-06-14T14:35:00+00:00, run_after=2023-06-14T14:36:00+00:00
[2023-06-14T14:36:11.303+0000] {processor.py:179} INFO - Processing /usr/local/lib/python3.8/dist-packages/airflow/example_dags/example_branch_python_dop_operator_3.py took 0.089 seconds
[2023-06-14T14:37:04.318+0000] {processor.py:157} INFO - Started process (PID=7391) to work on /usr/local/lib/python3.8/dist-packages/airflow/example_dags/example_branch_python_dop_operator_3.py
[2023-06-14T14:37:04.319+0000] {processor.py:826} INFO - Processing file /usr/local/lib/python3.8/dist-packages/airflow/example_dags/example_branch_python_dop_operator_3.py for tasks to queue
[2023-06-14T14:37:04.322+0000] {logging_mixin.py:149} INFO - [2023-06-14T14:37:04.322+0000] {dagbag.py:541} INFO - Filling up the DagBag from /usr/local/lib/python3.8/dist-packages/airflow/example_dags/example_branch_python_dop_operator_3.py
[2023-06-14T14:37:04.331+0000] {processor.py:836} INFO - DAG(s) dict_keys(['example_branch_dop_operator_v3']) retrieved from /usr/local/lib/python3.8/dist-packages/airflow/example_dags/example_branch_python_dop_operator_3.py
[2023-06-14T14:37:04.352+0000] {logging_mixin.py:149} INFO - [2023-06-14T14:37:04.351+0000] {dag.py:2726} INFO - Sync 1 DAGs
[2023-06-14T14:37:04.376+0000] {logging_mixin.py:149} INFO - [2023-06-14T14:37:04.376+0000] {dag.py:3486} INFO - Setting next_dagrun for example_branch_dop_operator_v3 to 2023-06-14T14:36:00+00:00, run_after=2023-06-14T14:37:00+00:00
[2023-06-14T14:37:04.408+0000] {processor.py:179} INFO - Processing /usr/local/lib/python3.8/dist-packages/airflow/example_dags/example_branch_python_dop_operator_3.py took 0.094 seconds
[2023-06-14T14:37:55.427+0000] {processor.py:157} INFO - Started process (PID=7546) to work on /usr/local/lib/python3.8/dist-packages/airflow/example_dags/example_branch_python_dop_operator_3.py
[2023-06-14T14:37:55.429+0000] {processor.py:826} INFO - Processing file /usr/local/lib/python3.8/dist-packages/airflow/example_dags/example_branch_python_dop_operator_3.py for tasks to queue
[2023-06-14T14:37:55.432+0000] {logging_mixin.py:149} INFO - [2023-06-14T14:37:55.431+0000] {dagbag.py:541} INFO - Filling up the DagBag from /usr/local/lib/python3.8/dist-packages/airflow/example_dags/example_branch_python_dop_operator_3.py
[2023-06-14T14:37:55.441+0000] {processor.py:836} INFO - DAG(s) dict_keys(['example_branch_dop_operator_v3']) retrieved from /usr/local/lib/python3.8/dist-packages/airflow/example_dags/example_branch_python_dop_operator_3.py
[2023-06-14T14:37:55.461+0000] {logging_mixin.py:149} INFO - [2023-06-14T14:37:55.461+0000] {dag.py:2726} INFO - Sync 1 DAGs
[2023-06-14T14:37:55.485+0000] {logging_mixin.py:149} INFO - [2023-06-14T14:37:55.485+0000] {dag.py:3486} INFO - Setting next_dagrun for example_branch_dop_operator_v3 to 2023-06-14T14:36:00+00:00, run_after=2023-06-14T14:37:00+00:00
[2023-06-14T14:37:55.515+0000] {processor.py:179} INFO - Processing /usr/local/lib/python3.8/dist-packages/airflow/example_dags/example_branch_python_dop_operator_3.py took 0.092 seconds
[2023-06-14T14:38:46.117+0000] {processor.py:157} INFO - Started process (PID=7598) to work on /usr/local/lib/python3.8/dist-packages/airflow/example_dags/example_branch_python_dop_operator_3.py
[2023-06-14T14:38:46.119+0000] {processor.py:826} INFO - Processing file /usr/local/lib/python3.8/dist-packages/airflow/example_dags/example_branch_python_dop_operator_3.py for tasks to queue
[2023-06-14T14:38:46.121+0000] {logging_mixin.py:149} INFO - [2023-06-14T14:38:46.121+0000] {dagbag.py:541} INFO - Filling up the DagBag from /usr/local/lib/python3.8/dist-packages/airflow/example_dags/example_branch_python_dop_operator_3.py
[2023-06-14T14:38:46.132+0000] {processor.py:836} INFO - DAG(s) dict_keys(['example_branch_dop_operator_v3']) retrieved from /usr/local/lib/python3.8/dist-packages/airflow/example_dags/example_branch_python_dop_operator_3.py
[2023-06-14T14:38:46.155+0000] {logging_mixin.py:149} INFO - [2023-06-14T14:38:46.154+0000] {dag.py:2726} INFO - Sync 1 DAGs
[2023-06-14T14:38:46.180+0000] {logging_mixin.py:149} INFO - [2023-06-14T14:38:46.180+0000] {dag.py:3486} INFO - Setting next_dagrun for example_branch_dop_operator_v3 to 2023-06-14T14:37:00+00:00, run_after=2023-06-14T14:38:00+00:00
[2023-06-14T14:38:46.206+0000] {processor.py:179} INFO - Processing /usr/local/lib/python3.8/dist-packages/airflow/example_dags/example_branch_python_dop_operator_3.py took 0.093 seconds
[2023-06-14T14:39:31.680+0000] {processor.py:157} INFO - Started process (PID=7749) to work on /usr/local/lib/python3.8/dist-packages/airflow/example_dags/example_branch_python_dop_operator_3.py
[2023-06-14T14:39:31.681+0000] {processor.py:826} INFO - Processing file /usr/local/lib/python3.8/dist-packages/airflow/example_dags/example_branch_python_dop_operator_3.py for tasks to queue
[2023-06-14T14:39:31.683+0000] {logging_mixin.py:149} INFO - [2023-06-14T14:39:31.683+0000] {dagbag.py:541} INFO - Filling up the DagBag from /usr/local/lib/python3.8/dist-packages/airflow/example_dags/example_branch_python_dop_operator_3.py
[2023-06-14T14:39:31.693+0000] {processor.py:836} INFO - DAG(s) dict_keys(['example_branch_dop_operator_v3']) retrieved from /usr/local/lib/python3.8/dist-packages/airflow/example_dags/example_branch_python_dop_operator_3.py
[2023-06-14T14:39:31.713+0000] {logging_mixin.py:149} INFO - [2023-06-14T14:39:31.713+0000] {dag.py:2726} INFO - Sync 1 DAGs
[2023-06-14T14:39:31.738+0000] {logging_mixin.py:149} INFO - [2023-06-14T14:39:31.738+0000] {dag.py:3486} INFO - Setting next_dagrun for example_branch_dop_operator_v3 to 2023-06-14T14:38:00+00:00, run_after=2023-06-14T14:39:00+00:00
[2023-06-14T14:39:31.768+0000] {processor.py:179} INFO - Processing /usr/local/lib/python3.8/dist-packages/airflow/example_dags/example_branch_python_dop_operator_3.py took 0.093 seconds
[2023-06-14T14:40:25.756+0000] {processor.py:157} INFO - Started process (PID=7905) to work on /usr/local/lib/python3.8/dist-packages/airflow/example_dags/example_branch_python_dop_operator_3.py
[2023-06-14T14:40:25.757+0000] {processor.py:826} INFO - Processing file /usr/local/lib/python3.8/dist-packages/airflow/example_dags/example_branch_python_dop_operator_3.py for tasks to queue
[2023-06-14T14:40:25.760+0000] {logging_mixin.py:149} INFO - [2023-06-14T14:40:25.759+0000] {dagbag.py:541} INFO - Filling up the DagBag from /usr/local/lib/python3.8/dist-packages/airflow/example_dags/example_branch_python_dop_operator_3.py
[2023-06-14T14:40:25.769+0000] {processor.py:836} INFO - DAG(s) dict_keys(['example_branch_dop_operator_v3']) retrieved from /usr/local/lib/python3.8/dist-packages/airflow/example_dags/example_branch_python_dop_operator_3.py
[2023-06-14T14:40:25.789+0000] {logging_mixin.py:149} INFO - [2023-06-14T14:40:25.789+0000] {dag.py:2726} INFO - Sync 1 DAGs
[2023-06-14T14:40:25.813+0000] {logging_mixin.py:149} INFO - [2023-06-14T14:40:25.813+0000] {dag.py:3486} INFO - Setting next_dagrun for example_branch_dop_operator_v3 to 2023-06-14T14:39:00+00:00, run_after=2023-06-14T14:40:00+00:00
[2023-06-14T14:40:25.840+0000] {processor.py:179} INFO - Processing /usr/local/lib/python3.8/dist-packages/airflow/example_dags/example_branch_python_dop_operator_3.py took 0.088 seconds
[2023-06-14T14:41:19.805+0000] {processor.py:157} INFO - Started process (PID=8063) to work on /usr/local/lib/python3.8/dist-packages/airflow/example_dags/example_branch_python_dop_operator_3.py
[2023-06-14T14:41:19.807+0000] {processor.py:826} INFO - Processing file /usr/local/lib/python3.8/dist-packages/airflow/example_dags/example_branch_python_dop_operator_3.py for tasks to queue
[2023-06-14T14:41:19.809+0000] {logging_mixin.py:149} INFO - [2023-06-14T14:41:19.809+0000] {dagbag.py:541} INFO - Filling up the DagBag from /usr/local/lib/python3.8/dist-packages/airflow/example_dags/example_branch_python_dop_operator_3.py
[2023-06-14T14:41:19.818+0000] {processor.py:836} INFO - DAG(s) dict_keys(['example_branch_dop_operator_v3']) retrieved from /usr/local/lib/python3.8/dist-packages/airflow/example_dags/example_branch_python_dop_operator_3.py
[2023-06-14T14:41:19.839+0000] {logging_mixin.py:149} INFO - [2023-06-14T14:41:19.839+0000] {dag.py:2726} INFO - Sync 1 DAGs
[2023-06-14T14:41:19.863+0000] {logging_mixin.py:149} INFO - [2023-06-14T14:41:19.862+0000] {dag.py:3486} INFO - Setting next_dagrun for example_branch_dop_operator_v3 to 2023-06-14T14:40:00+00:00, run_after=2023-06-14T14:41:00+00:00
[2023-06-14T14:41:19.891+0000] {processor.py:179} INFO - Processing /usr/local/lib/python3.8/dist-packages/airflow/example_dags/example_branch_python_dop_operator_3.py took 0.090 seconds
[2023-06-14T14:42:14.034+0000] {processor.py:157} INFO - Started process (PID=8225) to work on /usr/local/lib/python3.8/dist-packages/airflow/example_dags/example_branch_python_dop_operator_3.py
[2023-06-14T14:42:14.035+0000] {processor.py:826} INFO - Processing file /usr/local/lib/python3.8/dist-packages/airflow/example_dags/example_branch_python_dop_operator_3.py for tasks to queue
[2023-06-14T14:42:14.038+0000] {logging_mixin.py:149} INFO - [2023-06-14T14:42:14.038+0000] {dagbag.py:541} INFO - Filling up the DagBag from /usr/local/lib/python3.8/dist-packages/airflow/example_dags/example_branch_python_dop_operator_3.py
[2023-06-14T14:42:14.048+0000] {processor.py:836} INFO - DAG(s) dict_keys(['example_branch_dop_operator_v3']) retrieved from /usr/local/lib/python3.8/dist-packages/airflow/example_dags/example_branch_python_dop_operator_3.py
[2023-06-14T14:42:14.069+0000] {logging_mixin.py:149} INFO - [2023-06-14T14:42:14.068+0000] {dag.py:2726} INFO - Sync 1 DAGs
[2023-06-14T14:42:14.094+0000] {logging_mixin.py:149} INFO - [2023-06-14T14:42:14.093+0000] {dag.py:3486} INFO - Setting next_dagrun for example_branch_dop_operator_v3 to 2023-06-14T14:41:00+00:00, run_after=2023-06-14T14:42:00+00:00
[2023-06-14T14:42:14.122+0000] {processor.py:179} INFO - Processing /usr/local/lib/python3.8/dist-packages/airflow/example_dags/example_branch_python_dop_operator_3.py took 0.092 seconds
[2023-06-14T14:43:09.900+0000] {processor.py:157} INFO - Started process (PID=8383) to work on /usr/local/lib/python3.8/dist-packages/airflow/example_dags/example_branch_python_dop_operator_3.py
[2023-06-14T14:43:09.901+0000] {processor.py:826} INFO - Processing file /usr/local/lib/python3.8/dist-packages/airflow/example_dags/example_branch_python_dop_operator_3.py for tasks to queue
[2023-06-14T14:43:09.903+0000] {logging_mixin.py:149} INFO - [2023-06-14T14:43:09.903+0000] {dagbag.py:541} INFO - Filling up the DagBag from /usr/local/lib/python3.8/dist-packages/airflow/example_dags/example_branch_python_dop_operator_3.py
[2023-06-14T14:43:09.912+0000] {processor.py:836} INFO - DAG(s) dict_keys(['example_branch_dop_operator_v3']) retrieved from /usr/local/lib/python3.8/dist-packages/airflow/example_dags/example_branch_python_dop_operator_3.py
[2023-06-14T14:43:09.933+0000] {logging_mixin.py:149} INFO - [2023-06-14T14:43:09.933+0000] {dag.py:2726} INFO - Sync 1 DAGs
[2023-06-14T14:43:09.957+0000] {logging_mixin.py:149} INFO - [2023-06-14T14:43:09.957+0000] {dag.py:3486} INFO - Setting next_dagrun for example_branch_dop_operator_v3 to 2023-06-14T14:42:00+00:00, run_after=2023-06-14T14:43:00+00:00
[2023-06-14T14:43:09.984+0000] {processor.py:179} INFO - Processing /usr/local/lib/python3.8/dist-packages/airflow/example_dags/example_branch_python_dop_operator_3.py took 0.089 seconds
[2023-06-14T14:44:06.615+0000] {processor.py:157} INFO - Started process (PID=8643) to work on /usr/local/lib/python3.8/dist-packages/airflow/example_dags/example_branch_python_dop_operator_3.py
[2023-06-14T14:44:06.616+0000] {processor.py:826} INFO - Processing file /usr/local/lib/python3.8/dist-packages/airflow/example_dags/example_branch_python_dop_operator_3.py for tasks to queue
[2023-06-14T14:44:06.618+0000] {logging_mixin.py:149} INFO - [2023-06-14T14:44:06.618+0000] {dagbag.py:541} INFO - Filling up the DagBag from /usr/local/lib/python3.8/dist-packages/airflow/example_dags/example_branch_python_dop_operator_3.py
[2023-06-14T14:44:06.627+0000] {processor.py:836} INFO - DAG(s) dict_keys(['example_branch_dop_operator_v3']) retrieved from /usr/local/lib/python3.8/dist-packages/airflow/example_dags/example_branch_python_dop_operator_3.py
[2023-06-14T14:44:06.648+0000] {logging_mixin.py:149} INFO - [2023-06-14T14:44:06.648+0000] {dag.py:2726} INFO - Sync 1 DAGs
[2023-06-14T14:44:06.672+0000] {logging_mixin.py:149} INFO - [2023-06-14T14:44:06.672+0000] {dag.py:3486} INFO - Setting next_dagrun for example_branch_dop_operator_v3 to 2023-06-14T14:43:00+00:00, run_after=2023-06-14T14:44:00+00:00
[2023-06-14T14:44:06.701+0000] {processor.py:179} INFO - Processing /usr/local/lib/python3.8/dist-packages/airflow/example_dags/example_branch_python_dop_operator_3.py took 0.091 seconds
[2023-06-14T14:45:00.065+0000] {processor.py:157} INFO - Started process (PID=8801) to work on /usr/local/lib/python3.8/dist-packages/airflow/example_dags/example_branch_python_dop_operator_3.py
[2023-06-14T14:45:00.066+0000] {processor.py:826} INFO - Processing file /usr/local/lib/python3.8/dist-packages/airflow/example_dags/example_branch_python_dop_operator_3.py for tasks to queue
[2023-06-14T14:45:00.068+0000] {logging_mixin.py:149} INFO - [2023-06-14T14:45:00.068+0000] {dagbag.py:541} INFO - Filling up the DagBag from /usr/local/lib/python3.8/dist-packages/airflow/example_dags/example_branch_python_dop_operator_3.py
[2023-06-14T14:45:00.078+0000] {processor.py:836} INFO - DAG(s) dict_keys(['example_branch_dop_operator_v3']) retrieved from /usr/local/lib/python3.8/dist-packages/airflow/example_dags/example_branch_python_dop_operator_3.py
[2023-06-14T14:45:00.099+0000] {logging_mixin.py:149} INFO - [2023-06-14T14:45:00.099+0000] {dag.py:2726} INFO - Sync 1 DAGs
[2023-06-14T14:45:00.124+0000] {logging_mixin.py:149} INFO - [2023-06-14T14:45:00.124+0000] {dag.py:3486} INFO - Setting next_dagrun for example_branch_dop_operator_v3 to 2023-06-14T14:44:00+00:00, run_after=2023-06-14T14:45:00+00:00
[2023-06-14T14:45:00.152+0000] {processor.py:179} INFO - Processing /usr/local/lib/python3.8/dist-packages/airflow/example_dags/example_branch_python_dop_operator_3.py took 0.091 seconds
[2023-06-14T14:45:57.011+0000] {processor.py:157} INFO - Started process (PID=8962) to work on /usr/local/lib/python3.8/dist-packages/airflow/example_dags/example_branch_python_dop_operator_3.py
[2023-06-14T14:45:57.012+0000] {processor.py:826} INFO - Processing file /usr/local/lib/python3.8/dist-packages/airflow/example_dags/example_branch_python_dop_operator_3.py for tasks to queue
[2023-06-14T14:45:57.014+0000] {logging_mixin.py:149} INFO - [2023-06-14T14:45:57.014+0000] {dagbag.py:541} INFO - Filling up the DagBag from /usr/local/lib/python3.8/dist-packages/airflow/example_dags/example_branch_python_dop_operator_3.py
[2023-06-14T14:45:57.024+0000] {processor.py:836} INFO - DAG(s) dict_keys(['example_branch_dop_operator_v3']) retrieved from /usr/local/lib/python3.8/dist-packages/airflow/example_dags/example_branch_python_dop_operator_3.py
[2023-06-14T14:45:57.045+0000] {logging_mixin.py:149} INFO - [2023-06-14T14:45:57.044+0000] {dag.py:2726} INFO - Sync 1 DAGs
[2023-06-14T14:45:57.070+0000] {logging_mixin.py:149} INFO - [2023-06-14T14:45:57.070+0000] {dag.py:3486} INFO - Setting next_dagrun for example_branch_dop_operator_v3 to 2023-06-14T14:44:00+00:00, run_after=2023-06-14T14:45:00+00:00
[2023-06-14T14:45:57.096+0000] {processor.py:179} INFO - Processing /usr/local/lib/python3.8/dist-packages/airflow/example_dags/example_branch_python_dop_operator_3.py took 0.089 seconds
[2023-06-14T14:46:50.841+0000] {processor.py:157} INFO - Started process (PID=9017) to work on /usr/local/lib/python3.8/dist-packages/airflow/example_dags/example_branch_python_dop_operator_3.py
[2023-06-14T14:46:50.843+0000] {processor.py:826} INFO - Processing file /usr/local/lib/python3.8/dist-packages/airflow/example_dags/example_branch_python_dop_operator_3.py for tasks to queue
[2023-06-14T14:46:50.845+0000] {logging_mixin.py:149} INFO - [2023-06-14T14:46:50.845+0000] {dagbag.py:541} INFO - Filling up the DagBag from /usr/local/lib/python3.8/dist-packages/airflow/example_dags/example_branch_python_dop_operator_3.py
[2023-06-14T14:46:50.855+0000] {processor.py:836} INFO - DAG(s) dict_keys(['example_branch_dop_operator_v3']) retrieved from /usr/local/lib/python3.8/dist-packages/airflow/example_dags/example_branch_python_dop_operator_3.py
[2023-06-14T14:46:50.875+0000] {logging_mixin.py:149} INFO - [2023-06-14T14:46:50.875+0000] {dag.py:2726} INFO - Sync 1 DAGs
[2023-06-14T14:46:50.899+0000] {logging_mixin.py:149} INFO - [2023-06-14T14:46:50.899+0000] {dag.py:3486} INFO - Setting next_dagrun for example_branch_dop_operator_v3 to 2023-06-14T14:45:00+00:00, run_after=2023-06-14T14:46:00+00:00
[2023-06-14T14:46:50.926+0000] {processor.py:179} INFO - Processing /usr/local/lib/python3.8/dist-packages/airflow/example_dags/example_branch_python_dop_operator_3.py took 0.089 seconds
[2023-06-14T14:47:43.764+0000] {processor.py:157} INFO - Started process (PID=9176) to work on /usr/local/lib/python3.8/dist-packages/airflow/example_dags/example_branch_python_dop_operator_3.py
[2023-06-14T14:47:43.766+0000] {processor.py:826} INFO - Processing file /usr/local/lib/python3.8/dist-packages/airflow/example_dags/example_branch_python_dop_operator_3.py for tasks to queue
[2023-06-14T14:47:43.768+0000] {logging_mixin.py:149} INFO - [2023-06-14T14:47:43.768+0000] {dagbag.py:541} INFO - Filling up the DagBag from /usr/local/lib/python3.8/dist-packages/airflow/example_dags/example_branch_python_dop_operator_3.py
[2023-06-14T14:47:43.778+0000] {processor.py:836} INFO - DAG(s) dict_keys(['example_branch_dop_operator_v3']) retrieved from /usr/local/lib/python3.8/dist-packages/airflow/example_dags/example_branch_python_dop_operator_3.py
[2023-06-14T14:47:43.799+0000] {logging_mixin.py:149} INFO - [2023-06-14T14:47:43.798+0000] {dag.py:2726} INFO - Sync 1 DAGs
[2023-06-14T14:47:43.823+0000] {logging_mixin.py:149} INFO - [2023-06-14T14:47:43.823+0000] {dag.py:3486} INFO - Setting next_dagrun for example_branch_dop_operator_v3 to 2023-06-14T14:46:00+00:00, run_after=2023-06-14T14:47:00+00:00
[2023-06-14T14:47:43.852+0000] {processor.py:179} INFO - Processing /usr/local/lib/python3.8/dist-packages/airflow/example_dags/example_branch_python_dop_operator_3.py took 0.091 seconds
[2023-06-14T14:48:34.383+0000] {processor.py:157} INFO - Started process (PID=9330) to work on /usr/local/lib/python3.8/dist-packages/airflow/example_dags/example_branch_python_dop_operator_3.py
[2023-06-14T14:48:34.384+0000] {processor.py:826} INFO - Processing file /usr/local/lib/python3.8/dist-packages/airflow/example_dags/example_branch_python_dop_operator_3.py for tasks to queue
[2023-06-14T14:48:34.387+0000] {logging_mixin.py:149} INFO - [2023-06-14T14:48:34.387+0000] {dagbag.py:541} INFO - Filling up the DagBag from /usr/local/lib/python3.8/dist-packages/airflow/example_dags/example_branch_python_dop_operator_3.py
[2023-06-14T14:48:34.396+0000] {processor.py:836} INFO - DAG(s) dict_keys(['example_branch_dop_operator_v3']) retrieved from /usr/local/lib/python3.8/dist-packages/airflow/example_dags/example_branch_python_dop_operator_3.py
[2023-06-14T14:48:34.417+0000] {logging_mixin.py:149} INFO - [2023-06-14T14:48:34.417+0000] {dag.py:2726} INFO - Sync 1 DAGs
[2023-06-14T14:48:34.442+0000] {logging_mixin.py:149} INFO - [2023-06-14T14:48:34.441+0000] {dag.py:3486} INFO - Setting next_dagrun for example_branch_dop_operator_v3 to 2023-06-14T14:47:00+00:00, run_after=2023-06-14T14:48:00+00:00
[2023-06-14T14:48:34.468+0000] {processor.py:179} INFO - Processing /usr/local/lib/python3.8/dist-packages/airflow/example_dags/example_branch_python_dop_operator_3.py took 0.089 seconds
[2023-06-14T14:49:31.774+0000] {processor.py:157} INFO - Started process (PID=9591) to work on /usr/local/lib/python3.8/dist-packages/airflow/example_dags/example_branch_python_dop_operator_3.py
[2023-06-14T14:49:31.775+0000] {processor.py:826} INFO - Processing file /usr/local/lib/python3.8/dist-packages/airflow/example_dags/example_branch_python_dop_operator_3.py for tasks to queue
[2023-06-14T14:49:31.778+0000] {logging_mixin.py:149} INFO - [2023-06-14T14:49:31.777+0000] {dagbag.py:541} INFO - Filling up the DagBag from /usr/local/lib/python3.8/dist-packages/airflow/example_dags/example_branch_python_dop_operator_3.py
[2023-06-14T14:49:31.787+0000] {processor.py:836} INFO - DAG(s) dict_keys(['example_branch_dop_operator_v3']) retrieved from /usr/local/lib/python3.8/dist-packages/airflow/example_dags/example_branch_python_dop_operator_3.py
[2023-06-14T14:49:31.808+0000] {logging_mixin.py:149} INFO - [2023-06-14T14:49:31.807+0000] {dag.py:2726} INFO - Sync 1 DAGs
[2023-06-14T14:49:31.832+0000] {logging_mixin.py:149} INFO - [2023-06-14T14:49:31.832+0000] {dag.py:3486} INFO - Setting next_dagrun for example_branch_dop_operator_v3 to 2023-06-14T14:48:00+00:00, run_after=2023-06-14T14:49:00+00:00
[2023-06-14T14:49:31.860+0000] {processor.py:179} INFO - Processing /usr/local/lib/python3.8/dist-packages/airflow/example_dags/example_branch_python_dop_operator_3.py took 0.090 seconds
[2023-06-14T14:50:26.901+0000] {processor.py:157} INFO - Started process (PID=9750) to work on /usr/local/lib/python3.8/dist-packages/airflow/example_dags/example_branch_python_dop_operator_3.py
[2023-06-14T14:50:26.902+0000] {processor.py:826} INFO - Processing file /usr/local/lib/python3.8/dist-packages/airflow/example_dags/example_branch_python_dop_operator_3.py for tasks to queue
[2023-06-14T14:50:26.905+0000] {logging_mixin.py:149} INFO - [2023-06-14T14:50:26.904+0000] {dagbag.py:541} INFO - Filling up the DagBag from /usr/local/lib/python3.8/dist-packages/airflow/example_dags/example_branch_python_dop_operator_3.py
[2023-06-14T14:50:26.914+0000] {processor.py:836} INFO - DAG(s) dict_keys(['example_branch_dop_operator_v3']) retrieved from /usr/local/lib/python3.8/dist-packages/airflow/example_dags/example_branch_python_dop_operator_3.py
[2023-06-14T14:50:26.935+0000] {logging_mixin.py:149} INFO - [2023-06-14T14:50:26.934+0000] {dag.py:2726} INFO - Sync 1 DAGs
[2023-06-14T14:50:26.959+0000] {logging_mixin.py:149} INFO - [2023-06-14T14:50:26.959+0000] {dag.py:3486} INFO - Setting next_dagrun for example_branch_dop_operator_v3 to 2023-06-14T14:49:00+00:00, run_after=2023-06-14T14:50:00+00:00
[2023-06-14T14:50:26.989+0000] {processor.py:179} INFO - Processing /usr/local/lib/python3.8/dist-packages/airflow/example_dags/example_branch_python_dop_operator_3.py took 0.092 seconds
[2023-06-14T14:51:17.594+0000] {processor.py:157} INFO - Started process (PID=9905) to work on /usr/local/lib/python3.8/dist-packages/airflow/example_dags/example_branch_python_dop_operator_3.py
[2023-06-14T14:51:17.595+0000] {processor.py:826} INFO - Processing file /usr/local/lib/python3.8/dist-packages/airflow/example_dags/example_branch_python_dop_operator_3.py for tasks to queue
[2023-06-14T14:51:17.598+0000] {logging_mixin.py:149} INFO - [2023-06-14T14:51:17.597+0000] {dagbag.py:541} INFO - Filling up the DagBag from /usr/local/lib/python3.8/dist-packages/airflow/example_dags/example_branch_python_dop_operator_3.py
[2023-06-14T14:51:17.607+0000] {processor.py:836} INFO - DAG(s) dict_keys(['example_branch_dop_operator_v3']) retrieved from /usr/local/lib/python3.8/dist-packages/airflow/example_dags/example_branch_python_dop_operator_3.py
[2023-06-14T14:51:17.627+0000] {logging_mixin.py:149} INFO - [2023-06-14T14:51:17.627+0000] {dag.py:2726} INFO - Sync 1 DAGs
[2023-06-14T14:51:17.651+0000] {logging_mixin.py:149} INFO - [2023-06-14T14:51:17.651+0000] {dag.py:3486} INFO - Setting next_dagrun for example_branch_dop_operator_v3 to 2023-06-14T14:50:00+00:00, run_after=2023-06-14T14:51:00+00:00
[2023-06-14T14:51:17.679+0000] {processor.py:179} INFO - Processing /usr/local/lib/python3.8/dist-packages/airflow/example_dags/example_branch_python_dop_operator_3.py took 0.089 seconds
[2023-06-14T14:52:03.920+0000] {processor.py:157} INFO - Started process (PID=10062) to work on /usr/local/lib/python3.8/dist-packages/airflow/example_dags/example_branch_python_dop_operator_3.py
[2023-06-14T14:52:03.921+0000] {processor.py:826} INFO - Processing file /usr/local/lib/python3.8/dist-packages/airflow/example_dags/example_branch_python_dop_operator_3.py for tasks to queue
[2023-06-14T14:52:03.924+0000] {logging_mixin.py:149} INFO - [2023-06-14T14:52:03.924+0000] {dagbag.py:541} INFO - Filling up the DagBag from /usr/local/lib/python3.8/dist-packages/airflow/example_dags/example_branch_python_dop_operator_3.py
[2023-06-14T14:52:03.933+0000] {processor.py:836} INFO - DAG(s) dict_keys(['example_branch_dop_operator_v3']) retrieved from /usr/local/lib/python3.8/dist-packages/airflow/example_dags/example_branch_python_dop_operator_3.py
[2023-06-14T14:52:03.954+0000] {logging_mixin.py:149} INFO - [2023-06-14T14:52:03.954+0000] {dag.py:2726} INFO - Sync 1 DAGs
[2023-06-14T14:52:03.979+0000] {logging_mixin.py:149} INFO - [2023-06-14T14:52:03.979+0000] {dag.py:3486} INFO - Setting next_dagrun for example_branch_dop_operator_v3 to 2023-06-14T14:51:00+00:00, run_after=2023-06-14T14:52:00+00:00
[2023-06-14T14:52:04.008+0000] {processor.py:179} INFO - Processing /usr/local/lib/python3.8/dist-packages/airflow/example_dags/example_branch_python_dop_operator_3.py took 0.093 seconds
[2023-06-14T14:52:56.095+0000] {processor.py:157} INFO - Started process (PID=10217) to work on /usr/local/lib/python3.8/dist-packages/airflow/example_dags/example_branch_python_dop_operator_3.py
[2023-06-14T14:52:56.096+0000] {processor.py:826} INFO - Processing file /usr/local/lib/python3.8/dist-packages/airflow/example_dags/example_branch_python_dop_operator_3.py for tasks to queue
[2023-06-14T14:52:56.099+0000] {logging_mixin.py:149} INFO - [2023-06-14T14:52:56.098+0000] {dagbag.py:541} INFO - Filling up the DagBag from /usr/local/lib/python3.8/dist-packages/airflow/example_dags/example_branch_python_dop_operator_3.py
[2023-06-14T14:52:56.108+0000] {processor.py:836} INFO - DAG(s) dict_keys(['example_branch_dop_operator_v3']) retrieved from /usr/local/lib/python3.8/dist-packages/airflow/example_dags/example_branch_python_dop_operator_3.py
[2023-06-14T14:52:56.130+0000] {logging_mixin.py:149} INFO - [2023-06-14T14:52:56.130+0000] {dag.py:2726} INFO - Sync 1 DAGs
[2023-06-14T14:52:56.154+0000] {logging_mixin.py:149} INFO - [2023-06-14T14:52:56.154+0000] {dag.py:3486} INFO - Setting next_dagrun for example_branch_dop_operator_v3 to 2023-06-14T14:51:00+00:00, run_after=2023-06-14T14:52:00+00:00
[2023-06-14T14:52:56.182+0000] {processor.py:179} INFO - Processing /usr/local/lib/python3.8/dist-packages/airflow/example_dags/example_branch_python_dop_operator_3.py took 0.092 seconds
[2023-06-14T14:53:48.705+0000] {processor.py:157} INFO - Started process (PID=10270) to work on /usr/local/lib/python3.8/dist-packages/airflow/example_dags/example_branch_python_dop_operator_3.py
[2023-06-14T14:53:48.706+0000] {processor.py:826} INFO - Processing file /usr/local/lib/python3.8/dist-packages/airflow/example_dags/example_branch_python_dop_operator_3.py for tasks to queue
[2023-06-14T14:53:48.709+0000] {logging_mixin.py:149} INFO - [2023-06-14T14:53:48.708+0000] {dagbag.py:541} INFO - Filling up the DagBag from /usr/local/lib/python3.8/dist-packages/airflow/example_dags/example_branch_python_dop_operator_3.py
[2023-06-14T14:53:48.718+0000] {processor.py:836} INFO - DAG(s) dict_keys(['example_branch_dop_operator_v3']) retrieved from /usr/local/lib/python3.8/dist-packages/airflow/example_dags/example_branch_python_dop_operator_3.py
[2023-06-14T14:53:48.739+0000] {logging_mixin.py:149} INFO - [2023-06-14T14:53:48.738+0000] {dag.py:2726} INFO - Sync 1 DAGs
[2023-06-14T14:53:48.763+0000] {logging_mixin.py:149} INFO - [2023-06-14T14:53:48.762+0000] {dag.py:3486} INFO - Setting next_dagrun for example_branch_dop_operator_v3 to 2023-06-14T14:52:00+00:00, run_after=2023-06-14T14:53:00+00:00
[2023-06-14T14:53:48.790+0000] {processor.py:179} INFO - Processing /usr/local/lib/python3.8/dist-packages/airflow/example_dags/example_branch_python_dop_operator_3.py took 0.089 seconds
[2023-06-14T14:54:42.769+0000] {processor.py:157} INFO - Started process (PID=10532) to work on /usr/local/lib/python3.8/dist-packages/airflow/example_dags/example_branch_python_dop_operator_3.py
[2023-06-14T14:54:42.771+0000] {processor.py:826} INFO - Processing file /usr/local/lib/python3.8/dist-packages/airflow/example_dags/example_branch_python_dop_operator_3.py for tasks to queue
[2023-06-14T14:54:42.773+0000] {logging_mixin.py:149} INFO - [2023-06-14T14:54:42.773+0000] {dagbag.py:541} INFO - Filling up the DagBag from /usr/local/lib/python3.8/dist-packages/airflow/example_dags/example_branch_python_dop_operator_3.py
[2023-06-14T14:54:42.783+0000] {processor.py:836} INFO - DAG(s) dict_keys(['example_branch_dop_operator_v3']) retrieved from /usr/local/lib/python3.8/dist-packages/airflow/example_dags/example_branch_python_dop_operator_3.py
[2023-06-14T14:54:42.803+0000] {logging_mixin.py:149} INFO - [2023-06-14T14:54:42.803+0000] {dag.py:2726} INFO - Sync 1 DAGs
[2023-06-14T14:54:42.827+0000] {logging_mixin.py:149} INFO - [2023-06-14T14:54:42.827+0000] {dag.py:3486} INFO - Setting next_dagrun for example_branch_dop_operator_v3 to 2023-06-14T14:53:00+00:00, run_after=2023-06-14T14:54:00+00:00
[2023-06-14T14:54:42.859+0000] {processor.py:179} INFO - Processing /usr/local/lib/python3.8/dist-packages/airflow/example_dags/example_branch_python_dop_operator_3.py took 0.094 seconds
[2023-06-14T14:55:35.582+0000] {processor.py:157} INFO - Started process (PID=10789) to work on /usr/local/lib/python3.8/dist-packages/airflow/example_dags/example_branch_python_dop_operator_3.py
[2023-06-14T14:55:35.584+0000] {processor.py:826} INFO - Processing file /usr/local/lib/python3.8/dist-packages/airflow/example_dags/example_branch_python_dop_operator_3.py for tasks to queue
[2023-06-14T14:55:35.586+0000] {logging_mixin.py:149} INFO - [2023-06-14T14:55:35.586+0000] {dagbag.py:541} INFO - Filling up the DagBag from /usr/local/lib/python3.8/dist-packages/airflow/example_dags/example_branch_python_dop_operator_3.py
[2023-06-14T14:55:35.595+0000] {processor.py:836} INFO - DAG(s) dict_keys(['example_branch_dop_operator_v3']) retrieved from /usr/local/lib/python3.8/dist-packages/airflow/example_dags/example_branch_python_dop_operator_3.py
[2023-06-14T14:55:35.616+0000] {logging_mixin.py:149} INFO - [2023-06-14T14:55:35.616+0000] {dag.py:2726} INFO - Sync 1 DAGs
[2023-06-14T14:55:35.640+0000] {logging_mixin.py:149} INFO - [2023-06-14T14:55:35.640+0000] {dag.py:3486} INFO - Setting next_dagrun for example_branch_dop_operator_v3 to 2023-06-14T14:54:00+00:00, run_after=2023-06-14T14:55:00+00:00
[2023-06-14T14:55:35.666+0000] {processor.py:179} INFO - Processing /usr/local/lib/python3.8/dist-packages/airflow/example_dags/example_branch_python_dop_operator_3.py took 0.088 seconds
[2023-06-14T14:56:27.046+0000] {processor.py:157} INFO - Started process (PID=10946) to work on /usr/local/lib/python3.8/dist-packages/airflow/example_dags/example_branch_python_dop_operator_3.py
[2023-06-14T14:56:27.047+0000] {processor.py:826} INFO - Processing file /usr/local/lib/python3.8/dist-packages/airflow/example_dags/example_branch_python_dop_operator_3.py for tasks to queue
[2023-06-14T14:56:27.050+0000] {logging_mixin.py:149} INFO - [2023-06-14T14:56:27.050+0000] {dagbag.py:541} INFO - Filling up the DagBag from /usr/local/lib/python3.8/dist-packages/airflow/example_dags/example_branch_python_dop_operator_3.py
[2023-06-14T14:56:27.059+0000] {processor.py:836} INFO - DAG(s) dict_keys(['example_branch_dop_operator_v3']) retrieved from /usr/local/lib/python3.8/dist-packages/airflow/example_dags/example_branch_python_dop_operator_3.py
[2023-06-14T14:56:27.080+0000] {logging_mixin.py:149} INFO - [2023-06-14T14:56:27.080+0000] {dag.py:2726} INFO - Sync 1 DAGs
[2023-06-14T14:56:27.104+0000] {logging_mixin.py:149} INFO - [2023-06-14T14:56:27.104+0000] {dag.py:3486} INFO - Setting next_dagrun for example_branch_dop_operator_v3 to 2023-06-14T14:55:00+00:00, run_after=2023-06-14T14:56:00+00:00
[2023-06-14T14:56:27.131+0000] {processor.py:179} INFO - Processing /usr/local/lib/python3.8/dist-packages/airflow/example_dags/example_branch_python_dop_operator_3.py took 0.088 seconds
[2023-06-14T14:57:17.366+0000] {processor.py:157} INFO - Started process (PID=11106) to work on /usr/local/lib/python3.8/dist-packages/airflow/example_dags/example_branch_python_dop_operator_3.py
[2023-06-14T14:57:17.367+0000] {processor.py:826} INFO - Processing file /usr/local/lib/python3.8/dist-packages/airflow/example_dags/example_branch_python_dop_operator_3.py for tasks to queue
[2023-06-14T14:57:17.369+0000] {logging_mixin.py:149} INFO - [2023-06-14T14:57:17.369+0000] {dagbag.py:541} INFO - Filling up the DagBag from /usr/local/lib/python3.8/dist-packages/airflow/example_dags/example_branch_python_dop_operator_3.py
[2023-06-14T14:57:17.379+0000] {processor.py:836} INFO - DAG(s) dict_keys(['example_branch_dop_operator_v3']) retrieved from /usr/local/lib/python3.8/dist-packages/airflow/example_dags/example_branch_python_dop_operator_3.py
[2023-06-14T14:57:17.400+0000] {logging_mixin.py:149} INFO - [2023-06-14T14:57:17.400+0000] {dag.py:2726} INFO - Sync 1 DAGs
[2023-06-14T14:57:17.426+0000] {logging_mixin.py:149} INFO - [2023-06-14T14:57:17.425+0000] {dag.py:3486} INFO - Setting next_dagrun for example_branch_dop_operator_v3 to 2023-06-14T14:56:00+00:00, run_after=2023-06-14T14:57:00+00:00
[2023-06-14T14:57:17.452+0000] {processor.py:179} INFO - Processing /usr/local/lib/python3.8/dist-packages/airflow/example_dags/example_branch_python_dop_operator_3.py took 0.090 seconds
[2023-06-14T14:58:09.053+0000] {processor.py:157} INFO - Started process (PID=11260) to work on /usr/local/lib/python3.8/dist-packages/airflow/example_dags/example_branch_python_dop_operator_3.py
[2023-06-14T14:58:09.055+0000] {processor.py:826} INFO - Processing file /usr/local/lib/python3.8/dist-packages/airflow/example_dags/example_branch_python_dop_operator_3.py for tasks to queue
[2023-06-14T14:58:09.057+0000] {logging_mixin.py:149} INFO - [2023-06-14T14:58:09.057+0000] {dagbag.py:541} INFO - Filling up the DagBag from /usr/local/lib/python3.8/dist-packages/airflow/example_dags/example_branch_python_dop_operator_3.py
[2023-06-14T14:58:09.066+0000] {processor.py:836} INFO - DAG(s) dict_keys(['example_branch_dop_operator_v3']) retrieved from /usr/local/lib/python3.8/dist-packages/airflow/example_dags/example_branch_python_dop_operator_3.py
[2023-06-14T14:58:09.088+0000] {logging_mixin.py:149} INFO - [2023-06-14T14:58:09.087+0000] {dag.py:2726} INFO - Sync 1 DAGs
[2023-06-14T14:58:09.111+0000] {logging_mixin.py:149} INFO - [2023-06-14T14:58:09.111+0000] {dag.py:3486} INFO - Setting next_dagrun for example_branch_dop_operator_v3 to 2023-06-14T14:57:00+00:00, run_after=2023-06-14T14:58:00+00:00
[2023-06-14T14:58:09.138+0000] {processor.py:179} INFO - Processing /usr/local/lib/python3.8/dist-packages/airflow/example_dags/example_branch_python_dop_operator_3.py took 0.088 seconds
[2023-06-14T14:58:59.565+0000] {processor.py:157} INFO - Started process (PID=11518) to work on /usr/local/lib/python3.8/dist-packages/airflow/example_dags/example_branch_python_dop_operator_3.py
[2023-06-14T14:58:59.567+0000] {processor.py:826} INFO - Processing file /usr/local/lib/python3.8/dist-packages/airflow/example_dags/example_branch_python_dop_operator_3.py for tasks to queue
[2023-06-14T14:58:59.569+0000] {logging_mixin.py:149} INFO - [2023-06-14T14:58:59.569+0000] {dagbag.py:541} INFO - Filling up the DagBag from /usr/local/lib/python3.8/dist-packages/airflow/example_dags/example_branch_python_dop_operator_3.py
[2023-06-14T14:58:59.578+0000] {processor.py:836} INFO - DAG(s) dict_keys(['example_branch_dop_operator_v3']) retrieved from /usr/local/lib/python3.8/dist-packages/airflow/example_dags/example_branch_python_dop_operator_3.py
[2023-06-14T14:58:59.599+0000] {logging_mixin.py:149} INFO - [2023-06-14T14:58:59.598+0000] {dag.py:2726} INFO - Sync 1 DAGs
[2023-06-14T14:58:59.622+0000] {logging_mixin.py:149} INFO - [2023-06-14T14:58:59.622+0000] {dag.py:3486} INFO - Setting next_dagrun for example_branch_dop_operator_v3 to 2023-06-14T14:57:00+00:00, run_after=2023-06-14T14:58:00+00:00
[2023-06-14T14:58:59.649+0000] {processor.py:179} INFO - Processing /usr/local/lib/python3.8/dist-packages/airflow/example_dags/example_branch_python_dop_operator_3.py took 0.088 seconds
[2023-06-14T14:59:46.224+0000] {processor.py:157} INFO - Started process (PID=11566) to work on /usr/local/lib/python3.8/dist-packages/airflow/example_dags/example_branch_python_dop_operator_3.py
[2023-06-14T14:59:46.226+0000] {processor.py:826} INFO - Processing file /usr/local/lib/python3.8/dist-packages/airflow/example_dags/example_branch_python_dop_operator_3.py for tasks to queue
[2023-06-14T14:59:46.228+0000] {logging_mixin.py:149} INFO - [2023-06-14T14:59:46.228+0000] {dagbag.py:541} INFO - Filling up the DagBag from /usr/local/lib/python3.8/dist-packages/airflow/example_dags/example_branch_python_dop_operator_3.py
[2023-06-14T14:59:46.237+0000] {processor.py:836} INFO - DAG(s) dict_keys(['example_branch_dop_operator_v3']) retrieved from /usr/local/lib/python3.8/dist-packages/airflow/example_dags/example_branch_python_dop_operator_3.py
[2023-06-14T14:59:46.258+0000] {logging_mixin.py:149} INFO - [2023-06-14T14:59:46.258+0000] {dag.py:2726} INFO - Sync 1 DAGs
[2023-06-14T14:59:46.282+0000] {logging_mixin.py:149} INFO - [2023-06-14T14:59:46.282+0000] {dag.py:3486} INFO - Setting next_dagrun for example_branch_dop_operator_v3 to 2023-06-14T14:58:00+00:00, run_after=2023-06-14T14:59:00+00:00
[2023-06-14T14:59:46.309+0000] {processor.py:179} INFO - Processing /usr/local/lib/python3.8/dist-packages/airflow/example_dags/example_branch_python_dop_operator_3.py took 0.088 seconds
[2023-06-14T15:00:36.615+0000] {processor.py:157} INFO - Started process (PID=11722) to work on /usr/local/lib/python3.8/dist-packages/airflow/example_dags/example_branch_python_dop_operator_3.py
[2023-06-14T15:00:36.616+0000] {processor.py:826} INFO - Processing file /usr/local/lib/python3.8/dist-packages/airflow/example_dags/example_branch_python_dop_operator_3.py for tasks to queue
[2023-06-14T15:00:36.619+0000] {logging_mixin.py:149} INFO - [2023-06-14T15:00:36.619+0000] {dagbag.py:541} INFO - Filling up the DagBag from /usr/local/lib/python3.8/dist-packages/airflow/example_dags/example_branch_python_dop_operator_3.py
[2023-06-14T15:00:36.628+0000] {processor.py:836} INFO - DAG(s) dict_keys(['example_branch_dop_operator_v3']) retrieved from /usr/local/lib/python3.8/dist-packages/airflow/example_dags/example_branch_python_dop_operator_3.py
[2023-06-14T15:00:36.649+0000] {logging_mixin.py:149} INFO - [2023-06-14T15:00:36.649+0000] {dag.py:2726} INFO - Sync 1 DAGs
[2023-06-14T15:00:36.674+0000] {logging_mixin.py:149} INFO - [2023-06-14T15:00:36.674+0000] {dag.py:3486} INFO - Setting next_dagrun for example_branch_dop_operator_v3 to 2023-06-14T14:59:00+00:00, run_after=2023-06-14T15:00:00+00:00
[2023-06-14T15:00:36.700+0000] {processor.py:179} INFO - Processing /usr/local/lib/python3.8/dist-packages/airflow/example_dags/example_branch_python_dop_operator_3.py took 0.089 seconds
[2023-06-14T15:01:29.534+0000] {processor.py:157} INFO - Started process (PID=11880) to work on /usr/local/lib/python3.8/dist-packages/airflow/example_dags/example_branch_python_dop_operator_3.py
[2023-06-14T15:01:29.535+0000] {processor.py:826} INFO - Processing file /usr/local/lib/python3.8/dist-packages/airflow/example_dags/example_branch_python_dop_operator_3.py for tasks to queue
[2023-06-14T15:01:29.537+0000] {logging_mixin.py:149} INFO - [2023-06-14T15:01:29.537+0000] {dagbag.py:541} INFO - Filling up the DagBag from /usr/local/lib/python3.8/dist-packages/airflow/example_dags/example_branch_python_dop_operator_3.py
[2023-06-14T15:01:29.546+0000] {processor.py:836} INFO - DAG(s) dict_keys(['example_branch_dop_operator_v3']) retrieved from /usr/local/lib/python3.8/dist-packages/airflow/example_dags/example_branch_python_dop_operator_3.py
[2023-06-14T15:01:29.567+0000] {logging_mixin.py:149} INFO - [2023-06-14T15:01:29.567+0000] {dag.py:2726} INFO - Sync 1 DAGs
[2023-06-14T15:01:29.591+0000] {logging_mixin.py:149} INFO - [2023-06-14T15:01:29.590+0000] {dag.py:3486} INFO - Setting next_dagrun for example_branch_dop_operator_v3 to 2023-06-14T15:00:00+00:00, run_after=2023-06-14T15:01:00+00:00
[2023-06-14T15:01:29.617+0000] {processor.py:179} INFO - Processing /usr/local/lib/python3.8/dist-packages/airflow/example_dags/example_branch_python_dop_operator_3.py took 0.087 seconds
[2023-06-14T15:02:19.898+0000] {processor.py:157} INFO - Started process (PID=12043) to work on /usr/local/lib/python3.8/dist-packages/airflow/example_dags/example_branch_python_dop_operator_3.py
[2023-06-14T15:02:19.899+0000] {processor.py:826} INFO - Processing file /usr/local/lib/python3.8/dist-packages/airflow/example_dags/example_branch_python_dop_operator_3.py for tasks to queue
[2023-06-14T15:02:19.901+0000] {logging_mixin.py:149} INFO - [2023-06-14T15:02:19.901+0000] {dagbag.py:541} INFO - Filling up the DagBag from /usr/local/lib/python3.8/dist-packages/airflow/example_dags/example_branch_python_dop_operator_3.py
[2023-06-14T15:02:19.910+0000] {processor.py:836} INFO - DAG(s) dict_keys(['example_branch_dop_operator_v3']) retrieved from /usr/local/lib/python3.8/dist-packages/airflow/example_dags/example_branch_python_dop_operator_3.py
[2023-06-14T15:02:19.931+0000] {logging_mixin.py:149} INFO - [2023-06-14T15:02:19.931+0000] {dag.py:2726} INFO - Sync 1 DAGs
[2023-06-14T15:02:19.955+0000] {logging_mixin.py:149} INFO - [2023-06-14T15:02:19.955+0000] {dag.py:3486} INFO - Setting next_dagrun for example_branch_dop_operator_v3 to 2023-06-14T15:01:00+00:00, run_after=2023-06-14T15:02:00+00:00
[2023-06-14T15:02:19.982+0000] {processor.py:179} INFO - Processing /usr/local/lib/python3.8/dist-packages/airflow/example_dags/example_branch_python_dop_operator_3.py took 0.088 seconds
[2023-06-14T15:03:10.313+0000] {processor.py:157} INFO - Started process (PID=12301) to work on /usr/local/lib/python3.8/dist-packages/airflow/example_dags/example_branch_python_dop_operator_3.py
[2023-06-14T15:03:10.315+0000] {processor.py:826} INFO - Processing file /usr/local/lib/python3.8/dist-packages/airflow/example_dags/example_branch_python_dop_operator_3.py for tasks to queue
[2023-06-14T15:03:10.317+0000] {logging_mixin.py:149} INFO - [2023-06-14T15:03:10.317+0000] {dagbag.py:541} INFO - Filling up the DagBag from /usr/local/lib/python3.8/dist-packages/airflow/example_dags/example_branch_python_dop_operator_3.py
[2023-06-14T15:03:10.326+0000] {processor.py:836} INFO - DAG(s) dict_keys(['example_branch_dop_operator_v3']) retrieved from /usr/local/lib/python3.8/dist-packages/airflow/example_dags/example_branch_python_dop_operator_3.py
[2023-06-14T15:03:10.347+0000] {logging_mixin.py:149} INFO - [2023-06-14T15:03:10.346+0000] {dag.py:2726} INFO - Sync 1 DAGs
[2023-06-14T15:03:10.371+0000] {logging_mixin.py:149} INFO - [2023-06-14T15:03:10.371+0000] {dag.py:3486} INFO - Setting next_dagrun for example_branch_dop_operator_v3 to 2023-06-14T15:02:00+00:00, run_after=2023-06-14T15:03:00+00:00
[2023-06-14T15:03:10.397+0000] {processor.py:179} INFO - Processing /usr/local/lib/python3.8/dist-packages/airflow/example_dags/example_branch_python_dop_operator_3.py took 0.087 seconds
[2023-06-14T15:04:02.672+0000] {processor.py:157} INFO - Started process (PID=12561) to work on /usr/local/lib/python3.8/dist-packages/airflow/example_dags/example_branch_python_dop_operator_3.py
[2023-06-14T15:04:02.673+0000] {processor.py:826} INFO - Processing file /usr/local/lib/python3.8/dist-packages/airflow/example_dags/example_branch_python_dop_operator_3.py for tasks to queue
[2023-06-14T15:04:02.675+0000] {logging_mixin.py:149} INFO - [2023-06-14T15:04:02.675+0000] {dagbag.py:541} INFO - Filling up the DagBag from /usr/local/lib/python3.8/dist-packages/airflow/example_dags/example_branch_python_dop_operator_3.py
[2023-06-14T15:04:02.684+0000] {processor.py:836} INFO - DAG(s) dict_keys(['example_branch_dop_operator_v3']) retrieved from /usr/local/lib/python3.8/dist-packages/airflow/example_dags/example_branch_python_dop_operator_3.py
[2023-06-14T15:04:02.705+0000] {logging_mixin.py:149} INFO - [2023-06-14T15:04:02.704+0000] {dag.py:2726} INFO - Sync 1 DAGs
[2023-06-14T15:04:02.728+0000] {logging_mixin.py:149} INFO - [2023-06-14T15:04:02.728+0000] {dag.py:3486} INFO - Setting next_dagrun for example_branch_dop_operator_v3 to 2023-06-14T15:03:00+00:00, run_after=2023-06-14T15:04:00+00:00
[2023-06-14T15:04:02.756+0000] {processor.py:179} INFO - Processing /usr/local/lib/python3.8/dist-packages/airflow/example_dags/example_branch_python_dop_operator_3.py took 0.090 seconds
[2023-06-14T15:04:55.691+0000] {processor.py:157} INFO - Started process (PID=12719) to work on /usr/local/lib/python3.8/dist-packages/airflow/example_dags/example_branch_python_dop_operator_3.py
[2023-06-14T15:04:55.692+0000] {processor.py:826} INFO - Processing file /usr/local/lib/python3.8/dist-packages/airflow/example_dags/example_branch_python_dop_operator_3.py for tasks to queue
[2023-06-14T15:04:55.694+0000] {logging_mixin.py:149} INFO - [2023-06-14T15:04:55.694+0000] {dagbag.py:541} INFO - Filling up the DagBag from /usr/local/lib/python3.8/dist-packages/airflow/example_dags/example_branch_python_dop_operator_3.py
[2023-06-14T15:04:55.703+0000] {processor.py:836} INFO - DAG(s) dict_keys(['example_branch_dop_operator_v3']) retrieved from /usr/local/lib/python3.8/dist-packages/airflow/example_dags/example_branch_python_dop_operator_3.py
[2023-06-14T15:04:55.724+0000] {logging_mixin.py:149} INFO - [2023-06-14T15:04:55.724+0000] {dag.py:2726} INFO - Sync 1 DAGs
[2023-06-14T15:04:55.748+0000] {logging_mixin.py:149} INFO - [2023-06-14T15:04:55.748+0000] {dag.py:3486} INFO - Setting next_dagrun for example_branch_dop_operator_v3 to 2023-06-14T15:03:00+00:00, run_after=2023-06-14T15:04:00+00:00
[2023-06-14T15:04:55.776+0000] {processor.py:179} INFO - Processing /usr/local/lib/python3.8/dist-packages/airflow/example_dags/example_branch_python_dop_operator_3.py took 0.090 seconds
[2023-06-14T15:05:52.498+0000] {processor.py:157} INFO - Started process (PID=13050) to work on /usr/local/lib/python3.8/dist-packages/airflow/example_dags/example_branch_python_dop_operator_3.py
[2023-06-14T15:05:52.499+0000] {processor.py:826} INFO - Processing file /usr/local/lib/python3.8/dist-packages/airflow/example_dags/example_branch_python_dop_operator_3.py for tasks to queue
[2023-06-14T15:05:52.502+0000] {logging_mixin.py:149} INFO - [2023-06-14T15:05:52.502+0000] {dagbag.py:541} INFO - Filling up the DagBag from /usr/local/lib/python3.8/dist-packages/airflow/example_dags/example_branch_python_dop_operator_3.py
[2023-06-14T15:05:52.511+0000] {processor.py:836} INFO - DAG(s) dict_keys(['example_branch_dop_operator_v3']) retrieved from /usr/local/lib/python3.8/dist-packages/airflow/example_dags/example_branch_python_dop_operator_3.py
[2023-06-14T15:05:52.532+0000] {logging_mixin.py:149} INFO - [2023-06-14T15:05:52.531+0000] {dag.py:2726} INFO - Sync 1 DAGs
[2023-06-14T15:05:52.556+0000] {logging_mixin.py:149} INFO - [2023-06-14T15:05:52.556+0000] {dag.py:3486} INFO - Setting next_dagrun for example_branch_dop_operator_v3 to 2023-06-14T15:04:00+00:00, run_after=2023-06-14T15:05:00+00:00
[2023-06-14T15:05:52.584+0000] {processor.py:179} INFO - Processing /usr/local/lib/python3.8/dist-packages/airflow/example_dags/example_branch_python_dop_operator_3.py took 0.090 seconds
[2023-06-14T15:06:44.787+0000] {processor.py:157} INFO - Started process (PID=13168) to work on /usr/local/lib/python3.8/dist-packages/airflow/example_dags/example_branch_python_dop_operator_3.py
[2023-06-14T15:06:44.788+0000] {processor.py:826} INFO - Processing file /usr/local/lib/python3.8/dist-packages/airflow/example_dags/example_branch_python_dop_operator_3.py for tasks to queue
[2023-06-14T15:06:44.791+0000] {logging_mixin.py:149} INFO - [2023-06-14T15:06:44.791+0000] {dagbag.py:541} INFO - Filling up the DagBag from /usr/local/lib/python3.8/dist-packages/airflow/example_dags/example_branch_python_dop_operator_3.py
[2023-06-14T15:06:44.800+0000] {processor.py:836} INFO - DAG(s) dict_keys(['example_branch_dop_operator_v3']) retrieved from /usr/local/lib/python3.8/dist-packages/airflow/example_dags/example_branch_python_dop_operator_3.py
[2023-06-14T15:06:44.821+0000] {logging_mixin.py:149} INFO - [2023-06-14T15:06:44.820+0000] {dag.py:2726} INFO - Sync 1 DAGs
[2023-06-14T15:06:44.845+0000] {logging_mixin.py:149} INFO - [2023-06-14T15:06:44.845+0000] {dag.py:3486} INFO - Setting next_dagrun for example_branch_dop_operator_v3 to 2023-06-14T15:05:00+00:00, run_after=2023-06-14T15:06:00+00:00
[2023-06-14T15:06:44.874+0000] {processor.py:179} INFO - Processing /usr/local/lib/python3.8/dist-packages/airflow/example_dags/example_branch_python_dop_operator_3.py took 0.091 seconds
[2023-06-14T15:07:35.034+0000] {processor.py:157} INFO - Started process (PID=13439) to work on /usr/local/lib/python3.8/dist-packages/airflow/example_dags/example_branch_python_dop_operator_3.py
[2023-06-14T15:07:35.036+0000] {processor.py:826} INFO - Processing file /usr/local/lib/python3.8/dist-packages/airflow/example_dags/example_branch_python_dop_operator_3.py for tasks to queue
[2023-06-14T15:07:35.038+0000] {logging_mixin.py:149} INFO - [2023-06-14T15:07:35.038+0000] {dagbag.py:541} INFO - Filling up the DagBag from /usr/local/lib/python3.8/dist-packages/airflow/example_dags/example_branch_python_dop_operator_3.py
[2023-06-14T15:07:35.047+0000] {processor.py:836} INFO - DAG(s) dict_keys(['example_branch_dop_operator_v3']) retrieved from /usr/local/lib/python3.8/dist-packages/airflow/example_dags/example_branch_python_dop_operator_3.py
[2023-06-14T15:07:35.069+0000] {logging_mixin.py:149} INFO - [2023-06-14T15:07:35.069+0000] {dag.py:2726} INFO - Sync 1 DAGs
[2023-06-14T15:07:35.094+0000] {logging_mixin.py:149} INFO - [2023-06-14T15:07:35.094+0000] {dag.py:3486} INFO - Setting next_dagrun for example_branch_dop_operator_v3 to 2023-06-14T15:06:00+00:00, run_after=2023-06-14T15:07:00+00:00
[2023-06-14T15:07:35.121+0000] {processor.py:179} INFO - Processing /usr/local/lib/python3.8/dist-packages/airflow/example_dags/example_branch_python_dop_operator_3.py took 0.091 seconds
[2023-06-14T15:08:26.068+0000] {processor.py:157} INFO - Started process (PID=13595) to work on /usr/local/lib/python3.8/dist-packages/airflow/example_dags/example_branch_python_dop_operator_3.py
[2023-06-14T15:08:26.069+0000] {processor.py:826} INFO - Processing file /usr/local/lib/python3.8/dist-packages/airflow/example_dags/example_branch_python_dop_operator_3.py for tasks to queue
[2023-06-14T15:08:26.072+0000] {logging_mixin.py:149} INFO - [2023-06-14T15:08:26.072+0000] {dagbag.py:541} INFO - Filling up the DagBag from /usr/local/lib/python3.8/dist-packages/airflow/example_dags/example_branch_python_dop_operator_3.py
[2023-06-14T15:08:26.081+0000] {processor.py:836} INFO - DAG(s) dict_keys(['example_branch_dop_operator_v3']) retrieved from /usr/local/lib/python3.8/dist-packages/airflow/example_dags/example_branch_python_dop_operator_3.py
[2023-06-14T15:08:26.102+0000] {logging_mixin.py:149} INFO - [2023-06-14T15:08:26.102+0000] {dag.py:2726} INFO - Sync 1 DAGs
[2023-06-14T15:08:26.127+0000] {logging_mixin.py:149} INFO - [2023-06-14T15:08:26.127+0000] {dag.py:3486} INFO - Setting next_dagrun for example_branch_dop_operator_v3 to 2023-06-14T15:07:00+00:00, run_after=2023-06-14T15:08:00+00:00
[2023-06-14T15:08:26.154+0000] {processor.py:179} INFO - Processing /usr/local/lib/python3.8/dist-packages/airflow/example_dags/example_branch_python_dop_operator_3.py took 0.090 seconds
[2023-06-14T15:09:14.293+0000] {processor.py:157} INFO - Started process (PID=13851) to work on /usr/local/lib/python3.8/dist-packages/airflow/example_dags/example_branch_python_dop_operator_3.py
[2023-06-14T15:09:14.294+0000] {processor.py:826} INFO - Processing file /usr/local/lib/python3.8/dist-packages/airflow/example_dags/example_branch_python_dop_operator_3.py for tasks to queue
[2023-06-14T15:09:14.297+0000] {logging_mixin.py:149} INFO - [2023-06-14T15:09:14.297+0000] {dagbag.py:541} INFO - Filling up the DagBag from /usr/local/lib/python3.8/dist-packages/airflow/example_dags/example_branch_python_dop_operator_3.py
[2023-06-14T15:09:14.306+0000] {processor.py:836} INFO - DAG(s) dict_keys(['example_branch_dop_operator_v3']) retrieved from /usr/local/lib/python3.8/dist-packages/airflow/example_dags/example_branch_python_dop_operator_3.py
[2023-06-14T15:09:14.326+0000] {logging_mixin.py:149} INFO - [2023-06-14T15:09:14.326+0000] {dag.py:2726} INFO - Sync 1 DAGs
[2023-06-14T15:09:14.351+0000] {logging_mixin.py:149} INFO - [2023-06-14T15:09:14.350+0000] {dag.py:3486} INFO - Setting next_dagrun for example_branch_dop_operator_v3 to 2023-06-14T15:08:00+00:00, run_after=2023-06-14T15:09:00+00:00
[2023-06-14T15:09:14.378+0000] {processor.py:179} INFO - Processing /usr/local/lib/python3.8/dist-packages/airflow/example_dags/example_branch_python_dop_operator_3.py took 0.090 seconds
[2023-06-14T15:10:05.750+0000] {processor.py:157} INFO - Started process (PID=14004) to work on /usr/local/lib/python3.8/dist-packages/airflow/example_dags/example_branch_python_dop_operator_3.py
[2023-06-14T15:10:05.752+0000] {processor.py:826} INFO - Processing file /usr/local/lib/python3.8/dist-packages/airflow/example_dags/example_branch_python_dop_operator_3.py for tasks to queue
[2023-06-14T15:10:05.754+0000] {logging_mixin.py:149} INFO - [2023-06-14T15:10:05.754+0000] {dagbag.py:541} INFO - Filling up the DagBag from /usr/local/lib/python3.8/dist-packages/airflow/example_dags/example_branch_python_dop_operator_3.py
[2023-06-14T15:10:05.765+0000] {processor.py:836} INFO - DAG(s) dict_keys(['example_branch_dop_operator_v3']) retrieved from /usr/local/lib/python3.8/dist-packages/airflow/example_dags/example_branch_python_dop_operator_3.py
[2023-06-14T15:10:05.787+0000] {logging_mixin.py:149} INFO - [2023-06-14T15:10:05.786+0000] {dag.py:2726} INFO - Sync 1 DAGs
[2023-06-14T15:10:05.813+0000] {logging_mixin.py:149} INFO - [2023-06-14T15:10:05.813+0000] {dag.py:3486} INFO - Setting next_dagrun for example_branch_dop_operator_v3 to 2023-06-14T15:09:00+00:00, run_after=2023-06-14T15:10:00+00:00
[2023-06-14T15:10:05.841+0000] {processor.py:179} INFO - Processing /usr/local/lib/python3.8/dist-packages/airflow/example_dags/example_branch_python_dop_operator_3.py took 0.095 seconds
[2023-06-14T15:10:56.505+0000] {processor.py:157} INFO - Started process (PID=14161) to work on /usr/local/lib/python3.8/dist-packages/airflow/example_dags/example_branch_python_dop_operator_3.py
[2023-06-14T15:10:56.507+0000] {processor.py:826} INFO - Processing file /usr/local/lib/python3.8/dist-packages/airflow/example_dags/example_branch_python_dop_operator_3.py for tasks to queue
[2023-06-14T15:10:56.509+0000] {logging_mixin.py:149} INFO - [2023-06-14T15:10:56.509+0000] {dagbag.py:541} INFO - Filling up the DagBag from /usr/local/lib/python3.8/dist-packages/airflow/example_dags/example_branch_python_dop_operator_3.py
[2023-06-14T15:10:56.518+0000] {processor.py:836} INFO - DAG(s) dict_keys(['example_branch_dop_operator_v3']) retrieved from /usr/local/lib/python3.8/dist-packages/airflow/example_dags/example_branch_python_dop_operator_3.py
[2023-06-14T15:10:56.539+0000] {logging_mixin.py:149} INFO - [2023-06-14T15:10:56.539+0000] {dag.py:2726} INFO - Sync 1 DAGs
[2023-06-14T15:10:56.564+0000] {logging_mixin.py:149} INFO - [2023-06-14T15:10:56.563+0000] {dag.py:3486} INFO - Setting next_dagrun for example_branch_dop_operator_v3 to 2023-06-14T15:09:00+00:00, run_after=2023-06-14T15:10:00+00:00
[2023-06-14T15:10:56.592+0000] {processor.py:179} INFO - Processing /usr/local/lib/python3.8/dist-packages/airflow/example_dags/example_branch_python_dop_operator_3.py took 0.090 seconds
[2023-06-14T15:11:42.828+0000] {processor.py:157} INFO - Started process (PID=14210) to work on /usr/local/lib/python3.8/dist-packages/airflow/example_dags/example_branch_python_dop_operator_3.py
[2023-06-14T15:11:42.829+0000] {processor.py:826} INFO - Processing file /usr/local/lib/python3.8/dist-packages/airflow/example_dags/example_branch_python_dop_operator_3.py for tasks to queue
[2023-06-14T15:11:42.831+0000] {logging_mixin.py:149} INFO - [2023-06-14T15:11:42.831+0000] {dagbag.py:541} INFO - Filling up the DagBag from /usr/local/lib/python3.8/dist-packages/airflow/example_dags/example_branch_python_dop_operator_3.py
[2023-06-14T15:11:42.840+0000] {processor.py:836} INFO - DAG(s) dict_keys(['example_branch_dop_operator_v3']) retrieved from /usr/local/lib/python3.8/dist-packages/airflow/example_dags/example_branch_python_dop_operator_3.py
[2023-06-14T15:11:42.861+0000] {logging_mixin.py:149} INFO - [2023-06-14T15:11:42.860+0000] {dag.py:2726} INFO - Sync 1 DAGs
[2023-06-14T15:11:42.885+0000] {logging_mixin.py:149} INFO - [2023-06-14T15:11:42.885+0000] {dag.py:3486} INFO - Setting next_dagrun for example_branch_dop_operator_v3 to 2023-06-14T15:10:00+00:00, run_after=2023-06-14T15:11:00+00:00
[2023-06-14T15:11:42.913+0000] {processor.py:179} INFO - Processing /usr/local/lib/python3.8/dist-packages/airflow/example_dags/example_branch_python_dop_operator_3.py took 0.089 seconds
[2023-06-14T15:12:35.560+0000] {processor.py:157} INFO - Started process (PID=14372) to work on /usr/local/lib/python3.8/dist-packages/airflow/example_dags/example_branch_python_dop_operator_3.py
[2023-06-14T15:12:35.562+0000] {processor.py:826} INFO - Processing file /usr/local/lib/python3.8/dist-packages/airflow/example_dags/example_branch_python_dop_operator_3.py for tasks to queue
[2023-06-14T15:12:35.564+0000] {logging_mixin.py:149} INFO - [2023-06-14T15:12:35.564+0000] {dagbag.py:541} INFO - Filling up the DagBag from /usr/local/lib/python3.8/dist-packages/airflow/example_dags/example_branch_python_dop_operator_3.py
[2023-06-14T15:12:35.573+0000] {processor.py:836} INFO - DAG(s) dict_keys(['example_branch_dop_operator_v3']) retrieved from /usr/local/lib/python3.8/dist-packages/airflow/example_dags/example_branch_python_dop_operator_3.py
[2023-06-14T15:12:35.593+0000] {logging_mixin.py:149} INFO - [2023-06-14T15:12:35.593+0000] {dag.py:2726} INFO - Sync 1 DAGs
[2023-06-14T15:12:35.617+0000] {logging_mixin.py:149} INFO - [2023-06-14T15:12:35.617+0000] {dag.py:3486} INFO - Setting next_dagrun for example_branch_dop_operator_v3 to 2023-06-14T15:11:00+00:00, run_after=2023-06-14T15:12:00+00:00
[2023-06-14T15:12:35.646+0000] {processor.py:179} INFO - Processing /usr/local/lib/python3.8/dist-packages/airflow/example_dags/example_branch_python_dop_operator_3.py took 0.089 seconds
[2023-06-14T15:13:27.929+0000] {processor.py:157} INFO - Started process (PID=14528) to work on /usr/local/lib/python3.8/dist-packages/airflow/example_dags/example_branch_python_dop_operator_3.py
[2023-06-14T15:13:27.930+0000] {processor.py:826} INFO - Processing file /usr/local/lib/python3.8/dist-packages/airflow/example_dags/example_branch_python_dop_operator_3.py for tasks to queue
[2023-06-14T15:13:27.932+0000] {logging_mixin.py:149} INFO - [2023-06-14T15:13:27.932+0000] {dagbag.py:541} INFO - Filling up the DagBag from /usr/local/lib/python3.8/dist-packages/airflow/example_dags/example_branch_python_dop_operator_3.py
[2023-06-14T15:13:27.941+0000] {processor.py:836} INFO - DAG(s) dict_keys(['example_branch_dop_operator_v3']) retrieved from /usr/local/lib/python3.8/dist-packages/airflow/example_dags/example_branch_python_dop_operator_3.py
[2023-06-14T15:13:27.962+0000] {logging_mixin.py:149} INFO - [2023-06-14T15:13:27.962+0000] {dag.py:2726} INFO - Sync 1 DAGs
[2023-06-14T15:13:27.985+0000] {logging_mixin.py:149} INFO - [2023-06-14T15:13:27.985+0000] {dag.py:3486} INFO - Setting next_dagrun for example_branch_dop_operator_v3 to 2023-06-14T15:12:00+00:00, run_after=2023-06-14T15:13:00+00:00
[2023-06-14T15:13:28.015+0000] {processor.py:179} INFO - Processing /usr/local/lib/python3.8/dist-packages/airflow/example_dags/example_branch_python_dop_operator_3.py took 0.090 seconds
[2023-06-14T15:14:18.293+0000] {processor.py:157} INFO - Started process (PID=14787) to work on /usr/local/lib/python3.8/dist-packages/airflow/example_dags/example_branch_python_dop_operator_3.py
[2023-06-14T15:14:18.295+0000] {processor.py:826} INFO - Processing file /usr/local/lib/python3.8/dist-packages/airflow/example_dags/example_branch_python_dop_operator_3.py for tasks to queue
[2023-06-14T15:14:18.297+0000] {logging_mixin.py:149} INFO - [2023-06-14T15:14:18.297+0000] {dagbag.py:541} INFO - Filling up the DagBag from /usr/local/lib/python3.8/dist-packages/airflow/example_dags/example_branch_python_dop_operator_3.py
[2023-06-14T15:14:18.306+0000] {processor.py:836} INFO - DAG(s) dict_keys(['example_branch_dop_operator_v3']) retrieved from /usr/local/lib/python3.8/dist-packages/airflow/example_dags/example_branch_python_dop_operator_3.py
[2023-06-14T15:14:18.327+0000] {logging_mixin.py:149} INFO - [2023-06-14T15:14:18.326+0000] {dag.py:2726} INFO - Sync 1 DAGs
[2023-06-14T15:14:18.351+0000] {logging_mixin.py:149} INFO - [2023-06-14T15:14:18.350+0000] {dag.py:3486} INFO - Setting next_dagrun for example_branch_dop_operator_v3 to 2023-06-14T15:13:00+00:00, run_after=2023-06-14T15:14:00+00:00
[2023-06-14T15:14:18.385+0000] {processor.py:179} INFO - Processing /usr/local/lib/python3.8/dist-packages/airflow/example_dags/example_branch_python_dop_operator_3.py took 0.096 seconds
[2023-06-14T15:15:06.814+0000] {processor.py:157} INFO - Started process (PID=14939) to work on /usr/local/lib/python3.8/dist-packages/airflow/example_dags/example_branch_python_dop_operator_3.py
[2023-06-14T15:15:06.815+0000] {processor.py:826} INFO - Processing file /usr/local/lib/python3.8/dist-packages/airflow/example_dags/example_branch_python_dop_operator_3.py for tasks to queue
[2023-06-14T15:15:06.818+0000] {logging_mixin.py:149} INFO - [2023-06-14T15:15:06.817+0000] {dagbag.py:541} INFO - Filling up the DagBag from /usr/local/lib/python3.8/dist-packages/airflow/example_dags/example_branch_python_dop_operator_3.py
[2023-06-14T15:15:06.827+0000] {processor.py:836} INFO - DAG(s) dict_keys(['example_branch_dop_operator_v3']) retrieved from /usr/local/lib/python3.8/dist-packages/airflow/example_dags/example_branch_python_dop_operator_3.py
[2023-06-14T15:15:06.852+0000] {logging_mixin.py:149} INFO - [2023-06-14T15:15:06.852+0000] {dag.py:2726} INFO - Sync 1 DAGs
[2023-06-14T15:15:06.876+0000] {logging_mixin.py:149} INFO - [2023-06-14T15:15:06.876+0000] {dag.py:3486} INFO - Setting next_dagrun for example_branch_dop_operator_v3 to 2023-06-14T15:14:00+00:00, run_after=2023-06-14T15:15:00+00:00
[2023-06-14T15:15:06.907+0000] {processor.py:179} INFO - Processing /usr/local/lib/python3.8/dist-packages/airflow/example_dags/example_branch_python_dop_operator_3.py took 0.098 seconds
