[2023-06-14T14:16:48.624+0000] {processor.py:157} INFO - Started process (PID=1917) to work on /usr/local/lib/python3.8/dist-packages/airflow/example_dags/example_setup_teardown_taskflow.py
[2023-06-14T14:16:48.625+0000] {processor.py:826} INFO - Processing file /usr/local/lib/python3.8/dist-packages/airflow/example_dags/example_setup_teardown_taskflow.py for tasks to queue
[2023-06-14T14:16:48.628+0000] {logging_mixin.py:149} INFO - [2023-06-14T14:16:48.628+0000] {dagbag.py:541} INFO - Filling up the DagBag from /usr/local/lib/python3.8/dist-packages/airflow/example_dags/example_setup_teardown_taskflow.py
[2023-06-14T14:16:48.630+0000] {processor.py:838} WARNING - No viable dags retrieved from /usr/local/lib/python3.8/dist-packages/airflow/example_dags/example_setup_teardown_taskflow.py
[2023-06-14T14:16:48.640+0000] {processor.py:179} INFO - Processing /usr/local/lib/python3.8/dist-packages/airflow/example_dags/example_setup_teardown_taskflow.py took 0.020 seconds
[2023-06-14T14:17:54.029+0000] {processor.py:157} INFO - Started process (PID=2403) to work on /usr/local/lib/python3.8/dist-packages/airflow/example_dags/example_setup_teardown_taskflow.py
[2023-06-14T14:17:54.030+0000] {processor.py:826} INFO - Processing file /usr/local/lib/python3.8/dist-packages/airflow/example_dags/example_setup_teardown_taskflow.py for tasks to queue
[2023-06-14T14:17:54.033+0000] {logging_mixin.py:149} INFO - [2023-06-14T14:17:54.033+0000] {dagbag.py:541} INFO - Filling up the DagBag from /usr/local/lib/python3.8/dist-packages/airflow/example_dags/example_setup_teardown_taskflow.py
[2023-06-14T14:17:54.035+0000] {processor.py:838} WARNING - No viable dags retrieved from /usr/local/lib/python3.8/dist-packages/airflow/example_dags/example_setup_teardown_taskflow.py
[2023-06-14T14:17:54.046+0000] {processor.py:179} INFO - Processing /usr/local/lib/python3.8/dist-packages/airflow/example_dags/example_setup_teardown_taskflow.py took 0.021 seconds
[2023-06-14T14:19:10.068+0000] {processor.py:157} INFO - Started process (PID=3760) to work on /usr/local/lib/python3.8/dist-packages/airflow/example_dags/example_setup_teardown_taskflow.py
[2023-06-14T14:19:10.069+0000] {processor.py:826} INFO - Processing file /usr/local/lib/python3.8/dist-packages/airflow/example_dags/example_setup_teardown_taskflow.py for tasks to queue
[2023-06-14T14:19:10.072+0000] {logging_mixin.py:149} INFO - [2023-06-14T14:19:10.072+0000] {dagbag.py:541} INFO - Filling up the DagBag from /usr/local/lib/python3.8/dist-packages/airflow/example_dags/example_setup_teardown_taskflow.py
[2023-06-14T14:19:10.074+0000] {processor.py:838} WARNING - No viable dags retrieved from /usr/local/lib/python3.8/dist-packages/airflow/example_dags/example_setup_teardown_taskflow.py
[2023-06-14T14:19:10.086+0000] {processor.py:179} INFO - Processing /usr/local/lib/python3.8/dist-packages/airflow/example_dags/example_setup_teardown_taskflow.py took 0.022 seconds
[2023-06-14T14:19:59.075+0000] {processor.py:157} INFO - Started process (PID=4265) to work on /usr/local/lib/python3.8/dist-packages/airflow/example_dags/example_setup_teardown_taskflow.py
[2023-06-14T14:19:59.076+0000] {processor.py:826} INFO - Processing file /usr/local/lib/python3.8/dist-packages/airflow/example_dags/example_setup_teardown_taskflow.py for tasks to queue
[2023-06-14T14:19:59.078+0000] {logging_mixin.py:149} INFO - [2023-06-14T14:19:59.078+0000] {dagbag.py:541} INFO - Filling up the DagBag from /usr/local/lib/python3.8/dist-packages/airflow/example_dags/example_setup_teardown_taskflow.py
[2023-06-14T14:19:59.080+0000] {processor.py:838} WARNING - No viable dags retrieved from /usr/local/lib/python3.8/dist-packages/airflow/example_dags/example_setup_teardown_taskflow.py
[2023-06-14T14:19:59.092+0000] {processor.py:179} INFO - Processing /usr/local/lib/python3.8/dist-packages/airflow/example_dags/example_setup_teardown_taskflow.py took 0.021 seconds
[2023-06-14T14:20:48.622+0000] {processor.py:157} INFO - Started process (PID=4313) to work on /usr/local/lib/python3.8/dist-packages/airflow/example_dags/example_setup_teardown_taskflow.py
[2023-06-14T14:20:48.624+0000] {processor.py:826} INFO - Processing file /usr/local/lib/python3.8/dist-packages/airflow/example_dags/example_setup_teardown_taskflow.py for tasks to queue
[2023-06-14T14:20:48.626+0000] {logging_mixin.py:149} INFO - [2023-06-14T14:20:48.626+0000] {dagbag.py:541} INFO - Filling up the DagBag from /usr/local/lib/python3.8/dist-packages/airflow/example_dags/example_setup_teardown_taskflow.py
[2023-06-14T14:20:48.628+0000] {processor.py:838} WARNING - No viable dags retrieved from /usr/local/lib/python3.8/dist-packages/airflow/example_dags/example_setup_teardown_taskflow.py
[2023-06-14T14:20:48.640+0000] {processor.py:179} INFO - Processing /usr/local/lib/python3.8/dist-packages/airflow/example_dags/example_setup_teardown_taskflow.py took 0.021 seconds
[2023-06-14T14:21:40.369+0000] {processor.py:157} INFO - Started process (PID=4468) to work on /usr/local/lib/python3.8/dist-packages/airflow/example_dags/example_setup_teardown_taskflow.py
[2023-06-14T14:21:40.371+0000] {processor.py:826} INFO - Processing file /usr/local/lib/python3.8/dist-packages/airflow/example_dags/example_setup_teardown_taskflow.py for tasks to queue
[2023-06-14T14:21:40.374+0000] {logging_mixin.py:149} INFO - [2023-06-14T14:21:40.374+0000] {dagbag.py:541} INFO - Filling up the DagBag from /usr/local/lib/python3.8/dist-packages/airflow/example_dags/example_setup_teardown_taskflow.py
[2023-06-14T14:21:40.375+0000] {processor.py:838} WARNING - No viable dags retrieved from /usr/local/lib/python3.8/dist-packages/airflow/example_dags/example_setup_teardown_taskflow.py
[2023-06-14T14:21:40.387+0000] {processor.py:179} INFO - Processing /usr/local/lib/python3.8/dist-packages/airflow/example_dags/example_setup_teardown_taskflow.py took 0.021 seconds
[2023-06-14T14:22:33.669+0000] {processor.py:157} INFO - Started process (PID=4630) to work on /usr/local/lib/python3.8/dist-packages/airflow/example_dags/example_setup_teardown_taskflow.py
[2023-06-14T14:22:33.671+0000] {processor.py:826} INFO - Processing file /usr/local/lib/python3.8/dist-packages/airflow/example_dags/example_setup_teardown_taskflow.py for tasks to queue
[2023-06-14T14:22:33.673+0000] {logging_mixin.py:149} INFO - [2023-06-14T14:22:33.673+0000] {dagbag.py:541} INFO - Filling up the DagBag from /usr/local/lib/python3.8/dist-packages/airflow/example_dags/example_setup_teardown_taskflow.py
[2023-06-14T14:22:33.675+0000] {processor.py:838} WARNING - No viable dags retrieved from /usr/local/lib/python3.8/dist-packages/airflow/example_dags/example_setup_teardown_taskflow.py
[2023-06-14T14:22:33.687+0000] {processor.py:179} INFO - Processing /usr/local/lib/python3.8/dist-packages/airflow/example_dags/example_setup_teardown_taskflow.py took 0.021 seconds
[2023-06-14T14:23:22.083+0000] {processor.py:157} INFO - Started process (PID=4784) to work on /usr/local/lib/python3.8/dist-packages/airflow/example_dags/example_setup_teardown_taskflow.py
[2023-06-14T14:23:22.084+0000] {processor.py:826} INFO - Processing file /usr/local/lib/python3.8/dist-packages/airflow/example_dags/example_setup_teardown_taskflow.py for tasks to queue
[2023-06-14T14:23:22.087+0000] {logging_mixin.py:149} INFO - [2023-06-14T14:23:22.087+0000] {dagbag.py:541} INFO - Filling up the DagBag from /usr/local/lib/python3.8/dist-packages/airflow/example_dags/example_setup_teardown_taskflow.py
[2023-06-14T14:23:22.089+0000] {processor.py:838} WARNING - No viable dags retrieved from /usr/local/lib/python3.8/dist-packages/airflow/example_dags/example_setup_teardown_taskflow.py
[2023-06-14T14:23:22.101+0000] {processor.py:179} INFO - Processing /usr/local/lib/python3.8/dist-packages/airflow/example_dags/example_setup_teardown_taskflow.py took 0.022 seconds
[2023-06-14T14:24:13.928+0000] {processor.py:157} INFO - Started process (PID=5041) to work on /usr/local/lib/python3.8/dist-packages/airflow/example_dags/example_setup_teardown_taskflow.py
[2023-06-14T14:24:13.929+0000] {processor.py:826} INFO - Processing file /usr/local/lib/python3.8/dist-packages/airflow/example_dags/example_setup_teardown_taskflow.py for tasks to queue
[2023-06-14T14:24:13.932+0000] {logging_mixin.py:149} INFO - [2023-06-14T14:24:13.932+0000] {dagbag.py:541} INFO - Filling up the DagBag from /usr/local/lib/python3.8/dist-packages/airflow/example_dags/example_setup_teardown_taskflow.py
[2023-06-14T14:24:13.934+0000] {processor.py:838} WARNING - No viable dags retrieved from /usr/local/lib/python3.8/dist-packages/airflow/example_dags/example_setup_teardown_taskflow.py
[2023-06-14T14:24:13.945+0000] {processor.py:179} INFO - Processing /usr/local/lib/python3.8/dist-packages/airflow/example_dags/example_setup_teardown_taskflow.py took 0.021 seconds
[2023-06-14T14:25:04.340+0000] {processor.py:157} INFO - Started process (PID=5197) to work on /usr/local/lib/python3.8/dist-packages/airflow/example_dags/example_setup_teardown_taskflow.py
[2023-06-14T14:25:04.342+0000] {processor.py:826} INFO - Processing file /usr/local/lib/python3.8/dist-packages/airflow/example_dags/example_setup_teardown_taskflow.py for tasks to queue
[2023-06-14T14:25:04.345+0000] {logging_mixin.py:149} INFO - [2023-06-14T14:25:04.344+0000] {dagbag.py:541} INFO - Filling up the DagBag from /usr/local/lib/python3.8/dist-packages/airflow/example_dags/example_setup_teardown_taskflow.py
[2023-06-14T14:25:04.347+0000] {processor.py:838} WARNING - No viable dags retrieved from /usr/local/lib/python3.8/dist-packages/airflow/example_dags/example_setup_teardown_taskflow.py
[2023-06-14T14:25:04.359+0000] {processor.py:179} INFO - Processing /usr/local/lib/python3.8/dist-packages/airflow/example_dags/example_setup_teardown_taskflow.py took 0.023 seconds
[2023-06-14T14:25:53.438+0000] {processor.py:157} INFO - Started process (PID=5349) to work on /usr/local/lib/python3.8/dist-packages/airflow/example_dags/example_setup_teardown_taskflow.py
[2023-06-14T14:25:53.439+0000] {processor.py:826} INFO - Processing file /usr/local/lib/python3.8/dist-packages/airflow/example_dags/example_setup_teardown_taskflow.py for tasks to queue
[2023-06-14T14:25:53.442+0000] {logging_mixin.py:149} INFO - [2023-06-14T14:25:53.441+0000] {dagbag.py:541} INFO - Filling up the DagBag from /usr/local/lib/python3.8/dist-packages/airflow/example_dags/example_setup_teardown_taskflow.py
[2023-06-14T14:25:53.443+0000] {processor.py:838} WARNING - No viable dags retrieved from /usr/local/lib/python3.8/dist-packages/airflow/example_dags/example_setup_teardown_taskflow.py
[2023-06-14T14:25:53.456+0000] {processor.py:179} INFO - Processing /usr/local/lib/python3.8/dist-packages/airflow/example_dags/example_setup_teardown_taskflow.py took 0.021 seconds
[2023-06-14T14:26:29.505+0000] {processor.py:157} INFO - Started process (PID=5388) to work on /usr/local/lib/python3.8/dist-packages/airflow/example_dags/example_setup_teardown_taskflow.py
[2023-06-14T14:26:29.507+0000] {processor.py:826} INFO - Processing file /usr/local/lib/python3.8/dist-packages/airflow/example_dags/example_setup_teardown_taskflow.py for tasks to queue
[2023-06-14T14:26:29.509+0000] {logging_mixin.py:149} INFO - [2023-06-14T14:26:29.509+0000] {dagbag.py:541} INFO - Filling up the DagBag from /usr/local/lib/python3.8/dist-packages/airflow/example_dags/example_setup_teardown_taskflow.py
[2023-06-14T14:26:29.511+0000] {processor.py:838} WARNING - No viable dags retrieved from /usr/local/lib/python3.8/dist-packages/airflow/example_dags/example_setup_teardown_taskflow.py
[2023-06-14T14:26:29.523+0000] {processor.py:179} INFO - Processing /usr/local/lib/python3.8/dist-packages/airflow/example_dags/example_setup_teardown_taskflow.py took 0.022 seconds
[2023-06-14T14:27:20.258+0000] {processor.py:157} INFO - Started process (PID=5546) to work on /usr/local/lib/python3.8/dist-packages/airflow/example_dags/example_setup_teardown_taskflow.py
[2023-06-14T14:27:20.260+0000] {processor.py:826} INFO - Processing file /usr/local/lib/python3.8/dist-packages/airflow/example_dags/example_setup_teardown_taskflow.py for tasks to queue
[2023-06-14T14:27:20.263+0000] {logging_mixin.py:149} INFO - [2023-06-14T14:27:20.263+0000] {dagbag.py:541} INFO - Filling up the DagBag from /usr/local/lib/python3.8/dist-packages/airflow/example_dags/example_setup_teardown_taskflow.py
[2023-06-14T14:27:20.264+0000] {processor.py:838} WARNING - No viable dags retrieved from /usr/local/lib/python3.8/dist-packages/airflow/example_dags/example_setup_teardown_taskflow.py
[2023-06-14T14:27:20.276+0000] {processor.py:179} INFO - Processing /usr/local/lib/python3.8/dist-packages/airflow/example_dags/example_setup_teardown_taskflow.py took 0.021 seconds
[2023-06-14T14:28:14.055+0000] {processor.py:157} INFO - Started process (PID=5704) to work on /usr/local/lib/python3.8/dist-packages/airflow/example_dags/example_setup_teardown_taskflow.py
[2023-06-14T14:28:14.057+0000] {processor.py:826} INFO - Processing file /usr/local/lib/python3.8/dist-packages/airflow/example_dags/example_setup_teardown_taskflow.py for tasks to queue
[2023-06-14T14:28:14.060+0000] {logging_mixin.py:149} INFO - [2023-06-14T14:28:14.060+0000] {dagbag.py:541} INFO - Filling up the DagBag from /usr/local/lib/python3.8/dist-packages/airflow/example_dags/example_setup_teardown_taskflow.py
[2023-06-14T14:28:14.062+0000] {processor.py:838} WARNING - No viable dags retrieved from /usr/local/lib/python3.8/dist-packages/airflow/example_dags/example_setup_teardown_taskflow.py
[2023-06-14T14:28:14.074+0000] {processor.py:179} INFO - Processing /usr/local/lib/python3.8/dist-packages/airflow/example_dags/example_setup_teardown_taskflow.py took 0.023 seconds
[2023-06-14T14:29:05.690+0000] {processor.py:157} INFO - Started process (PID=5963) to work on /usr/local/lib/python3.8/dist-packages/airflow/example_dags/example_setup_teardown_taskflow.py
[2023-06-14T14:29:05.691+0000] {processor.py:826} INFO - Processing file /usr/local/lib/python3.8/dist-packages/airflow/example_dags/example_setup_teardown_taskflow.py for tasks to queue
[2023-06-14T14:29:05.694+0000] {logging_mixin.py:149} INFO - [2023-06-14T14:29:05.694+0000] {dagbag.py:541} INFO - Filling up the DagBag from /usr/local/lib/python3.8/dist-packages/airflow/example_dags/example_setup_teardown_taskflow.py
[2023-06-14T14:29:05.696+0000] {processor.py:838} WARNING - No viable dags retrieved from /usr/local/lib/python3.8/dist-packages/airflow/example_dags/example_setup_teardown_taskflow.py
[2023-06-14T14:29:05.706+0000] {processor.py:179} INFO - Processing /usr/local/lib/python3.8/dist-packages/airflow/example_dags/example_setup_teardown_taskflow.py took 0.021 seconds
[2023-06-14T14:29:56.892+0000] {processor.py:157} INFO - Started process (PID=6118) to work on /usr/local/lib/python3.8/dist-packages/airflow/example_dags/example_setup_teardown_taskflow.py
[2023-06-14T14:29:56.894+0000] {processor.py:826} INFO - Processing file /usr/local/lib/python3.8/dist-packages/airflow/example_dags/example_setup_teardown_taskflow.py for tasks to queue
[2023-06-14T14:29:56.897+0000] {logging_mixin.py:149} INFO - [2023-06-14T14:29:56.896+0000] {dagbag.py:541} INFO - Filling up the DagBag from /usr/local/lib/python3.8/dist-packages/airflow/example_dags/example_setup_teardown_taskflow.py
[2023-06-14T14:29:56.898+0000] {processor.py:838} WARNING - No viable dags retrieved from /usr/local/lib/python3.8/dist-packages/airflow/example_dags/example_setup_teardown_taskflow.py
[2023-06-14T14:29:56.910+0000] {processor.py:179} INFO - Processing /usr/local/lib/python3.8/dist-packages/airflow/example_dags/example_setup_teardown_taskflow.py took 0.021 seconds
[2023-06-14T14:30:37.164+0000] {processor.py:157} INFO - Started process (PID=6159) to work on /usr/local/lib/python3.8/dist-packages/airflow/example_dags/example_setup_teardown_taskflow.py
[2023-06-14T14:30:37.165+0000] {processor.py:826} INFO - Processing file /usr/local/lib/python3.8/dist-packages/airflow/example_dags/example_setup_teardown_taskflow.py for tasks to queue
[2023-06-14T14:30:37.168+0000] {logging_mixin.py:149} INFO - [2023-06-14T14:30:37.168+0000] {dagbag.py:541} INFO - Filling up the DagBag from /usr/local/lib/python3.8/dist-packages/airflow/example_dags/example_setup_teardown_taskflow.py
[2023-06-14T14:30:37.170+0000] {processor.py:838} WARNING - No viable dags retrieved from /usr/local/lib/python3.8/dist-packages/airflow/example_dags/example_setup_teardown_taskflow.py
[2023-06-14T14:30:37.182+0000] {processor.py:179} INFO - Processing /usr/local/lib/python3.8/dist-packages/airflow/example_dags/example_setup_teardown_taskflow.py took 0.022 seconds
[2023-06-14T14:31:29.866+0000] {processor.py:157} INFO - Started process (PID=6314) to work on /usr/local/lib/python3.8/dist-packages/airflow/example_dags/example_setup_teardown_taskflow.py
[2023-06-14T14:31:29.868+0000] {processor.py:826} INFO - Processing file /usr/local/lib/python3.8/dist-packages/airflow/example_dags/example_setup_teardown_taskflow.py for tasks to queue
[2023-06-14T14:31:29.870+0000] {logging_mixin.py:149} INFO - [2023-06-14T14:31:29.870+0000] {dagbag.py:541} INFO - Filling up the DagBag from /usr/local/lib/python3.8/dist-packages/airflow/example_dags/example_setup_teardown_taskflow.py
[2023-06-14T14:31:29.872+0000] {processor.py:838} WARNING - No viable dags retrieved from /usr/local/lib/python3.8/dist-packages/airflow/example_dags/example_setup_teardown_taskflow.py
[2023-06-14T14:31:29.884+0000] {processor.py:179} INFO - Processing /usr/local/lib/python3.8/dist-packages/airflow/example_dags/example_setup_teardown_taskflow.py took 0.021 seconds
[2023-06-14T14:32:21.039+0000] {processor.py:157} INFO - Started process (PID=6477) to work on /usr/local/lib/python3.8/dist-packages/airflow/example_dags/example_setup_teardown_taskflow.py
[2023-06-14T14:32:21.041+0000] {processor.py:826} INFO - Processing file /usr/local/lib/python3.8/dist-packages/airflow/example_dags/example_setup_teardown_taskflow.py for tasks to queue
[2023-06-14T14:32:21.043+0000] {logging_mixin.py:149} INFO - [2023-06-14T14:32:21.043+0000] {dagbag.py:541} INFO - Filling up the DagBag from /usr/local/lib/python3.8/dist-packages/airflow/example_dags/example_setup_teardown_taskflow.py
[2023-06-14T14:32:21.045+0000] {processor.py:838} WARNING - No viable dags retrieved from /usr/local/lib/python3.8/dist-packages/airflow/example_dags/example_setup_teardown_taskflow.py
[2023-06-14T14:32:21.056+0000] {processor.py:179} INFO - Processing /usr/local/lib/python3.8/dist-packages/airflow/example_dags/example_setup_teardown_taskflow.py took 0.020 seconds
[2023-06-14T14:33:11.342+0000] {processor.py:157} INFO - Started process (PID=6631) to work on /usr/local/lib/python3.8/dist-packages/airflow/example_dags/example_setup_teardown_taskflow.py
[2023-06-14T14:33:11.343+0000] {processor.py:826} INFO - Processing file /usr/local/lib/python3.8/dist-packages/airflow/example_dags/example_setup_teardown_taskflow.py for tasks to queue
[2023-06-14T14:33:11.346+0000] {logging_mixin.py:149} INFO - [2023-06-14T14:33:11.345+0000] {dagbag.py:541} INFO - Filling up the DagBag from /usr/local/lib/python3.8/dist-packages/airflow/example_dags/example_setup_teardown_taskflow.py
[2023-06-14T14:33:11.348+0000] {processor.py:838} WARNING - No viable dags retrieved from /usr/local/lib/python3.8/dist-packages/airflow/example_dags/example_setup_teardown_taskflow.py
[2023-06-14T14:33:11.359+0000] {processor.py:179} INFO - Processing /usr/local/lib/python3.8/dist-packages/airflow/example_dags/example_setup_teardown_taskflow.py took 0.022 seconds
[2023-06-14T14:34:03.444+0000] {processor.py:157} INFO - Started process (PID=6888) to work on /usr/local/lib/python3.8/dist-packages/airflow/example_dags/example_setup_teardown_taskflow.py
[2023-06-14T14:34:03.445+0000] {processor.py:826} INFO - Processing file /usr/local/lib/python3.8/dist-packages/airflow/example_dags/example_setup_teardown_taskflow.py for tasks to queue
[2023-06-14T14:34:03.448+0000] {logging_mixin.py:149} INFO - [2023-06-14T14:34:03.448+0000] {dagbag.py:541} INFO - Filling up the DagBag from /usr/local/lib/python3.8/dist-packages/airflow/example_dags/example_setup_teardown_taskflow.py
[2023-06-14T14:34:03.450+0000] {processor.py:838} WARNING - No viable dags retrieved from /usr/local/lib/python3.8/dist-packages/airflow/example_dags/example_setup_teardown_taskflow.py
[2023-06-14T14:34:03.462+0000] {processor.py:179} INFO - Processing /usr/local/lib/python3.8/dist-packages/airflow/example_dags/example_setup_teardown_taskflow.py took 0.022 seconds
[2023-06-14T14:34:57.761+0000] {processor.py:157} INFO - Started process (PID=7049) to work on /usr/local/lib/python3.8/dist-packages/airflow/example_dags/example_setup_teardown_taskflow.py
[2023-06-14T14:34:57.762+0000] {processor.py:826} INFO - Processing file /usr/local/lib/python3.8/dist-packages/airflow/example_dags/example_setup_teardown_taskflow.py for tasks to queue
[2023-06-14T14:34:57.765+0000] {logging_mixin.py:149} INFO - [2023-06-14T14:34:57.764+0000] {dagbag.py:541} INFO - Filling up the DagBag from /usr/local/lib/python3.8/dist-packages/airflow/example_dags/example_setup_teardown_taskflow.py
[2023-06-14T14:34:57.766+0000] {processor.py:838} WARNING - No viable dags retrieved from /usr/local/lib/python3.8/dist-packages/airflow/example_dags/example_setup_teardown_taskflow.py
[2023-06-14T14:34:57.778+0000] {processor.py:179} INFO - Processing /usr/local/lib/python3.8/dist-packages/airflow/example_dags/example_setup_teardown_taskflow.py took 0.021 seconds
[2023-06-14T14:35:49.495+0000] {processor.py:157} INFO - Started process (PID=7103) to work on /usr/local/lib/python3.8/dist-packages/airflow/example_dags/example_setup_teardown_taskflow.py
[2023-06-14T14:35:49.496+0000] {processor.py:826} INFO - Processing file /usr/local/lib/python3.8/dist-packages/airflow/example_dags/example_setup_teardown_taskflow.py for tasks to queue
[2023-06-14T14:35:49.499+0000] {logging_mixin.py:149} INFO - [2023-06-14T14:35:49.499+0000] {dagbag.py:541} INFO - Filling up the DagBag from /usr/local/lib/python3.8/dist-packages/airflow/example_dags/example_setup_teardown_taskflow.py
[2023-06-14T14:35:49.501+0000] {processor.py:838} WARNING - No viable dags retrieved from /usr/local/lib/python3.8/dist-packages/airflow/example_dags/example_setup_teardown_taskflow.py
[2023-06-14T14:35:49.512+0000] {processor.py:179} INFO - Processing /usr/local/lib/python3.8/dist-packages/airflow/example_dags/example_setup_teardown_taskflow.py took 0.022 seconds
[2023-06-14T14:36:41.108+0000] {processor.py:157} INFO - Started process (PID=7259) to work on /usr/local/lib/python3.8/dist-packages/airflow/example_dags/example_setup_teardown_taskflow.py
[2023-06-14T14:36:41.109+0000] {processor.py:826} INFO - Processing file /usr/local/lib/python3.8/dist-packages/airflow/example_dags/example_setup_teardown_taskflow.py for tasks to queue
[2023-06-14T14:36:41.112+0000] {logging_mixin.py:149} INFO - [2023-06-14T14:36:41.111+0000] {dagbag.py:541} INFO - Filling up the DagBag from /usr/local/lib/python3.8/dist-packages/airflow/example_dags/example_setup_teardown_taskflow.py
[2023-06-14T14:36:41.114+0000] {processor.py:838} WARNING - No viable dags retrieved from /usr/local/lib/python3.8/dist-packages/airflow/example_dags/example_setup_teardown_taskflow.py
[2023-06-14T14:36:41.126+0000] {processor.py:179} INFO - Processing /usr/local/lib/python3.8/dist-packages/airflow/example_dags/example_setup_teardown_taskflow.py took 0.021 seconds
[2023-06-14T14:37:33.560+0000] {processor.py:157} INFO - Started process (PID=7421) to work on /usr/local/lib/python3.8/dist-packages/airflow/example_dags/example_setup_teardown_taskflow.py
[2023-06-14T14:37:33.561+0000] {processor.py:826} INFO - Processing file /usr/local/lib/python3.8/dist-packages/airflow/example_dags/example_setup_teardown_taskflow.py for tasks to queue
[2023-06-14T14:37:33.563+0000] {logging_mixin.py:149} INFO - [2023-06-14T14:37:33.563+0000] {dagbag.py:541} INFO - Filling up the DagBag from /usr/local/lib/python3.8/dist-packages/airflow/example_dags/example_setup_teardown_taskflow.py
[2023-06-14T14:37:33.565+0000] {processor.py:838} WARNING - No viable dags retrieved from /usr/local/lib/python3.8/dist-packages/airflow/example_dags/example_setup_teardown_taskflow.py
[2023-06-14T14:37:33.577+0000] {processor.py:179} INFO - Processing /usr/local/lib/python3.8/dist-packages/airflow/example_dags/example_setup_teardown_taskflow.py took 0.022 seconds
[2023-06-14T14:38:24.429+0000] {processor.py:157} INFO - Started process (PID=7576) to work on /usr/local/lib/python3.8/dist-packages/airflow/example_dags/example_setup_teardown_taskflow.py
[2023-06-14T14:38:24.431+0000] {processor.py:826} INFO - Processing file /usr/local/lib/python3.8/dist-packages/airflow/example_dags/example_setup_teardown_taskflow.py for tasks to queue
[2023-06-14T14:38:24.434+0000] {logging_mixin.py:149} INFO - [2023-06-14T14:38:24.434+0000] {dagbag.py:541} INFO - Filling up the DagBag from /usr/local/lib/python3.8/dist-packages/airflow/example_dags/example_setup_teardown_taskflow.py
[2023-06-14T14:38:24.436+0000] {processor.py:838} WARNING - No viable dags retrieved from /usr/local/lib/python3.8/dist-packages/airflow/example_dags/example_setup_teardown_taskflow.py
[2023-06-14T14:38:24.447+0000] {processor.py:179} INFO - Processing /usr/local/lib/python3.8/dist-packages/airflow/example_dags/example_setup_teardown_taskflow.py took 0.022 seconds
[2023-06-14T14:39:12.202+0000] {processor.py:157} INFO - Started process (PID=7728) to work on /usr/local/lib/python3.8/dist-packages/airflow/example_dags/example_setup_teardown_taskflow.py
[2023-06-14T14:39:12.203+0000] {processor.py:826} INFO - Processing file /usr/local/lib/python3.8/dist-packages/airflow/example_dags/example_setup_teardown_taskflow.py for tasks to queue
[2023-06-14T14:39:12.206+0000] {logging_mixin.py:149} INFO - [2023-06-14T14:39:12.206+0000] {dagbag.py:541} INFO - Filling up the DagBag from /usr/local/lib/python3.8/dist-packages/airflow/example_dags/example_setup_teardown_taskflow.py
[2023-06-14T14:39:12.208+0000] {processor.py:838} WARNING - No viable dags retrieved from /usr/local/lib/python3.8/dist-packages/airflow/example_dags/example_setup_teardown_taskflow.py
[2023-06-14T14:39:12.219+0000] {processor.py:179} INFO - Processing /usr/local/lib/python3.8/dist-packages/airflow/example_dags/example_setup_teardown_taskflow.py took 0.021 seconds
[2023-06-14T14:40:02.890+0000] {processor.py:157} INFO - Started process (PID=7882) to work on /usr/local/lib/python3.8/dist-packages/airflow/example_dags/example_setup_teardown_taskflow.py
[2023-06-14T14:40:02.891+0000] {processor.py:826} INFO - Processing file /usr/local/lib/python3.8/dist-packages/airflow/example_dags/example_setup_teardown_taskflow.py for tasks to queue
[2023-06-14T14:40:02.894+0000] {logging_mixin.py:149} INFO - [2023-06-14T14:40:02.894+0000] {dagbag.py:541} INFO - Filling up the DagBag from /usr/local/lib/python3.8/dist-packages/airflow/example_dags/example_setup_teardown_taskflow.py
[2023-06-14T14:40:02.896+0000] {processor.py:838} WARNING - No viable dags retrieved from /usr/local/lib/python3.8/dist-packages/airflow/example_dags/example_setup_teardown_taskflow.py
[2023-06-14T14:40:02.907+0000] {processor.py:179} INFO - Processing /usr/local/lib/python3.8/dist-packages/airflow/example_dags/example_setup_teardown_taskflow.py took 0.022 seconds
[2023-06-14T14:40:57.207+0000] {processor.py:157} INFO - Started process (PID=8040) to work on /usr/local/lib/python3.8/dist-packages/airflow/example_dags/example_setup_teardown_taskflow.py
[2023-06-14T14:40:57.208+0000] {processor.py:826} INFO - Processing file /usr/local/lib/python3.8/dist-packages/airflow/example_dags/example_setup_teardown_taskflow.py for tasks to queue
[2023-06-14T14:40:57.210+0000] {logging_mixin.py:149} INFO - [2023-06-14T14:40:57.210+0000] {dagbag.py:541} INFO - Filling up the DagBag from /usr/local/lib/python3.8/dist-packages/airflow/example_dags/example_setup_teardown_taskflow.py
[2023-06-14T14:40:57.212+0000] {processor.py:838} WARNING - No viable dags retrieved from /usr/local/lib/python3.8/dist-packages/airflow/example_dags/example_setup_teardown_taskflow.py
[2023-06-14T14:40:57.224+0000] {processor.py:179} INFO - Processing /usr/local/lib/python3.8/dist-packages/airflow/example_dags/example_setup_teardown_taskflow.py took 0.022 seconds
[2023-06-14T14:41:51.227+0000] {processor.py:157} INFO - Started process (PID=8134) to work on /usr/local/lib/python3.8/dist-packages/airflow/example_dags/example_setup_teardown_taskflow.py
[2023-06-14T14:41:51.229+0000] {processor.py:826} INFO - Processing file /usr/local/lib/python3.8/dist-packages/airflow/example_dags/example_setup_teardown_taskflow.py for tasks to queue
[2023-06-14T14:41:51.231+0000] {logging_mixin.py:149} INFO - [2023-06-14T14:41:51.231+0000] {dagbag.py:541} INFO - Filling up the DagBag from /usr/local/lib/python3.8/dist-packages/airflow/example_dags/example_setup_teardown_taskflow.py
[2023-06-14T14:41:51.233+0000] {processor.py:838} WARNING - No viable dags retrieved from /usr/local/lib/python3.8/dist-packages/airflow/example_dags/example_setup_teardown_taskflow.py
[2023-06-14T14:41:51.245+0000] {processor.py:179} INFO - Processing /usr/local/lib/python3.8/dist-packages/airflow/example_dags/example_setup_teardown_taskflow.py took 0.022 seconds
[2023-06-14T14:42:45.545+0000] {processor.py:157} INFO - Started process (PID=8257) to work on /usr/local/lib/python3.8/dist-packages/airflow/example_dags/example_setup_teardown_taskflow.py
[2023-06-14T14:42:45.546+0000] {processor.py:826} INFO - Processing file /usr/local/lib/python3.8/dist-packages/airflow/example_dags/example_setup_teardown_taskflow.py for tasks to queue
[2023-06-14T14:42:45.548+0000] {logging_mixin.py:149} INFO - [2023-06-14T14:42:45.548+0000] {dagbag.py:541} INFO - Filling up the DagBag from /usr/local/lib/python3.8/dist-packages/airflow/example_dags/example_setup_teardown_taskflow.py
[2023-06-14T14:42:45.550+0000] {processor.py:838} WARNING - No viable dags retrieved from /usr/local/lib/python3.8/dist-packages/airflow/example_dags/example_setup_teardown_taskflow.py
[2023-06-14T14:42:45.562+0000] {processor.py:179} INFO - Processing /usr/local/lib/python3.8/dist-packages/airflow/example_dags/example_setup_teardown_taskflow.py took 0.021 seconds
[2023-06-14T14:43:42.067+0000] {processor.py:157} INFO - Started process (PID=8415) to work on /usr/local/lib/python3.8/dist-packages/airflow/example_dags/example_setup_teardown_taskflow.py
[2023-06-14T14:43:42.069+0000] {processor.py:826} INFO - Processing file /usr/local/lib/python3.8/dist-packages/airflow/example_dags/example_setup_teardown_taskflow.py for tasks to queue
[2023-06-14T14:43:42.071+0000] {logging_mixin.py:149} INFO - [2023-06-14T14:43:42.071+0000] {dagbag.py:541} INFO - Filling up the DagBag from /usr/local/lib/python3.8/dist-packages/airflow/example_dags/example_setup_teardown_taskflow.py
[2023-06-14T14:43:42.073+0000] {processor.py:838} WARNING - No viable dags retrieved from /usr/local/lib/python3.8/dist-packages/airflow/example_dags/example_setup_teardown_taskflow.py
[2023-06-14T14:43:42.085+0000] {processor.py:179} INFO - Processing /usr/local/lib/python3.8/dist-packages/airflow/example_dags/example_setup_teardown_taskflow.py took 0.022 seconds
[2023-06-14T14:44:35.856+0000] {processor.py:157} INFO - Started process (PID=8673) to work on /usr/local/lib/python3.8/dist-packages/airflow/example_dags/example_setup_teardown_taskflow.py
[2023-06-14T14:44:35.857+0000] {processor.py:826} INFO - Processing file /usr/local/lib/python3.8/dist-packages/airflow/example_dags/example_setup_teardown_taskflow.py for tasks to queue
[2023-06-14T14:44:35.860+0000] {logging_mixin.py:149} INFO - [2023-06-14T14:44:35.860+0000] {dagbag.py:541} INFO - Filling up the DagBag from /usr/local/lib/python3.8/dist-packages/airflow/example_dags/example_setup_teardown_taskflow.py
[2023-06-14T14:44:35.862+0000] {processor.py:838} WARNING - No viable dags retrieved from /usr/local/lib/python3.8/dist-packages/airflow/example_dags/example_setup_teardown_taskflow.py
[2023-06-14T14:44:35.874+0000] {processor.py:179} INFO - Processing /usr/local/lib/python3.8/dist-packages/airflow/example_dags/example_setup_teardown_taskflow.py took 0.022 seconds
[2023-06-14T14:45:32.662+0000] {processor.py:157} INFO - Started process (PID=8833) to work on /usr/local/lib/python3.8/dist-packages/airflow/example_dags/example_setup_teardown_taskflow.py
[2023-06-14T14:45:32.664+0000] {processor.py:826} INFO - Processing file /usr/local/lib/python3.8/dist-packages/airflow/example_dags/example_setup_teardown_taskflow.py for tasks to queue
[2023-06-14T14:45:32.666+0000] {logging_mixin.py:149} INFO - [2023-06-14T14:45:32.666+0000] {dagbag.py:541} INFO - Filling up the DagBag from /usr/local/lib/python3.8/dist-packages/airflow/example_dags/example_setup_teardown_taskflow.py
[2023-06-14T14:45:32.668+0000] {processor.py:838} WARNING - No viable dags retrieved from /usr/local/lib/python3.8/dist-packages/airflow/example_dags/example_setup_teardown_taskflow.py
[2023-06-14T14:45:32.680+0000] {processor.py:179} INFO - Processing /usr/local/lib/python3.8/dist-packages/airflow/example_dags/example_setup_teardown_taskflow.py took 0.021 seconds
[2023-06-14T14:46:29.932+0000] {processor.py:157} INFO - Started process (PID=8995) to work on /usr/local/lib/python3.8/dist-packages/airflow/example_dags/example_setup_teardown_taskflow.py
[2023-06-14T14:46:29.934+0000] {processor.py:826} INFO - Processing file /usr/local/lib/python3.8/dist-packages/airflow/example_dags/example_setup_teardown_taskflow.py for tasks to queue
[2023-06-14T14:46:29.936+0000] {logging_mixin.py:149} INFO - [2023-06-14T14:46:29.936+0000] {dagbag.py:541} INFO - Filling up the DagBag from /usr/local/lib/python3.8/dist-packages/airflow/example_dags/example_setup_teardown_taskflow.py
[2023-06-14T14:46:29.938+0000] {processor.py:838} WARNING - No viable dags retrieved from /usr/local/lib/python3.8/dist-packages/airflow/example_dags/example_setup_teardown_taskflow.py
[2023-06-14T14:46:29.950+0000] {processor.py:179} INFO - Processing /usr/local/lib/python3.8/dist-packages/airflow/example_dags/example_setup_teardown_taskflow.py took 0.021 seconds
[2023-06-14T14:47:18.666+0000] {processor.py:157} INFO - Started process (PID=9151) to work on /usr/local/lib/python3.8/dist-packages/airflow/example_dags/example_setup_teardown_taskflow.py
[2023-06-14T14:47:18.669+0000] {processor.py:826} INFO - Processing file /usr/local/lib/python3.8/dist-packages/airflow/example_dags/example_setup_teardown_taskflow.py for tasks to queue
[2023-06-14T14:47:18.671+0000] {logging_mixin.py:149} INFO - [2023-06-14T14:47:18.671+0000] {dagbag.py:541} INFO - Filling up the DagBag from /usr/local/lib/python3.8/dist-packages/airflow/example_dags/example_setup_teardown_taskflow.py
[2023-06-14T14:47:18.673+0000] {processor.py:838} WARNING - No viable dags retrieved from /usr/local/lib/python3.8/dist-packages/airflow/example_dags/example_setup_teardown_taskflow.py
[2023-06-14T14:47:18.685+0000] {processor.py:179} INFO - Processing /usr/local/lib/python3.8/dist-packages/airflow/example_dags/example_setup_teardown_taskflow.py took 0.022 seconds
[2023-06-14T14:48:11.849+0000] {processor.py:157} INFO - Started process (PID=9308) to work on /usr/local/lib/python3.8/dist-packages/airflow/example_dags/example_setup_teardown_taskflow.py
[2023-06-14T14:48:11.850+0000] {processor.py:826} INFO - Processing file /usr/local/lib/python3.8/dist-packages/airflow/example_dags/example_setup_teardown_taskflow.py for tasks to queue
[2023-06-14T14:48:11.852+0000] {logging_mixin.py:149} INFO - [2023-06-14T14:48:11.852+0000] {dagbag.py:541} INFO - Filling up the DagBag from /usr/local/lib/python3.8/dist-packages/airflow/example_dags/example_setup_teardown_taskflow.py
[2023-06-14T14:48:11.854+0000] {processor.py:838} WARNING - No viable dags retrieved from /usr/local/lib/python3.8/dist-packages/airflow/example_dags/example_setup_teardown_taskflow.py
[2023-06-14T14:48:11.866+0000] {processor.py:179} INFO - Processing /usr/local/lib/python3.8/dist-packages/airflow/example_dags/example_setup_teardown_taskflow.py took 0.021 seconds
[2023-06-14T14:49:07.630+0000] {processor.py:157} INFO - Started process (PID=9568) to work on /usr/local/lib/python3.8/dist-packages/airflow/example_dags/example_setup_teardown_taskflow.py
[2023-06-14T14:49:07.633+0000] {processor.py:826} INFO - Processing file /usr/local/lib/python3.8/dist-packages/airflow/example_dags/example_setup_teardown_taskflow.py for tasks to queue
[2023-06-14T14:49:07.635+0000] {logging_mixin.py:149} INFO - [2023-06-14T14:49:07.635+0000] {dagbag.py:541} INFO - Filling up the DagBag from /usr/local/lib/python3.8/dist-packages/airflow/example_dags/example_setup_teardown_taskflow.py
[2023-06-14T14:49:07.638+0000] {processor.py:838} WARNING - No viable dags retrieved from /usr/local/lib/python3.8/dist-packages/airflow/example_dags/example_setup_teardown_taskflow.py
[2023-06-14T14:49:07.650+0000] {processor.py:179} INFO - Processing /usr/local/lib/python3.8/dist-packages/airflow/example_dags/example_setup_teardown_taskflow.py took 0.023 seconds
[2023-06-14T14:50:04.323+0000] {processor.py:157} INFO - Started process (PID=9727) to work on /usr/local/lib/python3.8/dist-packages/airflow/example_dags/example_setup_teardown_taskflow.py
[2023-06-14T14:50:04.324+0000] {processor.py:826} INFO - Processing file /usr/local/lib/python3.8/dist-packages/airflow/example_dags/example_setup_teardown_taskflow.py for tasks to queue
[2023-06-14T14:50:04.327+0000] {logging_mixin.py:149} INFO - [2023-06-14T14:50:04.326+0000] {dagbag.py:541} INFO - Filling up the DagBag from /usr/local/lib/python3.8/dist-packages/airflow/example_dags/example_setup_teardown_taskflow.py
[2023-06-14T14:50:04.329+0000] {processor.py:838} WARNING - No viable dags retrieved from /usr/local/lib/python3.8/dist-packages/airflow/example_dags/example_setup_teardown_taskflow.py
[2023-06-14T14:50:04.341+0000] {processor.py:179} INFO - Processing /usr/local/lib/python3.8/dist-packages/airflow/example_dags/example_setup_teardown_taskflow.py took 0.022 seconds
[2023-06-14T14:50:55.751+0000] {processor.py:157} INFO - Started process (PID=9882) to work on /usr/local/lib/python3.8/dist-packages/airflow/example_dags/example_setup_teardown_taskflow.py
[2023-06-14T14:50:55.752+0000] {processor.py:826} INFO - Processing file /usr/local/lib/python3.8/dist-packages/airflow/example_dags/example_setup_teardown_taskflow.py for tasks to queue
[2023-06-14T14:50:55.754+0000] {logging_mixin.py:149} INFO - [2023-06-14T14:50:55.754+0000] {dagbag.py:541} INFO - Filling up the DagBag from /usr/local/lib/python3.8/dist-packages/airflow/example_dags/example_setup_teardown_taskflow.py
[2023-06-14T14:50:55.756+0000] {processor.py:838} WARNING - No viable dags retrieved from /usr/local/lib/python3.8/dist-packages/airflow/example_dags/example_setup_teardown_taskflow.py
[2023-06-14T14:50:55.768+0000] {processor.py:179} INFO - Processing /usr/local/lib/python3.8/dist-packages/airflow/example_dags/example_setup_teardown_taskflow.py took 0.022 seconds
[2023-06-14T14:51:44.351+0000] {processor.py:157} INFO - Started process (PID=9934) to work on /usr/local/lib/python3.8/dist-packages/airflow/example_dags/example_setup_teardown_taskflow.py
[2023-06-14T14:51:44.352+0000] {processor.py:826} INFO - Processing file /usr/local/lib/python3.8/dist-packages/airflow/example_dags/example_setup_teardown_taskflow.py for tasks to queue
[2023-06-14T14:51:44.354+0000] {logging_mixin.py:149} INFO - [2023-06-14T14:51:44.354+0000] {dagbag.py:541} INFO - Filling up the DagBag from /usr/local/lib/python3.8/dist-packages/airflow/example_dags/example_setup_teardown_taskflow.py
[2023-06-14T14:51:44.356+0000] {processor.py:838} WARNING - No viable dags retrieved from /usr/local/lib/python3.8/dist-packages/airflow/example_dags/example_setup_teardown_taskflow.py
[2023-06-14T14:51:44.369+0000] {processor.py:179} INFO - Processing /usr/local/lib/python3.8/dist-packages/airflow/example_dags/example_setup_teardown_taskflow.py took 0.022 seconds
[2023-06-14T14:52:33.564+0000] {processor.py:157} INFO - Started process (PID=10092) to work on /usr/local/lib/python3.8/dist-packages/airflow/example_dags/example_setup_teardown_taskflow.py
[2023-06-14T14:52:33.566+0000] {processor.py:826} INFO - Processing file /usr/local/lib/python3.8/dist-packages/airflow/example_dags/example_setup_teardown_taskflow.py for tasks to queue
[2023-06-14T14:52:33.568+0000] {logging_mixin.py:149} INFO - [2023-06-14T14:52:33.568+0000] {dagbag.py:541} INFO - Filling up the DagBag from /usr/local/lib/python3.8/dist-packages/airflow/example_dags/example_setup_teardown_taskflow.py
[2023-06-14T14:52:33.570+0000] {processor.py:838} WARNING - No viable dags retrieved from /usr/local/lib/python3.8/dist-packages/airflow/example_dags/example_setup_teardown_taskflow.py
[2023-06-14T14:52:33.582+0000] {processor.py:179} INFO - Processing /usr/local/lib/python3.8/dist-packages/airflow/example_dags/example_setup_teardown_taskflow.py took 0.022 seconds
[2023-06-14T14:53:26.313+0000] {processor.py:157} INFO - Started process (PID=10247) to work on /usr/local/lib/python3.8/dist-packages/airflow/example_dags/example_setup_teardown_taskflow.py
[2023-06-14T14:53:26.315+0000] {processor.py:826} INFO - Processing file /usr/local/lib/python3.8/dist-packages/airflow/example_dags/example_setup_teardown_taskflow.py for tasks to queue
[2023-06-14T14:53:26.317+0000] {logging_mixin.py:149} INFO - [2023-06-14T14:53:26.317+0000] {dagbag.py:541} INFO - Filling up the DagBag from /usr/local/lib/python3.8/dist-packages/airflow/example_dags/example_setup_teardown_taskflow.py
[2023-06-14T14:53:26.319+0000] {processor.py:838} WARNING - No viable dags retrieved from /usr/local/lib/python3.8/dist-packages/airflow/example_dags/example_setup_teardown_taskflow.py
[2023-06-14T14:53:26.331+0000] {processor.py:179} INFO - Processing /usr/local/lib/python3.8/dist-packages/airflow/example_dags/example_setup_teardown_taskflow.py took 0.022 seconds
[2023-06-14T14:54:20.170+0000] {processor.py:157} INFO - Started process (PID=10509) to work on /usr/local/lib/python3.8/dist-packages/airflow/example_dags/example_setup_teardown_taskflow.py
[2023-06-14T14:54:20.172+0000] {processor.py:826} INFO - Processing file /usr/local/lib/python3.8/dist-packages/airflow/example_dags/example_setup_teardown_taskflow.py for tasks to queue
[2023-06-14T14:54:20.175+0000] {logging_mixin.py:149} INFO - [2023-06-14T14:54:20.175+0000] {dagbag.py:541} INFO - Filling up the DagBag from /usr/local/lib/python3.8/dist-packages/airflow/example_dags/example_setup_teardown_taskflow.py
[2023-06-14T14:54:20.177+0000] {processor.py:838} WARNING - No viable dags retrieved from /usr/local/lib/python3.8/dist-packages/airflow/example_dags/example_setup_teardown_taskflow.py
[2023-06-14T14:54:20.188+0000] {processor.py:179} INFO - Processing /usr/local/lib/python3.8/dist-packages/airflow/example_dags/example_setup_teardown_taskflow.py took 0.022 seconds
[2023-06-14T14:55:12.348+0000] {processor.py:157} INFO - Started process (PID=10766) to work on /usr/local/lib/python3.8/dist-packages/airflow/example_dags/example_setup_teardown_taskflow.py
[2023-06-14T14:55:12.349+0000] {processor.py:826} INFO - Processing file /usr/local/lib/python3.8/dist-packages/airflow/example_dags/example_setup_teardown_taskflow.py for tasks to queue
[2023-06-14T14:55:12.351+0000] {logging_mixin.py:149} INFO - [2023-06-14T14:55:12.351+0000] {dagbag.py:541} INFO - Filling up the DagBag from /usr/local/lib/python3.8/dist-packages/airflow/example_dags/example_setup_teardown_taskflow.py
[2023-06-14T14:55:12.353+0000] {processor.py:838} WARNING - No viable dags retrieved from /usr/local/lib/python3.8/dist-packages/airflow/example_dags/example_setup_teardown_taskflow.py
[2023-06-14T14:55:12.365+0000] {processor.py:179} INFO - Processing /usr/local/lib/python3.8/dist-packages/airflow/example_dags/example_setup_teardown_taskflow.py took 0.021 seconds
[2023-06-14T14:56:06.338+0000] {processor.py:157} INFO - Started process (PID=10924) to work on /usr/local/lib/python3.8/dist-packages/airflow/example_dags/example_setup_teardown_taskflow.py
[2023-06-14T14:56:06.340+0000] {processor.py:826} INFO - Processing file /usr/local/lib/python3.8/dist-packages/airflow/example_dags/example_setup_teardown_taskflow.py for tasks to queue
[2023-06-14T14:56:06.342+0000] {logging_mixin.py:149} INFO - [2023-06-14T14:56:06.342+0000] {dagbag.py:541} INFO - Filling up the DagBag from /usr/local/lib/python3.8/dist-packages/airflow/example_dags/example_setup_teardown_taskflow.py
[2023-06-14T14:56:06.345+0000] {processor.py:838} WARNING - No viable dags retrieved from /usr/local/lib/python3.8/dist-packages/airflow/example_dags/example_setup_teardown_taskflow.py
[2023-06-14T14:56:06.357+0000] {processor.py:179} INFO - Processing /usr/local/lib/python3.8/dist-packages/airflow/example_dags/example_setup_teardown_taskflow.py took 0.022 seconds
[2023-06-14T14:56:57.906+0000] {processor.py:157} INFO - Started process (PID=11081) to work on /usr/local/lib/python3.8/dist-packages/airflow/example_dags/example_setup_teardown_taskflow.py
[2023-06-14T14:56:57.908+0000] {processor.py:826} INFO - Processing file /usr/local/lib/python3.8/dist-packages/airflow/example_dags/example_setup_teardown_taskflow.py for tasks to queue
[2023-06-14T14:56:57.910+0000] {logging_mixin.py:149} INFO - [2023-06-14T14:56:57.910+0000] {dagbag.py:541} INFO - Filling up the DagBag from /usr/local/lib/python3.8/dist-packages/airflow/example_dags/example_setup_teardown_taskflow.py
[2023-06-14T14:56:57.912+0000] {processor.py:838} WARNING - No viable dags retrieved from /usr/local/lib/python3.8/dist-packages/airflow/example_dags/example_setup_teardown_taskflow.py
[2023-06-14T14:56:57.924+0000] {processor.py:179} INFO - Processing /usr/local/lib/python3.8/dist-packages/airflow/example_dags/example_setup_teardown_taskflow.py took 0.021 seconds
[2023-06-14T14:57:47.267+0000] {processor.py:157} INFO - Started process (PID=11135) to work on /usr/local/lib/python3.8/dist-packages/airflow/example_dags/example_setup_teardown_taskflow.py
[2023-06-14T14:57:47.269+0000] {processor.py:826} INFO - Processing file /usr/local/lib/python3.8/dist-packages/airflow/example_dags/example_setup_teardown_taskflow.py for tasks to queue
[2023-06-14T14:57:47.271+0000] {logging_mixin.py:149} INFO - [2023-06-14T14:57:47.271+0000] {dagbag.py:541} INFO - Filling up the DagBag from /usr/local/lib/python3.8/dist-packages/airflow/example_dags/example_setup_teardown_taskflow.py
[2023-06-14T14:57:47.273+0000] {processor.py:838} WARNING - No viable dags retrieved from /usr/local/lib/python3.8/dist-packages/airflow/example_dags/example_setup_teardown_taskflow.py
[2023-06-14T14:57:47.285+0000] {processor.py:179} INFO - Processing /usr/local/lib/python3.8/dist-packages/airflow/example_dags/example_setup_teardown_taskflow.py took 0.022 seconds
[2023-06-14T14:58:39.908+0000] {processor.py:157} INFO - Started process (PID=11291) to work on /usr/local/lib/python3.8/dist-packages/airflow/example_dags/example_setup_teardown_taskflow.py
[2023-06-14T14:58:39.909+0000] {processor.py:826} INFO - Processing file /usr/local/lib/python3.8/dist-packages/airflow/example_dags/example_setup_teardown_taskflow.py for tasks to queue
[2023-06-14T14:58:39.913+0000] {logging_mixin.py:149} INFO - [2023-06-14T14:58:39.913+0000] {dagbag.py:541} INFO - Filling up the DagBag from /usr/local/lib/python3.8/dist-packages/airflow/example_dags/example_setup_teardown_taskflow.py
[2023-06-14T14:58:39.915+0000] {processor.py:838} WARNING - No viable dags retrieved from /usr/local/lib/python3.8/dist-packages/airflow/example_dags/example_setup_teardown_taskflow.py
[2023-06-14T14:58:39.929+0000] {processor.py:179} INFO - Processing /usr/local/lib/python3.8/dist-packages/airflow/example_dags/example_setup_teardown_taskflow.py took 0.025 seconds
[2023-06-14T14:59:23.475+0000] {processor.py:157} INFO - Started process (PID=11543) to work on /usr/local/lib/python3.8/dist-packages/airflow/example_dags/example_setup_teardown_taskflow.py
[2023-06-14T14:59:23.476+0000] {processor.py:826} INFO - Processing file /usr/local/lib/python3.8/dist-packages/airflow/example_dags/example_setup_teardown_taskflow.py for tasks to queue
[2023-06-14T14:59:23.479+0000] {logging_mixin.py:149} INFO - [2023-06-14T14:59:23.479+0000] {dagbag.py:541} INFO - Filling up the DagBag from /usr/local/lib/python3.8/dist-packages/airflow/example_dags/example_setup_teardown_taskflow.py
[2023-06-14T14:59:23.481+0000] {processor.py:838} WARNING - No viable dags retrieved from /usr/local/lib/python3.8/dist-packages/airflow/example_dags/example_setup_teardown_taskflow.py
[2023-06-14T14:59:23.493+0000] {processor.py:179} INFO - Processing /usr/local/lib/python3.8/dist-packages/airflow/example_dags/example_setup_teardown_taskflow.py took 0.021 seconds
[2023-06-14T15:00:14.056+0000] {processor.py:157} INFO - Started process (PID=11699) to work on /usr/local/lib/python3.8/dist-packages/airflow/example_dags/example_setup_teardown_taskflow.py
[2023-06-14T15:00:14.058+0000] {processor.py:826} INFO - Processing file /usr/local/lib/python3.8/dist-packages/airflow/example_dags/example_setup_teardown_taskflow.py for tasks to queue
[2023-06-14T15:00:14.061+0000] {logging_mixin.py:149} INFO - [2023-06-14T15:00:14.061+0000] {dagbag.py:541} INFO - Filling up the DagBag from /usr/local/lib/python3.8/dist-packages/airflow/example_dags/example_setup_teardown_taskflow.py
[2023-06-14T15:00:14.063+0000] {processor.py:838} WARNING - No viable dags retrieved from /usr/local/lib/python3.8/dist-packages/airflow/example_dags/example_setup_teardown_taskflow.py
[2023-06-14T15:00:14.076+0000] {processor.py:179} INFO - Processing /usr/local/lib/python3.8/dist-packages/airflow/example_dags/example_setup_teardown_taskflow.py took 0.023 seconds
[2023-06-14T15:01:04.755+0000] {processor.py:157} INFO - Started process (PID=11856) to work on /usr/local/lib/python3.8/dist-packages/airflow/example_dags/example_setup_teardown_taskflow.py
[2023-06-14T15:01:04.756+0000] {processor.py:826} INFO - Processing file /usr/local/lib/python3.8/dist-packages/airflow/example_dags/example_setup_teardown_taskflow.py for tasks to queue
[2023-06-14T15:01:04.758+0000] {logging_mixin.py:149} INFO - [2023-06-14T15:01:04.758+0000] {dagbag.py:541} INFO - Filling up the DagBag from /usr/local/lib/python3.8/dist-packages/airflow/example_dags/example_setup_teardown_taskflow.py
[2023-06-14T15:01:04.760+0000] {processor.py:838} WARNING - No viable dags retrieved from /usr/local/lib/python3.8/dist-packages/airflow/example_dags/example_setup_teardown_taskflow.py
[2023-06-14T15:01:04.772+0000] {processor.py:179} INFO - Processing /usr/local/lib/python3.8/dist-packages/airflow/example_dags/example_setup_teardown_taskflow.py took 0.021 seconds
[2023-06-14T15:01:56.990+0000] {processor.py:157} INFO - Started process (PID=12011) to work on /usr/local/lib/python3.8/dist-packages/airflow/example_dags/example_setup_teardown_taskflow.py
[2023-06-14T15:01:56.991+0000] {processor.py:826} INFO - Processing file /usr/local/lib/python3.8/dist-packages/airflow/example_dags/example_setup_teardown_taskflow.py for tasks to queue
[2023-06-14T15:01:56.994+0000] {logging_mixin.py:149} INFO - [2023-06-14T15:01:56.994+0000] {dagbag.py:541} INFO - Filling up the DagBag from /usr/local/lib/python3.8/dist-packages/airflow/example_dags/example_setup_teardown_taskflow.py
[2023-06-14T15:01:56.996+0000] {processor.py:838} WARNING - No viable dags retrieved from /usr/local/lib/python3.8/dist-packages/airflow/example_dags/example_setup_teardown_taskflow.py
[2023-06-14T15:01:57.008+0000] {processor.py:179} INFO - Processing /usr/local/lib/python3.8/dist-packages/airflow/example_dags/example_setup_teardown_taskflow.py took 0.022 seconds
[2023-06-14T15:02:47.400+0000] {processor.py:157} INFO - Started process (PID=12072) to work on /usr/local/lib/python3.8/dist-packages/airflow/example_dags/example_setup_teardown_taskflow.py
[2023-06-14T15:02:47.402+0000] {processor.py:826} INFO - Processing file /usr/local/lib/python3.8/dist-packages/airflow/example_dags/example_setup_teardown_taskflow.py for tasks to queue
[2023-06-14T15:02:47.404+0000] {logging_mixin.py:149} INFO - [2023-06-14T15:02:47.404+0000] {dagbag.py:541} INFO - Filling up the DagBag from /usr/local/lib/python3.8/dist-packages/airflow/example_dags/example_setup_teardown_taskflow.py
[2023-06-14T15:02:47.406+0000] {processor.py:838} WARNING - No viable dags retrieved from /usr/local/lib/python3.8/dist-packages/airflow/example_dags/example_setup_teardown_taskflow.py
[2023-06-14T15:02:47.418+0000] {processor.py:179} INFO - Processing /usr/local/lib/python3.8/dist-packages/airflow/example_dags/example_setup_teardown_taskflow.py took 0.021 seconds
[2023-06-14T15:03:40.052+0000] {processor.py:157} INFO - Started process (PID=12331) to work on /usr/local/lib/python3.8/dist-packages/airflow/example_dags/example_setup_teardown_taskflow.py
[2023-06-14T15:03:40.053+0000] {processor.py:826} INFO - Processing file /usr/local/lib/python3.8/dist-packages/airflow/example_dags/example_setup_teardown_taskflow.py for tasks to queue
[2023-06-14T15:03:40.056+0000] {logging_mixin.py:149} INFO - [2023-06-14T15:03:40.056+0000] {dagbag.py:541} INFO - Filling up the DagBag from /usr/local/lib/python3.8/dist-packages/airflow/example_dags/example_setup_teardown_taskflow.py
[2023-06-14T15:03:40.058+0000] {processor.py:838} WARNING - No viable dags retrieved from /usr/local/lib/python3.8/dist-packages/airflow/example_dags/example_setup_teardown_taskflow.py
[2023-06-14T15:03:40.070+0000] {processor.py:179} INFO - Processing /usr/local/lib/python3.8/dist-packages/airflow/example_dags/example_setup_teardown_taskflow.py took 0.022 seconds
[2023-06-14T15:04:30.402+0000] {processor.py:157} INFO - Started process (PID=12589) to work on /usr/local/lib/python3.8/dist-packages/airflow/example_dags/example_setup_teardown_taskflow.py
[2023-06-14T15:04:30.403+0000] {processor.py:826} INFO - Processing file /usr/local/lib/python3.8/dist-packages/airflow/example_dags/example_setup_teardown_taskflow.py for tasks to queue
[2023-06-14T15:04:30.406+0000] {logging_mixin.py:149} INFO - [2023-06-14T15:04:30.406+0000] {dagbag.py:541} INFO - Filling up the DagBag from /usr/local/lib/python3.8/dist-packages/airflow/example_dags/example_setup_teardown_taskflow.py
[2023-06-14T15:04:30.408+0000] {processor.py:838} WARNING - No viable dags retrieved from /usr/local/lib/python3.8/dist-packages/airflow/example_dags/example_setup_teardown_taskflow.py
[2023-06-14T15:04:30.420+0000] {processor.py:179} INFO - Processing /usr/local/lib/python3.8/dist-packages/airflow/example_dags/example_setup_teardown_taskflow.py took 0.022 seconds
[2023-06-14T15:05:26.447+0000] {processor.py:157} INFO - Started process (PID=12983) to work on /usr/local/lib/python3.8/dist-packages/airflow/example_dags/example_setup_teardown_taskflow.py
[2023-06-14T15:05:26.449+0000] {processor.py:826} INFO - Processing file /usr/local/lib/python3.8/dist-packages/airflow/example_dags/example_setup_teardown_taskflow.py for tasks to queue
[2023-06-14T15:05:26.451+0000] {logging_mixin.py:149} INFO - [2023-06-14T15:05:26.451+0000] {dagbag.py:541} INFO - Filling up the DagBag from /usr/local/lib/python3.8/dist-packages/airflow/example_dags/example_setup_teardown_taskflow.py
[2023-06-14T15:05:26.453+0000] {processor.py:838} WARNING - No viable dags retrieved from /usr/local/lib/python3.8/dist-packages/airflow/example_dags/example_setup_teardown_taskflow.py
[2023-06-14T15:05:26.465+0000] {processor.py:179} INFO - Processing /usr/local/lib/python3.8/dist-packages/airflow/example_dags/example_setup_teardown_taskflow.py took 0.022 seconds
[2023-06-14T15:06:20.502+0000] {processor.py:157} INFO - Started process (PID=13143) to work on /usr/local/lib/python3.8/dist-packages/airflow/example_dags/example_setup_teardown_taskflow.py
[2023-06-14T15:06:20.504+0000] {processor.py:826} INFO - Processing file /usr/local/lib/python3.8/dist-packages/airflow/example_dags/example_setup_teardown_taskflow.py for tasks to queue
[2023-06-14T15:06:20.507+0000] {logging_mixin.py:149} INFO - [2023-06-14T15:06:20.507+0000] {dagbag.py:541} INFO - Filling up the DagBag from /usr/local/lib/python3.8/dist-packages/airflow/example_dags/example_setup_teardown_taskflow.py
[2023-06-14T15:06:20.509+0000] {processor.py:838} WARNING - No viable dags retrieved from /usr/local/lib/python3.8/dist-packages/airflow/example_dags/example_setup_teardown_taskflow.py
[2023-06-14T15:06:20.520+0000] {processor.py:179} INFO - Processing /usr/local/lib/python3.8/dist-packages/airflow/example_dags/example_setup_teardown_taskflow.py took 0.022 seconds
[2023-06-14T15:07:10.554+0000] {processor.py:157} INFO - Started process (PID=13406) to work on /usr/local/lib/python3.8/dist-packages/airflow/example_dags/example_setup_teardown_taskflow.py
[2023-06-14T15:07:10.555+0000] {processor.py:826} INFO - Processing file /usr/local/lib/python3.8/dist-packages/airflow/example_dags/example_setup_teardown_taskflow.py for tasks to queue
[2023-06-14T15:07:10.559+0000] {logging_mixin.py:149} INFO - [2023-06-14T15:07:10.559+0000] {dagbag.py:541} INFO - Filling up the DagBag from /usr/local/lib/python3.8/dist-packages/airflow/example_dags/example_setup_teardown_taskflow.py
[2023-06-14T15:07:10.561+0000] {processor.py:838} WARNING - No viable dags retrieved from /usr/local/lib/python3.8/dist-packages/airflow/example_dags/example_setup_teardown_taskflow.py
[2023-06-14T15:07:10.574+0000] {processor.py:179} INFO - Processing /usr/local/lib/python3.8/dist-packages/airflow/example_dags/example_setup_teardown_taskflow.py took 0.024 seconds
[2023-06-14T15:08:02.028+0000] {processor.py:157} INFO - Started process (PID=13570) to work on /usr/local/lib/python3.8/dist-packages/airflow/example_dags/example_setup_teardown_taskflow.py
[2023-06-14T15:08:02.030+0000] {processor.py:826} INFO - Processing file /usr/local/lib/python3.8/dist-packages/airflow/example_dags/example_setup_teardown_taskflow.py for tasks to queue
[2023-06-14T15:08:02.032+0000] {logging_mixin.py:149} INFO - [2023-06-14T15:08:02.032+0000] {dagbag.py:541} INFO - Filling up the DagBag from /usr/local/lib/python3.8/dist-packages/airflow/example_dags/example_setup_teardown_taskflow.py
[2023-06-14T15:08:02.034+0000] {processor.py:838} WARNING - No viable dags retrieved from /usr/local/lib/python3.8/dist-packages/airflow/example_dags/example_setup_teardown_taskflow.py
[2023-06-14T15:08:02.046+0000] {processor.py:179} INFO - Processing /usr/local/lib/python3.8/dist-packages/airflow/example_dags/example_setup_teardown_taskflow.py took 0.022 seconds
[2023-06-14T15:08:52.467+0000] {processor.py:157} INFO - Started process (PID=13662) to work on /usr/local/lib/python3.8/dist-packages/airflow/example_dags/example_setup_teardown_taskflow.py
[2023-06-14T15:08:52.468+0000] {processor.py:826} INFO - Processing file /usr/local/lib/python3.8/dist-packages/airflow/example_dags/example_setup_teardown_taskflow.py for tasks to queue
[2023-06-14T15:08:52.471+0000] {logging_mixin.py:149} INFO - [2023-06-14T15:08:52.471+0000] {dagbag.py:541} INFO - Filling up the DagBag from /usr/local/lib/python3.8/dist-packages/airflow/example_dags/example_setup_teardown_taskflow.py
[2023-06-14T15:08:52.473+0000] {processor.py:838} WARNING - No viable dags retrieved from /usr/local/lib/python3.8/dist-packages/airflow/example_dags/example_setup_teardown_taskflow.py
[2023-06-14T15:08:52.484+0000] {processor.py:179} INFO - Processing /usr/local/lib/python3.8/dist-packages/airflow/example_dags/example_setup_teardown_taskflow.py took 0.021 seconds
[2023-06-14T15:09:41.424+0000] {processor.py:157} INFO - Started process (PID=13878) to work on /usr/local/lib/python3.8/dist-packages/airflow/example_dags/example_setup_teardown_taskflow.py
[2023-06-14T15:09:41.426+0000] {processor.py:826} INFO - Processing file /usr/local/lib/python3.8/dist-packages/airflow/example_dags/example_setup_teardown_taskflow.py for tasks to queue
[2023-06-14T15:09:41.429+0000] {logging_mixin.py:149} INFO - [2023-06-14T15:09:41.429+0000] {dagbag.py:541} INFO - Filling up the DagBag from /usr/local/lib/python3.8/dist-packages/airflow/example_dags/example_setup_teardown_taskflow.py
[2023-06-14T15:09:41.431+0000] {processor.py:838} WARNING - No viable dags retrieved from /usr/local/lib/python3.8/dist-packages/airflow/example_dags/example_setup_teardown_taskflow.py
[2023-06-14T15:09:41.442+0000] {processor.py:179} INFO - Processing /usr/local/lib/python3.8/dist-packages/airflow/example_dags/example_setup_teardown_taskflow.py took 0.022 seconds
[2023-06-14T15:10:35.087+0000] {processor.py:157} INFO - Started process (PID=14034) to work on /usr/local/lib/python3.8/dist-packages/airflow/example_dags/example_setup_teardown_taskflow.py
[2023-06-14T15:10:35.088+0000] {processor.py:826} INFO - Processing file /usr/local/lib/python3.8/dist-packages/airflow/example_dags/example_setup_teardown_taskflow.py for tasks to queue
[2023-06-14T15:10:35.091+0000] {logging_mixin.py:149} INFO - [2023-06-14T15:10:35.090+0000] {dagbag.py:541} INFO - Filling up the DagBag from /usr/local/lib/python3.8/dist-packages/airflow/example_dags/example_setup_teardown_taskflow.py
[2023-06-14T15:10:35.093+0000] {processor.py:838} WARNING - No viable dags retrieved from /usr/local/lib/python3.8/dist-packages/airflow/example_dags/example_setup_teardown_taskflow.py
[2023-06-14T15:10:35.105+0000] {processor.py:179} INFO - Processing /usr/local/lib/python3.8/dist-packages/airflow/example_dags/example_setup_teardown_taskflow.py took 0.022 seconds
[2023-06-14T15:11:18.099+0000] {processor.py:157} INFO - Started process (PID=14186) to work on /usr/local/lib/python3.8/dist-packages/airflow/example_dags/example_setup_teardown_taskflow.py
[2023-06-14T15:11:18.100+0000] {processor.py:826} INFO - Processing file /usr/local/lib/python3.8/dist-packages/airflow/example_dags/example_setup_teardown_taskflow.py for tasks to queue
[2023-06-14T15:11:18.103+0000] {logging_mixin.py:149} INFO - [2023-06-14T15:11:18.103+0000] {dagbag.py:541} INFO - Filling up the DagBag from /usr/local/lib/python3.8/dist-packages/airflow/example_dags/example_setup_teardown_taskflow.py
[2023-06-14T15:11:18.105+0000] {processor.py:838} WARNING - No viable dags retrieved from /usr/local/lib/python3.8/dist-packages/airflow/example_dags/example_setup_teardown_taskflow.py
[2023-06-14T15:11:18.120+0000] {processor.py:179} INFO - Processing /usr/local/lib/python3.8/dist-packages/airflow/example_dags/example_setup_teardown_taskflow.py took 0.025 seconds
[2023-06-14T15:12:12.717+0000] {processor.py:157} INFO - Started process (PID=14348) to work on /usr/local/lib/python3.8/dist-packages/airflow/example_dags/example_setup_teardown_taskflow.py
[2023-06-14T15:12:12.719+0000] {processor.py:826} INFO - Processing file /usr/local/lib/python3.8/dist-packages/airflow/example_dags/example_setup_teardown_taskflow.py for tasks to queue
[2023-06-14T15:12:12.722+0000] {logging_mixin.py:149} INFO - [2023-06-14T15:12:12.722+0000] {dagbag.py:541} INFO - Filling up the DagBag from /usr/local/lib/python3.8/dist-packages/airflow/example_dags/example_setup_teardown_taskflow.py
[2023-06-14T15:12:12.724+0000] {processor.py:838} WARNING - No viable dags retrieved from /usr/local/lib/python3.8/dist-packages/airflow/example_dags/example_setup_teardown_taskflow.py
[2023-06-14T15:12:12.735+0000] {processor.py:179} INFO - Processing /usr/local/lib/python3.8/dist-packages/airflow/example_dags/example_setup_teardown_taskflow.py took 0.022 seconds
[2023-06-14T15:13:04.452+0000] {processor.py:157} INFO - Started process (PID=14503) to work on /usr/local/lib/python3.8/dist-packages/airflow/example_dags/example_setup_teardown_taskflow.py
[2023-06-14T15:13:04.454+0000] {processor.py:826} INFO - Processing file /usr/local/lib/python3.8/dist-packages/airflow/example_dags/example_setup_teardown_taskflow.py for tasks to queue
[2023-06-14T15:13:04.456+0000] {logging_mixin.py:149} INFO - [2023-06-14T15:13:04.456+0000] {dagbag.py:541} INFO - Filling up the DagBag from /usr/local/lib/python3.8/dist-packages/airflow/example_dags/example_setup_teardown_taskflow.py
[2023-06-14T15:13:04.458+0000] {processor.py:838} WARNING - No viable dags retrieved from /usr/local/lib/python3.8/dist-packages/airflow/example_dags/example_setup_teardown_taskflow.py
[2023-06-14T15:13:04.470+0000] {processor.py:179} INFO - Processing /usr/local/lib/python3.8/dist-packages/airflow/example_dags/example_setup_teardown_taskflow.py took 0.021 seconds
[2023-06-14T15:13:55.053+0000] {processor.py:157} INFO - Started process (PID=14659) to work on /usr/local/lib/python3.8/dist-packages/airflow/example_dags/example_setup_teardown_taskflow.py
[2023-06-14T15:13:55.054+0000] {processor.py:826} INFO - Processing file /usr/local/lib/python3.8/dist-packages/airflow/example_dags/example_setup_teardown_taskflow.py for tasks to queue
[2023-06-14T15:13:55.057+0000] {logging_mixin.py:149} INFO - [2023-06-14T15:13:55.057+0000] {dagbag.py:541} INFO - Filling up the DagBag from /usr/local/lib/python3.8/dist-packages/airflow/example_dags/example_setup_teardown_taskflow.py
[2023-06-14T15:13:55.059+0000] {processor.py:838} WARNING - No viable dags retrieved from /usr/local/lib/python3.8/dist-packages/airflow/example_dags/example_setup_teardown_taskflow.py
[2023-06-14T15:13:55.071+0000] {processor.py:179} INFO - Processing /usr/local/lib/python3.8/dist-packages/airflow/example_dags/example_setup_teardown_taskflow.py took 0.022 seconds
[2023-06-14T15:14:42.585+0000] {processor.py:157} INFO - Started process (PID=14812) to work on /usr/local/lib/python3.8/dist-packages/airflow/example_dags/example_setup_teardown_taskflow.py
[2023-06-14T15:14:42.587+0000] {processor.py:826} INFO - Processing file /usr/local/lib/python3.8/dist-packages/airflow/example_dags/example_setup_teardown_taskflow.py for tasks to queue
[2023-06-14T15:14:42.591+0000] {logging_mixin.py:149} INFO - [2023-06-14T15:14:42.590+0000] {dagbag.py:541} INFO - Filling up the DagBag from /usr/local/lib/python3.8/dist-packages/airflow/example_dags/example_setup_teardown_taskflow.py
[2023-06-14T15:14:42.592+0000] {processor.py:838} WARNING - No viable dags retrieved from /usr/local/lib/python3.8/dist-packages/airflow/example_dags/example_setup_teardown_taskflow.py
[2023-06-14T15:14:42.604+0000] {processor.py:179} INFO - Processing /usr/local/lib/python3.8/dist-packages/airflow/example_dags/example_setup_teardown_taskflow.py took 0.023 seconds
[2023-06-14T15:15:35.444+0000] {processor.py:157} INFO - Started process (PID=14967) to work on /usr/local/lib/python3.8/dist-packages/airflow/example_dags/example_setup_teardown_taskflow.py
[2023-06-14T15:15:35.446+0000] {processor.py:826} INFO - Processing file /usr/local/lib/python3.8/dist-packages/airflow/example_dags/example_setup_teardown_taskflow.py for tasks to queue
[2023-06-14T15:15:35.448+0000] {logging_mixin.py:149} INFO - [2023-06-14T15:15:35.448+0000] {dagbag.py:541} INFO - Filling up the DagBag from /usr/local/lib/python3.8/dist-packages/airflow/example_dags/example_setup_teardown_taskflow.py
[2023-06-14T15:15:35.450+0000] {processor.py:838} WARNING - No viable dags retrieved from /usr/local/lib/python3.8/dist-packages/airflow/example_dags/example_setup_teardown_taskflow.py
[2023-06-14T15:15:35.462+0000] {processor.py:179} INFO - Processing /usr/local/lib/python3.8/dist-packages/airflow/example_dags/example_setup_teardown_taskflow.py took 0.022 seconds
