[2023-06-14T14:16:53.777+0000] {processor.py:157} INFO - Started process (PID=1926) to work on /usr/local/lib/python3.8/dist-packages/airflow/example_dags/example_params_trigger_ui.py
[2023-06-14T14:16:53.779+0000] {processor.py:826} INFO - Processing file /usr/local/lib/python3.8/dist-packages/airflow/example_dags/example_params_trigger_ui.py for tasks to queue
[2023-06-14T14:16:53.782+0000] {logging_mixin.py:149} INFO - [2023-06-14T14:16:53.782+0000] {dagbag.py:541} INFO - Filling up the DagBag from /usr/local/lib/python3.8/dist-packages/airflow/example_dags/example_params_trigger_ui.py
[2023-06-14T14:16:53.804+0000] {processor.py:836} INFO - DAG(s) dict_keys(['example_params_trigger_ui']) retrieved from /usr/local/lib/python3.8/dist-packages/airflow/example_dags/example_params_trigger_ui.py
[2023-06-14T14:16:53.814+0000] {logging_mixin.py:149} INFO - [2023-06-14T14:16:53.814+0000] {dag.py:2726} INFO - Sync 1 DAGs
[2023-06-14T14:16:53.835+0000] {logging_mixin.py:149} INFO - [2023-06-14T14:16:53.835+0000] {dag.py:3486} INFO - Setting next_dagrun for example_params_trigger_ui to None, run_after=None
[2023-06-14T14:16:53.862+0000] {processor.py:179} INFO - Processing /usr/local/lib/python3.8/dist-packages/airflow/example_dags/example_params_trigger_ui.py took 0.089 seconds
[2023-06-14T14:19:16.623+0000] {processor.py:157} INFO - Started process (PID=4053) to work on /usr/local/lib/python3.8/dist-packages/airflow/example_dags/example_params_trigger_ui.py
[2023-06-14T14:19:16.629+0000] {processor.py:826} INFO - Processing file /usr/local/lib/python3.8/dist-packages/airflow/example_dags/example_params_trigger_ui.py for tasks to queue
[2023-06-14T14:19:16.631+0000] {logging_mixin.py:149} INFO - [2023-06-14T14:19:16.631+0000] {dagbag.py:541} INFO - Filling up the DagBag from /usr/local/lib/python3.8/dist-packages/airflow/example_dags/example_params_trigger_ui.py
[2023-06-14T14:19:16.703+0000] {processor.py:836} INFO - DAG(s) dict_keys(['example_params_trigger_ui']) retrieved from /usr/local/lib/python3.8/dist-packages/airflow/example_dags/example_params_trigger_ui.py
[2023-06-14T14:19:16.951+0000] {logging_mixin.py:149} INFO - [2023-06-14T14:19:16.950+0000] {dag.py:2726} INFO - Sync 1 DAGs
[2023-06-14T14:19:17.018+0000] {logging_mixin.py:149} INFO - [2023-06-14T14:19:17.018+0000] {dag.py:3486} INFO - Setting next_dagrun for example_params_trigger_ui to None, run_after=None
[2023-06-14T14:19:17.143+0000] {processor.py:179} INFO - Processing /usr/local/lib/python3.8/dist-packages/airflow/example_dags/example_params_trigger_ui.py took 0.524 seconds
[2023-06-14T14:20:05.477+0000] {processor.py:157} INFO - Started process (PID=4271) to work on /usr/local/lib/python3.8/dist-packages/airflow/example_dags/example_params_trigger_ui.py
[2023-06-14T14:20:05.479+0000] {processor.py:826} INFO - Processing file /usr/local/lib/python3.8/dist-packages/airflow/example_dags/example_params_trigger_ui.py for tasks to queue
[2023-06-14T14:20:05.481+0000] {logging_mixin.py:149} INFO - [2023-06-14T14:20:05.481+0000] {dagbag.py:541} INFO - Filling up the DagBag from /usr/local/lib/python3.8/dist-packages/airflow/example_dags/example_params_trigger_ui.py
[2023-06-14T14:20:05.504+0000] {processor.py:836} INFO - DAG(s) dict_keys(['example_params_trigger_ui']) retrieved from /usr/local/lib/python3.8/dist-packages/airflow/example_dags/example_params_trigger_ui.py
[2023-06-14T14:20:05.576+0000] {logging_mixin.py:149} INFO - [2023-06-14T14:20:05.575+0000] {dag.py:2726} INFO - Sync 1 DAGs
[2023-06-14T14:20:05.596+0000] {logging_mixin.py:149} INFO - [2023-06-14T14:20:05.596+0000] {dag.py:3486} INFO - Setting next_dagrun for example_params_trigger_ui to None, run_after=None
[2023-06-14T14:20:05.623+0000] {processor.py:179} INFO - Processing /usr/local/lib/python3.8/dist-packages/airflow/example_dags/example_params_trigger_ui.py took 0.150 seconds
[2023-06-14T14:20:53.187+0000] {processor.py:157} INFO - Started process (PID=4421) to work on /usr/local/lib/python3.8/dist-packages/airflow/example_dags/example_params_trigger_ui.py
[2023-06-14T14:20:53.189+0000] {processor.py:826} INFO - Processing file /usr/local/lib/python3.8/dist-packages/airflow/example_dags/example_params_trigger_ui.py for tasks to queue
[2023-06-14T14:20:53.191+0000] {logging_mixin.py:149} INFO - [2023-06-14T14:20:53.191+0000] {dagbag.py:541} INFO - Filling up the DagBag from /usr/local/lib/python3.8/dist-packages/airflow/example_dags/example_params_trigger_ui.py
[2023-06-14T14:20:53.214+0000] {processor.py:836} INFO - DAG(s) dict_keys(['example_params_trigger_ui']) retrieved from /usr/local/lib/python3.8/dist-packages/airflow/example_dags/example_params_trigger_ui.py
[2023-06-14T14:20:53.285+0000] {logging_mixin.py:149} INFO - [2023-06-14T14:20:53.284+0000] {dag.py:2726} INFO - Sync 1 DAGs
[2023-06-14T14:20:53.306+0000] {logging_mixin.py:149} INFO - [2023-06-14T14:20:53.306+0000] {dag.py:3486} INFO - Setting next_dagrun for example_params_trigger_ui to None, run_after=None
[2023-06-14T14:20:53.371+0000] {processor.py:179} INFO - Processing /usr/local/lib/python3.8/dist-packages/airflow/example_dags/example_params_trigger_ui.py took 0.188 seconds
[2023-06-14T14:21:46.675+0000] {processor.py:157} INFO - Started process (PID=4474) to work on /usr/local/lib/python3.8/dist-packages/airflow/example_dags/example_params_trigger_ui.py
[2023-06-14T14:21:46.677+0000] {processor.py:826} INFO - Processing file /usr/local/lib/python3.8/dist-packages/airflow/example_dags/example_params_trigger_ui.py for tasks to queue
[2023-06-14T14:21:46.679+0000] {logging_mixin.py:149} INFO - [2023-06-14T14:21:46.679+0000] {dagbag.py:541} INFO - Filling up the DagBag from /usr/local/lib/python3.8/dist-packages/airflow/example_dags/example_params_trigger_ui.py
[2023-06-14T14:21:46.702+0000] {processor.py:836} INFO - DAG(s) dict_keys(['example_params_trigger_ui']) retrieved from /usr/local/lib/python3.8/dist-packages/airflow/example_dags/example_params_trigger_ui.py
[2023-06-14T14:21:46.779+0000] {logging_mixin.py:149} INFO - [2023-06-14T14:21:46.778+0000] {dag.py:2726} INFO - Sync 1 DAGs
[2023-06-14T14:21:46.800+0000] {logging_mixin.py:149} INFO - [2023-06-14T14:21:46.800+0000] {dag.py:3486} INFO - Setting next_dagrun for example_params_trigger_ui to None, run_after=None
[2023-06-14T14:21:46.828+0000] {processor.py:179} INFO - Processing /usr/local/lib/python3.8/dist-packages/airflow/example_dags/example_params_trigger_ui.py took 0.157 seconds
[2023-06-14T14:22:39.778+0000] {processor.py:157} INFO - Started process (PID=4636) to work on /usr/local/lib/python3.8/dist-packages/airflow/example_dags/example_params_trigger_ui.py
[2023-06-14T14:22:39.780+0000] {processor.py:826} INFO - Processing file /usr/local/lib/python3.8/dist-packages/airflow/example_dags/example_params_trigger_ui.py for tasks to queue
[2023-06-14T14:22:39.782+0000] {logging_mixin.py:149} INFO - [2023-06-14T14:22:39.782+0000] {dagbag.py:541} INFO - Filling up the DagBag from /usr/local/lib/python3.8/dist-packages/airflow/example_dags/example_params_trigger_ui.py
[2023-06-14T14:22:39.804+0000] {processor.py:836} INFO - DAG(s) dict_keys(['example_params_trigger_ui']) retrieved from /usr/local/lib/python3.8/dist-packages/airflow/example_dags/example_params_trigger_ui.py
[2023-06-14T14:22:39.876+0000] {logging_mixin.py:149} INFO - [2023-06-14T14:22:39.875+0000] {dag.py:2726} INFO - Sync 1 DAGs
[2023-06-14T14:22:39.896+0000] {logging_mixin.py:149} INFO - [2023-06-14T14:22:39.896+0000] {dag.py:3486} INFO - Setting next_dagrun for example_params_trigger_ui to None, run_after=None
[2023-06-14T14:22:39.923+0000] {processor.py:179} INFO - Processing /usr/local/lib/python3.8/dist-packages/airflow/example_dags/example_params_trigger_ui.py took 0.149 seconds
[2023-06-14T14:23:27.339+0000] {processor.py:157} INFO - Started process (PID=4790) to work on /usr/local/lib/python3.8/dist-packages/airflow/example_dags/example_params_trigger_ui.py
[2023-06-14T14:23:27.341+0000] {processor.py:826} INFO - Processing file /usr/local/lib/python3.8/dist-packages/airflow/example_dags/example_params_trigger_ui.py for tasks to queue
[2023-06-14T14:23:27.343+0000] {logging_mixin.py:149} INFO - [2023-06-14T14:23:27.343+0000] {dagbag.py:541} INFO - Filling up the DagBag from /usr/local/lib/python3.8/dist-packages/airflow/example_dags/example_params_trigger_ui.py
[2023-06-14T14:23:27.366+0000] {processor.py:836} INFO - DAG(s) dict_keys(['example_params_trigger_ui']) retrieved from /usr/local/lib/python3.8/dist-packages/airflow/example_dags/example_params_trigger_ui.py
[2023-06-14T14:23:27.438+0000] {logging_mixin.py:149} INFO - [2023-06-14T14:23:27.437+0000] {dag.py:2726} INFO - Sync 1 DAGs
[2023-06-14T14:23:27.460+0000] {logging_mixin.py:149} INFO - [2023-06-14T14:23:27.459+0000] {dag.py:3486} INFO - Setting next_dagrun for example_params_trigger_ui to None, run_after=None
[2023-06-14T14:23:27.624+0000] {processor.py:179} INFO - Processing /usr/local/lib/python3.8/dist-packages/airflow/example_dags/example_params_trigger_ui.py took 0.288 seconds
[2023-06-14T14:24:19.929+0000] {processor.py:157} INFO - Started process (PID=5047) to work on /usr/local/lib/python3.8/dist-packages/airflow/example_dags/example_params_trigger_ui.py
[2023-06-14T14:24:19.931+0000] {processor.py:826} INFO - Processing file /usr/local/lib/python3.8/dist-packages/airflow/example_dags/example_params_trigger_ui.py for tasks to queue
[2023-06-14T14:24:19.934+0000] {logging_mixin.py:149} INFO - [2023-06-14T14:24:19.933+0000] {dagbag.py:541} INFO - Filling up the DagBag from /usr/local/lib/python3.8/dist-packages/airflow/example_dags/example_params_trigger_ui.py
[2023-06-14T14:24:19.957+0000] {processor.py:836} INFO - DAG(s) dict_keys(['example_params_trigger_ui']) retrieved from /usr/local/lib/python3.8/dist-packages/airflow/example_dags/example_params_trigger_ui.py
[2023-06-14T14:24:20.028+0000] {logging_mixin.py:149} INFO - [2023-06-14T14:24:20.027+0000] {dag.py:2726} INFO - Sync 1 DAGs
[2023-06-14T14:24:20.048+0000] {logging_mixin.py:149} INFO - [2023-06-14T14:24:20.048+0000] {dag.py:3486} INFO - Setting next_dagrun for example_params_trigger_ui to None, run_after=None
[2023-06-14T14:24:20.080+0000] {processor.py:179} INFO - Processing /usr/local/lib/python3.8/dist-packages/airflow/example_dags/example_params_trigger_ui.py took 0.155 seconds
[2023-06-14T14:25:08.654+0000] {processor.py:157} INFO - Started process (PID=5203) to work on /usr/local/lib/python3.8/dist-packages/airflow/example_dags/example_params_trigger_ui.py
[2023-06-14T14:25:08.655+0000] {processor.py:826} INFO - Processing file /usr/local/lib/python3.8/dist-packages/airflow/example_dags/example_params_trigger_ui.py for tasks to queue
[2023-06-14T14:25:08.657+0000] {logging_mixin.py:149} INFO - [2023-06-14T14:25:08.657+0000] {dagbag.py:541} INFO - Filling up the DagBag from /usr/local/lib/python3.8/dist-packages/airflow/example_dags/example_params_trigger_ui.py
[2023-06-14T14:25:08.679+0000] {processor.py:836} INFO - DAG(s) dict_keys(['example_params_trigger_ui']) retrieved from /usr/local/lib/python3.8/dist-packages/airflow/example_dags/example_params_trigger_ui.py
[2023-06-14T14:25:08.752+0000] {logging_mixin.py:149} INFO - [2023-06-14T14:25:08.751+0000] {dag.py:2726} INFO - Sync 1 DAGs
[2023-06-14T14:25:08.772+0000] {logging_mixin.py:149} INFO - [2023-06-14T14:25:08.772+0000] {dag.py:3486} INFO - Setting next_dagrun for example_params_trigger_ui to None, run_after=None
[2023-06-14T14:25:08.801+0000] {processor.py:179} INFO - Processing /usr/local/lib/python3.8/dist-packages/airflow/example_dags/example_params_trigger_ui.py took 0.151 seconds
[2023-06-14T14:25:58.782+0000] {processor.py:157} INFO - Started process (PID=5356) to work on /usr/local/lib/python3.8/dist-packages/airflow/example_dags/example_params_trigger_ui.py
[2023-06-14T14:25:58.783+0000] {processor.py:826} INFO - Processing file /usr/local/lib/python3.8/dist-packages/airflow/example_dags/example_params_trigger_ui.py for tasks to queue
[2023-06-14T14:25:58.785+0000] {logging_mixin.py:149} INFO - [2023-06-14T14:25:58.785+0000] {dagbag.py:541} INFO - Filling up the DagBag from /usr/local/lib/python3.8/dist-packages/airflow/example_dags/example_params_trigger_ui.py
[2023-06-14T14:25:58.807+0000] {processor.py:836} INFO - DAG(s) dict_keys(['example_params_trigger_ui']) retrieved from /usr/local/lib/python3.8/dist-packages/airflow/example_dags/example_params_trigger_ui.py
[2023-06-14T14:25:58.877+0000] {logging_mixin.py:149} INFO - [2023-06-14T14:25:58.876+0000] {dag.py:2726} INFO - Sync 1 DAGs
[2023-06-14T14:25:58.897+0000] {logging_mixin.py:149} INFO - [2023-06-14T14:25:58.897+0000] {dag.py:3486} INFO - Setting next_dagrun for example_params_trigger_ui to None, run_after=None
[2023-06-14T14:25:58.922+0000] {processor.py:179} INFO - Processing /usr/local/lib/python3.8/dist-packages/airflow/example_dags/example_params_trigger_ui.py took 0.145 seconds
[2023-06-14T14:26:50.376+0000] {processor.py:157} INFO - Started process (PID=5450) to work on /usr/local/lib/python3.8/dist-packages/airflow/example_dags/example_params_trigger_ui.py
[2023-06-14T14:26:50.377+0000] {processor.py:826} INFO - Processing file /usr/local/lib/python3.8/dist-packages/airflow/example_dags/example_params_trigger_ui.py for tasks to queue
[2023-06-14T14:26:50.380+0000] {logging_mixin.py:149} INFO - [2023-06-14T14:26:50.380+0000] {dagbag.py:541} INFO - Filling up the DagBag from /usr/local/lib/python3.8/dist-packages/airflow/example_dags/example_params_trigger_ui.py
[2023-06-14T14:26:50.401+0000] {processor.py:836} INFO - DAG(s) dict_keys(['example_params_trigger_ui']) retrieved from /usr/local/lib/python3.8/dist-packages/airflow/example_dags/example_params_trigger_ui.py
[2023-06-14T14:26:50.471+0000] {logging_mixin.py:149} INFO - [2023-06-14T14:26:50.471+0000] {dag.py:2726} INFO - Sync 1 DAGs
[2023-06-14T14:26:50.492+0000] {logging_mixin.py:149} INFO - [2023-06-14T14:26:50.492+0000] {dag.py:3486} INFO - Setting next_dagrun for example_params_trigger_ui to None, run_after=None
[2023-06-14T14:26:50.517+0000] {processor.py:179} INFO - Processing /usr/local/lib/python3.8/dist-packages/airflow/example_dags/example_params_trigger_ui.py took 0.144 seconds
[2023-06-14T14:27:43.074+0000] {processor.py:157} INFO - Started process (PID=5570) to work on /usr/local/lib/python3.8/dist-packages/airflow/example_dags/example_params_trigger_ui.py
[2023-06-14T14:27:43.075+0000] {processor.py:826} INFO - Processing file /usr/local/lib/python3.8/dist-packages/airflow/example_dags/example_params_trigger_ui.py for tasks to queue
[2023-06-14T14:27:43.078+0000] {logging_mixin.py:149} INFO - [2023-06-14T14:27:43.078+0000] {dagbag.py:541} INFO - Filling up the DagBag from /usr/local/lib/python3.8/dist-packages/airflow/example_dags/example_params_trigger_ui.py
[2023-06-14T14:27:43.100+0000] {processor.py:836} INFO - DAG(s) dict_keys(['example_params_trigger_ui']) retrieved from /usr/local/lib/python3.8/dist-packages/airflow/example_dags/example_params_trigger_ui.py
[2023-06-14T14:27:43.174+0000] {logging_mixin.py:149} INFO - [2023-06-14T14:27:43.174+0000] {dag.py:2726} INFO - Sync 1 DAGs
[2023-06-14T14:27:43.194+0000] {logging_mixin.py:149} INFO - [2023-06-14T14:27:43.194+0000] {dag.py:3486} INFO - Setting next_dagrun for example_params_trigger_ui to None, run_after=None
[2023-06-14T14:27:43.227+0000] {processor.py:179} INFO - Processing /usr/local/lib/python3.8/dist-packages/airflow/example_dags/example_params_trigger_ui.py took 0.156 seconds
[2023-06-14T14:28:37.758+0000] {processor.py:157} INFO - Started process (PID=5728) to work on /usr/local/lib/python3.8/dist-packages/airflow/example_dags/example_params_trigger_ui.py
[2023-06-14T14:28:37.760+0000] {processor.py:826} INFO - Processing file /usr/local/lib/python3.8/dist-packages/airflow/example_dags/example_params_trigger_ui.py for tasks to queue
[2023-06-14T14:28:37.762+0000] {logging_mixin.py:149} INFO - [2023-06-14T14:28:37.762+0000] {dagbag.py:541} INFO - Filling up the DagBag from /usr/local/lib/python3.8/dist-packages/airflow/example_dags/example_params_trigger_ui.py
[2023-06-14T14:28:37.784+0000] {processor.py:836} INFO - DAG(s) dict_keys(['example_params_trigger_ui']) retrieved from /usr/local/lib/python3.8/dist-packages/airflow/example_dags/example_params_trigger_ui.py
[2023-06-14T14:28:37.856+0000] {logging_mixin.py:149} INFO - [2023-06-14T14:28:37.855+0000] {dag.py:2726} INFO - Sync 1 DAGs
[2023-06-14T14:28:37.876+0000] {logging_mixin.py:149} INFO - [2023-06-14T14:28:37.876+0000] {dag.py:3486} INFO - Setting next_dagrun for example_params_trigger_ui to None, run_after=None
[2023-06-14T14:28:37.906+0000] {processor.py:179} INFO - Processing /usr/local/lib/python3.8/dist-packages/airflow/example_dags/example_params_trigger_ui.py took 0.152 seconds
[2023-06-14T14:29:26.434+0000] {processor.py:157} INFO - Started process (PID=5986) to work on /usr/local/lib/python3.8/dist-packages/airflow/example_dags/example_params_trigger_ui.py
[2023-06-14T14:29:26.436+0000] {processor.py:826} INFO - Processing file /usr/local/lib/python3.8/dist-packages/airflow/example_dags/example_params_trigger_ui.py for tasks to queue
[2023-06-14T14:29:26.438+0000] {logging_mixin.py:149} INFO - [2023-06-14T14:29:26.438+0000] {dagbag.py:541} INFO - Filling up the DagBag from /usr/local/lib/python3.8/dist-packages/airflow/example_dags/example_params_trigger_ui.py
[2023-06-14T14:29:26.460+0000] {processor.py:836} INFO - DAG(s) dict_keys(['example_params_trigger_ui']) retrieved from /usr/local/lib/python3.8/dist-packages/airflow/example_dags/example_params_trigger_ui.py
[2023-06-14T14:29:26.529+0000] {logging_mixin.py:149} INFO - [2023-06-14T14:29:26.529+0000] {dag.py:2726} INFO - Sync 1 DAGs
[2023-06-14T14:29:26.550+0000] {logging_mixin.py:149} INFO - [2023-06-14T14:29:26.550+0000] {dag.py:3486} INFO - Setting next_dagrun for example_params_trigger_ui to None, run_after=None
[2023-06-14T14:29:26.578+0000] {processor.py:179} INFO - Processing /usr/local/lib/python3.8/dist-packages/airflow/example_dags/example_params_trigger_ui.py took 0.148 seconds
[2023-06-14T14:30:22.860+0000] {processor.py:157} INFO - Started process (PID=6144) to work on /usr/local/lib/python3.8/dist-packages/airflow/example_dags/example_params_trigger_ui.py
[2023-06-14T14:30:22.862+0000] {processor.py:826} INFO - Processing file /usr/local/lib/python3.8/dist-packages/airflow/example_dags/example_params_trigger_ui.py for tasks to queue
[2023-06-14T14:30:22.864+0000] {logging_mixin.py:149} INFO - [2023-06-14T14:30:22.864+0000] {dagbag.py:541} INFO - Filling up the DagBag from /usr/local/lib/python3.8/dist-packages/airflow/example_dags/example_params_trigger_ui.py
[2023-06-14T14:30:22.886+0000] {processor.py:836} INFO - DAG(s) dict_keys(['example_params_trigger_ui']) retrieved from /usr/local/lib/python3.8/dist-packages/airflow/example_dags/example_params_trigger_ui.py
[2023-06-14T14:30:22.955+0000] {logging_mixin.py:149} INFO - [2023-06-14T14:30:22.954+0000] {dag.py:2726} INFO - Sync 1 DAGs
[2023-06-14T14:30:22.975+0000] {logging_mixin.py:149} INFO - [2023-06-14T14:30:22.975+0000] {dag.py:3486} INFO - Setting next_dagrun for example_params_trigger_ui to None, run_after=None
[2023-06-14T14:30:23.004+0000] {processor.py:179} INFO - Processing /usr/local/lib/python3.8/dist-packages/airflow/example_dags/example_params_trigger_ui.py took 0.148 seconds
[2023-06-14T14:31:16.784+0000] {processor.py:157} INFO - Started process (PID=6301) to work on /usr/local/lib/python3.8/dist-packages/airflow/example_dags/example_params_trigger_ui.py
[2023-06-14T14:31:16.785+0000] {processor.py:826} INFO - Processing file /usr/local/lib/python3.8/dist-packages/airflow/example_dags/example_params_trigger_ui.py for tasks to queue
[2023-06-14T14:31:16.788+0000] {logging_mixin.py:149} INFO - [2023-06-14T14:31:16.787+0000] {dagbag.py:541} INFO - Filling up the DagBag from /usr/local/lib/python3.8/dist-packages/airflow/example_dags/example_params_trigger_ui.py
[2023-06-14T14:31:16.809+0000] {processor.py:836} INFO - DAG(s) dict_keys(['example_params_trigger_ui']) retrieved from /usr/local/lib/python3.8/dist-packages/airflow/example_dags/example_params_trigger_ui.py
[2023-06-14T14:31:16.880+0000] {logging_mixin.py:149} INFO - [2023-06-14T14:31:16.879+0000] {dag.py:2726} INFO - Sync 1 DAGs
[2023-06-14T14:31:16.900+0000] {logging_mixin.py:149} INFO - [2023-06-14T14:31:16.899+0000] {dag.py:3486} INFO - Setting next_dagrun for example_params_trigger_ui to None, run_after=None
[2023-06-14T14:31:16.926+0000] {processor.py:179} INFO - Processing /usr/local/lib/python3.8/dist-packages/airflow/example_dags/example_params_trigger_ui.py took 0.146 seconds
[2023-06-14T14:32:07.219+0000] {processor.py:157} INFO - Started process (PID=6463) to work on /usr/local/lib/python3.8/dist-packages/airflow/example_dags/example_params_trigger_ui.py
[2023-06-14T14:32:07.221+0000] {processor.py:826} INFO - Processing file /usr/local/lib/python3.8/dist-packages/airflow/example_dags/example_params_trigger_ui.py for tasks to queue
[2023-06-14T14:32:07.223+0000] {logging_mixin.py:149} INFO - [2023-06-14T14:32:07.223+0000] {dagbag.py:541} INFO - Filling up the DagBag from /usr/local/lib/python3.8/dist-packages/airflow/example_dags/example_params_trigger_ui.py
[2023-06-14T14:32:07.245+0000] {processor.py:836} INFO - DAG(s) dict_keys(['example_params_trigger_ui']) retrieved from /usr/local/lib/python3.8/dist-packages/airflow/example_dags/example_params_trigger_ui.py
[2023-06-14T14:32:07.317+0000] {logging_mixin.py:149} INFO - [2023-06-14T14:32:07.316+0000] {dag.py:2726} INFO - Sync 1 DAGs
[2023-06-14T14:32:07.337+0000] {logging_mixin.py:149} INFO - [2023-06-14T14:32:07.337+0000] {dag.py:3486} INFO - Setting next_dagrun for example_params_trigger_ui to None, run_after=None
[2023-06-14T14:32:07.363+0000] {processor.py:179} INFO - Processing /usr/local/lib/python3.8/dist-packages/airflow/example_dags/example_params_trigger_ui.py took 0.148 seconds
[2023-06-14T14:32:58.511+0000] {processor.py:157} INFO - Started process (PID=6618) to work on /usr/local/lib/python3.8/dist-packages/airflow/example_dags/example_params_trigger_ui.py
[2023-06-14T14:32:58.512+0000] {processor.py:826} INFO - Processing file /usr/local/lib/python3.8/dist-packages/airflow/example_dags/example_params_trigger_ui.py for tasks to queue
[2023-06-14T14:32:58.515+0000] {logging_mixin.py:149} INFO - [2023-06-14T14:32:58.514+0000] {dagbag.py:541} INFO - Filling up the DagBag from /usr/local/lib/python3.8/dist-packages/airflow/example_dags/example_params_trigger_ui.py
[2023-06-14T14:32:58.537+0000] {processor.py:836} INFO - DAG(s) dict_keys(['example_params_trigger_ui']) retrieved from /usr/local/lib/python3.8/dist-packages/airflow/example_dags/example_params_trigger_ui.py
[2023-06-14T14:32:58.608+0000] {logging_mixin.py:149} INFO - [2023-06-14T14:32:58.607+0000] {dag.py:2726} INFO - Sync 1 DAGs
[2023-06-14T14:32:58.629+0000] {logging_mixin.py:149} INFO - [2023-06-14T14:32:58.629+0000] {dag.py:3486} INFO - Setting next_dagrun for example_params_trigger_ui to None, run_after=None
[2023-06-14T14:32:58.656+0000] {processor.py:179} INFO - Processing /usr/local/lib/python3.8/dist-packages/airflow/example_dags/example_params_trigger_ui.py took 0.150 seconds
[2023-06-14T14:33:49.338+0000] {processor.py:157} INFO - Started process (PID=6670) to work on /usr/local/lib/python3.8/dist-packages/airflow/example_dags/example_params_trigger_ui.py
[2023-06-14T14:33:49.339+0000] {processor.py:826} INFO - Processing file /usr/local/lib/python3.8/dist-packages/airflow/example_dags/example_params_trigger_ui.py for tasks to queue
[2023-06-14T14:33:49.342+0000] {logging_mixin.py:149} INFO - [2023-06-14T14:33:49.342+0000] {dagbag.py:541} INFO - Filling up the DagBag from /usr/local/lib/python3.8/dist-packages/airflow/example_dags/example_params_trigger_ui.py
[2023-06-14T14:33:49.364+0000] {processor.py:836} INFO - DAG(s) dict_keys(['example_params_trigger_ui']) retrieved from /usr/local/lib/python3.8/dist-packages/airflow/example_dags/example_params_trigger_ui.py
[2023-06-14T14:33:49.435+0000] {logging_mixin.py:149} INFO - [2023-06-14T14:33:49.434+0000] {dag.py:2726} INFO - Sync 1 DAGs
[2023-06-14T14:33:49.455+0000] {logging_mixin.py:149} INFO - [2023-06-14T14:33:49.454+0000] {dag.py:3486} INFO - Setting next_dagrun for example_params_trigger_ui to None, run_after=None
[2023-06-14T14:33:49.483+0000] {processor.py:179} INFO - Processing /usr/local/lib/python3.8/dist-packages/airflow/example_dags/example_params_trigger_ui.py took 0.149 seconds
[2023-06-14T14:34:44.954+0000] {processor.py:157} INFO - Started process (PID=6930) to work on /usr/local/lib/python3.8/dist-packages/airflow/example_dags/example_params_trigger_ui.py
[2023-06-14T14:34:44.955+0000] {processor.py:826} INFO - Processing file /usr/local/lib/python3.8/dist-packages/airflow/example_dags/example_params_trigger_ui.py for tasks to queue
[2023-06-14T14:34:44.957+0000] {logging_mixin.py:149} INFO - [2023-06-14T14:34:44.957+0000] {dagbag.py:541} INFO - Filling up the DagBag from /usr/local/lib/python3.8/dist-packages/airflow/example_dags/example_params_trigger_ui.py
[2023-06-14T14:34:44.980+0000] {processor.py:836} INFO - DAG(s) dict_keys(['example_params_trigger_ui']) retrieved from /usr/local/lib/python3.8/dist-packages/airflow/example_dags/example_params_trigger_ui.py
[2023-06-14T14:34:45.051+0000] {logging_mixin.py:149} INFO - [2023-06-14T14:34:45.050+0000] {dag.py:2726} INFO - Sync 1 DAGs
[2023-06-14T14:34:45.071+0000] {logging_mixin.py:149} INFO - [2023-06-14T14:34:45.071+0000] {dag.py:3486} INFO - Setting next_dagrun for example_params_trigger_ui to None, run_after=None
[2023-06-14T14:34:45.104+0000] {processor.py:179} INFO - Processing /usr/local/lib/python3.8/dist-packages/airflow/example_dags/example_params_trigger_ui.py took 0.155 seconds
[2023-06-14T14:35:36.683+0000] {processor.py:157} INFO - Started process (PID=7090) to work on /usr/local/lib/python3.8/dist-packages/airflow/example_dags/example_params_trigger_ui.py
[2023-06-14T14:35:36.685+0000] {processor.py:826} INFO - Processing file /usr/local/lib/python3.8/dist-packages/airflow/example_dags/example_params_trigger_ui.py for tasks to queue
[2023-06-14T14:35:36.687+0000] {logging_mixin.py:149} INFO - [2023-06-14T14:35:36.687+0000] {dagbag.py:541} INFO - Filling up the DagBag from /usr/local/lib/python3.8/dist-packages/airflow/example_dags/example_params_trigger_ui.py
[2023-06-14T14:35:36.709+0000] {processor.py:836} INFO - DAG(s) dict_keys(['example_params_trigger_ui']) retrieved from /usr/local/lib/python3.8/dist-packages/airflow/example_dags/example_params_trigger_ui.py
[2023-06-14T14:35:36.779+0000] {logging_mixin.py:149} INFO - [2023-06-14T14:35:36.778+0000] {dag.py:2726} INFO - Sync 1 DAGs
[2023-06-14T14:35:36.799+0000] {logging_mixin.py:149} INFO - [2023-06-14T14:35:36.799+0000] {dag.py:3486} INFO - Setting next_dagrun for example_params_trigger_ui to None, run_after=None
[2023-06-14T14:35:36.826+0000] {processor.py:179} INFO - Processing /usr/local/lib/python3.8/dist-packages/airflow/example_dags/example_params_trigger_ui.py took 0.146 seconds
[2023-06-14T14:36:27.651+0000] {processor.py:157} INFO - Started process (PID=7246) to work on /usr/local/lib/python3.8/dist-packages/airflow/example_dags/example_params_trigger_ui.py
[2023-06-14T14:36:27.653+0000] {processor.py:826} INFO - Processing file /usr/local/lib/python3.8/dist-packages/airflow/example_dags/example_params_trigger_ui.py for tasks to queue
[2023-06-14T14:36:27.655+0000] {logging_mixin.py:149} INFO - [2023-06-14T14:36:27.655+0000] {dagbag.py:541} INFO - Filling up the DagBag from /usr/local/lib/python3.8/dist-packages/airflow/example_dags/example_params_trigger_ui.py
[2023-06-14T14:36:27.677+0000] {processor.py:836} INFO - DAG(s) dict_keys(['example_params_trigger_ui']) retrieved from /usr/local/lib/python3.8/dist-packages/airflow/example_dags/example_params_trigger_ui.py
[2023-06-14T14:36:27.747+0000] {logging_mixin.py:149} INFO - [2023-06-14T14:36:27.747+0000] {dag.py:2726} INFO - Sync 1 DAGs
[2023-06-14T14:36:27.768+0000] {logging_mixin.py:149} INFO - [2023-06-14T14:36:27.768+0000] {dag.py:3486} INFO - Setting next_dagrun for example_params_trigger_ui to None, run_after=None
[2023-06-14T14:36:27.795+0000] {processor.py:179} INFO - Processing /usr/local/lib/python3.8/dist-packages/airflow/example_dags/example_params_trigger_ui.py took 0.147 seconds
[2023-06-14T14:37:19.557+0000] {processor.py:157} INFO - Started process (PID=7407) to work on /usr/local/lib/python3.8/dist-packages/airflow/example_dags/example_params_trigger_ui.py
[2023-06-14T14:37:19.559+0000] {processor.py:826} INFO - Processing file /usr/local/lib/python3.8/dist-packages/airflow/example_dags/example_params_trigger_ui.py for tasks to queue
[2023-06-14T14:37:19.561+0000] {logging_mixin.py:149} INFO - [2023-06-14T14:37:19.561+0000] {dagbag.py:541} INFO - Filling up the DagBag from /usr/local/lib/python3.8/dist-packages/airflow/example_dags/example_params_trigger_ui.py
[2023-06-14T14:37:19.583+0000] {processor.py:836} INFO - DAG(s) dict_keys(['example_params_trigger_ui']) retrieved from /usr/local/lib/python3.8/dist-packages/airflow/example_dags/example_params_trigger_ui.py
[2023-06-14T14:37:19.653+0000] {logging_mixin.py:149} INFO - [2023-06-14T14:37:19.652+0000] {dag.py:2726} INFO - Sync 1 DAGs
[2023-06-14T14:37:19.673+0000] {logging_mixin.py:149} INFO - [2023-06-14T14:37:19.673+0000] {dag.py:3486} INFO - Setting next_dagrun for example_params_trigger_ui to None, run_after=None
[2023-06-14T14:37:19.701+0000] {processor.py:179} INFO - Processing /usr/local/lib/python3.8/dist-packages/airflow/example_dags/example_params_trigger_ui.py took 0.148 seconds
[2023-06-14T14:38:11.611+0000] {processor.py:157} INFO - Started process (PID=7563) to work on /usr/local/lib/python3.8/dist-packages/airflow/example_dags/example_params_trigger_ui.py
[2023-06-14T14:38:11.613+0000] {processor.py:826} INFO - Processing file /usr/local/lib/python3.8/dist-packages/airflow/example_dags/example_params_trigger_ui.py for tasks to queue
[2023-06-14T14:38:11.616+0000] {logging_mixin.py:149} INFO - [2023-06-14T14:38:11.616+0000] {dagbag.py:541} INFO - Filling up the DagBag from /usr/local/lib/python3.8/dist-packages/airflow/example_dags/example_params_trigger_ui.py
[2023-06-14T14:38:11.638+0000] {processor.py:836} INFO - DAG(s) dict_keys(['example_params_trigger_ui']) retrieved from /usr/local/lib/python3.8/dist-packages/airflow/example_dags/example_params_trigger_ui.py
[2023-06-14T14:38:11.715+0000] {logging_mixin.py:149} INFO - [2023-06-14T14:38:11.714+0000] {dag.py:2726} INFO - Sync 1 DAGs
[2023-06-14T14:38:11.736+0000] {logging_mixin.py:149} INFO - [2023-06-14T14:38:11.736+0000] {dag.py:3486} INFO - Setting next_dagrun for example_params_trigger_ui to None, run_after=None
[2023-06-14T14:38:11.771+0000] {processor.py:179} INFO - Processing /usr/local/lib/python3.8/dist-packages/airflow/example_dags/example_params_trigger_ui.py took 0.163 seconds
[2023-06-14T14:39:00.717+0000] {processor.py:157} INFO - Started process (PID=7716) to work on /usr/local/lib/python3.8/dist-packages/airflow/example_dags/example_params_trigger_ui.py
[2023-06-14T14:39:00.719+0000] {processor.py:826} INFO - Processing file /usr/local/lib/python3.8/dist-packages/airflow/example_dags/example_params_trigger_ui.py for tasks to queue
[2023-06-14T14:39:00.721+0000] {logging_mixin.py:149} INFO - [2023-06-14T14:39:00.721+0000] {dagbag.py:541} INFO - Filling up the DagBag from /usr/local/lib/python3.8/dist-packages/airflow/example_dags/example_params_trigger_ui.py
[2023-06-14T14:39:00.743+0000] {processor.py:836} INFO - DAG(s) dict_keys(['example_params_trigger_ui']) retrieved from /usr/local/lib/python3.8/dist-packages/airflow/example_dags/example_params_trigger_ui.py
[2023-06-14T14:39:00.813+0000] {logging_mixin.py:149} INFO - [2023-06-14T14:39:00.812+0000] {dag.py:2726} INFO - Sync 1 DAGs
[2023-06-14T14:39:00.834+0000] {logging_mixin.py:149} INFO - [2023-06-14T14:39:00.834+0000] {dag.py:3486} INFO - Setting next_dagrun for example_params_trigger_ui to None, run_after=None
[2023-06-14T14:39:00.862+0000] {processor.py:179} INFO - Processing /usr/local/lib/python3.8/dist-packages/airflow/example_dags/example_params_trigger_ui.py took 0.149 seconds
[2023-06-14T14:39:48.891+0000] {processor.py:157} INFO - Started process (PID=7766) to work on /usr/local/lib/python3.8/dist-packages/airflow/example_dags/example_params_trigger_ui.py
[2023-06-14T14:39:48.892+0000] {processor.py:826} INFO - Processing file /usr/local/lib/python3.8/dist-packages/airflow/example_dags/example_params_trigger_ui.py for tasks to queue
[2023-06-14T14:39:48.895+0000] {logging_mixin.py:149} INFO - [2023-06-14T14:39:48.894+0000] {dagbag.py:541} INFO - Filling up the DagBag from /usr/local/lib/python3.8/dist-packages/airflow/example_dags/example_params_trigger_ui.py
[2023-06-14T14:39:48.916+0000] {processor.py:836} INFO - DAG(s) dict_keys(['example_params_trigger_ui']) retrieved from /usr/local/lib/python3.8/dist-packages/airflow/example_dags/example_params_trigger_ui.py
[2023-06-14T14:39:48.987+0000] {logging_mixin.py:149} INFO - [2023-06-14T14:39:48.986+0000] {dag.py:2726} INFO - Sync 1 DAGs
[2023-06-14T14:39:49.007+0000] {logging_mixin.py:149} INFO - [2023-06-14T14:39:49.007+0000] {dag.py:3486} INFO - Setting next_dagrun for example_params_trigger_ui to None, run_after=None
[2023-06-14T14:39:49.033+0000] {processor.py:179} INFO - Processing /usr/local/lib/python3.8/dist-packages/airflow/example_dags/example_params_trigger_ui.py took 0.146 seconds
[2023-06-14T14:40:42.954+0000] {processor.py:157} INFO - Started process (PID=7923) to work on /usr/local/lib/python3.8/dist-packages/airflow/example_dags/example_params_trigger_ui.py
[2023-06-14T14:40:42.956+0000] {processor.py:826} INFO - Processing file /usr/local/lib/python3.8/dist-packages/airflow/example_dags/example_params_trigger_ui.py for tasks to queue
[2023-06-14T14:40:42.959+0000] {logging_mixin.py:149} INFO - [2023-06-14T14:40:42.959+0000] {dagbag.py:541} INFO - Filling up the DagBag from /usr/local/lib/python3.8/dist-packages/airflow/example_dags/example_params_trigger_ui.py
[2023-06-14T14:40:42.981+0000] {processor.py:836} INFO - DAG(s) dict_keys(['example_params_trigger_ui']) retrieved from /usr/local/lib/python3.8/dist-packages/airflow/example_dags/example_params_trigger_ui.py
[2023-06-14T14:40:43.052+0000] {logging_mixin.py:149} INFO - [2023-06-14T14:40:43.051+0000] {dag.py:2726} INFO - Sync 1 DAGs
[2023-06-14T14:40:43.072+0000] {logging_mixin.py:149} INFO - [2023-06-14T14:40:43.072+0000] {dag.py:3486} INFO - Setting next_dagrun for example_params_trigger_ui to None, run_after=None
[2023-06-14T14:40:43.099+0000] {processor.py:179} INFO - Processing /usr/local/lib/python3.8/dist-packages/airflow/example_dags/example_params_trigger_ui.py took 0.149 seconds
[2023-06-14T14:41:37.227+0000] {processor.py:157} INFO - Started process (PID=8081) to work on /usr/local/lib/python3.8/dist-packages/airflow/example_dags/example_params_trigger_ui.py
[2023-06-14T14:41:37.229+0000] {processor.py:826} INFO - Processing file /usr/local/lib/python3.8/dist-packages/airflow/example_dags/example_params_trigger_ui.py for tasks to queue
[2023-06-14T14:41:37.231+0000] {logging_mixin.py:149} INFO - [2023-06-14T14:41:37.231+0000] {dagbag.py:541} INFO - Filling up the DagBag from /usr/local/lib/python3.8/dist-packages/airflow/example_dags/example_params_trigger_ui.py
[2023-06-14T14:41:37.254+0000] {processor.py:836} INFO - DAG(s) dict_keys(['example_params_trigger_ui']) retrieved from /usr/local/lib/python3.8/dist-packages/airflow/example_dags/example_params_trigger_ui.py
[2023-06-14T14:41:37.324+0000] {logging_mixin.py:149} INFO - [2023-06-14T14:41:37.323+0000] {dag.py:2726} INFO - Sync 1 DAGs
[2023-06-14T14:41:37.345+0000] {logging_mixin.py:149} INFO - [2023-06-14T14:41:37.345+0000] {dag.py:3486} INFO - Setting next_dagrun for example_params_trigger_ui to None, run_after=None
[2023-06-14T14:41:37.372+0000] {processor.py:179} INFO - Processing /usr/local/lib/python3.8/dist-packages/airflow/example_dags/example_params_trigger_ui.py took 0.148 seconds
[2023-06-14T14:42:31.235+0000] {processor.py:157} INFO - Started process (PID=8243) to work on /usr/local/lib/python3.8/dist-packages/airflow/example_dags/example_params_trigger_ui.py
[2023-06-14T14:42:31.237+0000] {processor.py:826} INFO - Processing file /usr/local/lib/python3.8/dist-packages/airflow/example_dags/example_params_trigger_ui.py for tasks to queue
[2023-06-14T14:42:31.239+0000] {logging_mixin.py:149} INFO - [2023-06-14T14:42:31.239+0000] {dagbag.py:541} INFO - Filling up the DagBag from /usr/local/lib/python3.8/dist-packages/airflow/example_dags/example_params_trigger_ui.py
[2023-06-14T14:42:31.261+0000] {processor.py:836} INFO - DAG(s) dict_keys(['example_params_trigger_ui']) retrieved from /usr/local/lib/python3.8/dist-packages/airflow/example_dags/example_params_trigger_ui.py
[2023-06-14T14:42:31.331+0000] {logging_mixin.py:149} INFO - [2023-06-14T14:42:31.330+0000] {dag.py:2726} INFO - Sync 1 DAGs
[2023-06-14T14:42:31.350+0000] {logging_mixin.py:149} INFO - [2023-06-14T14:42:31.350+0000] {dag.py:3486} INFO - Setting next_dagrun for example_params_trigger_ui to None, run_after=None
[2023-06-14T14:42:31.377+0000] {processor.py:179} INFO - Processing /usr/local/lib/python3.8/dist-packages/airflow/example_dags/example_params_trigger_ui.py took 0.146 seconds
[2023-06-14T14:43:27.658+0000] {processor.py:157} INFO - Started process (PID=8401) to work on /usr/local/lib/python3.8/dist-packages/airflow/example_dags/example_params_trigger_ui.py
[2023-06-14T14:43:27.659+0000] {processor.py:826} INFO - Processing file /usr/local/lib/python3.8/dist-packages/airflow/example_dags/example_params_trigger_ui.py for tasks to queue
[2023-06-14T14:43:27.662+0000] {logging_mixin.py:149} INFO - [2023-06-14T14:43:27.662+0000] {dagbag.py:541} INFO - Filling up the DagBag from /usr/local/lib/python3.8/dist-packages/airflow/example_dags/example_params_trigger_ui.py
[2023-06-14T14:43:27.684+0000] {processor.py:836} INFO - DAG(s) dict_keys(['example_params_trigger_ui']) retrieved from /usr/local/lib/python3.8/dist-packages/airflow/example_dags/example_params_trigger_ui.py
[2023-06-14T14:43:27.756+0000] {logging_mixin.py:149} INFO - [2023-06-14T14:43:27.755+0000] {dag.py:2726} INFO - Sync 1 DAGs
[2023-06-14T14:43:27.776+0000] {logging_mixin.py:149} INFO - [2023-06-14T14:43:27.776+0000] {dag.py:3486} INFO - Setting next_dagrun for example_params_trigger_ui to None, run_after=None
[2023-06-14T14:43:27.803+0000] {processor.py:179} INFO - Processing /usr/local/lib/python3.8/dist-packages/airflow/example_dags/example_params_trigger_ui.py took 0.149 seconds
[2023-06-14T14:44:22.998+0000] {processor.py:157} INFO - Started process (PID=8660) to work on /usr/local/lib/python3.8/dist-packages/airflow/example_dags/example_params_trigger_ui.py
[2023-06-14T14:44:23.000+0000] {processor.py:826} INFO - Processing file /usr/local/lib/python3.8/dist-packages/airflow/example_dags/example_params_trigger_ui.py for tasks to queue
[2023-06-14T14:44:23.003+0000] {logging_mixin.py:149} INFO - [2023-06-14T14:44:23.003+0000] {dagbag.py:541} INFO - Filling up the DagBag from /usr/local/lib/python3.8/dist-packages/airflow/example_dags/example_params_trigger_ui.py
[2023-06-14T14:44:23.025+0000] {processor.py:836} INFO - DAG(s) dict_keys(['example_params_trigger_ui']) retrieved from /usr/local/lib/python3.8/dist-packages/airflow/example_dags/example_params_trigger_ui.py
[2023-06-14T14:44:23.097+0000] {logging_mixin.py:149} INFO - [2023-06-14T14:44:23.096+0000] {dag.py:2726} INFO - Sync 1 DAGs
[2023-06-14T14:44:23.118+0000] {logging_mixin.py:149} INFO - [2023-06-14T14:44:23.118+0000] {dag.py:3486} INFO - Setting next_dagrun for example_params_trigger_ui to None, run_after=None
[2023-06-14T14:44:23.145+0000] {processor.py:179} INFO - Processing /usr/local/lib/python3.8/dist-packages/airflow/example_dags/example_params_trigger_ui.py took 0.151 seconds
[2023-06-14T14:45:17.826+0000] {processor.py:157} INFO - Started process (PID=8818) to work on /usr/local/lib/python3.8/dist-packages/airflow/example_dags/example_params_trigger_ui.py
[2023-06-14T14:45:17.827+0000] {processor.py:826} INFO - Processing file /usr/local/lib/python3.8/dist-packages/airflow/example_dags/example_params_trigger_ui.py for tasks to queue
[2023-06-14T14:45:17.829+0000] {logging_mixin.py:149} INFO - [2023-06-14T14:45:17.829+0000] {dagbag.py:541} INFO - Filling up the DagBag from /usr/local/lib/python3.8/dist-packages/airflow/example_dags/example_params_trigger_ui.py
[2023-06-14T14:45:17.851+0000] {processor.py:836} INFO - DAG(s) dict_keys(['example_params_trigger_ui']) retrieved from /usr/local/lib/python3.8/dist-packages/airflow/example_dags/example_params_trigger_ui.py
[2023-06-14T14:45:17.922+0000] {logging_mixin.py:149} INFO - [2023-06-14T14:45:17.921+0000] {dag.py:2726} INFO - Sync 1 DAGs
[2023-06-14T14:45:17.943+0000] {logging_mixin.py:149} INFO - [2023-06-14T14:45:17.943+0000] {dag.py:3486} INFO - Setting next_dagrun for example_params_trigger_ui to None, run_after=None
[2023-06-14T14:45:17.971+0000] {processor.py:179} INFO - Processing /usr/local/lib/python3.8/dist-packages/airflow/example_dags/example_params_trigger_ui.py took 0.149 seconds
[2023-06-14T14:46:15.716+0000] {processor.py:157} INFO - Started process (PID=8980) to work on /usr/local/lib/python3.8/dist-packages/airflow/example_dags/example_params_trigger_ui.py
[2023-06-14T14:46:15.717+0000] {processor.py:826} INFO - Processing file /usr/local/lib/python3.8/dist-packages/airflow/example_dags/example_params_trigger_ui.py for tasks to queue
[2023-06-14T14:46:15.719+0000] {logging_mixin.py:149} INFO - [2023-06-14T14:46:15.719+0000] {dagbag.py:541} INFO - Filling up the DagBag from /usr/local/lib/python3.8/dist-packages/airflow/example_dags/example_params_trigger_ui.py
[2023-06-14T14:46:15.741+0000] {processor.py:836} INFO - DAG(s) dict_keys(['example_params_trigger_ui']) retrieved from /usr/local/lib/python3.8/dist-packages/airflow/example_dags/example_params_trigger_ui.py
[2023-06-14T14:46:15.812+0000] {logging_mixin.py:149} INFO - [2023-06-14T14:46:15.812+0000] {dag.py:2726} INFO - Sync 1 DAGs
[2023-06-14T14:46:15.833+0000] {logging_mixin.py:149} INFO - [2023-06-14T14:46:15.833+0000] {dag.py:3486} INFO - Setting next_dagrun for example_params_trigger_ui to None, run_after=None
[2023-06-14T14:46:15.861+0000] {processor.py:179} INFO - Processing /usr/local/lib/python3.8/dist-packages/airflow/example_dags/example_params_trigger_ui.py took 0.150 seconds
[2023-06-14T14:47:04.974+0000] {processor.py:157} INFO - Started process (PID=9138) to work on /usr/local/lib/python3.8/dist-packages/airflow/example_dags/example_params_trigger_ui.py
[2023-06-14T14:47:04.975+0000] {processor.py:826} INFO - Processing file /usr/local/lib/python3.8/dist-packages/airflow/example_dags/example_params_trigger_ui.py for tasks to queue
[2023-06-14T14:47:04.978+0000] {logging_mixin.py:149} INFO - [2023-06-14T14:47:04.977+0000] {dagbag.py:541} INFO - Filling up the DagBag from /usr/local/lib/python3.8/dist-packages/airflow/example_dags/example_params_trigger_ui.py
[2023-06-14T14:47:05.000+0000] {processor.py:836} INFO - DAG(s) dict_keys(['example_params_trigger_ui']) retrieved from /usr/local/lib/python3.8/dist-packages/airflow/example_dags/example_params_trigger_ui.py
[2023-06-14T14:47:05.071+0000] {logging_mixin.py:149} INFO - [2023-06-14T14:47:05.070+0000] {dag.py:2726} INFO - Sync 1 DAGs
[2023-06-14T14:47:05.092+0000] {logging_mixin.py:149} INFO - [2023-06-14T14:47:05.091+0000] {dag.py:3486} INFO - Setting next_dagrun for example_params_trigger_ui to None, run_after=None
[2023-06-14T14:47:05.117+0000] {processor.py:179} INFO - Processing /usr/local/lib/python3.8/dist-packages/airflow/example_dags/example_params_trigger_ui.py took 0.147 seconds
[2023-06-14T14:47:58.808+0000] {processor.py:157} INFO - Started process (PID=9295) to work on /usr/local/lib/python3.8/dist-packages/airflow/example_dags/example_params_trigger_ui.py
[2023-06-14T14:47:58.809+0000] {processor.py:826} INFO - Processing file /usr/local/lib/python3.8/dist-packages/airflow/example_dags/example_params_trigger_ui.py for tasks to queue
[2023-06-14T14:47:58.811+0000] {logging_mixin.py:149} INFO - [2023-06-14T14:47:58.811+0000] {dagbag.py:541} INFO - Filling up the DagBag from /usr/local/lib/python3.8/dist-packages/airflow/example_dags/example_params_trigger_ui.py
[2023-06-14T14:47:58.834+0000] {processor.py:836} INFO - DAG(s) dict_keys(['example_params_trigger_ui']) retrieved from /usr/local/lib/python3.8/dist-packages/airflow/example_dags/example_params_trigger_ui.py
[2023-06-14T14:47:58.905+0000] {logging_mixin.py:149} INFO - [2023-06-14T14:47:58.904+0000] {dag.py:2726} INFO - Sync 1 DAGs
[2023-06-14T14:47:58.926+0000] {logging_mixin.py:149} INFO - [2023-06-14T14:47:58.926+0000] {dag.py:3486} INFO - Setting next_dagrun for example_params_trigger_ui to None, run_after=None
[2023-06-14T14:47:58.954+0000] {processor.py:179} INFO - Processing /usr/local/lib/python3.8/dist-packages/airflow/example_dags/example_params_trigger_ui.py took 0.151 seconds
[2023-06-14T14:48:53.679+0000] {processor.py:157} INFO - Started process (PID=9452) to work on /usr/local/lib/python3.8/dist-packages/airflow/example_dags/example_params_trigger_ui.py
[2023-06-14T14:48:53.681+0000] {processor.py:826} INFO - Processing file /usr/local/lib/python3.8/dist-packages/airflow/example_dags/example_params_trigger_ui.py for tasks to queue
[2023-06-14T14:48:53.683+0000] {logging_mixin.py:149} INFO - [2023-06-14T14:48:53.683+0000] {dagbag.py:541} INFO - Filling up the DagBag from /usr/local/lib/python3.8/dist-packages/airflow/example_dags/example_params_trigger_ui.py
[2023-06-14T14:48:53.705+0000] {processor.py:836} INFO - DAG(s) dict_keys(['example_params_trigger_ui']) retrieved from /usr/local/lib/python3.8/dist-packages/airflow/example_dags/example_params_trigger_ui.py
[2023-06-14T14:48:53.777+0000] {logging_mixin.py:149} INFO - [2023-06-14T14:48:53.776+0000] {dag.py:2726} INFO - Sync 1 DAGs
[2023-06-14T14:48:53.797+0000] {logging_mixin.py:149} INFO - [2023-06-14T14:48:53.797+0000] {dag.py:3486} INFO - Setting next_dagrun for example_params_trigger_ui to None, run_after=None
[2023-06-14T14:48:53.826+0000] {processor.py:179} INFO - Processing /usr/local/lib/python3.8/dist-packages/airflow/example_dags/example_params_trigger_ui.py took 0.150 seconds
[2023-06-14T14:49:50.012+0000] {processor.py:157} INFO - Started process (PID=9609) to work on /usr/local/lib/python3.8/dist-packages/airflow/example_dags/example_params_trigger_ui.py
[2023-06-14T14:49:50.013+0000] {processor.py:826} INFO - Processing file /usr/local/lib/python3.8/dist-packages/airflow/example_dags/example_params_trigger_ui.py for tasks to queue
[2023-06-14T14:49:50.015+0000] {logging_mixin.py:149} INFO - [2023-06-14T14:49:50.015+0000] {dagbag.py:541} INFO - Filling up the DagBag from /usr/local/lib/python3.8/dist-packages/airflow/example_dags/example_params_trigger_ui.py
[2023-06-14T14:49:50.037+0000] {processor.py:836} INFO - DAG(s) dict_keys(['example_params_trigger_ui']) retrieved from /usr/local/lib/python3.8/dist-packages/airflow/example_dags/example_params_trigger_ui.py
[2023-06-14T14:49:50.108+0000] {logging_mixin.py:149} INFO - [2023-06-14T14:49:50.107+0000] {dag.py:2726} INFO - Sync 1 DAGs
[2023-06-14T14:49:50.128+0000] {logging_mixin.py:149} INFO - [2023-06-14T14:49:50.127+0000] {dag.py:3486} INFO - Setting next_dagrun for example_params_trigger_ui to None, run_after=None
[2023-06-14T14:49:50.154+0000] {processor.py:179} INFO - Processing /usr/local/lib/python3.8/dist-packages/airflow/example_dags/example_params_trigger_ui.py took 0.147 seconds
[2023-06-14T14:50:43.811+0000] {processor.py:157} INFO - Started process (PID=9767) to work on /usr/local/lib/python3.8/dist-packages/airflow/example_dags/example_params_trigger_ui.py
[2023-06-14T14:50:43.813+0000] {processor.py:826} INFO - Processing file /usr/local/lib/python3.8/dist-packages/airflow/example_dags/example_params_trigger_ui.py for tasks to queue
[2023-06-14T14:50:43.815+0000] {logging_mixin.py:149} INFO - [2023-06-14T14:50:43.815+0000] {dagbag.py:541} INFO - Filling up the DagBag from /usr/local/lib/python3.8/dist-packages/airflow/example_dags/example_params_trigger_ui.py
[2023-06-14T14:50:43.837+0000] {processor.py:836} INFO - DAG(s) dict_keys(['example_params_trigger_ui']) retrieved from /usr/local/lib/python3.8/dist-packages/airflow/example_dags/example_params_trigger_ui.py
[2023-06-14T14:50:43.907+0000] {logging_mixin.py:149} INFO - [2023-06-14T14:50:43.906+0000] {dag.py:2726} INFO - Sync 1 DAGs
[2023-06-14T14:50:43.927+0000] {logging_mixin.py:149} INFO - [2023-06-14T14:50:43.927+0000] {dag.py:3486} INFO - Setting next_dagrun for example_params_trigger_ui to None, run_after=None
[2023-06-14T14:50:43.953+0000] {processor.py:179} INFO - Processing /usr/local/lib/python3.8/dist-packages/airflow/example_dags/example_params_trigger_ui.py took 0.145 seconds
[2023-06-14T14:51:32.905+0000] {processor.py:157} INFO - Started process (PID=9922) to work on /usr/local/lib/python3.8/dist-packages/airflow/example_dags/example_params_trigger_ui.py
[2023-06-14T14:51:32.907+0000] {processor.py:826} INFO - Processing file /usr/local/lib/python3.8/dist-packages/airflow/example_dags/example_params_trigger_ui.py for tasks to queue
[2023-06-14T14:51:32.909+0000] {logging_mixin.py:149} INFO - [2023-06-14T14:51:32.909+0000] {dagbag.py:541} INFO - Filling up the DagBag from /usr/local/lib/python3.8/dist-packages/airflow/example_dags/example_params_trigger_ui.py
[2023-06-14T14:51:32.932+0000] {processor.py:836} INFO - DAG(s) dict_keys(['example_params_trigger_ui']) retrieved from /usr/local/lib/python3.8/dist-packages/airflow/example_dags/example_params_trigger_ui.py
[2023-06-14T14:51:33.002+0000] {logging_mixin.py:149} INFO - [2023-06-14T14:51:33.002+0000] {dag.py:2726} INFO - Sync 1 DAGs
[2023-06-14T14:51:33.024+0000] {logging_mixin.py:149} INFO - [2023-06-14T14:51:33.023+0000] {dag.py:3486} INFO - Setting next_dagrun for example_params_trigger_ui to None, run_after=None
[2023-06-14T14:51:33.052+0000] {processor.py:179} INFO - Processing /usr/local/lib/python3.8/dist-packages/airflow/example_dags/example_params_trigger_ui.py took 0.151 seconds
[2023-06-14T14:52:20.498+0000] {processor.py:157} INFO - Started process (PID=10078) to work on /usr/local/lib/python3.8/dist-packages/airflow/example_dags/example_params_trigger_ui.py
[2023-06-14T14:52:20.499+0000] {processor.py:826} INFO - Processing file /usr/local/lib/python3.8/dist-packages/airflow/example_dags/example_params_trigger_ui.py for tasks to queue
[2023-06-14T14:52:20.502+0000] {logging_mixin.py:149} INFO - [2023-06-14T14:52:20.502+0000] {dagbag.py:541} INFO - Filling up the DagBag from /usr/local/lib/python3.8/dist-packages/airflow/example_dags/example_params_trigger_ui.py
[2023-06-14T14:52:20.524+0000] {processor.py:836} INFO - DAG(s) dict_keys(['example_params_trigger_ui']) retrieved from /usr/local/lib/python3.8/dist-packages/airflow/example_dags/example_params_trigger_ui.py
[2023-06-14T14:52:20.594+0000] {logging_mixin.py:149} INFO - [2023-06-14T14:52:20.594+0000] {dag.py:2726} INFO - Sync 1 DAGs
[2023-06-14T14:52:20.614+0000] {logging_mixin.py:149} INFO - [2023-06-14T14:52:20.614+0000] {dag.py:3486} INFO - Setting next_dagrun for example_params_trigger_ui to None, run_after=None
[2023-06-14T14:52:20.642+0000] {processor.py:179} INFO - Processing /usr/local/lib/python3.8/dist-packages/airflow/example_dags/example_params_trigger_ui.py took 0.148 seconds
[2023-06-14T14:53:11.235+0000] {processor.py:157} INFO - Started process (PID=10233) to work on /usr/local/lib/python3.8/dist-packages/airflow/example_dags/example_params_trigger_ui.py
[2023-06-14T14:53:11.237+0000] {processor.py:826} INFO - Processing file /usr/local/lib/python3.8/dist-packages/airflow/example_dags/example_params_trigger_ui.py for tasks to queue
[2023-06-14T14:53:11.239+0000] {logging_mixin.py:149} INFO - [2023-06-14T14:53:11.239+0000] {dagbag.py:541} INFO - Filling up the DagBag from /usr/local/lib/python3.8/dist-packages/airflow/example_dags/example_params_trigger_ui.py
[2023-06-14T14:53:11.261+0000] {processor.py:836} INFO - DAG(s) dict_keys(['example_params_trigger_ui']) retrieved from /usr/local/lib/python3.8/dist-packages/airflow/example_dags/example_params_trigger_ui.py
[2023-06-14T14:53:11.332+0000] {logging_mixin.py:149} INFO - [2023-06-14T14:53:11.330+0000] {dag.py:2726} INFO - Sync 1 DAGs
[2023-06-14T14:53:11.352+0000] {logging_mixin.py:149} INFO - [2023-06-14T14:53:11.352+0000] {dag.py:3486} INFO - Setting next_dagrun for example_params_trigger_ui to None, run_after=None
[2023-06-14T14:53:11.378+0000] {processor.py:179} INFO - Processing /usr/local/lib/python3.8/dist-packages/airflow/example_dags/example_params_trigger_ui.py took 0.148 seconds
[2023-06-14T14:54:05.994+0000] {processor.py:157} INFO - Started process (PID=10494) to work on /usr/local/lib/python3.8/dist-packages/airflow/example_dags/example_params_trigger_ui.py
[2023-06-14T14:54:05.995+0000] {processor.py:826} INFO - Processing file /usr/local/lib/python3.8/dist-packages/airflow/example_dags/example_params_trigger_ui.py for tasks to queue
[2023-06-14T14:54:05.998+0000] {logging_mixin.py:149} INFO - [2023-06-14T14:54:05.997+0000] {dagbag.py:541} INFO - Filling up the DagBag from /usr/local/lib/python3.8/dist-packages/airflow/example_dags/example_params_trigger_ui.py
[2023-06-14T14:54:06.020+0000] {processor.py:836} INFO - DAG(s) dict_keys(['example_params_trigger_ui']) retrieved from /usr/local/lib/python3.8/dist-packages/airflow/example_dags/example_params_trigger_ui.py
[2023-06-14T14:54:06.090+0000] {logging_mixin.py:149} INFO - [2023-06-14T14:54:06.089+0000] {dag.py:2726} INFO - Sync 1 DAGs
[2023-06-14T14:54:06.111+0000] {logging_mixin.py:149} INFO - [2023-06-14T14:54:06.111+0000] {dag.py:3486} INFO - Setting next_dagrun for example_params_trigger_ui to None, run_after=None
[2023-06-14T14:54:06.141+0000] {processor.py:179} INFO - Processing /usr/local/lib/python3.8/dist-packages/airflow/example_dags/example_params_trigger_ui.py took 0.152 seconds
[2023-06-14T14:54:59.486+0000] {processor.py:157} INFO - Started process (PID=10753) to work on /usr/local/lib/python3.8/dist-packages/airflow/example_dags/example_params_trigger_ui.py
[2023-06-14T14:54:59.487+0000] {processor.py:826} INFO - Processing file /usr/local/lib/python3.8/dist-packages/airflow/example_dags/example_params_trigger_ui.py for tasks to queue
[2023-06-14T14:54:59.490+0000] {logging_mixin.py:149} INFO - [2023-06-14T14:54:59.489+0000] {dagbag.py:541} INFO - Filling up the DagBag from /usr/local/lib/python3.8/dist-packages/airflow/example_dags/example_params_trigger_ui.py
[2023-06-14T14:54:59.511+0000] {processor.py:836} INFO - DAG(s) dict_keys(['example_params_trigger_ui']) retrieved from /usr/local/lib/python3.8/dist-packages/airflow/example_dags/example_params_trigger_ui.py
[2023-06-14T14:54:59.582+0000] {logging_mixin.py:149} INFO - [2023-06-14T14:54:59.581+0000] {dag.py:2726} INFO - Sync 1 DAGs
[2023-06-14T14:54:59.602+0000] {logging_mixin.py:149} INFO - [2023-06-14T14:54:59.601+0000] {dag.py:3486} INFO - Setting next_dagrun for example_params_trigger_ui to None, run_after=None
[2023-06-14T14:54:59.628+0000] {processor.py:179} INFO - Processing /usr/local/lib/python3.8/dist-packages/airflow/example_dags/example_params_trigger_ui.py took 0.146 seconds
[2023-06-14T14:55:52.767+0000] {processor.py:157} INFO - Started process (PID=10910) to work on /usr/local/lib/python3.8/dist-packages/airflow/example_dags/example_params_trigger_ui.py
[2023-06-14T14:55:52.769+0000] {processor.py:826} INFO - Processing file /usr/local/lib/python3.8/dist-packages/airflow/example_dags/example_params_trigger_ui.py for tasks to queue
[2023-06-14T14:55:52.771+0000] {logging_mixin.py:149} INFO - [2023-06-14T14:55:52.771+0000] {dagbag.py:541} INFO - Filling up the DagBag from /usr/local/lib/python3.8/dist-packages/airflow/example_dags/example_params_trigger_ui.py
[2023-06-14T14:55:52.793+0000] {processor.py:836} INFO - DAG(s) dict_keys(['example_params_trigger_ui']) retrieved from /usr/local/lib/python3.8/dist-packages/airflow/example_dags/example_params_trigger_ui.py
[2023-06-14T14:55:52.864+0000] {logging_mixin.py:149} INFO - [2023-06-14T14:55:52.863+0000] {dag.py:2726} INFO - Sync 1 DAGs
[2023-06-14T14:55:52.884+0000] {logging_mixin.py:149} INFO - [2023-06-14T14:55:52.884+0000] {dag.py:3486} INFO - Setting next_dagrun for example_params_trigger_ui to None, run_after=None
[2023-06-14T14:55:52.910+0000] {processor.py:179} INFO - Processing /usr/local/lib/python3.8/dist-packages/airflow/example_dags/example_params_trigger_ui.py took 0.147 seconds
[2023-06-14T14:56:44.434+0000] {processor.py:157} INFO - Started process (PID=10963) to work on /usr/local/lib/python3.8/dist-packages/airflow/example_dags/example_params_trigger_ui.py
[2023-06-14T14:56:44.439+0000] {processor.py:826} INFO - Processing file /usr/local/lib/python3.8/dist-packages/airflow/example_dags/example_params_trigger_ui.py for tasks to queue
[2023-06-14T14:56:44.441+0000] {logging_mixin.py:149} INFO - [2023-06-14T14:56:44.441+0000] {dagbag.py:541} INFO - Filling up the DagBag from /usr/local/lib/python3.8/dist-packages/airflow/example_dags/example_params_trigger_ui.py
[2023-06-14T14:56:44.469+0000] {processor.py:836} INFO - DAG(s) dict_keys(['example_params_trigger_ui']) retrieved from /usr/local/lib/python3.8/dist-packages/airflow/example_dags/example_params_trigger_ui.py
[2023-06-14T14:56:44.539+0000] {logging_mixin.py:149} INFO - [2023-06-14T14:56:44.539+0000] {dag.py:2726} INFO - Sync 1 DAGs
[2023-06-14T14:56:44.561+0000] {logging_mixin.py:149} INFO - [2023-06-14T14:56:44.560+0000] {dag.py:3486} INFO - Setting next_dagrun for example_params_trigger_ui to None, run_after=None
[2023-06-14T14:56:44.591+0000] {processor.py:179} INFO - Processing /usr/local/lib/python3.8/dist-packages/airflow/example_dags/example_params_trigger_ui.py took 0.162 seconds
[2023-06-14T14:57:32.820+0000] {processor.py:157} INFO - Started process (PID=11121) to work on /usr/local/lib/python3.8/dist-packages/airflow/example_dags/example_params_trigger_ui.py
[2023-06-14T14:57:32.821+0000] {processor.py:826} INFO - Processing file /usr/local/lib/python3.8/dist-packages/airflow/example_dags/example_params_trigger_ui.py for tasks to queue
[2023-06-14T14:57:32.824+0000] {logging_mixin.py:149} INFO - [2023-06-14T14:57:32.823+0000] {dagbag.py:541} INFO - Filling up the DagBag from /usr/local/lib/python3.8/dist-packages/airflow/example_dags/example_params_trigger_ui.py
[2023-06-14T14:57:32.846+0000] {processor.py:836} INFO - DAG(s) dict_keys(['example_params_trigger_ui']) retrieved from /usr/local/lib/python3.8/dist-packages/airflow/example_dags/example_params_trigger_ui.py
[2023-06-14T14:57:32.917+0000] {logging_mixin.py:149} INFO - [2023-06-14T14:57:32.916+0000] {dag.py:2726} INFO - Sync 1 DAGs
[2023-06-14T14:57:32.937+0000] {logging_mixin.py:149} INFO - [2023-06-14T14:57:32.936+0000] {dag.py:3486} INFO - Setting next_dagrun for example_params_trigger_ui to None, run_after=None
[2023-06-14T14:57:32.965+0000] {processor.py:179} INFO - Processing /usr/local/lib/python3.8/dist-packages/airflow/example_dags/example_params_trigger_ui.py took 0.149 seconds
[2023-06-14T14:58:26.743+0000] {processor.py:157} INFO - Started process (PID=11277) to work on /usr/local/lib/python3.8/dist-packages/airflow/example_dags/example_params_trigger_ui.py
[2023-06-14T14:58:26.744+0000] {processor.py:826} INFO - Processing file /usr/local/lib/python3.8/dist-packages/airflow/example_dags/example_params_trigger_ui.py for tasks to queue
[2023-06-14T14:58:26.746+0000] {logging_mixin.py:149} INFO - [2023-06-14T14:58:26.746+0000] {dagbag.py:541} INFO - Filling up the DagBag from /usr/local/lib/python3.8/dist-packages/airflow/example_dags/example_params_trigger_ui.py
[2023-06-14T14:58:26.769+0000] {processor.py:836} INFO - DAG(s) dict_keys(['example_params_trigger_ui']) retrieved from /usr/local/lib/python3.8/dist-packages/airflow/example_dags/example_params_trigger_ui.py
[2023-06-14T14:58:26.839+0000] {logging_mixin.py:149} INFO - [2023-06-14T14:58:26.839+0000] {dag.py:2726} INFO - Sync 1 DAGs
[2023-06-14T14:58:26.859+0000] {logging_mixin.py:149} INFO - [2023-06-14T14:58:26.859+0000] {dag.py:3486} INFO - Setting next_dagrun for example_params_trigger_ui to None, run_after=None
[2023-06-14T14:58:26.886+0000] {processor.py:179} INFO - Processing /usr/local/lib/python3.8/dist-packages/airflow/example_dags/example_params_trigger_ui.py took 0.147 seconds
[2023-06-14T14:59:13.233+0000] {processor.py:157} INFO - Started process (PID=11532) to work on /usr/local/lib/python3.8/dist-packages/airflow/example_dags/example_params_trigger_ui.py
[2023-06-14T14:59:13.235+0000] {processor.py:826} INFO - Processing file /usr/local/lib/python3.8/dist-packages/airflow/example_dags/example_params_trigger_ui.py for tasks to queue
[2023-06-14T14:59:13.237+0000] {logging_mixin.py:149} INFO - [2023-06-14T14:59:13.237+0000] {dagbag.py:541} INFO - Filling up the DagBag from /usr/local/lib/python3.8/dist-packages/airflow/example_dags/example_params_trigger_ui.py
[2023-06-14T14:59:13.259+0000] {processor.py:836} INFO - DAG(s) dict_keys(['example_params_trigger_ui']) retrieved from /usr/local/lib/python3.8/dist-packages/airflow/example_dags/example_params_trigger_ui.py
[2023-06-14T14:59:13.330+0000] {logging_mixin.py:149} INFO - [2023-06-14T14:59:13.329+0000] {dag.py:2726} INFO - Sync 1 DAGs
[2023-06-14T14:59:13.350+0000] {logging_mixin.py:149} INFO - [2023-06-14T14:59:13.350+0000] {dag.py:3486} INFO - Setting next_dagrun for example_params_trigger_ui to None, run_after=None
[2023-06-14T14:59:13.379+0000] {processor.py:179} INFO - Processing /usr/local/lib/python3.8/dist-packages/airflow/example_dags/example_params_trigger_ui.py took 0.150 seconds
[2023-06-14T14:59:58.765+0000] {processor.py:157} INFO - Started process (PID=11683) to work on /usr/local/lib/python3.8/dist-packages/airflow/example_dags/example_params_trigger_ui.py
[2023-06-14T14:59:58.766+0000] {processor.py:826} INFO - Processing file /usr/local/lib/python3.8/dist-packages/airflow/example_dags/example_params_trigger_ui.py for tasks to queue
[2023-06-14T14:59:58.769+0000] {logging_mixin.py:149} INFO - [2023-06-14T14:59:58.769+0000] {dagbag.py:541} INFO - Filling up the DagBag from /usr/local/lib/python3.8/dist-packages/airflow/example_dags/example_params_trigger_ui.py
[2023-06-14T14:59:58.792+0000] {processor.py:836} INFO - DAG(s) dict_keys(['example_params_trigger_ui']) retrieved from /usr/local/lib/python3.8/dist-packages/airflow/example_dags/example_params_trigger_ui.py
[2023-06-14T14:59:58.867+0000] {logging_mixin.py:149} INFO - [2023-06-14T14:59:58.867+0000] {dag.py:2726} INFO - Sync 1 DAGs
[2023-06-14T14:59:58.890+0000] {logging_mixin.py:149} INFO - [2023-06-14T14:59:58.889+0000] {dag.py:3486} INFO - Setting next_dagrun for example_params_trigger_ui to None, run_after=None
[2023-06-14T14:59:58.920+0000] {processor.py:179} INFO - Processing /usr/local/lib/python3.8/dist-packages/airflow/example_dags/example_params_trigger_ui.py took 0.159 seconds
[2023-06-14T15:00:50.291+0000] {processor.py:157} INFO - Started process (PID=11735) to work on /usr/local/lib/python3.8/dist-packages/airflow/example_dags/example_params_trigger_ui.py
[2023-06-14T15:00:50.292+0000] {processor.py:826} INFO - Processing file /usr/local/lib/python3.8/dist-packages/airflow/example_dags/example_params_trigger_ui.py for tasks to queue
[2023-06-14T15:00:50.295+0000] {logging_mixin.py:149} INFO - [2023-06-14T15:00:50.294+0000] {dagbag.py:541} INFO - Filling up the DagBag from /usr/local/lib/python3.8/dist-packages/airflow/example_dags/example_params_trigger_ui.py
[2023-06-14T15:00:50.316+0000] {processor.py:836} INFO - DAG(s) dict_keys(['example_params_trigger_ui']) retrieved from /usr/local/lib/python3.8/dist-packages/airflow/example_dags/example_params_trigger_ui.py
[2023-06-14T15:00:50.387+0000] {logging_mixin.py:149} INFO - [2023-06-14T15:00:50.387+0000] {dag.py:2726} INFO - Sync 1 DAGs
[2023-06-14T15:00:50.408+0000] {logging_mixin.py:149} INFO - [2023-06-14T15:00:50.407+0000] {dag.py:3486} INFO - Setting next_dagrun for example_params_trigger_ui to None, run_after=None
[2023-06-14T15:00:50.438+0000] {processor.py:179} INFO - Processing /usr/local/lib/python3.8/dist-packages/airflow/example_dags/example_params_trigger_ui.py took 0.151 seconds
[2023-06-14T15:01:42.670+0000] {processor.py:157} INFO - Started process (PID=11893) to work on /usr/local/lib/python3.8/dist-packages/airflow/example_dags/example_params_trigger_ui.py
[2023-06-14T15:01:42.671+0000] {processor.py:826} INFO - Processing file /usr/local/lib/python3.8/dist-packages/airflow/example_dags/example_params_trigger_ui.py for tasks to queue
[2023-06-14T15:01:42.673+0000] {logging_mixin.py:149} INFO - [2023-06-14T15:01:42.673+0000] {dagbag.py:541} INFO - Filling up the DagBag from /usr/local/lib/python3.8/dist-packages/airflow/example_dags/example_params_trigger_ui.py
[2023-06-14T15:01:42.695+0000] {processor.py:836} INFO - DAG(s) dict_keys(['example_params_trigger_ui']) retrieved from /usr/local/lib/python3.8/dist-packages/airflow/example_dags/example_params_trigger_ui.py
[2023-06-14T15:01:42.766+0000] {logging_mixin.py:149} INFO - [2023-06-14T15:01:42.764+0000] {dag.py:2726} INFO - Sync 1 DAGs
[2023-06-14T15:01:42.785+0000] {logging_mixin.py:149} INFO - [2023-06-14T15:01:42.785+0000] {dag.py:3486} INFO - Setting next_dagrun for example_params_trigger_ui to None, run_after=None
[2023-06-14T15:01:42.813+0000] {processor.py:179} INFO - Processing /usr/local/lib/python3.8/dist-packages/airflow/example_dags/example_params_trigger_ui.py took 0.147 seconds
[2023-06-14T15:02:31.621+0000] {processor.py:157} INFO - Started process (PID=12055) to work on /usr/local/lib/python3.8/dist-packages/airflow/example_dags/example_params_trigger_ui.py
[2023-06-14T15:02:31.623+0000] {processor.py:826} INFO - Processing file /usr/local/lib/python3.8/dist-packages/airflow/example_dags/example_params_trigger_ui.py for tasks to queue
[2023-06-14T15:02:31.625+0000] {logging_mixin.py:149} INFO - [2023-06-14T15:02:31.625+0000] {dagbag.py:541} INFO - Filling up the DagBag from /usr/local/lib/python3.8/dist-packages/airflow/example_dags/example_params_trigger_ui.py
[2023-06-14T15:02:31.648+0000] {processor.py:836} INFO - DAG(s) dict_keys(['example_params_trigger_ui']) retrieved from /usr/local/lib/python3.8/dist-packages/airflow/example_dags/example_params_trigger_ui.py
[2023-06-14T15:02:31.719+0000] {logging_mixin.py:149} INFO - [2023-06-14T15:02:31.718+0000] {dag.py:2726} INFO - Sync 1 DAGs
[2023-06-14T15:02:31.740+0000] {logging_mixin.py:149} INFO - [2023-06-14T15:02:31.740+0000] {dag.py:3486} INFO - Setting next_dagrun for example_params_trigger_ui to None, run_after=None
[2023-06-14T15:02:31.766+0000] {processor.py:179} INFO - Processing /usr/local/lib/python3.8/dist-packages/airflow/example_dags/example_params_trigger_ui.py took 0.149 seconds
[2023-06-14T15:03:22.957+0000] {processor.py:157} INFO - Started process (PID=12313) to work on /usr/local/lib/python3.8/dist-packages/airflow/example_dags/example_params_trigger_ui.py
[2023-06-14T15:03:22.959+0000] {processor.py:826} INFO - Processing file /usr/local/lib/python3.8/dist-packages/airflow/example_dags/example_params_trigger_ui.py for tasks to queue
[2023-06-14T15:03:22.961+0000] {logging_mixin.py:149} INFO - [2023-06-14T15:03:22.961+0000] {dagbag.py:541} INFO - Filling up the DagBag from /usr/local/lib/python3.8/dist-packages/airflow/example_dags/example_params_trigger_ui.py
[2023-06-14T15:03:22.983+0000] {processor.py:836} INFO - DAG(s) dict_keys(['example_params_trigger_ui']) retrieved from /usr/local/lib/python3.8/dist-packages/airflow/example_dags/example_params_trigger_ui.py
[2023-06-14T15:03:23.053+0000] {logging_mixin.py:149} INFO - [2023-06-14T15:03:23.053+0000] {dag.py:2726} INFO - Sync 1 DAGs
[2023-06-14T15:03:23.074+0000] {logging_mixin.py:149} INFO - [2023-06-14T15:03:23.073+0000] {dag.py:3486} INFO - Setting next_dagrun for example_params_trigger_ui to None, run_after=None
[2023-06-14T15:03:23.106+0000] {processor.py:179} INFO - Processing /usr/local/lib/python3.8/dist-packages/airflow/example_dags/example_params_trigger_ui.py took 0.153 seconds
[2023-06-14T15:04:14.498+0000] {processor.py:157} INFO - Started process (PID=12573) to work on /usr/local/lib/python3.8/dist-packages/airflow/example_dags/example_params_trigger_ui.py
[2023-06-14T15:04:14.500+0000] {processor.py:826} INFO - Processing file /usr/local/lib/python3.8/dist-packages/airflow/example_dags/example_params_trigger_ui.py for tasks to queue
[2023-06-14T15:04:14.502+0000] {logging_mixin.py:149} INFO - [2023-06-14T15:04:14.502+0000] {dagbag.py:541} INFO - Filling up the DagBag from /usr/local/lib/python3.8/dist-packages/airflow/example_dags/example_params_trigger_ui.py
[2023-06-14T15:04:14.524+0000] {processor.py:836} INFO - DAG(s) dict_keys(['example_params_trigger_ui']) retrieved from /usr/local/lib/python3.8/dist-packages/airflow/example_dags/example_params_trigger_ui.py
[2023-06-14T15:04:14.595+0000] {logging_mixin.py:149} INFO - [2023-06-14T15:04:14.594+0000] {dag.py:2726} INFO - Sync 1 DAGs
[2023-06-14T15:04:14.615+0000] {logging_mixin.py:149} INFO - [2023-06-14T15:04:14.615+0000] {dag.py:3486} INFO - Setting next_dagrun for example_params_trigger_ui to None, run_after=None
[2023-06-14T15:04:14.642+0000] {processor.py:179} INFO - Processing /usr/local/lib/python3.8/dist-packages/airflow/example_dags/example_params_trigger_ui.py took 0.148 seconds
[2023-06-14T15:05:07.625+0000] {processor.py:157} INFO - Started process (PID=12923) to work on /usr/local/lib/python3.8/dist-packages/airflow/example_dags/example_params_trigger_ui.py
[2023-06-14T15:05:07.626+0000] {processor.py:826} INFO - Processing file /usr/local/lib/python3.8/dist-packages/airflow/example_dags/example_params_trigger_ui.py for tasks to queue
[2023-06-14T15:05:07.628+0000] {logging_mixin.py:149} INFO - [2023-06-14T15:05:07.628+0000] {dagbag.py:541} INFO - Filling up the DagBag from /usr/local/lib/python3.8/dist-packages/airflow/example_dags/example_params_trigger_ui.py
[2023-06-14T15:05:07.650+0000] {processor.py:836} INFO - DAG(s) dict_keys(['example_params_trigger_ui']) retrieved from /usr/local/lib/python3.8/dist-packages/airflow/example_dags/example_params_trigger_ui.py
[2023-06-14T15:05:07.720+0000] {logging_mixin.py:149} INFO - [2023-06-14T15:05:07.719+0000] {dag.py:2726} INFO - Sync 1 DAGs
[2023-06-14T15:05:07.741+0000] {logging_mixin.py:149} INFO - [2023-06-14T15:05:07.741+0000] {dag.py:3486} INFO - Setting next_dagrun for example_params_trigger_ui to None, run_after=None
[2023-06-14T15:05:07.768+0000] {processor.py:179} INFO - Processing /usr/local/lib/python3.8/dist-packages/airflow/example_dags/example_params_trigger_ui.py took 0.147 seconds
[2023-06-14T15:06:05.362+0000] {processor.py:157} INFO - Started process (PID=13126) to work on /usr/local/lib/python3.8/dist-packages/airflow/example_dags/example_params_trigger_ui.py
[2023-06-14T15:06:05.363+0000] {processor.py:826} INFO - Processing file /usr/local/lib/python3.8/dist-packages/airflow/example_dags/example_params_trigger_ui.py for tasks to queue
[2023-06-14T15:06:05.365+0000] {logging_mixin.py:149} INFO - [2023-06-14T15:06:05.365+0000] {dagbag.py:541} INFO - Filling up the DagBag from /usr/local/lib/python3.8/dist-packages/airflow/example_dags/example_params_trigger_ui.py
[2023-06-14T15:06:05.388+0000] {processor.py:836} INFO - DAG(s) dict_keys(['example_params_trigger_ui']) retrieved from /usr/local/lib/python3.8/dist-packages/airflow/example_dags/example_params_trigger_ui.py
[2023-06-14T15:06:05.459+0000] {logging_mixin.py:149} INFO - [2023-06-14T15:06:05.458+0000] {dag.py:2726} INFO - Sync 1 DAGs
[2023-06-14T15:06:05.480+0000] {logging_mixin.py:149} INFO - [2023-06-14T15:06:05.480+0000] {dag.py:3486} INFO - Setting next_dagrun for example_params_trigger_ui to None, run_after=None
[2023-06-14T15:06:05.507+0000] {processor.py:179} INFO - Processing /usr/local/lib/python3.8/dist-packages/airflow/example_dags/example_params_trigger_ui.py took 0.149 seconds
[2023-06-14T15:06:55.970+0000] {processor.py:157} INFO - Started process (PID=13282) to work on /usr/local/lib/python3.8/dist-packages/airflow/example_dags/example_params_trigger_ui.py
[2023-06-14T15:06:55.971+0000] {processor.py:826} INFO - Processing file /usr/local/lib/python3.8/dist-packages/airflow/example_dags/example_params_trigger_ui.py for tasks to queue
[2023-06-14T15:06:55.973+0000] {logging_mixin.py:149} INFO - [2023-06-14T15:06:55.973+0000] {dagbag.py:541} INFO - Filling up the DagBag from /usr/local/lib/python3.8/dist-packages/airflow/example_dags/example_params_trigger_ui.py
[2023-06-14T15:06:55.995+0000] {processor.py:836} INFO - DAG(s) dict_keys(['example_params_trigger_ui']) retrieved from /usr/local/lib/python3.8/dist-packages/airflow/example_dags/example_params_trigger_ui.py
[2023-06-14T15:06:56.066+0000] {logging_mixin.py:149} INFO - [2023-06-14T15:06:56.065+0000] {dag.py:2726} INFO - Sync 1 DAGs
[2023-06-14T15:06:56.086+0000] {logging_mixin.py:149} INFO - [2023-06-14T15:06:56.086+0000] {dag.py:3486} INFO - Setting next_dagrun for example_params_trigger_ui to None, run_after=None
[2023-06-14T15:06:56.115+0000] {processor.py:179} INFO - Processing /usr/local/lib/python3.8/dist-packages/airflow/example_dags/example_params_trigger_ui.py took 0.150 seconds
[2023-06-14T15:07:47.724+0000] {processor.py:157} INFO - Started process (PID=13452) to work on /usr/local/lib/python3.8/dist-packages/airflow/example_dags/example_params_trigger_ui.py
[2023-06-14T15:07:47.725+0000] {processor.py:826} INFO - Processing file /usr/local/lib/python3.8/dist-packages/airflow/example_dags/example_params_trigger_ui.py for tasks to queue
[2023-06-14T15:07:47.728+0000] {logging_mixin.py:149} INFO - [2023-06-14T15:07:47.728+0000] {dagbag.py:541} INFO - Filling up the DagBag from /usr/local/lib/python3.8/dist-packages/airflow/example_dags/example_params_trigger_ui.py
[2023-06-14T15:07:47.750+0000] {processor.py:836} INFO - DAG(s) dict_keys(['example_params_trigger_ui']) retrieved from /usr/local/lib/python3.8/dist-packages/airflow/example_dags/example_params_trigger_ui.py
[2023-06-14T15:07:47.820+0000] {logging_mixin.py:149} INFO - [2023-06-14T15:07:47.819+0000] {dag.py:2726} INFO - Sync 1 DAGs
[2023-06-14T15:07:47.841+0000] {logging_mixin.py:149} INFO - [2023-06-14T15:07:47.841+0000] {dag.py:3486} INFO - Setting next_dagrun for example_params_trigger_ui to None, run_after=None
[2023-06-14T15:07:47.869+0000] {processor.py:179} INFO - Processing /usr/local/lib/python3.8/dist-packages/airflow/example_dags/example_params_trigger_ui.py took 0.148 seconds
[2023-06-14T15:08:37.900+0000] {processor.py:157} INFO - Started process (PID=13607) to work on /usr/local/lib/python3.8/dist-packages/airflow/example_dags/example_params_trigger_ui.py
[2023-06-14T15:08:37.902+0000] {processor.py:826} INFO - Processing file /usr/local/lib/python3.8/dist-packages/airflow/example_dags/example_params_trigger_ui.py for tasks to queue
[2023-06-14T15:08:37.905+0000] {logging_mixin.py:149} INFO - [2023-06-14T15:08:37.905+0000] {dagbag.py:541} INFO - Filling up the DagBag from /usr/local/lib/python3.8/dist-packages/airflow/example_dags/example_params_trigger_ui.py
[2023-06-14T15:08:37.930+0000] {processor.py:836} INFO - DAG(s) dict_keys(['example_params_trigger_ui']) retrieved from /usr/local/lib/python3.8/dist-packages/airflow/example_dags/example_params_trigger_ui.py
[2023-06-14T15:08:37.999+0000] {logging_mixin.py:149} INFO - [2023-06-14T15:08:37.999+0000] {dag.py:2726} INFO - Sync 1 DAGs
[2023-06-14T15:08:38.019+0000] {logging_mixin.py:149} INFO - [2023-06-14T15:08:38.019+0000] {dag.py:3486} INFO - Setting next_dagrun for example_params_trigger_ui to None, run_after=None
[2023-06-14T15:08:38.050+0000] {processor.py:179} INFO - Processing /usr/local/lib/python3.8/dist-packages/airflow/example_dags/example_params_trigger_ui.py took 0.153 seconds
[2023-06-14T15:09:24.701+0000] {processor.py:157} INFO - Started process (PID=13862) to work on /usr/local/lib/python3.8/dist-packages/airflow/example_dags/example_params_trigger_ui.py
[2023-06-14T15:09:24.702+0000] {processor.py:826} INFO - Processing file /usr/local/lib/python3.8/dist-packages/airflow/example_dags/example_params_trigger_ui.py for tasks to queue
[2023-06-14T15:09:24.704+0000] {logging_mixin.py:149} INFO - [2023-06-14T15:09:24.704+0000] {dagbag.py:541} INFO - Filling up the DagBag from /usr/local/lib/python3.8/dist-packages/airflow/example_dags/example_params_trigger_ui.py
[2023-06-14T15:09:24.726+0000] {processor.py:836} INFO - DAG(s) dict_keys(['example_params_trigger_ui']) retrieved from /usr/local/lib/python3.8/dist-packages/airflow/example_dags/example_params_trigger_ui.py
[2023-06-14T15:09:24.797+0000] {logging_mixin.py:149} INFO - [2023-06-14T15:09:24.796+0000] {dag.py:2726} INFO - Sync 1 DAGs
[2023-06-14T15:09:24.817+0000] {logging_mixin.py:149} INFO - [2023-06-14T15:09:24.817+0000] {dag.py:3486} INFO - Setting next_dagrun for example_params_trigger_ui to None, run_after=None
[2023-06-14T15:09:24.845+0000] {processor.py:179} INFO - Processing /usr/local/lib/python3.8/dist-packages/airflow/example_dags/example_params_trigger_ui.py took 0.149 seconds
[2023-06-14T15:10:17.587+0000] {processor.py:157} INFO - Started process (PID=14017) to work on /usr/local/lib/python3.8/dist-packages/airflow/example_dags/example_params_trigger_ui.py
[2023-06-14T15:10:17.589+0000] {processor.py:826} INFO - Processing file /usr/local/lib/python3.8/dist-packages/airflow/example_dags/example_params_trigger_ui.py for tasks to queue
[2023-06-14T15:10:17.591+0000] {logging_mixin.py:149} INFO - [2023-06-14T15:10:17.591+0000] {dagbag.py:541} INFO - Filling up the DagBag from /usr/local/lib/python3.8/dist-packages/airflow/example_dags/example_params_trigger_ui.py
[2023-06-14T15:10:17.613+0000] {processor.py:836} INFO - DAG(s) dict_keys(['example_params_trigger_ui']) retrieved from /usr/local/lib/python3.8/dist-packages/airflow/example_dags/example_params_trigger_ui.py
[2023-06-14T15:10:17.683+0000] {logging_mixin.py:149} INFO - [2023-06-14T15:10:17.682+0000] {dag.py:2726} INFO - Sync 1 DAGs
[2023-06-14T15:10:17.704+0000] {logging_mixin.py:149} INFO - [2023-06-14T15:10:17.704+0000] {dag.py:3486} INFO - Setting next_dagrun for example_params_trigger_ui to None, run_after=None
[2023-06-14T15:10:17.732+0000] {processor.py:179} INFO - Processing /usr/local/lib/python3.8/dist-packages/airflow/example_dags/example_params_trigger_ui.py took 0.149 seconds
[2023-06-14T15:11:05.518+0000] {processor.py:157} INFO - Started process (PID=14172) to work on /usr/local/lib/python3.8/dist-packages/airflow/example_dags/example_params_trigger_ui.py
[2023-06-14T15:11:05.520+0000] {processor.py:826} INFO - Processing file /usr/local/lib/python3.8/dist-packages/airflow/example_dags/example_params_trigger_ui.py for tasks to queue
[2023-06-14T15:11:05.522+0000] {logging_mixin.py:149} INFO - [2023-06-14T15:11:05.522+0000] {dagbag.py:541} INFO - Filling up the DagBag from /usr/local/lib/python3.8/dist-packages/airflow/example_dags/example_params_trigger_ui.py
[2023-06-14T15:11:05.544+0000] {processor.py:836} INFO - DAG(s) dict_keys(['example_params_trigger_ui']) retrieved from /usr/local/lib/python3.8/dist-packages/airflow/example_dags/example_params_trigger_ui.py
[2023-06-14T15:11:05.615+0000] {logging_mixin.py:149} INFO - [2023-06-14T15:11:05.615+0000] {dag.py:2726} INFO - Sync 1 DAGs
[2023-06-14T15:11:05.635+0000] {logging_mixin.py:149} INFO - [2023-06-14T15:11:05.635+0000] {dag.py:3486} INFO - Setting next_dagrun for example_params_trigger_ui to None, run_after=None
[2023-06-14T15:11:05.663+0000] {processor.py:179} INFO - Processing /usr/local/lib/python3.8/dist-packages/airflow/example_dags/example_params_trigger_ui.py took 0.148 seconds
[2023-06-14T15:11:54.862+0000] {processor.py:157} INFO - Started process (PID=14324) to work on /usr/local/lib/python3.8/dist-packages/airflow/example_dags/example_params_trigger_ui.py
[2023-06-14T15:11:54.863+0000] {processor.py:826} INFO - Processing file /usr/local/lib/python3.8/dist-packages/airflow/example_dags/example_params_trigger_ui.py for tasks to queue
[2023-06-14T15:11:54.865+0000] {logging_mixin.py:149} INFO - [2023-06-14T15:11:54.865+0000] {dagbag.py:541} INFO - Filling up the DagBag from /usr/local/lib/python3.8/dist-packages/airflow/example_dags/example_params_trigger_ui.py
[2023-06-14T15:11:54.887+0000] {processor.py:836} INFO - DAG(s) dict_keys(['example_params_trigger_ui']) retrieved from /usr/local/lib/python3.8/dist-packages/airflow/example_dags/example_params_trigger_ui.py
[2023-06-14T15:11:54.958+0000] {logging_mixin.py:149} INFO - [2023-06-14T15:11:54.957+0000] {dag.py:2726} INFO - Sync 1 DAGs
[2023-06-14T15:11:54.979+0000] {logging_mixin.py:149} INFO - [2023-06-14T15:11:54.979+0000] {dag.py:3486} INFO - Setting next_dagrun for example_params_trigger_ui to None, run_after=None
[2023-06-14T15:11:55.004+0000] {processor.py:179} INFO - Processing /usr/local/lib/python3.8/dist-packages/airflow/example_dags/example_params_trigger_ui.py took 0.147 seconds
[2023-06-14T15:12:45.702+0000] {processor.py:157} INFO - Started process (PID=14382) to work on /usr/local/lib/python3.8/dist-packages/airflow/example_dags/example_params_trigger_ui.py
[2023-06-14T15:12:45.703+0000] {processor.py:826} INFO - Processing file /usr/local/lib/python3.8/dist-packages/airflow/example_dags/example_params_trigger_ui.py for tasks to queue
[2023-06-14T15:12:45.706+0000] {logging_mixin.py:149} INFO - [2023-06-14T15:12:45.705+0000] {dagbag.py:541} INFO - Filling up the DagBag from /usr/local/lib/python3.8/dist-packages/airflow/example_dags/example_params_trigger_ui.py
[2023-06-14T15:12:45.727+0000] {processor.py:836} INFO - DAG(s) dict_keys(['example_params_trigger_ui']) retrieved from /usr/local/lib/python3.8/dist-packages/airflow/example_dags/example_params_trigger_ui.py
[2023-06-14T15:12:45.798+0000] {logging_mixin.py:149} INFO - [2023-06-14T15:12:45.797+0000] {dag.py:2726} INFO - Sync 1 DAGs
[2023-06-14T15:12:45.818+0000] {logging_mixin.py:149} INFO - [2023-06-14T15:12:45.818+0000] {dag.py:3486} INFO - Setting next_dagrun for example_params_trigger_ui to None, run_after=None
[2023-06-14T15:12:45.845+0000] {processor.py:179} INFO - Processing /usr/local/lib/python3.8/dist-packages/airflow/example_dags/example_params_trigger_ui.py took 0.147 seconds
[2023-06-14T15:13:38.334+0000] {processor.py:157} INFO - Started process (PID=14538) to work on /usr/local/lib/python3.8/dist-packages/airflow/example_dags/example_params_trigger_ui.py
[2023-06-14T15:13:38.336+0000] {processor.py:826} INFO - Processing file /usr/local/lib/python3.8/dist-packages/airflow/example_dags/example_params_trigger_ui.py for tasks to queue
[2023-06-14T15:13:38.338+0000] {logging_mixin.py:149} INFO - [2023-06-14T15:13:38.338+0000] {dagbag.py:541} INFO - Filling up the DagBag from /usr/local/lib/python3.8/dist-packages/airflow/example_dags/example_params_trigger_ui.py
[2023-06-14T15:13:38.360+0000] {processor.py:836} INFO - DAG(s) dict_keys(['example_params_trigger_ui']) retrieved from /usr/local/lib/python3.8/dist-packages/airflow/example_dags/example_params_trigger_ui.py
[2023-06-14T15:13:38.434+0000] {logging_mixin.py:149} INFO - [2023-06-14T15:13:38.433+0000] {dag.py:2726} INFO - Sync 1 DAGs
[2023-06-14T15:13:38.456+0000] {logging_mixin.py:149} INFO - [2023-06-14T15:13:38.456+0000] {dag.py:3486} INFO - Setting next_dagrun for example_params_trigger_ui to None, run_after=None
[2023-06-14T15:13:38.483+0000] {processor.py:179} INFO - Processing /usr/local/lib/python3.8/dist-packages/airflow/example_dags/example_params_trigger_ui.py took 0.152 seconds
[2023-06-14T15:14:26.154+0000] {processor.py:157} INFO - Started process (PID=14796) to work on /usr/local/lib/python3.8/dist-packages/airflow/example_dags/example_params_trigger_ui.py
[2023-06-14T15:14:26.155+0000] {processor.py:826} INFO - Processing file /usr/local/lib/python3.8/dist-packages/airflow/example_dags/example_params_trigger_ui.py for tasks to queue
[2023-06-14T15:14:26.158+0000] {logging_mixin.py:149} INFO - [2023-06-14T15:14:26.158+0000] {dagbag.py:541} INFO - Filling up the DagBag from /usr/local/lib/python3.8/dist-packages/airflow/example_dags/example_params_trigger_ui.py
[2023-06-14T15:14:26.180+0000] {processor.py:836} INFO - DAG(s) dict_keys(['example_params_trigger_ui']) retrieved from /usr/local/lib/python3.8/dist-packages/airflow/example_dags/example_params_trigger_ui.py
[2023-06-14T15:14:26.251+0000] {logging_mixin.py:149} INFO - [2023-06-14T15:14:26.250+0000] {dag.py:2726} INFO - Sync 1 DAGs
[2023-06-14T15:14:26.271+0000] {logging_mixin.py:149} INFO - [2023-06-14T15:14:26.271+0000] {dag.py:3486} INFO - Setting next_dagrun for example_params_trigger_ui to None, run_after=None
[2023-06-14T15:14:26.299+0000] {processor.py:179} INFO - Processing /usr/local/lib/python3.8/dist-packages/airflow/example_dags/example_params_trigger_ui.py took 0.149 seconds
[2023-06-14T15:15:17.057+0000] {processor.py:157} INFO - Started process (PID=14950) to work on /usr/local/lib/python3.8/dist-packages/airflow/example_dags/example_params_trigger_ui.py
[2023-06-14T15:15:17.060+0000] {processor.py:826} INFO - Processing file /usr/local/lib/python3.8/dist-packages/airflow/example_dags/example_params_trigger_ui.py for tasks to queue
[2023-06-14T15:15:17.062+0000] {logging_mixin.py:149} INFO - [2023-06-14T15:15:17.062+0000] {dagbag.py:541} INFO - Filling up the DagBag from /usr/local/lib/python3.8/dist-packages/airflow/example_dags/example_params_trigger_ui.py
[2023-06-14T15:15:17.084+0000] {processor.py:836} INFO - DAG(s) dict_keys(['example_params_trigger_ui']) retrieved from /usr/local/lib/python3.8/dist-packages/airflow/example_dags/example_params_trigger_ui.py
[2023-06-14T15:15:17.154+0000] {logging_mixin.py:149} INFO - [2023-06-14T15:15:17.154+0000] {dag.py:2726} INFO - Sync 1 DAGs
[2023-06-14T15:15:17.175+0000] {logging_mixin.py:149} INFO - [2023-06-14T15:15:17.174+0000] {dag.py:3486} INFO - Setting next_dagrun for example_params_trigger_ui to None, run_after=None
[2023-06-14T15:15:17.201+0000] {processor.py:179} INFO - Processing /usr/local/lib/python3.8/dist-packages/airflow/example_dags/example_params_trigger_ui.py took 0.149 seconds
