[2023-06-14T14:17:12.329+0000] {processor.py:157} INFO - Started process (PID=1952) to work on /usr/local/lib/python3.8/dist-packages/airflow/example_dags/example_branch_day_of_week_operator.py
[2023-06-14T14:17:12.330+0000] {processor.py:826} INFO - Processing file /usr/local/lib/python3.8/dist-packages/airflow/example_dags/example_branch_day_of_week_operator.py for tasks to queue
[2023-06-14T14:17:12.332+0000] {logging_mixin.py:149} INFO - [2023-06-14T14:17:12.332+0000] {dagbag.py:541} INFO - Filling up the DagBag from /usr/local/lib/python3.8/dist-packages/airflow/example_dags/example_branch_day_of_week_operator.py
[2023-06-14T14:17:12.340+0000] {processor.py:836} INFO - DAG(s) dict_keys(['example_weekday_branch_operator']) retrieved from /usr/local/lib/python3.8/dist-packages/airflow/example_dags/example_branch_day_of_week_operator.py
[2023-06-14T14:17:12.364+0000] {logging_mixin.py:149} INFO - [2023-06-14T14:17:12.364+0000] {dag.py:2726} INFO - Sync 1 DAGs
[2023-06-14T14:17:12.386+0000] {logging_mixin.py:149} INFO - [2023-06-14T14:17:12.386+0000] {dag.py:3486} INFO - Setting next_dagrun for example_weekday_branch_operator to 2023-06-13T00:00:00+00:00, run_after=2023-06-14T00:00:00+00:00
[2023-06-14T14:17:12.413+0000] {processor.py:179} INFO - Processing /usr/local/lib/python3.8/dist-packages/airflow/example_dags/example_branch_day_of_week_operator.py took 0.088 seconds
[2023-06-14T14:19:35.245+0000] {processor.py:157} INFO - Started process (PID=4138) to work on /usr/local/lib/python3.8/dist-packages/airflow/example_dags/example_branch_day_of_week_operator.py
[2023-06-14T14:19:35.246+0000] {processor.py:826} INFO - Processing file /usr/local/lib/python3.8/dist-packages/airflow/example_dags/example_branch_day_of_week_operator.py for tasks to queue
[2023-06-14T14:19:35.249+0000] {logging_mixin.py:149} INFO - [2023-06-14T14:19:35.249+0000] {dagbag.py:541} INFO - Filling up the DagBag from /usr/local/lib/python3.8/dist-packages/airflow/example_dags/example_branch_day_of_week_operator.py
[2023-06-14T14:19:35.257+0000] {processor.py:836} INFO - DAG(s) dict_keys(['example_weekday_branch_operator']) retrieved from /usr/local/lib/python3.8/dist-packages/airflow/example_dags/example_branch_day_of_week_operator.py
[2023-06-14T14:19:35.282+0000] {logging_mixin.py:149} INFO - [2023-06-14T14:19:35.281+0000] {dag.py:2726} INFO - Sync 1 DAGs
[2023-06-14T14:19:35.303+0000] {logging_mixin.py:149} INFO - [2023-06-14T14:19:35.303+0000] {dag.py:3486} INFO - Setting next_dagrun for example_weekday_branch_operator to 2023-06-13T00:00:00+00:00, run_after=2023-06-14T00:00:00+00:00
[2023-06-14T14:19:35.329+0000] {processor.py:179} INFO - Processing /usr/local/lib/python3.8/dist-packages/airflow/example_dags/example_branch_day_of_week_operator.py took 0.088 seconds
[2023-06-14T14:20:34.132+0000] {processor.py:157} INFO - Started process (PID=4299) to work on /usr/local/lib/python3.8/dist-packages/airflow/example_dags/example_branch_day_of_week_operator.py
[2023-06-14T14:20:34.134+0000] {processor.py:826} INFO - Processing file /usr/local/lib/python3.8/dist-packages/airflow/example_dags/example_branch_day_of_week_operator.py for tasks to queue
[2023-06-14T14:20:34.136+0000] {logging_mixin.py:149} INFO - [2023-06-14T14:20:34.136+0000] {dagbag.py:541} INFO - Filling up the DagBag from /usr/local/lib/python3.8/dist-packages/airflow/example_dags/example_branch_day_of_week_operator.py
[2023-06-14T14:20:34.145+0000] {processor.py:836} INFO - DAG(s) dict_keys(['example_weekday_branch_operator']) retrieved from /usr/local/lib/python3.8/dist-packages/airflow/example_dags/example_branch_day_of_week_operator.py
[2023-06-14T14:20:34.169+0000] {logging_mixin.py:149} INFO - [2023-06-14T14:20:34.168+0000] {dag.py:2726} INFO - Sync 1 DAGs
[2023-06-14T14:20:34.191+0000] {logging_mixin.py:149} INFO - [2023-06-14T14:20:34.190+0000] {dag.py:3486} INFO - Setting next_dagrun for example_weekday_branch_operator to 2023-06-13T00:00:00+00:00, run_after=2023-06-14T00:00:00+00:00
[2023-06-14T14:20:34.222+0000] {processor.py:179} INFO - Processing /usr/local/lib/python3.8/dist-packages/airflow/example_dags/example_branch_day_of_week_operator.py took 0.093 seconds
[2023-06-14T14:21:28.344+0000] {processor.py:157} INFO - Started process (PID=4455) to work on /usr/local/lib/python3.8/dist-packages/airflow/example_dags/example_branch_day_of_week_operator.py
[2023-06-14T14:21:28.346+0000] {processor.py:826} INFO - Processing file /usr/local/lib/python3.8/dist-packages/airflow/example_dags/example_branch_day_of_week_operator.py for tasks to queue
[2023-06-14T14:21:28.348+0000] {logging_mixin.py:149} INFO - [2023-06-14T14:21:28.348+0000] {dagbag.py:541} INFO - Filling up the DagBag from /usr/local/lib/python3.8/dist-packages/airflow/example_dags/example_branch_day_of_week_operator.py
[2023-06-14T14:21:28.356+0000] {processor.py:836} INFO - DAG(s) dict_keys(['example_weekday_branch_operator']) retrieved from /usr/local/lib/python3.8/dist-packages/airflow/example_dags/example_branch_day_of_week_operator.py
[2023-06-14T14:21:28.378+0000] {logging_mixin.py:149} INFO - [2023-06-14T14:21:28.377+0000] {dag.py:2726} INFO - Sync 1 DAGs
[2023-06-14T14:21:28.400+0000] {logging_mixin.py:149} INFO - [2023-06-14T14:21:28.400+0000] {dag.py:3486} INFO - Setting next_dagrun for example_weekday_branch_operator to 2023-06-13T00:00:00+00:00, run_after=2023-06-14T00:00:00+00:00
[2023-06-14T14:21:28.427+0000] {processor.py:179} INFO - Processing /usr/local/lib/python3.8/dist-packages/airflow/example_dags/example_branch_day_of_week_operator.py took 0.087 seconds
[2023-06-14T14:22:21.407+0000] {processor.py:157} INFO - Started process (PID=4617) to work on /usr/local/lib/python3.8/dist-packages/airflow/example_dags/example_branch_day_of_week_operator.py
[2023-06-14T14:22:21.409+0000] {processor.py:826} INFO - Processing file /usr/local/lib/python3.8/dist-packages/airflow/example_dags/example_branch_day_of_week_operator.py for tasks to queue
[2023-06-14T14:22:21.411+0000] {logging_mixin.py:149} INFO - [2023-06-14T14:22:21.411+0000] {dagbag.py:541} INFO - Filling up the DagBag from /usr/local/lib/python3.8/dist-packages/airflow/example_dags/example_branch_day_of_week_operator.py
[2023-06-14T14:22:21.419+0000] {processor.py:836} INFO - DAG(s) dict_keys(['example_weekday_branch_operator']) retrieved from /usr/local/lib/python3.8/dist-packages/airflow/example_dags/example_branch_day_of_week_operator.py
[2023-06-14T14:22:21.442+0000] {logging_mixin.py:149} INFO - [2023-06-14T14:22:21.442+0000] {dag.py:2726} INFO - Sync 1 DAGs
[2023-06-14T14:22:21.463+0000] {logging_mixin.py:149} INFO - [2023-06-14T14:22:21.463+0000] {dag.py:3486} INFO - Setting next_dagrun for example_weekday_branch_operator to 2023-06-13T00:00:00+00:00, run_after=2023-06-14T00:00:00+00:00
[2023-06-14T14:22:21.490+0000] {processor.py:179} INFO - Processing /usr/local/lib/python3.8/dist-packages/airflow/example_dags/example_branch_day_of_week_operator.py took 0.086 seconds
[2023-06-14T14:23:13.087+0000] {processor.py:157} INFO - Started process (PID=4775) to work on /usr/local/lib/python3.8/dist-packages/airflow/example_dags/example_branch_day_of_week_operator.py
[2023-06-14T14:23:13.089+0000] {processor.py:826} INFO - Processing file /usr/local/lib/python3.8/dist-packages/airflow/example_dags/example_branch_day_of_week_operator.py for tasks to queue
[2023-06-14T14:23:13.091+0000] {logging_mixin.py:149} INFO - [2023-06-14T14:23:13.091+0000] {dagbag.py:541} INFO - Filling up the DagBag from /usr/local/lib/python3.8/dist-packages/airflow/example_dags/example_branch_day_of_week_operator.py
[2023-06-14T14:23:13.100+0000] {processor.py:836} INFO - DAG(s) dict_keys(['example_weekday_branch_operator']) retrieved from /usr/local/lib/python3.8/dist-packages/airflow/example_dags/example_branch_day_of_week_operator.py
[2023-06-14T14:23:13.122+0000] {logging_mixin.py:149} INFO - [2023-06-14T14:23:13.121+0000] {dag.py:2726} INFO - Sync 1 DAGs
[2023-06-14T14:23:13.143+0000] {logging_mixin.py:149} INFO - [2023-06-14T14:23:13.143+0000] {dag.py:3486} INFO - Setting next_dagrun for example_weekday_branch_operator to 2023-06-13T00:00:00+00:00, run_after=2023-06-14T00:00:00+00:00
[2023-06-14T14:23:13.172+0000] {processor.py:179} INFO - Processing /usr/local/lib/python3.8/dist-packages/airflow/example_dags/example_branch_day_of_week_operator.py took 0.090 seconds
[2023-06-14T14:24:02.278+0000] {processor.py:157} INFO - Started process (PID=5029) to work on /usr/local/lib/python3.8/dist-packages/airflow/example_dags/example_branch_day_of_week_operator.py
[2023-06-14T14:24:02.279+0000] {processor.py:826} INFO - Processing file /usr/local/lib/python3.8/dist-packages/airflow/example_dags/example_branch_day_of_week_operator.py for tasks to queue
[2023-06-14T14:24:02.281+0000] {logging_mixin.py:149} INFO - [2023-06-14T14:24:02.281+0000] {dagbag.py:541} INFO - Filling up the DagBag from /usr/local/lib/python3.8/dist-packages/airflow/example_dags/example_branch_day_of_week_operator.py
[2023-06-14T14:24:02.290+0000] {processor.py:836} INFO - DAG(s) dict_keys(['example_weekday_branch_operator']) retrieved from /usr/local/lib/python3.8/dist-packages/airflow/example_dags/example_branch_day_of_week_operator.py
[2023-06-14T14:24:02.310+0000] {logging_mixin.py:149} INFO - [2023-06-14T14:24:02.310+0000] {dag.py:2726} INFO - Sync 1 DAGs
[2023-06-14T14:24:02.332+0000] {logging_mixin.py:149} INFO - [2023-06-14T14:24:02.331+0000] {dag.py:3486} INFO - Setting next_dagrun for example_weekday_branch_operator to 2023-06-13T00:00:00+00:00, run_after=2023-06-14T00:00:00+00:00
[2023-06-14T14:24:02.359+0000] {processor.py:179} INFO - Processing /usr/local/lib/python3.8/dist-packages/airflow/example_dags/example_branch_day_of_week_operator.py took 0.085 seconds
[2023-06-14T14:24:52.691+0000] {processor.py:157} INFO - Started process (PID=5186) to work on /usr/local/lib/python3.8/dist-packages/airflow/example_dags/example_branch_day_of_week_operator.py
[2023-06-14T14:24:52.692+0000] {processor.py:826} INFO - Processing file /usr/local/lib/python3.8/dist-packages/airflow/example_dags/example_branch_day_of_week_operator.py for tasks to queue
[2023-06-14T14:24:52.695+0000] {logging_mixin.py:149} INFO - [2023-06-14T14:24:52.695+0000] {dagbag.py:541} INFO - Filling up the DagBag from /usr/local/lib/python3.8/dist-packages/airflow/example_dags/example_branch_day_of_week_operator.py
[2023-06-14T14:24:52.703+0000] {processor.py:836} INFO - DAG(s) dict_keys(['example_weekday_branch_operator']) retrieved from /usr/local/lib/python3.8/dist-packages/airflow/example_dags/example_branch_day_of_week_operator.py
[2023-06-14T14:24:52.727+0000] {logging_mixin.py:149} INFO - [2023-06-14T14:24:52.726+0000] {dag.py:2726} INFO - Sync 1 DAGs
[2023-06-14T14:24:52.748+0000] {logging_mixin.py:149} INFO - [2023-06-14T14:24:52.748+0000] {dag.py:3486} INFO - Setting next_dagrun for example_weekday_branch_operator to 2023-06-13T00:00:00+00:00, run_after=2023-06-14T00:00:00+00:00
[2023-06-14T14:24:52.776+0000] {processor.py:179} INFO - Processing /usr/local/lib/python3.8/dist-packages/airflow/example_dags/example_branch_day_of_week_operator.py took 0.090 seconds
[2023-06-14T14:25:40.274+0000] {processor.py:157} INFO - Started process (PID=5235) to work on /usr/local/lib/python3.8/dist-packages/airflow/example_dags/example_branch_day_of_week_operator.py
[2023-06-14T14:25:40.275+0000] {processor.py:826} INFO - Processing file /usr/local/lib/python3.8/dist-packages/airflow/example_dags/example_branch_day_of_week_operator.py for tasks to queue
[2023-06-14T14:25:40.277+0000] {logging_mixin.py:149} INFO - [2023-06-14T14:25:40.277+0000] {dagbag.py:541} INFO - Filling up the DagBag from /usr/local/lib/python3.8/dist-packages/airflow/example_dags/example_branch_day_of_week_operator.py
[2023-06-14T14:25:40.285+0000] {processor.py:836} INFO - DAG(s) dict_keys(['example_weekday_branch_operator']) retrieved from /usr/local/lib/python3.8/dist-packages/airflow/example_dags/example_branch_day_of_week_operator.py
[2023-06-14T14:25:40.307+0000] {logging_mixin.py:149} INFO - [2023-06-14T14:25:40.307+0000] {dag.py:2726} INFO - Sync 1 DAGs
[2023-06-14T14:25:40.329+0000] {logging_mixin.py:149} INFO - [2023-06-14T14:25:40.328+0000] {dag.py:3486} INFO - Setting next_dagrun for example_weekday_branch_operator to 2023-06-13T00:00:00+00:00, run_after=2023-06-14T00:00:00+00:00
[2023-06-14T14:25:40.589+0000] {processor.py:179} INFO - Processing /usr/local/lib/python3.8/dist-packages/airflow/example_dags/example_branch_day_of_week_operator.py took 0.319 seconds
[2023-06-14T14:26:34.819+0000] {processor.py:157} INFO - Started process (PID=5394) to work on /usr/local/lib/python3.8/dist-packages/airflow/example_dags/example_branch_day_of_week_operator.py
[2023-06-14T14:26:34.820+0000] {processor.py:826} INFO - Processing file /usr/local/lib/python3.8/dist-packages/airflow/example_dags/example_branch_day_of_week_operator.py for tasks to queue
[2023-06-14T14:26:34.823+0000] {logging_mixin.py:149} INFO - [2023-06-14T14:26:34.823+0000] {dagbag.py:541} INFO - Filling up the DagBag from /usr/local/lib/python3.8/dist-packages/airflow/example_dags/example_branch_day_of_week_operator.py
[2023-06-14T14:26:34.831+0000] {processor.py:836} INFO - DAG(s) dict_keys(['example_weekday_branch_operator']) retrieved from /usr/local/lib/python3.8/dist-packages/airflow/example_dags/example_branch_day_of_week_operator.py
[2023-06-14T14:26:34.853+0000] {logging_mixin.py:149} INFO - [2023-06-14T14:26:34.853+0000] {dag.py:2726} INFO - Sync 1 DAGs
[2023-06-14T14:26:34.875+0000] {logging_mixin.py:149} INFO - [2023-06-14T14:26:34.875+0000] {dag.py:3486} INFO - Setting next_dagrun for example_weekday_branch_operator to 2023-06-13T00:00:00+00:00, run_after=2023-06-14T00:00:00+00:00
[2023-06-14T14:26:34.940+0000] {processor.py:179} INFO - Processing /usr/local/lib/python3.8/dist-packages/airflow/example_dags/example_branch_day_of_week_operator.py took 0.125 seconds
[2023-06-14T14:27:26.337+0000] {processor.py:157} INFO - Started process (PID=5552) to work on /usr/local/lib/python3.8/dist-packages/airflow/example_dags/example_branch_day_of_week_operator.py
[2023-06-14T14:27:26.339+0000] {processor.py:826} INFO - Processing file /usr/local/lib/python3.8/dist-packages/airflow/example_dags/example_branch_day_of_week_operator.py for tasks to queue
[2023-06-14T14:27:26.341+0000] {logging_mixin.py:149} INFO - [2023-06-14T14:27:26.341+0000] {dagbag.py:541} INFO - Filling up the DagBag from /usr/local/lib/python3.8/dist-packages/airflow/example_dags/example_branch_day_of_week_operator.py
[2023-06-14T14:27:26.349+0000] {processor.py:836} INFO - DAG(s) dict_keys(['example_weekday_branch_operator']) retrieved from /usr/local/lib/python3.8/dist-packages/airflow/example_dags/example_branch_day_of_week_operator.py
[2023-06-14T14:27:26.370+0000] {logging_mixin.py:149} INFO - [2023-06-14T14:27:26.370+0000] {dag.py:2726} INFO - Sync 1 DAGs
[2023-06-14T14:27:26.392+0000] {logging_mixin.py:149} INFO - [2023-06-14T14:27:26.391+0000] {dag.py:3486} INFO - Setting next_dagrun for example_weekday_branch_operator to 2023-06-13T00:00:00+00:00, run_after=2023-06-14T00:00:00+00:00
[2023-06-14T14:27:26.441+0000] {processor.py:179} INFO - Processing /usr/local/lib/python3.8/dist-packages/airflow/example_dags/example_branch_day_of_week_operator.py took 0.108 seconds
[2023-06-14T14:28:20.353+0000] {processor.py:157} INFO - Started process (PID=5710) to work on /usr/local/lib/python3.8/dist-packages/airflow/example_dags/example_branch_day_of_week_operator.py
[2023-06-14T14:28:20.354+0000] {processor.py:826} INFO - Processing file /usr/local/lib/python3.8/dist-packages/airflow/example_dags/example_branch_day_of_week_operator.py for tasks to queue
[2023-06-14T14:28:20.356+0000] {logging_mixin.py:149} INFO - [2023-06-14T14:28:20.356+0000] {dagbag.py:541} INFO - Filling up the DagBag from /usr/local/lib/python3.8/dist-packages/airflow/example_dags/example_branch_day_of_week_operator.py
[2023-06-14T14:28:20.365+0000] {processor.py:836} INFO - DAG(s) dict_keys(['example_weekday_branch_operator']) retrieved from /usr/local/lib/python3.8/dist-packages/airflow/example_dags/example_branch_day_of_week_operator.py
[2023-06-14T14:28:20.386+0000] {logging_mixin.py:149} INFO - [2023-06-14T14:28:20.386+0000] {dag.py:2726} INFO - Sync 1 DAGs
[2023-06-14T14:28:20.407+0000] {logging_mixin.py:149} INFO - [2023-06-14T14:28:20.407+0000] {dag.py:3486} INFO - Setting next_dagrun for example_weekday_branch_operator to 2023-06-13T00:00:00+00:00, run_after=2023-06-14T00:00:00+00:00
[2023-06-14T14:28:20.436+0000] {processor.py:179} INFO - Processing /usr/local/lib/python3.8/dist-packages/airflow/example_dags/example_branch_day_of_week_operator.py took 0.087 seconds
[2023-06-14T14:29:10.844+0000] {processor.py:157} INFO - Started process (PID=5969) to work on /usr/local/lib/python3.8/dist-packages/airflow/example_dags/example_branch_day_of_week_operator.py
[2023-06-14T14:29:10.845+0000] {processor.py:826} INFO - Processing file /usr/local/lib/python3.8/dist-packages/airflow/example_dags/example_branch_day_of_week_operator.py for tasks to queue
[2023-06-14T14:29:10.847+0000] {logging_mixin.py:149} INFO - [2023-06-14T14:29:10.847+0000] {dagbag.py:541} INFO - Filling up the DagBag from /usr/local/lib/python3.8/dist-packages/airflow/example_dags/example_branch_day_of_week_operator.py
[2023-06-14T14:29:10.856+0000] {processor.py:836} INFO - DAG(s) dict_keys(['example_weekday_branch_operator']) retrieved from /usr/local/lib/python3.8/dist-packages/airflow/example_dags/example_branch_day_of_week_operator.py
[2023-06-14T14:29:10.878+0000] {logging_mixin.py:149} INFO - [2023-06-14T14:29:10.877+0000] {dag.py:2726} INFO - Sync 1 DAGs
[2023-06-14T14:29:10.899+0000] {logging_mixin.py:149} INFO - [2023-06-14T14:29:10.899+0000] {dag.py:3486} INFO - Setting next_dagrun for example_weekday_branch_operator to 2023-06-13T00:00:00+00:00, run_after=2023-06-14T00:00:00+00:00
[2023-06-14T14:29:10.930+0000] {processor.py:179} INFO - Processing /usr/local/lib/python3.8/dist-packages/airflow/example_dags/example_branch_day_of_week_operator.py took 0.090 seconds
[2023-06-14T14:30:03.192+0000] {processor.py:157} INFO - Started process (PID=6124) to work on /usr/local/lib/python3.8/dist-packages/airflow/example_dags/example_branch_day_of_week_operator.py
[2023-06-14T14:30:03.193+0000] {processor.py:826} INFO - Processing file /usr/local/lib/python3.8/dist-packages/airflow/example_dags/example_branch_day_of_week_operator.py for tasks to queue
[2023-06-14T14:30:03.195+0000] {logging_mixin.py:149} INFO - [2023-06-14T14:30:03.195+0000] {dagbag.py:541} INFO - Filling up the DagBag from /usr/local/lib/python3.8/dist-packages/airflow/example_dags/example_branch_day_of_week_operator.py
[2023-06-14T14:30:03.203+0000] {processor.py:836} INFO - DAG(s) dict_keys(['example_weekday_branch_operator']) retrieved from /usr/local/lib/python3.8/dist-packages/airflow/example_dags/example_branch_day_of_week_operator.py
[2023-06-14T14:30:03.224+0000] {logging_mixin.py:149} INFO - [2023-06-14T14:30:03.224+0000] {dag.py:2726} INFO - Sync 1 DAGs
[2023-06-14T14:30:03.246+0000] {logging_mixin.py:149} INFO - [2023-06-14T14:30:03.246+0000] {dag.py:3486} INFO - Setting next_dagrun for example_weekday_branch_operator to 2023-06-13T00:00:00+00:00, run_after=2023-06-14T00:00:00+00:00
[2023-06-14T14:30:03.274+0000] {processor.py:179} INFO - Processing /usr/local/lib/python3.8/dist-packages/airflow/example_dags/example_branch_day_of_week_operator.py took 0.086 seconds
[2023-06-14T14:30:58.939+0000] {processor.py:157} INFO - Started process (PID=6283) to work on /usr/local/lib/python3.8/dist-packages/airflow/example_dags/example_branch_day_of_week_operator.py
[2023-06-14T14:30:58.940+0000] {processor.py:826} INFO - Processing file /usr/local/lib/python3.8/dist-packages/airflow/example_dags/example_branch_day_of_week_operator.py for tasks to queue
[2023-06-14T14:30:58.942+0000] {logging_mixin.py:149} INFO - [2023-06-14T14:30:58.942+0000] {dagbag.py:541} INFO - Filling up the DagBag from /usr/local/lib/python3.8/dist-packages/airflow/example_dags/example_branch_day_of_week_operator.py
[2023-06-14T14:30:58.951+0000] {processor.py:836} INFO - DAG(s) dict_keys(['example_weekday_branch_operator']) retrieved from /usr/local/lib/python3.8/dist-packages/airflow/example_dags/example_branch_day_of_week_operator.py
[2023-06-14T14:30:58.972+0000] {logging_mixin.py:149} INFO - [2023-06-14T14:30:58.972+0000] {dag.py:2726} INFO - Sync 1 DAGs
[2023-06-14T14:30:58.994+0000] {logging_mixin.py:149} INFO - [2023-06-14T14:30:58.994+0000] {dag.py:3486} INFO - Setting next_dagrun for example_weekday_branch_operator to 2023-06-13T00:00:00+00:00, run_after=2023-06-14T00:00:00+00:00
[2023-06-14T14:30:59.020+0000] {processor.py:179} INFO - Processing /usr/local/lib/python3.8/dist-packages/airflow/example_dags/example_branch_day_of_week_operator.py took 0.085 seconds
[2023-06-14T14:31:50.771+0000] {processor.py:157} INFO - Started process (PID=6376) to work on /usr/local/lib/python3.8/dist-packages/airflow/example_dags/example_branch_day_of_week_operator.py
[2023-06-14T14:31:50.772+0000] {processor.py:826} INFO - Processing file /usr/local/lib/python3.8/dist-packages/airflow/example_dags/example_branch_day_of_week_operator.py for tasks to queue
[2023-06-14T14:31:50.775+0000] {logging_mixin.py:149} INFO - [2023-06-14T14:31:50.774+0000] {dagbag.py:541} INFO - Filling up the DagBag from /usr/local/lib/python3.8/dist-packages/airflow/example_dags/example_branch_day_of_week_operator.py
[2023-06-14T14:31:50.783+0000] {processor.py:836} INFO - DAG(s) dict_keys(['example_weekday_branch_operator']) retrieved from /usr/local/lib/python3.8/dist-packages/airflow/example_dags/example_branch_day_of_week_operator.py
[2023-06-14T14:31:50.804+0000] {logging_mixin.py:149} INFO - [2023-06-14T14:31:50.803+0000] {dag.py:2726} INFO - Sync 1 DAGs
[2023-06-14T14:31:50.825+0000] {logging_mixin.py:149} INFO - [2023-06-14T14:31:50.825+0000] {dag.py:3486} INFO - Setting next_dagrun for example_weekday_branch_operator to 2023-06-13T00:00:00+00:00, run_after=2023-06-14T00:00:00+00:00
[2023-06-14T14:31:50.852+0000] {processor.py:179} INFO - Processing /usr/local/lib/python3.8/dist-packages/airflow/example_dags/example_branch_day_of_week_operator.py took 0.085 seconds
[2023-06-14T14:32:42.461+0000] {processor.py:157} INFO - Started process (PID=6499) to work on /usr/local/lib/python3.8/dist-packages/airflow/example_dags/example_branch_day_of_week_operator.py
[2023-06-14T14:32:42.463+0000] {processor.py:826} INFO - Processing file /usr/local/lib/python3.8/dist-packages/airflow/example_dags/example_branch_day_of_week_operator.py for tasks to queue
[2023-06-14T14:32:42.466+0000] {logging_mixin.py:149} INFO - [2023-06-14T14:32:42.466+0000] {dagbag.py:541} INFO - Filling up the DagBag from /usr/local/lib/python3.8/dist-packages/airflow/example_dags/example_branch_day_of_week_operator.py
[2023-06-14T14:32:42.477+0000] {processor.py:836} INFO - DAG(s) dict_keys(['example_weekday_branch_operator']) retrieved from /usr/local/lib/python3.8/dist-packages/airflow/example_dags/example_branch_day_of_week_operator.py
[2023-06-14T14:32:42.499+0000] {logging_mixin.py:149} INFO - [2023-06-14T14:32:42.499+0000] {dag.py:2726} INFO - Sync 1 DAGs
[2023-06-14T14:32:42.521+0000] {logging_mixin.py:149} INFO - [2023-06-14T14:32:42.521+0000] {dag.py:3486} INFO - Setting next_dagrun for example_weekday_branch_operator to 2023-06-13T00:00:00+00:00, run_after=2023-06-14T00:00:00+00:00
[2023-06-14T14:32:42.549+0000] {processor.py:179} INFO - Processing /usr/local/lib/python3.8/dist-packages/airflow/example_dags/example_branch_day_of_week_operator.py took 0.092 seconds
[2023-06-14T14:33:31.272+0000] {processor.py:157} INFO - Started process (PID=6652) to work on /usr/local/lib/python3.8/dist-packages/airflow/example_dags/example_branch_day_of_week_operator.py
[2023-06-14T14:33:31.273+0000] {processor.py:826} INFO - Processing file /usr/local/lib/python3.8/dist-packages/airflow/example_dags/example_branch_day_of_week_operator.py for tasks to queue
[2023-06-14T14:33:31.275+0000] {logging_mixin.py:149} INFO - [2023-06-14T14:33:31.275+0000] {dagbag.py:541} INFO - Filling up the DagBag from /usr/local/lib/python3.8/dist-packages/airflow/example_dags/example_branch_day_of_week_operator.py
[2023-06-14T14:33:31.284+0000] {processor.py:836} INFO - DAG(s) dict_keys(['example_weekday_branch_operator']) retrieved from /usr/local/lib/python3.8/dist-packages/airflow/example_dags/example_branch_day_of_week_operator.py
[2023-06-14T14:33:31.305+0000] {logging_mixin.py:149} INFO - [2023-06-14T14:33:31.305+0000] {dag.py:2726} INFO - Sync 1 DAGs
[2023-06-14T14:33:31.326+0000] {logging_mixin.py:149} INFO - [2023-06-14T14:33:31.326+0000] {dag.py:3486} INFO - Setting next_dagrun for example_weekday_branch_operator to 2023-06-13T00:00:00+00:00, run_after=2023-06-14T00:00:00+00:00
[2023-06-14T14:33:31.359+0000] {processor.py:179} INFO - Processing /usr/local/lib/python3.8/dist-packages/airflow/example_dags/example_branch_day_of_week_operator.py took 0.091 seconds
[2023-06-14T14:34:26.625+0000] {processor.py:157} INFO - Started process (PID=6911) to work on /usr/local/lib/python3.8/dist-packages/airflow/example_dags/example_branch_day_of_week_operator.py
[2023-06-14T14:34:26.627+0000] {processor.py:826} INFO - Processing file /usr/local/lib/python3.8/dist-packages/airflow/example_dags/example_branch_day_of_week_operator.py for tasks to queue
[2023-06-14T14:34:26.629+0000] {logging_mixin.py:149} INFO - [2023-06-14T14:34:26.629+0000] {dagbag.py:541} INFO - Filling up the DagBag from /usr/local/lib/python3.8/dist-packages/airflow/example_dags/example_branch_day_of_week_operator.py
[2023-06-14T14:34:26.638+0000] {processor.py:836} INFO - DAG(s) dict_keys(['example_weekday_branch_operator']) retrieved from /usr/local/lib/python3.8/dist-packages/airflow/example_dags/example_branch_day_of_week_operator.py
[2023-06-14T14:34:26.659+0000] {logging_mixin.py:149} INFO - [2023-06-14T14:34:26.658+0000] {dag.py:2726} INFO - Sync 1 DAGs
[2023-06-14T14:34:26.680+0000] {logging_mixin.py:149} INFO - [2023-06-14T14:34:26.680+0000] {dag.py:3486} INFO - Setting next_dagrun for example_weekday_branch_operator to 2023-06-13T00:00:00+00:00, run_after=2023-06-14T00:00:00+00:00
[2023-06-14T14:34:26.708+0000] {processor.py:179} INFO - Processing /usr/local/lib/python3.8/dist-packages/airflow/example_dags/example_branch_day_of_week_operator.py took 0.087 seconds
[2023-06-14T14:35:18.363+0000] {processor.py:157} INFO - Started process (PID=7071) to work on /usr/local/lib/python3.8/dist-packages/airflow/example_dags/example_branch_day_of_week_operator.py
[2023-06-14T14:35:18.364+0000] {processor.py:826} INFO - Processing file /usr/local/lib/python3.8/dist-packages/airflow/example_dags/example_branch_day_of_week_operator.py for tasks to queue
[2023-06-14T14:35:18.367+0000] {logging_mixin.py:149} INFO - [2023-06-14T14:35:18.366+0000] {dagbag.py:541} INFO - Filling up the DagBag from /usr/local/lib/python3.8/dist-packages/airflow/example_dags/example_branch_day_of_week_operator.py
[2023-06-14T14:35:18.375+0000] {processor.py:836} INFO - DAG(s) dict_keys(['example_weekday_branch_operator']) retrieved from /usr/local/lib/python3.8/dist-packages/airflow/example_dags/example_branch_day_of_week_operator.py
[2023-06-14T14:35:18.396+0000] {logging_mixin.py:149} INFO - [2023-06-14T14:35:18.395+0000] {dag.py:2726} INFO - Sync 1 DAGs
[2023-06-14T14:35:18.416+0000] {logging_mixin.py:149} INFO - [2023-06-14T14:35:18.416+0000] {dag.py:3486} INFO - Setting next_dagrun for example_weekday_branch_operator to 2023-06-13T00:00:00+00:00, run_after=2023-06-14T00:00:00+00:00
[2023-06-14T14:35:18.444+0000] {processor.py:179} INFO - Processing /usr/local/lib/python3.8/dist-packages/airflow/example_dags/example_branch_day_of_week_operator.py took 0.085 seconds
[2023-06-14T14:36:10.078+0000] {processor.py:157} INFO - Started process (PID=7228) to work on /usr/local/lib/python3.8/dist-packages/airflow/example_dags/example_branch_day_of_week_operator.py
[2023-06-14T14:36:10.079+0000] {processor.py:826} INFO - Processing file /usr/local/lib/python3.8/dist-packages/airflow/example_dags/example_branch_day_of_week_operator.py for tasks to queue
[2023-06-14T14:36:10.082+0000] {logging_mixin.py:149} INFO - [2023-06-14T14:36:10.082+0000] {dagbag.py:541} INFO - Filling up the DagBag from /usr/local/lib/python3.8/dist-packages/airflow/example_dags/example_branch_day_of_week_operator.py
[2023-06-14T14:36:10.090+0000] {processor.py:836} INFO - DAG(s) dict_keys(['example_weekday_branch_operator']) retrieved from /usr/local/lib/python3.8/dist-packages/airflow/example_dags/example_branch_day_of_week_operator.py
[2023-06-14T14:36:10.112+0000] {logging_mixin.py:149} INFO - [2023-06-14T14:36:10.111+0000] {dag.py:2726} INFO - Sync 1 DAGs
[2023-06-14T14:36:10.134+0000] {logging_mixin.py:149} INFO - [2023-06-14T14:36:10.134+0000] {dag.py:3486} INFO - Setting next_dagrun for example_weekday_branch_operator to 2023-06-13T00:00:00+00:00, run_after=2023-06-14T00:00:00+00:00
[2023-06-14T14:36:10.168+0000] {processor.py:179} INFO - Processing /usr/local/lib/python3.8/dist-packages/airflow/example_dags/example_branch_day_of_week_operator.py took 0.094 seconds
[2023-06-14T14:37:03.178+0000] {processor.py:157} INFO - Started process (PID=7390) to work on /usr/local/lib/python3.8/dist-packages/airflow/example_dags/example_branch_day_of_week_operator.py
[2023-06-14T14:37:03.180+0000] {processor.py:826} INFO - Processing file /usr/local/lib/python3.8/dist-packages/airflow/example_dags/example_branch_day_of_week_operator.py for tasks to queue
[2023-06-14T14:37:03.182+0000] {logging_mixin.py:149} INFO - [2023-06-14T14:37:03.182+0000] {dagbag.py:541} INFO - Filling up the DagBag from /usr/local/lib/python3.8/dist-packages/airflow/example_dags/example_branch_day_of_week_operator.py
[2023-06-14T14:37:03.190+0000] {processor.py:836} INFO - DAG(s) dict_keys(['example_weekday_branch_operator']) retrieved from /usr/local/lib/python3.8/dist-packages/airflow/example_dags/example_branch_day_of_week_operator.py
[2023-06-14T14:37:03.212+0000] {logging_mixin.py:149} INFO - [2023-06-14T14:37:03.212+0000] {dag.py:2726} INFO - Sync 1 DAGs
[2023-06-14T14:37:03.234+0000] {logging_mixin.py:149} INFO - [2023-06-14T14:37:03.234+0000] {dag.py:3486} INFO - Setting next_dagrun for example_weekday_branch_operator to 2023-06-13T00:00:00+00:00, run_after=2023-06-14T00:00:00+00:00
[2023-06-14T14:37:03.259+0000] {processor.py:179} INFO - Processing /usr/local/lib/python3.8/dist-packages/airflow/example_dags/example_branch_day_of_week_operator.py took 0.085 seconds
[2023-06-14T14:37:55.039+0000] {processor.py:157} INFO - Started process (PID=7545) to work on /usr/local/lib/python3.8/dist-packages/airflow/example_dags/example_branch_day_of_week_operator.py
[2023-06-14T14:37:55.040+0000] {processor.py:826} INFO - Processing file /usr/local/lib/python3.8/dist-packages/airflow/example_dags/example_branch_day_of_week_operator.py for tasks to queue
[2023-06-14T14:37:55.042+0000] {logging_mixin.py:149} INFO - [2023-06-14T14:37:55.042+0000] {dagbag.py:541} INFO - Filling up the DagBag from /usr/local/lib/python3.8/dist-packages/airflow/example_dags/example_branch_day_of_week_operator.py
[2023-06-14T14:37:55.051+0000] {processor.py:836} INFO - DAG(s) dict_keys(['example_weekday_branch_operator']) retrieved from /usr/local/lib/python3.8/dist-packages/airflow/example_dags/example_branch_day_of_week_operator.py
[2023-06-14T14:37:55.072+0000] {logging_mixin.py:149} INFO - [2023-06-14T14:37:55.072+0000] {dag.py:2726} INFO - Sync 1 DAGs
[2023-06-14T14:37:55.094+0000] {logging_mixin.py:149} INFO - [2023-06-14T14:37:55.093+0000] {dag.py:3486} INFO - Setting next_dagrun for example_weekday_branch_operator to 2023-06-13T00:00:00+00:00, run_after=2023-06-14T00:00:00+00:00
[2023-06-14T14:37:55.123+0000] {processor.py:179} INFO - Processing /usr/local/lib/python3.8/dist-packages/airflow/example_dags/example_branch_day_of_week_operator.py took 0.089 seconds
[2023-06-14T14:38:45.149+0000] {processor.py:157} INFO - Started process (PID=7597) to work on /usr/local/lib/python3.8/dist-packages/airflow/example_dags/example_branch_day_of_week_operator.py
[2023-06-14T14:38:45.151+0000] {processor.py:826} INFO - Processing file /usr/local/lib/python3.8/dist-packages/airflow/example_dags/example_branch_day_of_week_operator.py for tasks to queue
[2023-06-14T14:38:45.153+0000] {logging_mixin.py:149} INFO - [2023-06-14T14:38:45.153+0000] {dagbag.py:541} INFO - Filling up the DagBag from /usr/local/lib/python3.8/dist-packages/airflow/example_dags/example_branch_day_of_week_operator.py
[2023-06-14T14:38:45.164+0000] {processor.py:836} INFO - DAG(s) dict_keys(['example_weekday_branch_operator']) retrieved from /usr/local/lib/python3.8/dist-packages/airflow/example_dags/example_branch_day_of_week_operator.py
[2023-06-14T14:38:45.187+0000] {logging_mixin.py:149} INFO - [2023-06-14T14:38:45.186+0000] {dag.py:2726} INFO - Sync 1 DAGs
[2023-06-14T14:38:45.209+0000] {logging_mixin.py:149} INFO - [2023-06-14T14:38:45.209+0000] {dag.py:3486} INFO - Setting next_dagrun for example_weekday_branch_operator to 2023-06-13T00:00:00+00:00, run_after=2023-06-14T00:00:00+00:00
[2023-06-14T14:38:45.238+0000] {processor.py:179} INFO - Processing /usr/local/lib/python3.8/dist-packages/airflow/example_dags/example_branch_day_of_week_operator.py took 0.093 seconds
[2023-06-14T14:39:30.542+0000] {processor.py:157} INFO - Started process (PID=7748) to work on /usr/local/lib/python3.8/dist-packages/airflow/example_dags/example_branch_day_of_week_operator.py
[2023-06-14T14:39:30.543+0000] {processor.py:826} INFO - Processing file /usr/local/lib/python3.8/dist-packages/airflow/example_dags/example_branch_day_of_week_operator.py for tasks to queue
[2023-06-14T14:39:30.546+0000] {logging_mixin.py:149} INFO - [2023-06-14T14:39:30.546+0000] {dagbag.py:541} INFO - Filling up the DagBag from /usr/local/lib/python3.8/dist-packages/airflow/example_dags/example_branch_day_of_week_operator.py
[2023-06-14T14:39:30.554+0000] {processor.py:836} INFO - DAG(s) dict_keys(['example_weekday_branch_operator']) retrieved from /usr/local/lib/python3.8/dist-packages/airflow/example_dags/example_branch_day_of_week_operator.py
[2023-06-14T14:39:30.576+0000] {logging_mixin.py:149} INFO - [2023-06-14T14:39:30.576+0000] {dag.py:2726} INFO - Sync 1 DAGs
[2023-06-14T14:39:30.599+0000] {logging_mixin.py:149} INFO - [2023-06-14T14:39:30.599+0000] {dag.py:3486} INFO - Setting next_dagrun for example_weekday_branch_operator to 2023-06-13T00:00:00+00:00, run_after=2023-06-14T00:00:00+00:00
[2023-06-14T14:39:30.628+0000] {processor.py:179} INFO - Processing /usr/local/lib/python3.8/dist-packages/airflow/example_dags/example_branch_day_of_week_operator.py took 0.090 seconds
[2023-06-14T14:40:24.617+0000] {processor.py:157} INFO - Started process (PID=7904) to work on /usr/local/lib/python3.8/dist-packages/airflow/example_dags/example_branch_day_of_week_operator.py
[2023-06-14T14:40:24.618+0000] {processor.py:826} INFO - Processing file /usr/local/lib/python3.8/dist-packages/airflow/example_dags/example_branch_day_of_week_operator.py for tasks to queue
[2023-06-14T14:40:24.620+0000] {logging_mixin.py:149} INFO - [2023-06-14T14:40:24.620+0000] {dagbag.py:541} INFO - Filling up the DagBag from /usr/local/lib/python3.8/dist-packages/airflow/example_dags/example_branch_day_of_week_operator.py
[2023-06-14T14:40:24.629+0000] {processor.py:836} INFO - DAG(s) dict_keys(['example_weekday_branch_operator']) retrieved from /usr/local/lib/python3.8/dist-packages/airflow/example_dags/example_branch_day_of_week_operator.py
[2023-06-14T14:40:24.651+0000] {logging_mixin.py:149} INFO - [2023-06-14T14:40:24.650+0000] {dag.py:2726} INFO - Sync 1 DAGs
[2023-06-14T14:40:24.673+0000] {logging_mixin.py:149} INFO - [2023-06-14T14:40:24.672+0000] {dag.py:3486} INFO - Setting next_dagrun for example_weekday_branch_operator to 2023-06-13T00:00:00+00:00, run_after=2023-06-14T00:00:00+00:00
[2023-06-14T14:40:24.701+0000] {processor.py:179} INFO - Processing /usr/local/lib/python3.8/dist-packages/airflow/example_dags/example_branch_day_of_week_operator.py took 0.088 seconds
[2023-06-14T14:41:18.665+0000] {processor.py:157} INFO - Started process (PID=8062) to work on /usr/local/lib/python3.8/dist-packages/airflow/example_dags/example_branch_day_of_week_operator.py
[2023-06-14T14:41:18.667+0000] {processor.py:826} INFO - Processing file /usr/local/lib/python3.8/dist-packages/airflow/example_dags/example_branch_day_of_week_operator.py for tasks to queue
[2023-06-14T14:41:18.669+0000] {logging_mixin.py:149} INFO - [2023-06-14T14:41:18.669+0000] {dagbag.py:541} INFO - Filling up the DagBag from /usr/local/lib/python3.8/dist-packages/airflow/example_dags/example_branch_day_of_week_operator.py
[2023-06-14T14:41:18.678+0000] {processor.py:836} INFO - DAG(s) dict_keys(['example_weekday_branch_operator']) retrieved from /usr/local/lib/python3.8/dist-packages/airflow/example_dags/example_branch_day_of_week_operator.py
[2023-06-14T14:41:18.701+0000] {logging_mixin.py:149} INFO - [2023-06-14T14:41:18.701+0000] {dag.py:2726} INFO - Sync 1 DAGs
[2023-06-14T14:41:18.723+0000] {logging_mixin.py:149} INFO - [2023-06-14T14:41:18.723+0000] {dag.py:3486} INFO - Setting next_dagrun for example_weekday_branch_operator to 2023-06-13T00:00:00+00:00, run_after=2023-06-14T00:00:00+00:00
[2023-06-14T14:41:18.751+0000] {processor.py:179} INFO - Processing /usr/local/lib/python3.8/dist-packages/airflow/example_dags/example_branch_day_of_week_operator.py took 0.089 seconds
[2023-06-14T14:42:12.894+0000] {processor.py:157} INFO - Started process (PID=8224) to work on /usr/local/lib/python3.8/dist-packages/airflow/example_dags/example_branch_day_of_week_operator.py
[2023-06-14T14:42:12.896+0000] {processor.py:826} INFO - Processing file /usr/local/lib/python3.8/dist-packages/airflow/example_dags/example_branch_day_of_week_operator.py for tasks to queue
[2023-06-14T14:42:12.898+0000] {logging_mixin.py:149} INFO - [2023-06-14T14:42:12.898+0000] {dagbag.py:541} INFO - Filling up the DagBag from /usr/local/lib/python3.8/dist-packages/airflow/example_dags/example_branch_day_of_week_operator.py
[2023-06-14T14:42:12.907+0000] {processor.py:836} INFO - DAG(s) dict_keys(['example_weekday_branch_operator']) retrieved from /usr/local/lib/python3.8/dist-packages/airflow/example_dags/example_branch_day_of_week_operator.py
[2023-06-14T14:42:12.929+0000] {logging_mixin.py:149} INFO - [2023-06-14T14:42:12.928+0000] {dag.py:2726} INFO - Sync 1 DAGs
[2023-06-14T14:42:12.955+0000] {logging_mixin.py:149} INFO - [2023-06-14T14:42:12.955+0000] {dag.py:3486} INFO - Setting next_dagrun for example_weekday_branch_operator to 2023-06-13T00:00:00+00:00, run_after=2023-06-14T00:00:00+00:00
[2023-06-14T14:42:12.983+0000] {processor.py:179} INFO - Processing /usr/local/lib/python3.8/dist-packages/airflow/example_dags/example_branch_day_of_week_operator.py took 0.092 seconds
[2023-06-14T14:43:09.433+0000] {processor.py:157} INFO - Started process (PID=8382) to work on /usr/local/lib/python3.8/dist-packages/airflow/example_dags/example_branch_day_of_week_operator.py
[2023-06-14T14:43:09.434+0000] {processor.py:826} INFO - Processing file /usr/local/lib/python3.8/dist-packages/airflow/example_dags/example_branch_day_of_week_operator.py for tasks to queue
[2023-06-14T14:43:09.437+0000] {logging_mixin.py:149} INFO - [2023-06-14T14:43:09.436+0000] {dagbag.py:541} INFO - Filling up the DagBag from /usr/local/lib/python3.8/dist-packages/airflow/example_dags/example_branch_day_of_week_operator.py
[2023-06-14T14:43:09.445+0000] {processor.py:836} INFO - DAG(s) dict_keys(['example_weekday_branch_operator']) retrieved from /usr/local/lib/python3.8/dist-packages/airflow/example_dags/example_branch_day_of_week_operator.py
[2023-06-14T14:43:09.466+0000] {logging_mixin.py:149} INFO - [2023-06-14T14:43:09.466+0000] {dag.py:2726} INFO - Sync 1 DAGs
[2023-06-14T14:43:09.487+0000] {logging_mixin.py:149} INFO - [2023-06-14T14:43:09.487+0000] {dag.py:3486} INFO - Setting next_dagrun for example_weekday_branch_operator to 2023-06-13T00:00:00+00:00, run_after=2023-06-14T00:00:00+00:00
[2023-06-14T14:43:09.515+0000] {processor.py:179} INFO - Processing /usr/local/lib/python3.8/dist-packages/airflow/example_dags/example_branch_day_of_week_operator.py took 0.086 seconds
[2023-06-14T14:44:05.475+0000] {processor.py:157} INFO - Started process (PID=8642) to work on /usr/local/lib/python3.8/dist-packages/airflow/example_dags/example_branch_day_of_week_operator.py
[2023-06-14T14:44:05.476+0000] {processor.py:826} INFO - Processing file /usr/local/lib/python3.8/dist-packages/airflow/example_dags/example_branch_day_of_week_operator.py for tasks to queue
[2023-06-14T14:44:05.479+0000] {logging_mixin.py:149} INFO - [2023-06-14T14:44:05.479+0000] {dagbag.py:541} INFO - Filling up the DagBag from /usr/local/lib/python3.8/dist-packages/airflow/example_dags/example_branch_day_of_week_operator.py
[2023-06-14T14:44:05.487+0000] {processor.py:836} INFO - DAG(s) dict_keys(['example_weekday_branch_operator']) retrieved from /usr/local/lib/python3.8/dist-packages/airflow/example_dags/example_branch_day_of_week_operator.py
[2023-06-14T14:44:05.509+0000] {logging_mixin.py:149} INFO - [2023-06-14T14:44:05.509+0000] {dag.py:2726} INFO - Sync 1 DAGs
[2023-06-14T14:44:05.530+0000] {logging_mixin.py:149} INFO - [2023-06-14T14:44:05.530+0000] {dag.py:3486} INFO - Setting next_dagrun for example_weekday_branch_operator to 2023-06-13T00:00:00+00:00, run_after=2023-06-14T00:00:00+00:00
[2023-06-14T14:44:05.558+0000] {processor.py:179} INFO - Processing /usr/local/lib/python3.8/dist-packages/airflow/example_dags/example_branch_day_of_week_operator.py took 0.088 seconds
[2023-06-14T14:44:59.483+0000] {processor.py:157} INFO - Started process (PID=8800) to work on /usr/local/lib/python3.8/dist-packages/airflow/example_dags/example_branch_day_of_week_operator.py
[2023-06-14T14:44:59.484+0000] {processor.py:826} INFO - Processing file /usr/local/lib/python3.8/dist-packages/airflow/example_dags/example_branch_day_of_week_operator.py for tasks to queue
[2023-06-14T14:44:59.487+0000] {logging_mixin.py:149} INFO - [2023-06-14T14:44:59.487+0000] {dagbag.py:541} INFO - Filling up the DagBag from /usr/local/lib/python3.8/dist-packages/airflow/example_dags/example_branch_day_of_week_operator.py
[2023-06-14T14:44:59.495+0000] {processor.py:836} INFO - DAG(s) dict_keys(['example_weekday_branch_operator']) retrieved from /usr/local/lib/python3.8/dist-packages/airflow/example_dags/example_branch_day_of_week_operator.py
[2023-06-14T14:44:59.517+0000] {logging_mixin.py:149} INFO - [2023-06-14T14:44:59.516+0000] {dag.py:2726} INFO - Sync 1 DAGs
[2023-06-14T14:44:59.539+0000] {logging_mixin.py:149} INFO - [2023-06-14T14:44:59.539+0000] {dag.py:3486} INFO - Setting next_dagrun for example_weekday_branch_operator to 2023-06-13T00:00:00+00:00, run_after=2023-06-14T00:00:00+00:00
[2023-06-14T14:44:59.566+0000] {processor.py:179} INFO - Processing /usr/local/lib/python3.8/dist-packages/airflow/example_dags/example_branch_day_of_week_operator.py took 0.086 seconds
[2023-06-14T14:45:56.190+0000] {processor.py:157} INFO - Started process (PID=8961) to work on /usr/local/lib/python3.8/dist-packages/airflow/example_dags/example_branch_day_of_week_operator.py
[2023-06-14T14:45:56.191+0000] {processor.py:826} INFO - Processing file /usr/local/lib/python3.8/dist-packages/airflow/example_dags/example_branch_day_of_week_operator.py for tasks to queue
[2023-06-14T14:45:56.194+0000] {logging_mixin.py:149} INFO - [2023-06-14T14:45:56.194+0000] {dagbag.py:541} INFO - Filling up the DagBag from /usr/local/lib/python3.8/dist-packages/airflow/example_dags/example_branch_day_of_week_operator.py
[2023-06-14T14:45:56.202+0000] {processor.py:836} INFO - DAG(s) dict_keys(['example_weekday_branch_operator']) retrieved from /usr/local/lib/python3.8/dist-packages/airflow/example_dags/example_branch_day_of_week_operator.py
[2023-06-14T14:45:56.224+0000] {logging_mixin.py:149} INFO - [2023-06-14T14:45:56.223+0000] {dag.py:2726} INFO - Sync 1 DAGs
[2023-06-14T14:45:56.247+0000] {logging_mixin.py:149} INFO - [2023-06-14T14:45:56.246+0000] {dag.py:3486} INFO - Setting next_dagrun for example_weekday_branch_operator to 2023-06-13T00:00:00+00:00, run_after=2023-06-14T00:00:00+00:00
[2023-06-14T14:45:56.279+0000] {processor.py:179} INFO - Processing /usr/local/lib/python3.8/dist-packages/airflow/example_dags/example_branch_day_of_week_operator.py took 0.094 seconds
[2023-06-14T14:46:50.645+0000] {processor.py:157} INFO - Started process (PID=9016) to work on /usr/local/lib/python3.8/dist-packages/airflow/example_dags/example_branch_day_of_week_operator.py
[2023-06-14T14:46:50.647+0000] {processor.py:826} INFO - Processing file /usr/local/lib/python3.8/dist-packages/airflow/example_dags/example_branch_day_of_week_operator.py for tasks to queue
[2023-06-14T14:46:50.650+0000] {logging_mixin.py:149} INFO - [2023-06-14T14:46:50.649+0000] {dagbag.py:541} INFO - Filling up the DagBag from /usr/local/lib/python3.8/dist-packages/airflow/example_dags/example_branch_day_of_week_operator.py
[2023-06-14T14:46:50.662+0000] {processor.py:836} INFO - DAG(s) dict_keys(['example_weekday_branch_operator']) retrieved from /usr/local/lib/python3.8/dist-packages/airflow/example_dags/example_branch_day_of_week_operator.py
[2023-06-14T14:46:50.683+0000] {logging_mixin.py:149} INFO - [2023-06-14T14:46:50.683+0000] {dag.py:2726} INFO - Sync 1 DAGs
[2023-06-14T14:46:50.705+0000] {logging_mixin.py:149} INFO - [2023-06-14T14:46:50.705+0000] {dag.py:3486} INFO - Setting next_dagrun for example_weekday_branch_operator to 2023-06-13T00:00:00+00:00, run_after=2023-06-14T00:00:00+00:00
[2023-06-14T14:46:50.733+0000] {processor.py:179} INFO - Processing /usr/local/lib/python3.8/dist-packages/airflow/example_dags/example_branch_day_of_week_operator.py took 0.092 seconds
[2023-06-14T14:47:43.348+0000] {processor.py:157} INFO - Started process (PID=9175) to work on /usr/local/lib/python3.8/dist-packages/airflow/example_dags/example_branch_day_of_week_operator.py
[2023-06-14T14:47:43.349+0000] {processor.py:826} INFO - Processing file /usr/local/lib/python3.8/dist-packages/airflow/example_dags/example_branch_day_of_week_operator.py for tasks to queue
[2023-06-14T14:47:43.352+0000] {logging_mixin.py:149} INFO - [2023-06-14T14:47:43.352+0000] {dagbag.py:541} INFO - Filling up the DagBag from /usr/local/lib/python3.8/dist-packages/airflow/example_dags/example_branch_day_of_week_operator.py
[2023-06-14T14:47:43.360+0000] {processor.py:836} INFO - DAG(s) dict_keys(['example_weekday_branch_operator']) retrieved from /usr/local/lib/python3.8/dist-packages/airflow/example_dags/example_branch_day_of_week_operator.py
[2023-06-14T14:47:43.382+0000] {logging_mixin.py:149} INFO - [2023-06-14T14:47:43.381+0000] {dag.py:2726} INFO - Sync 1 DAGs
[2023-06-14T14:47:43.403+0000] {logging_mixin.py:149} INFO - [2023-06-14T14:47:43.403+0000] {dag.py:3486} INFO - Setting next_dagrun for example_weekday_branch_operator to 2023-06-13T00:00:00+00:00, run_after=2023-06-14T00:00:00+00:00
[2023-06-14T14:47:43.436+0000] {processor.py:179} INFO - Processing /usr/local/lib/python3.8/dist-packages/airflow/example_dags/example_branch_day_of_week_operator.py took 0.092 seconds
[2023-06-14T14:48:33.800+0000] {processor.py:157} INFO - Started process (PID=9329) to work on /usr/local/lib/python3.8/dist-packages/airflow/example_dags/example_branch_day_of_week_operator.py
[2023-06-14T14:48:33.801+0000] {processor.py:826} INFO - Processing file /usr/local/lib/python3.8/dist-packages/airflow/example_dags/example_branch_day_of_week_operator.py for tasks to queue
[2023-06-14T14:48:33.803+0000] {logging_mixin.py:149} INFO - [2023-06-14T14:48:33.803+0000] {dagbag.py:541} INFO - Filling up the DagBag from /usr/local/lib/python3.8/dist-packages/airflow/example_dags/example_branch_day_of_week_operator.py
[2023-06-14T14:48:33.812+0000] {processor.py:836} INFO - DAG(s) dict_keys(['example_weekday_branch_operator']) retrieved from /usr/local/lib/python3.8/dist-packages/airflow/example_dags/example_branch_day_of_week_operator.py
[2023-06-14T14:48:33.834+0000] {logging_mixin.py:149} INFO - [2023-06-14T14:48:33.833+0000] {dag.py:2726} INFO - Sync 1 DAGs
[2023-06-14T14:48:33.856+0000] {logging_mixin.py:149} INFO - [2023-06-14T14:48:33.856+0000] {dag.py:3486} INFO - Setting next_dagrun for example_weekday_branch_operator to 2023-06-13T00:00:00+00:00, run_after=2023-06-14T00:00:00+00:00
[2023-06-14T14:48:33.882+0000] {processor.py:179} INFO - Processing /usr/local/lib/python3.8/dist-packages/airflow/example_dags/example_branch_day_of_week_operator.py took 0.086 seconds
[2023-06-14T14:49:30.636+0000] {processor.py:157} INFO - Started process (PID=9590) to work on /usr/local/lib/python3.8/dist-packages/airflow/example_dags/example_branch_day_of_week_operator.py
[2023-06-14T14:49:30.637+0000] {processor.py:826} INFO - Processing file /usr/local/lib/python3.8/dist-packages/airflow/example_dags/example_branch_day_of_week_operator.py for tasks to queue
[2023-06-14T14:49:30.639+0000] {logging_mixin.py:149} INFO - [2023-06-14T14:49:30.639+0000] {dagbag.py:541} INFO - Filling up the DagBag from /usr/local/lib/python3.8/dist-packages/airflow/example_dags/example_branch_day_of_week_operator.py
[2023-06-14T14:49:30.648+0000] {processor.py:836} INFO - DAG(s) dict_keys(['example_weekday_branch_operator']) retrieved from /usr/local/lib/python3.8/dist-packages/airflow/example_dags/example_branch_day_of_week_operator.py
[2023-06-14T14:49:30.670+0000] {logging_mixin.py:149} INFO - [2023-06-14T14:49:30.669+0000] {dag.py:2726} INFO - Sync 1 DAGs
[2023-06-14T14:49:30.692+0000] {logging_mixin.py:149} INFO - [2023-06-14T14:49:30.691+0000] {dag.py:3486} INFO - Setting next_dagrun for example_weekday_branch_operator to 2023-06-13T00:00:00+00:00, run_after=2023-06-14T00:00:00+00:00
[2023-06-14T14:49:30.725+0000] {processor.py:179} INFO - Processing /usr/local/lib/python3.8/dist-packages/airflow/example_dags/example_branch_day_of_week_operator.py took 0.093 seconds
[2023-06-14T14:50:25.759+0000] {processor.py:157} INFO - Started process (PID=9749) to work on /usr/local/lib/python3.8/dist-packages/airflow/example_dags/example_branch_day_of_week_operator.py
[2023-06-14T14:50:25.760+0000] {processor.py:826} INFO - Processing file /usr/local/lib/python3.8/dist-packages/airflow/example_dags/example_branch_day_of_week_operator.py for tasks to queue
[2023-06-14T14:50:25.762+0000] {logging_mixin.py:149} INFO - [2023-06-14T14:50:25.762+0000] {dagbag.py:541} INFO - Filling up the DagBag from /usr/local/lib/python3.8/dist-packages/airflow/example_dags/example_branch_day_of_week_operator.py
[2023-06-14T14:50:25.771+0000] {processor.py:836} INFO - DAG(s) dict_keys(['example_weekday_branch_operator']) retrieved from /usr/local/lib/python3.8/dist-packages/airflow/example_dags/example_branch_day_of_week_operator.py
[2023-06-14T14:50:25.793+0000] {logging_mixin.py:149} INFO - [2023-06-14T14:50:25.793+0000] {dag.py:2726} INFO - Sync 1 DAGs
[2023-06-14T14:50:25.815+0000] {logging_mixin.py:149} INFO - [2023-06-14T14:50:25.815+0000] {dag.py:3486} INFO - Setting next_dagrun for example_weekday_branch_operator to 2023-06-13T00:00:00+00:00, run_after=2023-06-14T00:00:00+00:00
[2023-06-14T14:50:25.840+0000] {processor.py:179} INFO - Processing /usr/local/lib/python3.8/dist-packages/airflow/example_dags/example_branch_day_of_week_operator.py took 0.085 seconds
[2023-06-14T14:51:16.454+0000] {processor.py:157} INFO - Started process (PID=9904) to work on /usr/local/lib/python3.8/dist-packages/airflow/example_dags/example_branch_day_of_week_operator.py
[2023-06-14T14:51:16.455+0000] {processor.py:826} INFO - Processing file /usr/local/lib/python3.8/dist-packages/airflow/example_dags/example_branch_day_of_week_operator.py for tasks to queue
[2023-06-14T14:51:16.458+0000] {logging_mixin.py:149} INFO - [2023-06-14T14:51:16.458+0000] {dagbag.py:541} INFO - Filling up the DagBag from /usr/local/lib/python3.8/dist-packages/airflow/example_dags/example_branch_day_of_week_operator.py
[2023-06-14T14:51:16.466+0000] {processor.py:836} INFO - DAG(s) dict_keys(['example_weekday_branch_operator']) retrieved from /usr/local/lib/python3.8/dist-packages/airflow/example_dags/example_branch_day_of_week_operator.py
[2023-06-14T14:51:16.488+0000] {logging_mixin.py:149} INFO - [2023-06-14T14:51:16.487+0000] {dag.py:2726} INFO - Sync 1 DAGs
[2023-06-14T14:51:16.509+0000] {logging_mixin.py:149} INFO - [2023-06-14T14:51:16.509+0000] {dag.py:3486} INFO - Setting next_dagrun for example_weekday_branch_operator to 2023-06-13T00:00:00+00:00, run_after=2023-06-14T00:00:00+00:00
[2023-06-14T14:51:16.538+0000] {processor.py:179} INFO - Processing /usr/local/lib/python3.8/dist-packages/airflow/example_dags/example_branch_day_of_week_operator.py took 0.088 seconds
[2023-06-14T14:52:02.766+0000] {processor.py:157} INFO - Started process (PID=10061) to work on /usr/local/lib/python3.8/dist-packages/airflow/example_dags/example_branch_day_of_week_operator.py
[2023-06-14T14:52:02.767+0000] {processor.py:826} INFO - Processing file /usr/local/lib/python3.8/dist-packages/airflow/example_dags/example_branch_day_of_week_operator.py for tasks to queue
[2023-06-14T14:52:02.769+0000] {logging_mixin.py:149} INFO - [2023-06-14T14:52:02.769+0000] {dagbag.py:541} INFO - Filling up the DagBag from /usr/local/lib/python3.8/dist-packages/airflow/example_dags/example_branch_day_of_week_operator.py
[2023-06-14T14:52:02.778+0000] {processor.py:836} INFO - DAG(s) dict_keys(['example_weekday_branch_operator']) retrieved from /usr/local/lib/python3.8/dist-packages/airflow/example_dags/example_branch_day_of_week_operator.py
[2023-06-14T14:52:02.799+0000] {logging_mixin.py:149} INFO - [2023-06-14T14:52:02.799+0000] {dag.py:2726} INFO - Sync 1 DAGs
[2023-06-14T14:52:02.821+0000] {logging_mixin.py:149} INFO - [2023-06-14T14:52:02.820+0000] {dag.py:3486} INFO - Setting next_dagrun for example_weekday_branch_operator to 2023-06-13T00:00:00+00:00, run_after=2023-06-14T00:00:00+00:00
[2023-06-14T14:52:02.846+0000] {processor.py:179} INFO - Processing /usr/local/lib/python3.8/dist-packages/airflow/example_dags/example_branch_day_of_week_operator.py took 0.084 seconds
[2023-06-14T14:52:55.429+0000] {processor.py:157} INFO - Started process (PID=10216) to work on /usr/local/lib/python3.8/dist-packages/airflow/example_dags/example_branch_day_of_week_operator.py
[2023-06-14T14:52:55.430+0000] {processor.py:826} INFO - Processing file /usr/local/lib/python3.8/dist-packages/airflow/example_dags/example_branch_day_of_week_operator.py for tasks to queue
[2023-06-14T14:52:55.432+0000] {logging_mixin.py:149} INFO - [2023-06-14T14:52:55.432+0000] {dagbag.py:541} INFO - Filling up the DagBag from /usr/local/lib/python3.8/dist-packages/airflow/example_dags/example_branch_day_of_week_operator.py
[2023-06-14T14:52:55.441+0000] {processor.py:836} INFO - DAG(s) dict_keys(['example_weekday_branch_operator']) retrieved from /usr/local/lib/python3.8/dist-packages/airflow/example_dags/example_branch_day_of_week_operator.py
[2023-06-14T14:52:55.463+0000] {logging_mixin.py:149} INFO - [2023-06-14T14:52:55.462+0000] {dag.py:2726} INFO - Sync 1 DAGs
[2023-06-14T14:52:55.484+0000] {logging_mixin.py:149} INFO - [2023-06-14T14:52:55.484+0000] {dag.py:3486} INFO - Setting next_dagrun for example_weekday_branch_operator to 2023-06-13T00:00:00+00:00, run_after=2023-06-14T00:00:00+00:00
[2023-06-14T14:52:55.512+0000] {processor.py:179} INFO - Processing /usr/local/lib/python3.8/dist-packages/airflow/example_dags/example_branch_day_of_week_operator.py took 0.088 seconds
[2023-06-14T14:53:48.169+0000] {processor.py:157} INFO - Started process (PID=10269) to work on /usr/local/lib/python3.8/dist-packages/airflow/example_dags/example_branch_day_of_week_operator.py
[2023-06-14T14:53:48.171+0000] {processor.py:826} INFO - Processing file /usr/local/lib/python3.8/dist-packages/airflow/example_dags/example_branch_day_of_week_operator.py for tasks to queue
[2023-06-14T14:53:48.173+0000] {logging_mixin.py:149} INFO - [2023-06-14T14:53:48.173+0000] {dagbag.py:541} INFO - Filling up the DagBag from /usr/local/lib/python3.8/dist-packages/airflow/example_dags/example_branch_day_of_week_operator.py
[2023-06-14T14:53:48.182+0000] {processor.py:836} INFO - DAG(s) dict_keys(['example_weekday_branch_operator']) retrieved from /usr/local/lib/python3.8/dist-packages/airflow/example_dags/example_branch_day_of_week_operator.py
[2023-06-14T14:53:48.203+0000] {logging_mixin.py:149} INFO - [2023-06-14T14:53:48.203+0000] {dag.py:2726} INFO - Sync 1 DAGs
[2023-06-14T14:53:48.225+0000] {logging_mixin.py:149} INFO - [2023-06-14T14:53:48.225+0000] {dag.py:3486} INFO - Setting next_dagrun for example_weekday_branch_operator to 2023-06-13T00:00:00+00:00, run_after=2023-06-14T00:00:00+00:00
[2023-06-14T14:53:48.253+0000] {processor.py:179} INFO - Processing /usr/local/lib/python3.8/dist-packages/airflow/example_dags/example_branch_day_of_week_operator.py took 0.087 seconds
[2023-06-14T14:54:42.063+0000] {processor.py:157} INFO - Started process (PID=10531) to work on /usr/local/lib/python3.8/dist-packages/airflow/example_dags/example_branch_day_of_week_operator.py
[2023-06-14T14:54:42.064+0000] {processor.py:826} INFO - Processing file /usr/local/lib/python3.8/dist-packages/airflow/example_dags/example_branch_day_of_week_operator.py for tasks to queue
[2023-06-14T14:54:42.067+0000] {logging_mixin.py:149} INFO - [2023-06-14T14:54:42.067+0000] {dagbag.py:541} INFO - Filling up the DagBag from /usr/local/lib/python3.8/dist-packages/airflow/example_dags/example_branch_day_of_week_operator.py
[2023-06-14T14:54:42.075+0000] {processor.py:836} INFO - DAG(s) dict_keys(['example_weekday_branch_operator']) retrieved from /usr/local/lib/python3.8/dist-packages/airflow/example_dags/example_branch_day_of_week_operator.py
[2023-06-14T14:54:42.096+0000] {logging_mixin.py:149} INFO - [2023-06-14T14:54:42.096+0000] {dag.py:2726} INFO - Sync 1 DAGs
[2023-06-14T14:54:42.118+0000] {logging_mixin.py:149} INFO - [2023-06-14T14:54:42.118+0000] {dag.py:3486} INFO - Setting next_dagrun for example_weekday_branch_operator to 2023-06-13T00:00:00+00:00, run_after=2023-06-14T00:00:00+00:00
[2023-06-14T14:54:42.145+0000] {processor.py:179} INFO - Processing /usr/local/lib/python3.8/dist-packages/airflow/example_dags/example_branch_day_of_week_operator.py took 0.086 seconds
[2023-06-14T14:55:34.423+0000] {processor.py:157} INFO - Started process (PID=10788) to work on /usr/local/lib/python3.8/dist-packages/airflow/example_dags/example_branch_day_of_week_operator.py
[2023-06-14T14:55:34.424+0000] {processor.py:826} INFO - Processing file /usr/local/lib/python3.8/dist-packages/airflow/example_dags/example_branch_day_of_week_operator.py for tasks to queue
[2023-06-14T14:55:34.427+0000] {logging_mixin.py:149} INFO - [2023-06-14T14:55:34.427+0000] {dagbag.py:541} INFO - Filling up the DagBag from /usr/local/lib/python3.8/dist-packages/airflow/example_dags/example_branch_day_of_week_operator.py
[2023-06-14T14:55:34.435+0000] {processor.py:836} INFO - DAG(s) dict_keys(['example_weekday_branch_operator']) retrieved from /usr/local/lib/python3.8/dist-packages/airflow/example_dags/example_branch_day_of_week_operator.py
[2023-06-14T14:55:34.457+0000] {logging_mixin.py:149} INFO - [2023-06-14T14:55:34.456+0000] {dag.py:2726} INFO - Sync 1 DAGs
[2023-06-14T14:55:34.478+0000] {logging_mixin.py:149} INFO - [2023-06-14T14:55:34.478+0000] {dag.py:3486} INFO - Setting next_dagrun for example_weekday_branch_operator to 2023-06-13T00:00:00+00:00, run_after=2023-06-14T00:00:00+00:00
[2023-06-14T14:55:34.506+0000] {processor.py:179} INFO - Processing /usr/local/lib/python3.8/dist-packages/airflow/example_dags/example_branch_day_of_week_operator.py took 0.087 seconds
[2023-06-14T14:56:25.894+0000] {processor.py:157} INFO - Started process (PID=10945) to work on /usr/local/lib/python3.8/dist-packages/airflow/example_dags/example_branch_day_of_week_operator.py
[2023-06-14T14:56:25.896+0000] {processor.py:826} INFO - Processing file /usr/local/lib/python3.8/dist-packages/airflow/example_dags/example_branch_day_of_week_operator.py for tasks to queue
[2023-06-14T14:56:25.898+0000] {logging_mixin.py:149} INFO - [2023-06-14T14:56:25.898+0000] {dagbag.py:541} INFO - Filling up the DagBag from /usr/local/lib/python3.8/dist-packages/airflow/example_dags/example_branch_day_of_week_operator.py
[2023-06-14T14:56:25.907+0000] {processor.py:836} INFO - DAG(s) dict_keys(['example_weekday_branch_operator']) retrieved from /usr/local/lib/python3.8/dist-packages/airflow/example_dags/example_branch_day_of_week_operator.py
[2023-06-14T14:56:25.930+0000] {logging_mixin.py:149} INFO - [2023-06-14T14:56:25.930+0000] {dag.py:2726} INFO - Sync 1 DAGs
[2023-06-14T14:56:25.955+0000] {logging_mixin.py:149} INFO - [2023-06-14T14:56:25.955+0000] {dag.py:3486} INFO - Setting next_dagrun for example_weekday_branch_operator to 2023-06-13T00:00:00+00:00, run_after=2023-06-14T00:00:00+00:00
[2023-06-14T14:56:25.983+0000] {processor.py:179} INFO - Processing /usr/local/lib/python3.8/dist-packages/airflow/example_dags/example_branch_day_of_week_operator.py took 0.092 seconds
[2023-06-14T14:57:16.985+0000] {processor.py:157} INFO - Started process (PID=11105) to work on /usr/local/lib/python3.8/dist-packages/airflow/example_dags/example_branch_day_of_week_operator.py
[2023-06-14T14:57:16.987+0000] {processor.py:826} INFO - Processing file /usr/local/lib/python3.8/dist-packages/airflow/example_dags/example_branch_day_of_week_operator.py for tasks to queue
[2023-06-14T14:57:16.989+0000] {logging_mixin.py:149} INFO - [2023-06-14T14:57:16.989+0000] {dagbag.py:541} INFO - Filling up the DagBag from /usr/local/lib/python3.8/dist-packages/airflow/example_dags/example_branch_day_of_week_operator.py
[2023-06-14T14:57:16.997+0000] {processor.py:836} INFO - DAG(s) dict_keys(['example_weekday_branch_operator']) retrieved from /usr/local/lib/python3.8/dist-packages/airflow/example_dags/example_branch_day_of_week_operator.py
[2023-06-14T14:57:17.018+0000] {logging_mixin.py:149} INFO - [2023-06-14T14:57:17.018+0000] {dag.py:2726} INFO - Sync 1 DAGs
[2023-06-14T14:57:17.040+0000] {logging_mixin.py:149} INFO - [2023-06-14T14:57:17.040+0000] {dag.py:3486} INFO - Setting next_dagrun for example_weekday_branch_operator to 2023-06-13T00:00:00+00:00, run_after=2023-06-14T00:00:00+00:00
[2023-06-14T14:57:17.070+0000] {processor.py:179} INFO - Processing /usr/local/lib/python3.8/dist-packages/airflow/example_dags/example_branch_day_of_week_operator.py took 0.089 seconds
[2023-06-14T14:58:08.569+0000] {processor.py:157} INFO - Started process (PID=11259) to work on /usr/local/lib/python3.8/dist-packages/airflow/example_dags/example_branch_day_of_week_operator.py
[2023-06-14T14:58:08.570+0000] {processor.py:826} INFO - Processing file /usr/local/lib/python3.8/dist-packages/airflow/example_dags/example_branch_day_of_week_operator.py for tasks to queue
[2023-06-14T14:58:08.572+0000] {logging_mixin.py:149} INFO - [2023-06-14T14:58:08.572+0000] {dagbag.py:541} INFO - Filling up the DagBag from /usr/local/lib/python3.8/dist-packages/airflow/example_dags/example_branch_day_of_week_operator.py
[2023-06-14T14:58:08.581+0000] {processor.py:836} INFO - DAG(s) dict_keys(['example_weekday_branch_operator']) retrieved from /usr/local/lib/python3.8/dist-packages/airflow/example_dags/example_branch_day_of_week_operator.py
[2023-06-14T14:58:08.602+0000] {logging_mixin.py:149} INFO - [2023-06-14T14:58:08.602+0000] {dag.py:2726} INFO - Sync 1 DAGs
[2023-06-14T14:58:08.623+0000] {logging_mixin.py:149} INFO - [2023-06-14T14:58:08.623+0000] {dag.py:3486} INFO - Setting next_dagrun for example_weekday_branch_operator to 2023-06-13T00:00:00+00:00, run_after=2023-06-14T00:00:00+00:00
[2023-06-14T14:58:08.650+0000] {processor.py:179} INFO - Processing /usr/local/lib/python3.8/dist-packages/airflow/example_dags/example_branch_day_of_week_operator.py took 0.086 seconds
[2023-06-14T14:58:58.905+0000] {processor.py:157} INFO - Started process (PID=11517) to work on /usr/local/lib/python3.8/dist-packages/airflow/example_dags/example_branch_day_of_week_operator.py
[2023-06-14T14:58:58.906+0000] {processor.py:826} INFO - Processing file /usr/local/lib/python3.8/dist-packages/airflow/example_dags/example_branch_day_of_week_operator.py for tasks to queue
[2023-06-14T14:58:58.909+0000] {logging_mixin.py:149} INFO - [2023-06-14T14:58:58.909+0000] {dagbag.py:541} INFO - Filling up the DagBag from /usr/local/lib/python3.8/dist-packages/airflow/example_dags/example_branch_day_of_week_operator.py
[2023-06-14T14:58:58.917+0000] {processor.py:836} INFO - DAG(s) dict_keys(['example_weekday_branch_operator']) retrieved from /usr/local/lib/python3.8/dist-packages/airflow/example_dags/example_branch_day_of_week_operator.py
[2023-06-14T14:58:58.938+0000] {logging_mixin.py:149} INFO - [2023-06-14T14:58:58.938+0000] {dag.py:2726} INFO - Sync 1 DAGs
[2023-06-14T14:58:58.959+0000] {logging_mixin.py:149} INFO - [2023-06-14T14:58:58.959+0000] {dag.py:3486} INFO - Setting next_dagrun for example_weekday_branch_operator to 2023-06-13T00:00:00+00:00, run_after=2023-06-14T00:00:00+00:00
[2023-06-14T14:58:58.990+0000] {processor.py:179} INFO - Processing /usr/local/lib/python3.8/dist-packages/airflow/example_dags/example_branch_day_of_week_operator.py took 0.089 seconds
[2023-06-14T14:59:45.085+0000] {processor.py:157} INFO - Started process (PID=11565) to work on /usr/local/lib/python3.8/dist-packages/airflow/example_dags/example_branch_day_of_week_operator.py
[2023-06-14T14:59:45.087+0000] {processor.py:826} INFO - Processing file /usr/local/lib/python3.8/dist-packages/airflow/example_dags/example_branch_day_of_week_operator.py for tasks to queue
[2023-06-14T14:59:45.089+0000] {logging_mixin.py:149} INFO - [2023-06-14T14:59:45.089+0000] {dagbag.py:541} INFO - Filling up the DagBag from /usr/local/lib/python3.8/dist-packages/airflow/example_dags/example_branch_day_of_week_operator.py
[2023-06-14T14:59:45.098+0000] {processor.py:836} INFO - DAG(s) dict_keys(['example_weekday_branch_operator']) retrieved from /usr/local/lib/python3.8/dist-packages/airflow/example_dags/example_branch_day_of_week_operator.py
[2023-06-14T14:59:45.119+0000] {logging_mixin.py:149} INFO - [2023-06-14T14:59:45.118+0000] {dag.py:2726} INFO - Sync 1 DAGs
[2023-06-14T14:59:45.140+0000] {logging_mixin.py:149} INFO - [2023-06-14T14:59:45.140+0000] {dag.py:3486} INFO - Setting next_dagrun for example_weekday_branch_operator to 2023-06-13T00:00:00+00:00, run_after=2023-06-14T00:00:00+00:00
[2023-06-14T14:59:45.167+0000] {processor.py:179} INFO - Processing /usr/local/lib/python3.8/dist-packages/airflow/example_dags/example_branch_day_of_week_operator.py took 0.086 seconds
[2023-06-14T15:00:35.478+0000] {processor.py:157} INFO - Started process (PID=11721) to work on /usr/local/lib/python3.8/dist-packages/airflow/example_dags/example_branch_day_of_week_operator.py
[2023-06-14T15:00:35.479+0000] {processor.py:826} INFO - Processing file /usr/local/lib/python3.8/dist-packages/airflow/example_dags/example_branch_day_of_week_operator.py for tasks to queue
[2023-06-14T15:00:35.482+0000] {logging_mixin.py:149} INFO - [2023-06-14T15:00:35.482+0000] {dagbag.py:541} INFO - Filling up the DagBag from /usr/local/lib/python3.8/dist-packages/airflow/example_dags/example_branch_day_of_week_operator.py
[2023-06-14T15:00:35.490+0000] {processor.py:836} INFO - DAG(s) dict_keys(['example_weekday_branch_operator']) retrieved from /usr/local/lib/python3.8/dist-packages/airflow/example_dags/example_branch_day_of_week_operator.py
[2023-06-14T15:00:35.511+0000] {logging_mixin.py:149} INFO - [2023-06-14T15:00:35.511+0000] {dag.py:2726} INFO - Sync 1 DAGs
[2023-06-14T15:00:35.534+0000] {logging_mixin.py:149} INFO - [2023-06-14T15:00:35.533+0000] {dag.py:3486} INFO - Setting next_dagrun for example_weekday_branch_operator to 2023-06-13T00:00:00+00:00, run_after=2023-06-14T00:00:00+00:00
[2023-06-14T15:00:35.564+0000] {processor.py:179} INFO - Processing /usr/local/lib/python3.8/dist-packages/airflow/example_dags/example_branch_day_of_week_operator.py took 0.090 seconds
[2023-06-14T15:01:28.396+0000] {processor.py:157} INFO - Started process (PID=11879) to work on /usr/local/lib/python3.8/dist-packages/airflow/example_dags/example_branch_day_of_week_operator.py
[2023-06-14T15:01:28.398+0000] {processor.py:826} INFO - Processing file /usr/local/lib/python3.8/dist-packages/airflow/example_dags/example_branch_day_of_week_operator.py for tasks to queue
[2023-06-14T15:01:28.401+0000] {logging_mixin.py:149} INFO - [2023-06-14T15:01:28.401+0000] {dagbag.py:541} INFO - Filling up the DagBag from /usr/local/lib/python3.8/dist-packages/airflow/example_dags/example_branch_day_of_week_operator.py
[2023-06-14T15:01:28.409+0000] {processor.py:836} INFO - DAG(s) dict_keys(['example_weekday_branch_operator']) retrieved from /usr/local/lib/python3.8/dist-packages/airflow/example_dags/example_branch_day_of_week_operator.py
[2023-06-14T15:01:28.431+0000] {logging_mixin.py:149} INFO - [2023-06-14T15:01:28.431+0000] {dag.py:2726} INFO - Sync 1 DAGs
[2023-06-14T15:01:28.453+0000] {logging_mixin.py:149} INFO - [2023-06-14T15:01:28.453+0000] {dag.py:3486} INFO - Setting next_dagrun for example_weekday_branch_operator to 2023-06-13T00:00:00+00:00, run_after=2023-06-14T00:00:00+00:00
[2023-06-14T15:01:28.482+0000] {processor.py:179} INFO - Processing /usr/local/lib/python3.8/dist-packages/airflow/example_dags/example_branch_day_of_week_operator.py took 0.089 seconds
[2023-06-14T15:02:18.762+0000] {processor.py:157} INFO - Started process (PID=12042) to work on /usr/local/lib/python3.8/dist-packages/airflow/example_dags/example_branch_day_of_week_operator.py
[2023-06-14T15:02:18.763+0000] {processor.py:826} INFO - Processing file /usr/local/lib/python3.8/dist-packages/airflow/example_dags/example_branch_day_of_week_operator.py for tasks to queue
[2023-06-14T15:02:18.766+0000] {logging_mixin.py:149} INFO - [2023-06-14T15:02:18.766+0000] {dagbag.py:541} INFO - Filling up the DagBag from /usr/local/lib/python3.8/dist-packages/airflow/example_dags/example_branch_day_of_week_operator.py
[2023-06-14T15:02:18.774+0000] {processor.py:836} INFO - DAG(s) dict_keys(['example_weekday_branch_operator']) retrieved from /usr/local/lib/python3.8/dist-packages/airflow/example_dags/example_branch_day_of_week_operator.py
[2023-06-14T15:02:18.795+0000] {logging_mixin.py:149} INFO - [2023-06-14T15:02:18.795+0000] {dag.py:2726} INFO - Sync 1 DAGs
[2023-06-14T15:02:18.817+0000] {logging_mixin.py:149} INFO - [2023-06-14T15:02:18.817+0000] {dag.py:3486} INFO - Setting next_dagrun for example_weekday_branch_operator to 2023-06-13T00:00:00+00:00, run_after=2023-06-14T00:00:00+00:00
[2023-06-14T15:02:18.843+0000] {processor.py:179} INFO - Processing /usr/local/lib/python3.8/dist-packages/airflow/example_dags/example_branch_day_of_week_operator.py took 0.085 seconds
[2023-06-14T15:03:09.177+0000] {processor.py:157} INFO - Started process (PID=12300) to work on /usr/local/lib/python3.8/dist-packages/airflow/example_dags/example_branch_day_of_week_operator.py
[2023-06-14T15:03:09.178+0000] {processor.py:826} INFO - Processing file /usr/local/lib/python3.8/dist-packages/airflow/example_dags/example_branch_day_of_week_operator.py for tasks to queue
[2023-06-14T15:03:09.181+0000] {logging_mixin.py:149} INFO - [2023-06-14T15:03:09.181+0000] {dagbag.py:541} INFO - Filling up the DagBag from /usr/local/lib/python3.8/dist-packages/airflow/example_dags/example_branch_day_of_week_operator.py
[2023-06-14T15:03:09.189+0000] {processor.py:836} INFO - DAG(s) dict_keys(['example_weekday_branch_operator']) retrieved from /usr/local/lib/python3.8/dist-packages/airflow/example_dags/example_branch_day_of_week_operator.py
[2023-06-14T15:03:09.210+0000] {logging_mixin.py:149} INFO - [2023-06-14T15:03:09.210+0000] {dag.py:2726} INFO - Sync 1 DAGs
[2023-06-14T15:03:09.233+0000] {logging_mixin.py:149} INFO - [2023-06-14T15:03:09.232+0000] {dag.py:3486} INFO - Setting next_dagrun for example_weekday_branch_operator to 2023-06-13T00:00:00+00:00, run_after=2023-06-14T00:00:00+00:00
[2023-06-14T15:03:09.264+0000] {processor.py:179} INFO - Processing /usr/local/lib/python3.8/dist-packages/airflow/example_dags/example_branch_day_of_week_operator.py took 0.091 seconds
[2023-06-14T15:04:01.905+0000] {processor.py:157} INFO - Started process (PID=12560) to work on /usr/local/lib/python3.8/dist-packages/airflow/example_dags/example_branch_day_of_week_operator.py
[2023-06-14T15:04:01.907+0000] {processor.py:826} INFO - Processing file /usr/local/lib/python3.8/dist-packages/airflow/example_dags/example_branch_day_of_week_operator.py for tasks to queue
[2023-06-14T15:04:01.909+0000] {logging_mixin.py:149} INFO - [2023-06-14T15:04:01.909+0000] {dagbag.py:541} INFO - Filling up the DagBag from /usr/local/lib/python3.8/dist-packages/airflow/example_dags/example_branch_day_of_week_operator.py
[2023-06-14T15:04:01.918+0000] {processor.py:836} INFO - DAG(s) dict_keys(['example_weekday_branch_operator']) retrieved from /usr/local/lib/python3.8/dist-packages/airflow/example_dags/example_branch_day_of_week_operator.py
[2023-06-14T15:04:01.940+0000] {logging_mixin.py:149} INFO - [2023-06-14T15:04:01.939+0000] {dag.py:2726} INFO - Sync 1 DAGs
[2023-06-14T15:04:01.962+0000] {logging_mixin.py:149} INFO - [2023-06-14T15:04:01.962+0000] {dag.py:3486} INFO - Setting next_dagrun for example_weekday_branch_operator to 2023-06-13T00:00:00+00:00, run_after=2023-06-14T00:00:00+00:00
[2023-06-14T15:04:01.991+0000] {processor.py:179} INFO - Processing /usr/local/lib/python3.8/dist-packages/airflow/example_dags/example_branch_day_of_week_operator.py took 0.090 seconds
[2023-06-14T15:04:54.554+0000] {processor.py:157} INFO - Started process (PID=12716) to work on /usr/local/lib/python3.8/dist-packages/airflow/example_dags/example_branch_day_of_week_operator.py
[2023-06-14T15:04:54.557+0000] {processor.py:826} INFO - Processing file /usr/local/lib/python3.8/dist-packages/airflow/example_dags/example_branch_day_of_week_operator.py for tasks to queue
[2023-06-14T15:04:54.559+0000] {logging_mixin.py:149} INFO - [2023-06-14T15:04:54.559+0000] {dagbag.py:541} INFO - Filling up the DagBag from /usr/local/lib/python3.8/dist-packages/airflow/example_dags/example_branch_day_of_week_operator.py
[2023-06-14T15:04:54.569+0000] {processor.py:836} INFO - DAG(s) dict_keys(['example_weekday_branch_operator']) retrieved from /usr/local/lib/python3.8/dist-packages/airflow/example_dags/example_branch_day_of_week_operator.py
[2023-06-14T15:04:54.591+0000] {logging_mixin.py:149} INFO - [2023-06-14T15:04:54.590+0000] {dag.py:2726} INFO - Sync 1 DAGs
[2023-06-14T15:04:54.612+0000] {logging_mixin.py:149} INFO - [2023-06-14T15:04:54.612+0000] {dag.py:3486} INFO - Setting next_dagrun for example_weekday_branch_operator to 2023-06-13T00:00:00+00:00, run_after=2023-06-14T00:00:00+00:00
[2023-06-14T15:04:54.640+0000] {processor.py:179} INFO - Processing /usr/local/lib/python3.8/dist-packages/airflow/example_dags/example_branch_day_of_week_operator.py took 0.090 seconds
[2023-06-14T15:05:51.360+0000] {processor.py:157} INFO - Started process (PID=13010) to work on /usr/local/lib/python3.8/dist-packages/airflow/example_dags/example_branch_day_of_week_operator.py
[2023-06-14T15:05:51.362+0000] {processor.py:826} INFO - Processing file /usr/local/lib/python3.8/dist-packages/airflow/example_dags/example_branch_day_of_week_operator.py for tasks to queue
[2023-06-14T15:05:51.364+0000] {logging_mixin.py:149} INFO - [2023-06-14T15:05:51.364+0000] {dagbag.py:541} INFO - Filling up the DagBag from /usr/local/lib/python3.8/dist-packages/airflow/example_dags/example_branch_day_of_week_operator.py
[2023-06-14T15:05:51.373+0000] {processor.py:836} INFO - DAG(s) dict_keys(['example_weekday_branch_operator']) retrieved from /usr/local/lib/python3.8/dist-packages/airflow/example_dags/example_branch_day_of_week_operator.py
[2023-06-14T15:05:51.395+0000] {logging_mixin.py:149} INFO - [2023-06-14T15:05:51.395+0000] {dag.py:2726} INFO - Sync 1 DAGs
[2023-06-14T15:05:51.418+0000] {logging_mixin.py:149} INFO - [2023-06-14T15:05:51.418+0000] {dag.py:3486} INFO - Setting next_dagrun for example_weekday_branch_operator to 2023-06-13T00:00:00+00:00, run_after=2023-06-14T00:00:00+00:00
[2023-06-14T15:05:51.448+0000] {processor.py:179} INFO - Processing /usr/local/lib/python3.8/dist-packages/airflow/example_dags/example_branch_day_of_week_operator.py took 0.091 seconds
[2023-06-14T15:06:44.201+0000] {processor.py:157} INFO - Started process (PID=13167) to work on /usr/local/lib/python3.8/dist-packages/airflow/example_dags/example_branch_day_of_week_operator.py
[2023-06-14T15:06:44.202+0000] {processor.py:826} INFO - Processing file /usr/local/lib/python3.8/dist-packages/airflow/example_dags/example_branch_day_of_week_operator.py for tasks to queue
[2023-06-14T15:06:44.205+0000] {logging_mixin.py:149} INFO - [2023-06-14T15:06:44.205+0000] {dagbag.py:541} INFO - Filling up the DagBag from /usr/local/lib/python3.8/dist-packages/airflow/example_dags/example_branch_day_of_week_operator.py
[2023-06-14T15:06:44.213+0000] {processor.py:836} INFO - DAG(s) dict_keys(['example_weekday_branch_operator']) retrieved from /usr/local/lib/python3.8/dist-packages/airflow/example_dags/example_branch_day_of_week_operator.py
[2023-06-14T15:06:44.235+0000] {logging_mixin.py:149} INFO - [2023-06-14T15:06:44.234+0000] {dag.py:2726} INFO - Sync 1 DAGs
[2023-06-14T15:06:44.257+0000] {logging_mixin.py:149} INFO - [2023-06-14T15:06:44.257+0000] {dag.py:3486} INFO - Setting next_dagrun for example_weekday_branch_operator to 2023-06-13T00:00:00+00:00, run_after=2023-06-14T00:00:00+00:00
[2023-06-14T15:06:44.284+0000] {processor.py:179} INFO - Processing /usr/local/lib/python3.8/dist-packages/airflow/example_dags/example_branch_day_of_week_operator.py took 0.087 seconds
[2023-06-14T15:07:34.602+0000] {processor.py:157} INFO - Started process (PID=13438) to work on /usr/local/lib/python3.8/dist-packages/airflow/example_dags/example_branch_day_of_week_operator.py
[2023-06-14T15:07:34.604+0000] {processor.py:826} INFO - Processing file /usr/local/lib/python3.8/dist-packages/airflow/example_dags/example_branch_day_of_week_operator.py for tasks to queue
[2023-06-14T15:07:34.606+0000] {logging_mixin.py:149} INFO - [2023-06-14T15:07:34.606+0000] {dagbag.py:541} INFO - Filling up the DagBag from /usr/local/lib/python3.8/dist-packages/airflow/example_dags/example_branch_day_of_week_operator.py
[2023-06-14T15:07:34.614+0000] {processor.py:836} INFO - DAG(s) dict_keys(['example_weekday_branch_operator']) retrieved from /usr/local/lib/python3.8/dist-packages/airflow/example_dags/example_branch_day_of_week_operator.py
[2023-06-14T15:07:34.636+0000] {logging_mixin.py:149} INFO - [2023-06-14T15:07:34.636+0000] {dag.py:2726} INFO - Sync 1 DAGs
[2023-06-14T15:07:34.658+0000] {logging_mixin.py:149} INFO - [2023-06-14T15:07:34.657+0000] {dag.py:3486} INFO - Setting next_dagrun for example_weekday_branch_operator to 2023-06-13T00:00:00+00:00, run_after=2023-06-14T00:00:00+00:00
[2023-06-14T15:07:34.684+0000] {processor.py:179} INFO - Processing /usr/local/lib/python3.8/dist-packages/airflow/example_dags/example_branch_day_of_week_operator.py took 0.086 seconds
[2023-06-14T15:08:24.930+0000] {processor.py:157} INFO - Started process (PID=13594) to work on /usr/local/lib/python3.8/dist-packages/airflow/example_dags/example_branch_day_of_week_operator.py
[2023-06-14T15:08:24.932+0000] {processor.py:826} INFO - Processing file /usr/local/lib/python3.8/dist-packages/airflow/example_dags/example_branch_day_of_week_operator.py for tasks to queue
[2023-06-14T15:08:24.934+0000] {logging_mixin.py:149} INFO - [2023-06-14T15:08:24.934+0000] {dagbag.py:541} INFO - Filling up the DagBag from /usr/local/lib/python3.8/dist-packages/airflow/example_dags/example_branch_day_of_week_operator.py
[2023-06-14T15:08:24.943+0000] {processor.py:836} INFO - DAG(s) dict_keys(['example_weekday_branch_operator']) retrieved from /usr/local/lib/python3.8/dist-packages/airflow/example_dags/example_branch_day_of_week_operator.py
[2023-06-14T15:08:24.963+0000] {logging_mixin.py:149} INFO - [2023-06-14T15:08:24.963+0000] {dag.py:2726} INFO - Sync 1 DAGs
[2023-06-14T15:08:24.985+0000] {logging_mixin.py:149} INFO - [2023-06-14T15:08:24.985+0000] {dag.py:3486} INFO - Setting next_dagrun for example_weekday_branch_operator to 2023-06-13T00:00:00+00:00, run_after=2023-06-14T00:00:00+00:00
[2023-06-14T15:08:25.013+0000] {processor.py:179} INFO - Processing /usr/local/lib/python3.8/dist-packages/airflow/example_dags/example_branch_day_of_week_operator.py took 0.087 seconds
[2023-06-14T15:09:13.912+0000] {processor.py:157} INFO - Started process (PID=13850) to work on /usr/local/lib/python3.8/dist-packages/airflow/example_dags/example_branch_day_of_week_operator.py
[2023-06-14T15:09:13.914+0000] {processor.py:826} INFO - Processing file /usr/local/lib/python3.8/dist-packages/airflow/example_dags/example_branch_day_of_week_operator.py for tasks to queue
[2023-06-14T15:09:13.916+0000] {logging_mixin.py:149} INFO - [2023-06-14T15:09:13.916+0000] {dagbag.py:541} INFO - Filling up the DagBag from /usr/local/lib/python3.8/dist-packages/airflow/example_dags/example_branch_day_of_week_operator.py
[2023-06-14T15:09:13.925+0000] {processor.py:836} INFO - DAG(s) dict_keys(['example_weekday_branch_operator']) retrieved from /usr/local/lib/python3.8/dist-packages/airflow/example_dags/example_branch_day_of_week_operator.py
[2023-06-14T15:09:13.946+0000] {logging_mixin.py:149} INFO - [2023-06-14T15:09:13.946+0000] {dag.py:2726} INFO - Sync 1 DAGs
[2023-06-14T15:09:13.967+0000] {logging_mixin.py:149} INFO - [2023-06-14T15:09:13.967+0000] {dag.py:3486} INFO - Setting next_dagrun for example_weekday_branch_operator to 2023-06-13T00:00:00+00:00, run_after=2023-06-14T00:00:00+00:00
[2023-06-14T15:09:13.994+0000] {processor.py:179} INFO - Processing /usr/local/lib/python3.8/dist-packages/airflow/example_dags/example_branch_day_of_week_operator.py took 0.085 seconds
[2023-06-14T15:10:04.614+0000] {processor.py:157} INFO - Started process (PID=14003) to work on /usr/local/lib/python3.8/dist-packages/airflow/example_dags/example_branch_day_of_week_operator.py
[2023-06-14T15:10:04.616+0000] {processor.py:826} INFO - Processing file /usr/local/lib/python3.8/dist-packages/airflow/example_dags/example_branch_day_of_week_operator.py for tasks to queue
[2023-06-14T15:10:04.618+0000] {logging_mixin.py:149} INFO - [2023-06-14T15:10:04.618+0000] {dagbag.py:541} INFO - Filling up the DagBag from /usr/local/lib/python3.8/dist-packages/airflow/example_dags/example_branch_day_of_week_operator.py
[2023-06-14T15:10:04.626+0000] {processor.py:836} INFO - DAG(s) dict_keys(['example_weekday_branch_operator']) retrieved from /usr/local/lib/python3.8/dist-packages/airflow/example_dags/example_branch_day_of_week_operator.py
[2023-06-14T15:10:04.648+0000] {logging_mixin.py:149} INFO - [2023-06-14T15:10:04.647+0000] {dag.py:2726} INFO - Sync 1 DAGs
[2023-06-14T15:10:04.669+0000] {logging_mixin.py:149} INFO - [2023-06-14T15:10:04.669+0000] {dag.py:3486} INFO - Setting next_dagrun for example_weekday_branch_operator to 2023-06-13T00:00:00+00:00, run_after=2023-06-14T00:00:00+00:00
[2023-06-14T15:10:04.695+0000] {processor.py:179} INFO - Processing /usr/local/lib/python3.8/dist-packages/airflow/example_dags/example_branch_day_of_week_operator.py took 0.086 seconds
[2023-06-14T15:10:55.368+0000] {processor.py:157} INFO - Started process (PID=14160) to work on /usr/local/lib/python3.8/dist-packages/airflow/example_dags/example_branch_day_of_week_operator.py
[2023-06-14T15:10:55.370+0000] {processor.py:826} INFO - Processing file /usr/local/lib/python3.8/dist-packages/airflow/example_dags/example_branch_day_of_week_operator.py for tasks to queue
[2023-06-14T15:10:55.372+0000] {logging_mixin.py:149} INFO - [2023-06-14T15:10:55.372+0000] {dagbag.py:541} INFO - Filling up the DagBag from /usr/local/lib/python3.8/dist-packages/airflow/example_dags/example_branch_day_of_week_operator.py
[2023-06-14T15:10:55.380+0000] {processor.py:836} INFO - DAG(s) dict_keys(['example_weekday_branch_operator']) retrieved from /usr/local/lib/python3.8/dist-packages/airflow/example_dags/example_branch_day_of_week_operator.py
[2023-06-14T15:10:55.402+0000] {logging_mixin.py:149} INFO - [2023-06-14T15:10:55.401+0000] {dag.py:2726} INFO - Sync 1 DAGs
[2023-06-14T15:10:55.424+0000] {logging_mixin.py:149} INFO - [2023-06-14T15:10:55.424+0000] {dag.py:3486} INFO - Setting next_dagrun for example_weekday_branch_operator to 2023-06-13T00:00:00+00:00, run_after=2023-06-14T00:00:00+00:00
[2023-06-14T15:10:55.457+0000] {processor.py:179} INFO - Processing /usr/local/lib/python3.8/dist-packages/airflow/example_dags/example_branch_day_of_week_operator.py took 0.093 seconds
[2023-06-14T15:11:41.692+0000] {processor.py:157} INFO - Started process (PID=14209) to work on /usr/local/lib/python3.8/dist-packages/airflow/example_dags/example_branch_day_of_week_operator.py
[2023-06-14T15:11:41.693+0000] {processor.py:826} INFO - Processing file /usr/local/lib/python3.8/dist-packages/airflow/example_dags/example_branch_day_of_week_operator.py for tasks to queue
[2023-06-14T15:11:41.696+0000] {logging_mixin.py:149} INFO - [2023-06-14T15:11:41.696+0000] {dagbag.py:541} INFO - Filling up the DagBag from /usr/local/lib/python3.8/dist-packages/airflow/example_dags/example_branch_day_of_week_operator.py
[2023-06-14T15:11:41.704+0000] {processor.py:836} INFO - DAG(s) dict_keys(['example_weekday_branch_operator']) retrieved from /usr/local/lib/python3.8/dist-packages/airflow/example_dags/example_branch_day_of_week_operator.py
[2023-06-14T15:11:41.726+0000] {logging_mixin.py:149} INFO - [2023-06-14T15:11:41.725+0000] {dag.py:2726} INFO - Sync 1 DAGs
[2023-06-14T15:11:41.747+0000] {logging_mixin.py:149} INFO - [2023-06-14T15:11:41.747+0000] {dag.py:3486} INFO - Setting next_dagrun for example_weekday_branch_operator to 2023-06-13T00:00:00+00:00, run_after=2023-06-14T00:00:00+00:00
[2023-06-14T15:11:41.776+0000] {processor.py:179} INFO - Processing /usr/local/lib/python3.8/dist-packages/airflow/example_dags/example_branch_day_of_week_operator.py took 0.089 seconds
[2023-06-14T15:12:34.421+0000] {processor.py:157} INFO - Started process (PID=14371) to work on /usr/local/lib/python3.8/dist-packages/airflow/example_dags/example_branch_day_of_week_operator.py
[2023-06-14T15:12:34.423+0000] {processor.py:826} INFO - Processing file /usr/local/lib/python3.8/dist-packages/airflow/example_dags/example_branch_day_of_week_operator.py for tasks to queue
[2023-06-14T15:12:34.425+0000] {logging_mixin.py:149} INFO - [2023-06-14T15:12:34.425+0000] {dagbag.py:541} INFO - Filling up the DagBag from /usr/local/lib/python3.8/dist-packages/airflow/example_dags/example_branch_day_of_week_operator.py
[2023-06-14T15:12:34.433+0000] {processor.py:836} INFO - DAG(s) dict_keys(['example_weekday_branch_operator']) retrieved from /usr/local/lib/python3.8/dist-packages/airflow/example_dags/example_branch_day_of_week_operator.py
[2023-06-14T15:12:34.454+0000] {logging_mixin.py:149} INFO - [2023-06-14T15:12:34.454+0000] {dag.py:2726} INFO - Sync 1 DAGs
[2023-06-14T15:12:34.475+0000] {logging_mixin.py:149} INFO - [2023-06-14T15:12:34.475+0000] {dag.py:3486} INFO - Setting next_dagrun for example_weekday_branch_operator to 2023-06-13T00:00:00+00:00, run_after=2023-06-14T00:00:00+00:00
[2023-06-14T15:12:34.504+0000] {processor.py:179} INFO - Processing /usr/local/lib/python3.8/dist-packages/airflow/example_dags/example_branch_day_of_week_operator.py took 0.087 seconds
[2023-06-14T15:13:27.396+0000] {processor.py:157} INFO - Started process (PID=14527) to work on /usr/local/lib/python3.8/dist-packages/airflow/example_dags/example_branch_day_of_week_operator.py
[2023-06-14T15:13:27.397+0000] {processor.py:826} INFO - Processing file /usr/local/lib/python3.8/dist-packages/airflow/example_dags/example_branch_day_of_week_operator.py for tasks to queue
[2023-06-14T15:13:27.400+0000] {logging_mixin.py:149} INFO - [2023-06-14T15:13:27.400+0000] {dagbag.py:541} INFO - Filling up the DagBag from /usr/local/lib/python3.8/dist-packages/airflow/example_dags/example_branch_day_of_week_operator.py
[2023-06-14T15:13:27.408+0000] {processor.py:836} INFO - DAG(s) dict_keys(['example_weekday_branch_operator']) retrieved from /usr/local/lib/python3.8/dist-packages/airflow/example_dags/example_branch_day_of_week_operator.py
[2023-06-14T15:13:27.430+0000] {logging_mixin.py:149} INFO - [2023-06-14T15:13:27.430+0000] {dag.py:2726} INFO - Sync 1 DAGs
[2023-06-14T15:13:27.452+0000] {logging_mixin.py:149} INFO - [2023-06-14T15:13:27.452+0000] {dag.py:3486} INFO - Setting next_dagrun for example_weekday_branch_operator to 2023-06-13T00:00:00+00:00, run_after=2023-06-14T00:00:00+00:00
[2023-06-14T15:13:27.479+0000] {processor.py:179} INFO - Processing /usr/local/lib/python3.8/dist-packages/airflow/example_dags/example_branch_day_of_week_operator.py took 0.087 seconds
[2023-06-14T15:14:17.156+0000] {processor.py:157} INFO - Started process (PID=14786) to work on /usr/local/lib/python3.8/dist-packages/airflow/example_dags/example_branch_day_of_week_operator.py
[2023-06-14T15:14:17.158+0000] {processor.py:826} INFO - Processing file /usr/local/lib/python3.8/dist-packages/airflow/example_dags/example_branch_day_of_week_operator.py for tasks to queue
[2023-06-14T15:14:17.160+0000] {logging_mixin.py:149} INFO - [2023-06-14T15:14:17.160+0000] {dagbag.py:541} INFO - Filling up the DagBag from /usr/local/lib/python3.8/dist-packages/airflow/example_dags/example_branch_day_of_week_operator.py
[2023-06-14T15:14:17.169+0000] {processor.py:836} INFO - DAG(s) dict_keys(['example_weekday_branch_operator']) retrieved from /usr/local/lib/python3.8/dist-packages/airflow/example_dags/example_branch_day_of_week_operator.py
[2023-06-14T15:14:17.191+0000] {logging_mixin.py:149} INFO - [2023-06-14T15:14:17.191+0000] {dag.py:2726} INFO - Sync 1 DAGs
[2023-06-14T15:14:17.215+0000] {logging_mixin.py:149} INFO - [2023-06-14T15:14:17.214+0000] {dag.py:3486} INFO - Setting next_dagrun for example_weekday_branch_operator to 2023-06-13T00:00:00+00:00, run_after=2023-06-14T00:00:00+00:00
[2023-06-14T15:14:17.243+0000] {processor.py:179} INFO - Processing /usr/local/lib/python3.8/dist-packages/airflow/example_dags/example_branch_day_of_week_operator.py took 0.091 seconds
[2023-06-14T15:15:06.132+0000] {processor.py:157} INFO - Started process (PID=14938) to work on /usr/local/lib/python3.8/dist-packages/airflow/example_dags/example_branch_day_of_week_operator.py
[2023-06-14T15:15:06.133+0000] {processor.py:826} INFO - Processing file /usr/local/lib/python3.8/dist-packages/airflow/example_dags/example_branch_day_of_week_operator.py for tasks to queue
[2023-06-14T15:15:06.135+0000] {logging_mixin.py:149} INFO - [2023-06-14T15:15:06.135+0000] {dagbag.py:541} INFO - Filling up the DagBag from /usr/local/lib/python3.8/dist-packages/airflow/example_dags/example_branch_day_of_week_operator.py
[2023-06-14T15:15:06.144+0000] {processor.py:836} INFO - DAG(s) dict_keys(['example_weekday_branch_operator']) retrieved from /usr/local/lib/python3.8/dist-packages/airflow/example_dags/example_branch_day_of_week_operator.py
[2023-06-14T15:15:06.165+0000] {logging_mixin.py:149} INFO - [2023-06-14T15:15:06.165+0000] {dag.py:2726} INFO - Sync 1 DAGs
[2023-06-14T15:15:06.186+0000] {logging_mixin.py:149} INFO - [2023-06-14T15:15:06.186+0000] {dag.py:3486} INFO - Setting next_dagrun for example_weekday_branch_operator to 2023-06-13T00:00:00+00:00, run_after=2023-06-14T00:00:00+00:00
[2023-06-14T15:15:06.214+0000] {processor.py:179} INFO - Processing /usr/local/lib/python3.8/dist-packages/airflow/example_dags/example_branch_day_of_week_operator.py took 0.087 seconds
