[2023-06-14T14:16:54.913+0000] {processor.py:157} INFO - Started process (PID=1927) to work on /usr/local/lib/python3.8/dist-packages/airflow/example_dags/tutorial_dag.py
[2023-06-14T14:16:54.914+0000] {processor.py:826} INFO - Processing file /usr/local/lib/python3.8/dist-packages/airflow/example_dags/tutorial_dag.py for tasks to queue
[2023-06-14T14:16:54.917+0000] {logging_mixin.py:149} INFO - [2023-06-14T14:16:54.917+0000] {dagbag.py:541} INFO - Filling up the DagBag from /usr/local/lib/python3.8/dist-packages/airflow/example_dags/tutorial_dag.py
[2023-06-14T14:16:54.922+0000] {processor.py:836} INFO - DAG(s) dict_keys(['tutorial_dag']) retrieved from /usr/local/lib/python3.8/dist-packages/airflow/example_dags/tutorial_dag.py
[2023-06-14T14:16:54.934+0000] {logging_mixin.py:149} INFO - [2023-06-14T14:16:54.934+0000] {dag.py:2726} INFO - Sync 1 DAGs
[2023-06-14T14:16:54.956+0000] {logging_mixin.py:149} INFO - [2023-06-14T14:16:54.956+0000] {dag.py:3486} INFO - Setting next_dagrun for tutorial_dag to None, run_after=None
[2023-06-14T14:16:54.983+0000] {processor.py:179} INFO - Processing /usr/local/lib/python3.8/dist-packages/airflow/example_dags/tutorial_dag.py took 0.074 seconds
[2023-06-14T14:19:18.332+0000] {processor.py:157} INFO - Started process (PID=4101) to work on /usr/local/lib/python3.8/dist-packages/airflow/example_dags/tutorial_dag.py
[2023-06-14T14:19:18.361+0000] {processor.py:826} INFO - Processing file /usr/local/lib/python3.8/dist-packages/airflow/example_dags/tutorial_dag.py for tasks to queue
[2023-06-14T14:19:18.364+0000] {logging_mixin.py:149} INFO - [2023-06-14T14:19:18.364+0000] {dagbag.py:541} INFO - Filling up the DagBag from /usr/local/lib/python3.8/dist-packages/airflow/example_dags/tutorial_dag.py
[2023-06-14T14:19:18.390+0000] {processor.py:836} INFO - DAG(s) dict_keys(['tutorial_dag']) retrieved from /usr/local/lib/python3.8/dist-packages/airflow/example_dags/tutorial_dag.py
[2023-06-14T14:19:18.487+0000] {logging_mixin.py:149} INFO - [2023-06-14T14:19:18.486+0000] {dag.py:2726} INFO - Sync 1 DAGs
[2023-06-14T14:19:18.596+0000] {logging_mixin.py:149} INFO - [2023-06-14T14:19:18.596+0000] {dag.py:3486} INFO - Setting next_dagrun for tutorial_dag to None, run_after=None
[2023-06-14T14:19:18.788+0000] {processor.py:179} INFO - Processing /usr/local/lib/python3.8/dist-packages/airflow/example_dags/tutorial_dag.py took 0.470 seconds
[2023-06-14T14:20:06.716+0000] {processor.py:157} INFO - Started process (PID=4272) to work on /usr/local/lib/python3.8/dist-packages/airflow/example_dags/tutorial_dag.py
[2023-06-14T14:20:06.717+0000] {processor.py:826} INFO - Processing file /usr/local/lib/python3.8/dist-packages/airflow/example_dags/tutorial_dag.py for tasks to queue
[2023-06-14T14:20:06.720+0000] {logging_mixin.py:149} INFO - [2023-06-14T14:20:06.720+0000] {dagbag.py:541} INFO - Filling up the DagBag from /usr/local/lib/python3.8/dist-packages/airflow/example_dags/tutorial_dag.py
[2023-06-14T14:20:06.726+0000] {processor.py:836} INFO - DAG(s) dict_keys(['tutorial_dag']) retrieved from /usr/local/lib/python3.8/dist-packages/airflow/example_dags/tutorial_dag.py
[2023-06-14T14:20:06.747+0000] {logging_mixin.py:149} INFO - [2023-06-14T14:20:06.746+0000] {dag.py:2726} INFO - Sync 1 DAGs
[2023-06-14T14:20:06.768+0000] {logging_mixin.py:149} INFO - [2023-06-14T14:20:06.768+0000] {dag.py:3486} INFO - Setting next_dagrun for tutorial_dag to None, run_after=None
[2023-06-14T14:20:06.797+0000] {processor.py:179} INFO - Processing /usr/local/lib/python3.8/dist-packages/airflow/example_dags/tutorial_dag.py took 0.085 seconds
[2023-06-14T14:20:53.779+0000] {processor.py:157} INFO - Started process (PID=4422) to work on /usr/local/lib/python3.8/dist-packages/airflow/example_dags/tutorial_dag.py
[2023-06-14T14:20:53.780+0000] {processor.py:826} INFO - Processing file /usr/local/lib/python3.8/dist-packages/airflow/example_dags/tutorial_dag.py for tasks to queue
[2023-06-14T14:20:53.783+0000] {logging_mixin.py:149} INFO - [2023-06-14T14:20:53.783+0000] {dagbag.py:541} INFO - Filling up the DagBag from /usr/local/lib/python3.8/dist-packages/airflow/example_dags/tutorial_dag.py
[2023-06-14T14:20:53.789+0000] {processor.py:836} INFO - DAG(s) dict_keys(['tutorial_dag']) retrieved from /usr/local/lib/python3.8/dist-packages/airflow/example_dags/tutorial_dag.py
[2023-06-14T14:20:53.810+0000] {logging_mixin.py:149} INFO - [2023-06-14T14:20:53.810+0000] {dag.py:2726} INFO - Sync 1 DAGs
[2023-06-14T14:20:53.830+0000] {logging_mixin.py:149} INFO - [2023-06-14T14:20:53.830+0000] {dag.py:3486} INFO - Setting next_dagrun for tutorial_dag to None, run_after=None
[2023-06-14T14:20:53.857+0000] {processor.py:179} INFO - Processing /usr/local/lib/python3.8/dist-packages/airflow/example_dags/tutorial_dag.py took 0.082 seconds
[2023-06-14T14:21:47.914+0000] {processor.py:157} INFO - Started process (PID=4475) to work on /usr/local/lib/python3.8/dist-packages/airflow/example_dags/tutorial_dag.py
[2023-06-14T14:21:47.915+0000] {processor.py:826} INFO - Processing file /usr/local/lib/python3.8/dist-packages/airflow/example_dags/tutorial_dag.py for tasks to queue
[2023-06-14T14:21:47.918+0000] {logging_mixin.py:149} INFO - [2023-06-14T14:21:47.918+0000] {dagbag.py:541} INFO - Filling up the DagBag from /usr/local/lib/python3.8/dist-packages/airflow/example_dags/tutorial_dag.py
[2023-06-14T14:21:47.924+0000] {processor.py:836} INFO - DAG(s) dict_keys(['tutorial_dag']) retrieved from /usr/local/lib/python3.8/dist-packages/airflow/example_dags/tutorial_dag.py
[2023-06-14T14:21:47.944+0000] {logging_mixin.py:149} INFO - [2023-06-14T14:21:47.944+0000] {dag.py:2726} INFO - Sync 1 DAGs
[2023-06-14T14:21:47.964+0000] {logging_mixin.py:149} INFO - [2023-06-14T14:21:47.964+0000] {dag.py:3486} INFO - Setting next_dagrun for tutorial_dag to None, run_after=None
[2023-06-14T14:21:47.992+0000] {processor.py:179} INFO - Processing /usr/local/lib/python3.8/dist-packages/airflow/example_dags/tutorial_dag.py took 0.081 seconds
[2023-06-14T14:22:41.017+0000] {processor.py:157} INFO - Started process (PID=4637) to work on /usr/local/lib/python3.8/dist-packages/airflow/example_dags/tutorial_dag.py
[2023-06-14T14:22:41.018+0000] {processor.py:826} INFO - Processing file /usr/local/lib/python3.8/dist-packages/airflow/example_dags/tutorial_dag.py for tasks to queue
[2023-06-14T14:22:41.021+0000] {logging_mixin.py:149} INFO - [2023-06-14T14:22:41.021+0000] {dagbag.py:541} INFO - Filling up the DagBag from /usr/local/lib/python3.8/dist-packages/airflow/example_dags/tutorial_dag.py
[2023-06-14T14:22:41.027+0000] {processor.py:836} INFO - DAG(s) dict_keys(['tutorial_dag']) retrieved from /usr/local/lib/python3.8/dist-packages/airflow/example_dags/tutorial_dag.py
[2023-06-14T14:22:41.047+0000] {logging_mixin.py:149} INFO - [2023-06-14T14:22:41.047+0000] {dag.py:2726} INFO - Sync 1 DAGs
[2023-06-14T14:22:41.068+0000] {logging_mixin.py:149} INFO - [2023-06-14T14:22:41.068+0000] {dag.py:3486} INFO - Setting next_dagrun for tutorial_dag to None, run_after=None
[2023-06-14T14:22:41.095+0000] {processor.py:179} INFO - Processing /usr/local/lib/python3.8/dist-packages/airflow/example_dags/tutorial_dag.py took 0.082 seconds
[2023-06-14T14:23:28.681+0000] {processor.py:157} INFO - Started process (PID=4791) to work on /usr/local/lib/python3.8/dist-packages/airflow/example_dags/tutorial_dag.py
[2023-06-14T14:23:28.682+0000] {processor.py:826} INFO - Processing file /usr/local/lib/python3.8/dist-packages/airflow/example_dags/tutorial_dag.py for tasks to queue
[2023-06-14T14:23:28.684+0000] {logging_mixin.py:149} INFO - [2023-06-14T14:23:28.684+0000] {dagbag.py:541} INFO - Filling up the DagBag from /usr/local/lib/python3.8/dist-packages/airflow/example_dags/tutorial_dag.py
[2023-06-14T14:23:28.690+0000] {processor.py:836} INFO - DAG(s) dict_keys(['tutorial_dag']) retrieved from /usr/local/lib/python3.8/dist-packages/airflow/example_dags/tutorial_dag.py
[2023-06-14T14:23:28.712+0000] {logging_mixin.py:149} INFO - [2023-06-14T14:23:28.712+0000] {dag.py:2726} INFO - Sync 1 DAGs
[2023-06-14T14:23:28.732+0000] {logging_mixin.py:149} INFO - [2023-06-14T14:23:28.732+0000] {dag.py:3486} INFO - Setting next_dagrun for tutorial_dag to None, run_after=None
[2023-06-14T14:23:28.765+0000] {processor.py:179} INFO - Processing /usr/local/lib/python3.8/dist-packages/airflow/example_dags/tutorial_dag.py took 0.088 seconds
[2023-06-14T14:24:20.410+0000] {processor.py:157} INFO - Started process (PID=5048) to work on /usr/local/lib/python3.8/dist-packages/airflow/example_dags/tutorial_dag.py
[2023-06-14T14:24:20.412+0000] {processor.py:826} INFO - Processing file /usr/local/lib/python3.8/dist-packages/airflow/example_dags/tutorial_dag.py for tasks to queue
[2023-06-14T14:24:20.414+0000] {logging_mixin.py:149} INFO - [2023-06-14T14:24:20.414+0000] {dagbag.py:541} INFO - Filling up the DagBag from /usr/local/lib/python3.8/dist-packages/airflow/example_dags/tutorial_dag.py
[2023-06-14T14:24:20.421+0000] {processor.py:836} INFO - DAG(s) dict_keys(['tutorial_dag']) retrieved from /usr/local/lib/python3.8/dist-packages/airflow/example_dags/tutorial_dag.py
[2023-06-14T14:24:20.448+0000] {logging_mixin.py:149} INFO - [2023-06-14T14:24:20.447+0000] {dag.py:2726} INFO - Sync 1 DAGs
[2023-06-14T14:24:20.473+0000] {logging_mixin.py:149} INFO - [2023-06-14T14:24:20.473+0000] {dag.py:3486} INFO - Setting next_dagrun for tutorial_dag to None, run_after=None
[2023-06-14T14:24:20.498+0000] {processor.py:179} INFO - Processing /usr/local/lib/python3.8/dist-packages/airflow/example_dags/tutorial_dag.py took 0.092 seconds
[2023-06-14T14:25:09.894+0000] {processor.py:157} INFO - Started process (PID=5204) to work on /usr/local/lib/python3.8/dist-packages/airflow/example_dags/tutorial_dag.py
[2023-06-14T14:25:09.896+0000] {processor.py:826} INFO - Processing file /usr/local/lib/python3.8/dist-packages/airflow/example_dags/tutorial_dag.py for tasks to queue
[2023-06-14T14:25:09.898+0000] {logging_mixin.py:149} INFO - [2023-06-14T14:25:09.898+0000] {dagbag.py:541} INFO - Filling up the DagBag from /usr/local/lib/python3.8/dist-packages/airflow/example_dags/tutorial_dag.py
[2023-06-14T14:25:09.905+0000] {processor.py:836} INFO - DAG(s) dict_keys(['tutorial_dag']) retrieved from /usr/local/lib/python3.8/dist-packages/airflow/example_dags/tutorial_dag.py
[2023-06-14T14:25:09.926+0000] {logging_mixin.py:149} INFO - [2023-06-14T14:25:09.926+0000] {dag.py:2726} INFO - Sync 1 DAGs
[2023-06-14T14:25:09.947+0000] {logging_mixin.py:149} INFO - [2023-06-14T14:25:09.947+0000] {dag.py:3486} INFO - Setting next_dagrun for tutorial_dag to None, run_after=None
[2023-06-14T14:25:09.976+0000] {processor.py:179} INFO - Processing /usr/local/lib/python3.8/dist-packages/airflow/example_dags/tutorial_dag.py took 0.085 seconds
[2023-06-14T14:26:00.038+0000] {processor.py:157} INFO - Started process (PID=5357) to work on /usr/local/lib/python3.8/dist-packages/airflow/example_dags/tutorial_dag.py
[2023-06-14T14:26:00.040+0000] {processor.py:826} INFO - Processing file /usr/local/lib/python3.8/dist-packages/airflow/example_dags/tutorial_dag.py for tasks to queue
[2023-06-14T14:26:00.042+0000] {logging_mixin.py:149} INFO - [2023-06-14T14:26:00.042+0000] {dagbag.py:541} INFO - Filling up the DagBag from /usr/local/lib/python3.8/dist-packages/airflow/example_dags/tutorial_dag.py
[2023-06-14T14:26:00.048+0000] {processor.py:836} INFO - DAG(s) dict_keys(['tutorial_dag']) retrieved from /usr/local/lib/python3.8/dist-packages/airflow/example_dags/tutorial_dag.py
[2023-06-14T14:26:00.074+0000] {logging_mixin.py:149} INFO - [2023-06-14T14:26:00.074+0000] {dag.py:2726} INFO - Sync 1 DAGs
[2023-06-14T14:26:00.095+0000] {logging_mixin.py:149} INFO - [2023-06-14T14:26:00.094+0000] {dag.py:3486} INFO - Setting next_dagrun for tutorial_dag to None, run_after=None
[2023-06-14T14:26:00.140+0000] {processor.py:179} INFO - Processing /usr/local/lib/python3.8/dist-packages/airflow/example_dags/tutorial_dag.py took 0.105 seconds
[2023-06-14T14:26:51.639+0000] {processor.py:157} INFO - Started process (PID=5514) to work on /usr/local/lib/python3.8/dist-packages/airflow/example_dags/tutorial_dag.py
[2023-06-14T14:26:51.640+0000] {processor.py:826} INFO - Processing file /usr/local/lib/python3.8/dist-packages/airflow/example_dags/tutorial_dag.py for tasks to queue
[2023-06-14T14:26:51.643+0000] {logging_mixin.py:149} INFO - [2023-06-14T14:26:51.643+0000] {dagbag.py:541} INFO - Filling up the DagBag from /usr/local/lib/python3.8/dist-packages/airflow/example_dags/tutorial_dag.py
[2023-06-14T14:26:51.649+0000] {processor.py:836} INFO - DAG(s) dict_keys(['tutorial_dag']) retrieved from /usr/local/lib/python3.8/dist-packages/airflow/example_dags/tutorial_dag.py
[2023-06-14T14:26:51.669+0000] {logging_mixin.py:149} INFO - [2023-06-14T14:26:51.669+0000] {dag.py:2726} INFO - Sync 1 DAGs
[2023-06-14T14:26:51.689+0000] {logging_mixin.py:149} INFO - [2023-06-14T14:26:51.688+0000] {dag.py:3486} INFO - Setting next_dagrun for tutorial_dag to None, run_after=None
[2023-06-14T14:26:51.715+0000] {processor.py:179} INFO - Processing /usr/local/lib/python3.8/dist-packages/airflow/example_dags/tutorial_dag.py took 0.080 seconds
[2023-06-14T14:27:44.313+0000] {processor.py:157} INFO - Started process (PID=5571) to work on /usr/local/lib/python3.8/dist-packages/airflow/example_dags/tutorial_dag.py
[2023-06-14T14:27:44.314+0000] {processor.py:826} INFO - Processing file /usr/local/lib/python3.8/dist-packages/airflow/example_dags/tutorial_dag.py for tasks to queue
[2023-06-14T14:27:44.317+0000] {logging_mixin.py:149} INFO - [2023-06-14T14:27:44.316+0000] {dagbag.py:541} INFO - Filling up the DagBag from /usr/local/lib/python3.8/dist-packages/airflow/example_dags/tutorial_dag.py
[2023-06-14T14:27:44.323+0000] {processor.py:836} INFO - DAG(s) dict_keys(['tutorial_dag']) retrieved from /usr/local/lib/python3.8/dist-packages/airflow/example_dags/tutorial_dag.py
[2023-06-14T14:27:44.344+0000] {logging_mixin.py:149} INFO - [2023-06-14T14:27:44.343+0000] {dag.py:2726} INFO - Sync 1 DAGs
[2023-06-14T14:27:44.365+0000] {logging_mixin.py:149} INFO - [2023-06-14T14:27:44.364+0000] {dag.py:3486} INFO - Setting next_dagrun for tutorial_dag to None, run_after=None
[2023-06-14T14:27:44.391+0000] {processor.py:179} INFO - Processing /usr/local/lib/python3.8/dist-packages/airflow/example_dags/tutorial_dag.py took 0.082 seconds
[2023-06-14T14:28:38.678+0000] {processor.py:157} INFO - Started process (PID=5729) to work on /usr/local/lib/python3.8/dist-packages/airflow/example_dags/tutorial_dag.py
[2023-06-14T14:28:38.679+0000] {processor.py:826} INFO - Processing file /usr/local/lib/python3.8/dist-packages/airflow/example_dags/tutorial_dag.py for tasks to queue
[2023-06-14T14:28:38.682+0000] {logging_mixin.py:149} INFO - [2023-06-14T14:28:38.681+0000] {dagbag.py:541} INFO - Filling up the DagBag from /usr/local/lib/python3.8/dist-packages/airflow/example_dags/tutorial_dag.py
[2023-06-14T14:28:38.687+0000] {processor.py:836} INFO - DAG(s) dict_keys(['tutorial_dag']) retrieved from /usr/local/lib/python3.8/dist-packages/airflow/example_dags/tutorial_dag.py
[2023-06-14T14:28:38.708+0000] {logging_mixin.py:149} INFO - [2023-06-14T14:28:38.708+0000] {dag.py:2726} INFO - Sync 1 DAGs
[2023-06-14T14:28:38.728+0000] {logging_mixin.py:149} INFO - [2023-06-14T14:28:38.728+0000] {dag.py:3486} INFO - Setting next_dagrun for tutorial_dag to None, run_after=None
[2023-06-14T14:28:38.758+0000] {processor.py:179} INFO - Processing /usr/local/lib/python3.8/dist-packages/airflow/example_dags/tutorial_dag.py took 0.084 seconds
[2023-06-14T14:29:27.685+0000] {processor.py:157} INFO - Started process (PID=5987) to work on /usr/local/lib/python3.8/dist-packages/airflow/example_dags/tutorial_dag.py
[2023-06-14T14:29:27.687+0000] {processor.py:826} INFO - Processing file /usr/local/lib/python3.8/dist-packages/airflow/example_dags/tutorial_dag.py for tasks to queue
[2023-06-14T14:29:27.689+0000] {logging_mixin.py:149} INFO - [2023-06-14T14:29:27.689+0000] {dagbag.py:541} INFO - Filling up the DagBag from /usr/local/lib/python3.8/dist-packages/airflow/example_dags/tutorial_dag.py
[2023-06-14T14:29:27.695+0000] {processor.py:836} INFO - DAG(s) dict_keys(['tutorial_dag']) retrieved from /usr/local/lib/python3.8/dist-packages/airflow/example_dags/tutorial_dag.py
[2023-06-14T14:29:27.716+0000] {logging_mixin.py:149} INFO - [2023-06-14T14:29:27.715+0000] {dag.py:2726} INFO - Sync 1 DAGs
[2023-06-14T14:29:27.735+0000] {logging_mixin.py:149} INFO - [2023-06-14T14:29:27.735+0000] {dag.py:3486} INFO - Setting next_dagrun for tutorial_dag to None, run_after=None
[2023-06-14T14:29:27.763+0000] {processor.py:179} INFO - Processing /usr/local/lib/python3.8/dist-packages/airflow/example_dags/tutorial_dag.py took 0.081 seconds
[2023-06-14T14:30:24.103+0000] {processor.py:157} INFO - Started process (PID=6145) to work on /usr/local/lib/python3.8/dist-packages/airflow/example_dags/tutorial_dag.py
[2023-06-14T14:30:24.104+0000] {processor.py:826} INFO - Processing file /usr/local/lib/python3.8/dist-packages/airflow/example_dags/tutorial_dag.py for tasks to queue
[2023-06-14T14:30:24.107+0000] {logging_mixin.py:149} INFO - [2023-06-14T14:30:24.107+0000] {dagbag.py:541} INFO - Filling up the DagBag from /usr/local/lib/python3.8/dist-packages/airflow/example_dags/tutorial_dag.py
[2023-06-14T14:30:24.113+0000] {processor.py:836} INFO - DAG(s) dict_keys(['tutorial_dag']) retrieved from /usr/local/lib/python3.8/dist-packages/airflow/example_dags/tutorial_dag.py
[2023-06-14T14:30:24.133+0000] {logging_mixin.py:149} INFO - [2023-06-14T14:30:24.133+0000] {dag.py:2726} INFO - Sync 1 DAGs
[2023-06-14T14:30:24.152+0000] {logging_mixin.py:149} INFO - [2023-06-14T14:30:24.152+0000] {dag.py:3486} INFO - Setting next_dagrun for tutorial_dag to None, run_after=None
[2023-06-14T14:30:24.178+0000] {processor.py:179} INFO - Processing /usr/local/lib/python3.8/dist-packages/airflow/example_dags/tutorial_dag.py took 0.078 seconds
[2023-06-14T14:31:18.022+0000] {processor.py:157} INFO - Started process (PID=6302) to work on /usr/local/lib/python3.8/dist-packages/airflow/example_dags/tutorial_dag.py
[2023-06-14T14:31:18.023+0000] {processor.py:826} INFO - Processing file /usr/local/lib/python3.8/dist-packages/airflow/example_dags/tutorial_dag.py for tasks to queue
[2023-06-14T14:31:18.026+0000] {logging_mixin.py:149} INFO - [2023-06-14T14:31:18.026+0000] {dagbag.py:541} INFO - Filling up the DagBag from /usr/local/lib/python3.8/dist-packages/airflow/example_dags/tutorial_dag.py
[2023-06-14T14:31:18.032+0000] {processor.py:836} INFO - DAG(s) dict_keys(['tutorial_dag']) retrieved from /usr/local/lib/python3.8/dist-packages/airflow/example_dags/tutorial_dag.py
[2023-06-14T14:31:18.052+0000] {logging_mixin.py:149} INFO - [2023-06-14T14:31:18.052+0000] {dag.py:2726} INFO - Sync 1 DAGs
[2023-06-14T14:31:18.072+0000] {logging_mixin.py:149} INFO - [2023-06-14T14:31:18.072+0000] {dag.py:3486} INFO - Setting next_dagrun for tutorial_dag to None, run_after=None
[2023-06-14T14:31:18.098+0000] {processor.py:179} INFO - Processing /usr/local/lib/python3.8/dist-packages/airflow/example_dags/tutorial_dag.py took 0.079 seconds
[2023-06-14T14:32:08.459+0000] {processor.py:157} INFO - Started process (PID=6464) to work on /usr/local/lib/python3.8/dist-packages/airflow/example_dags/tutorial_dag.py
[2023-06-14T14:32:08.461+0000] {processor.py:826} INFO - Processing file /usr/local/lib/python3.8/dist-packages/airflow/example_dags/tutorial_dag.py for tasks to queue
[2023-06-14T14:32:08.463+0000] {logging_mixin.py:149} INFO - [2023-06-14T14:32:08.463+0000] {dagbag.py:541} INFO - Filling up the DagBag from /usr/local/lib/python3.8/dist-packages/airflow/example_dags/tutorial_dag.py
[2023-06-14T14:32:08.469+0000] {processor.py:836} INFO - DAG(s) dict_keys(['tutorial_dag']) retrieved from /usr/local/lib/python3.8/dist-packages/airflow/example_dags/tutorial_dag.py
[2023-06-14T14:32:08.489+0000] {logging_mixin.py:149} INFO - [2023-06-14T14:32:08.488+0000] {dag.py:2726} INFO - Sync 1 DAGs
[2023-06-14T14:32:08.508+0000] {logging_mixin.py:149} INFO - [2023-06-14T14:32:08.508+0000] {dag.py:3486} INFO - Setting next_dagrun for tutorial_dag to None, run_after=None
[2023-06-14T14:32:08.536+0000] {processor.py:179} INFO - Processing /usr/local/lib/python3.8/dist-packages/airflow/example_dags/tutorial_dag.py took 0.081 seconds
[2023-06-14T14:32:59.754+0000] {processor.py:157} INFO - Started process (PID=6619) to work on /usr/local/lib/python3.8/dist-packages/airflow/example_dags/tutorial_dag.py
[2023-06-14T14:32:59.756+0000] {processor.py:826} INFO - Processing file /usr/local/lib/python3.8/dist-packages/airflow/example_dags/tutorial_dag.py for tasks to queue
[2023-06-14T14:32:59.758+0000] {logging_mixin.py:149} INFO - [2023-06-14T14:32:59.758+0000] {dagbag.py:541} INFO - Filling up the DagBag from /usr/local/lib/python3.8/dist-packages/airflow/example_dags/tutorial_dag.py
[2023-06-14T14:32:59.764+0000] {processor.py:836} INFO - DAG(s) dict_keys(['tutorial_dag']) retrieved from /usr/local/lib/python3.8/dist-packages/airflow/example_dags/tutorial_dag.py
[2023-06-14T14:32:59.784+0000] {logging_mixin.py:149} INFO - [2023-06-14T14:32:59.784+0000] {dag.py:2726} INFO - Sync 1 DAGs
[2023-06-14T14:32:59.804+0000] {logging_mixin.py:149} INFO - [2023-06-14T14:32:59.804+0000] {dag.py:3486} INFO - Setting next_dagrun for tutorial_dag to None, run_after=None
[2023-06-14T14:32:59.831+0000] {processor.py:179} INFO - Processing /usr/local/lib/python3.8/dist-packages/airflow/example_dags/tutorial_dag.py took 0.081 seconds
[2023-06-14T14:33:50.584+0000] {processor.py:157} INFO - Started process (PID=6695) to work on /usr/local/lib/python3.8/dist-packages/airflow/example_dags/tutorial_dag.py
[2023-06-14T14:33:50.585+0000] {processor.py:826} INFO - Processing file /usr/local/lib/python3.8/dist-packages/airflow/example_dags/tutorial_dag.py for tasks to queue
[2023-06-14T14:33:50.588+0000] {logging_mixin.py:149} INFO - [2023-06-14T14:33:50.588+0000] {dagbag.py:541} INFO - Filling up the DagBag from /usr/local/lib/python3.8/dist-packages/airflow/example_dags/tutorial_dag.py
[2023-06-14T14:33:50.594+0000] {processor.py:836} INFO - DAG(s) dict_keys(['tutorial_dag']) retrieved from /usr/local/lib/python3.8/dist-packages/airflow/example_dags/tutorial_dag.py
[2023-06-14T14:33:50.615+0000] {logging_mixin.py:149} INFO - [2023-06-14T14:33:50.615+0000] {dag.py:2726} INFO - Sync 1 DAGs
[2023-06-14T14:33:50.635+0000] {logging_mixin.py:149} INFO - [2023-06-14T14:33:50.635+0000] {dag.py:3486} INFO - Setting next_dagrun for tutorial_dag to None, run_after=None
[2023-06-14T14:33:50.662+0000] {processor.py:179} INFO - Processing /usr/local/lib/python3.8/dist-packages/airflow/example_dags/tutorial_dag.py took 0.083 seconds
[2023-06-14T14:34:46.211+0000] {processor.py:157} INFO - Started process (PID=6931) to work on /usr/local/lib/python3.8/dist-packages/airflow/example_dags/tutorial_dag.py
[2023-06-14T14:34:46.213+0000] {processor.py:826} INFO - Processing file /usr/local/lib/python3.8/dist-packages/airflow/example_dags/tutorial_dag.py for tasks to queue
[2023-06-14T14:34:46.215+0000] {logging_mixin.py:149} INFO - [2023-06-14T14:34:46.215+0000] {dagbag.py:541} INFO - Filling up the DagBag from /usr/local/lib/python3.8/dist-packages/airflow/example_dags/tutorial_dag.py
[2023-06-14T14:34:46.221+0000] {processor.py:836} INFO - DAG(s) dict_keys(['tutorial_dag']) retrieved from /usr/local/lib/python3.8/dist-packages/airflow/example_dags/tutorial_dag.py
[2023-06-14T14:34:46.243+0000] {logging_mixin.py:149} INFO - [2023-06-14T14:34:46.242+0000] {dag.py:2726} INFO - Sync 1 DAGs
[2023-06-14T14:34:46.264+0000] {logging_mixin.py:149} INFO - [2023-06-14T14:34:46.264+0000] {dag.py:3486} INFO - Setting next_dagrun for tutorial_dag to None, run_after=None
[2023-06-14T14:34:46.292+0000] {processor.py:179} INFO - Processing /usr/local/lib/python3.8/dist-packages/airflow/example_dags/tutorial_dag.py took 0.084 seconds
[2023-06-14T14:35:37.942+0000] {processor.py:157} INFO - Started process (PID=7091) to work on /usr/local/lib/python3.8/dist-packages/airflow/example_dags/tutorial_dag.py
[2023-06-14T14:35:37.944+0000] {processor.py:826} INFO - Processing file /usr/local/lib/python3.8/dist-packages/airflow/example_dags/tutorial_dag.py for tasks to queue
[2023-06-14T14:35:37.946+0000] {logging_mixin.py:149} INFO - [2023-06-14T14:35:37.946+0000] {dagbag.py:541} INFO - Filling up the DagBag from /usr/local/lib/python3.8/dist-packages/airflow/example_dags/tutorial_dag.py
[2023-06-14T14:35:37.952+0000] {processor.py:836} INFO - DAG(s) dict_keys(['tutorial_dag']) retrieved from /usr/local/lib/python3.8/dist-packages/airflow/example_dags/tutorial_dag.py
[2023-06-14T14:35:37.972+0000] {logging_mixin.py:149} INFO - [2023-06-14T14:35:37.972+0000] {dag.py:2726} INFO - Sync 1 DAGs
[2023-06-14T14:35:37.991+0000] {logging_mixin.py:149} INFO - [2023-06-14T14:35:37.991+0000] {dag.py:3486} INFO - Setting next_dagrun for tutorial_dag to None, run_after=None
[2023-06-14T14:35:38.020+0000] {processor.py:179} INFO - Processing /usr/local/lib/python3.8/dist-packages/airflow/example_dags/tutorial_dag.py took 0.082 seconds
[2023-06-14T14:36:28.404+0000] {processor.py:157} INFO - Started process (PID=7247) to work on /usr/local/lib/python3.8/dist-packages/airflow/example_dags/tutorial_dag.py
[2023-06-14T14:36:28.406+0000] {processor.py:826} INFO - Processing file /usr/local/lib/python3.8/dist-packages/airflow/example_dags/tutorial_dag.py for tasks to queue
[2023-06-14T14:36:28.408+0000] {logging_mixin.py:149} INFO - [2023-06-14T14:36:28.408+0000] {dagbag.py:541} INFO - Filling up the DagBag from /usr/local/lib/python3.8/dist-packages/airflow/example_dags/tutorial_dag.py
[2023-06-14T14:36:28.414+0000] {processor.py:836} INFO - DAG(s) dict_keys(['tutorial_dag']) retrieved from /usr/local/lib/python3.8/dist-packages/airflow/example_dags/tutorial_dag.py
[2023-06-14T14:36:28.435+0000] {logging_mixin.py:149} INFO - [2023-06-14T14:36:28.434+0000] {dag.py:2726} INFO - Sync 1 DAGs
[2023-06-14T14:36:28.455+0000] {logging_mixin.py:149} INFO - [2023-06-14T14:36:28.455+0000] {dag.py:3486} INFO - Setting next_dagrun for tutorial_dag to None, run_after=None
[2023-06-14T14:36:28.484+0000] {processor.py:179} INFO - Processing /usr/local/lib/python3.8/dist-packages/airflow/example_dags/tutorial_dag.py took 0.084 seconds
[2023-06-14T14:37:20.039+0000] {processor.py:157} INFO - Started process (PID=7408) to work on /usr/local/lib/python3.8/dist-packages/airflow/example_dags/tutorial_dag.py
[2023-06-14T14:37:20.040+0000] {processor.py:826} INFO - Processing file /usr/local/lib/python3.8/dist-packages/airflow/example_dags/tutorial_dag.py for tasks to queue
[2023-06-14T14:37:20.042+0000] {logging_mixin.py:149} INFO - [2023-06-14T14:37:20.042+0000] {dagbag.py:541} INFO - Filling up the DagBag from /usr/local/lib/python3.8/dist-packages/airflow/example_dags/tutorial_dag.py
[2023-06-14T14:37:20.048+0000] {processor.py:836} INFO - DAG(s) dict_keys(['tutorial_dag']) retrieved from /usr/local/lib/python3.8/dist-packages/airflow/example_dags/tutorial_dag.py
[2023-06-14T14:37:20.070+0000] {logging_mixin.py:149} INFO - [2023-06-14T14:37:20.069+0000] {dag.py:2726} INFO - Sync 1 DAGs
[2023-06-14T14:37:20.090+0000] {logging_mixin.py:149} INFO - [2023-06-14T14:37:20.090+0000] {dag.py:3486} INFO - Setting next_dagrun for tutorial_dag to None, run_after=None
[2023-06-14T14:37:20.116+0000] {processor.py:179} INFO - Processing /usr/local/lib/python3.8/dist-packages/airflow/example_dags/tutorial_dag.py took 0.082 seconds
[2023-06-14T14:38:12.869+0000] {processor.py:157} INFO - Started process (PID=7564) to work on /usr/local/lib/python3.8/dist-packages/airflow/example_dags/tutorial_dag.py
[2023-06-14T14:38:12.871+0000] {processor.py:826} INFO - Processing file /usr/local/lib/python3.8/dist-packages/airflow/example_dags/tutorial_dag.py for tasks to queue
[2023-06-14T14:38:12.873+0000] {logging_mixin.py:149} INFO - [2023-06-14T14:38:12.873+0000] {dagbag.py:541} INFO - Filling up the DagBag from /usr/local/lib/python3.8/dist-packages/airflow/example_dags/tutorial_dag.py
[2023-06-14T14:38:12.879+0000] {processor.py:836} INFO - DAG(s) dict_keys(['tutorial_dag']) retrieved from /usr/local/lib/python3.8/dist-packages/airflow/example_dags/tutorial_dag.py
[2023-06-14T14:38:12.899+0000] {logging_mixin.py:149} INFO - [2023-06-14T14:38:12.899+0000] {dag.py:2726} INFO - Sync 1 DAGs
[2023-06-14T14:38:12.919+0000] {logging_mixin.py:149} INFO - [2023-06-14T14:38:12.919+0000] {dag.py:3486} INFO - Setting next_dagrun for tutorial_dag to None, run_after=None
[2023-06-14T14:38:12.947+0000] {processor.py:179} INFO - Processing /usr/local/lib/python3.8/dist-packages/airflow/example_dags/tutorial_dag.py took 0.082 seconds
[2023-06-14T14:39:01.957+0000] {processor.py:157} INFO - Started process (PID=7717) to work on /usr/local/lib/python3.8/dist-packages/airflow/example_dags/tutorial_dag.py
[2023-06-14T14:39:01.959+0000] {processor.py:826} INFO - Processing file /usr/local/lib/python3.8/dist-packages/airflow/example_dags/tutorial_dag.py for tasks to queue
[2023-06-14T14:39:01.961+0000] {logging_mixin.py:149} INFO - [2023-06-14T14:39:01.961+0000] {dagbag.py:541} INFO - Filling up the DagBag from /usr/local/lib/python3.8/dist-packages/airflow/example_dags/tutorial_dag.py
[2023-06-14T14:39:01.967+0000] {processor.py:836} INFO - DAG(s) dict_keys(['tutorial_dag']) retrieved from /usr/local/lib/python3.8/dist-packages/airflow/example_dags/tutorial_dag.py
[2023-06-14T14:39:01.988+0000] {logging_mixin.py:149} INFO - [2023-06-14T14:39:01.987+0000] {dag.py:2726} INFO - Sync 1 DAGs
[2023-06-14T14:39:02.008+0000] {logging_mixin.py:149} INFO - [2023-06-14T14:39:02.007+0000] {dag.py:3486} INFO - Setting next_dagrun for tutorial_dag to None, run_after=None
[2023-06-14T14:39:02.034+0000] {processor.py:179} INFO - Processing /usr/local/lib/python3.8/dist-packages/airflow/example_dags/tutorial_dag.py took 0.080 seconds
[2023-06-14T14:39:50.007+0000] {processor.py:157} INFO - Started process (PID=7767) to work on /usr/local/lib/python3.8/dist-packages/airflow/example_dags/tutorial_dag.py
[2023-06-14T14:39:50.009+0000] {processor.py:826} INFO - Processing file /usr/local/lib/python3.8/dist-packages/airflow/example_dags/tutorial_dag.py for tasks to queue
[2023-06-14T14:39:50.011+0000] {logging_mixin.py:149} INFO - [2023-06-14T14:39:50.011+0000] {dagbag.py:541} INFO - Filling up the DagBag from /usr/local/lib/python3.8/dist-packages/airflow/example_dags/tutorial_dag.py
[2023-06-14T14:39:50.017+0000] {processor.py:836} INFO - DAG(s) dict_keys(['tutorial_dag']) retrieved from /usr/local/lib/python3.8/dist-packages/airflow/example_dags/tutorial_dag.py
[2023-06-14T14:39:50.038+0000] {logging_mixin.py:149} INFO - [2023-06-14T14:39:50.037+0000] {dag.py:2726} INFO - Sync 1 DAGs
[2023-06-14T14:39:50.058+0000] {logging_mixin.py:149} INFO - [2023-06-14T14:39:50.058+0000] {dag.py:3486} INFO - Setting next_dagrun for tutorial_dag to None, run_after=None
[2023-06-14T14:39:50.087+0000] {processor.py:179} INFO - Processing /usr/local/lib/python3.8/dist-packages/airflow/example_dags/tutorial_dag.py took 0.085 seconds
[2023-06-14T14:40:44.194+0000] {processor.py:157} INFO - Started process (PID=7924) to work on /usr/local/lib/python3.8/dist-packages/airflow/example_dags/tutorial_dag.py
[2023-06-14T14:40:44.195+0000] {processor.py:826} INFO - Processing file /usr/local/lib/python3.8/dist-packages/airflow/example_dags/tutorial_dag.py for tasks to queue
[2023-06-14T14:40:44.198+0000] {logging_mixin.py:149} INFO - [2023-06-14T14:40:44.198+0000] {dagbag.py:541} INFO - Filling up the DagBag from /usr/local/lib/python3.8/dist-packages/airflow/example_dags/tutorial_dag.py
[2023-06-14T14:40:44.204+0000] {processor.py:836} INFO - DAG(s) dict_keys(['tutorial_dag']) retrieved from /usr/local/lib/python3.8/dist-packages/airflow/example_dags/tutorial_dag.py
[2023-06-14T14:40:44.224+0000] {logging_mixin.py:149} INFO - [2023-06-14T14:40:44.224+0000] {dag.py:2726} INFO - Sync 1 DAGs
[2023-06-14T14:40:44.244+0000] {logging_mixin.py:149} INFO - [2023-06-14T14:40:44.244+0000] {dag.py:3486} INFO - Setting next_dagrun for tutorial_dag to None, run_after=None
[2023-06-14T14:40:44.272+0000] {processor.py:179} INFO - Processing /usr/local/lib/python3.8/dist-packages/airflow/example_dags/tutorial_dag.py took 0.082 seconds
[2023-06-14T14:41:38.388+0000] {processor.py:157} INFO - Started process (PID=8082) to work on /usr/local/lib/python3.8/dist-packages/airflow/example_dags/tutorial_dag.py
[2023-06-14T14:41:38.390+0000] {processor.py:826} INFO - Processing file /usr/local/lib/python3.8/dist-packages/airflow/example_dags/tutorial_dag.py for tasks to queue
[2023-06-14T14:41:38.392+0000] {logging_mixin.py:149} INFO - [2023-06-14T14:41:38.392+0000] {dagbag.py:541} INFO - Filling up the DagBag from /usr/local/lib/python3.8/dist-packages/airflow/example_dags/tutorial_dag.py
[2023-06-14T14:41:38.399+0000] {processor.py:836} INFO - DAG(s) dict_keys(['tutorial_dag']) retrieved from /usr/local/lib/python3.8/dist-packages/airflow/example_dags/tutorial_dag.py
[2023-06-14T14:41:38.419+0000] {logging_mixin.py:149} INFO - [2023-06-14T14:41:38.419+0000] {dag.py:2726} INFO - Sync 1 DAGs
[2023-06-14T14:41:38.439+0000] {logging_mixin.py:149} INFO - [2023-06-14T14:41:38.439+0000] {dag.py:3486} INFO - Setting next_dagrun for tutorial_dag to None, run_after=None
[2023-06-14T14:41:38.467+0000] {processor.py:179} INFO - Processing /usr/local/lib/python3.8/dist-packages/airflow/example_dags/tutorial_dag.py took 0.083 seconds
[2023-06-14T14:42:32.475+0000] {processor.py:157} INFO - Started process (PID=8244) to work on /usr/local/lib/python3.8/dist-packages/airflow/example_dags/tutorial_dag.py
[2023-06-14T14:42:32.476+0000] {processor.py:826} INFO - Processing file /usr/local/lib/python3.8/dist-packages/airflow/example_dags/tutorial_dag.py for tasks to queue
[2023-06-14T14:42:32.479+0000] {logging_mixin.py:149} INFO - [2023-06-14T14:42:32.478+0000] {dagbag.py:541} INFO - Filling up the DagBag from /usr/local/lib/python3.8/dist-packages/airflow/example_dags/tutorial_dag.py
[2023-06-14T14:42:32.485+0000] {processor.py:836} INFO - DAG(s) dict_keys(['tutorial_dag']) retrieved from /usr/local/lib/python3.8/dist-packages/airflow/example_dags/tutorial_dag.py
[2023-06-14T14:42:32.505+0000] {logging_mixin.py:149} INFO - [2023-06-14T14:42:32.505+0000] {dag.py:2726} INFO - Sync 1 DAGs
[2023-06-14T14:42:32.525+0000] {logging_mixin.py:149} INFO - [2023-06-14T14:42:32.524+0000] {dag.py:3486} INFO - Setting next_dagrun for tutorial_dag to None, run_after=None
[2023-06-14T14:42:32.561+0000] {processor.py:179} INFO - Processing /usr/local/lib/python3.8/dist-packages/airflow/example_dags/tutorial_dag.py took 0.090 seconds
[2023-06-14T14:43:28.897+0000] {processor.py:157} INFO - Started process (PID=8402) to work on /usr/local/lib/python3.8/dist-packages/airflow/example_dags/tutorial_dag.py
[2023-06-14T14:43:28.899+0000] {processor.py:826} INFO - Processing file /usr/local/lib/python3.8/dist-packages/airflow/example_dags/tutorial_dag.py for tasks to queue
[2023-06-14T14:43:28.901+0000] {logging_mixin.py:149} INFO - [2023-06-14T14:43:28.901+0000] {dagbag.py:541} INFO - Filling up the DagBag from /usr/local/lib/python3.8/dist-packages/airflow/example_dags/tutorial_dag.py
[2023-06-14T14:43:28.907+0000] {processor.py:836} INFO - DAG(s) dict_keys(['tutorial_dag']) retrieved from /usr/local/lib/python3.8/dist-packages/airflow/example_dags/tutorial_dag.py
[2023-06-14T14:43:28.928+0000] {logging_mixin.py:149} INFO - [2023-06-14T14:43:28.928+0000] {dag.py:2726} INFO - Sync 1 DAGs
[2023-06-14T14:43:28.950+0000] {logging_mixin.py:149} INFO - [2023-06-14T14:43:28.949+0000] {dag.py:3486} INFO - Setting next_dagrun for tutorial_dag to None, run_after=None
[2023-06-14T14:43:28.977+0000] {processor.py:179} INFO - Processing /usr/local/lib/python3.8/dist-packages/airflow/example_dags/tutorial_dag.py took 0.084 seconds
[2023-06-14T14:44:23.632+0000] {processor.py:157} INFO - Started process (PID=8661) to work on /usr/local/lib/python3.8/dist-packages/airflow/example_dags/tutorial_dag.py
[2023-06-14T14:44:23.634+0000] {processor.py:826} INFO - Processing file /usr/local/lib/python3.8/dist-packages/airflow/example_dags/tutorial_dag.py for tasks to queue
[2023-06-14T14:44:23.636+0000] {logging_mixin.py:149} INFO - [2023-06-14T14:44:23.636+0000] {dagbag.py:541} INFO - Filling up the DagBag from /usr/local/lib/python3.8/dist-packages/airflow/example_dags/tutorial_dag.py
[2023-06-14T14:44:23.642+0000] {processor.py:836} INFO - DAG(s) dict_keys(['tutorial_dag']) retrieved from /usr/local/lib/python3.8/dist-packages/airflow/example_dags/tutorial_dag.py
[2023-06-14T14:44:23.663+0000] {logging_mixin.py:149} INFO - [2023-06-14T14:44:23.663+0000] {dag.py:2726} INFO - Sync 1 DAGs
[2023-06-14T14:44:23.683+0000] {logging_mixin.py:149} INFO - [2023-06-14T14:44:23.683+0000] {dag.py:3486} INFO - Setting next_dagrun for tutorial_dag to None, run_after=None
[2023-06-14T14:44:23.711+0000] {processor.py:179} INFO - Processing /usr/local/lib/python3.8/dist-packages/airflow/example_dags/tutorial_dag.py took 0.083 seconds
[2023-06-14T14:45:19.065+0000] {processor.py:157} INFO - Started process (PID=8819) to work on /usr/local/lib/python3.8/dist-packages/airflow/example_dags/tutorial_dag.py
[2023-06-14T14:45:19.066+0000] {processor.py:826} INFO - Processing file /usr/local/lib/python3.8/dist-packages/airflow/example_dags/tutorial_dag.py for tasks to queue
[2023-06-14T14:45:19.069+0000] {logging_mixin.py:149} INFO - [2023-06-14T14:45:19.069+0000] {dagbag.py:541} INFO - Filling up the DagBag from /usr/local/lib/python3.8/dist-packages/airflow/example_dags/tutorial_dag.py
[2023-06-14T14:45:19.076+0000] {processor.py:836} INFO - DAG(s) dict_keys(['tutorial_dag']) retrieved from /usr/local/lib/python3.8/dist-packages/airflow/example_dags/tutorial_dag.py
[2023-06-14T14:45:19.098+0000] {logging_mixin.py:149} INFO - [2023-06-14T14:45:19.098+0000] {dag.py:2726} INFO - Sync 1 DAGs
[2023-06-14T14:45:19.118+0000] {logging_mixin.py:149} INFO - [2023-06-14T14:45:19.118+0000] {dag.py:3486} INFO - Setting next_dagrun for tutorial_dag to None, run_after=None
[2023-06-14T14:45:19.144+0000] {processor.py:179} INFO - Processing /usr/local/lib/python3.8/dist-packages/airflow/example_dags/tutorial_dag.py took 0.083 seconds
[2023-06-14T14:46:16.954+0000] {processor.py:157} INFO - Started process (PID=8981) to work on /usr/local/lib/python3.8/dist-packages/airflow/example_dags/tutorial_dag.py
[2023-06-14T14:46:16.956+0000] {processor.py:826} INFO - Processing file /usr/local/lib/python3.8/dist-packages/airflow/example_dags/tutorial_dag.py for tasks to queue
[2023-06-14T14:46:16.958+0000] {logging_mixin.py:149} INFO - [2023-06-14T14:46:16.958+0000] {dagbag.py:541} INFO - Filling up the DagBag from /usr/local/lib/python3.8/dist-packages/airflow/example_dags/tutorial_dag.py
[2023-06-14T14:46:16.964+0000] {processor.py:836} INFO - DAG(s) dict_keys(['tutorial_dag']) retrieved from /usr/local/lib/python3.8/dist-packages/airflow/example_dags/tutorial_dag.py
[2023-06-14T14:46:16.985+0000] {logging_mixin.py:149} INFO - [2023-06-14T14:46:16.985+0000] {dag.py:2726} INFO - Sync 1 DAGs
[2023-06-14T14:46:17.006+0000] {logging_mixin.py:149} INFO - [2023-06-14T14:46:17.006+0000] {dag.py:3486} INFO - Setting next_dagrun for tutorial_dag to None, run_after=None
[2023-06-14T14:46:17.032+0000] {processor.py:179} INFO - Processing /usr/local/lib/python3.8/dist-packages/airflow/example_dags/tutorial_dag.py took 0.082 seconds
[2023-06-14T14:47:06.213+0000] {processor.py:157} INFO - Started process (PID=9139) to work on /usr/local/lib/python3.8/dist-packages/airflow/example_dags/tutorial_dag.py
[2023-06-14T14:47:06.214+0000] {processor.py:826} INFO - Processing file /usr/local/lib/python3.8/dist-packages/airflow/example_dags/tutorial_dag.py for tasks to queue
[2023-06-14T14:47:06.217+0000] {logging_mixin.py:149} INFO - [2023-06-14T14:47:06.217+0000] {dagbag.py:541} INFO - Filling up the DagBag from /usr/local/lib/python3.8/dist-packages/airflow/example_dags/tutorial_dag.py
[2023-06-14T14:47:06.223+0000] {processor.py:836} INFO - DAG(s) dict_keys(['tutorial_dag']) retrieved from /usr/local/lib/python3.8/dist-packages/airflow/example_dags/tutorial_dag.py
[2023-06-14T14:47:06.244+0000] {logging_mixin.py:149} INFO - [2023-06-14T14:47:06.243+0000] {dag.py:2726} INFO - Sync 1 DAGs
[2023-06-14T14:47:06.264+0000] {logging_mixin.py:149} INFO - [2023-06-14T14:47:06.263+0000] {dag.py:3486} INFO - Setting next_dagrun for tutorial_dag to None, run_after=None
[2023-06-14T14:47:06.296+0000] {processor.py:179} INFO - Processing /usr/local/lib/python3.8/dist-packages/airflow/example_dags/tutorial_dag.py took 0.087 seconds
[2023-06-14T14:48:00.046+0000] {processor.py:157} INFO - Started process (PID=9296) to work on /usr/local/lib/python3.8/dist-packages/airflow/example_dags/tutorial_dag.py
[2023-06-14T14:48:00.047+0000] {processor.py:826} INFO - Processing file /usr/local/lib/python3.8/dist-packages/airflow/example_dags/tutorial_dag.py for tasks to queue
[2023-06-14T14:48:00.049+0000] {logging_mixin.py:149} INFO - [2023-06-14T14:48:00.049+0000] {dagbag.py:541} INFO - Filling up the DagBag from /usr/local/lib/python3.8/dist-packages/airflow/example_dags/tutorial_dag.py
[2023-06-14T14:48:00.055+0000] {processor.py:836} INFO - DAG(s) dict_keys(['tutorial_dag']) retrieved from /usr/local/lib/python3.8/dist-packages/airflow/example_dags/tutorial_dag.py
[2023-06-14T14:48:00.076+0000] {logging_mixin.py:149} INFO - [2023-06-14T14:48:00.075+0000] {dag.py:2726} INFO - Sync 1 DAGs
[2023-06-14T14:48:00.096+0000] {logging_mixin.py:149} INFO - [2023-06-14T14:48:00.096+0000] {dag.py:3486} INFO - Setting next_dagrun for tutorial_dag to None, run_after=None
[2023-06-14T14:48:00.123+0000] {processor.py:179} INFO - Processing /usr/local/lib/python3.8/dist-packages/airflow/example_dags/tutorial_dag.py took 0.081 seconds
[2023-06-14T14:48:54.765+0000] {processor.py:157} INFO - Started process (PID=9453) to work on /usr/local/lib/python3.8/dist-packages/airflow/example_dags/tutorial_dag.py
[2023-06-14T14:48:54.766+0000] {processor.py:826} INFO - Processing file /usr/local/lib/python3.8/dist-packages/airflow/example_dags/tutorial_dag.py for tasks to queue
[2023-06-14T14:48:54.769+0000] {logging_mixin.py:149} INFO - [2023-06-14T14:48:54.769+0000] {dagbag.py:541} INFO - Filling up the DagBag from /usr/local/lib/python3.8/dist-packages/airflow/example_dags/tutorial_dag.py
[2023-06-14T14:48:54.775+0000] {processor.py:836} INFO - DAG(s) dict_keys(['tutorial_dag']) retrieved from /usr/local/lib/python3.8/dist-packages/airflow/example_dags/tutorial_dag.py
[2023-06-14T14:48:54.796+0000] {logging_mixin.py:149} INFO - [2023-06-14T14:48:54.795+0000] {dag.py:2726} INFO - Sync 1 DAGs
[2023-06-14T14:48:54.816+0000] {logging_mixin.py:149} INFO - [2023-06-14T14:48:54.815+0000] {dag.py:3486} INFO - Setting next_dagrun for tutorial_dag to None, run_after=None
[2023-06-14T14:48:54.845+0000] {processor.py:179} INFO - Processing /usr/local/lib/python3.8/dist-packages/airflow/example_dags/tutorial_dag.py took 0.084 seconds
[2023-06-14T14:49:51.251+0000] {processor.py:157} INFO - Started process (PID=9610) to work on /usr/local/lib/python3.8/dist-packages/airflow/example_dags/tutorial_dag.py
[2023-06-14T14:49:51.253+0000] {processor.py:826} INFO - Processing file /usr/local/lib/python3.8/dist-packages/airflow/example_dags/tutorial_dag.py for tasks to queue
[2023-06-14T14:49:51.255+0000] {logging_mixin.py:149} INFO - [2023-06-14T14:49:51.255+0000] {dagbag.py:541} INFO - Filling up the DagBag from /usr/local/lib/python3.8/dist-packages/airflow/example_dags/tutorial_dag.py
[2023-06-14T14:49:51.261+0000] {processor.py:836} INFO - DAG(s) dict_keys(['tutorial_dag']) retrieved from /usr/local/lib/python3.8/dist-packages/airflow/example_dags/tutorial_dag.py
[2023-06-14T14:49:51.282+0000] {logging_mixin.py:149} INFO - [2023-06-14T14:49:51.281+0000] {dag.py:2726} INFO - Sync 1 DAGs
[2023-06-14T14:49:51.302+0000] {logging_mixin.py:149} INFO - [2023-06-14T14:49:51.302+0000] {dag.py:3486} INFO - Setting next_dagrun for tutorial_dag to None, run_after=None
[2023-06-14T14:49:51.333+0000] {processor.py:179} INFO - Processing /usr/local/lib/python3.8/dist-packages/airflow/example_dags/tutorial_dag.py took 0.086 seconds
[2023-06-14T14:50:45.050+0000] {processor.py:157} INFO - Started process (PID=9768) to work on /usr/local/lib/python3.8/dist-packages/airflow/example_dags/tutorial_dag.py
[2023-06-14T14:50:45.051+0000] {processor.py:826} INFO - Processing file /usr/local/lib/python3.8/dist-packages/airflow/example_dags/tutorial_dag.py for tasks to queue
[2023-06-14T14:50:45.054+0000] {logging_mixin.py:149} INFO - [2023-06-14T14:50:45.054+0000] {dagbag.py:541} INFO - Filling up the DagBag from /usr/local/lib/python3.8/dist-packages/airflow/example_dags/tutorial_dag.py
[2023-06-14T14:50:45.060+0000] {processor.py:836} INFO - DAG(s) dict_keys(['tutorial_dag']) retrieved from /usr/local/lib/python3.8/dist-packages/airflow/example_dags/tutorial_dag.py
[2023-06-14T14:50:45.080+0000] {logging_mixin.py:149} INFO - [2023-06-14T14:50:45.080+0000] {dag.py:2726} INFO - Sync 1 DAGs
[2023-06-14T14:50:45.100+0000] {logging_mixin.py:149} INFO - [2023-06-14T14:50:45.100+0000] {dag.py:3486} INFO - Setting next_dagrun for tutorial_dag to None, run_after=None
[2023-06-14T14:50:45.131+0000] {processor.py:179} INFO - Processing /usr/local/lib/python3.8/dist-packages/airflow/example_dags/tutorial_dag.py took 0.085 seconds
[2023-06-14T14:51:34.144+0000] {processor.py:157} INFO - Started process (PID=9923) to work on /usr/local/lib/python3.8/dist-packages/airflow/example_dags/tutorial_dag.py
[2023-06-14T14:51:34.146+0000] {processor.py:826} INFO - Processing file /usr/local/lib/python3.8/dist-packages/airflow/example_dags/tutorial_dag.py for tasks to queue
[2023-06-14T14:51:34.148+0000] {logging_mixin.py:149} INFO - [2023-06-14T14:51:34.148+0000] {dagbag.py:541} INFO - Filling up the DagBag from /usr/local/lib/python3.8/dist-packages/airflow/example_dags/tutorial_dag.py
[2023-06-14T14:51:34.154+0000] {processor.py:836} INFO - DAG(s) dict_keys(['tutorial_dag']) retrieved from /usr/local/lib/python3.8/dist-packages/airflow/example_dags/tutorial_dag.py
[2023-06-14T14:51:34.175+0000] {logging_mixin.py:149} INFO - [2023-06-14T14:51:34.175+0000] {dag.py:2726} INFO - Sync 1 DAGs
[2023-06-14T14:51:34.195+0000] {logging_mixin.py:149} INFO - [2023-06-14T14:51:34.195+0000] {dag.py:3486} INFO - Setting next_dagrun for tutorial_dag to None, run_after=None
[2023-06-14T14:51:34.221+0000] {processor.py:179} INFO - Processing /usr/local/lib/python3.8/dist-packages/airflow/example_dags/tutorial_dag.py took 0.080 seconds
[2023-06-14T14:52:21.739+0000] {processor.py:157} INFO - Started process (PID=10079) to work on /usr/local/lib/python3.8/dist-packages/airflow/example_dags/tutorial_dag.py
[2023-06-14T14:52:21.740+0000] {processor.py:826} INFO - Processing file /usr/local/lib/python3.8/dist-packages/airflow/example_dags/tutorial_dag.py for tasks to queue
[2023-06-14T14:52:21.745+0000] {logging_mixin.py:149} INFO - [2023-06-14T14:52:21.745+0000] {dagbag.py:541} INFO - Filling up the DagBag from /usr/local/lib/python3.8/dist-packages/airflow/example_dags/tutorial_dag.py
[2023-06-14T14:52:21.753+0000] {processor.py:836} INFO - DAG(s) dict_keys(['tutorial_dag']) retrieved from /usr/local/lib/python3.8/dist-packages/airflow/example_dags/tutorial_dag.py
[2023-06-14T14:52:21.780+0000] {logging_mixin.py:149} INFO - [2023-06-14T14:52:21.779+0000] {dag.py:2726} INFO - Sync 1 DAGs
[2023-06-14T14:52:21.801+0000] {logging_mixin.py:149} INFO - [2023-06-14T14:52:21.800+0000] {dag.py:3486} INFO - Setting next_dagrun for tutorial_dag to None, run_after=None
[2023-06-14T14:52:21.828+0000] {processor.py:179} INFO - Processing /usr/local/lib/python3.8/dist-packages/airflow/example_dags/tutorial_dag.py took 0.093 seconds
[2023-06-14T14:53:12.477+0000] {processor.py:157} INFO - Started process (PID=10234) to work on /usr/local/lib/python3.8/dist-packages/airflow/example_dags/tutorial_dag.py
[2023-06-14T14:53:12.478+0000] {processor.py:826} INFO - Processing file /usr/local/lib/python3.8/dist-packages/airflow/example_dags/tutorial_dag.py for tasks to queue
[2023-06-14T14:53:12.481+0000] {logging_mixin.py:149} INFO - [2023-06-14T14:53:12.481+0000] {dagbag.py:541} INFO - Filling up the DagBag from /usr/local/lib/python3.8/dist-packages/airflow/example_dags/tutorial_dag.py
[2023-06-14T14:53:12.487+0000] {processor.py:836} INFO - DAG(s) dict_keys(['tutorial_dag']) retrieved from /usr/local/lib/python3.8/dist-packages/airflow/example_dags/tutorial_dag.py
[2023-06-14T14:53:12.508+0000] {logging_mixin.py:149} INFO - [2023-06-14T14:53:12.507+0000] {dag.py:2726} INFO - Sync 1 DAGs
[2023-06-14T14:53:12.528+0000] {logging_mixin.py:149} INFO - [2023-06-14T14:53:12.528+0000] {dag.py:3486} INFO - Setting next_dagrun for tutorial_dag to None, run_after=None
[2023-06-14T14:53:12.554+0000] {processor.py:179} INFO - Processing /usr/local/lib/python3.8/dist-packages/airflow/example_dags/tutorial_dag.py took 0.081 seconds
[2023-06-14T14:54:06.579+0000] {processor.py:157} INFO - Started process (PID=10495) to work on /usr/local/lib/python3.8/dist-packages/airflow/example_dags/tutorial_dag.py
[2023-06-14T14:54:06.581+0000] {processor.py:826} INFO - Processing file /usr/local/lib/python3.8/dist-packages/airflow/example_dags/tutorial_dag.py for tasks to queue
[2023-06-14T14:54:06.583+0000] {logging_mixin.py:149} INFO - [2023-06-14T14:54:06.583+0000] {dagbag.py:541} INFO - Filling up the DagBag from /usr/local/lib/python3.8/dist-packages/airflow/example_dags/tutorial_dag.py
[2023-06-14T14:54:06.589+0000] {processor.py:836} INFO - DAG(s) dict_keys(['tutorial_dag']) retrieved from /usr/local/lib/python3.8/dist-packages/airflow/example_dags/tutorial_dag.py
[2023-06-14T14:54:06.609+0000] {logging_mixin.py:149} INFO - [2023-06-14T14:54:06.609+0000] {dag.py:2726} INFO - Sync 1 DAGs
[2023-06-14T14:54:06.629+0000] {logging_mixin.py:149} INFO - [2023-06-14T14:54:06.629+0000] {dag.py:3486} INFO - Setting next_dagrun for tutorial_dag to None, run_after=None
[2023-06-14T14:54:06.655+0000] {processor.py:179} INFO - Processing /usr/local/lib/python3.8/dist-packages/airflow/example_dags/tutorial_dag.py took 0.080 seconds
[2023-06-14T14:55:00.727+0000] {processor.py:157} INFO - Started process (PID=10754) to work on /usr/local/lib/python3.8/dist-packages/airflow/example_dags/tutorial_dag.py
[2023-06-14T14:55:00.729+0000] {processor.py:826} INFO - Processing file /usr/local/lib/python3.8/dist-packages/airflow/example_dags/tutorial_dag.py for tasks to queue
[2023-06-14T14:55:00.731+0000] {logging_mixin.py:149} INFO - [2023-06-14T14:55:00.731+0000] {dagbag.py:541} INFO - Filling up the DagBag from /usr/local/lib/python3.8/dist-packages/airflow/example_dags/tutorial_dag.py
[2023-06-14T14:55:00.737+0000] {processor.py:836} INFO - DAG(s) dict_keys(['tutorial_dag']) retrieved from /usr/local/lib/python3.8/dist-packages/airflow/example_dags/tutorial_dag.py
[2023-06-14T14:55:00.758+0000] {logging_mixin.py:149} INFO - [2023-06-14T14:55:00.757+0000] {dag.py:2726} INFO - Sync 1 DAGs
[2023-06-14T14:55:00.778+0000] {logging_mixin.py:149} INFO - [2023-06-14T14:55:00.777+0000] {dag.py:3486} INFO - Setting next_dagrun for tutorial_dag to None, run_after=None
[2023-06-14T14:55:00.806+0000] {processor.py:179} INFO - Processing /usr/local/lib/python3.8/dist-packages/airflow/example_dags/tutorial_dag.py took 0.082 seconds
[2023-06-14T14:55:54.006+0000] {processor.py:157} INFO - Started process (PID=10911) to work on /usr/local/lib/python3.8/dist-packages/airflow/example_dags/tutorial_dag.py
[2023-06-14T14:55:54.007+0000] {processor.py:826} INFO - Processing file /usr/local/lib/python3.8/dist-packages/airflow/example_dags/tutorial_dag.py for tasks to queue
[2023-06-14T14:55:54.009+0000] {logging_mixin.py:149} INFO - [2023-06-14T14:55:54.009+0000] {dagbag.py:541} INFO - Filling up the DagBag from /usr/local/lib/python3.8/dist-packages/airflow/example_dags/tutorial_dag.py
[2023-06-14T14:55:54.016+0000] {processor.py:836} INFO - DAG(s) dict_keys(['tutorial_dag']) retrieved from /usr/local/lib/python3.8/dist-packages/airflow/example_dags/tutorial_dag.py
[2023-06-14T14:55:54.037+0000] {logging_mixin.py:149} INFO - [2023-06-14T14:55:54.036+0000] {dag.py:2726} INFO - Sync 1 DAGs
[2023-06-14T14:55:54.057+0000] {logging_mixin.py:149} INFO - [2023-06-14T14:55:54.057+0000] {dag.py:3486} INFO - Setting next_dagrun for tutorial_dag to None, run_after=None
[2023-06-14T14:55:54.083+0000] {processor.py:179} INFO - Processing /usr/local/lib/python3.8/dist-packages/airflow/example_dags/tutorial_dag.py took 0.082 seconds
[2023-06-14T14:56:45.673+0000] {processor.py:157} INFO - Started process (PID=10964) to work on /usr/local/lib/python3.8/dist-packages/airflow/example_dags/tutorial_dag.py
[2023-06-14T14:56:45.674+0000] {processor.py:826} INFO - Processing file /usr/local/lib/python3.8/dist-packages/airflow/example_dags/tutorial_dag.py for tasks to queue
[2023-06-14T14:56:45.677+0000] {logging_mixin.py:149} INFO - [2023-06-14T14:56:45.677+0000] {dagbag.py:541} INFO - Filling up the DagBag from /usr/local/lib/python3.8/dist-packages/airflow/example_dags/tutorial_dag.py
[2023-06-14T14:56:45.683+0000] {processor.py:836} INFO - DAG(s) dict_keys(['tutorial_dag']) retrieved from /usr/local/lib/python3.8/dist-packages/airflow/example_dags/tutorial_dag.py
[2023-06-14T14:56:45.703+0000] {logging_mixin.py:149} INFO - [2023-06-14T14:56:45.703+0000] {dag.py:2726} INFO - Sync 1 DAGs
[2023-06-14T14:56:45.724+0000] {logging_mixin.py:149} INFO - [2023-06-14T14:56:45.724+0000] {dag.py:3486} INFO - Setting next_dagrun for tutorial_dag to None, run_after=None
[2023-06-14T14:56:45.750+0000] {processor.py:179} INFO - Processing /usr/local/lib/python3.8/dist-packages/airflow/example_dags/tutorial_dag.py took 0.082 seconds
[2023-06-14T14:57:34.074+0000] {processor.py:157} INFO - Started process (PID=11122) to work on /usr/local/lib/python3.8/dist-packages/airflow/example_dags/tutorial_dag.py
[2023-06-14T14:57:34.076+0000] {processor.py:826} INFO - Processing file /usr/local/lib/python3.8/dist-packages/airflow/example_dags/tutorial_dag.py for tasks to queue
[2023-06-14T14:57:34.078+0000] {logging_mixin.py:149} INFO - [2023-06-14T14:57:34.078+0000] {dagbag.py:541} INFO - Filling up the DagBag from /usr/local/lib/python3.8/dist-packages/airflow/example_dags/tutorial_dag.py
[2023-06-14T14:57:34.084+0000] {processor.py:836} INFO - DAG(s) dict_keys(['tutorial_dag']) retrieved from /usr/local/lib/python3.8/dist-packages/airflow/example_dags/tutorial_dag.py
[2023-06-14T14:57:34.105+0000] {logging_mixin.py:149} INFO - [2023-06-14T14:57:34.105+0000] {dag.py:2726} INFO - Sync 1 DAGs
[2023-06-14T14:57:34.125+0000] {logging_mixin.py:149} INFO - [2023-06-14T14:57:34.125+0000] {dag.py:3486} INFO - Setting next_dagrun for tutorial_dag to None, run_after=None
[2023-06-14T14:57:34.159+0000] {processor.py:179} INFO - Processing /usr/local/lib/python3.8/dist-packages/airflow/example_dags/tutorial_dag.py took 0.089 seconds
[2023-06-14T14:58:27.981+0000] {processor.py:157} INFO - Started process (PID=11278) to work on /usr/local/lib/python3.8/dist-packages/airflow/example_dags/tutorial_dag.py
[2023-06-14T14:58:27.982+0000] {processor.py:826} INFO - Processing file /usr/local/lib/python3.8/dist-packages/airflow/example_dags/tutorial_dag.py for tasks to queue
[2023-06-14T14:58:27.984+0000] {logging_mixin.py:149} INFO - [2023-06-14T14:58:27.984+0000] {dagbag.py:541} INFO - Filling up the DagBag from /usr/local/lib/python3.8/dist-packages/airflow/example_dags/tutorial_dag.py
[2023-06-14T14:58:27.990+0000] {processor.py:836} INFO - DAG(s) dict_keys(['tutorial_dag']) retrieved from /usr/local/lib/python3.8/dist-packages/airflow/example_dags/tutorial_dag.py
[2023-06-14T14:58:28.011+0000] {logging_mixin.py:149} INFO - [2023-06-14T14:58:28.010+0000] {dag.py:2726} INFO - Sync 1 DAGs
[2023-06-14T14:58:28.031+0000] {logging_mixin.py:149} INFO - [2023-06-14T14:58:28.031+0000] {dag.py:3486} INFO - Setting next_dagrun for tutorial_dag to None, run_after=None
[2023-06-14T14:58:28.058+0000] {processor.py:179} INFO - Processing /usr/local/lib/python3.8/dist-packages/airflow/example_dags/tutorial_dag.py took 0.081 seconds
[2023-06-14T14:59:14.475+0000] {processor.py:157} INFO - Started process (PID=11533) to work on /usr/local/lib/python3.8/dist-packages/airflow/example_dags/tutorial_dag.py
[2023-06-14T14:59:14.476+0000] {processor.py:826} INFO - Processing file /usr/local/lib/python3.8/dist-packages/airflow/example_dags/tutorial_dag.py for tasks to queue
[2023-06-14T14:59:14.479+0000] {logging_mixin.py:149} INFO - [2023-06-14T14:59:14.479+0000] {dagbag.py:541} INFO - Filling up the DagBag from /usr/local/lib/python3.8/dist-packages/airflow/example_dags/tutorial_dag.py
[2023-06-14T14:59:14.485+0000] {processor.py:836} INFO - DAG(s) dict_keys(['tutorial_dag']) retrieved from /usr/local/lib/python3.8/dist-packages/airflow/example_dags/tutorial_dag.py
[2023-06-14T14:59:14.505+0000] {logging_mixin.py:149} INFO - [2023-06-14T14:59:14.505+0000] {dag.py:2726} INFO - Sync 1 DAGs
[2023-06-14T14:59:14.525+0000] {logging_mixin.py:149} INFO - [2023-06-14T14:59:14.525+0000] {dag.py:3486} INFO - Setting next_dagrun for tutorial_dag to None, run_after=None
[2023-06-14T14:59:14.553+0000] {processor.py:179} INFO - Processing /usr/local/lib/python3.8/dist-packages/airflow/example_dags/tutorial_dag.py took 0.081 seconds
[2023-06-14T15:00:00.004+0000] {processor.py:157} INFO - Started process (PID=11684) to work on /usr/local/lib/python3.8/dist-packages/airflow/example_dags/tutorial_dag.py
[2023-06-14T15:00:00.005+0000] {processor.py:826} INFO - Processing file /usr/local/lib/python3.8/dist-packages/airflow/example_dags/tutorial_dag.py for tasks to queue
[2023-06-14T15:00:00.007+0000] {logging_mixin.py:149} INFO - [2023-06-14T15:00:00.007+0000] {dagbag.py:541} INFO - Filling up the DagBag from /usr/local/lib/python3.8/dist-packages/airflow/example_dags/tutorial_dag.py
[2023-06-14T15:00:00.013+0000] {processor.py:836} INFO - DAG(s) dict_keys(['tutorial_dag']) retrieved from /usr/local/lib/python3.8/dist-packages/airflow/example_dags/tutorial_dag.py
[2023-06-14T15:00:00.034+0000] {logging_mixin.py:149} INFO - [2023-06-14T15:00:00.034+0000] {dag.py:2726} INFO - Sync 1 DAGs
[2023-06-14T15:00:00.054+0000] {logging_mixin.py:149} INFO - [2023-06-14T15:00:00.054+0000] {dag.py:3486} INFO - Setting next_dagrun for tutorial_dag to None, run_after=None
[2023-06-14T15:00:00.087+0000] {processor.py:179} INFO - Processing /usr/local/lib/python3.8/dist-packages/airflow/example_dags/tutorial_dag.py took 0.087 seconds
[2023-06-14T15:00:51.530+0000] {processor.py:157} INFO - Started process (PID=11736) to work on /usr/local/lib/python3.8/dist-packages/airflow/example_dags/tutorial_dag.py
[2023-06-14T15:00:51.531+0000] {processor.py:826} INFO - Processing file /usr/local/lib/python3.8/dist-packages/airflow/example_dags/tutorial_dag.py for tasks to queue
[2023-06-14T15:00:51.533+0000] {logging_mixin.py:149} INFO - [2023-06-14T15:00:51.533+0000] {dagbag.py:541} INFO - Filling up the DagBag from /usr/local/lib/python3.8/dist-packages/airflow/example_dags/tutorial_dag.py
[2023-06-14T15:00:51.539+0000] {processor.py:836} INFO - DAG(s) dict_keys(['tutorial_dag']) retrieved from /usr/local/lib/python3.8/dist-packages/airflow/example_dags/tutorial_dag.py
[2023-06-14T15:00:51.559+0000] {logging_mixin.py:149} INFO - [2023-06-14T15:00:51.559+0000] {dag.py:2726} INFO - Sync 1 DAGs
[2023-06-14T15:00:51.579+0000] {logging_mixin.py:149} INFO - [2023-06-14T15:00:51.579+0000] {dag.py:3486} INFO - Setting next_dagrun for tutorial_dag to None, run_after=None
[2023-06-14T15:00:51.605+0000] {processor.py:179} INFO - Processing /usr/local/lib/python3.8/dist-packages/airflow/example_dags/tutorial_dag.py took 0.079 seconds
[2023-06-14T15:01:43.909+0000] {processor.py:157} INFO - Started process (PID=11894) to work on /usr/local/lib/python3.8/dist-packages/airflow/example_dags/tutorial_dag.py
[2023-06-14T15:01:43.910+0000] {processor.py:826} INFO - Processing file /usr/local/lib/python3.8/dist-packages/airflow/example_dags/tutorial_dag.py for tasks to queue
[2023-06-14T15:01:43.913+0000] {logging_mixin.py:149} INFO - [2023-06-14T15:01:43.912+0000] {dagbag.py:541} INFO - Filling up the DagBag from /usr/local/lib/python3.8/dist-packages/airflow/example_dags/tutorial_dag.py
[2023-06-14T15:01:43.918+0000] {processor.py:836} INFO - DAG(s) dict_keys(['tutorial_dag']) retrieved from /usr/local/lib/python3.8/dist-packages/airflow/example_dags/tutorial_dag.py
[2023-06-14T15:01:43.939+0000] {logging_mixin.py:149} INFO - [2023-06-14T15:01:43.939+0000] {dag.py:2726} INFO - Sync 1 DAGs
[2023-06-14T15:01:43.959+0000] {logging_mixin.py:149} INFO - [2023-06-14T15:01:43.959+0000] {dag.py:3486} INFO - Setting next_dagrun for tutorial_dag to None, run_after=None
[2023-06-14T15:01:43.987+0000] {processor.py:179} INFO - Processing /usr/local/lib/python3.8/dist-packages/airflow/example_dags/tutorial_dag.py took 0.082 seconds
[2023-06-14T15:02:31.939+0000] {processor.py:157} INFO - Started process (PID=12056) to work on /usr/local/lib/python3.8/dist-packages/airflow/example_dags/tutorial_dag.py
[2023-06-14T15:02:31.941+0000] {processor.py:826} INFO - Processing file /usr/local/lib/python3.8/dist-packages/airflow/example_dags/tutorial_dag.py for tasks to queue
[2023-06-14T15:02:31.943+0000] {logging_mixin.py:149} INFO - [2023-06-14T15:02:31.943+0000] {dagbag.py:541} INFO - Filling up the DagBag from /usr/local/lib/python3.8/dist-packages/airflow/example_dags/tutorial_dag.py
[2023-06-14T15:02:31.949+0000] {processor.py:836} INFO - DAG(s) dict_keys(['tutorial_dag']) retrieved from /usr/local/lib/python3.8/dist-packages/airflow/example_dags/tutorial_dag.py
[2023-06-14T15:02:31.970+0000] {logging_mixin.py:149} INFO - [2023-06-14T15:02:31.969+0000] {dag.py:2726} INFO - Sync 1 DAGs
[2023-06-14T15:02:31.989+0000] {logging_mixin.py:149} INFO - [2023-06-14T15:02:31.989+0000] {dag.py:3486} INFO - Setting next_dagrun for tutorial_dag to None, run_after=None
[2023-06-14T15:02:32.015+0000] {processor.py:179} INFO - Processing /usr/local/lib/python3.8/dist-packages/airflow/example_dags/tutorial_dag.py took 0.080 seconds
[2023-06-14T15:03:23.440+0000] {processor.py:157} INFO - Started process (PID=12314) to work on /usr/local/lib/python3.8/dist-packages/airflow/example_dags/tutorial_dag.py
[2023-06-14T15:03:23.441+0000] {processor.py:826} INFO - Processing file /usr/local/lib/python3.8/dist-packages/airflow/example_dags/tutorial_dag.py for tasks to queue
[2023-06-14T15:03:23.443+0000] {logging_mixin.py:149} INFO - [2023-06-14T15:03:23.443+0000] {dagbag.py:541} INFO - Filling up the DagBag from /usr/local/lib/python3.8/dist-packages/airflow/example_dags/tutorial_dag.py
[2023-06-14T15:03:23.449+0000] {processor.py:836} INFO - DAG(s) dict_keys(['tutorial_dag']) retrieved from /usr/local/lib/python3.8/dist-packages/airflow/example_dags/tutorial_dag.py
[2023-06-14T15:03:23.470+0000] {logging_mixin.py:149} INFO - [2023-06-14T15:03:23.470+0000] {dag.py:2726} INFO - Sync 1 DAGs
[2023-06-14T15:03:23.490+0000] {logging_mixin.py:149} INFO - [2023-06-14T15:03:23.490+0000] {dag.py:3486} INFO - Setting next_dagrun for tutorial_dag to None, run_after=None
[2023-06-14T15:03:23.519+0000] {processor.py:179} INFO - Processing /usr/local/lib/python3.8/dist-packages/airflow/example_dags/tutorial_dag.py took 0.083 seconds
[2023-06-14T15:04:15.084+0000] {processor.py:157} INFO - Started process (PID=12574) to work on /usr/local/lib/python3.8/dist-packages/airflow/example_dags/tutorial_dag.py
[2023-06-14T15:04:15.085+0000] {processor.py:826} INFO - Processing file /usr/local/lib/python3.8/dist-packages/airflow/example_dags/tutorial_dag.py for tasks to queue
[2023-06-14T15:04:15.088+0000] {logging_mixin.py:149} INFO - [2023-06-14T15:04:15.088+0000] {dagbag.py:541} INFO - Filling up the DagBag from /usr/local/lib/python3.8/dist-packages/airflow/example_dags/tutorial_dag.py
[2023-06-14T15:04:15.094+0000] {processor.py:836} INFO - DAG(s) dict_keys(['tutorial_dag']) retrieved from /usr/local/lib/python3.8/dist-packages/airflow/example_dags/tutorial_dag.py
[2023-06-14T15:04:15.114+0000] {logging_mixin.py:149} INFO - [2023-06-14T15:04:15.114+0000] {dag.py:2726} INFO - Sync 1 DAGs
[2023-06-14T15:04:15.134+0000] {logging_mixin.py:149} INFO - [2023-06-14T15:04:15.134+0000] {dag.py:3486} INFO - Setting next_dagrun for tutorial_dag to None, run_after=None
[2023-06-14T15:04:15.165+0000] {processor.py:179} INFO - Processing /usr/local/lib/python3.8/dist-packages/airflow/example_dags/tutorial_dag.py took 0.084 seconds
[2023-06-14T15:05:08.075+0000] {processor.py:157} INFO - Started process (PID=12924) to work on /usr/local/lib/python3.8/dist-packages/airflow/example_dags/tutorial_dag.py
[2023-06-14T15:05:08.076+0000] {processor.py:826} INFO - Processing file /usr/local/lib/python3.8/dist-packages/airflow/example_dags/tutorial_dag.py for tasks to queue
[2023-06-14T15:05:08.078+0000] {logging_mixin.py:149} INFO - [2023-06-14T15:05:08.078+0000] {dagbag.py:541} INFO - Filling up the DagBag from /usr/local/lib/python3.8/dist-packages/airflow/example_dags/tutorial_dag.py
[2023-06-14T15:05:08.084+0000] {processor.py:836} INFO - DAG(s) dict_keys(['tutorial_dag']) retrieved from /usr/local/lib/python3.8/dist-packages/airflow/example_dags/tutorial_dag.py
[2023-06-14T15:05:08.105+0000] {logging_mixin.py:149} INFO - [2023-06-14T15:05:08.105+0000] {dag.py:2726} INFO - Sync 1 DAGs
[2023-06-14T15:05:08.125+0000] {logging_mixin.py:149} INFO - [2023-06-14T15:05:08.125+0000] {dag.py:3486} INFO - Setting next_dagrun for tutorial_dag to None, run_after=None
[2023-06-14T15:05:08.151+0000] {processor.py:179} INFO - Processing /usr/local/lib/python3.8/dist-packages/airflow/example_dags/tutorial_dag.py took 0.080 seconds
[2023-06-14T15:06:06.599+0000] {processor.py:157} INFO - Started process (PID=13127) to work on /usr/local/lib/python3.8/dist-packages/airflow/example_dags/tutorial_dag.py
[2023-06-14T15:06:06.600+0000] {processor.py:826} INFO - Processing file /usr/local/lib/python3.8/dist-packages/airflow/example_dags/tutorial_dag.py for tasks to queue
[2023-06-14T15:06:06.603+0000] {logging_mixin.py:149} INFO - [2023-06-14T15:06:06.603+0000] {dagbag.py:541} INFO - Filling up the DagBag from /usr/local/lib/python3.8/dist-packages/airflow/example_dags/tutorial_dag.py
[2023-06-14T15:06:06.609+0000] {processor.py:836} INFO - DAG(s) dict_keys(['tutorial_dag']) retrieved from /usr/local/lib/python3.8/dist-packages/airflow/example_dags/tutorial_dag.py
[2023-06-14T15:06:06.629+0000] {logging_mixin.py:149} INFO - [2023-06-14T15:06:06.629+0000] {dag.py:2726} INFO - Sync 1 DAGs
[2023-06-14T15:06:06.649+0000] {logging_mixin.py:149} INFO - [2023-06-14T15:06:06.649+0000] {dag.py:3486} INFO - Setting next_dagrun for tutorial_dag to None, run_after=None
[2023-06-14T15:06:06.677+0000] {processor.py:179} INFO - Processing /usr/local/lib/python3.8/dist-packages/airflow/example_dags/tutorial_dag.py took 0.082 seconds
[2023-06-14T15:06:57.215+0000] {processor.py:157} INFO - Started process (PID=13285) to work on /usr/local/lib/python3.8/dist-packages/airflow/example_dags/tutorial_dag.py
[2023-06-14T15:06:57.216+0000] {processor.py:826} INFO - Processing file /usr/local/lib/python3.8/dist-packages/airflow/example_dags/tutorial_dag.py for tasks to queue
[2023-06-14T15:06:57.219+0000] {logging_mixin.py:149} INFO - [2023-06-14T15:06:57.219+0000] {dagbag.py:541} INFO - Filling up the DagBag from /usr/local/lib/python3.8/dist-packages/airflow/example_dags/tutorial_dag.py
[2023-06-14T15:06:57.225+0000] {processor.py:836} INFO - DAG(s) dict_keys(['tutorial_dag']) retrieved from /usr/local/lib/python3.8/dist-packages/airflow/example_dags/tutorial_dag.py
[2023-06-14T15:06:57.247+0000] {logging_mixin.py:149} INFO - [2023-06-14T15:06:57.247+0000] {dag.py:2726} INFO - Sync 1 DAGs
[2023-06-14T15:06:57.269+0000] {logging_mixin.py:149} INFO - [2023-06-14T15:06:57.268+0000] {dag.py:3486} INFO - Setting next_dagrun for tutorial_dag to None, run_after=None
[2023-06-14T15:06:57.296+0000] {processor.py:179} INFO - Processing /usr/local/lib/python3.8/dist-packages/airflow/example_dags/tutorial_dag.py took 0.085 seconds
[2023-06-14T15:07:48.963+0000] {processor.py:157} INFO - Started process (PID=13453) to work on /usr/local/lib/python3.8/dist-packages/airflow/example_dags/tutorial_dag.py
[2023-06-14T15:07:48.965+0000] {processor.py:826} INFO - Processing file /usr/local/lib/python3.8/dist-packages/airflow/example_dags/tutorial_dag.py for tasks to queue
[2023-06-14T15:07:48.967+0000] {logging_mixin.py:149} INFO - [2023-06-14T15:07:48.967+0000] {dagbag.py:541} INFO - Filling up the DagBag from /usr/local/lib/python3.8/dist-packages/airflow/example_dags/tutorial_dag.py
[2023-06-14T15:07:48.973+0000] {processor.py:836} INFO - DAG(s) dict_keys(['tutorial_dag']) retrieved from /usr/local/lib/python3.8/dist-packages/airflow/example_dags/tutorial_dag.py
[2023-06-14T15:07:48.993+0000] {logging_mixin.py:149} INFO - [2023-06-14T15:07:48.993+0000] {dag.py:2726} INFO - Sync 1 DAGs
[2023-06-14T15:07:49.013+0000] {logging_mixin.py:149} INFO - [2023-06-14T15:07:49.013+0000] {dag.py:3486} INFO - Setting next_dagrun for tutorial_dag to None, run_after=None
[2023-06-14T15:07:49.042+0000] {processor.py:179} INFO - Processing /usr/local/lib/python3.8/dist-packages/airflow/example_dags/tutorial_dag.py took 0.083 seconds
[2023-06-14T15:08:38.211+0000] {processor.py:157} INFO - Started process (PID=13608) to work on /usr/local/lib/python3.8/dist-packages/airflow/example_dags/tutorial_dag.py
[2023-06-14T15:08:38.212+0000] {processor.py:826} INFO - Processing file /usr/local/lib/python3.8/dist-packages/airflow/example_dags/tutorial_dag.py for tasks to queue
[2023-06-14T15:08:38.215+0000] {logging_mixin.py:149} INFO - [2023-06-14T15:08:38.215+0000] {dagbag.py:541} INFO - Filling up the DagBag from /usr/local/lib/python3.8/dist-packages/airflow/example_dags/tutorial_dag.py
[2023-06-14T15:08:38.221+0000] {processor.py:836} INFO - DAG(s) dict_keys(['tutorial_dag']) retrieved from /usr/local/lib/python3.8/dist-packages/airflow/example_dags/tutorial_dag.py
[2023-06-14T15:08:38.241+0000] {logging_mixin.py:149} INFO - [2023-06-14T15:08:38.241+0000] {dag.py:2726} INFO - Sync 1 DAGs
[2023-06-14T15:08:38.261+0000] {logging_mixin.py:149} INFO - [2023-06-14T15:08:38.261+0000] {dag.py:3486} INFO - Setting next_dagrun for tutorial_dag to None, run_after=None
[2023-06-14T15:08:38.288+0000] {processor.py:179} INFO - Processing /usr/local/lib/python3.8/dist-packages/airflow/example_dags/tutorial_dag.py took 0.081 seconds
[2023-06-14T15:09:25.957+0000] {processor.py:157} INFO - Started process (PID=13863) to work on /usr/local/lib/python3.8/dist-packages/airflow/example_dags/tutorial_dag.py
[2023-06-14T15:09:25.958+0000] {processor.py:826} INFO - Processing file /usr/local/lib/python3.8/dist-packages/airflow/example_dags/tutorial_dag.py for tasks to queue
[2023-06-14T15:09:25.961+0000] {logging_mixin.py:149} INFO - [2023-06-14T15:09:25.960+0000] {dagbag.py:541} INFO - Filling up the DagBag from /usr/local/lib/python3.8/dist-packages/airflow/example_dags/tutorial_dag.py
[2023-06-14T15:09:25.967+0000] {processor.py:836} INFO - DAG(s) dict_keys(['tutorial_dag']) retrieved from /usr/local/lib/python3.8/dist-packages/airflow/example_dags/tutorial_dag.py
[2023-06-14T15:09:25.990+0000] {logging_mixin.py:149} INFO - [2023-06-14T15:09:25.989+0000] {dag.py:2726} INFO - Sync 1 DAGs
[2023-06-14T15:09:26.011+0000] {logging_mixin.py:149} INFO - [2023-06-14T15:09:26.011+0000] {dag.py:3486} INFO - Setting next_dagrun for tutorial_dag to None, run_after=None
[2023-06-14T15:09:26.040+0000] {processor.py:179} INFO - Processing /usr/local/lib/python3.8/dist-packages/airflow/example_dags/tutorial_dag.py took 0.088 seconds
[2023-06-14T15:10:18.829+0000] {processor.py:157} INFO - Started process (PID=14018) to work on /usr/local/lib/python3.8/dist-packages/airflow/example_dags/tutorial_dag.py
[2023-06-14T15:10:18.831+0000] {processor.py:826} INFO - Processing file /usr/local/lib/python3.8/dist-packages/airflow/example_dags/tutorial_dag.py for tasks to queue
[2023-06-14T15:10:18.834+0000] {logging_mixin.py:149} INFO - [2023-06-14T15:10:18.833+0000] {dagbag.py:541} INFO - Filling up the DagBag from /usr/local/lib/python3.8/dist-packages/airflow/example_dags/tutorial_dag.py
[2023-06-14T15:10:18.839+0000] {processor.py:836} INFO - DAG(s) dict_keys(['tutorial_dag']) retrieved from /usr/local/lib/python3.8/dist-packages/airflow/example_dags/tutorial_dag.py
[2023-06-14T15:10:18.860+0000] {logging_mixin.py:149} INFO - [2023-06-14T15:10:18.859+0000] {dag.py:2726} INFO - Sync 1 DAGs
[2023-06-14T15:10:18.880+0000] {logging_mixin.py:149} INFO - [2023-06-14T15:10:18.880+0000] {dag.py:3486} INFO - Setting next_dagrun for tutorial_dag to None, run_after=None
[2023-06-14T15:10:18.913+0000] {processor.py:179} INFO - Processing /usr/local/lib/python3.8/dist-packages/airflow/example_dags/tutorial_dag.py took 0.088 seconds
[2023-06-14T15:11:06.755+0000] {processor.py:157} INFO - Started process (PID=14173) to work on /usr/local/lib/python3.8/dist-packages/airflow/example_dags/tutorial_dag.py
[2023-06-14T15:11:06.756+0000] {processor.py:826} INFO - Processing file /usr/local/lib/python3.8/dist-packages/airflow/example_dags/tutorial_dag.py for tasks to queue
[2023-06-14T15:11:06.759+0000] {logging_mixin.py:149} INFO - [2023-06-14T15:11:06.759+0000] {dagbag.py:541} INFO - Filling up the DagBag from /usr/local/lib/python3.8/dist-packages/airflow/example_dags/tutorial_dag.py
[2023-06-14T15:11:06.765+0000] {processor.py:836} INFO - DAG(s) dict_keys(['tutorial_dag']) retrieved from /usr/local/lib/python3.8/dist-packages/airflow/example_dags/tutorial_dag.py
[2023-06-14T15:11:06.786+0000] {logging_mixin.py:149} INFO - [2023-06-14T15:11:06.785+0000] {dag.py:2726} INFO - Sync 1 DAGs
[2023-06-14T15:11:06.806+0000] {logging_mixin.py:149} INFO - [2023-06-14T15:11:06.806+0000] {dag.py:3486} INFO - Setting next_dagrun for tutorial_dag to None, run_after=None
[2023-06-14T15:11:06.835+0000] {processor.py:179} INFO - Processing /usr/local/lib/python3.8/dist-packages/airflow/example_dags/tutorial_dag.py took 0.083 seconds
[2023-06-14T15:11:56.116+0000] {processor.py:157} INFO - Started process (PID=14325) to work on /usr/local/lib/python3.8/dist-packages/airflow/example_dags/tutorial_dag.py
[2023-06-14T15:11:56.117+0000] {processor.py:826} INFO - Processing file /usr/local/lib/python3.8/dist-packages/airflow/example_dags/tutorial_dag.py for tasks to queue
[2023-06-14T15:11:56.120+0000] {logging_mixin.py:149} INFO - [2023-06-14T15:11:56.120+0000] {dagbag.py:541} INFO - Filling up the DagBag from /usr/local/lib/python3.8/dist-packages/airflow/example_dags/tutorial_dag.py
[2023-06-14T15:11:56.126+0000] {processor.py:836} INFO - DAG(s) dict_keys(['tutorial_dag']) retrieved from /usr/local/lib/python3.8/dist-packages/airflow/example_dags/tutorial_dag.py
[2023-06-14T15:11:56.147+0000] {logging_mixin.py:149} INFO - [2023-06-14T15:11:56.147+0000] {dag.py:2726} INFO - Sync 1 DAGs
[2023-06-14T15:11:56.168+0000] {logging_mixin.py:149} INFO - [2023-06-14T15:11:56.168+0000] {dag.py:3486} INFO - Setting next_dagrun for tutorial_dag to None, run_after=None
[2023-06-14T15:11:56.195+0000] {processor.py:179} INFO - Processing /usr/local/lib/python3.8/dist-packages/airflow/example_dags/tutorial_dag.py took 0.083 seconds
[2023-06-14T15:12:46.598+0000] {processor.py:157} INFO - Started process (PID=14383) to work on /usr/local/lib/python3.8/dist-packages/airflow/example_dags/tutorial_dag.py
[2023-06-14T15:12:46.599+0000] {processor.py:826} INFO - Processing file /usr/local/lib/python3.8/dist-packages/airflow/example_dags/tutorial_dag.py for tasks to queue
[2023-06-14T15:12:46.601+0000] {logging_mixin.py:149} INFO - [2023-06-14T15:12:46.601+0000] {dagbag.py:541} INFO - Filling up the DagBag from /usr/local/lib/python3.8/dist-packages/airflow/example_dags/tutorial_dag.py
[2023-06-14T15:12:46.607+0000] {processor.py:836} INFO - DAG(s) dict_keys(['tutorial_dag']) retrieved from /usr/local/lib/python3.8/dist-packages/airflow/example_dags/tutorial_dag.py
[2023-06-14T15:12:46.628+0000] {logging_mixin.py:149} INFO - [2023-06-14T15:12:46.628+0000] {dag.py:2726} INFO - Sync 1 DAGs
[2023-06-14T15:12:46.648+0000] {logging_mixin.py:149} INFO - [2023-06-14T15:12:46.648+0000] {dag.py:3486} INFO - Setting next_dagrun for tutorial_dag to None, run_after=None
[2023-06-14T15:12:46.681+0000] {processor.py:179} INFO - Processing /usr/local/lib/python3.8/dist-packages/airflow/example_dags/tutorial_dag.py took 0.088 seconds
[2023-06-14T15:13:38.853+0000] {processor.py:157} INFO - Started process (PID=14539) to work on /usr/local/lib/python3.8/dist-packages/airflow/example_dags/tutorial_dag.py
[2023-06-14T15:13:38.855+0000] {processor.py:826} INFO - Processing file /usr/local/lib/python3.8/dist-packages/airflow/example_dags/tutorial_dag.py for tasks to queue
[2023-06-14T15:13:38.857+0000] {logging_mixin.py:149} INFO - [2023-06-14T15:13:38.857+0000] {dagbag.py:541} INFO - Filling up the DagBag from /usr/local/lib/python3.8/dist-packages/airflow/example_dags/tutorial_dag.py
[2023-06-14T15:13:38.863+0000] {processor.py:836} INFO - DAG(s) dict_keys(['tutorial_dag']) retrieved from /usr/local/lib/python3.8/dist-packages/airflow/example_dags/tutorial_dag.py
[2023-06-14T15:13:38.884+0000] {logging_mixin.py:149} INFO - [2023-06-14T15:13:38.883+0000] {dag.py:2726} INFO - Sync 1 DAGs
[2023-06-14T15:13:38.903+0000] {logging_mixin.py:149} INFO - [2023-06-14T15:13:38.903+0000] {dag.py:3486} INFO - Setting next_dagrun for tutorial_dag to None, run_after=None
[2023-06-14T15:13:38.929+0000] {processor.py:179} INFO - Processing /usr/local/lib/python3.8/dist-packages/airflow/example_dags/tutorial_dag.py took 0.080 seconds
[2023-06-14T15:14:27.401+0000] {processor.py:157} INFO - Started process (PID=14797) to work on /usr/local/lib/python3.8/dist-packages/airflow/example_dags/tutorial_dag.py
[2023-06-14T15:14:27.402+0000] {processor.py:826} INFO - Processing file /usr/local/lib/python3.8/dist-packages/airflow/example_dags/tutorial_dag.py for tasks to queue
[2023-06-14T15:14:27.405+0000] {logging_mixin.py:149} INFO - [2023-06-14T15:14:27.404+0000] {dagbag.py:541} INFO - Filling up the DagBag from /usr/local/lib/python3.8/dist-packages/airflow/example_dags/tutorial_dag.py
[2023-06-14T15:14:27.411+0000] {processor.py:836} INFO - DAG(s) dict_keys(['tutorial_dag']) retrieved from /usr/local/lib/python3.8/dist-packages/airflow/example_dags/tutorial_dag.py
[2023-06-14T15:14:27.432+0000] {logging_mixin.py:149} INFO - [2023-06-14T15:14:27.432+0000] {dag.py:2726} INFO - Sync 1 DAGs
[2023-06-14T15:14:27.453+0000] {logging_mixin.py:149} INFO - [2023-06-14T15:14:27.453+0000] {dag.py:3486} INFO - Setting next_dagrun for tutorial_dag to None, run_after=None
[2023-06-14T15:14:27.481+0000] {processor.py:179} INFO - Processing /usr/local/lib/python3.8/dist-packages/airflow/example_dags/tutorial_dag.py took 0.084 seconds
[2023-06-14T15:15:18.297+0000] {processor.py:157} INFO - Started process (PID=14951) to work on /usr/local/lib/python3.8/dist-packages/airflow/example_dags/tutorial_dag.py
[2023-06-14T15:15:18.298+0000] {processor.py:826} INFO - Processing file /usr/local/lib/python3.8/dist-packages/airflow/example_dags/tutorial_dag.py for tasks to queue
[2023-06-14T15:15:18.301+0000] {logging_mixin.py:149} INFO - [2023-06-14T15:15:18.300+0000] {dagbag.py:541} INFO - Filling up the DagBag from /usr/local/lib/python3.8/dist-packages/airflow/example_dags/tutorial_dag.py
[2023-06-14T15:15:18.307+0000] {processor.py:836} INFO - DAG(s) dict_keys(['tutorial_dag']) retrieved from /usr/local/lib/python3.8/dist-packages/airflow/example_dags/tutorial_dag.py
[2023-06-14T15:15:18.328+0000] {logging_mixin.py:149} INFO - [2023-06-14T15:15:18.327+0000] {dag.py:2726} INFO - Sync 1 DAGs
[2023-06-14T15:15:18.348+0000] {logging_mixin.py:149} INFO - [2023-06-14T15:15:18.347+0000] {dag.py:3486} INFO - Setting next_dagrun for tutorial_dag to None, run_after=None
[2023-06-14T15:15:18.378+0000] {processor.py:179} INFO - Processing /usr/local/lib/python3.8/dist-packages/airflow/example_dags/tutorial_dag.py took 0.085 seconds
