[2023-06-15T06:19:57.479+0000] {taskinstance.py:1103} INFO - Dependencies all met for dep_context=non-requeueable deps ti=<TaskInstance: airflow_dbt.model.jaffle_shop.dim_customers manual__2023-06-15T06:19:24.695392+00:00 [queued]>
[2023-06-15T06:19:57.484+0000] {taskinstance.py:1103} INFO - Dependencies all met for dep_context=requeueable deps ti=<TaskInstance: airflow_dbt.model.jaffle_shop.dim_customers manual__2023-06-15T06:19:24.695392+00:00 [queued]>
[2023-06-15T06:19:57.485+0000] {taskinstance.py:1308} INFO - Starting attempt 1 of 1
[2023-06-15T06:19:57.506+0000] {taskinstance.py:1327} INFO - Executing <Task(BashOperator): model.jaffle_shop.dim_customers> on 2023-06-15 06:19:24.695392+00:00
[2023-06-15T06:19:57.509+0000] {standard_task_runner.py:57} INFO - Started process 10821 to run task
[2023-06-15T06:19:57.513+0000] {standard_task_runner.py:84} INFO - Running: ['airflow', 'tasks', 'run', 'airflow_dbt', 'model.jaffle_shop.dim_customers', 'manual__2023-06-15T06:19:24.695392+00:00', '--job-id', '38', '--raw', '--subdir', 'DAGS_FOLDER/dbt_dag.py', '--cfg-path', '/tmp/tmpu_03lx80']
[2023-06-15T06:19:57.513+0000] {standard_task_runner.py:85} INFO - Job 38: Subtask model.jaffle_shop.dim_customers
[2023-06-15T06:19:57.557+0000] {task_command.py:410} INFO - Running <TaskInstance: airflow_dbt.model.jaffle_shop.dim_customers manual__2023-06-15T06:19:24.695392+00:00 [running]> on host ubuntu.thbnzb0d3dmuziyfg2t53bofqb.tx.internal.cloudapp.net
[2023-06-15T06:19:57.624+0000] {taskinstance.py:1545} INFO - Exporting env vars: AIRFLOW_CTX_DAG_OWNER='airflow' AIRFLOW_CTX_DAG_ID='airflow_dbt' AIRFLOW_CTX_TASK_ID='model.jaffle_shop.dim_customers' AIRFLOW_CTX_EXECUTION_DATE='2023-06-15T06:19:24.695392+00:00' AIRFLOW_CTX_TRY_NUMBER='1' AIRFLOW_CTX_DAG_RUN_ID='manual__2023-06-15T06:19:24.695392+00:00'
[2023-06-15T06:19:57.626+0000] {subprocess.py:63} INFO - Tmp dir root location: 
 /tmp
[2023-06-15T06:19:57.626+0000] {subprocess.py:75} INFO - Running command: ['/usr/bin/bash', '-c', 'cd /home/satyam/airflow/dags/dbt/ && dbt run --models dim_customers']
[2023-06-15T06:19:57.634+0000] {subprocess.py:86} INFO - Output:
[2023-06-15T06:19:59.451+0000] {subprocess.py:93} INFO - [0m06:19:59  Running with dbt=1.5.1
[2023-06-15T06:19:59.789+0000] {subprocess.py:93} INFO - [0m06:19:59  Found 5 models, 0 tests, 0 snapshots, 0 analyses, 321 macros, 0 operations, 0 seed files, 0 sources, 0 exposures, 0 metrics, 0 groups
[2023-06-15T06:19:59.791+0000] {subprocess.py:93} INFO - [0m06:19:59
[2023-06-15T06:20:00.952+0000] {subprocess.py:93} INFO - [0m06:20:00  Concurrency: 1 threads (target='dev')
[2023-06-15T06:20:00.952+0000] {subprocess.py:93} INFO - [0m06:20:00
[2023-06-15T06:20:00.957+0000] {subprocess.py:93} INFO - [0m06:20:00  1 of 1 START sql table model learn_dbt.dim_customers ........................... [RUN]
[2023-06-15T06:20:02.220+0000] {subprocess.py:93} INFO - [0m06:20:02  1 of 1 OK created sql table model learn_dbt.dim_customers ...................... [[32mSUCCESS 1[0m in 1.26s]
[2023-06-15T06:20:02.223+0000] {subprocess.py:93} INFO - [0m06:20:02
[2023-06-15T06:20:02.224+0000] {subprocess.py:93} INFO - [0m06:20:02  Finished running 1 table model in 0 hours 0 minutes and 2.43 seconds (2.43s).
[2023-06-15T06:20:02.233+0000] {subprocess.py:93} INFO - [0m06:20:02
[2023-06-15T06:20:02.234+0000] {subprocess.py:93} INFO - [0m06:20:02  [32mCompleted successfully[0m
[2023-06-15T06:20:02.234+0000] {subprocess.py:93} INFO - [0m06:20:02
[2023-06-15T06:20:02.234+0000] {subprocess.py:93} INFO - [0m06:20:02  Done. PASS=1 WARN=0 ERROR=0 SKIP=0 TOTAL=1
[2023-06-15T06:20:03.545+0000] {subprocess.py:97} INFO - Command exited with return code 0
[2023-06-15T06:20:03.573+0000] {taskinstance.py:1345} INFO - Marking task as SUCCESS. dag_id=airflow_dbt, task_id=model.jaffle_shop.dim_customers, execution_date=20230615T061924, start_date=20230615T061957, end_date=20230615T062003
[2023-06-15T06:20:03.613+0000] {local_task_job_runner.py:225} INFO - Task exited with return code 0
[2023-06-15T06:20:03.623+0000] {taskinstance.py:2651} INFO - 0 downstream tasks scheduled from follow-on schedule check
