[2023-06-17T18:12:42.414+0000] {taskinstance.py:1103} INFO - Dependencies all met for dep_context=non-requeueable deps ti=<TaskInstance: airflow_dbt.dbt_task.model.jaffle_shop.stg_customers manual__2023-06-17T18:12:14.465419+00:00 [queued]>
[2023-06-17T18:12:42.423+0000] {taskinstance.py:1103} INFO - Dependencies all met for dep_context=requeueable deps ti=<TaskInstance: airflow_dbt.dbt_task.model.jaffle_shop.stg_customers manual__2023-06-17T18:12:14.465419+00:00 [queued]>
[2023-06-17T18:12:42.424+0000] {taskinstance.py:1308} INFO - Starting attempt 1 of 1
[2023-06-17T18:12:42.450+0000] {taskinstance.py:1327} INFO - Executing <Task(BashOperator): dbt_task.model.jaffle_shop.stg_customers> on 2023-06-17 18:12:14.465419+00:00
[2023-06-17T18:12:42.454+0000] {standard_task_runner.py:57} INFO - Started process 3834 to run task
[2023-06-17T18:12:42.459+0000] {standard_task_runner.py:84} INFO - Running: ['airflow', 'tasks', 'run', 'airflow_dbt', 'dbt_task.model.jaffle_shop.stg_customers', 'manual__2023-06-17T18:12:14.465419+00:00', '--job-id', '86', '--raw', '--subdir', 'DAGS_FOLDER/dbt_dag.py', '--cfg-path', '/tmp/tmpffiw1kxp']
[2023-06-17T18:12:42.460+0000] {standard_task_runner.py:85} INFO - Job 86: Subtask dbt_task.model.jaffle_shop.stg_customers
[2023-06-17T18:12:42.512+0000] {task_command.py:410} INFO - Running <TaskInstance: airflow_dbt.dbt_task.model.jaffle_shop.stg_customers manual__2023-06-17T18:12:14.465419+00:00 [running]> on host ubuntu.thbnzb0d3dmuziyfg2t53bofqb.tx.internal.cloudapp.net
[2023-06-17T18:12:42.731+0000] {taskinstance.py:1545} INFO - Exporting env vars: AIRFLOW_CTX_DAG_OWNER='airflow' AIRFLOW_CTX_DAG_ID='airflow_dbt' AIRFLOW_CTX_TASK_ID='dbt_task.model.jaffle_shop.stg_customers' AIRFLOW_CTX_EXECUTION_DATE='2023-06-17T18:12:14.465419+00:00' AIRFLOW_CTX_TRY_NUMBER='1' AIRFLOW_CTX_DAG_RUN_ID='manual__2023-06-17T18:12:14.465419+00:00'
[2023-06-17T18:12:42.732+0000] {subprocess.py:63} INFO - Tmp dir root location: 
 /tmp
[2023-06-17T18:12:42.732+0000] {subprocess.py:75} INFO - Running command: ['/usr/bin/bash', '-c', 'cd /home/satyam/airflow/dags/dbt/ && dbt run --models stg_customers']
[2023-06-17T18:12:42.740+0000] {subprocess.py:86} INFO - Output:
[2023-06-17T18:12:45.173+0000] {subprocess.py:93} INFO - [0m18:12:45  Running with dbt=1.5.1
[2023-06-17T18:12:45.587+0000] {subprocess.py:93} INFO - [0m18:12:45  Found 5 models, 0 tests, 0 snapshots, 0 analyses, 321 macros, 0 operations, 0 seed files, 0 sources, 0 exposures, 0 metrics, 0 groups
[2023-06-17T18:12:45.590+0000] {subprocess.py:93} INFO - [0m18:12:45
[2023-06-17T18:12:46.997+0000] {subprocess.py:93} INFO - [0m18:12:46  Concurrency: 1 threads (target='dev')
[2023-06-17T18:12:46.997+0000] {subprocess.py:93} INFO - [0m18:12:46
[2023-06-17T18:12:47.003+0000] {subprocess.py:93} INFO - [0m18:12:47  1 of 1 START sql view model learn_dbt.stg_customers ............................ [RUN]
[2023-06-17T18:12:47.739+0000] {subprocess.py:93} INFO - [0m18:12:47  1 of 1 OK created sql view model learn_dbt.stg_customers ....................... [[32mSUCCESS 1[0m in 0.73s]
[2023-06-17T18:12:47.743+0000] {subprocess.py:93} INFO - [0m18:12:47
[2023-06-17T18:12:47.744+0000] {subprocess.py:93} INFO - [0m18:12:47  Finished running 1 view model in 0 hours 0 minutes and 2.15 seconds (2.15s).
[2023-06-17T18:12:47.756+0000] {subprocess.py:93} INFO - [0m18:12:47
[2023-06-17T18:12:47.756+0000] {subprocess.py:93} INFO - [0m18:12:47  [32mCompleted successfully[0m
[2023-06-17T18:12:47.757+0000] {subprocess.py:93} INFO - [0m18:12:47
[2023-06-17T18:12:47.758+0000] {subprocess.py:93} INFO - [0m18:12:47  Done. PASS=1 WARN=0 ERROR=0 SKIP=0 TOTAL=1
[2023-06-17T18:12:48.946+0000] {subprocess.py:97} INFO - Command exited with return code 0
[2023-06-17T18:12:48.988+0000] {taskinstance.py:1345} INFO - Marking task as SUCCESS. dag_id=airflow_dbt, task_id=dbt_task.model.jaffle_shop.stg_customers, execution_date=20230617T181214, start_date=20230617T181242, end_date=20230617T181248
[2023-06-17T18:12:49.039+0000] {local_task_job_runner.py:225} INFO - Task exited with return code 0
[2023-06-17T18:12:49.059+0000] {taskinstance.py:2651} INFO - 0 downstream tasks scheduled from follow-on schedule check
