[2023-06-20T11:16:15.953+0000] {taskinstance.py:1103} INFO - Dependencies all met for dep_context=non-requeueable deps ti=<TaskInstance: airflow_dbt.dbt_task.model.jaffle_shop.dim_customers manual__2023-06-20T11:13:20.412190+00:00 [queued]>
[2023-06-20T11:16:15.960+0000] {taskinstance.py:1103} INFO - Dependencies all met for dep_context=requeueable deps ti=<TaskInstance: airflow_dbt.dbt_task.model.jaffle_shop.dim_customers manual__2023-06-20T11:13:20.412190+00:00 [queued]>
[2023-06-20T11:16:15.961+0000] {taskinstance.py:1308} INFO - Starting attempt 1 of 1
[2023-06-20T11:16:15.988+0000] {taskinstance.py:1327} INFO - Executing <Task(BashOperator): dbt_task.model.jaffle_shop.dim_customers> on 2023-06-20 11:13:20.412190+00:00
[2023-06-20T11:16:15.992+0000] {standard_task_runner.py:57} INFO - Started process 9633 to run task
[2023-06-20T11:16:15.997+0000] {standard_task_runner.py:84} INFO - Running: ['airflow', 'tasks', 'run', 'airflow_dbt', 'dbt_task.model.jaffle_shop.dim_customers', 'manual__2023-06-20T11:13:20.412190+00:00', '--job-id', '148', '--raw', '--subdir', 'DAGS_FOLDER/dbt_dag.py', '--cfg-path', '/tmp/tmpm57ymxk4']
[2023-06-20T11:16:15.998+0000] {standard_task_runner.py:85} INFO - Job 148: Subtask dbt_task.model.jaffle_shop.dim_customers
[2023-06-20T11:16:16.048+0000] {task_command.py:410} INFO - Running <TaskInstance: airflow_dbt.dbt_task.model.jaffle_shop.dim_customers manual__2023-06-20T11:13:20.412190+00:00 [running]> on host ubuntu.thbnzb0d3dmuziyfg2t53bofqb.tx.internal.cloudapp.net
[2023-06-20T11:16:16.292+0000] {taskinstance.py:1545} INFO - Exporting env vars: AIRFLOW_CTX_DAG_OWNER='airflow' AIRFLOW_CTX_DAG_ID='airflow_dbt' AIRFLOW_CTX_TASK_ID='dbt_task.model.jaffle_shop.dim_customers' AIRFLOW_CTX_EXECUTION_DATE='2023-06-20T11:13:20.412190+00:00' AIRFLOW_CTX_TRY_NUMBER='1' AIRFLOW_CTX_DAG_RUN_ID='manual__2023-06-20T11:13:20.412190+00:00'
[2023-06-20T11:16:16.293+0000] {subprocess.py:63} INFO - Tmp dir root location: 
 /tmp
[2023-06-20T11:16:16.294+0000] {subprocess.py:75} INFO - Running command: ['/usr/bin/bash', '-c', 'cd /home/satyam/airflow/dags/dbt/ && dbt run --models dim_customers']
[2023-06-20T11:16:16.301+0000] {subprocess.py:86} INFO - Output:
[2023-06-20T11:16:18.786+0000] {subprocess.py:93} INFO - [0m11:16:18  Running with dbt=1.5.1
[2023-06-20T11:16:19.206+0000] {subprocess.py:93} INFO - [0m11:16:19  Found 5 models, 0 tests, 0 snapshots, 0 analyses, 321 macros, 0 operations, 0 seed files, 0 sources, 0 exposures, 0 metrics, 0 groups
[2023-06-20T11:16:19.208+0000] {subprocess.py:93} INFO - [0m11:16:19
[2023-06-20T11:16:20.368+0000] {subprocess.py:93} INFO - [0m11:16:20  Concurrency: 1 threads (target='dev')
[2023-06-20T11:16:20.369+0000] {subprocess.py:93} INFO - [0m11:16:20
[2023-06-20T11:16:20.376+0000] {subprocess.py:93} INFO - [0m11:16:20  1 of 1 START sql table model learn_dbt.dim_customers ........................... [RUN]
[2023-06-20T11:16:21.396+0000] {subprocess.py:93} INFO - [0m11:16:21  1 of 1 OK created sql table model learn_dbt.dim_customers ...................... [[32mSUCCESS 1[0m in 1.02s]
[2023-06-20T11:16:21.401+0000] {subprocess.py:93} INFO - [0m11:16:21
[2023-06-20T11:16:21.401+0000] {subprocess.py:93} INFO - [0m11:16:21  Finished running 1 table model in 0 hours 0 minutes and 2.19 seconds (2.19s).
[2023-06-20T11:16:21.413+0000] {subprocess.py:93} INFO - [0m11:16:21
[2023-06-20T11:16:21.414+0000] {subprocess.py:93} INFO - [0m11:16:21  [32mCompleted successfully[0m
[2023-06-20T11:16:21.414+0000] {subprocess.py:93} INFO - [0m11:16:21
[2023-06-20T11:16:21.415+0000] {subprocess.py:93} INFO - [0m11:16:21  Done. PASS=1 WARN=0 ERROR=0 SKIP=0 TOTAL=1
[2023-06-20T11:16:22.731+0000] {subprocess.py:97} INFO - Command exited with return code 0
[2023-06-20T11:16:22.771+0000] {taskinstance.py:1345} INFO - Marking task as SUCCESS. dag_id=airflow_dbt, task_id=dbt_task.model.jaffle_shop.dim_customers, execution_date=20230620T111320, start_date=20230620T111615, end_date=20230620T111622
[2023-06-20T11:16:22.823+0000] {local_task_job_runner.py:225} INFO - Task exited with return code 0
[2023-06-20T11:16:22.834+0000] {taskinstance.py:2651} INFO - 0 downstream tasks scheduled from follow-on schedule check
