[2023-06-20T20:23:06.398+0000] {taskinstance.py:1103} INFO - Dependencies all met for dep_context=non-requeueable deps ti=<TaskInstance: airflow_dbt.model.development.bronze_products manual__2023-06-20T20:22:49.947133+00:00 [queued]>
[2023-06-20T20:23:06.404+0000] {taskinstance.py:1103} INFO - Dependencies all met for dep_context=requeueable deps ti=<TaskInstance: airflow_dbt.model.development.bronze_products manual__2023-06-20T20:22:49.947133+00:00 [queued]>
[2023-06-20T20:23:06.405+0000] {taskinstance.py:1308} INFO - Starting attempt 1 of 1
[2023-06-20T20:23:06.446+0000] {taskinstance.py:1327} INFO - Executing <Task(BashOperator): model.development.bronze_products> on 2023-06-20 20:22:49.947133+00:00
[2023-06-20T20:23:06.449+0000] {standard_task_runner.py:57} INFO - Started process 15920 to run task
[2023-06-20T20:23:06.453+0000] {standard_task_runner.py:84} INFO - Running: ['airflow', 'tasks', 'run', 'airflow_dbt', 'model.development.bronze_products', 'manual__2023-06-20T20:22:49.947133+00:00', '--job-id', '163', '--raw', '--subdir', 'DAGS_FOLDER/test_dag.py', '--cfg-path', '/tmp/tmp8b61az8i']
[2023-06-20T20:23:06.454+0000] {standard_task_runner.py:85} INFO - Job 163: Subtask model.development.bronze_products
[2023-06-20T20:23:06.505+0000] {task_command.py:410} INFO - Running <TaskInstance: airflow_dbt.model.development.bronze_products manual__2023-06-20T20:22:49.947133+00:00 [running]> on host ubuntu.thbnzb0d3dmuziyfg2t53bofqb.tx.internal.cloudapp.net
[2023-06-20T20:23:06.714+0000] {taskinstance.py:1545} INFO - Exporting env vars: AIRFLOW_CTX_DAG_OWNER='airflow' AIRFLOW_CTX_DAG_ID='airflow_dbt' AIRFLOW_CTX_TASK_ID='model.development.bronze_products' AIRFLOW_CTX_EXECUTION_DATE='2023-06-20T20:22:49.947133+00:00' AIRFLOW_CTX_TRY_NUMBER='1' AIRFLOW_CTX_DAG_RUN_ID='manual__2023-06-20T20:22:49.947133+00:00'
[2023-06-20T20:23:06.716+0000] {subprocess.py:63} INFO - Tmp dir root location: 
 /tmp
[2023-06-20T20:23:06.716+0000] {subprocess.py:75} INFO - Running command: ['/usr/bin/bash', '-c', '\n                cd /home/satyam/airflow/dags/dbt/ &&\n                dbt --no-write-json run --target prod --models bronze_products\n                ']
[2023-06-20T20:23:06.724+0000] {subprocess.py:86} INFO - Output:
[2023-06-20T20:23:09.149+0000] {subprocess.py:93} INFO - [0m20:23:09  Running with dbt=1.5.1
[2023-06-20T20:23:09.154+0000] {subprocess.py:93} INFO - [0m20:23:09  Encountered an error:
[2023-06-20T20:23:09.154+0000] {subprocess.py:93} INFO - Runtime Error
[2023-06-20T20:23:09.154+0000] {subprocess.py:93} INFO -   The profile 'default' does not have a target named 'prod'. The valid target names for this profile are:
[2023-06-20T20:23:09.155+0000] {subprocess.py:93} INFO -    - dev
[2023-06-20T20:23:10.229+0000] {subprocess.py:97} INFO - Command exited with return code 2
[2023-06-20T20:23:10.238+0000] {taskinstance.py:1824} ERROR - Task failed with exception
Traceback (most recent call last):
  File "/usr/local/lib/python3.8/dist-packages/airflow/operators/bash.py", line 210, in execute
    raise AirflowException(
airflow.exceptions.AirflowException: Bash command failed. The command returned a non-zero exit code 2.
[2023-06-20T20:23:10.240+0000] {taskinstance.py:1345} INFO - Marking task as FAILED. dag_id=airflow_dbt, task_id=model.development.bronze_products, execution_date=20230620T202249, start_date=20230620T202306, end_date=20230620T202310
[2023-06-20T20:23:10.268+0000] {standard_task_runner.py:104} ERROR - Failed to execute job 163 for task model.development.bronze_products (Bash command failed. The command returned a non-zero exit code 2.; 15920)
[2023-06-20T20:23:10.277+0000] {local_task_job_runner.py:225} INFO - Task exited with return code 1
[2023-06-20T20:23:10.298+0000] {taskinstance.py:2651} INFO - 0 downstream tasks scheduled from follow-on schedule check
