[2023-06-20T11:14:46.328+0000] {taskinstance.py:1103} INFO - Dependencies all met for dep_context=non-requeueable deps ti=<TaskInstance: airflow_dbt.dbt_task.model.jaffle_shop.stg_customers manual__2023-06-20T11:13:06.724880+00:00 [queued]>
[2023-06-20T11:14:46.335+0000] {taskinstance.py:1103} INFO - Dependencies all met for dep_context=requeueable deps ti=<TaskInstance: airflow_dbt.dbt_task.model.jaffle_shop.stg_customers manual__2023-06-20T11:13:06.724880+00:00 [queued]>
[2023-06-20T11:14:46.336+0000] {taskinstance.py:1308} INFO - Starting attempt 1 of 1
[2023-06-20T11:14:46.363+0000] {taskinstance.py:1327} INFO - Executing <Task(BashOperator): dbt_task.model.jaffle_shop.stg_customers> on 2023-06-20 11:13:06.724880+00:00
[2023-06-20T11:14:46.371+0000] {standard_task_runner.py:57} INFO - Started process 8341 to run task
[2023-06-20T11:14:46.376+0000] {standard_task_runner.py:84} INFO - Running: ['airflow', 'tasks', 'run', 'airflow_dbt', 'dbt_task.model.jaffle_shop.stg_customers', 'manual__2023-06-20T11:13:06.724880+00:00', '--job-id', '139', '--raw', '--subdir', 'DAGS_FOLDER/dbt_dag.py', '--cfg-path', '/tmp/tmpx3qv7w8l']
[2023-06-20T11:14:46.376+0000] {standard_task_runner.py:85} INFO - Job 139: Subtask dbt_task.model.jaffle_shop.stg_customers
[2023-06-20T11:14:46.427+0000] {task_command.py:410} INFO - Running <TaskInstance: airflow_dbt.dbt_task.model.jaffle_shop.stg_customers manual__2023-06-20T11:13:06.724880+00:00 [running]> on host ubuntu.thbnzb0d3dmuziyfg2t53bofqb.tx.internal.cloudapp.net
[2023-06-20T11:14:46.653+0000] {taskinstance.py:1545} INFO - Exporting env vars: AIRFLOW_CTX_DAG_OWNER='airflow' AIRFLOW_CTX_DAG_ID='airflow_dbt' AIRFLOW_CTX_TASK_ID='dbt_task.model.jaffle_shop.stg_customers' AIRFLOW_CTX_EXECUTION_DATE='2023-06-20T11:13:06.724880+00:00' AIRFLOW_CTX_TRY_NUMBER='1' AIRFLOW_CTX_DAG_RUN_ID='manual__2023-06-20T11:13:06.724880+00:00'
[2023-06-20T11:14:46.655+0000] {subprocess.py:63} INFO - Tmp dir root location: 
 /tmp
[2023-06-20T11:14:46.655+0000] {subprocess.py:75} INFO - Running command: ['/usr/bin/bash', '-c', 'cd /home/satyam/airflow/dags/dbt/ && dbt run --models stg_customers']
[2023-06-20T11:14:46.663+0000] {subprocess.py:86} INFO - Output:
[2023-06-20T11:14:49.121+0000] {subprocess.py:93} INFO - [0m11:14:49  Running with dbt=1.5.1
[2023-06-20T11:14:49.540+0000] {subprocess.py:93} INFO - [0m11:14:49  Found 5 models, 0 tests, 0 snapshots, 0 analyses, 321 macros, 0 operations, 0 seed files, 0 sources, 0 exposures, 0 metrics, 0 groups
[2023-06-20T11:14:49.543+0000] {subprocess.py:93} INFO - [0m11:14:49
[2023-06-20T11:14:50.976+0000] {subprocess.py:93} INFO - [0m11:14:50  Concurrency: 1 threads (target='dev')
[2023-06-20T11:14:50.976+0000] {subprocess.py:93} INFO - [0m11:14:50
[2023-06-20T11:14:50.982+0000] {subprocess.py:93} INFO - [0m11:14:50  1 of 1 START sql view model learn_dbt.stg_customers ............................ [RUN]
[2023-06-20T11:14:51.573+0000] {subprocess.py:93} INFO - [0m11:14:51  1 of 1 OK created sql view model learn_dbt.stg_customers ....................... [[32mSUCCESS 1[0m in 0.59s]
[2023-06-20T11:14:51.577+0000] {subprocess.py:93} INFO - [0m11:14:51
[2023-06-20T11:14:51.577+0000] {subprocess.py:93} INFO - [0m11:14:51  Finished running 1 view model in 0 hours 0 minutes and 2.03 seconds (2.03s).
[2023-06-20T11:14:51.588+0000] {subprocess.py:93} INFO - [0m11:14:51
[2023-06-20T11:14:51.589+0000] {subprocess.py:93} INFO - [0m11:14:51  [32mCompleted successfully[0m
[2023-06-20T11:14:51.590+0000] {subprocess.py:93} INFO - [0m11:14:51
[2023-06-20T11:14:51.590+0000] {subprocess.py:93} INFO - [0m11:14:51  Done. PASS=1 WARN=0 ERROR=0 SKIP=0 TOTAL=1
[2023-06-20T11:14:52.853+0000] {subprocess.py:97} INFO - Command exited with return code 0
[2023-06-20T11:14:52.889+0000] {taskinstance.py:1345} INFO - Marking task as SUCCESS. dag_id=airflow_dbt, task_id=dbt_task.model.jaffle_shop.stg_customers, execution_date=20230620T111306, start_date=20230620T111446, end_date=20230620T111452
[2023-06-20T11:14:52.922+0000] {local_task_job_runner.py:225} INFO - Task exited with return code 0
[2023-06-20T11:14:53.064+0000] {taskinstance.py:2651} INFO - 0 downstream tasks scheduled from follow-on schedule check
