[2023-06-20T20:29:11.580+0000] {taskinstance.py:1103} INFO - Dependencies all met for dep_context=non-requeueable deps ti=<TaskInstance: airflow_dbt.dbt_task.model.development.product_sales manual__2023-06-20T20:27:34.750582+00:00 [queued]>
[2023-06-20T20:29:11.588+0000] {taskinstance.py:1103} INFO - Dependencies all met for dep_context=requeueable deps ti=<TaskInstance: airflow_dbt.dbt_task.model.development.product_sales manual__2023-06-20T20:27:34.750582+00:00 [queued]>
[2023-06-20T20:29:11.588+0000] {taskinstance.py:1308} INFO - Starting attempt 1 of 1
[2023-06-20T20:29:11.610+0000] {taskinstance.py:1327} INFO - Executing <Task(BashOperator): dbt_task.model.development.product_sales> on 2023-06-20 20:27:34.750582+00:00
[2023-06-20T20:29:11.614+0000] {standard_task_runner.py:57} INFO - Started process 19929 to run task
[2023-06-20T20:29:11.618+0000] {standard_task_runner.py:84} INFO - Running: ['airflow', 'tasks', 'run', 'airflow_dbt', 'dbt_task.model.development.product_sales', 'manual__2023-06-20T20:27:34.750582+00:00', '--job-id', '180', '--raw', '--subdir', 'DAGS_FOLDER/dbt_dag.py', '--cfg-path', '/tmp/tmpguw65q8i']
[2023-06-20T20:29:11.619+0000] {standard_task_runner.py:85} INFO - Job 180: Subtask dbt_task.model.development.product_sales
[2023-06-20T20:29:11.672+0000] {task_command.py:410} INFO - Running <TaskInstance: airflow_dbt.dbt_task.model.development.product_sales manual__2023-06-20T20:27:34.750582+00:00 [running]> on host ubuntu.thbnzb0d3dmuziyfg2t53bofqb.tx.internal.cloudapp.net
[2023-06-20T20:29:11.885+0000] {taskinstance.py:1545} INFO - Exporting env vars: AIRFLOW_CTX_DAG_OWNER='airflow' AIRFLOW_CTX_DAG_ID='airflow_dbt' AIRFLOW_CTX_TASK_ID='dbt_task.model.development.product_sales' AIRFLOW_CTX_EXECUTION_DATE='2023-06-20T20:27:34.750582+00:00' AIRFLOW_CTX_TRY_NUMBER='1' AIRFLOW_CTX_DAG_RUN_ID='manual__2023-06-20T20:27:34.750582+00:00'
[2023-06-20T20:29:11.886+0000] {subprocess.py:63} INFO - Tmp dir root location: 
 /tmp
[2023-06-20T20:29:11.886+0000] {subprocess.py:75} INFO - Running command: ['/usr/bin/bash', '-c', 'cd /home/satyam/airflow/dags/dbt/ && dbt run --models product_sales']
[2023-06-20T20:29:11.894+0000] {subprocess.py:86} INFO - Output:
[2023-06-20T20:29:14.339+0000] {subprocess.py:93} INFO - [0m20:29:14  Running with dbt=1.5.1
[2023-06-20T20:29:14.718+0000] {subprocess.py:93} INFO - [0m20:29:14  [[33mWARNING[0m]: Configuration paths exist in your dbt_project.yml file which do not apply to any resources.
[2023-06-20T20:29:14.718+0000] {subprocess.py:93} INFO - There are 3 unused configuration paths:
[2023-06-20T20:29:14.719+0000] {subprocess.py:93} INFO - - models.development.intermediate
[2023-06-20T20:29:14.719+0000] {subprocess.py:93} INFO - - models.development.bronze
[2023-06-20T20:29:14.719+0000] {subprocess.py:93} INFO - - models.development.staging
[2023-06-20T20:29:14.735+0000] {subprocess.py:93} INFO - [0m20:29:14  Found 7 models, 0 tests, 0 snapshots, 0 analyses, 321 macros, 0 operations, 0 seed files, 4 sources, 0 exposures, 0 metrics, 0 groups
[2023-06-20T20:29:14.737+0000] {subprocess.py:93} INFO - [0m20:29:14
[2023-06-20T20:29:15.912+0000] {subprocess.py:93} INFO - [0m20:29:15  Concurrency: 1 threads (target='dev')
[2023-06-20T20:29:15.913+0000] {subprocess.py:93} INFO - [0m20:29:15
[2023-06-20T20:29:15.919+0000] {subprocess.py:93} INFO - [0m20:29:15  1 of 1 START sql view model sales.product_sales ................................ [RUN]
[2023-06-20T20:29:16.592+0000] {subprocess.py:93} INFO - [0m20:29:16  1 of 1 OK created sql view model sales.product_sales ........................... [[32mSUCCESS 1[0m in 0.67s]
[2023-06-20T20:29:16.596+0000] {subprocess.py:93} INFO - [0m20:29:16
[2023-06-20T20:29:16.597+0000] {subprocess.py:93} INFO - [0m20:29:16  Finished running 1 view model in 0 hours 0 minutes and 1.86 seconds (1.86s).
[2023-06-20T20:29:16.607+0000] {subprocess.py:93} INFO - [0m20:29:16
[2023-06-20T20:29:16.608+0000] {subprocess.py:93} INFO - [0m20:29:16  [32mCompleted successfully[0m
[2023-06-20T20:29:16.608+0000] {subprocess.py:93} INFO - [0m20:29:16
[2023-06-20T20:29:16.609+0000] {subprocess.py:93} INFO - [0m20:29:16  Done. PASS=1 WARN=0 ERROR=0 SKIP=0 TOTAL=1
[2023-06-20T20:29:17.829+0000] {subprocess.py:97} INFO - Command exited with return code 0
[2023-06-20T20:29:17.861+0000] {taskinstance.py:1345} INFO - Marking task as SUCCESS. dag_id=airflow_dbt, task_id=dbt_task.model.development.product_sales, execution_date=20230620T202734, start_date=20230620T202911, end_date=20230620T202917
[2023-06-20T20:29:17.917+0000] {local_task_job_runner.py:225} INFO - Task exited with return code 0
[2023-06-20T20:29:17.929+0000] {taskinstance.py:2651} INFO - 0 downstream tasks scheduled from follow-on schedule check
