[2023-06-22T04:36:34.676+0000] {taskinstance.py:1103} INFO - Dependencies all met for dep_context=non-requeueable deps ti=<TaskInstance: airflow_dbt.dbt_task.model.development.bronze_orders manual__2023-06-22T04:35:46.763656+00:00 [queued]>
[2023-06-22T04:36:34.683+0000] {taskinstance.py:1103} INFO - Dependencies all met for dep_context=requeueable deps ti=<TaskInstance: airflow_dbt.dbt_task.model.development.bronze_orders manual__2023-06-22T04:35:46.763656+00:00 [queued]>
[2023-06-22T04:36:34.683+0000] {taskinstance.py:1308} INFO - Starting attempt 1 of 1
[2023-06-22T04:36:34.709+0000] {taskinstance.py:1327} INFO - Executing <Task(BashOperator): dbt_task.model.development.bronze_orders> on 2023-06-22 04:35:46.763656+00:00
[2023-06-22T04:36:34.712+0000] {standard_task_runner.py:57} INFO - Started process 5614 to run task
[2023-06-22T04:36:34.717+0000] {standard_task_runner.py:84} INFO - Running: ['airflow', 'tasks', 'run', 'airflow_dbt', 'dbt_task.model.development.bronze_orders', 'manual__2023-06-22T04:35:46.763656+00:00', '--job-id', '202', '--raw', '--subdir', 'DAGS_FOLDER/dbt_dag.py', '--cfg-path', '/tmp/tmp3nr9b83j']
[2023-06-22T04:36:34.717+0000] {standard_task_runner.py:85} INFO - Job 202: Subtask dbt_task.model.development.bronze_orders
[2023-06-22T04:36:34.775+0000] {task_command.py:410} INFO - Running <TaskInstance: airflow_dbt.dbt_task.model.development.bronze_orders manual__2023-06-22T04:35:46.763656+00:00 [running]> on host ubuntu.thbnzb0d3dmuziyfg2t53bofqb.tx.internal.cloudapp.net
[2023-06-22T04:36:35.048+0000] {taskinstance.py:1545} INFO - Exporting env vars: AIRFLOW_CTX_DAG_OWNER='airflow' AIRFLOW_CTX_DAG_ID='airflow_dbt' AIRFLOW_CTX_TASK_ID='dbt_task.model.development.bronze_orders' AIRFLOW_CTX_EXECUTION_DATE='2023-06-22T04:35:46.763656+00:00' AIRFLOW_CTX_TRY_NUMBER='1' AIRFLOW_CTX_DAG_RUN_ID='manual__2023-06-22T04:35:46.763656+00:00'
[2023-06-22T04:36:35.050+0000] {subprocess.py:63} INFO - Tmp dir root location: 
 /tmp
[2023-06-22T04:36:35.050+0000] {subprocess.py:75} INFO - Running command: ['/usr/bin/bash', '-c', 'cd /home/satyam/airflow/dags/dbt/ && dbt run --models bronze_orders']
[2023-06-22T04:36:35.059+0000] {subprocess.py:86} INFO - Output:
[2023-06-22T04:36:37.685+0000] {subprocess.py:93} INFO - [0m04:36:37  Running with dbt=1.5.1
[2023-06-22T04:36:38.098+0000] {subprocess.py:93} INFO - [0m04:36:38  [[33mWARNING[0m]: Configuration paths exist in your dbt_project.yml file which do not apply to any resources.
[2023-06-22T04:36:38.099+0000] {subprocess.py:93} INFO - There are 3 unused configuration paths:
[2023-06-22T04:36:38.099+0000] {subprocess.py:93} INFO - - models.development.staging
[2023-06-22T04:36:38.099+0000] {subprocess.py:93} INFO - - models.development.intermediate
[2023-06-22T04:36:38.099+0000] {subprocess.py:93} INFO - - models.development.bronze
[2023-06-22T04:36:38.117+0000] {subprocess.py:93} INFO - [0m04:36:38  Found 7 models, 0 tests, 0 snapshots, 0 analyses, 321 macros, 0 operations, 0 seed files, 4 sources, 0 exposures, 0 metrics, 0 groups
[2023-06-22T04:36:38.119+0000] {subprocess.py:93} INFO - [0m04:36:38
[2023-06-22T04:36:39.430+0000] {subprocess.py:93} INFO - [0m04:36:39  Concurrency: 1 threads (target='dev')
[2023-06-22T04:36:39.430+0000] {subprocess.py:93} INFO - [0m04:36:39
[2023-06-22T04:36:39.436+0000] {subprocess.py:93} INFO - [0m04:36:39  1 of 1 START sql view model final_sales.bronze_orders .......................... [RUN]
[2023-06-22T04:36:40.458+0000] {subprocess.py:93} INFO - [0m04:36:40  1 of 1 OK created sql view model final_sales.bronze_orders ..................... [[32mSUCCESS 1[0m in 1.02s]
[2023-06-22T04:36:40.465+0000] {subprocess.py:93} INFO - [0m04:36:40
[2023-06-22T04:36:40.465+0000] {subprocess.py:93} INFO - [0m04:36:40  Finished running 1 view model in 0 hours 0 minutes and 2.34 seconds (2.34s).
[2023-06-22T04:36:40.473+0000] {subprocess.py:93} INFO - [0m04:36:40
[2023-06-22T04:36:40.474+0000] {subprocess.py:93} INFO - [0m04:36:40  [32mCompleted successfully[0m
[2023-06-22T04:36:40.474+0000] {subprocess.py:93} INFO - [0m04:36:40
[2023-06-22T04:36:40.475+0000] {subprocess.py:93} INFO - [0m04:36:40  Done. PASS=1 WARN=0 ERROR=0 SKIP=0 TOTAL=1
[2023-06-22T04:36:41.784+0000] {subprocess.py:97} INFO - Command exited with return code 0
[2023-06-22T04:36:41.817+0000] {taskinstance.py:1345} INFO - Marking task as SUCCESS. dag_id=airflow_dbt, task_id=dbt_task.model.development.bronze_orders, execution_date=20230622T043546, start_date=20230622T043634, end_date=20230622T043641
[2023-06-22T04:36:41.861+0000] {local_task_job_runner.py:225} INFO - Task exited with return code 0
[2023-06-22T04:36:41.883+0000] {taskinstance.py:2651} INFO - 0 downstream tasks scheduled from follow-on schedule check
