[2023-06-15T06:19:35.437+0000] {taskinstance.py:1103} INFO - Dependencies all met for dep_context=non-requeueable deps ti=<TaskInstance: airflow_dbt.model.jaffle_shop.stg_payment manual__2023-06-15T06:19:24.695392+00:00 [queued]>
[2023-06-15T06:19:35.443+0000] {taskinstance.py:1103} INFO - Dependencies all met for dep_context=requeueable deps ti=<TaskInstance: airflow_dbt.model.jaffle_shop.stg_payment manual__2023-06-15T06:19:24.695392+00:00 [queued]>
[2023-06-15T06:19:35.443+0000] {taskinstance.py:1308} INFO - Starting attempt 1 of 1
[2023-06-15T06:19:35.468+0000] {taskinstance.py:1327} INFO - Executing <Task(BashOperator): model.jaffle_shop.stg_payment> on 2023-06-15 06:19:24.695392+00:00
[2023-06-15T06:19:35.472+0000] {standard_task_runner.py:57} INFO - Started process 10519 to run task
[2023-06-15T06:19:35.476+0000] {standard_task_runner.py:84} INFO - Running: ['airflow', 'tasks', 'run', 'airflow_dbt', 'model.jaffle_shop.stg_payment', 'manual__2023-06-15T06:19:24.695392+00:00', '--job-id', '35', '--raw', '--subdir', 'DAGS_FOLDER/dbt_dag.py', '--cfg-path', '/tmp/tmp1gmof_vo']
[2023-06-15T06:19:35.476+0000] {standard_task_runner.py:85} INFO - Job 35: Subtask model.jaffle_shop.stg_payment
[2023-06-15T06:19:35.523+0000] {task_command.py:410} INFO - Running <TaskInstance: airflow_dbt.model.jaffle_shop.stg_payment manual__2023-06-15T06:19:24.695392+00:00 [running]> on host ubuntu.thbnzb0d3dmuziyfg2t53bofqb.tx.internal.cloudapp.net
[2023-06-15T06:19:35.591+0000] {taskinstance.py:1545} INFO - Exporting env vars: AIRFLOW_CTX_DAG_OWNER='airflow' AIRFLOW_CTX_DAG_ID='airflow_dbt' AIRFLOW_CTX_TASK_ID='model.jaffle_shop.stg_payment' AIRFLOW_CTX_EXECUTION_DATE='2023-06-15T06:19:24.695392+00:00' AIRFLOW_CTX_TRY_NUMBER='1' AIRFLOW_CTX_DAG_RUN_ID='manual__2023-06-15T06:19:24.695392+00:00'
[2023-06-15T06:19:35.594+0000] {subprocess.py:63} INFO - Tmp dir root location: 
 /tmp
[2023-06-15T06:19:35.594+0000] {subprocess.py:75} INFO - Running command: ['/usr/bin/bash', '-c', 'cd /home/satyam/airflow/dags/dbt/ && dbt run --models stg_payment']
[2023-06-15T06:19:35.601+0000] {subprocess.py:86} INFO - Output:
[2023-06-15T06:19:37.436+0000] {subprocess.py:93} INFO - [0m06:19:37  Running with dbt=1.5.1
[2023-06-15T06:19:37.772+0000] {subprocess.py:93} INFO - [0m06:19:37  Found 5 models, 0 tests, 0 snapshots, 0 analyses, 321 macros, 0 operations, 0 seed files, 0 sources, 0 exposures, 0 metrics, 0 groups
[2023-06-15T06:19:37.773+0000] {subprocess.py:93} INFO - [0m06:19:37  The selection criterion 'stg_payment' does not match any nodes
[2023-06-15T06:19:37.774+0000] {subprocess.py:93} INFO - [0m06:19:37
[2023-06-15T06:19:37.775+0000] {subprocess.py:93} INFO - [0m06:19:37  Nothing to do. Try checking your model configs and model specification args
[2023-06-15T06:19:39.014+0000] {subprocess.py:97} INFO - Command exited with return code 0
[2023-06-15T06:19:39.040+0000] {taskinstance.py:1345} INFO - Marking task as SUCCESS. dag_id=airflow_dbt, task_id=model.jaffle_shop.stg_payment, execution_date=20230615T061924, start_date=20230615T061935, end_date=20230615T061939
[2023-06-15T06:19:39.068+0000] {local_task_job_runner.py:225} INFO - Task exited with return code 0
[2023-06-15T06:19:39.087+0000] {taskinstance.py:2651} INFO - 1 downstream tasks scheduled from follow-on schedule check
