[2023-06-22T04:35:54.022+0000] {taskinstance.py:1103} INFO - Dependencies all met for dep_context=non-requeueable deps ti=<TaskInstance: airflow_dbt.dbt_task.source.development.sales_stage.orders manual__2023-06-22T04:35:46.763656+00:00 [queued]>
[2023-06-22T04:35:54.030+0000] {taskinstance.py:1103} INFO - Dependencies all met for dep_context=requeueable deps ti=<TaskInstance: airflow_dbt.dbt_task.source.development.sales_stage.orders manual__2023-06-22T04:35:46.763656+00:00 [queued]>
[2023-06-22T04:35:54.031+0000] {taskinstance.py:1308} INFO - Starting attempt 1 of 1
[2023-06-22T04:35:54.069+0000] {taskinstance.py:1327} INFO - Executing <Task(BashOperator): dbt_task.source.development.sales_stage.orders> on 2023-06-22 04:35:46.763656+00:00
[2023-06-22T04:35:54.073+0000] {standard_task_runner.py:57} INFO - Started process 5028 to run task
[2023-06-22T04:35:54.078+0000] {standard_task_runner.py:84} INFO - Running: ['airflow', 'tasks', 'run', 'airflow_dbt', 'dbt_task.source.development.sales_stage.orders', 'manual__2023-06-22T04:35:46.763656+00:00', '--job-id', '198', '--raw', '--subdir', 'DAGS_FOLDER/dbt_dag.py', '--cfg-path', '/tmp/tmpddjsdfv6']
[2023-06-22T04:35:54.079+0000] {standard_task_runner.py:85} INFO - Job 198: Subtask dbt_task.source.development.sales_stage.orders
[2023-06-22T04:35:54.176+0000] {task_command.py:410} INFO - Running <TaskInstance: airflow_dbt.dbt_task.source.development.sales_stage.orders manual__2023-06-22T04:35:46.763656+00:00 [running]> on host ubuntu.thbnzb0d3dmuziyfg2t53bofqb.tx.internal.cloudapp.net
[2023-06-22T04:35:54.459+0000] {taskinstance.py:1545} INFO - Exporting env vars: AIRFLOW_CTX_DAG_OWNER='airflow' AIRFLOW_CTX_DAG_ID='airflow_dbt' AIRFLOW_CTX_TASK_ID='dbt_task.source.development.sales_stage.orders' AIRFLOW_CTX_EXECUTION_DATE='2023-06-22T04:35:46.763656+00:00' AIRFLOW_CTX_TRY_NUMBER='1' AIRFLOW_CTX_DAG_RUN_ID='manual__2023-06-22T04:35:46.763656+00:00'
[2023-06-22T04:35:54.460+0000] {subprocess.py:63} INFO - Tmp dir root location: 
 /tmp
[2023-06-22T04:35:54.462+0000] {subprocess.py:75} INFO - Running command: ['/usr/bin/bash', '-c', 'cd /home/satyam/airflow/dags/dbt/ && dbt run --models bronze_orders']
[2023-06-22T04:35:54.469+0000] {subprocess.py:86} INFO - Output:
[2023-06-22T04:35:57.085+0000] {subprocess.py:93} INFO - [0m04:35:57  Running with dbt=1.5.1
[2023-06-22T04:35:57.523+0000] {subprocess.py:93} INFO - [0m04:35:57  [[33mWARNING[0m]: Configuration paths exist in your dbt_project.yml file which do not apply to any resources.
[2023-06-22T04:35:57.523+0000] {subprocess.py:93} INFO - There are 3 unused configuration paths:
[2023-06-22T04:35:57.523+0000] {subprocess.py:93} INFO - - models.development.intermediate
[2023-06-22T04:35:57.523+0000] {subprocess.py:93} INFO - - models.development.staging
[2023-06-22T04:35:57.523+0000] {subprocess.py:93} INFO - - models.development.bronze
[2023-06-22T04:35:57.543+0000] {subprocess.py:93} INFO - [0m04:35:57  Found 7 models, 0 tests, 0 snapshots, 0 analyses, 321 macros, 0 operations, 0 seed files, 4 sources, 0 exposures, 0 metrics, 0 groups
[2023-06-22T04:35:57.545+0000] {subprocess.py:93} INFO - [0m04:35:57
[2023-06-22T04:35:59.472+0000] {subprocess.py:93} INFO - [0m04:35:59  Concurrency: 1 threads (target='dev')
[2023-06-22T04:35:59.473+0000] {subprocess.py:93} INFO - [0m04:35:59
[2023-06-22T04:35:59.479+0000] {subprocess.py:93} INFO - [0m04:35:59  1 of 1 START sql view model final_sales.bronze_orders .......................... [RUN]
[2023-06-22T04:36:00.152+0000] {subprocess.py:93} INFO - [0m04:36:00  1 of 1 OK created sql view model final_sales.bronze_orders ..................... [[32mSUCCESS 1[0m in 0.67s]
[2023-06-22T04:36:00.157+0000] {subprocess.py:93} INFO - [0m04:36:00
[2023-06-22T04:36:00.158+0000] {subprocess.py:93} INFO - [0m04:36:00  Finished running 1 view model in 0 hours 0 minutes and 2.61 seconds (2.61s).
[2023-06-22T04:36:00.168+0000] {subprocess.py:93} INFO - [0m04:36:00
[2023-06-22T04:36:00.168+0000] {subprocess.py:93} INFO - [0m04:36:00  [32mCompleted successfully[0m
[2023-06-22T04:36:00.169+0000] {subprocess.py:93} INFO - [0m04:36:00
[2023-06-22T04:36:00.170+0000] {subprocess.py:93} INFO - [0m04:36:00  Done. PASS=1 WARN=0 ERROR=0 SKIP=0 TOTAL=1
[2023-06-22T04:36:01.593+0000] {subprocess.py:97} INFO - Command exited with return code 0
[2023-06-22T04:36:01.627+0000] {taskinstance.py:1345} INFO - Marking task as SUCCESS. dag_id=airflow_dbt, task_id=dbt_task.source.development.sales_stage.orders, execution_date=20230622T043546, start_date=20230622T043554, end_date=20230622T043601
[2023-06-22T04:36:01.666+0000] {local_task_job_runner.py:225} INFO - Task exited with return code 0
[2023-06-22T04:36:01.820+0000] {taskinstance.py:2651} INFO - 1 downstream tasks scheduled from follow-on schedule check
