[2023-06-20T11:13:44.919+0000] {taskinstance.py:1103} INFO - Dependencies all met for dep_context=non-requeueable deps ti=<TaskInstance: airflow_dbt.dbt_task.model.jaffle_shop.fact_orders manual__2023-06-20T11:12:59.822990+00:00 [queued]>
[2023-06-20T11:13:44.926+0000] {taskinstance.py:1103} INFO - Dependencies all met for dep_context=requeueable deps ti=<TaskInstance: airflow_dbt.dbt_task.model.jaffle_shop.fact_orders manual__2023-06-20T11:12:59.822990+00:00 [queued]>
[2023-06-20T11:13:44.926+0000] {taskinstance.py:1308} INFO - Starting attempt 1 of 1
[2023-06-20T11:13:44.956+0000] {taskinstance.py:1327} INFO - Executing <Task(BashOperator): dbt_task.model.jaffle_shop.fact_orders> on 2023-06-20 11:12:59.822990+00:00
[2023-06-20T11:13:44.960+0000] {standard_task_runner.py:57} INFO - Started process 7438 to run task
[2023-06-20T11:13:44.964+0000] {standard_task_runner.py:84} INFO - Running: ['airflow', 'tasks', 'run', 'airflow_dbt', 'dbt_task.model.jaffle_shop.fact_orders', 'manual__2023-06-20T11:12:59.822990+00:00', '--job-id', '132', '--raw', '--subdir', 'DAGS_FOLDER/dbt_dag.py', '--cfg-path', '/tmp/tmpyee47p13']
[2023-06-20T11:13:44.965+0000] {standard_task_runner.py:85} INFO - Job 132: Subtask dbt_task.model.jaffle_shop.fact_orders
[2023-06-20T11:13:45.027+0000] {task_command.py:410} INFO - Running <TaskInstance: airflow_dbt.dbt_task.model.jaffle_shop.fact_orders manual__2023-06-20T11:12:59.822990+00:00 [running]> on host ubuntu.thbnzb0d3dmuziyfg2t53bofqb.tx.internal.cloudapp.net
[2023-06-20T11:13:45.266+0000] {taskinstance.py:1545} INFO - Exporting env vars: AIRFLOW_CTX_DAG_OWNER='airflow' AIRFLOW_CTX_DAG_ID='airflow_dbt' AIRFLOW_CTX_TASK_ID='dbt_task.model.jaffle_shop.fact_orders' AIRFLOW_CTX_EXECUTION_DATE='2023-06-20T11:12:59.822990+00:00' AIRFLOW_CTX_TRY_NUMBER='1' AIRFLOW_CTX_DAG_RUN_ID='manual__2023-06-20T11:12:59.822990+00:00'
[2023-06-20T11:13:45.268+0000] {subprocess.py:63} INFO - Tmp dir root location: 
 /tmp
[2023-06-20T11:13:45.268+0000] {subprocess.py:75} INFO - Running command: ['/usr/bin/bash', '-c', 'cd /home/satyam/airflow/dags/dbt/ && dbt run --models fact_orders']
[2023-06-20T11:13:45.276+0000] {subprocess.py:86} INFO - Output:
[2023-06-20T11:13:47.781+0000] {subprocess.py:93} INFO - [0m11:13:47  Running with dbt=1.5.1
[2023-06-20T11:13:48.207+0000] {subprocess.py:93} INFO - [0m11:13:48  Found 5 models, 0 tests, 0 snapshots, 0 analyses, 321 macros, 0 operations, 0 seed files, 0 sources, 0 exposures, 0 metrics, 0 groups
[2023-06-20T11:13:48.209+0000] {subprocess.py:93} INFO - [0m11:13:48
[2023-06-20T11:13:49.496+0000] {subprocess.py:93} INFO - [0m11:13:49  Concurrency: 1 threads (target='dev')
[2023-06-20T11:13:49.496+0000] {subprocess.py:93} INFO - [0m11:13:49
[2023-06-20T11:13:49.502+0000] {subprocess.py:93} INFO - [0m11:13:49  1 of 1 START sql table model learn_dbt.fact_orders ............................. [RUN]
[2023-06-20T11:13:50.729+0000] {subprocess.py:93} INFO - [0m11:13:50  1 of 1 OK created sql table model learn_dbt.fact_orders ........................ [[32mSUCCESS 1[0m in 1.22s]
[2023-06-20T11:13:50.734+0000] {subprocess.py:93} INFO - [0m11:13:50
[2023-06-20T11:13:50.738+0000] {subprocess.py:93} INFO - [0m11:13:50  Finished running 1 table model in 0 hours 0 minutes and 2.52 seconds (2.52s).
[2023-06-20T11:13:50.749+0000] {subprocess.py:93} INFO - [0m11:13:50
[2023-06-20T11:13:50.750+0000] {subprocess.py:93} INFO - [0m11:13:50  [32mCompleted successfully[0m
[2023-06-20T11:13:50.750+0000] {subprocess.py:93} INFO - [0m11:13:50
[2023-06-20T11:13:50.751+0000] {subprocess.py:93} INFO - [0m11:13:50  Done. PASS=1 WARN=0 ERROR=0 SKIP=0 TOTAL=1
[2023-06-20T11:13:52.035+0000] {subprocess.py:97} INFO - Command exited with return code 0
[2023-06-20T11:13:52.067+0000] {taskinstance.py:1345} INFO - Marking task as SUCCESS. dag_id=airflow_dbt, task_id=dbt_task.model.jaffle_shop.fact_orders, execution_date=20230620T111259, start_date=20230620T111344, end_date=20230620T111352
[2023-06-20T11:13:52.113+0000] {local_task_job_runner.py:225} INFO - Task exited with return code 0
[2023-06-20T11:13:52.130+0000] {taskinstance.py:2651} INFO - 1 downstream tasks scheduled from follow-on schedule check
