[2023-06-20T11:14:04.631+0000] {taskinstance.py:1103} INFO - Dependencies all met for dep_context=non-requeueable deps ti=<TaskInstance: airflow_dbt.dbt_task.model.jaffle_shop.stg_payment manual__2023-06-20T11:13:06.724880+00:00 [queued]>
[2023-06-20T11:14:04.640+0000] {taskinstance.py:1103} INFO - Dependencies all met for dep_context=requeueable deps ti=<TaskInstance: airflow_dbt.dbt_task.model.jaffle_shop.stg_payment manual__2023-06-20T11:13:06.724880+00:00 [queued]>
[2023-06-20T11:14:04.640+0000] {taskinstance.py:1308} INFO - Starting attempt 1 of 1
[2023-06-20T11:14:04.663+0000] {taskinstance.py:1327} INFO - Executing <Task(BashOperator): dbt_task.model.jaffle_shop.stg_payment> on 2023-06-20 11:13:06.724880+00:00
[2023-06-20T11:14:04.668+0000] {standard_task_runner.py:57} INFO - Started process 7703 to run task
[2023-06-20T11:14:04.672+0000] {standard_task_runner.py:84} INFO - Running: ['airflow', 'tasks', 'run', 'airflow_dbt', 'dbt_task.model.jaffle_shop.stg_payment', 'manual__2023-06-20T11:13:06.724880+00:00', '--job-id', '134', '--raw', '--subdir', 'DAGS_FOLDER/dbt_dag.py', '--cfg-path', '/tmp/tmpulua3qcb']
[2023-06-20T11:14:04.673+0000] {standard_task_runner.py:85} INFO - Job 134: Subtask dbt_task.model.jaffle_shop.stg_payment
[2023-06-20T11:14:04.725+0000] {task_command.py:410} INFO - Running <TaskInstance: airflow_dbt.dbt_task.model.jaffle_shop.stg_payment manual__2023-06-20T11:13:06.724880+00:00 [running]> on host ubuntu.thbnzb0d3dmuziyfg2t53bofqb.tx.internal.cloudapp.net
[2023-06-20T11:14:04.951+0000] {taskinstance.py:1545} INFO - Exporting env vars: AIRFLOW_CTX_DAG_OWNER='airflow' AIRFLOW_CTX_DAG_ID='airflow_dbt' AIRFLOW_CTX_TASK_ID='dbt_task.model.jaffle_shop.stg_payment' AIRFLOW_CTX_EXECUTION_DATE='2023-06-20T11:13:06.724880+00:00' AIRFLOW_CTX_TRY_NUMBER='1' AIRFLOW_CTX_DAG_RUN_ID='manual__2023-06-20T11:13:06.724880+00:00'
[2023-06-20T11:14:04.952+0000] {subprocess.py:63} INFO - Tmp dir root location: 
 /tmp
[2023-06-20T11:14:04.952+0000] {subprocess.py:75} INFO - Running command: ['/usr/bin/bash', '-c', 'cd /home/satyam/airflow/dags/dbt/ && dbt run --models stg_payment']
[2023-06-20T11:14:04.960+0000] {subprocess.py:86} INFO - Output:
[2023-06-20T11:14:07.376+0000] {subprocess.py:93} INFO - [0m11:14:07  Running with dbt=1.5.1
[2023-06-20T11:14:07.782+0000] {subprocess.py:93} INFO - [0m11:14:07  Found 5 models, 0 tests, 0 snapshots, 0 analyses, 321 macros, 0 operations, 0 seed files, 0 sources, 0 exposures, 0 metrics, 0 groups
[2023-06-20T11:14:07.783+0000] {subprocess.py:93} INFO - [0m11:14:07  The selection criterion 'stg_payment' does not match any nodes
[2023-06-20T11:14:07.784+0000] {subprocess.py:93} INFO - [0m11:14:07
[2023-06-20T11:14:07.785+0000] {subprocess.py:93} INFO - [0m11:14:07  Nothing to do. Try checking your model configs and model specification args
[2023-06-20T11:14:08.965+0000] {subprocess.py:97} INFO - Command exited with return code 0
[2023-06-20T11:14:08.995+0000] {taskinstance.py:1345} INFO - Marking task as SUCCESS. dag_id=airflow_dbt, task_id=dbt_task.model.jaffle_shop.stg_payment, execution_date=20230620T111306, start_date=20230620T111404, end_date=20230620T111408
[2023-06-20T11:14:09.060+0000] {local_task_job_runner.py:225} INFO - Task exited with return code 0
[2023-06-20T11:14:09.085+0000] {taskinstance.py:2651} INFO - 1 downstream tasks scheduled from follow-on schedule check
