[2023-06-20T20:28:35.955+0000] {taskinstance.py:1103} INFO - Dependencies all met for dep_context=non-requeueable deps ti=<TaskInstance: airflow_dbt.dbt_task.model.development.bronze_products manual__2023-06-20T20:27:34.750582+00:00 [queued]>
[2023-06-20T20:28:35.962+0000] {taskinstance.py:1103} INFO - Dependencies all met for dep_context=requeueable deps ti=<TaskInstance: airflow_dbt.dbt_task.model.development.bronze_products manual__2023-06-20T20:27:34.750582+00:00 [queued]>
[2023-06-20T20:28:35.963+0000] {taskinstance.py:1308} INFO - Starting attempt 1 of 1
[2023-06-20T20:28:35.986+0000] {taskinstance.py:1327} INFO - Executing <Task(BashOperator): dbt_task.model.development.bronze_products> on 2023-06-20 20:27:34.750582+00:00
[2023-06-20T20:28:35.990+0000] {standard_task_runner.py:57} INFO - Started process 19406 to run task
[2023-06-20T20:28:35.994+0000] {standard_task_runner.py:84} INFO - Running: ['airflow', 'tasks', 'run', 'airflow_dbt', 'dbt_task.model.development.bronze_products', 'manual__2023-06-20T20:27:34.750582+00:00', '--job-id', '176', '--raw', '--subdir', 'DAGS_FOLDER/dbt_dag.py', '--cfg-path', '/tmp/tmpsy4j2f8g']
[2023-06-20T20:28:35.995+0000] {standard_task_runner.py:85} INFO - Job 176: Subtask dbt_task.model.development.bronze_products
[2023-06-20T20:28:36.043+0000] {task_command.py:410} INFO - Running <TaskInstance: airflow_dbt.dbt_task.model.development.bronze_products manual__2023-06-20T20:27:34.750582+00:00 [running]> on host ubuntu.thbnzb0d3dmuziyfg2t53bofqb.tx.internal.cloudapp.net
[2023-06-20T20:28:36.263+0000] {taskinstance.py:1545} INFO - Exporting env vars: AIRFLOW_CTX_DAG_OWNER='airflow' AIRFLOW_CTX_DAG_ID='airflow_dbt' AIRFLOW_CTX_TASK_ID='dbt_task.model.development.bronze_products' AIRFLOW_CTX_EXECUTION_DATE='2023-06-20T20:27:34.750582+00:00' AIRFLOW_CTX_TRY_NUMBER='1' AIRFLOW_CTX_DAG_RUN_ID='manual__2023-06-20T20:27:34.750582+00:00'
[2023-06-20T20:28:36.265+0000] {subprocess.py:63} INFO - Tmp dir root location: 
 /tmp
[2023-06-20T20:28:36.265+0000] {subprocess.py:75} INFO - Running command: ['/usr/bin/bash', '-c', 'cd /home/satyam/airflow/dags/dbt/ && dbt run --models bronze_products']
[2023-06-20T20:28:36.272+0000] {subprocess.py:86} INFO - Output:
[2023-06-20T20:28:38.600+0000] {subprocess.py:93} INFO - [0m20:28:38  Running with dbt=1.5.1
[2023-06-20T20:28:38.970+0000] {subprocess.py:93} INFO - [0m20:28:38  [[33mWARNING[0m]: Configuration paths exist in your dbt_project.yml file which do not apply to any resources.
[2023-06-20T20:28:38.970+0000] {subprocess.py:93} INFO - There are 3 unused configuration paths:
[2023-06-20T20:28:38.970+0000] {subprocess.py:93} INFO - - models.development.intermediate
[2023-06-20T20:28:38.970+0000] {subprocess.py:93} INFO - - models.development.bronze
[2023-06-20T20:28:38.970+0000] {subprocess.py:93} INFO - - models.development.staging
[2023-06-20T20:28:38.986+0000] {subprocess.py:93} INFO - [0m20:28:38  Found 7 models, 0 tests, 0 snapshots, 0 analyses, 321 macros, 0 operations, 0 seed files, 4 sources, 0 exposures, 0 metrics, 0 groups
[2023-06-20T20:28:38.988+0000] {subprocess.py:93} INFO - [0m20:28:38
[2023-06-20T20:28:40.110+0000] {subprocess.py:93} INFO - [0m20:28:40  Concurrency: 1 threads (target='dev')
[2023-06-20T20:28:40.111+0000] {subprocess.py:93} INFO - [0m20:28:40
[2023-06-20T20:28:40.117+0000] {subprocess.py:93} INFO - [0m20:28:40  1 of 1 START sql view model sales.bronze_products .............................. [RUN]
[2023-06-20T20:28:40.773+0000] {subprocess.py:93} INFO - [0m20:28:40  1 of 1 OK created sql view model sales.bronze_products ......................... [[32mSUCCESS 1[0m in 0.65s]
[2023-06-20T20:28:40.777+0000] {subprocess.py:93} INFO - [0m20:28:40
[2023-06-20T20:28:40.778+0000] {subprocess.py:93} INFO - [0m20:28:40  Finished running 1 view model in 0 hours 0 minutes and 1.79 seconds (1.79s).
[2023-06-20T20:28:40.787+0000] {subprocess.py:93} INFO - [0m20:28:40
[2023-06-20T20:28:40.788+0000] {subprocess.py:93} INFO - [0m20:28:40  [32mCompleted successfully[0m
[2023-06-20T20:28:40.789+0000] {subprocess.py:93} INFO - [0m20:28:40
[2023-06-20T20:28:40.789+0000] {subprocess.py:93} INFO - [0m20:28:40  Done. PASS=1 WARN=0 ERROR=0 SKIP=0 TOTAL=1
[2023-06-20T20:28:41.944+0000] {subprocess.py:97} INFO - Command exited with return code 0
[2023-06-20T20:28:41.977+0000] {taskinstance.py:1345} INFO - Marking task as SUCCESS. dag_id=airflow_dbt, task_id=dbt_task.model.development.bronze_products, execution_date=20230620T202734, start_date=20230620T202835, end_date=20230620T202841
[2023-06-20T20:28:42.011+0000] {local_task_job_runner.py:225} INFO - Task exited with return code 0
[2023-06-20T20:28:42.032+0000] {taskinstance.py:2651} INFO - 1 downstream tasks scheduled from follow-on schedule check
