[2023-06-20T20:27:51.275+0000] {taskinstance.py:1103} INFO - Dependencies all met for dep_context=non-requeueable deps ti=<TaskInstance: airflow_dbt.dbt_task.source.development.sales_stage.payments manual__2023-06-20T20:27:34.750582+00:00 [queued]>
[2023-06-20T20:27:51.283+0000] {taskinstance.py:1103} INFO - Dependencies all met for dep_context=requeueable deps ti=<TaskInstance: airflow_dbt.dbt_task.source.development.sales_stage.payments manual__2023-06-20T20:27:34.750582+00:00 [queued]>
[2023-06-20T20:27:51.283+0000] {taskinstance.py:1308} INFO - Starting attempt 1 of 1
[2023-06-20T20:27:51.307+0000] {taskinstance.py:1327} INFO - Executing <Task(BashOperator): dbt_task.source.development.sales_stage.payments> on 2023-06-20 20:27:34.750582+00:00
[2023-06-20T20:27:51.311+0000] {standard_task_runner.py:57} INFO - Started process 18761 to run task
[2023-06-20T20:27:51.315+0000] {standard_task_runner.py:84} INFO - Running: ['airflow', 'tasks', 'run', 'airflow_dbt', 'dbt_task.source.development.sales_stage.payments', 'manual__2023-06-20T20:27:34.750582+00:00', '--job-id', '171', '--raw', '--subdir', 'DAGS_FOLDER/dbt_dag.py', '--cfg-path', '/tmp/tmp94f5jdx6']
[2023-06-20T20:27:51.316+0000] {standard_task_runner.py:85} INFO - Job 171: Subtask dbt_task.source.development.sales_stage.payments
[2023-06-20T20:27:51.376+0000] {task_command.py:410} INFO - Running <TaskInstance: airflow_dbt.dbt_task.source.development.sales_stage.payments manual__2023-06-20T20:27:34.750582+00:00 [running]> on host ubuntu.thbnzb0d3dmuziyfg2t53bofqb.tx.internal.cloudapp.net
[2023-06-20T20:27:51.593+0000] {taskinstance.py:1545} INFO - Exporting env vars: AIRFLOW_CTX_DAG_OWNER='airflow' AIRFLOW_CTX_DAG_ID='airflow_dbt' AIRFLOW_CTX_TASK_ID='dbt_task.source.development.sales_stage.payments' AIRFLOW_CTX_EXECUTION_DATE='2023-06-20T20:27:34.750582+00:00' AIRFLOW_CTX_TRY_NUMBER='1' AIRFLOW_CTX_DAG_RUN_ID='manual__2023-06-20T20:27:34.750582+00:00'
[2023-06-20T20:27:51.594+0000] {subprocess.py:63} INFO - Tmp dir root location: 
 /tmp
[2023-06-20T20:27:51.594+0000] {subprocess.py:75} INFO - Running command: ['/usr/bin/bash', '-c', 'cd /home/satyam/airflow/dags/dbt/ && dbt run --models bronze_payments']
[2023-06-20T20:27:51.602+0000] {subprocess.py:86} INFO - Output:
[2023-06-20T20:27:54.046+0000] {subprocess.py:93} INFO - [0m20:27:54  Running with dbt=1.5.1
[2023-06-20T20:27:54.433+0000] {subprocess.py:93} INFO - [0m20:27:54  [[33mWARNING[0m]: Configuration paths exist in your dbt_project.yml file which do not apply to any resources.
[2023-06-20T20:27:54.433+0000] {subprocess.py:93} INFO - There are 3 unused configuration paths:
[2023-06-20T20:27:54.433+0000] {subprocess.py:93} INFO - - models.development.staging
[2023-06-20T20:27:54.433+0000] {subprocess.py:93} INFO - - models.development.intermediate
[2023-06-20T20:27:54.433+0000] {subprocess.py:93} INFO - - models.development.bronze
[2023-06-20T20:27:54.451+0000] {subprocess.py:93} INFO - [0m20:27:54  Found 7 models, 0 tests, 0 snapshots, 0 analyses, 321 macros, 0 operations, 0 seed files, 4 sources, 0 exposures, 0 metrics, 0 groups
[2023-06-20T20:27:54.453+0000] {subprocess.py:93} INFO - [0m20:27:54
[2023-06-20T20:27:55.450+0000] {subprocess.py:93} INFO - [0m20:27:55  Concurrency: 1 threads (target='dev')
[2023-06-20T20:27:55.451+0000] {subprocess.py:93} INFO - [0m20:27:55
[2023-06-20T20:27:55.457+0000] {subprocess.py:93} INFO - [0m20:27:55  1 of 1 START sql view model sales.bronze_payments .............................. [RUN]
[2023-06-20T20:27:56.187+0000] {subprocess.py:93} INFO - [0m20:27:56  1 of 1 OK created sql view model sales.bronze_payments ......................... [[32mSUCCESS 1[0m in 0.73s]
[2023-06-20T20:27:56.190+0000] {subprocess.py:93} INFO - [0m20:27:56
[2023-06-20T20:27:56.191+0000] {subprocess.py:93} INFO - [0m20:27:56  Finished running 1 view model in 0 hours 0 minutes and 1.74 seconds (1.74s).
[2023-06-20T20:27:56.201+0000] {subprocess.py:93} INFO - [0m20:27:56
[2023-06-20T20:27:56.201+0000] {subprocess.py:93} INFO - [0m20:27:56  [32mCompleted successfully[0m
[2023-06-20T20:27:56.202+0000] {subprocess.py:93} INFO - [0m20:27:56
[2023-06-20T20:27:56.203+0000] {subprocess.py:93} INFO - [0m20:27:56  Done. PASS=1 WARN=0 ERROR=0 SKIP=0 TOTAL=1
[2023-06-20T20:27:57.334+0000] {subprocess.py:97} INFO - Command exited with return code 0
[2023-06-20T20:27:57.364+0000] {taskinstance.py:1345} INFO - Marking task as SUCCESS. dag_id=airflow_dbt, task_id=dbt_task.source.development.sales_stage.payments, execution_date=20230620T202734, start_date=20230620T202751, end_date=20230620T202757
[2023-06-20T20:27:57.416+0000] {local_task_job_runner.py:225} INFO - Task exited with return code 0
[2023-06-20T20:27:57.540+0000] {taskinstance.py:2651} INFO - 1 downstream tasks scheduled from follow-on schedule check
