[2023-06-15T09:27:59.369+0000] {taskinstance.py:1103} INFO - Dependencies all met for dep_context=non-requeueable deps ti=<TaskInstance: airflow_dbt.model.jaffle_shop.fact_orders manual__2023-06-15T09:27:34.111690+00:00 [queued]>
[2023-06-15T09:27:59.375+0000] {taskinstance.py:1103} INFO - Dependencies all met for dep_context=requeueable deps ti=<TaskInstance: airflow_dbt.model.jaffle_shop.fact_orders manual__2023-06-15T09:27:34.111690+00:00 [queued]>
[2023-06-15T09:27:59.376+0000] {taskinstance.py:1308} INFO - Starting attempt 1 of 1
[2023-06-15T09:27:59.397+0000] {taskinstance.py:1327} INFO - Executing <Task(BashOperator): model.jaffle_shop.fact_orders> on 2023-06-15 09:27:34.111690+00:00
[2023-06-15T09:27:59.401+0000] {standard_task_runner.py:57} INFO - Started process 48346 to run task
[2023-06-15T09:27:59.405+0000] {standard_task_runner.py:84} INFO - Running: ['airflow', 'tasks', 'run', 'airflow_dbt', 'model.jaffle_shop.fact_orders', 'manual__2023-06-15T09:27:34.111690+00:00', '--job-id', '55', '--raw', '--subdir', 'DAGS_FOLDER/dbt_dag.py', '--cfg-path', '/tmp/tmpgtovqgnq']
[2023-06-15T09:27:59.406+0000] {standard_task_runner.py:85} INFO - Job 55: Subtask model.jaffle_shop.fact_orders
[2023-06-15T09:27:59.458+0000] {task_command.py:410} INFO - Running <TaskInstance: airflow_dbt.model.jaffle_shop.fact_orders manual__2023-06-15T09:27:34.111690+00:00 [running]> on host ubuntu.thbnzb0d3dmuziyfg2t53bofqb.tx.internal.cloudapp.net
[2023-06-15T09:27:59.532+0000] {taskinstance.py:1545} INFO - Exporting env vars: AIRFLOW_CTX_DAG_OWNER='airflow' AIRFLOW_CTX_DAG_ID='airflow_dbt' AIRFLOW_CTX_TASK_ID='model.jaffle_shop.fact_orders' AIRFLOW_CTX_EXECUTION_DATE='2023-06-15T09:27:34.111690+00:00' AIRFLOW_CTX_TRY_NUMBER='1' AIRFLOW_CTX_DAG_RUN_ID='manual__2023-06-15T09:27:34.111690+00:00'
[2023-06-15T09:27:59.534+0000] {subprocess.py:63} INFO - Tmp dir root location: 
 /tmp
[2023-06-15T09:27:59.535+0000] {subprocess.py:75} INFO - Running command: ['/usr/bin/bash', '-c', 'cd /home/satyam/airflow/dags/dbt/ && dbt run --models fact_orders']
[2023-06-15T09:27:59.542+0000] {subprocess.py:86} INFO - Output:
[2023-06-15T09:28:01.415+0000] {subprocess.py:93} INFO - [0m09:28:01  Running with dbt=1.5.1
[2023-06-15T09:28:01.764+0000] {subprocess.py:93} INFO - [0m09:28:01  Found 5 models, 0 tests, 0 snapshots, 0 analyses, 321 macros, 0 operations, 0 seed files, 0 sources, 0 exposures, 0 metrics, 0 groups
[2023-06-15T09:28:01.766+0000] {subprocess.py:93} INFO - [0m09:28:01
[2023-06-15T09:28:02.723+0000] {subprocess.py:93} INFO - [0m09:28:02  Concurrency: 1 threads (target='dev')
[2023-06-15T09:28:02.723+0000] {subprocess.py:93} INFO - [0m09:28:02
[2023-06-15T09:28:02.728+0000] {subprocess.py:93} INFO - [0m09:28:02  1 of 1 START sql table model learn_dbt.fact_orders ............................. [RUN]
[2023-06-15T09:28:04.522+0000] {subprocess.py:93} INFO - [0m09:28:04  1 of 1 OK created sql table model learn_dbt.fact_orders ........................ [[32mSUCCESS 1[0m in 1.79s]
[2023-06-15T09:28:04.525+0000] {subprocess.py:93} INFO - [0m09:28:04
[2023-06-15T09:28:04.526+0000] {subprocess.py:93} INFO - [0m09:28:04  Finished running 1 table model in 0 hours 0 minutes and 2.76 seconds (2.76s).
[2023-06-15T09:28:04.533+0000] {subprocess.py:93} INFO - [0m09:28:04
[2023-06-15T09:28:04.534+0000] {subprocess.py:93} INFO - [0m09:28:04  [32mCompleted successfully[0m
[2023-06-15T09:28:04.534+0000] {subprocess.py:93} INFO - [0m09:28:04
[2023-06-15T09:28:04.535+0000] {subprocess.py:93} INFO - [0m09:28:04  Done. PASS=1 WARN=0 ERROR=0 SKIP=0 TOTAL=1
[2023-06-15T09:28:05.856+0000] {subprocess.py:97} INFO - Command exited with return code 0
[2023-06-15T09:28:05.881+0000] {taskinstance.py:1345} INFO - Marking task as SUCCESS. dag_id=airflow_dbt, task_id=model.jaffle_shop.fact_orders, execution_date=20230615T092734, start_date=20230615T092759, end_date=20230615T092805
[2023-06-15T09:28:05.903+0000] {local_task_job_runner.py:225} INFO - Task exited with return code 0
[2023-06-15T09:28:05.917+0000] {taskinstance.py:2651} INFO - 1 downstream tasks scheduled from follow-on schedule check
