[2023-06-20T11:10:15.323+0000] {taskinstance.py:1103} INFO - Dependencies all met for dep_context=non-requeueable deps ti=<TaskInstance: airflow_dbt.dbt_task.model.jaffle_shop.stg_customers manual__2023-06-20T11:09:48.837968+00:00 [queued]>
[2023-06-20T11:10:15.331+0000] {taskinstance.py:1103} INFO - Dependencies all met for dep_context=requeueable deps ti=<TaskInstance: airflow_dbt.dbt_task.model.jaffle_shop.stg_customers manual__2023-06-20T11:09:48.837968+00:00 [queued]>
[2023-06-20T11:10:15.331+0000] {taskinstance.py:1308} INFO - Starting attempt 1 of 1
[2023-06-20T11:10:15.354+0000] {taskinstance.py:1327} INFO - Executing <Task(BashOperator): dbt_task.model.jaffle_shop.stg_customers> on 2023-06-20 11:09:48.837968+00:00
[2023-06-20T11:10:15.359+0000] {standard_task_runner.py:57} INFO - Started process 4859 to run task
[2023-06-20T11:10:15.367+0000] {standard_task_runner.py:84} INFO - Running: ['airflow', 'tasks', 'run', 'airflow_dbt', 'dbt_task.model.jaffle_shop.stg_customers', 'manual__2023-06-20T11:09:48.837968+00:00', '--job-id', '115', '--raw', '--subdir', 'DAGS_FOLDER/dbt_dag.py', '--cfg-path', '/tmp/tmpeejow6wh']
[2023-06-20T11:10:15.367+0000] {standard_task_runner.py:85} INFO - Job 115: Subtask dbt_task.model.jaffle_shop.stg_customers
[2023-06-20T11:10:15.418+0000] {task_command.py:410} INFO - Running <TaskInstance: airflow_dbt.dbt_task.model.jaffle_shop.stg_customers manual__2023-06-20T11:09:48.837968+00:00 [running]> on host ubuntu.thbnzb0d3dmuziyfg2t53bofqb.tx.internal.cloudapp.net
[2023-06-20T11:10:15.666+0000] {taskinstance.py:1545} INFO - Exporting env vars: AIRFLOW_CTX_DAG_OWNER='airflow' AIRFLOW_CTX_DAG_ID='airflow_dbt' AIRFLOW_CTX_TASK_ID='dbt_task.model.jaffle_shop.stg_customers' AIRFLOW_CTX_EXECUTION_DATE='2023-06-20T11:09:48.837968+00:00' AIRFLOW_CTX_TRY_NUMBER='1' AIRFLOW_CTX_DAG_RUN_ID='manual__2023-06-20T11:09:48.837968+00:00'
[2023-06-20T11:10:15.668+0000] {subprocess.py:63} INFO - Tmp dir root location: 
 /tmp
[2023-06-20T11:10:15.668+0000] {subprocess.py:75} INFO - Running command: ['/usr/bin/bash', '-c', 'cd /home/satyam/airflow/dags/dbt/ && dbt run --models stg_customers']
[2023-06-20T11:10:15.677+0000] {subprocess.py:86} INFO - Output:
[2023-06-20T11:10:18.176+0000] {subprocess.py:93} INFO - [0m11:10:18  Running with dbt=1.5.1
[2023-06-20T11:10:18.605+0000] {subprocess.py:93} INFO - [0m11:10:18  Found 5 models, 0 tests, 0 snapshots, 0 analyses, 321 macros, 0 operations, 0 seed files, 0 sources, 0 exposures, 0 metrics, 0 groups
[2023-06-20T11:10:18.607+0000] {subprocess.py:93} INFO - [0m11:10:18
[2023-06-20T11:10:20.202+0000] {subprocess.py:93} INFO - [0m11:10:20  Concurrency: 1 threads (target='dev')
[2023-06-20T11:10:20.202+0000] {subprocess.py:93} INFO - [0m11:10:20
[2023-06-20T11:10:20.208+0000] {subprocess.py:93} INFO - [0m11:10:20  1 of 1 START sql view model learn_dbt.stg_customers ............................ [RUN]
[2023-06-20T11:10:20.820+0000] {subprocess.py:93} INFO - [0m11:10:20  1 of 1 OK created sql view model learn_dbt.stg_customers ....................... [[32mSUCCESS 1[0m in 0.61s]
[2023-06-20T11:10:20.829+0000] {subprocess.py:93} INFO - [0m11:10:20
[2023-06-20T11:10:20.830+0000] {subprocess.py:93} INFO - [0m11:10:20  Finished running 1 view model in 0 hours 0 minutes and 2.22 seconds (2.22s).
[2023-06-20T11:10:20.847+0000] {subprocess.py:93} INFO - [0m11:10:20
[2023-06-20T11:10:20.848+0000] {subprocess.py:93} INFO - [0m11:10:20  [32mCompleted successfully[0m
[2023-06-20T11:10:20.849+0000] {subprocess.py:93} INFO - [0m11:10:20
[2023-06-20T11:10:20.850+0000] {subprocess.py:93} INFO - [0m11:10:20  Done. PASS=1 WARN=0 ERROR=0 SKIP=0 TOTAL=1
[2023-06-20T11:10:22.087+0000] {subprocess.py:97} INFO - Command exited with return code 0
[2023-06-20T11:10:22.122+0000] {taskinstance.py:1345} INFO - Marking task as SUCCESS. dag_id=airflow_dbt, task_id=dbt_task.model.jaffle_shop.stg_customers, execution_date=20230620T110948, start_date=20230620T111015, end_date=20230620T111022
[2023-06-20T11:10:22.160+0000] {local_task_job_runner.py:225} INFO - Task exited with return code 0
[2023-06-20T11:10:22.284+0000] {taskinstance.py:2651} INFO - 0 downstream tasks scheduled from follow-on schedule check
