[2023-06-15T09:27:45.343+0000] {taskinstance.py:1103} INFO - Dependencies all met for dep_context=non-requeueable deps ti=<TaskInstance: airflow_dbt.model.jaffle_shop.stg_payment manual__2023-06-15T09:27:34.111690+00:00 [queued]>
[2023-06-15T09:27:45.350+0000] {taskinstance.py:1103} INFO - Dependencies all met for dep_context=requeueable deps ti=<TaskInstance: airflow_dbt.model.jaffle_shop.stg_payment manual__2023-06-15T09:27:34.111690+00:00 [queued]>
[2023-06-15T09:27:45.351+0000] {taskinstance.py:1308} INFO - Starting attempt 1 of 1
[2023-06-15T09:27:45.374+0000] {taskinstance.py:1327} INFO - Executing <Task(BashOperator): model.jaffle_shop.stg_payment> on 2023-06-15 09:27:34.111690+00:00
[2023-06-15T09:27:45.377+0000] {standard_task_runner.py:57} INFO - Started process 48125 to run task
[2023-06-15T09:27:45.382+0000] {standard_task_runner.py:84} INFO - Running: ['airflow', 'tasks', 'run', 'airflow_dbt', 'model.jaffle_shop.stg_payment', 'manual__2023-06-15T09:27:34.111690+00:00', '--job-id', '53', '--raw', '--subdir', 'DAGS_FOLDER/dbt_dag.py', '--cfg-path', '/tmp/tmpa8064tp1']
[2023-06-15T09:27:45.382+0000] {standard_task_runner.py:85} INFO - Job 53: Subtask model.jaffle_shop.stg_payment
[2023-06-15T09:27:45.431+0000] {task_command.py:410} INFO - Running <TaskInstance: airflow_dbt.model.jaffle_shop.stg_payment manual__2023-06-15T09:27:34.111690+00:00 [running]> on host ubuntu.thbnzb0d3dmuziyfg2t53bofqb.tx.internal.cloudapp.net
[2023-06-15T09:27:45.505+0000] {taskinstance.py:1545} INFO - Exporting env vars: AIRFLOW_CTX_DAG_OWNER='airflow' AIRFLOW_CTX_DAG_ID='airflow_dbt' AIRFLOW_CTX_TASK_ID='model.jaffle_shop.stg_payment' AIRFLOW_CTX_EXECUTION_DATE='2023-06-15T09:27:34.111690+00:00' AIRFLOW_CTX_TRY_NUMBER='1' AIRFLOW_CTX_DAG_RUN_ID='manual__2023-06-15T09:27:34.111690+00:00'
[2023-06-15T09:27:45.507+0000] {subprocess.py:63} INFO - Tmp dir root location: 
 /tmp
[2023-06-15T09:27:45.507+0000] {subprocess.py:75} INFO - Running command: ['/usr/bin/bash', '-c', 'cd /home/satyam/airflow/dags/dbt/ && dbt run --models stg_payment']
[2023-06-15T09:27:45.517+0000] {subprocess.py:86} INFO - Output:
[2023-06-15T09:27:47.388+0000] {subprocess.py:93} INFO - [0m09:27:47  Running with dbt=1.5.1
[2023-06-15T09:27:47.734+0000] {subprocess.py:93} INFO - [0m09:27:47  Found 5 models, 0 tests, 0 snapshots, 0 analyses, 321 macros, 0 operations, 0 seed files, 0 sources, 0 exposures, 0 metrics, 0 groups
[2023-06-15T09:27:47.735+0000] {subprocess.py:93} INFO - [0m09:27:47  The selection criterion 'stg_payment' does not match any nodes
[2023-06-15T09:27:47.736+0000] {subprocess.py:93} INFO - [0m09:27:47
[2023-06-15T09:27:47.736+0000] {subprocess.py:93} INFO - [0m09:27:47  Nothing to do. Try checking your model configs and model specification args
[2023-06-15T09:27:49.007+0000] {subprocess.py:97} INFO - Command exited with return code 0
[2023-06-15T09:27:49.049+0000] {taskinstance.py:1345} INFO - Marking task as SUCCESS. dag_id=airflow_dbt, task_id=model.jaffle_shop.stg_payment, execution_date=20230615T092734, start_date=20230615T092745, end_date=20230615T092749
[2023-06-15T09:27:49.086+0000] {local_task_job_runner.py:225} INFO - Task exited with return code 0
[2023-06-15T09:27:49.105+0000] {taskinstance.py:2651} INFO - 1 downstream tasks scheduled from follow-on schedule check
