[2023-06-22T04:37:14.886+0000] {taskinstance.py:1103} INFO - Dependencies all met for dep_context=non-requeueable deps ti=<TaskInstance: airflow_dbt.dbt_task.model.development.fct_order_detail manual__2023-06-22T04:35:46.763656+00:00 [queued]>
[2023-06-22T04:37:14.893+0000] {taskinstance.py:1103} INFO - Dependencies all met for dep_context=requeueable deps ti=<TaskInstance: airflow_dbt.dbt_task.model.development.fct_order_detail manual__2023-06-22T04:35:46.763656+00:00 [queued]>
[2023-06-22T04:37:14.894+0000] {taskinstance.py:1308} INFO - Starting attempt 1 of 1
[2023-06-22T04:37:14.917+0000] {taskinstance.py:1327} INFO - Executing <Task(BashOperator): dbt_task.model.development.fct_order_detail> on 2023-06-22 04:35:46.763656+00:00
[2023-06-22T04:37:14.922+0000] {standard_task_runner.py:57} INFO - Started process 6199 to run task
[2023-06-22T04:37:14.929+0000] {standard_task_runner.py:84} INFO - Running: ['airflow', 'tasks', 'run', 'airflow_dbt', 'dbt_task.model.development.fct_order_detail', 'manual__2023-06-22T04:35:46.763656+00:00', '--job-id', '206', '--raw', '--subdir', 'DAGS_FOLDER/dbt_dag.py', '--cfg-path', '/tmp/tmpq2_uutyh']
[2023-06-22T04:37:14.930+0000] {standard_task_runner.py:85} INFO - Job 206: Subtask dbt_task.model.development.fct_order_detail
[2023-06-22T04:37:14.995+0000] {task_command.py:410} INFO - Running <TaskInstance: airflow_dbt.dbt_task.model.development.fct_order_detail manual__2023-06-22T04:35:46.763656+00:00 [running]> on host ubuntu.thbnzb0d3dmuziyfg2t53bofqb.tx.internal.cloudapp.net
[2023-06-22T04:37:15.288+0000] {taskinstance.py:1545} INFO - Exporting env vars: AIRFLOW_CTX_DAG_OWNER='airflow' AIRFLOW_CTX_DAG_ID='airflow_dbt' AIRFLOW_CTX_TASK_ID='dbt_task.model.development.fct_order_detail' AIRFLOW_CTX_EXECUTION_DATE='2023-06-22T04:35:46.763656+00:00' AIRFLOW_CTX_TRY_NUMBER='1' AIRFLOW_CTX_DAG_RUN_ID='manual__2023-06-22T04:35:46.763656+00:00'
[2023-06-22T04:37:15.291+0000] {subprocess.py:63} INFO - Tmp dir root location: 
 /tmp
[2023-06-22T04:37:15.291+0000] {subprocess.py:75} INFO - Running command: ['/usr/bin/bash', '-c', 'cd /home/satyam/airflow/dags/dbt/ && dbt run --models fct_order_detail']
[2023-06-22T04:37:15.301+0000] {subprocess.py:86} INFO - Output:
[2023-06-22T04:37:17.860+0000] {subprocess.py:93} INFO - [0m04:37:17  Running with dbt=1.5.1
[2023-06-22T04:37:18.300+0000] {subprocess.py:93} INFO - [0m04:37:18  [[33mWARNING[0m]: Configuration paths exist in your dbt_project.yml file which do not apply to any resources.
[2023-06-22T04:37:18.300+0000] {subprocess.py:93} INFO - There are 3 unused configuration paths:
[2023-06-22T04:37:18.301+0000] {subprocess.py:93} INFO - - models.development.intermediate
[2023-06-22T04:37:18.301+0000] {subprocess.py:93} INFO - - models.development.bronze
[2023-06-22T04:37:18.301+0000] {subprocess.py:93} INFO - - models.development.staging
[2023-06-22T04:37:18.319+0000] {subprocess.py:93} INFO - [0m04:37:18  Found 7 models, 0 tests, 0 snapshots, 0 analyses, 321 macros, 0 operations, 0 seed files, 4 sources, 0 exposures, 0 metrics, 0 groups
[2023-06-22T04:37:18.321+0000] {subprocess.py:93} INFO - [0m04:37:18
[2023-06-22T04:37:19.412+0000] {subprocess.py:93} INFO - [0m04:37:19  Concurrency: 1 threads (target='dev')
[2023-06-22T04:37:19.413+0000] {subprocess.py:93} INFO - [0m04:37:19
[2023-06-22T04:37:19.419+0000] {subprocess.py:93} INFO - [0m04:37:19  1 of 1 START sql view model final_sales.fct_order_detail ....................... [RUN]
[2023-06-22T04:37:20.119+0000] {subprocess.py:93} INFO - [0m04:37:20  1 of 1 OK created sql view model final_sales.fct_order_detail .................. [[32mSUCCESS 1[0m in 0.70s]
[2023-06-22T04:37:20.123+0000] {subprocess.py:93} INFO - [0m04:37:20
[2023-06-22T04:37:20.124+0000] {subprocess.py:93} INFO - [0m04:37:20  Finished running 1 view model in 0 hours 0 minutes and 1.80 seconds (1.80s).
[2023-06-22T04:37:20.134+0000] {subprocess.py:93} INFO - [0m04:37:20
[2023-06-22T04:37:20.135+0000] {subprocess.py:93} INFO - [0m04:37:20  [32mCompleted successfully[0m
[2023-06-22T04:37:20.136+0000] {subprocess.py:93} INFO - [0m04:37:20
[2023-06-22T04:37:20.137+0000] {subprocess.py:93} INFO - [0m04:37:20  Done. PASS=1 WARN=0 ERROR=0 SKIP=0 TOTAL=1
[2023-06-22T04:37:21.446+0000] {subprocess.py:97} INFO - Command exited with return code 0
[2023-06-22T04:37:21.480+0000] {taskinstance.py:1345} INFO - Marking task as SUCCESS. dag_id=airflow_dbt, task_id=dbt_task.model.development.fct_order_detail, execution_date=20230622T043546, start_date=20230622T043714, end_date=20230622T043721
[2023-06-22T04:37:21.550+0000] {local_task_job_runner.py:225} INFO - Task exited with return code 0
[2023-06-22T04:37:21.599+0000] {taskinstance.py:2651} INFO - 0 downstream tasks scheduled from follow-on schedule check
