[2023-06-20T20:36:36.757+0000] {taskinstance.py:1103} INFO - Dependencies all met for dep_context=non-requeueable deps ti=<TaskInstance: airflow_dbt.dbt_task.model.development.bronze_orders manual__2023-06-20T20:35:53.493417+00:00 [queued]>
[2023-06-20T20:36:36.764+0000] {taskinstance.py:1103} INFO - Dependencies all met for dep_context=requeueable deps ti=<TaskInstance: airflow_dbt.dbt_task.model.development.bronze_orders manual__2023-06-20T20:35:53.493417+00:00 [queued]>
[2023-06-20T20:36:36.765+0000] {taskinstance.py:1308} INFO - Starting attempt 1 of 1
[2023-06-20T20:36:36.788+0000] {taskinstance.py:1327} INFO - Executing <Task(BashOperator): dbt_task.model.development.bronze_orders> on 2023-06-20 20:35:53.493417+00:00
[2023-06-20T20:36:36.792+0000] {standard_task_runner.py:57} INFO - Started process 21930 to run task
[2023-06-20T20:36:36.797+0000] {standard_task_runner.py:84} INFO - Running: ['airflow', 'tasks', 'run', 'airflow_dbt', 'dbt_task.model.development.bronze_orders', 'manual__2023-06-20T20:35:53.493417+00:00', '--job-id', '186', '--raw', '--subdir', 'DAGS_FOLDER/dbt_dag.py', '--cfg-path', '/tmp/tmpwqlkzrsx']
[2023-06-20T20:36:36.797+0000] {standard_task_runner.py:85} INFO - Job 186: Subtask dbt_task.model.development.bronze_orders
[2023-06-20T20:36:36.849+0000] {task_command.py:410} INFO - Running <TaskInstance: airflow_dbt.dbt_task.model.development.bronze_orders manual__2023-06-20T20:35:53.493417+00:00 [running]> on host ubuntu.thbnzb0d3dmuziyfg2t53bofqb.tx.internal.cloudapp.net
[2023-06-20T20:36:37.053+0000] {taskinstance.py:1545} INFO - Exporting env vars: AIRFLOW_CTX_DAG_OWNER='airflow' AIRFLOW_CTX_DAG_ID='airflow_dbt' AIRFLOW_CTX_TASK_ID='dbt_task.model.development.bronze_orders' AIRFLOW_CTX_EXECUTION_DATE='2023-06-20T20:35:53.493417+00:00' AIRFLOW_CTX_TRY_NUMBER='1' AIRFLOW_CTX_DAG_RUN_ID='manual__2023-06-20T20:35:53.493417+00:00'
[2023-06-20T20:36:37.054+0000] {subprocess.py:63} INFO - Tmp dir root location: 
 /tmp
[2023-06-20T20:36:37.055+0000] {subprocess.py:75} INFO - Running command: ['/usr/bin/bash', '-c', 'cd /home/satyam/airflow/dags/dbt/ && dbt run --models bronze_orders']
[2023-06-20T20:36:37.062+0000] {subprocess.py:86} INFO - Output:
[2023-06-20T20:36:39.459+0000] {subprocess.py:93} INFO - [0m20:36:39  Running with dbt=1.5.1
[2023-06-20T20:36:39.833+0000] {subprocess.py:93} INFO - [0m20:36:39  [[33mWARNING[0m]: Configuration paths exist in your dbt_project.yml file which do not apply to any resources.
[2023-06-20T20:36:39.834+0000] {subprocess.py:93} INFO - There are 3 unused configuration paths:
[2023-06-20T20:36:39.834+0000] {subprocess.py:93} INFO - - models.development.intermediate
[2023-06-20T20:36:39.834+0000] {subprocess.py:93} INFO - - models.development.staging
[2023-06-20T20:36:39.834+0000] {subprocess.py:93} INFO - - models.development.bronze
[2023-06-20T20:36:39.851+0000] {subprocess.py:93} INFO - [0m20:36:39  Found 7 models, 0 tests, 0 snapshots, 0 analyses, 321 macros, 0 operations, 0 seed files, 4 sources, 0 exposures, 0 metrics, 0 groups
[2023-06-20T20:36:39.853+0000] {subprocess.py:93} INFO - [0m20:36:39
[2023-06-20T20:36:41.281+0000] {subprocess.py:93} INFO - [0m20:36:41  Concurrency: 1 threads (target='dev')
[2023-06-20T20:36:41.282+0000] {subprocess.py:93} INFO - [0m20:36:41
[2023-06-20T20:36:41.288+0000] {subprocess.py:93} INFO - [0m20:36:41  1 of 1 START sql view model final_sales.bronze_orders .......................... [RUN]
[2023-06-20T20:36:41.921+0000] {subprocess.py:93} INFO - [0m20:36:41  1 of 1 OK created sql view model final_sales.bronze_orders ..................... [[32mSUCCESS 1[0m in 0.63s]
[2023-06-20T20:36:41.925+0000] {subprocess.py:93} INFO - [0m20:36:41
[2023-06-20T20:36:41.926+0000] {subprocess.py:93} INFO - [0m20:36:41  Finished running 1 view model in 0 hours 0 minutes and 2.07 seconds (2.07s).
[2023-06-20T20:36:41.936+0000] {subprocess.py:93} INFO - [0m20:36:41
[2023-06-20T20:36:41.936+0000] {subprocess.py:93} INFO - [0m20:36:41  [32mCompleted successfully[0m
[2023-06-20T20:36:41.937+0000] {subprocess.py:93} INFO - [0m20:36:41
[2023-06-20T20:36:41.937+0000] {subprocess.py:93} INFO - [0m20:36:41  Done. PASS=1 WARN=0 ERROR=0 SKIP=0 TOTAL=1
[2023-06-20T20:36:43.077+0000] {subprocess.py:97} INFO - Command exited with return code 0
[2023-06-20T20:36:43.111+0000] {taskinstance.py:1345} INFO - Marking task as SUCCESS. dag_id=airflow_dbt, task_id=dbt_task.model.development.bronze_orders, execution_date=20230620T203553, start_date=20230620T203636, end_date=20230620T203643
[2023-06-20T20:36:43.140+0000] {local_task_job_runner.py:225} INFO - Task exited with return code 0
[2023-06-20T20:36:43.159+0000] {taskinstance.py:2651} INFO - 0 downstream tasks scheduled from follow-on schedule check
