[2023-06-23T14:52:54.054+0000] {taskinstance.py:1103} INFO - Dependencies all met for dep_context=non-requeueable deps ti=<TaskInstance: airflow_dbt.dbt_task.source.development.sales_stage.customers manual__2023-06-23T14:52:06.867856+00:00 [queued]>
[2023-06-23T14:52:54.063+0000] {taskinstance.py:1103} INFO - Dependencies all met for dep_context=requeueable deps ti=<TaskInstance: airflow_dbt.dbt_task.source.development.sales_stage.customers manual__2023-06-23T14:52:06.867856+00:00 [queued]>
[2023-06-23T14:52:54.064+0000] {taskinstance.py:1308} INFO - Starting attempt 1 of 1
[2023-06-23T14:52:54.110+0000] {taskinstance.py:1327} INFO - Executing <Task(BashOperator): dbt_task.source.development.sales_stage.customers> on 2023-06-23 14:52:06.867856+00:00
[2023-06-23T14:52:54.114+0000] {standard_task_runner.py:57} INFO - Started process 20713 to run task
[2023-06-23T14:52:54.123+0000] {standard_task_runner.py:84} INFO - Running: ['airflow', 'tasks', 'run', 'airflow_dbt', 'dbt_task.source.development.sales_stage.customers', 'manual__2023-06-23T14:52:06.867856+00:00', '--job-id', '255', '--raw', '--subdir', 'DAGS_FOLDER/dbt_dag.py', '--cfg-path', '/tmp/tmpdd_q3ot7']
[2023-06-23T14:52:54.124+0000] {standard_task_runner.py:85} INFO - Job 255: Subtask dbt_task.source.development.sales_stage.customers
[2023-06-23T14:52:54.195+0000] {task_command.py:410} INFO - Running <TaskInstance: airflow_dbt.dbt_task.source.development.sales_stage.customers manual__2023-06-23T14:52:06.867856+00:00 [running]> on host ubuntu.thbnzb0d3dmuziyfg2t53bofqb.tx.internal.cloudapp.net
[2023-06-23T14:52:54.681+0000] {taskinstance.py:1545} INFO - Exporting env vars: AIRFLOW_CTX_DAG_OWNER='airflow' AIRFLOW_CTX_DAG_ID='airflow_dbt' AIRFLOW_CTX_TASK_ID='dbt_task.source.development.sales_stage.customers' AIRFLOW_CTX_EXECUTION_DATE='2023-06-23T14:52:06.867856+00:00' AIRFLOW_CTX_TRY_NUMBER='1' AIRFLOW_CTX_DAG_RUN_ID='manual__2023-06-23T14:52:06.867856+00:00'
[2023-06-23T14:52:54.683+0000] {subprocess.py:63} INFO - Tmp dir root location: 
 /tmp
[2023-06-23T14:52:54.683+0000] {subprocess.py:75} INFO - Running command: ['/usr/bin/bash', '-c', "cd /home/satyam/airflow/dags/dbt/ && dbt run --models bronze_customers --vars '{'run_time_stamp': DateTime(2023, 6, 23, 0, 0, 0, tzinfo=Timezone('Etc/UTC'))}'"]
[2023-06-23T14:52:54.691+0000] {subprocess.py:86} INFO - Output:
[2023-06-23T14:52:57.595+0000] {subprocess.py:93} INFO - [0m14:52:57  Running with dbt=1.5.1
[2023-06-23T14:52:58.032+0000] {subprocess.py:93} INFO - [0m14:52:58  [[33mWARNING[0m]: Configuration paths exist in your dbt_project.yml file which do not apply to any resources.
[2023-06-23T14:52:58.032+0000] {subprocess.py:93} INFO - There are 3 unused configuration paths:
[2023-06-23T14:52:58.032+0000] {subprocess.py:93} INFO - - models.development.bronze
[2023-06-23T14:52:58.033+0000] {subprocess.py:93} INFO - - models.development.intermediate
[2023-06-23T14:52:58.033+0000] {subprocess.py:93} INFO - - models.development.staging
[2023-06-23T14:52:58.058+0000] {subprocess.py:93} INFO - [0m14:52:58  Found 7 models, 0 tests, 0 snapshots, 0 analyses, 321 macros, 0 operations, 0 seed files, 4 sources, 0 exposures, 0 metrics, 0 groups
[2023-06-23T14:52:58.061+0000] {subprocess.py:93} INFO - [0m14:52:58
[2023-06-23T14:52:59.276+0000] {subprocess.py:93} INFO - [0m14:52:59  Concurrency: 1 threads (target='dev')
[2023-06-23T14:52:59.277+0000] {subprocess.py:93} INFO - [0m14:52:59
[2023-06-23T14:52:59.285+0000] {subprocess.py:93} INFO - [0m14:52:59  1 of 1 START sql incremental model final_sales.bronze_customers ................ [RUN]
[2023-06-23T14:53:01.129+0000] {subprocess.py:93} INFO - [0m14:53:01  1 of 1 OK created sql incremental model final_sales.bronze_customers ........... [[32mSUCCESS 10[0m in 1.84s]
[2023-06-23T14:53:01.133+0000] {subprocess.py:93} INFO - [0m14:53:01
[2023-06-23T14:53:01.133+0000] {subprocess.py:93} INFO - [0m14:53:01  Finished running 1 incremental model in 0 hours 0 minutes and 3.07 seconds (3.07s).
[2023-06-23T14:53:01.146+0000] {subprocess.py:93} INFO - [0m14:53:01
[2023-06-23T14:53:01.147+0000] {subprocess.py:93} INFO - [0m14:53:01  [32mCompleted successfully[0m
[2023-06-23T14:53:01.147+0000] {subprocess.py:93} INFO - [0m14:53:01
[2023-06-23T14:53:01.148+0000] {subprocess.py:93} INFO - [0m14:53:01  Done. PASS=1 WARN=0 ERROR=0 SKIP=0 TOTAL=1
[2023-06-23T14:53:02.422+0000] {subprocess.py:97} INFO - Command exited with return code 0
[2023-06-23T14:53:02.456+0000] {taskinstance.py:1345} INFO - Marking task as SUCCESS. dag_id=airflow_dbt, task_id=dbt_task.source.development.sales_stage.customers, execution_date=20230623T145206, start_date=20230623T145254, end_date=20230623T145302
[2023-06-23T14:53:02.506+0000] {local_task_job_runner.py:225} INFO - Task exited with return code 0
[2023-06-23T14:53:02.660+0000] {taskinstance.py:2651} INFO - 1 downstream tasks scheduled from follow-on schedule check
