[2023-06-20T11:14:11.866+0000] {taskinstance.py:1103} INFO - Dependencies all met for dep_context=non-requeueable deps ti=<TaskInstance: airflow_dbt.dbt_task.model.jaffle_shop.stg_orders manual__2023-06-20T11:13:13.789844+00:00 [queued]>
[2023-06-20T11:14:11.873+0000] {taskinstance.py:1103} INFO - Dependencies all met for dep_context=requeueable deps ti=<TaskInstance: airflow_dbt.dbt_task.model.jaffle_shop.stg_orders manual__2023-06-20T11:13:13.789844+00:00 [queued]>
[2023-06-20T11:14:11.874+0000] {taskinstance.py:1308} INFO - Starting attempt 1 of 1
[2023-06-20T11:14:11.903+0000] {taskinstance.py:1327} INFO - Executing <Task(BashOperator): dbt_task.model.jaffle_shop.stg_orders> on 2023-06-20 11:13:13.789844+00:00
[2023-06-20T11:14:11.909+0000] {standard_task_runner.py:57} INFO - Started process 7832 to run task
[2023-06-20T11:14:11.914+0000] {standard_task_runner.py:84} INFO - Running: ['airflow', 'tasks', 'run', 'airflow_dbt', 'dbt_task.model.jaffle_shop.stg_orders', 'manual__2023-06-20T11:13:13.789844+00:00', '--job-id', '135', '--raw', '--subdir', 'DAGS_FOLDER/dbt_dag.py', '--cfg-path', '/tmp/tmp7sn1orlw']
[2023-06-20T11:14:11.915+0000] {standard_task_runner.py:85} INFO - Job 135: Subtask dbt_task.model.jaffle_shop.stg_orders
[2023-06-20T11:14:11.964+0000] {task_command.py:410} INFO - Running <TaskInstance: airflow_dbt.dbt_task.model.jaffle_shop.stg_orders manual__2023-06-20T11:13:13.789844+00:00 [running]> on host ubuntu.thbnzb0d3dmuziyfg2t53bofqb.tx.internal.cloudapp.net
[2023-06-20T11:14:12.206+0000] {taskinstance.py:1545} INFO - Exporting env vars: AIRFLOW_CTX_DAG_OWNER='airflow' AIRFLOW_CTX_DAG_ID='airflow_dbt' AIRFLOW_CTX_TASK_ID='dbt_task.model.jaffle_shop.stg_orders' AIRFLOW_CTX_EXECUTION_DATE='2023-06-20T11:13:13.789844+00:00' AIRFLOW_CTX_TRY_NUMBER='1' AIRFLOW_CTX_DAG_RUN_ID='manual__2023-06-20T11:13:13.789844+00:00'
[2023-06-20T11:14:12.207+0000] {subprocess.py:63} INFO - Tmp dir root location: 
 /tmp
[2023-06-20T11:14:12.208+0000] {subprocess.py:75} INFO - Running command: ['/usr/bin/bash', '-c', 'cd /home/satyam/airflow/dags/dbt/ && dbt run --models stg_orders']
[2023-06-20T11:14:12.216+0000] {subprocess.py:86} INFO - Output:
[2023-06-20T11:14:14.705+0000] {subprocess.py:93} INFO - [0m11:14:14  Running with dbt=1.5.1
[2023-06-20T11:14:15.110+0000] {subprocess.py:93} INFO - [0m11:14:15  Found 5 models, 0 tests, 0 snapshots, 0 analyses, 321 macros, 0 operations, 0 seed files, 0 sources, 0 exposures, 0 metrics, 0 groups
[2023-06-20T11:14:15.112+0000] {subprocess.py:93} INFO - [0m11:14:15
[2023-06-20T11:14:16.591+0000] {subprocess.py:93} INFO - [0m11:14:16  Concurrency: 1 threads (target='dev')
[2023-06-20T11:14:16.593+0000] {subprocess.py:93} INFO - [0m11:14:16
[2023-06-20T11:14:16.600+0000] {subprocess.py:93} INFO - [0m11:14:16  1 of 1 START sql view model learn_dbt.stg_orders ............................... [RUN]
[2023-06-20T11:14:17.200+0000] {subprocess.py:93} INFO - [0m11:14:17  1 of 1 OK created sql view model learn_dbt.stg_orders .......................... [[32mSUCCESS 1[0m in 0.60s]
[2023-06-20T11:14:17.209+0000] {subprocess.py:93} INFO - [0m11:14:17
[2023-06-20T11:14:17.209+0000] {subprocess.py:93} INFO - [0m11:14:17  Finished running 1 view model in 0 hours 0 minutes and 2.09 seconds (2.09s).
[2023-06-20T11:14:17.218+0000] {subprocess.py:93} INFO - [0m11:14:17
[2023-06-20T11:14:17.220+0000] {subprocess.py:93} INFO - [0m11:14:17  [32mCompleted successfully[0m
[2023-06-20T11:14:17.220+0000] {subprocess.py:93} INFO - [0m11:14:17
[2023-06-20T11:14:17.221+0000] {subprocess.py:93} INFO - [0m11:14:17  Done. PASS=1 WARN=0 ERROR=0 SKIP=0 TOTAL=1
[2023-06-20T11:14:18.577+0000] {subprocess.py:97} INFO - Command exited with return code 0
[2023-06-20T11:14:18.607+0000] {taskinstance.py:1345} INFO - Marking task as SUCCESS. dag_id=airflow_dbt, task_id=dbt_task.model.jaffle_shop.stg_orders, execution_date=20230620T111313, start_date=20230620T111411, end_date=20230620T111418
[2023-06-20T11:14:18.658+0000] {local_task_job_runner.py:225} INFO - Task exited with return code 0
[2023-06-20T11:14:18.829+0000] {taskinstance.py:2651} INFO - 0 downstream tasks scheduled from follow-on schedule check
