[2023-06-23T14:52:54.122+0000] {taskinstance.py:1103} INFO - Dependencies all met for dep_context=non-requeueable deps ti=<TaskInstance: airflow_dbt.dbt_task.model.development.bronze_products manual__2023-06-23T14:52:06.867856+00:00 [queued]>
[2023-06-23T14:52:54.130+0000] {taskinstance.py:1103} INFO - Dependencies all met for dep_context=requeueable deps ti=<TaskInstance: airflow_dbt.dbt_task.model.development.bronze_products manual__2023-06-23T14:52:06.867856+00:00 [queued]>
[2023-06-23T14:52:54.130+0000] {taskinstance.py:1308} INFO - Starting attempt 1 of 1
[2023-06-23T14:52:54.178+0000] {taskinstance.py:1327} INFO - Executing <Task(BashOperator): dbt_task.model.development.bronze_products> on 2023-06-23 14:52:06.867856+00:00
[2023-06-23T14:52:54.184+0000] {standard_task_runner.py:57} INFO - Started process 20714 to run task
[2023-06-23T14:52:54.193+0000] {standard_task_runner.py:84} INFO - Running: ['airflow', 'tasks', 'run', 'airflow_dbt', 'dbt_task.model.development.bronze_products', 'manual__2023-06-23T14:52:06.867856+00:00', '--job-id', '256', '--raw', '--subdir', 'DAGS_FOLDER/dbt_dag.py', '--cfg-path', '/tmp/tmplj3ob95f']
[2023-06-23T14:52:54.194+0000] {standard_task_runner.py:85} INFO - Job 256: Subtask dbt_task.model.development.bronze_products
[2023-06-23T14:52:54.258+0000] {task_command.py:410} INFO - Running <TaskInstance: airflow_dbt.dbt_task.model.development.bronze_products manual__2023-06-23T14:52:06.867856+00:00 [running]> on host ubuntu.thbnzb0d3dmuziyfg2t53bofqb.tx.internal.cloudapp.net
[2023-06-23T14:52:54.704+0000] {taskinstance.py:1545} INFO - Exporting env vars: AIRFLOW_CTX_DAG_OWNER='airflow' AIRFLOW_CTX_DAG_ID='airflow_dbt' AIRFLOW_CTX_TASK_ID='dbt_task.model.development.bronze_products' AIRFLOW_CTX_EXECUTION_DATE='2023-06-23T14:52:06.867856+00:00' AIRFLOW_CTX_TRY_NUMBER='1' AIRFLOW_CTX_DAG_RUN_ID='manual__2023-06-23T14:52:06.867856+00:00'
[2023-06-23T14:52:54.705+0000] {subprocess.py:63} INFO - Tmp dir root location: 
 /tmp
[2023-06-23T14:52:54.706+0000] {subprocess.py:75} INFO - Running command: ['/usr/bin/bash', '-c', "cd /home/satyam/airflow/dags/dbt/ && dbt run --models bronze_products --vars '{'run_time_stamp': DateTime(2023, 6, 23, 0, 0, 0, tzinfo=Timezone('Etc/UTC'))}'"]
[2023-06-23T14:52:54.714+0000] {subprocess.py:86} INFO - Output:
[2023-06-23T14:52:57.591+0000] {subprocess.py:93} INFO - [0m14:52:57  Running with dbt=1.5.1
[2023-06-23T14:52:58.037+0000] {subprocess.py:93} INFO - [0m14:52:58  [[33mWARNING[0m]: Configuration paths exist in your dbt_project.yml file which do not apply to any resources.
[2023-06-23T14:52:58.038+0000] {subprocess.py:93} INFO - There are 3 unused configuration paths:
[2023-06-23T14:52:58.038+0000] {subprocess.py:93} INFO - - models.development.staging
[2023-06-23T14:52:58.038+0000] {subprocess.py:93} INFO - - models.development.bronze
[2023-06-23T14:52:58.038+0000] {subprocess.py:93} INFO - - models.development.intermediate
[2023-06-23T14:52:58.063+0000] {subprocess.py:93} INFO - [0m14:52:58  Found 7 models, 0 tests, 0 snapshots, 0 analyses, 321 macros, 0 operations, 0 seed files, 4 sources, 0 exposures, 0 metrics, 0 groups
[2023-06-23T14:52:58.066+0000] {subprocess.py:93} INFO - [0m14:52:58
[2023-06-23T14:52:59.369+0000] {subprocess.py:93} INFO - [0m14:52:59  Concurrency: 1 threads (target='dev')
[2023-06-23T14:52:59.371+0000] {subprocess.py:93} INFO - [0m14:52:59
[2023-06-23T14:52:59.378+0000] {subprocess.py:93} INFO - [0m14:52:59  1 of 1 START sql incremental model final_sales.bronze_products ................. [RUN]
[2023-06-23T14:53:01.097+0000] {subprocess.py:93} INFO - [0m14:53:01  1 of 1 OK created sql incremental model final_sales.bronze_products ............ [[32mSUCCESS 10[0m in 1.72s]
[2023-06-23T14:53:01.101+0000] {subprocess.py:93} INFO - [0m14:53:01
[2023-06-23T14:53:01.102+0000] {subprocess.py:93} INFO - [0m14:53:01  Finished running 1 incremental model in 0 hours 0 minutes and 3.03 seconds (3.03s).
[2023-06-23T14:53:01.113+0000] {subprocess.py:93} INFO - [0m14:53:01
[2023-06-23T14:53:01.114+0000] {subprocess.py:93} INFO - [0m14:53:01  [32mCompleted successfully[0m
[2023-06-23T14:53:01.114+0000] {subprocess.py:93} INFO - [0m14:53:01
[2023-06-23T14:53:01.115+0000] {subprocess.py:93} INFO - [0m14:53:01  Done. PASS=1 WARN=0 ERROR=0 SKIP=0 TOTAL=1
[2023-06-23T14:53:02.342+0000] {subprocess.py:97} INFO - Command exited with return code 0
[2023-06-23T14:53:02.379+0000] {taskinstance.py:1345} INFO - Marking task as SUCCESS. dag_id=airflow_dbt, task_id=dbt_task.model.development.bronze_products, execution_date=20230623T145206, start_date=20230623T145254, end_date=20230623T145302
[2023-06-23T14:53:02.426+0000] {local_task_job_runner.py:225} INFO - Task exited with return code 0
[2023-06-23T14:53:02.490+0000] {taskinstance.py:2651} INFO - 1 downstream tasks scheduled from follow-on schedule check
