[2023-06-15T06:19:48.755+0000] {taskinstance.py:1103} INFO - Dependencies all met for dep_context=non-requeueable deps ti=<TaskInstance: airflow_dbt.model.jaffle_shop.fact_orders manual__2023-06-15T06:19:24.695392+00:00 [queued]>
[2023-06-15T06:19:48.760+0000] {taskinstance.py:1103} INFO - Dependencies all met for dep_context=requeueable deps ti=<TaskInstance: airflow_dbt.model.jaffle_shop.fact_orders manual__2023-06-15T06:19:24.695392+00:00 [queued]>
[2023-06-15T06:19:48.760+0000] {taskinstance.py:1308} INFO - Starting attempt 1 of 1
[2023-06-15T06:19:48.781+0000] {taskinstance.py:1327} INFO - Executing <Task(BashOperator): model.jaffle_shop.fact_orders> on 2023-06-15 06:19:24.695392+00:00
[2023-06-15T06:19:48.784+0000] {standard_task_runner.py:57} INFO - Started process 10700 to run task
[2023-06-15T06:19:48.788+0000] {standard_task_runner.py:84} INFO - Running: ['airflow', 'tasks', 'run', 'airflow_dbt', 'model.jaffle_shop.fact_orders', 'manual__2023-06-15T06:19:24.695392+00:00', '--job-id', '37', '--raw', '--subdir', 'DAGS_FOLDER/dbt_dag.py', '--cfg-path', '/tmp/tmptozcw2kd']
[2023-06-15T06:19:48.789+0000] {standard_task_runner.py:85} INFO - Job 37: Subtask model.jaffle_shop.fact_orders
[2023-06-15T06:19:48.835+0000] {task_command.py:410} INFO - Running <TaskInstance: airflow_dbt.model.jaffle_shop.fact_orders manual__2023-06-15T06:19:24.695392+00:00 [running]> on host ubuntu.thbnzb0d3dmuziyfg2t53bofqb.tx.internal.cloudapp.net
[2023-06-15T06:19:48.900+0000] {taskinstance.py:1545} INFO - Exporting env vars: AIRFLOW_CTX_DAG_OWNER='airflow' AIRFLOW_CTX_DAG_ID='airflow_dbt' AIRFLOW_CTX_TASK_ID='model.jaffle_shop.fact_orders' AIRFLOW_CTX_EXECUTION_DATE='2023-06-15T06:19:24.695392+00:00' AIRFLOW_CTX_TRY_NUMBER='1' AIRFLOW_CTX_DAG_RUN_ID='manual__2023-06-15T06:19:24.695392+00:00'
[2023-06-15T06:19:48.902+0000] {subprocess.py:63} INFO - Tmp dir root location: 
 /tmp
[2023-06-15T06:19:48.902+0000] {subprocess.py:75} INFO - Running command: ['/usr/bin/bash', '-c', 'cd /home/satyam/airflow/dags/dbt/ && dbt run --models fact_orders']
[2023-06-15T06:19:48.910+0000] {subprocess.py:86} INFO - Output:
[2023-06-15T06:19:50.743+0000] {subprocess.py:93} INFO - [0m06:19:50  Running with dbt=1.5.1
[2023-06-15T06:19:51.077+0000] {subprocess.py:93} INFO - [0m06:19:51  Found 5 models, 0 tests, 0 snapshots, 0 analyses, 321 macros, 0 operations, 0 seed files, 0 sources, 0 exposures, 0 metrics, 0 groups
[2023-06-15T06:19:51.079+0000] {subprocess.py:93} INFO - [0m06:19:51
[2023-06-15T06:19:52.149+0000] {subprocess.py:93} INFO - [0m06:19:52  Concurrency: 1 threads (target='dev')
[2023-06-15T06:19:52.150+0000] {subprocess.py:93} INFO - [0m06:19:52
[2023-06-15T06:19:52.166+0000] {subprocess.py:93} INFO - [0m06:19:52  1 of 1 START sql table model learn_dbt.fact_orders ............................. [RUN]
[2023-06-15T06:19:54.065+0000] {subprocess.py:93} INFO - [0m06:19:54  1 of 1 OK created sql table model learn_dbt.fact_orders ........................ [[32mSUCCESS 1[0m in 1.90s]
[2023-06-15T06:19:54.068+0000] {subprocess.py:93} INFO - [0m06:19:54
[2023-06-15T06:19:54.069+0000] {subprocess.py:93} INFO - [0m06:19:54  Finished running 1 table model in 0 hours 0 minutes and 2.99 seconds (2.99s).
[2023-06-15T06:19:54.078+0000] {subprocess.py:93} INFO - [0m06:19:54
[2023-06-15T06:19:54.079+0000] {subprocess.py:93} INFO - [0m06:19:54  [32mCompleted successfully[0m
[2023-06-15T06:19:54.079+0000] {subprocess.py:93} INFO - [0m06:19:54
[2023-06-15T06:19:54.079+0000] {subprocess.py:93} INFO - [0m06:19:54  Done. PASS=1 WARN=0 ERROR=0 SKIP=0 TOTAL=1
[2023-06-15T06:19:55.348+0000] {subprocess.py:97} INFO - Command exited with return code 0
[2023-06-15T06:19:55.379+0000] {taskinstance.py:1345} INFO - Marking task as SUCCESS. dag_id=airflow_dbt, task_id=model.jaffle_shop.fact_orders, execution_date=20230615T061924, start_date=20230615T061948, end_date=20230615T061955
[2023-06-15T06:19:55.407+0000] {local_task_job_runner.py:225} INFO - Task exited with return code 0
[2023-06-15T06:19:55.419+0000] {taskinstance.py:2651} INFO - 1 downstream tasks scheduled from follow-on schedule check
