[2023-06-20T20:36:45.816+0000] {taskinstance.py:1103} INFO - Dependencies all met for dep_context=non-requeueable deps ti=<TaskInstance: airflow_dbt.dbt_task.model.development.bronze_payments manual__2023-06-20T20:35:53.493417+00:00 [queued]>
[2023-06-20T20:36:45.823+0000] {taskinstance.py:1103} INFO - Dependencies all met for dep_context=requeueable deps ti=<TaskInstance: airflow_dbt.dbt_task.model.development.bronze_payments manual__2023-06-20T20:35:53.493417+00:00 [queued]>
[2023-06-20T20:36:45.824+0000] {taskinstance.py:1308} INFO - Starting attempt 1 of 1
[2023-06-20T20:36:45.851+0000] {taskinstance.py:1327} INFO - Executing <Task(BashOperator): dbt_task.model.development.bronze_payments> on 2023-06-20 20:35:53.493417+00:00
[2023-06-20T20:36:45.855+0000] {standard_task_runner.py:57} INFO - Started process 22039 to run task
[2023-06-20T20:36:45.859+0000] {standard_task_runner.py:84} INFO - Running: ['airflow', 'tasks', 'run', 'airflow_dbt', 'dbt_task.model.development.bronze_payments', 'manual__2023-06-20T20:35:53.493417+00:00', '--job-id', '187', '--raw', '--subdir', 'DAGS_FOLDER/dbt_dag.py', '--cfg-path', '/tmp/tmpp5tmybfi']
[2023-06-20T20:36:45.859+0000] {standard_task_runner.py:85} INFO - Job 187: Subtask dbt_task.model.development.bronze_payments
[2023-06-20T20:36:45.911+0000] {task_command.py:410} INFO - Running <TaskInstance: airflow_dbt.dbt_task.model.development.bronze_payments manual__2023-06-20T20:35:53.493417+00:00 [running]> on host ubuntu.thbnzb0d3dmuziyfg2t53bofqb.tx.internal.cloudapp.net
[2023-06-20T20:36:46.135+0000] {taskinstance.py:1545} INFO - Exporting env vars: AIRFLOW_CTX_DAG_OWNER='airflow' AIRFLOW_CTX_DAG_ID='airflow_dbt' AIRFLOW_CTX_TASK_ID='dbt_task.model.development.bronze_payments' AIRFLOW_CTX_EXECUTION_DATE='2023-06-20T20:35:53.493417+00:00' AIRFLOW_CTX_TRY_NUMBER='1' AIRFLOW_CTX_DAG_RUN_ID='manual__2023-06-20T20:35:53.493417+00:00'
[2023-06-20T20:36:46.137+0000] {subprocess.py:63} INFO - Tmp dir root location: 
 /tmp
[2023-06-20T20:36:46.137+0000] {subprocess.py:75} INFO - Running command: ['/usr/bin/bash', '-c', 'cd /home/satyam/airflow/dags/dbt/ && dbt run --models bronze_payments']
[2023-06-20T20:36:46.144+0000] {subprocess.py:86} INFO - Output:
[2023-06-20T20:36:48.542+0000] {subprocess.py:93} INFO - [0m20:36:48  Running with dbt=1.5.1
[2023-06-20T20:36:48.906+0000] {subprocess.py:93} INFO - [0m20:36:48  [[33mWARNING[0m]: Configuration paths exist in your dbt_project.yml file which do not apply to any resources.
[2023-06-20T20:36:48.906+0000] {subprocess.py:93} INFO - There are 3 unused configuration paths:
[2023-06-20T20:36:48.906+0000] {subprocess.py:93} INFO - - models.development.staging
[2023-06-20T20:36:48.906+0000] {subprocess.py:93} INFO - - models.development.bronze
[2023-06-20T20:36:48.906+0000] {subprocess.py:93} INFO - - models.development.intermediate
[2023-06-20T20:36:48.923+0000] {subprocess.py:93} INFO - [0m20:36:48  Found 7 models, 0 tests, 0 snapshots, 0 analyses, 321 macros, 0 operations, 0 seed files, 4 sources, 0 exposures, 0 metrics, 0 groups
[2023-06-20T20:36:48.925+0000] {subprocess.py:93} INFO - [0m20:36:48
[2023-06-20T20:36:49.924+0000] {subprocess.py:93} INFO - [0m20:36:49  Concurrency: 1 threads (target='dev')
[2023-06-20T20:36:49.925+0000] {subprocess.py:93} INFO - [0m20:36:49
[2023-06-20T20:36:49.935+0000] {subprocess.py:93} INFO - [0m20:36:49  1 of 1 START sql view model final_sales.bronze_payments ........................ [RUN]
[2023-06-20T20:36:50.493+0000] {subprocess.py:93} INFO - [0m20:36:50  1 of 1 OK created sql view model final_sales.bronze_payments ................... [[32mSUCCESS 1[0m in 0.56s]
[2023-06-20T20:36:50.497+0000] {subprocess.py:93} INFO - [0m20:36:50
[2023-06-20T20:36:50.498+0000] {subprocess.py:93} INFO - [0m20:36:50  Finished running 1 view model in 0 hours 0 minutes and 1.57 seconds (1.57s).
[2023-06-20T20:36:50.508+0000] {subprocess.py:93} INFO - [0m20:36:50
[2023-06-20T20:36:50.509+0000] {subprocess.py:93} INFO - [0m20:36:50  [32mCompleted successfully[0m
[2023-06-20T20:36:50.509+0000] {subprocess.py:93} INFO - [0m20:36:50
[2023-06-20T20:36:50.510+0000] {subprocess.py:93} INFO - [0m20:36:50  Done. PASS=1 WARN=0 ERROR=0 SKIP=0 TOTAL=1
[2023-06-20T20:36:51.674+0000] {subprocess.py:97} INFO - Command exited with return code 0
[2023-06-20T20:36:51.709+0000] {taskinstance.py:1345} INFO - Marking task as SUCCESS. dag_id=airflow_dbt, task_id=dbt_task.model.development.bronze_payments, execution_date=20230620T203553, start_date=20230620T203645, end_date=20230620T203651
[2023-06-20T20:36:51.755+0000] {local_task_job_runner.py:225} INFO - Task exited with return code 0
[2023-06-20T20:36:51.776+0000] {taskinstance.py:2651} INFO - 1 downstream tasks scheduled from follow-on schedule check
