[2023-06-14T14:16:57.817+0000] {processor.py:157} INFO - Started process (PID=1931) to work on /usr/local/lib/python3.8/dist-packages/airflow/example_dags/plugins/event_listener.py
[2023-06-14T14:16:57.818+0000] {processor.py:826} INFO - Processing file /usr/local/lib/python3.8/dist-packages/airflow/example_dags/plugins/event_listener.py for tasks to queue
[2023-06-14T14:16:57.820+0000] {logging_mixin.py:149} INFO - [2023-06-14T14:16:57.820+0000] {dagbag.py:541} INFO - Filling up the DagBag from /usr/local/lib/python3.8/dist-packages/airflow/example_dags/plugins/event_listener.py
[2023-06-14T14:16:57.822+0000] {processor.py:838} WARNING - No viable dags retrieved from /usr/local/lib/python3.8/dist-packages/airflow/example_dags/plugins/event_listener.py
[2023-06-14T14:16:57.833+0000] {processor.py:179} INFO - Processing /usr/local/lib/python3.8/dist-packages/airflow/example_dags/plugins/event_listener.py took 0.020 seconds
[2023-06-14T14:19:20.599+0000] {processor.py:157} INFO - Started process (PID=4124) to work on /usr/local/lib/python3.8/dist-packages/airflow/example_dags/plugins/event_listener.py
[2023-06-14T14:19:20.602+0000] {processor.py:826} INFO - Processing file /usr/local/lib/python3.8/dist-packages/airflow/example_dags/plugins/event_listener.py for tasks to queue
[2023-06-14T14:19:20.604+0000] {logging_mixin.py:149} INFO - [2023-06-14T14:19:20.604+0000] {dagbag.py:541} INFO - Filling up the DagBag from /usr/local/lib/python3.8/dist-packages/airflow/example_dags/plugins/event_listener.py
[2023-06-14T14:19:20.610+0000] {processor.py:838} WARNING - No viable dags retrieved from /usr/local/lib/python3.8/dist-packages/airflow/example_dags/plugins/event_listener.py
[2023-06-14T14:19:20.645+0000] {processor.py:179} INFO - Processing /usr/local/lib/python3.8/dist-packages/airflow/example_dags/plugins/event_listener.py took 0.050 seconds
[2023-06-14T14:20:09.386+0000] {processor.py:157} INFO - Started process (PID=4275) to work on /usr/local/lib/python3.8/dist-packages/airflow/example_dags/plugins/event_listener.py
[2023-06-14T14:20:09.389+0000] {processor.py:826} INFO - Processing file /usr/local/lib/python3.8/dist-packages/airflow/example_dags/plugins/event_listener.py for tasks to queue
[2023-06-14T14:20:09.391+0000] {logging_mixin.py:149} INFO - [2023-06-14T14:20:09.391+0000] {dagbag.py:541} INFO - Filling up the DagBag from /usr/local/lib/python3.8/dist-packages/airflow/example_dags/plugins/event_listener.py
[2023-06-14T14:20:09.394+0000] {processor.py:838} WARNING - No viable dags retrieved from /usr/local/lib/python3.8/dist-packages/airflow/example_dags/plugins/event_listener.py
[2023-06-14T14:20:09.407+0000] {processor.py:179} INFO - Processing /usr/local/lib/python3.8/dist-packages/airflow/example_dags/plugins/event_listener.py took 0.025 seconds
[2023-06-14T14:20:57.210+0000] {processor.py:157} INFO - Started process (PID=4425) to work on /usr/local/lib/python3.8/dist-packages/airflow/example_dags/plugins/event_listener.py
[2023-06-14T14:20:57.211+0000] {processor.py:826} INFO - Processing file /usr/local/lib/python3.8/dist-packages/airflow/example_dags/plugins/event_listener.py for tasks to queue
[2023-06-14T14:20:57.218+0000] {logging_mixin.py:149} INFO - [2023-06-14T14:20:57.217+0000] {dagbag.py:541} INFO - Filling up the DagBag from /usr/local/lib/python3.8/dist-packages/airflow/example_dags/plugins/event_listener.py
[2023-06-14T14:20:57.220+0000] {processor.py:838} WARNING - No viable dags retrieved from /usr/local/lib/python3.8/dist-packages/airflow/example_dags/plugins/event_listener.py
[2023-06-14T14:20:57.232+0000] {processor.py:179} INFO - Processing /usr/local/lib/python3.8/dist-packages/airflow/example_dags/plugins/event_listener.py took 0.027 seconds
[2023-06-14T14:21:50.332+0000] {processor.py:157} INFO - Started process (PID=4518) to work on /usr/local/lib/python3.8/dist-packages/airflow/example_dags/plugins/event_listener.py
[2023-06-14T14:21:50.333+0000] {processor.py:826} INFO - Processing file /usr/local/lib/python3.8/dist-packages/airflow/example_dags/plugins/event_listener.py for tasks to queue
[2023-06-14T14:21:50.335+0000] {logging_mixin.py:149} INFO - [2023-06-14T14:21:50.335+0000] {dagbag.py:541} INFO - Filling up the DagBag from /usr/local/lib/python3.8/dist-packages/airflow/example_dags/plugins/event_listener.py
[2023-06-14T14:21:50.337+0000] {processor.py:838} WARNING - No viable dags retrieved from /usr/local/lib/python3.8/dist-packages/airflow/example_dags/plugins/event_listener.py
[2023-06-14T14:21:50.349+0000] {processor.py:179} INFO - Processing /usr/local/lib/python3.8/dist-packages/airflow/example_dags/plugins/event_listener.py took 0.021 seconds
[2023-06-14T14:22:43.795+0000] {processor.py:157} INFO - Started process (PID=4640) to work on /usr/local/lib/python3.8/dist-packages/airflow/example_dags/plugins/event_listener.py
[2023-06-14T14:22:43.796+0000] {processor.py:826} INFO - Processing file /usr/local/lib/python3.8/dist-packages/airflow/example_dags/plugins/event_listener.py for tasks to queue
[2023-06-14T14:22:43.798+0000] {logging_mixin.py:149} INFO - [2023-06-14T14:22:43.798+0000] {dagbag.py:541} INFO - Filling up the DagBag from /usr/local/lib/python3.8/dist-packages/airflow/example_dags/plugins/event_listener.py
[2023-06-14T14:22:43.800+0000] {processor.py:838} WARNING - No viable dags retrieved from /usr/local/lib/python3.8/dist-packages/airflow/example_dags/plugins/event_listener.py
[2023-06-14T14:22:43.812+0000] {processor.py:179} INFO - Processing /usr/local/lib/python3.8/dist-packages/airflow/example_dags/plugins/event_listener.py took 0.022 seconds
[2023-06-14T14:23:31.251+0000] {processor.py:157} INFO - Started process (PID=4794) to work on /usr/local/lib/python3.8/dist-packages/airflow/example_dags/plugins/event_listener.py
[2023-06-14T14:23:31.253+0000] {processor.py:826} INFO - Processing file /usr/local/lib/python3.8/dist-packages/airflow/example_dags/plugins/event_listener.py for tasks to queue
[2023-06-14T14:23:31.255+0000] {logging_mixin.py:149} INFO - [2023-06-14T14:23:31.255+0000] {dagbag.py:541} INFO - Filling up the DagBag from /usr/local/lib/python3.8/dist-packages/airflow/example_dags/plugins/event_listener.py
[2023-06-14T14:23:31.257+0000] {processor.py:838} WARNING - No viable dags retrieved from /usr/local/lib/python3.8/dist-packages/airflow/example_dags/plugins/event_listener.py
[2023-06-14T14:23:31.270+0000] {processor.py:179} INFO - Processing /usr/local/lib/python3.8/dist-packages/airflow/example_dags/plugins/event_listener.py took 0.022 seconds
[2023-06-14T14:24:23.243+0000] {processor.py:157} INFO - Started process (PID=5052) to work on /usr/local/lib/python3.8/dist-packages/airflow/example_dags/plugins/event_listener.py
[2023-06-14T14:24:23.244+0000] {processor.py:826} INFO - Processing file /usr/local/lib/python3.8/dist-packages/airflow/example_dags/plugins/event_listener.py for tasks to queue
[2023-06-14T14:24:23.247+0000] {logging_mixin.py:149} INFO - [2023-06-14T14:24:23.247+0000] {dagbag.py:541} INFO - Filling up the DagBag from /usr/local/lib/python3.8/dist-packages/airflow/example_dags/plugins/event_listener.py
[2023-06-14T14:24:23.249+0000] {processor.py:838} WARNING - No viable dags retrieved from /usr/local/lib/python3.8/dist-packages/airflow/example_dags/plugins/event_listener.py
[2023-06-14T14:24:23.261+0000] {processor.py:179} INFO - Processing /usr/local/lib/python3.8/dist-packages/airflow/example_dags/plugins/event_listener.py took 0.022 seconds
[2023-06-14T14:25:13.327+0000] {processor.py:157} INFO - Started process (PID=5207) to work on /usr/local/lib/python3.8/dist-packages/airflow/example_dags/plugins/event_listener.py
[2023-06-14T14:25:13.329+0000] {processor.py:826} INFO - Processing file /usr/local/lib/python3.8/dist-packages/airflow/example_dags/plugins/event_listener.py for tasks to queue
[2023-06-14T14:25:13.331+0000] {logging_mixin.py:149} INFO - [2023-06-14T14:25:13.331+0000] {dagbag.py:541} INFO - Filling up the DagBag from /usr/local/lib/python3.8/dist-packages/airflow/example_dags/plugins/event_listener.py
[2023-06-14T14:25:13.333+0000] {processor.py:838} WARNING - No viable dags retrieved from /usr/local/lib/python3.8/dist-packages/airflow/example_dags/plugins/event_listener.py
[2023-06-14T14:25:13.345+0000] {processor.py:179} INFO - Processing /usr/local/lib/python3.8/dist-packages/airflow/example_dags/plugins/event_listener.py took 0.021 seconds
[2023-06-14T14:26:03.554+0000] {processor.py:157} INFO - Started process (PID=5360) to work on /usr/local/lib/python3.8/dist-packages/airflow/example_dags/plugins/event_listener.py
[2023-06-14T14:26:03.555+0000] {processor.py:826} INFO - Processing file /usr/local/lib/python3.8/dist-packages/airflow/example_dags/plugins/event_listener.py for tasks to queue
[2023-06-14T14:26:03.558+0000] {logging_mixin.py:149} INFO - [2023-06-14T14:26:03.558+0000] {dagbag.py:541} INFO - Filling up the DagBag from /usr/local/lib/python3.8/dist-packages/airflow/example_dags/plugins/event_listener.py
[2023-06-14T14:26:03.560+0000] {processor.py:838} WARNING - No viable dags retrieved from /usr/local/lib/python3.8/dist-packages/airflow/example_dags/plugins/event_listener.py
[2023-06-14T14:26:03.572+0000] {processor.py:179} INFO - Processing /usr/local/lib/python3.8/dist-packages/airflow/example_dags/plugins/event_listener.py took 0.021 seconds
[2023-06-14T14:26:54.809+0000] {processor.py:157} INFO - Started process (PID=5517) to work on /usr/local/lib/python3.8/dist-packages/airflow/example_dags/plugins/event_listener.py
[2023-06-14T14:26:54.811+0000] {processor.py:826} INFO - Processing file /usr/local/lib/python3.8/dist-packages/airflow/example_dags/plugins/event_listener.py for tasks to queue
[2023-06-14T14:26:54.813+0000] {logging_mixin.py:149} INFO - [2023-06-14T14:26:54.813+0000] {dagbag.py:541} INFO - Filling up the DagBag from /usr/local/lib/python3.8/dist-packages/airflow/example_dags/plugins/event_listener.py
[2023-06-14T14:26:54.815+0000] {processor.py:838} WARNING - No viable dags retrieved from /usr/local/lib/python3.8/dist-packages/airflow/example_dags/plugins/event_listener.py
[2023-06-14T14:26:54.826+0000] {processor.py:179} INFO - Processing /usr/local/lib/python3.8/dist-packages/airflow/example_dags/plugins/event_listener.py took 0.021 seconds
[2023-06-14T14:27:47.073+0000] {processor.py:157} INFO - Started process (PID=5574) to work on /usr/local/lib/python3.8/dist-packages/airflow/example_dags/plugins/event_listener.py
[2023-06-14T14:27:47.074+0000] {processor.py:826} INFO - Processing file /usr/local/lib/python3.8/dist-packages/airflow/example_dags/plugins/event_listener.py for tasks to queue
[2023-06-14T14:27:47.077+0000] {logging_mixin.py:149} INFO - [2023-06-14T14:27:47.077+0000] {dagbag.py:541} INFO - Filling up the DagBag from /usr/local/lib/python3.8/dist-packages/airflow/example_dags/plugins/event_listener.py
[2023-06-14T14:27:47.079+0000] {processor.py:838} WARNING - No viable dags retrieved from /usr/local/lib/python3.8/dist-packages/airflow/example_dags/plugins/event_listener.py
[2023-06-14T14:27:47.090+0000] {processor.py:179} INFO - Processing /usr/local/lib/python3.8/dist-packages/airflow/example_dags/plugins/event_listener.py took 0.021 seconds
[2023-06-14T14:28:42.050+0000] {processor.py:157} INFO - Started process (PID=5732) to work on /usr/local/lib/python3.8/dist-packages/airflow/example_dags/plugins/event_listener.py
[2023-06-14T14:28:42.051+0000] {processor.py:826} INFO - Processing file /usr/local/lib/python3.8/dist-packages/airflow/example_dags/plugins/event_listener.py for tasks to queue
[2023-06-14T14:28:42.053+0000] {logging_mixin.py:149} INFO - [2023-06-14T14:28:42.053+0000] {dagbag.py:541} INFO - Filling up the DagBag from /usr/local/lib/python3.8/dist-packages/airflow/example_dags/plugins/event_listener.py
[2023-06-14T14:28:42.055+0000] {processor.py:838} WARNING - No viable dags retrieved from /usr/local/lib/python3.8/dist-packages/airflow/example_dags/plugins/event_listener.py
[2023-06-14T14:28:42.067+0000] {processor.py:179} INFO - Processing /usr/local/lib/python3.8/dist-packages/airflow/example_dags/plugins/event_listener.py took 0.021 seconds
[2023-06-14T14:29:30.072+0000] {processor.py:157} INFO - Started process (PID=5990) to work on /usr/local/lib/python3.8/dist-packages/airflow/example_dags/plugins/event_listener.py
[2023-06-14T14:29:30.074+0000] {processor.py:826} INFO - Processing file /usr/local/lib/python3.8/dist-packages/airflow/example_dags/plugins/event_listener.py for tasks to queue
[2023-06-14T14:29:30.076+0000] {logging_mixin.py:149} INFO - [2023-06-14T14:29:30.076+0000] {dagbag.py:541} INFO - Filling up the DagBag from /usr/local/lib/python3.8/dist-packages/airflow/example_dags/plugins/event_listener.py
[2023-06-14T14:29:30.078+0000] {processor.py:838} WARNING - No viable dags retrieved from /usr/local/lib/python3.8/dist-packages/airflow/example_dags/plugins/event_listener.py
[2023-06-14T14:29:30.090+0000] {processor.py:179} INFO - Processing /usr/local/lib/python3.8/dist-packages/airflow/example_dags/plugins/event_listener.py took 0.022 seconds
[2023-06-14T14:30:26.860+0000] {processor.py:157} INFO - Started process (PID=6148) to work on /usr/local/lib/python3.8/dist-packages/airflow/example_dags/plugins/event_listener.py
[2023-06-14T14:30:26.862+0000] {processor.py:826} INFO - Processing file /usr/local/lib/python3.8/dist-packages/airflow/example_dags/plugins/event_listener.py for tasks to queue
[2023-06-14T14:30:26.865+0000] {logging_mixin.py:149} INFO - [2023-06-14T14:30:26.865+0000] {dagbag.py:541} INFO - Filling up the DagBag from /usr/local/lib/python3.8/dist-packages/airflow/example_dags/plugins/event_listener.py
[2023-06-14T14:30:26.869+0000] {processor.py:838} WARNING - No viable dags retrieved from /usr/local/lib/python3.8/dist-packages/airflow/example_dags/plugins/event_listener.py
[2023-06-14T14:30:26.883+0000] {processor.py:179} INFO - Processing /usr/local/lib/python3.8/dist-packages/airflow/example_dags/plugins/event_listener.py took 0.028 seconds
[2023-06-14T14:31:20.132+0000] {processor.py:157} INFO - Started process (PID=6305) to work on /usr/local/lib/python3.8/dist-packages/airflow/example_dags/plugins/event_listener.py
[2023-06-14T14:31:20.134+0000] {processor.py:826} INFO - Processing file /usr/local/lib/python3.8/dist-packages/airflow/example_dags/plugins/event_listener.py for tasks to queue
[2023-06-14T14:31:20.136+0000] {logging_mixin.py:149} INFO - [2023-06-14T14:31:20.136+0000] {dagbag.py:541} INFO - Filling up the DagBag from /usr/local/lib/python3.8/dist-packages/airflow/example_dags/plugins/event_listener.py
[2023-06-14T14:31:20.138+0000] {processor.py:838} WARNING - No viable dags retrieved from /usr/local/lib/python3.8/dist-packages/airflow/example_dags/plugins/event_listener.py
[2023-06-14T14:31:20.150+0000] {processor.py:179} INFO - Processing /usr/local/lib/python3.8/dist-packages/airflow/example_dags/plugins/event_listener.py took 0.022 seconds
[2023-06-14T14:32:10.900+0000] {processor.py:157} INFO - Started process (PID=6467) to work on /usr/local/lib/python3.8/dist-packages/airflow/example_dags/plugins/event_listener.py
[2023-06-14T14:32:10.901+0000] {processor.py:826} INFO - Processing file /usr/local/lib/python3.8/dist-packages/airflow/example_dags/plugins/event_listener.py for tasks to queue
[2023-06-14T14:32:10.903+0000] {logging_mixin.py:149} INFO - [2023-06-14T14:32:10.903+0000] {dagbag.py:541} INFO - Filling up the DagBag from /usr/local/lib/python3.8/dist-packages/airflow/example_dags/plugins/event_listener.py
[2023-06-14T14:32:10.905+0000] {processor.py:838} WARNING - No viable dags retrieved from /usr/local/lib/python3.8/dist-packages/airflow/example_dags/plugins/event_listener.py
[2023-06-14T14:32:10.917+0000] {processor.py:179} INFO - Processing /usr/local/lib/python3.8/dist-packages/airflow/example_dags/plugins/event_listener.py took 0.021 seconds
[2023-06-14T14:33:01.614+0000] {processor.py:157} INFO - Started process (PID=6622) to work on /usr/local/lib/python3.8/dist-packages/airflow/example_dags/plugins/event_listener.py
[2023-06-14T14:33:01.616+0000] {processor.py:826} INFO - Processing file /usr/local/lib/python3.8/dist-packages/airflow/example_dags/plugins/event_listener.py for tasks to queue
[2023-06-14T14:33:01.618+0000] {logging_mixin.py:149} INFO - [2023-06-14T14:33:01.618+0000] {dagbag.py:541} INFO - Filling up the DagBag from /usr/local/lib/python3.8/dist-packages/airflow/example_dags/plugins/event_listener.py
[2023-06-14T14:33:01.620+0000] {processor.py:838} WARNING - No viable dags retrieved from /usr/local/lib/python3.8/dist-packages/airflow/example_dags/plugins/event_listener.py
[2023-06-14T14:33:01.632+0000] {processor.py:179} INFO - Processing /usr/local/lib/python3.8/dist-packages/airflow/example_dags/plugins/event_listener.py took 0.021 seconds
[2023-06-14T14:33:53.306+0000] {processor.py:157} INFO - Started process (PID=6776) to work on /usr/local/lib/python3.8/dist-packages/airflow/example_dags/plugins/event_listener.py
[2023-06-14T14:33:53.308+0000] {processor.py:826} INFO - Processing file /usr/local/lib/python3.8/dist-packages/airflow/example_dags/plugins/event_listener.py for tasks to queue
[2023-06-14T14:33:53.310+0000] {logging_mixin.py:149} INFO - [2023-06-14T14:33:53.310+0000] {dagbag.py:541} INFO - Filling up the DagBag from /usr/local/lib/python3.8/dist-packages/airflow/example_dags/plugins/event_listener.py
[2023-06-14T14:33:53.312+0000] {processor.py:838} WARNING - No viable dags retrieved from /usr/local/lib/python3.8/dist-packages/airflow/example_dags/plugins/event_listener.py
[2023-06-14T14:33:53.324+0000] {processor.py:179} INFO - Processing /usr/local/lib/python3.8/dist-packages/airflow/example_dags/plugins/event_listener.py took 0.022 seconds
[2023-06-14T14:34:49.628+0000] {processor.py:157} INFO - Started process (PID=6934) to work on /usr/local/lib/python3.8/dist-packages/airflow/example_dags/plugins/event_listener.py
[2023-06-14T14:34:49.629+0000] {processor.py:826} INFO - Processing file /usr/local/lib/python3.8/dist-packages/airflow/example_dags/plugins/event_listener.py for tasks to queue
[2023-06-14T14:34:49.631+0000] {logging_mixin.py:149} INFO - [2023-06-14T14:34:49.631+0000] {dagbag.py:541} INFO - Filling up the DagBag from /usr/local/lib/python3.8/dist-packages/airflow/example_dags/plugins/event_listener.py
[2023-06-14T14:34:49.633+0000] {processor.py:838} WARNING - No viable dags retrieved from /usr/local/lib/python3.8/dist-packages/airflow/example_dags/plugins/event_listener.py
[2023-06-14T14:34:49.645+0000] {processor.py:179} INFO - Processing /usr/local/lib/python3.8/dist-packages/airflow/example_dags/plugins/event_listener.py took 0.021 seconds
[2023-06-14T14:35:41.357+0000] {processor.py:157} INFO - Started process (PID=7094) to work on /usr/local/lib/python3.8/dist-packages/airflow/example_dags/plugins/event_listener.py
[2023-06-14T14:35:41.358+0000] {processor.py:826} INFO - Processing file /usr/local/lib/python3.8/dist-packages/airflow/example_dags/plugins/event_listener.py for tasks to queue
[2023-06-14T14:35:41.361+0000] {logging_mixin.py:149} INFO - [2023-06-14T14:35:41.361+0000] {dagbag.py:541} INFO - Filling up the DagBag from /usr/local/lib/python3.8/dist-packages/airflow/example_dags/plugins/event_listener.py
[2023-06-14T14:35:41.363+0000] {processor.py:838} WARNING - No viable dags retrieved from /usr/local/lib/python3.8/dist-packages/airflow/example_dags/plugins/event_listener.py
[2023-06-14T14:35:41.375+0000] {processor.py:179} INFO - Processing /usr/local/lib/python3.8/dist-packages/airflow/example_dags/plugins/event_listener.py took 0.022 seconds
[2023-06-14T14:36:31.774+0000] {processor.py:157} INFO - Started process (PID=7250) to work on /usr/local/lib/python3.8/dist-packages/airflow/example_dags/plugins/event_listener.py
[2023-06-14T14:36:31.775+0000] {processor.py:826} INFO - Processing file /usr/local/lib/python3.8/dist-packages/airflow/example_dags/plugins/event_listener.py for tasks to queue
[2023-06-14T14:36:31.778+0000] {logging_mixin.py:149} INFO - [2023-06-14T14:36:31.777+0000] {dagbag.py:541} INFO - Filling up the DagBag from /usr/local/lib/python3.8/dist-packages/airflow/example_dags/plugins/event_listener.py
[2023-06-14T14:36:31.780+0000] {processor.py:838} WARNING - No viable dags retrieved from /usr/local/lib/python3.8/dist-packages/airflow/example_dags/plugins/event_listener.py
[2023-06-14T14:36:31.792+0000] {processor.py:179} INFO - Processing /usr/local/lib/python3.8/dist-packages/airflow/example_dags/plugins/event_listener.py took 0.022 seconds
[2023-06-14T14:37:23.469+0000] {processor.py:157} INFO - Started process (PID=7411) to work on /usr/local/lib/python3.8/dist-packages/airflow/example_dags/plugins/event_listener.py
[2023-06-14T14:37:23.470+0000] {processor.py:826} INFO - Processing file /usr/local/lib/python3.8/dist-packages/airflow/example_dags/plugins/event_listener.py for tasks to queue
[2023-06-14T14:37:23.472+0000] {logging_mixin.py:149} INFO - [2023-06-14T14:37:23.472+0000] {dagbag.py:541} INFO - Filling up the DagBag from /usr/local/lib/python3.8/dist-packages/airflow/example_dags/plugins/event_listener.py
[2023-06-14T14:37:23.474+0000] {processor.py:838} WARNING - No viable dags retrieved from /usr/local/lib/python3.8/dist-packages/airflow/example_dags/plugins/event_listener.py
[2023-06-14T14:37:23.486+0000] {processor.py:179} INFO - Processing /usr/local/lib/python3.8/dist-packages/airflow/example_dags/plugins/event_listener.py took 0.021 seconds
[2023-06-14T14:38:15.707+0000] {processor.py:157} INFO - Started process (PID=7567) to work on /usr/local/lib/python3.8/dist-packages/airflow/example_dags/plugins/event_listener.py
[2023-06-14T14:38:15.708+0000] {processor.py:826} INFO - Processing file /usr/local/lib/python3.8/dist-packages/airflow/example_dags/plugins/event_listener.py for tasks to queue
[2023-06-14T14:38:15.711+0000] {logging_mixin.py:149} INFO - [2023-06-14T14:38:15.710+0000] {dagbag.py:541} INFO - Filling up the DagBag from /usr/local/lib/python3.8/dist-packages/airflow/example_dags/plugins/event_listener.py
[2023-06-14T14:38:15.713+0000] {processor.py:838} WARNING - No viable dags retrieved from /usr/local/lib/python3.8/dist-packages/airflow/example_dags/plugins/event_listener.py
[2023-06-14T14:38:15.724+0000] {processor.py:179} INFO - Processing /usr/local/lib/python3.8/dist-packages/airflow/example_dags/plugins/event_listener.py took 0.021 seconds
[2023-06-14T14:39:03.575+0000] {processor.py:157} INFO - Started process (PID=7720) to work on /usr/local/lib/python3.8/dist-packages/airflow/example_dags/plugins/event_listener.py
[2023-06-14T14:39:03.577+0000] {processor.py:826} INFO - Processing file /usr/local/lib/python3.8/dist-packages/airflow/example_dags/plugins/event_listener.py for tasks to queue
[2023-06-14T14:39:03.579+0000] {logging_mixin.py:149} INFO - [2023-06-14T14:39:03.579+0000] {dagbag.py:541} INFO - Filling up the DagBag from /usr/local/lib/python3.8/dist-packages/airflow/example_dags/plugins/event_listener.py
[2023-06-14T14:39:03.581+0000] {processor.py:838} WARNING - No viable dags retrieved from /usr/local/lib/python3.8/dist-packages/airflow/example_dags/plugins/event_listener.py
[2023-06-14T14:39:03.592+0000] {processor.py:179} INFO - Processing /usr/local/lib/python3.8/dist-packages/airflow/example_dags/plugins/event_listener.py took 0.021 seconds
[2023-06-14T14:39:53.043+0000] {processor.py:157} INFO - Started process (PID=7872) to work on /usr/local/lib/python3.8/dist-packages/airflow/example_dags/plugins/event_listener.py
[2023-06-14T14:39:53.044+0000] {processor.py:826} INFO - Processing file /usr/local/lib/python3.8/dist-packages/airflow/example_dags/plugins/event_listener.py for tasks to queue
[2023-06-14T14:39:53.046+0000] {logging_mixin.py:149} INFO - [2023-06-14T14:39:53.046+0000] {dagbag.py:541} INFO - Filling up the DagBag from /usr/local/lib/python3.8/dist-packages/airflow/example_dags/plugins/event_listener.py
[2023-06-14T14:39:53.048+0000] {processor.py:838} WARNING - No viable dags retrieved from /usr/local/lib/python3.8/dist-packages/airflow/example_dags/plugins/event_listener.py
[2023-06-14T14:39:53.060+0000] {processor.py:179} INFO - Processing /usr/local/lib/python3.8/dist-packages/airflow/example_dags/plugins/event_listener.py took 0.022 seconds
[2023-06-14T14:40:46.954+0000] {processor.py:157} INFO - Started process (PID=7927) to work on /usr/local/lib/python3.8/dist-packages/airflow/example_dags/plugins/event_listener.py
[2023-06-14T14:40:46.956+0000] {processor.py:826} INFO - Processing file /usr/local/lib/python3.8/dist-packages/airflow/example_dags/plugins/event_listener.py for tasks to queue
[2023-06-14T14:40:46.958+0000] {logging_mixin.py:149} INFO - [2023-06-14T14:40:46.958+0000] {dagbag.py:541} INFO - Filling up the DagBag from /usr/local/lib/python3.8/dist-packages/airflow/example_dags/plugins/event_listener.py
[2023-06-14T14:40:46.960+0000] {processor.py:838} WARNING - No viable dags retrieved from /usr/local/lib/python3.8/dist-packages/airflow/example_dags/plugins/event_listener.py
[2023-06-14T14:40:46.972+0000] {processor.py:179} INFO - Processing /usr/local/lib/python3.8/dist-packages/airflow/example_dags/plugins/event_listener.py took 0.022 seconds
[2023-06-14T14:41:41.822+0000] {processor.py:157} INFO - Started process (PID=8085) to work on /usr/local/lib/python3.8/dist-packages/airflow/example_dags/plugins/event_listener.py
[2023-06-14T14:41:41.823+0000] {processor.py:826} INFO - Processing file /usr/local/lib/python3.8/dist-packages/airflow/example_dags/plugins/event_listener.py for tasks to queue
[2023-06-14T14:41:41.826+0000] {logging_mixin.py:149} INFO - [2023-06-14T14:41:41.825+0000] {dagbag.py:541} INFO - Filling up the DagBag from /usr/local/lib/python3.8/dist-packages/airflow/example_dags/plugins/event_listener.py
[2023-06-14T14:41:41.828+0000] {processor.py:838} WARNING - No viable dags retrieved from /usr/local/lib/python3.8/dist-packages/airflow/example_dags/plugins/event_listener.py
[2023-06-14T14:41:41.839+0000] {processor.py:179} INFO - Processing /usr/local/lib/python3.8/dist-packages/airflow/example_dags/plugins/event_listener.py took 0.021 seconds
[2023-06-14T14:42:35.235+0000] {processor.py:157} INFO - Started process (PID=8247) to work on /usr/local/lib/python3.8/dist-packages/airflow/example_dags/plugins/event_listener.py
[2023-06-14T14:42:35.236+0000] {processor.py:826} INFO - Processing file /usr/local/lib/python3.8/dist-packages/airflow/example_dags/plugins/event_listener.py for tasks to queue
[2023-06-14T14:42:35.239+0000] {logging_mixin.py:149} INFO - [2023-06-14T14:42:35.239+0000] {dagbag.py:541} INFO - Filling up the DagBag from /usr/local/lib/python3.8/dist-packages/airflow/example_dags/plugins/event_listener.py
[2023-06-14T14:42:35.241+0000] {processor.py:838} WARNING - No viable dags retrieved from /usr/local/lib/python3.8/dist-packages/airflow/example_dags/plugins/event_listener.py
[2023-06-14T14:42:35.253+0000] {processor.py:179} INFO - Processing /usr/local/lib/python3.8/dist-packages/airflow/example_dags/plugins/event_listener.py took 0.021 seconds
[2023-06-14T14:43:31.657+0000] {processor.py:157} INFO - Started process (PID=8405) to work on /usr/local/lib/python3.8/dist-packages/airflow/example_dags/plugins/event_listener.py
[2023-06-14T14:43:31.659+0000] {processor.py:826} INFO - Processing file /usr/local/lib/python3.8/dist-packages/airflow/example_dags/plugins/event_listener.py for tasks to queue
[2023-06-14T14:43:31.661+0000] {logging_mixin.py:149} INFO - [2023-06-14T14:43:31.661+0000] {dagbag.py:541} INFO - Filling up the DagBag from /usr/local/lib/python3.8/dist-packages/airflow/example_dags/plugins/event_listener.py
[2023-06-14T14:43:31.663+0000] {processor.py:838} WARNING - No viable dags retrieved from /usr/local/lib/python3.8/dist-packages/airflow/example_dags/plugins/event_listener.py
[2023-06-14T14:43:31.675+0000] {processor.py:179} INFO - Processing /usr/local/lib/python3.8/dist-packages/airflow/example_dags/plugins/event_listener.py took 0.021 seconds
[2023-06-14T14:44:27.068+0000] {processor.py:157} INFO - Started process (PID=8664) to work on /usr/local/lib/python3.8/dist-packages/airflow/example_dags/plugins/event_listener.py
[2023-06-14T14:44:27.069+0000] {processor.py:826} INFO - Processing file /usr/local/lib/python3.8/dist-packages/airflow/example_dags/plugins/event_listener.py for tasks to queue
[2023-06-14T14:44:27.072+0000] {logging_mixin.py:149} INFO - [2023-06-14T14:44:27.072+0000] {dagbag.py:541} INFO - Filling up the DagBag from /usr/local/lib/python3.8/dist-packages/airflow/example_dags/plugins/event_listener.py
[2023-06-14T14:44:27.074+0000] {processor.py:838} WARNING - No viable dags retrieved from /usr/local/lib/python3.8/dist-packages/airflow/example_dags/plugins/event_listener.py
[2023-06-14T14:44:27.086+0000] {processor.py:179} INFO - Processing /usr/local/lib/python3.8/dist-packages/airflow/example_dags/plugins/event_listener.py took 0.023 seconds
[2023-06-14T14:45:21.381+0000] {processor.py:157} INFO - Started process (PID=8822) to work on /usr/local/lib/python3.8/dist-packages/airflow/example_dags/plugins/event_listener.py
[2023-06-14T14:45:21.383+0000] {processor.py:826} INFO - Processing file /usr/local/lib/python3.8/dist-packages/airflow/example_dags/plugins/event_listener.py for tasks to queue
[2023-06-14T14:45:21.385+0000] {logging_mixin.py:149} INFO - [2023-06-14T14:45:21.385+0000] {dagbag.py:541} INFO - Filling up the DagBag from /usr/local/lib/python3.8/dist-packages/airflow/example_dags/plugins/event_listener.py
[2023-06-14T14:45:21.388+0000] {processor.py:838} WARNING - No viable dags retrieved from /usr/local/lib/python3.8/dist-packages/airflow/example_dags/plugins/event_listener.py
[2023-06-14T14:45:21.400+0000] {processor.py:179} INFO - Processing /usr/local/lib/python3.8/dist-packages/airflow/example_dags/plugins/event_listener.py took 0.023 seconds
[2023-06-14T14:46:19.635+0000] {processor.py:157} INFO - Started process (PID=8984) to work on /usr/local/lib/python3.8/dist-packages/airflow/example_dags/plugins/event_listener.py
[2023-06-14T14:46:19.636+0000] {processor.py:826} INFO - Processing file /usr/local/lib/python3.8/dist-packages/airflow/example_dags/plugins/event_listener.py for tasks to queue
[2023-06-14T14:46:19.639+0000] {logging_mixin.py:149} INFO - [2023-06-14T14:46:19.639+0000] {dagbag.py:541} INFO - Filling up the DagBag from /usr/local/lib/python3.8/dist-packages/airflow/example_dags/plugins/event_listener.py
[2023-06-14T14:46:19.641+0000] {processor.py:838} WARNING - No viable dags retrieved from /usr/local/lib/python3.8/dist-packages/airflow/example_dags/plugins/event_listener.py
[2023-06-14T14:46:19.653+0000] {processor.py:179} INFO - Processing /usr/local/lib/python3.8/dist-packages/airflow/example_dags/plugins/event_listener.py took 0.022 seconds
[2023-06-14T14:47:08.941+0000] {processor.py:157} INFO - Started process (PID=9142) to work on /usr/local/lib/python3.8/dist-packages/airflow/example_dags/plugins/event_listener.py
[2023-06-14T14:47:08.942+0000] {processor.py:826} INFO - Processing file /usr/local/lib/python3.8/dist-packages/airflow/example_dags/plugins/event_listener.py for tasks to queue
[2023-06-14T14:47:08.945+0000] {logging_mixin.py:149} INFO - [2023-06-14T14:47:08.945+0000] {dagbag.py:541} INFO - Filling up the DagBag from /usr/local/lib/python3.8/dist-packages/airflow/example_dags/plugins/event_listener.py
[2023-06-14T14:47:08.947+0000] {processor.py:838} WARNING - No viable dags retrieved from /usr/local/lib/python3.8/dist-packages/airflow/example_dags/plugins/event_listener.py
[2023-06-14T14:47:08.958+0000] {processor.py:179} INFO - Processing /usr/local/lib/python3.8/dist-packages/airflow/example_dags/plugins/event_listener.py took 0.021 seconds
[2023-06-14T14:48:02.819+0000] {processor.py:157} INFO - Started process (PID=9299) to work on /usr/local/lib/python3.8/dist-packages/airflow/example_dags/plugins/event_listener.py
[2023-06-14T14:48:02.821+0000] {processor.py:826} INFO - Processing file /usr/local/lib/python3.8/dist-packages/airflow/example_dags/plugins/event_listener.py for tasks to queue
[2023-06-14T14:48:02.823+0000] {logging_mixin.py:149} INFO - [2023-06-14T14:48:02.823+0000] {dagbag.py:541} INFO - Filling up the DagBag from /usr/local/lib/python3.8/dist-packages/airflow/example_dags/plugins/event_listener.py
[2023-06-14T14:48:02.825+0000] {processor.py:838} WARNING - No viable dags retrieved from /usr/local/lib/python3.8/dist-packages/airflow/example_dags/plugins/event_listener.py
[2023-06-14T14:48:02.837+0000] {processor.py:179} INFO - Processing /usr/local/lib/python3.8/dist-packages/airflow/example_dags/plugins/event_listener.py took 0.021 seconds
[2023-06-14T14:48:57.315+0000] {processor.py:157} INFO - Started process (PID=9558) to work on /usr/local/lib/python3.8/dist-packages/airflow/example_dags/plugins/event_listener.py
[2023-06-14T14:48:57.316+0000] {processor.py:826} INFO - Processing file /usr/local/lib/python3.8/dist-packages/airflow/example_dags/plugins/event_listener.py for tasks to queue
[2023-06-14T14:48:57.319+0000] {logging_mixin.py:149} INFO - [2023-06-14T14:48:57.318+0000] {dagbag.py:541} INFO - Filling up the DagBag from /usr/local/lib/python3.8/dist-packages/airflow/example_dags/plugins/event_listener.py
[2023-06-14T14:48:57.321+0000] {processor.py:838} WARNING - No viable dags retrieved from /usr/local/lib/python3.8/dist-packages/airflow/example_dags/plugins/event_listener.py
[2023-06-14T14:48:57.333+0000] {processor.py:179} INFO - Processing /usr/local/lib/python3.8/dist-packages/airflow/example_dags/plugins/event_listener.py took 0.022 seconds
[2023-06-14T14:49:54.011+0000] {processor.py:157} INFO - Started process (PID=9716) to work on /usr/local/lib/python3.8/dist-packages/airflow/example_dags/plugins/event_listener.py
[2023-06-14T14:49:54.013+0000] {processor.py:826} INFO - Processing file /usr/local/lib/python3.8/dist-packages/airflow/example_dags/plugins/event_listener.py for tasks to queue
[2023-06-14T14:49:54.015+0000] {logging_mixin.py:149} INFO - [2023-06-14T14:49:54.015+0000] {dagbag.py:541} INFO - Filling up the DagBag from /usr/local/lib/python3.8/dist-packages/airflow/example_dags/plugins/event_listener.py
[2023-06-14T14:49:54.017+0000] {processor.py:838} WARNING - No viable dags retrieved from /usr/local/lib/python3.8/dist-packages/airflow/example_dags/plugins/event_listener.py
[2023-06-14T14:49:54.029+0000] {processor.py:179} INFO - Processing /usr/local/lib/python3.8/dist-packages/airflow/example_dags/plugins/event_listener.py took 0.022 seconds
[2023-06-14T14:50:47.179+0000] {processor.py:157} INFO - Started process (PID=9771) to work on /usr/local/lib/python3.8/dist-packages/airflow/example_dags/plugins/event_listener.py
[2023-06-14T14:50:47.180+0000] {processor.py:826} INFO - Processing file /usr/local/lib/python3.8/dist-packages/airflow/example_dags/plugins/event_listener.py for tasks to queue
[2023-06-14T14:50:47.183+0000] {logging_mixin.py:149} INFO - [2023-06-14T14:50:47.182+0000] {dagbag.py:541} INFO - Filling up the DagBag from /usr/local/lib/python3.8/dist-packages/airflow/example_dags/plugins/event_listener.py
[2023-06-14T14:50:47.185+0000] {processor.py:838} WARNING - No viable dags retrieved from /usr/local/lib/python3.8/dist-packages/airflow/example_dags/plugins/event_listener.py
[2023-06-14T14:50:47.197+0000] {processor.py:179} INFO - Processing /usr/local/lib/python3.8/dist-packages/airflow/example_dags/plugins/event_listener.py took 0.022 seconds
[2023-06-14T14:51:36.748+0000] {processor.py:157} INFO - Started process (PID=9926) to work on /usr/local/lib/python3.8/dist-packages/airflow/example_dags/plugins/event_listener.py
[2023-06-14T14:51:36.750+0000] {processor.py:826} INFO - Processing file /usr/local/lib/python3.8/dist-packages/airflow/example_dags/plugins/event_listener.py for tasks to queue
[2023-06-14T14:51:36.752+0000] {logging_mixin.py:149} INFO - [2023-06-14T14:51:36.752+0000] {dagbag.py:541} INFO - Filling up the DagBag from /usr/local/lib/python3.8/dist-packages/airflow/example_dags/plugins/event_listener.py
[2023-06-14T14:51:36.754+0000] {processor.py:838} WARNING - No viable dags retrieved from /usr/local/lib/python3.8/dist-packages/airflow/example_dags/plugins/event_listener.py
[2023-06-14T14:51:36.766+0000] {processor.py:179} INFO - Processing /usr/local/lib/python3.8/dist-packages/airflow/example_dags/plugins/event_listener.py took 0.022 seconds
[2023-06-14T14:52:24.412+0000] {processor.py:157} INFO - Started process (PID=10082) to work on /usr/local/lib/python3.8/dist-packages/airflow/example_dags/plugins/event_listener.py
[2023-06-14T14:52:24.414+0000] {processor.py:826} INFO - Processing file /usr/local/lib/python3.8/dist-packages/airflow/example_dags/plugins/event_listener.py for tasks to queue
[2023-06-14T14:52:24.416+0000] {logging_mixin.py:149} INFO - [2023-06-14T14:52:24.416+0000] {dagbag.py:541} INFO - Filling up the DagBag from /usr/local/lib/python3.8/dist-packages/airflow/example_dags/plugins/event_listener.py
[2023-06-14T14:52:24.418+0000] {processor.py:838} WARNING - No viable dags retrieved from /usr/local/lib/python3.8/dist-packages/airflow/example_dags/plugins/event_listener.py
[2023-06-14T14:52:24.430+0000] {processor.py:179} INFO - Processing /usr/local/lib/python3.8/dist-packages/airflow/example_dags/plugins/event_listener.py took 0.022 seconds
[2023-06-14T14:53:15.911+0000] {processor.py:157} INFO - Started process (PID=10237) to work on /usr/local/lib/python3.8/dist-packages/airflow/example_dags/plugins/event_listener.py
[2023-06-14T14:53:15.912+0000] {processor.py:826} INFO - Processing file /usr/local/lib/python3.8/dist-packages/airflow/example_dags/plugins/event_listener.py for tasks to queue
[2023-06-14T14:53:15.915+0000] {logging_mixin.py:149} INFO - [2023-06-14T14:53:15.914+0000] {dagbag.py:541} INFO - Filling up the DagBag from /usr/local/lib/python3.8/dist-packages/airflow/example_dags/plugins/event_listener.py
[2023-06-14T14:53:15.917+0000] {processor.py:838} WARNING - No viable dags retrieved from /usr/local/lib/python3.8/dist-packages/airflow/example_dags/plugins/event_listener.py
[2023-06-14T14:53:15.928+0000] {processor.py:179} INFO - Processing /usr/local/lib/python3.8/dist-packages/airflow/example_dags/plugins/event_listener.py took 0.022 seconds
[2023-06-14T14:54:10.033+0000] {processor.py:157} INFO - Started process (PID=10498) to work on /usr/local/lib/python3.8/dist-packages/airflow/example_dags/plugins/event_listener.py
[2023-06-14T14:54:10.034+0000] {processor.py:826} INFO - Processing file /usr/local/lib/python3.8/dist-packages/airflow/example_dags/plugins/event_listener.py for tasks to queue
[2023-06-14T14:54:10.037+0000] {logging_mixin.py:149} INFO - [2023-06-14T14:54:10.037+0000] {dagbag.py:541} INFO - Filling up the DagBag from /usr/local/lib/python3.8/dist-packages/airflow/example_dags/plugins/event_listener.py
[2023-06-14T14:54:10.039+0000] {processor.py:838} WARNING - No viable dags retrieved from /usr/local/lib/python3.8/dist-packages/airflow/example_dags/plugins/event_listener.py
[2023-06-14T14:54:10.051+0000] {processor.py:179} INFO - Processing /usr/local/lib/python3.8/dist-packages/airflow/example_dags/plugins/event_listener.py took 0.022 seconds
[2023-06-14T14:55:03.485+0000] {processor.py:157} INFO - Started process (PID=10757) to work on /usr/local/lib/python3.8/dist-packages/airflow/example_dags/plugins/event_listener.py
[2023-06-14T14:55:03.487+0000] {processor.py:826} INFO - Processing file /usr/local/lib/python3.8/dist-packages/airflow/example_dags/plugins/event_listener.py for tasks to queue
[2023-06-14T14:55:03.489+0000] {logging_mixin.py:149} INFO - [2023-06-14T14:55:03.489+0000] {dagbag.py:541} INFO - Filling up the DagBag from /usr/local/lib/python3.8/dist-packages/airflow/example_dags/plugins/event_listener.py
[2023-06-14T14:55:03.491+0000] {processor.py:838} WARNING - No viable dags retrieved from /usr/local/lib/python3.8/dist-packages/airflow/example_dags/plugins/event_listener.py
[2023-06-14T14:55:03.503+0000] {processor.py:179} INFO - Processing /usr/local/lib/python3.8/dist-packages/airflow/example_dags/plugins/event_listener.py took 0.022 seconds
[2023-06-14T14:55:56.197+0000] {processor.py:157} INFO - Started process (PID=10914) to work on /usr/local/lib/python3.8/dist-packages/airflow/example_dags/plugins/event_listener.py
[2023-06-14T14:55:56.198+0000] {processor.py:826} INFO - Processing file /usr/local/lib/python3.8/dist-packages/airflow/example_dags/plugins/event_listener.py for tasks to queue
[2023-06-14T14:55:56.200+0000] {logging_mixin.py:149} INFO - [2023-06-14T14:55:56.200+0000] {dagbag.py:541} INFO - Filling up the DagBag from /usr/local/lib/python3.8/dist-packages/airflow/example_dags/plugins/event_listener.py
[2023-06-14T14:55:56.202+0000] {processor.py:838} WARNING - No viable dags retrieved from /usr/local/lib/python3.8/dist-packages/airflow/example_dags/plugins/event_listener.py
[2023-06-14T14:55:56.214+0000] {processor.py:179} INFO - Processing /usr/local/lib/python3.8/dist-packages/airflow/example_dags/plugins/event_listener.py took 0.021 seconds
[2023-06-14T14:56:48.647+0000] {processor.py:157} INFO - Started process (PID=10968) to work on /usr/local/lib/python3.8/dist-packages/airflow/example_dags/plugins/event_listener.py
[2023-06-14T14:56:48.648+0000] {processor.py:826} INFO - Processing file /usr/local/lib/python3.8/dist-packages/airflow/example_dags/plugins/event_listener.py for tasks to queue
[2023-06-14T14:56:48.651+0000] {logging_mixin.py:149} INFO - [2023-06-14T14:56:48.650+0000] {dagbag.py:541} INFO - Filling up the DagBag from /usr/local/lib/python3.8/dist-packages/airflow/example_dags/plugins/event_listener.py
[2023-06-14T14:56:48.653+0000] {processor.py:838} WARNING - No viable dags retrieved from /usr/local/lib/python3.8/dist-packages/airflow/example_dags/plugins/event_listener.py
[2023-06-14T14:56:48.665+0000] {processor.py:179} INFO - Processing /usr/local/lib/python3.8/dist-packages/airflow/example_dags/plugins/event_listener.py took 0.022 seconds
[2023-06-14T14:57:37.491+0000] {processor.py:157} INFO - Started process (PID=11125) to work on /usr/local/lib/python3.8/dist-packages/airflow/example_dags/plugins/event_listener.py
[2023-06-14T14:57:37.493+0000] {processor.py:826} INFO - Processing file /usr/local/lib/python3.8/dist-packages/airflow/example_dags/plugins/event_listener.py for tasks to queue
[2023-06-14T14:57:37.495+0000] {logging_mixin.py:149} INFO - [2023-06-14T14:57:37.495+0000] {dagbag.py:541} INFO - Filling up the DagBag from /usr/local/lib/python3.8/dist-packages/airflow/example_dags/plugins/event_listener.py
[2023-06-14T14:57:37.497+0000] {processor.py:838} WARNING - No viable dags retrieved from /usr/local/lib/python3.8/dist-packages/airflow/example_dags/plugins/event_listener.py
[2023-06-14T14:57:37.510+0000] {processor.py:179} INFO - Processing /usr/local/lib/python3.8/dist-packages/airflow/example_dags/plugins/event_listener.py took 0.023 seconds
[2023-06-14T14:58:29.604+0000] {processor.py:157} INFO - Started process (PID=11281) to work on /usr/local/lib/python3.8/dist-packages/airflow/example_dags/plugins/event_listener.py
[2023-06-14T14:58:29.605+0000] {processor.py:826} INFO - Processing file /usr/local/lib/python3.8/dist-packages/airflow/example_dags/plugins/event_listener.py for tasks to queue
[2023-06-14T14:58:29.608+0000] {logging_mixin.py:149} INFO - [2023-06-14T14:58:29.607+0000] {dagbag.py:541} INFO - Filling up the DagBag from /usr/local/lib/python3.8/dist-packages/airflow/example_dags/plugins/event_listener.py
[2023-06-14T14:58:29.610+0000] {processor.py:838} WARNING - No viable dags retrieved from /usr/local/lib/python3.8/dist-packages/airflow/example_dags/plugins/event_listener.py
[2023-06-14T14:58:29.622+0000] {processor.py:179} INFO - Processing /usr/local/lib/python3.8/dist-packages/airflow/example_dags/plugins/event_listener.py took 0.021 seconds
[2023-06-14T14:59:16.083+0000] {processor.py:157} INFO - Started process (PID=11536) to work on /usr/local/lib/python3.8/dist-packages/airflow/example_dags/plugins/event_listener.py
[2023-06-14T14:59:16.085+0000] {processor.py:826} INFO - Processing file /usr/local/lib/python3.8/dist-packages/airflow/example_dags/plugins/event_listener.py for tasks to queue
[2023-06-14T14:59:16.087+0000] {logging_mixin.py:149} INFO - [2023-06-14T14:59:16.087+0000] {dagbag.py:541} INFO - Filling up the DagBag from /usr/local/lib/python3.8/dist-packages/airflow/example_dags/plugins/event_listener.py
[2023-06-14T14:59:16.089+0000] {processor.py:838} WARNING - No viable dags retrieved from /usr/local/lib/python3.8/dist-packages/airflow/example_dags/plugins/event_listener.py
[2023-06-14T14:59:16.101+0000] {processor.py:179} INFO - Processing /usr/local/lib/python3.8/dist-packages/airflow/example_dags/plugins/event_listener.py took 0.022 seconds
[2023-06-14T15:00:02.502+0000] {processor.py:157} INFO - Started process (PID=11687) to work on /usr/local/lib/python3.8/dist-packages/airflow/example_dags/plugins/event_listener.py
[2023-06-14T15:00:02.504+0000] {processor.py:826} INFO - Processing file /usr/local/lib/python3.8/dist-packages/airflow/example_dags/plugins/event_listener.py for tasks to queue
[2023-06-14T15:00:02.506+0000] {logging_mixin.py:149} INFO - [2023-06-14T15:00:02.506+0000] {dagbag.py:541} INFO - Filling up the DagBag from /usr/local/lib/python3.8/dist-packages/airflow/example_dags/plugins/event_listener.py
[2023-06-14T15:00:02.508+0000] {processor.py:838} WARNING - No viable dags retrieved from /usr/local/lib/python3.8/dist-packages/airflow/example_dags/plugins/event_listener.py
[2023-06-14T15:00:02.519+0000] {processor.py:179} INFO - Processing /usr/local/lib/python3.8/dist-packages/airflow/example_dags/plugins/event_listener.py took 0.021 seconds
[2023-06-14T15:00:54.178+0000] {processor.py:157} INFO - Started process (PID=11843) to work on /usr/local/lib/python3.8/dist-packages/airflow/example_dags/plugins/event_listener.py
[2023-06-14T15:00:54.179+0000] {processor.py:826} INFO - Processing file /usr/local/lib/python3.8/dist-packages/airflow/example_dags/plugins/event_listener.py for tasks to queue
[2023-06-14T15:00:54.182+0000] {logging_mixin.py:149} INFO - [2023-06-14T15:00:54.181+0000] {dagbag.py:541} INFO - Filling up the DagBag from /usr/local/lib/python3.8/dist-packages/airflow/example_dags/plugins/event_listener.py
[2023-06-14T15:00:54.184+0000] {processor.py:838} WARNING - No viable dags retrieved from /usr/local/lib/python3.8/dist-packages/airflow/example_dags/plugins/event_listener.py
[2023-06-14T15:00:54.195+0000] {processor.py:179} INFO - Processing /usr/local/lib/python3.8/dist-packages/airflow/example_dags/plugins/event_listener.py took 0.022 seconds
[2023-06-14T15:01:45.531+0000] {processor.py:157} INFO - Started process (PID=11897) to work on /usr/local/lib/python3.8/dist-packages/airflow/example_dags/plugins/event_listener.py
[2023-06-14T15:01:45.532+0000] {processor.py:826} INFO - Processing file /usr/local/lib/python3.8/dist-packages/airflow/example_dags/plugins/event_listener.py for tasks to queue
[2023-06-14T15:01:45.534+0000] {logging_mixin.py:149} INFO - [2023-06-14T15:01:45.534+0000] {dagbag.py:541} INFO - Filling up the DagBag from /usr/local/lib/python3.8/dist-packages/airflow/example_dags/plugins/event_listener.py
[2023-06-14T15:01:45.536+0000] {processor.py:838} WARNING - No viable dags retrieved from /usr/local/lib/python3.8/dist-packages/airflow/example_dags/plugins/event_listener.py
[2023-06-14T15:01:45.548+0000] {processor.py:179} INFO - Processing /usr/local/lib/python3.8/dist-packages/airflow/example_dags/plugins/event_listener.py took 0.022 seconds
[2023-06-14T15:02:35.367+0000] {processor.py:157} INFO - Started process (PID=12059) to work on /usr/local/lib/python3.8/dist-packages/airflow/example_dags/plugins/event_listener.py
[2023-06-14T15:02:35.368+0000] {processor.py:826} INFO - Processing file /usr/local/lib/python3.8/dist-packages/airflow/example_dags/plugins/event_listener.py for tasks to queue
[2023-06-14T15:02:35.371+0000] {logging_mixin.py:149} INFO - [2023-06-14T15:02:35.371+0000] {dagbag.py:541} INFO - Filling up the DagBag from /usr/local/lib/python3.8/dist-packages/airflow/example_dags/plugins/event_listener.py
[2023-06-14T15:02:35.373+0000] {processor.py:838} WARNING - No viable dags retrieved from /usr/local/lib/python3.8/dist-packages/airflow/example_dags/plugins/event_listener.py
[2023-06-14T15:02:35.384+0000] {processor.py:179} INFO - Processing /usr/local/lib/python3.8/dist-packages/airflow/example_dags/plugins/event_listener.py took 0.021 seconds
[2023-06-14T15:03:26.678+0000] {processor.py:157} INFO - Started process (PID=12317) to work on /usr/local/lib/python3.8/dist-packages/airflow/example_dags/plugins/event_listener.py
[2023-06-14T15:03:26.679+0000] {processor.py:826} INFO - Processing file /usr/local/lib/python3.8/dist-packages/airflow/example_dags/plugins/event_listener.py for tasks to queue
[2023-06-14T15:03:26.682+0000] {logging_mixin.py:149} INFO - [2023-06-14T15:03:26.681+0000] {dagbag.py:541} INFO - Filling up the DagBag from /usr/local/lib/python3.8/dist-packages/airflow/example_dags/plugins/event_listener.py
[2023-06-14T15:03:26.684+0000] {processor.py:838} WARNING - No viable dags retrieved from /usr/local/lib/python3.8/dist-packages/airflow/example_dags/plugins/event_listener.py
[2023-06-14T15:03:26.695+0000] {processor.py:179} INFO - Processing /usr/local/lib/python3.8/dist-packages/airflow/example_dags/plugins/event_listener.py took 0.021 seconds
[2023-06-14T15:04:17.812+0000] {processor.py:157} INFO - Started process (PID=12577) to work on /usr/local/lib/python3.8/dist-packages/airflow/example_dags/plugins/event_listener.py
[2023-06-14T15:04:17.815+0000] {processor.py:826} INFO - Processing file /usr/local/lib/python3.8/dist-packages/airflow/example_dags/plugins/event_listener.py for tasks to queue
[2023-06-14T15:04:17.817+0000] {logging_mixin.py:149} INFO - [2023-06-14T15:04:17.817+0000] {dagbag.py:541} INFO - Filling up the DagBag from /usr/local/lib/python3.8/dist-packages/airflow/example_dags/plugins/event_listener.py
[2023-06-14T15:04:17.819+0000] {processor.py:838} WARNING - No viable dags retrieved from /usr/local/lib/python3.8/dist-packages/airflow/example_dags/plugins/event_listener.py
[2023-06-14T15:04:17.831+0000] {processor.py:179} INFO - Processing /usr/local/lib/python3.8/dist-packages/airflow/example_dags/plugins/event_listener.py took 0.023 seconds
[2023-06-14T15:05:11.592+0000] {processor.py:157} INFO - Started process (PID=12950) to work on /usr/local/lib/python3.8/dist-packages/airflow/example_dags/plugins/event_listener.py
[2023-06-14T15:05:11.593+0000] {processor.py:826} INFO - Processing file /usr/local/lib/python3.8/dist-packages/airflow/example_dags/plugins/event_listener.py for tasks to queue
[2023-06-14T15:05:11.595+0000] {logging_mixin.py:149} INFO - [2023-06-14T15:05:11.595+0000] {dagbag.py:541} INFO - Filling up the DagBag from /usr/local/lib/python3.8/dist-packages/airflow/example_dags/plugins/event_listener.py
[2023-06-14T15:05:11.597+0000] {processor.py:838} WARNING - No viable dags retrieved from /usr/local/lib/python3.8/dist-packages/airflow/example_dags/plugins/event_listener.py
[2023-06-14T15:05:11.609+0000] {processor.py:179} INFO - Processing /usr/local/lib/python3.8/dist-packages/airflow/example_dags/plugins/event_listener.py took 0.021 seconds
[2023-06-14T15:06:08.838+0000] {processor.py:157} INFO - Started process (PID=13130) to work on /usr/local/lib/python3.8/dist-packages/airflow/example_dags/plugins/event_listener.py
[2023-06-14T15:06:08.840+0000] {processor.py:826} INFO - Processing file /usr/local/lib/python3.8/dist-packages/airflow/example_dags/plugins/event_listener.py for tasks to queue
[2023-06-14T15:06:08.842+0000] {logging_mixin.py:149} INFO - [2023-06-14T15:06:08.842+0000] {dagbag.py:541} INFO - Filling up the DagBag from /usr/local/lib/python3.8/dist-packages/airflow/example_dags/plugins/event_listener.py
[2023-06-14T15:06:08.844+0000] {processor.py:838} WARNING - No viable dags retrieved from /usr/local/lib/python3.8/dist-packages/airflow/example_dags/plugins/event_listener.py
[2023-06-14T15:06:08.856+0000] {processor.py:179} INFO - Processing /usr/local/lib/python3.8/dist-packages/airflow/example_dags/plugins/event_listener.py took 0.022 seconds
[2023-06-14T15:06:59.750+0000] {processor.py:157} INFO - Started process (PID=13390) to work on /usr/local/lib/python3.8/dist-packages/airflow/example_dags/plugins/event_listener.py
[2023-06-14T15:06:59.751+0000] {processor.py:826} INFO - Processing file /usr/local/lib/python3.8/dist-packages/airflow/example_dags/plugins/event_listener.py for tasks to queue
[2023-06-14T15:06:59.753+0000] {logging_mixin.py:149} INFO - [2023-06-14T15:06:59.753+0000] {dagbag.py:541} INFO - Filling up the DagBag from /usr/local/lib/python3.8/dist-packages/airflow/example_dags/plugins/event_listener.py
[2023-06-14T15:06:59.755+0000] {processor.py:838} WARNING - No viable dags retrieved from /usr/local/lib/python3.8/dist-packages/airflow/example_dags/plugins/event_listener.py
[2023-06-14T15:06:59.767+0000] {processor.py:179} INFO - Processing /usr/local/lib/python3.8/dist-packages/airflow/example_dags/plugins/event_listener.py took 0.021 seconds
[2023-06-14T15:07:51.555+0000] {processor.py:157} INFO - Started process (PID=13456) to work on /usr/local/lib/python3.8/dist-packages/airflow/example_dags/plugins/event_listener.py
[2023-06-14T15:07:51.557+0000] {processor.py:826} INFO - Processing file /usr/local/lib/python3.8/dist-packages/airflow/example_dags/plugins/event_listener.py for tasks to queue
[2023-06-14T15:07:51.559+0000] {logging_mixin.py:149} INFO - [2023-06-14T15:07:51.559+0000] {dagbag.py:541} INFO - Filling up the DagBag from /usr/local/lib/python3.8/dist-packages/airflow/example_dags/plugins/event_listener.py
[2023-06-14T15:07:51.561+0000] {processor.py:838} WARNING - No viable dags retrieved from /usr/local/lib/python3.8/dist-packages/airflow/example_dags/plugins/event_listener.py
[2023-06-14T15:07:51.573+0000] {processor.py:179} INFO - Processing /usr/local/lib/python3.8/dist-packages/airflow/example_dags/plugins/event_listener.py took 0.022 seconds
[2023-06-14T15:08:41.213+0000] {processor.py:157} INFO - Started process (PID=13611) to work on /usr/local/lib/python3.8/dist-packages/airflow/example_dags/plugins/event_listener.py
[2023-06-14T15:08:41.214+0000] {processor.py:826} INFO - Processing file /usr/local/lib/python3.8/dist-packages/airflow/example_dags/plugins/event_listener.py for tasks to queue
[2023-06-14T15:08:41.217+0000] {logging_mixin.py:149} INFO - [2023-06-14T15:08:41.217+0000] {dagbag.py:541} INFO - Filling up the DagBag from /usr/local/lib/python3.8/dist-packages/airflow/example_dags/plugins/event_listener.py
[2023-06-14T15:08:41.219+0000] {processor.py:838} WARNING - No viable dags retrieved from /usr/local/lib/python3.8/dist-packages/airflow/example_dags/plugins/event_listener.py
[2023-06-14T15:08:41.232+0000] {processor.py:179} INFO - Processing /usr/local/lib/python3.8/dist-packages/airflow/example_dags/plugins/event_listener.py took 0.023 seconds
[2023-06-14T15:09:29.368+0000] {processor.py:157} INFO - Started process (PID=13866) to work on /usr/local/lib/python3.8/dist-packages/airflow/example_dags/plugins/event_listener.py
[2023-06-14T15:09:29.369+0000] {processor.py:826} INFO - Processing file /usr/local/lib/python3.8/dist-packages/airflow/example_dags/plugins/event_listener.py for tasks to queue
[2023-06-14T15:09:29.372+0000] {logging_mixin.py:149} INFO - [2023-06-14T15:09:29.372+0000] {dagbag.py:541} INFO - Filling up the DagBag from /usr/local/lib/python3.8/dist-packages/airflow/example_dags/plugins/event_listener.py
[2023-06-14T15:09:29.374+0000] {processor.py:838} WARNING - No viable dags retrieved from /usr/local/lib/python3.8/dist-packages/airflow/example_dags/plugins/event_listener.py
[2023-06-14T15:09:29.385+0000] {processor.py:179} INFO - Processing /usr/local/lib/python3.8/dist-packages/airflow/example_dags/plugins/event_listener.py took 0.021 seconds
[2023-06-14T15:10:21.586+0000] {processor.py:157} INFO - Started process (PID=14021) to work on /usr/local/lib/python3.8/dist-packages/airflow/example_dags/plugins/event_listener.py
[2023-06-14T15:10:21.587+0000] {processor.py:826} INFO - Processing file /usr/local/lib/python3.8/dist-packages/airflow/example_dags/plugins/event_listener.py for tasks to queue
[2023-06-14T15:10:21.590+0000] {logging_mixin.py:149} INFO - [2023-06-14T15:10:21.590+0000] {dagbag.py:541} INFO - Filling up the DagBag from /usr/local/lib/python3.8/dist-packages/airflow/example_dags/plugins/event_listener.py
[2023-06-14T15:10:21.592+0000] {processor.py:838} WARNING - No viable dags retrieved from /usr/local/lib/python3.8/dist-packages/airflow/example_dags/plugins/event_listener.py
[2023-06-14T15:10:21.603+0000] {processor.py:179} INFO - Processing /usr/local/lib/python3.8/dist-packages/airflow/example_dags/plugins/event_listener.py took 0.021 seconds
[2023-06-14T15:11:08.379+0000] {processor.py:157} INFO - Started process (PID=14176) to work on /usr/local/lib/python3.8/dist-packages/airflow/example_dags/plugins/event_listener.py
[2023-06-14T15:11:08.380+0000] {processor.py:826} INFO - Processing file /usr/local/lib/python3.8/dist-packages/airflow/example_dags/plugins/event_listener.py for tasks to queue
[2023-06-14T15:11:08.382+0000] {logging_mixin.py:149} INFO - [2023-06-14T15:11:08.382+0000] {dagbag.py:541} INFO - Filling up the DagBag from /usr/local/lib/python3.8/dist-packages/airflow/example_dags/plugins/event_listener.py
[2023-06-14T15:11:08.385+0000] {processor.py:838} WARNING - No viable dags retrieved from /usr/local/lib/python3.8/dist-packages/airflow/example_dags/plugins/event_listener.py
[2023-06-14T15:11:08.396+0000] {processor.py:179} INFO - Processing /usr/local/lib/python3.8/dist-packages/airflow/example_dags/plugins/event_listener.py took 0.022 seconds
[2023-06-14T15:11:59.151+0000] {processor.py:157} INFO - Started process (PID=14328) to work on /usr/local/lib/python3.8/dist-packages/airflow/example_dags/plugins/event_listener.py
[2023-06-14T15:11:59.152+0000] {processor.py:826} INFO - Processing file /usr/local/lib/python3.8/dist-packages/airflow/example_dags/plugins/event_listener.py for tasks to queue
[2023-06-14T15:11:59.154+0000] {logging_mixin.py:149} INFO - [2023-06-14T15:11:59.154+0000] {dagbag.py:541} INFO - Filling up the DagBag from /usr/local/lib/python3.8/dist-packages/airflow/example_dags/plugins/event_listener.py
[2023-06-14T15:11:59.156+0000] {processor.py:838} WARNING - No viable dags retrieved from /usr/local/lib/python3.8/dist-packages/airflow/example_dags/plugins/event_listener.py
[2023-06-14T15:11:59.168+0000] {processor.py:179} INFO - Processing /usr/local/lib/python3.8/dist-packages/airflow/example_dags/plugins/event_listener.py took 0.021 seconds
[2023-06-14T15:12:50.028+0000] {processor.py:157} INFO - Started process (PID=14386) to work on /usr/local/lib/python3.8/dist-packages/airflow/example_dags/plugins/event_listener.py
[2023-06-14T15:12:50.029+0000] {processor.py:826} INFO - Processing file /usr/local/lib/python3.8/dist-packages/airflow/example_dags/plugins/event_listener.py for tasks to queue
[2023-06-14T15:12:50.032+0000] {logging_mixin.py:149} INFO - [2023-06-14T15:12:50.032+0000] {dagbag.py:541} INFO - Filling up the DagBag from /usr/local/lib/python3.8/dist-packages/airflow/example_dags/plugins/event_listener.py
[2023-06-14T15:12:50.034+0000] {processor.py:838} WARNING - No viable dags retrieved from /usr/local/lib/python3.8/dist-packages/airflow/example_dags/plugins/event_listener.py
[2023-06-14T15:12:50.048+0000] {processor.py:179} INFO - Processing /usr/local/lib/python3.8/dist-packages/airflow/example_dags/plugins/event_listener.py took 0.024 seconds
[2023-06-14T15:13:42.272+0000] {processor.py:157} INFO - Started process (PID=14542) to work on /usr/local/lib/python3.8/dist-packages/airflow/example_dags/plugins/event_listener.py
[2023-06-14T15:13:42.273+0000] {processor.py:826} INFO - Processing file /usr/local/lib/python3.8/dist-packages/airflow/example_dags/plugins/event_listener.py for tasks to queue
[2023-06-14T15:13:42.276+0000] {logging_mixin.py:149} INFO - [2023-06-14T15:13:42.276+0000] {dagbag.py:541} INFO - Filling up the DagBag from /usr/local/lib/python3.8/dist-packages/airflow/example_dags/plugins/event_listener.py
[2023-06-14T15:13:42.278+0000] {processor.py:838} WARNING - No viable dags retrieved from /usr/local/lib/python3.8/dist-packages/airflow/example_dags/plugins/event_listener.py
[2023-06-14T15:13:42.290+0000] {processor.py:179} INFO - Processing /usr/local/lib/python3.8/dist-packages/airflow/example_dags/plugins/event_listener.py took 0.022 seconds
[2023-06-14T15:14:29.988+0000] {processor.py:157} INFO - Started process (PID=14800) to work on /usr/local/lib/python3.8/dist-packages/airflow/example_dags/plugins/event_listener.py
[2023-06-14T15:14:29.989+0000] {processor.py:826} INFO - Processing file /usr/local/lib/python3.8/dist-packages/airflow/example_dags/plugins/event_listener.py for tasks to queue
[2023-06-14T15:14:29.992+0000] {logging_mixin.py:149} INFO - [2023-06-14T15:14:29.992+0000] {dagbag.py:541} INFO - Filling up the DagBag from /usr/local/lib/python3.8/dist-packages/airflow/example_dags/plugins/event_listener.py
[2023-06-14T15:14:29.994+0000] {processor.py:838} WARNING - No viable dags retrieved from /usr/local/lib/python3.8/dist-packages/airflow/example_dags/plugins/event_listener.py
[2023-06-14T15:14:30.005+0000] {processor.py:179} INFO - Processing /usr/local/lib/python3.8/dist-packages/airflow/example_dags/plugins/event_listener.py took 0.021 seconds
[2023-06-14T15:15:21.604+0000] {processor.py:157} INFO - Started process (PID=14954) to work on /usr/local/lib/python3.8/dist-packages/airflow/example_dags/plugins/event_listener.py
[2023-06-14T15:15:21.606+0000] {processor.py:826} INFO - Processing file /usr/local/lib/python3.8/dist-packages/airflow/example_dags/plugins/event_listener.py for tasks to queue
[2023-06-14T15:15:21.609+0000] {logging_mixin.py:149} INFO - [2023-06-14T15:15:21.609+0000] {dagbag.py:541} INFO - Filling up the DagBag from /usr/local/lib/python3.8/dist-packages/airflow/example_dags/plugins/event_listener.py
[2023-06-14T15:15:21.611+0000] {processor.py:838} WARNING - No viable dags retrieved from /usr/local/lib/python3.8/dist-packages/airflow/example_dags/plugins/event_listener.py
[2023-06-14T15:15:21.622+0000] {processor.py:179} INFO - Processing /usr/local/lib/python3.8/dist-packages/airflow/example_dags/plugins/event_listener.py took 0.022 seconds
