[2023-06-14T14:17:00.107+0000] {processor.py:157} INFO - Started process (PID=1933) to work on /usr/local/lib/python3.8/dist-packages/airflow/example_dags/plugins/listener_plugin.py
[2023-06-14T14:17:00.108+0000] {processor.py:826} INFO - Processing file /usr/local/lib/python3.8/dist-packages/airflow/example_dags/plugins/listener_plugin.py for tasks to queue
[2023-06-14T14:17:00.111+0000] {logging_mixin.py:149} INFO - [2023-06-14T14:17:00.111+0000] {dagbag.py:541} INFO - Filling up the DagBag from /usr/local/lib/python3.8/dist-packages/airflow/example_dags/plugins/listener_plugin.py
[2023-06-14T14:17:00.113+0000] {processor.py:838} WARNING - No viable dags retrieved from /usr/local/lib/python3.8/dist-packages/airflow/example_dags/plugins/listener_plugin.py
[2023-06-14T14:17:00.124+0000] {processor.py:179} INFO - Processing /usr/local/lib/python3.8/dist-packages/airflow/example_dags/plugins/listener_plugin.py took 0.022 seconds
[2023-06-14T14:19:22.894+0000] {processor.py:157} INFO - Started process (PID=4126) to work on /usr/local/lib/python3.8/dist-packages/airflow/example_dags/plugins/listener_plugin.py
[2023-06-14T14:19:22.896+0000] {processor.py:826} INFO - Processing file /usr/local/lib/python3.8/dist-packages/airflow/example_dags/plugins/listener_plugin.py for tasks to queue
[2023-06-14T14:19:22.898+0000] {logging_mixin.py:149} INFO - [2023-06-14T14:19:22.898+0000] {dagbag.py:541} INFO - Filling up the DagBag from /usr/local/lib/python3.8/dist-packages/airflow/example_dags/plugins/listener_plugin.py
[2023-06-14T14:19:22.901+0000] {processor.py:838} WARNING - No viable dags retrieved from /usr/local/lib/python3.8/dist-packages/airflow/example_dags/plugins/listener_plugin.py
[2023-06-14T14:19:22.912+0000] {processor.py:179} INFO - Processing /usr/local/lib/python3.8/dist-packages/airflow/example_dags/plugins/listener_plugin.py took 0.022 seconds
[2023-06-14T14:20:11.470+0000] {processor.py:157} INFO - Started process (PID=4277) to work on /usr/local/lib/python3.8/dist-packages/airflow/example_dags/plugins/listener_plugin.py
[2023-06-14T14:20:11.472+0000] {processor.py:826} INFO - Processing file /usr/local/lib/python3.8/dist-packages/airflow/example_dags/plugins/listener_plugin.py for tasks to queue
[2023-06-14T14:20:11.474+0000] {logging_mixin.py:149} INFO - [2023-06-14T14:20:11.474+0000] {dagbag.py:541} INFO - Filling up the DagBag from /usr/local/lib/python3.8/dist-packages/airflow/example_dags/plugins/listener_plugin.py
[2023-06-14T14:20:11.476+0000] {processor.py:838} WARNING - No viable dags retrieved from /usr/local/lib/python3.8/dist-packages/airflow/example_dags/plugins/listener_plugin.py
[2023-06-14T14:20:11.488+0000] {processor.py:179} INFO - Processing /usr/local/lib/python3.8/dist-packages/airflow/example_dags/plugins/listener_plugin.py took 0.022 seconds
[2023-06-14T14:21:08.429+0000] {processor.py:157} INFO - Started process (PID=4436) to work on /usr/local/lib/python3.8/dist-packages/airflow/example_dags/plugins/listener_plugin.py
[2023-06-14T14:21:08.430+0000] {processor.py:826} INFO - Processing file /usr/local/lib/python3.8/dist-packages/airflow/example_dags/plugins/listener_plugin.py for tasks to queue
[2023-06-14T14:21:08.433+0000] {logging_mixin.py:149} INFO - [2023-06-14T14:21:08.432+0000] {dagbag.py:541} INFO - Filling up the DagBag from /usr/local/lib/python3.8/dist-packages/airflow/example_dags/plugins/listener_plugin.py
[2023-06-14T14:21:08.435+0000] {processor.py:838} WARNING - No viable dags retrieved from /usr/local/lib/python3.8/dist-packages/airflow/example_dags/plugins/listener_plugin.py
[2023-06-14T14:21:08.448+0000] {processor.py:179} INFO - Processing /usr/local/lib/python3.8/dist-packages/airflow/example_dags/plugins/listener_plugin.py took 0.023 seconds
[2023-06-14T14:22:00.979+0000] {processor.py:157} INFO - Started process (PID=4594) to work on /usr/local/lib/python3.8/dist-packages/airflow/example_dags/plugins/listener_plugin.py
[2023-06-14T14:22:00.981+0000] {processor.py:826} INFO - Processing file /usr/local/lib/python3.8/dist-packages/airflow/example_dags/plugins/listener_plugin.py for tasks to queue
[2023-06-14T14:22:00.983+0000] {logging_mixin.py:149} INFO - [2023-06-14T14:22:00.983+0000] {dagbag.py:541} INFO - Filling up the DagBag from /usr/local/lib/python3.8/dist-packages/airflow/example_dags/plugins/listener_plugin.py
[2023-06-14T14:22:00.986+0000] {processor.py:838} WARNING - No viable dags retrieved from /usr/local/lib/python3.8/dist-packages/airflow/example_dags/plugins/listener_plugin.py
[2023-06-14T14:22:00.998+0000] {processor.py:179} INFO - Processing /usr/local/lib/python3.8/dist-packages/airflow/example_dags/plugins/listener_plugin.py took 0.022 seconds
[2023-06-14T14:22:55.088+0000] {processor.py:157} INFO - Started process (PID=4755) to work on /usr/local/lib/python3.8/dist-packages/airflow/example_dags/plugins/listener_plugin.py
[2023-06-14T14:22:55.090+0000] {processor.py:826} INFO - Processing file /usr/local/lib/python3.8/dist-packages/airflow/example_dags/plugins/listener_plugin.py for tasks to queue
[2023-06-14T14:22:55.093+0000] {logging_mixin.py:149} INFO - [2023-06-14T14:22:55.093+0000] {dagbag.py:541} INFO - Filling up the DagBag from /usr/local/lib/python3.8/dist-packages/airflow/example_dags/plugins/listener_plugin.py
[2023-06-14T14:22:55.095+0000] {processor.py:838} WARNING - No viable dags retrieved from /usr/local/lib/python3.8/dist-packages/airflow/example_dags/plugins/listener_plugin.py
[2023-06-14T14:22:55.107+0000] {processor.py:179} INFO - Processing /usr/local/lib/python3.8/dist-packages/airflow/example_dags/plugins/listener_plugin.py took 0.023 seconds
[2023-06-14T14:23:43.507+0000] {processor.py:157} INFO - Started process (PID=4806) to work on /usr/local/lib/python3.8/dist-packages/airflow/example_dags/plugins/listener_plugin.py
[2023-06-14T14:23:43.508+0000] {processor.py:826} INFO - Processing file /usr/local/lib/python3.8/dist-packages/airflow/example_dags/plugins/listener_plugin.py for tasks to queue
[2023-06-14T14:23:43.511+0000] {logging_mixin.py:149} INFO - [2023-06-14T14:23:43.511+0000] {dagbag.py:541} INFO - Filling up the DagBag from /usr/local/lib/python3.8/dist-packages/airflow/example_dags/plugins/listener_plugin.py
[2023-06-14T14:23:43.514+0000] {processor.py:838} WARNING - No viable dags retrieved from /usr/local/lib/python3.8/dist-packages/airflow/example_dags/plugins/listener_plugin.py
[2023-06-14T14:23:43.525+0000] {processor.py:179} INFO - Processing /usr/local/lib/python3.8/dist-packages/airflow/example_dags/plugins/listener_plugin.py took 0.022 seconds
[2023-06-14T14:24:35.281+0000] {processor.py:157} INFO - Started process (PID=5064) to work on /usr/local/lib/python3.8/dist-packages/airflow/example_dags/plugins/listener_plugin.py
[2023-06-14T14:24:35.282+0000] {processor.py:826} INFO - Processing file /usr/local/lib/python3.8/dist-packages/airflow/example_dags/plugins/listener_plugin.py for tasks to queue
[2023-06-14T14:24:35.285+0000] {logging_mixin.py:149} INFO - [2023-06-14T14:24:35.284+0000] {dagbag.py:541} INFO - Filling up the DagBag from /usr/local/lib/python3.8/dist-packages/airflow/example_dags/plugins/listener_plugin.py
[2023-06-14T14:24:35.289+0000] {processor.py:838} WARNING - No viable dags retrieved from /usr/local/lib/python3.8/dist-packages/airflow/example_dags/plugins/listener_plugin.py
[2023-06-14T14:24:35.301+0000] {processor.py:179} INFO - Processing /usr/local/lib/python3.8/dist-packages/airflow/example_dags/plugins/listener_plugin.py took 0.024 seconds
[2023-06-14T14:25:22.483+0000] {processor.py:157} INFO - Started process (PID=5217) to work on /usr/local/lib/python3.8/dist-packages/airflow/example_dags/plugins/listener_plugin.py
[2023-06-14T14:25:22.485+0000] {processor.py:826} INFO - Processing file /usr/local/lib/python3.8/dist-packages/airflow/example_dags/plugins/listener_plugin.py for tasks to queue
[2023-06-14T14:25:22.488+0000] {logging_mixin.py:149} INFO - [2023-06-14T14:25:22.488+0000] {dagbag.py:541} INFO - Filling up the DagBag from /usr/local/lib/python3.8/dist-packages/airflow/example_dags/plugins/listener_plugin.py
[2023-06-14T14:25:22.490+0000] {processor.py:838} WARNING - No viable dags retrieved from /usr/local/lib/python3.8/dist-packages/airflow/example_dags/plugins/listener_plugin.py
[2023-06-14T14:25:22.502+0000] {processor.py:179} INFO - Processing /usr/local/lib/python3.8/dist-packages/airflow/example_dags/plugins/listener_plugin.py took 0.022 seconds
[2023-06-14T14:26:15.497+0000] {processor.py:157} INFO - Started process (PID=5374) to work on /usr/local/lib/python3.8/dist-packages/airflow/example_dags/plugins/listener_plugin.py
[2023-06-14T14:26:15.498+0000] {processor.py:826} INFO - Processing file /usr/local/lib/python3.8/dist-packages/airflow/example_dags/plugins/listener_plugin.py for tasks to queue
[2023-06-14T14:26:15.501+0000] {logging_mixin.py:149} INFO - [2023-06-14T14:26:15.501+0000] {dagbag.py:541} INFO - Filling up the DagBag from /usr/local/lib/python3.8/dist-packages/airflow/example_dags/plugins/listener_plugin.py
[2023-06-14T14:26:15.504+0000] {processor.py:838} WARNING - No viable dags retrieved from /usr/local/lib/python3.8/dist-packages/airflow/example_dags/plugins/listener_plugin.py
[2023-06-14T14:26:15.515+0000] {processor.py:179} INFO - Processing /usr/local/lib/python3.8/dist-packages/airflow/example_dags/plugins/listener_plugin.py took 0.022 seconds
[2023-06-14T14:27:05.943+0000] {processor.py:157} INFO - Started process (PID=5532) to work on /usr/local/lib/python3.8/dist-packages/airflow/example_dags/plugins/listener_plugin.py
[2023-06-14T14:27:05.944+0000] {processor.py:826} INFO - Processing file /usr/local/lib/python3.8/dist-packages/airflow/example_dags/plugins/listener_plugin.py for tasks to queue
[2023-06-14T14:27:05.947+0000] {logging_mixin.py:149} INFO - [2023-06-14T14:27:05.946+0000] {dagbag.py:541} INFO - Filling up the DagBag from /usr/local/lib/python3.8/dist-packages/airflow/example_dags/plugins/listener_plugin.py
[2023-06-14T14:27:05.949+0000] {processor.py:838} WARNING - No viable dags retrieved from /usr/local/lib/python3.8/dist-packages/airflow/example_dags/plugins/listener_plugin.py
[2023-06-14T14:27:05.961+0000] {processor.py:179} INFO - Processing /usr/local/lib/python3.8/dist-packages/airflow/example_dags/plugins/listener_plugin.py took 0.022 seconds
[2023-06-14T14:27:58.554+0000] {processor.py:157} INFO - Started process (PID=5689) to work on /usr/local/lib/python3.8/dist-packages/airflow/example_dags/plugins/listener_plugin.py
[2023-06-14T14:27:58.556+0000] {processor.py:826} INFO - Processing file /usr/local/lib/python3.8/dist-packages/airflow/example_dags/plugins/listener_plugin.py for tasks to queue
[2023-06-14T14:27:58.559+0000] {logging_mixin.py:149} INFO - [2023-06-14T14:27:58.559+0000] {dagbag.py:541} INFO - Filling up the DagBag from /usr/local/lib/python3.8/dist-packages/airflow/example_dags/plugins/listener_plugin.py
[2023-06-14T14:27:58.561+0000] {processor.py:838} WARNING - No viable dags retrieved from /usr/local/lib/python3.8/dist-packages/airflow/example_dags/plugins/listener_plugin.py
[2023-06-14T14:27:58.573+0000] {processor.py:179} INFO - Processing /usr/local/lib/python3.8/dist-packages/airflow/example_dags/plugins/listener_plugin.py took 0.022 seconds
[2023-06-14T14:28:52.621+0000] {processor.py:157} INFO - Started process (PID=5847) to work on /usr/local/lib/python3.8/dist-packages/airflow/example_dags/plugins/listener_plugin.py
[2023-06-14T14:28:52.623+0000] {processor.py:826} INFO - Processing file /usr/local/lib/python3.8/dist-packages/airflow/example_dags/plugins/listener_plugin.py for tasks to queue
[2023-06-14T14:28:52.626+0000] {logging_mixin.py:149} INFO - [2023-06-14T14:28:52.625+0000] {dagbag.py:541} INFO - Filling up the DagBag from /usr/local/lib/python3.8/dist-packages/airflow/example_dags/plugins/listener_plugin.py
[2023-06-14T14:28:52.628+0000] {processor.py:838} WARNING - No viable dags retrieved from /usr/local/lib/python3.8/dist-packages/airflow/example_dags/plugins/listener_plugin.py
[2023-06-14T14:28:52.640+0000] {processor.py:179} INFO - Processing /usr/local/lib/python3.8/dist-packages/airflow/example_dags/plugins/listener_plugin.py took 0.023 seconds
[2023-06-14T14:29:41.536+0000] {processor.py:157} INFO - Started process (PID=6001) to work on /usr/local/lib/python3.8/dist-packages/airflow/example_dags/plugins/listener_plugin.py
[2023-06-14T14:29:41.537+0000] {processor.py:826} INFO - Processing file /usr/local/lib/python3.8/dist-packages/airflow/example_dags/plugins/listener_plugin.py for tasks to queue
[2023-06-14T14:29:41.540+0000] {logging_mixin.py:149} INFO - [2023-06-14T14:29:41.539+0000] {dagbag.py:541} INFO - Filling up the DagBag from /usr/local/lib/python3.8/dist-packages/airflow/example_dags/plugins/listener_plugin.py
[2023-06-14T14:29:41.542+0000] {processor.py:838} WARNING - No viable dags retrieved from /usr/local/lib/python3.8/dist-packages/airflow/example_dags/plugins/listener_plugin.py
[2023-06-14T14:29:41.554+0000] {processor.py:179} INFO - Processing /usr/local/lib/python3.8/dist-packages/airflow/example_dags/plugins/listener_plugin.py took 0.022 seconds
[2023-06-14T14:30:39.464+0000] {processor.py:157} INFO - Started process (PID=6161) to work on /usr/local/lib/python3.8/dist-packages/airflow/example_dags/plugins/listener_plugin.py
[2023-06-14T14:30:39.466+0000] {processor.py:826} INFO - Processing file /usr/local/lib/python3.8/dist-packages/airflow/example_dags/plugins/listener_plugin.py for tasks to queue
[2023-06-14T14:30:39.469+0000] {logging_mixin.py:149} INFO - [2023-06-14T14:30:39.469+0000] {dagbag.py:541} INFO - Filling up the DagBag from /usr/local/lib/python3.8/dist-packages/airflow/example_dags/plugins/listener_plugin.py
[2023-06-14T14:30:39.471+0000] {processor.py:838} WARNING - No viable dags retrieved from /usr/local/lib/python3.8/dist-packages/airflow/example_dags/plugins/listener_plugin.py
[2023-06-14T14:30:39.482+0000] {processor.py:179} INFO - Processing /usr/local/lib/python3.8/dist-packages/airflow/example_dags/plugins/listener_plugin.py took 0.022 seconds
[2023-06-14T14:31:31.411+0000] {processor.py:157} INFO - Started process (PID=6316) to work on /usr/local/lib/python3.8/dist-packages/airflow/example_dags/plugins/listener_plugin.py
[2023-06-14T14:31:31.412+0000] {processor.py:826} INFO - Processing file /usr/local/lib/python3.8/dist-packages/airflow/example_dags/plugins/listener_plugin.py for tasks to queue
[2023-06-14T14:31:31.414+0000] {logging_mixin.py:149} INFO - [2023-06-14T14:31:31.414+0000] {dagbag.py:541} INFO - Filling up the DagBag from /usr/local/lib/python3.8/dist-packages/airflow/example_dags/plugins/listener_plugin.py
[2023-06-14T14:31:31.417+0000] {processor.py:838} WARNING - No viable dags retrieved from /usr/local/lib/python3.8/dist-packages/airflow/example_dags/plugins/listener_plugin.py
[2023-06-14T14:31:31.428+0000] {processor.py:179} INFO - Processing /usr/local/lib/python3.8/dist-packages/airflow/example_dags/plugins/listener_plugin.py took 0.021 seconds
[2023-06-14T14:32:23.319+0000] {processor.py:157} INFO - Started process (PID=6479) to work on /usr/local/lib/python3.8/dist-packages/airflow/example_dags/plugins/listener_plugin.py
[2023-06-14T14:32:23.320+0000] {processor.py:826} INFO - Processing file /usr/local/lib/python3.8/dist-packages/airflow/example_dags/plugins/listener_plugin.py for tasks to queue
[2023-06-14T14:32:23.322+0000] {logging_mixin.py:149} INFO - [2023-06-14T14:32:23.322+0000] {dagbag.py:541} INFO - Filling up the DagBag from /usr/local/lib/python3.8/dist-packages/airflow/example_dags/plugins/listener_plugin.py
[2023-06-14T14:32:23.325+0000] {processor.py:838} WARNING - No viable dags retrieved from /usr/local/lib/python3.8/dist-packages/airflow/example_dags/plugins/listener_plugin.py
[2023-06-14T14:32:23.336+0000] {processor.py:179} INFO - Processing /usr/local/lib/python3.8/dist-packages/airflow/example_dags/plugins/listener_plugin.py took 0.021 seconds
[2023-06-14T14:33:11.925+0000] {processor.py:157} INFO - Started process (PID=6633) to work on /usr/local/lib/python3.8/dist-packages/airflow/example_dags/plugins/listener_plugin.py
[2023-06-14T14:33:11.926+0000] {processor.py:826} INFO - Processing file /usr/local/lib/python3.8/dist-packages/airflow/example_dags/plugins/listener_plugin.py for tasks to queue
[2023-06-14T14:33:11.929+0000] {logging_mixin.py:149} INFO - [2023-06-14T14:33:11.928+0000] {dagbag.py:541} INFO - Filling up the DagBag from /usr/local/lib/python3.8/dist-packages/airflow/example_dags/plugins/listener_plugin.py
[2023-06-14T14:33:11.931+0000] {processor.py:838} WARNING - No viable dags retrieved from /usr/local/lib/python3.8/dist-packages/airflow/example_dags/plugins/listener_plugin.py
[2023-06-14T14:33:11.943+0000] {processor.py:179} INFO - Processing /usr/local/lib/python3.8/dist-packages/airflow/example_dags/plugins/listener_plugin.py took 0.022 seconds
[2023-06-14T14:34:04.779+0000] {processor.py:157} INFO - Started process (PID=6890) to work on /usr/local/lib/python3.8/dist-packages/airflow/example_dags/plugins/listener_plugin.py
[2023-06-14T14:34:04.780+0000] {processor.py:826} INFO - Processing file /usr/local/lib/python3.8/dist-packages/airflow/example_dags/plugins/listener_plugin.py for tasks to queue
[2023-06-14T14:34:04.783+0000] {logging_mixin.py:149} INFO - [2023-06-14T14:34:04.782+0000] {dagbag.py:541} INFO - Filling up the DagBag from /usr/local/lib/python3.8/dist-packages/airflow/example_dags/plugins/listener_plugin.py
[2023-06-14T14:34:04.785+0000] {processor.py:838} WARNING - No viable dags retrieved from /usr/local/lib/python3.8/dist-packages/airflow/example_dags/plugins/listener_plugin.py
[2023-06-14T14:34:04.797+0000] {processor.py:179} INFO - Processing /usr/local/lib/python3.8/dist-packages/airflow/example_dags/plugins/listener_plugin.py took 0.022 seconds
[2023-06-14T14:34:59.784+0000] {processor.py:157} INFO - Started process (PID=7051) to work on /usr/local/lib/python3.8/dist-packages/airflow/example_dags/plugins/listener_plugin.py
[2023-06-14T14:34:59.786+0000] {processor.py:826} INFO - Processing file /usr/local/lib/python3.8/dist-packages/airflow/example_dags/plugins/listener_plugin.py for tasks to queue
[2023-06-14T14:34:59.789+0000] {logging_mixin.py:149} INFO - [2023-06-14T14:34:59.788+0000] {dagbag.py:541} INFO - Filling up the DagBag from /usr/local/lib/python3.8/dist-packages/airflow/example_dags/plugins/listener_plugin.py
[2023-06-14T14:34:59.791+0000] {processor.py:838} WARNING - No viable dags retrieved from /usr/local/lib/python3.8/dist-packages/airflow/example_dags/plugins/listener_plugin.py
[2023-06-14T14:34:59.803+0000] {processor.py:179} INFO - Processing /usr/local/lib/python3.8/dist-packages/airflow/example_dags/plugins/listener_plugin.py took 0.022 seconds
[2023-06-14T14:35:51.335+0000] {processor.py:157} INFO - Started process (PID=7145) to work on /usr/local/lib/python3.8/dist-packages/airflow/example_dags/plugins/listener_plugin.py
[2023-06-14T14:35:51.336+0000] {processor.py:826} INFO - Processing file /usr/local/lib/python3.8/dist-packages/airflow/example_dags/plugins/listener_plugin.py for tasks to queue
[2023-06-14T14:35:51.338+0000] {logging_mixin.py:149} INFO - [2023-06-14T14:35:51.338+0000] {dagbag.py:541} INFO - Filling up the DagBag from /usr/local/lib/python3.8/dist-packages/airflow/example_dags/plugins/listener_plugin.py
[2023-06-14T14:35:51.341+0000] {processor.py:838} WARNING - No viable dags retrieved from /usr/local/lib/python3.8/dist-packages/airflow/example_dags/plugins/listener_plugin.py
[2023-06-14T14:35:51.353+0000] {processor.py:179} INFO - Processing /usr/local/lib/python3.8/dist-packages/airflow/example_dags/plugins/listener_plugin.py took 0.022 seconds
[2023-06-14T14:36:43.385+0000] {processor.py:157} INFO - Started process (PID=7261) to work on /usr/local/lib/python3.8/dist-packages/airflow/example_dags/plugins/listener_plugin.py
[2023-06-14T14:36:43.386+0000] {processor.py:826} INFO - Processing file /usr/local/lib/python3.8/dist-packages/airflow/example_dags/plugins/listener_plugin.py for tasks to queue
[2023-06-14T14:36:43.388+0000] {logging_mixin.py:149} INFO - [2023-06-14T14:36:43.388+0000] {dagbag.py:541} INFO - Filling up the DagBag from /usr/local/lib/python3.8/dist-packages/airflow/example_dags/plugins/listener_plugin.py
[2023-06-14T14:36:43.391+0000] {processor.py:838} WARNING - No viable dags retrieved from /usr/local/lib/python3.8/dist-packages/airflow/example_dags/plugins/listener_plugin.py
[2023-06-14T14:36:43.402+0000] {processor.py:179} INFO - Processing /usr/local/lib/python3.8/dist-packages/airflow/example_dags/plugins/listener_plugin.py took 0.022 seconds
[2023-06-14T14:37:35.194+0000] {processor.py:157} INFO - Started process (PID=7423) to work on /usr/local/lib/python3.8/dist-packages/airflow/example_dags/plugins/listener_plugin.py
[2023-06-14T14:37:35.196+0000] {processor.py:826} INFO - Processing file /usr/local/lib/python3.8/dist-packages/airflow/example_dags/plugins/listener_plugin.py for tasks to queue
[2023-06-14T14:37:35.198+0000] {logging_mixin.py:149} INFO - [2023-06-14T14:37:35.198+0000] {dagbag.py:541} INFO - Filling up the DagBag from /usr/local/lib/python3.8/dist-packages/airflow/example_dags/plugins/listener_plugin.py
[2023-06-14T14:37:35.200+0000] {processor.py:838} WARNING - No viable dags retrieved from /usr/local/lib/python3.8/dist-packages/airflow/example_dags/plugins/listener_plugin.py
[2023-06-14T14:37:35.214+0000] {processor.py:179} INFO - Processing /usr/local/lib/python3.8/dist-packages/airflow/example_dags/plugins/listener_plugin.py took 0.024 seconds
[2023-06-14T14:38:25.846+0000] {processor.py:157} INFO - Started process (PID=7578) to work on /usr/local/lib/python3.8/dist-packages/airflow/example_dags/plugins/listener_plugin.py
[2023-06-14T14:38:25.848+0000] {processor.py:826} INFO - Processing file /usr/local/lib/python3.8/dist-packages/airflow/example_dags/plugins/listener_plugin.py for tasks to queue
[2023-06-14T14:38:25.851+0000] {logging_mixin.py:149} INFO - [2023-06-14T14:38:25.851+0000] {dagbag.py:541} INFO - Filling up the DagBag from /usr/local/lib/python3.8/dist-packages/airflow/example_dags/plugins/listener_plugin.py
[2023-06-14T14:38:25.854+0000] {processor.py:838} WARNING - No viable dags retrieved from /usr/local/lib/python3.8/dist-packages/airflow/example_dags/plugins/listener_plugin.py
[2023-06-14T14:38:25.866+0000] {processor.py:179} INFO - Processing /usr/local/lib/python3.8/dist-packages/airflow/example_dags/plugins/listener_plugin.py took 0.024 seconds
[2023-06-14T14:39:13.826+0000] {processor.py:157} INFO - Started process (PID=7730) to work on /usr/local/lib/python3.8/dist-packages/airflow/example_dags/plugins/listener_plugin.py
[2023-06-14T14:39:13.828+0000] {processor.py:826} INFO - Processing file /usr/local/lib/python3.8/dist-packages/airflow/example_dags/plugins/listener_plugin.py for tasks to queue
[2023-06-14T14:39:13.831+0000] {logging_mixin.py:149} INFO - [2023-06-14T14:39:13.830+0000] {dagbag.py:541} INFO - Filling up the DagBag from /usr/local/lib/python3.8/dist-packages/airflow/example_dags/plugins/listener_plugin.py
[2023-06-14T14:39:13.833+0000] {processor.py:838} WARNING - No viable dags retrieved from /usr/local/lib/python3.8/dist-packages/airflow/example_dags/plugins/listener_plugin.py
[2023-06-14T14:39:13.844+0000] {processor.py:179} INFO - Processing /usr/local/lib/python3.8/dist-packages/airflow/example_dags/plugins/listener_plugin.py took 0.022 seconds
[2023-06-14T14:40:05.170+0000] {processor.py:157} INFO - Started process (PID=7884) to work on /usr/local/lib/python3.8/dist-packages/airflow/example_dags/plugins/listener_plugin.py
[2023-06-14T14:40:05.172+0000] {processor.py:826} INFO - Processing file /usr/local/lib/python3.8/dist-packages/airflow/example_dags/plugins/listener_plugin.py for tasks to queue
[2023-06-14T14:40:05.174+0000] {logging_mixin.py:149} INFO - [2023-06-14T14:40:05.174+0000] {dagbag.py:541} INFO - Filling up the DagBag from /usr/local/lib/python3.8/dist-packages/airflow/example_dags/plugins/listener_plugin.py
[2023-06-14T14:40:05.177+0000] {processor.py:838} WARNING - No viable dags retrieved from /usr/local/lib/python3.8/dist-packages/airflow/example_dags/plugins/listener_plugin.py
[2023-06-14T14:40:05.189+0000] {processor.py:179} INFO - Processing /usr/local/lib/python3.8/dist-packages/airflow/example_dags/plugins/listener_plugin.py took 0.022 seconds
[2023-06-14T14:40:59.054+0000] {processor.py:157} INFO - Started process (PID=8042) to work on /usr/local/lib/python3.8/dist-packages/airflow/example_dags/plugins/listener_plugin.py
[2023-06-14T14:40:59.055+0000] {processor.py:826} INFO - Processing file /usr/local/lib/python3.8/dist-packages/airflow/example_dags/plugins/listener_plugin.py for tasks to queue
[2023-06-14T14:40:59.057+0000] {logging_mixin.py:149} INFO - [2023-06-14T14:40:59.057+0000] {dagbag.py:541} INFO - Filling up the DagBag from /usr/local/lib/python3.8/dist-packages/airflow/example_dags/plugins/listener_plugin.py
[2023-06-14T14:40:59.060+0000] {processor.py:838} WARNING - No viable dags retrieved from /usr/local/lib/python3.8/dist-packages/airflow/example_dags/plugins/listener_plugin.py
[2023-06-14T14:40:59.073+0000] {processor.py:179} INFO - Processing /usr/local/lib/python3.8/dist-packages/airflow/example_dags/plugins/listener_plugin.py took 0.023 seconds
[2023-06-14T14:41:53.345+0000] {processor.py:157} INFO - Started process (PID=8199) to work on /usr/local/lib/python3.8/dist-packages/airflow/example_dags/plugins/listener_plugin.py
[2023-06-14T14:41:53.347+0000] {processor.py:826} INFO - Processing file /usr/local/lib/python3.8/dist-packages/airflow/example_dags/plugins/listener_plugin.py for tasks to queue
[2023-06-14T14:41:53.350+0000] {logging_mixin.py:149} INFO - [2023-06-14T14:41:53.349+0000] {dagbag.py:541} INFO - Filling up the DagBag from /usr/local/lib/python3.8/dist-packages/airflow/example_dags/plugins/listener_plugin.py
[2023-06-14T14:41:53.353+0000] {processor.py:838} WARNING - No viable dags retrieved from /usr/local/lib/python3.8/dist-packages/airflow/example_dags/plugins/listener_plugin.py
[2023-06-14T14:41:53.364+0000] {processor.py:179} INFO - Processing /usr/local/lib/python3.8/dist-packages/airflow/example_dags/plugins/listener_plugin.py took 0.023 seconds
[2023-06-14T14:42:47.838+0000] {processor.py:157} INFO - Started process (PID=8259) to work on /usr/local/lib/python3.8/dist-packages/airflow/example_dags/plugins/listener_plugin.py
[2023-06-14T14:42:47.839+0000] {processor.py:826} INFO - Processing file /usr/local/lib/python3.8/dist-packages/airflow/example_dags/plugins/listener_plugin.py for tasks to queue
[2023-06-14T14:42:47.842+0000] {logging_mixin.py:149} INFO - [2023-06-14T14:42:47.842+0000] {dagbag.py:541} INFO - Filling up the DagBag from /usr/local/lib/python3.8/dist-packages/airflow/example_dags/plugins/listener_plugin.py
[2023-06-14T14:42:47.844+0000] {processor.py:838} WARNING - No viable dags retrieved from /usr/local/lib/python3.8/dist-packages/airflow/example_dags/plugins/listener_plugin.py
[2023-06-14T14:42:47.856+0000] {processor.py:179} INFO - Processing /usr/local/lib/python3.8/dist-packages/airflow/example_dags/plugins/listener_plugin.py took 0.022 seconds
[2023-06-14T14:43:44.362+0000] {processor.py:157} INFO - Started process (PID=8417) to work on /usr/local/lib/python3.8/dist-packages/airflow/example_dags/plugins/listener_plugin.py
[2023-06-14T14:43:44.363+0000] {processor.py:826} INFO - Processing file /usr/local/lib/python3.8/dist-packages/airflow/example_dags/plugins/listener_plugin.py for tasks to queue
[2023-06-14T14:43:44.366+0000] {logging_mixin.py:149} INFO - [2023-06-14T14:43:44.365+0000] {dagbag.py:541} INFO - Filling up the DagBag from /usr/local/lib/python3.8/dist-packages/airflow/example_dags/plugins/listener_plugin.py
[2023-06-14T14:43:44.371+0000] {processor.py:838} WARNING - No viable dags retrieved from /usr/local/lib/python3.8/dist-packages/airflow/example_dags/plugins/listener_plugin.py
[2023-06-14T14:43:44.384+0000] {processor.py:179} INFO - Processing /usr/local/lib/python3.8/dist-packages/airflow/example_dags/plugins/listener_plugin.py took 0.026 seconds
[2023-06-14T14:44:38.135+0000] {processor.py:157} INFO - Started process (PID=8675) to work on /usr/local/lib/python3.8/dist-packages/airflow/example_dags/plugins/listener_plugin.py
[2023-06-14T14:44:38.137+0000] {processor.py:826} INFO - Processing file /usr/local/lib/python3.8/dist-packages/airflow/example_dags/plugins/listener_plugin.py for tasks to queue
[2023-06-14T14:44:38.139+0000] {logging_mixin.py:149} INFO - [2023-06-14T14:44:38.139+0000] {dagbag.py:541} INFO - Filling up the DagBag from /usr/local/lib/python3.8/dist-packages/airflow/example_dags/plugins/listener_plugin.py
[2023-06-14T14:44:38.142+0000] {processor.py:838} WARNING - No viable dags retrieved from /usr/local/lib/python3.8/dist-packages/airflow/example_dags/plugins/listener_plugin.py
[2023-06-14T14:44:38.153+0000] {processor.py:179} INFO - Processing /usr/local/lib/python3.8/dist-packages/airflow/example_dags/plugins/listener_plugin.py took 0.022 seconds
[2023-06-14T14:45:34.940+0000] {processor.py:157} INFO - Started process (PID=8835) to work on /usr/local/lib/python3.8/dist-packages/airflow/example_dags/plugins/listener_plugin.py
[2023-06-14T14:45:34.941+0000] {processor.py:826} INFO - Processing file /usr/local/lib/python3.8/dist-packages/airflow/example_dags/plugins/listener_plugin.py for tasks to queue
[2023-06-14T14:45:34.943+0000] {logging_mixin.py:149} INFO - [2023-06-14T14:45:34.943+0000] {dagbag.py:541} INFO - Filling up the DagBag from /usr/local/lib/python3.8/dist-packages/airflow/example_dags/plugins/listener_plugin.py
[2023-06-14T14:45:34.947+0000] {processor.py:838} WARNING - No viable dags retrieved from /usr/local/lib/python3.8/dist-packages/airflow/example_dags/plugins/listener_plugin.py
[2023-06-14T14:45:34.959+0000] {processor.py:179} INFO - Processing /usr/local/lib/python3.8/dist-packages/airflow/example_dags/plugins/listener_plugin.py took 0.023 seconds
[2023-06-14T14:46:32.218+0000] {processor.py:157} INFO - Started process (PID=8997) to work on /usr/local/lib/python3.8/dist-packages/airflow/example_dags/plugins/listener_plugin.py
[2023-06-14T14:46:32.219+0000] {processor.py:826} INFO - Processing file /usr/local/lib/python3.8/dist-packages/airflow/example_dags/plugins/listener_plugin.py for tasks to queue
[2023-06-14T14:46:32.222+0000] {logging_mixin.py:149} INFO - [2023-06-14T14:46:32.222+0000] {dagbag.py:541} INFO - Filling up the DagBag from /usr/local/lib/python3.8/dist-packages/airflow/example_dags/plugins/listener_plugin.py
[2023-06-14T14:46:32.224+0000] {processor.py:838} WARNING - No viable dags retrieved from /usr/local/lib/python3.8/dist-packages/airflow/example_dags/plugins/listener_plugin.py
[2023-06-14T14:46:32.236+0000] {processor.py:179} INFO - Processing /usr/local/lib/python3.8/dist-packages/airflow/example_dags/plugins/listener_plugin.py took 0.022 seconds
[2023-06-14T14:47:20.406+0000] {processor.py:157} INFO - Started process (PID=9153) to work on /usr/local/lib/python3.8/dist-packages/airflow/example_dags/plugins/listener_plugin.py
[2023-06-14T14:47:20.408+0000] {processor.py:826} INFO - Processing file /usr/local/lib/python3.8/dist-packages/airflow/example_dags/plugins/listener_plugin.py for tasks to queue
[2023-06-14T14:47:20.410+0000] {logging_mixin.py:149} INFO - [2023-06-14T14:47:20.410+0000] {dagbag.py:541} INFO - Filling up the DagBag from /usr/local/lib/python3.8/dist-packages/airflow/example_dags/plugins/listener_plugin.py
[2023-06-14T14:47:20.413+0000] {processor.py:838} WARNING - No viable dags retrieved from /usr/local/lib/python3.8/dist-packages/airflow/example_dags/plugins/listener_plugin.py
[2023-06-14T14:47:20.425+0000] {processor.py:179} INFO - Processing /usr/local/lib/python3.8/dist-packages/airflow/example_dags/plugins/listener_plugin.py took 0.022 seconds
[2023-06-14T14:48:14.100+0000] {processor.py:157} INFO - Started process (PID=9310) to work on /usr/local/lib/python3.8/dist-packages/airflow/example_dags/plugins/listener_plugin.py
[2023-06-14T14:48:14.102+0000] {processor.py:826} INFO - Processing file /usr/local/lib/python3.8/dist-packages/airflow/example_dags/plugins/listener_plugin.py for tasks to queue
[2023-06-14T14:48:14.104+0000] {logging_mixin.py:149} INFO - [2023-06-14T14:48:14.104+0000] {dagbag.py:541} INFO - Filling up the DagBag from /usr/local/lib/python3.8/dist-packages/airflow/example_dags/plugins/listener_plugin.py
[2023-06-14T14:48:14.107+0000] {processor.py:838} WARNING - No viable dags retrieved from /usr/local/lib/python3.8/dist-packages/airflow/example_dags/plugins/listener_plugin.py
[2023-06-14T14:48:14.119+0000] {processor.py:179} INFO - Processing /usr/local/lib/python3.8/dist-packages/airflow/example_dags/plugins/listener_plugin.py took 0.023 seconds
[2023-06-14T14:49:09.931+0000] {processor.py:157} INFO - Started process (PID=9570) to work on /usr/local/lib/python3.8/dist-packages/airflow/example_dags/plugins/listener_plugin.py
[2023-06-14T14:49:09.932+0000] {processor.py:826} INFO - Processing file /usr/local/lib/python3.8/dist-packages/airflow/example_dags/plugins/listener_plugin.py for tasks to queue
[2023-06-14T14:49:09.935+0000] {logging_mixin.py:149} INFO - [2023-06-14T14:49:09.934+0000] {dagbag.py:541} INFO - Filling up the DagBag from /usr/local/lib/python3.8/dist-packages/airflow/example_dags/plugins/listener_plugin.py
[2023-06-14T14:49:09.937+0000] {processor.py:838} WARNING - No viable dags retrieved from /usr/local/lib/python3.8/dist-packages/airflow/example_dags/plugins/listener_plugin.py
[2023-06-14T14:49:09.949+0000] {processor.py:179} INFO - Processing /usr/local/lib/python3.8/dist-packages/airflow/example_dags/plugins/listener_plugin.py took 0.022 seconds
[2023-06-14T14:50:06.620+0000] {processor.py:157} INFO - Started process (PID=9729) to work on /usr/local/lib/python3.8/dist-packages/airflow/example_dags/plugins/listener_plugin.py
[2023-06-14T14:50:06.622+0000] {processor.py:826} INFO - Processing file /usr/local/lib/python3.8/dist-packages/airflow/example_dags/plugins/listener_plugin.py for tasks to queue
[2023-06-14T14:50:06.624+0000] {logging_mixin.py:149} INFO - [2023-06-14T14:50:06.624+0000] {dagbag.py:541} INFO - Filling up the DagBag from /usr/local/lib/python3.8/dist-packages/airflow/example_dags/plugins/listener_plugin.py
[2023-06-14T14:50:06.627+0000] {processor.py:838} WARNING - No viable dags retrieved from /usr/local/lib/python3.8/dist-packages/airflow/example_dags/plugins/listener_plugin.py
[2023-06-14T14:50:06.639+0000] {processor.py:179} INFO - Processing /usr/local/lib/python3.8/dist-packages/airflow/example_dags/plugins/listener_plugin.py took 0.022 seconds
[2023-06-14T14:50:57.317+0000] {processor.py:157} INFO - Started process (PID=9884) to work on /usr/local/lib/python3.8/dist-packages/airflow/example_dags/plugins/listener_plugin.py
[2023-06-14T14:50:57.318+0000] {processor.py:826} INFO - Processing file /usr/local/lib/python3.8/dist-packages/airflow/example_dags/plugins/listener_plugin.py for tasks to queue
[2023-06-14T14:50:57.320+0000] {logging_mixin.py:149} INFO - [2023-06-14T14:50:57.320+0000] {dagbag.py:541} INFO - Filling up the DagBag from /usr/local/lib/python3.8/dist-packages/airflow/example_dags/plugins/listener_plugin.py
[2023-06-14T14:50:57.323+0000] {processor.py:838} WARNING - No viable dags retrieved from /usr/local/lib/python3.8/dist-packages/airflow/example_dags/plugins/listener_plugin.py
[2023-06-14T14:50:57.335+0000] {processor.py:179} INFO - Processing /usr/local/lib/python3.8/dist-packages/airflow/example_dags/plugins/listener_plugin.py took 0.022 seconds
[2023-06-14T14:51:46.629+0000] {processor.py:157} INFO - Started process (PID=9936) to work on /usr/local/lib/python3.8/dist-packages/airflow/example_dags/plugins/listener_plugin.py
[2023-06-14T14:51:46.630+0000] {processor.py:826} INFO - Processing file /usr/local/lib/python3.8/dist-packages/airflow/example_dags/plugins/listener_plugin.py for tasks to queue
[2023-06-14T14:51:46.632+0000] {logging_mixin.py:149} INFO - [2023-06-14T14:51:46.632+0000] {dagbag.py:541} INFO - Filling up the DagBag from /usr/local/lib/python3.8/dist-packages/airflow/example_dags/plugins/listener_plugin.py
[2023-06-14T14:51:46.635+0000] {processor.py:838} WARNING - No viable dags retrieved from /usr/local/lib/python3.8/dist-packages/airflow/example_dags/plugins/listener_plugin.py
[2023-06-14T14:51:46.647+0000] {processor.py:179} INFO - Processing /usr/local/lib/python3.8/dist-packages/airflow/example_dags/plugins/listener_plugin.py took 0.023 seconds
[2023-06-14T14:52:35.857+0000] {processor.py:157} INFO - Started process (PID=10094) to work on /usr/local/lib/python3.8/dist-packages/airflow/example_dags/plugins/listener_plugin.py
[2023-06-14T14:52:35.858+0000] {processor.py:826} INFO - Processing file /usr/local/lib/python3.8/dist-packages/airflow/example_dags/plugins/listener_plugin.py for tasks to queue
[2023-06-14T14:52:35.861+0000] {logging_mixin.py:149} INFO - [2023-06-14T14:52:35.860+0000] {dagbag.py:541} INFO - Filling up the DagBag from /usr/local/lib/python3.8/dist-packages/airflow/example_dags/plugins/listener_plugin.py
[2023-06-14T14:52:35.863+0000] {processor.py:838} WARNING - No viable dags retrieved from /usr/local/lib/python3.8/dist-packages/airflow/example_dags/plugins/listener_plugin.py
[2023-06-14T14:52:35.875+0000] {processor.py:179} INFO - Processing /usr/local/lib/python3.8/dist-packages/airflow/example_dags/plugins/listener_plugin.py took 0.022 seconds
[2023-06-14T14:53:27.616+0000] {processor.py:157} INFO - Started process (PID=10249) to work on /usr/local/lib/python3.8/dist-packages/airflow/example_dags/plugins/listener_plugin.py
[2023-06-14T14:53:27.617+0000] {processor.py:826} INFO - Processing file /usr/local/lib/python3.8/dist-packages/airflow/example_dags/plugins/listener_plugin.py for tasks to queue
[2023-06-14T14:53:27.619+0000] {logging_mixin.py:149} INFO - [2023-06-14T14:53:27.619+0000] {dagbag.py:541} INFO - Filling up the DagBag from /usr/local/lib/python3.8/dist-packages/airflow/example_dags/plugins/listener_plugin.py
[2023-06-14T14:53:27.622+0000] {processor.py:838} WARNING - No viable dags retrieved from /usr/local/lib/python3.8/dist-packages/airflow/example_dags/plugins/listener_plugin.py
[2023-06-14T14:53:27.634+0000] {processor.py:179} INFO - Processing /usr/local/lib/python3.8/dist-packages/airflow/example_dags/plugins/listener_plugin.py took 0.022 seconds
[2023-06-14T14:54:22.054+0000] {processor.py:157} INFO - Started process (PID=10511) to work on /usr/local/lib/python3.8/dist-packages/airflow/example_dags/plugins/listener_plugin.py
[2023-06-14T14:54:22.056+0000] {processor.py:826} INFO - Processing file /usr/local/lib/python3.8/dist-packages/airflow/example_dags/plugins/listener_plugin.py for tasks to queue
[2023-06-14T14:54:22.059+0000] {logging_mixin.py:149} INFO - [2023-06-14T14:54:22.059+0000] {dagbag.py:541} INFO - Filling up the DagBag from /usr/local/lib/python3.8/dist-packages/airflow/example_dags/plugins/listener_plugin.py
[2023-06-14T14:54:22.061+0000] {processor.py:838} WARNING - No viable dags retrieved from /usr/local/lib/python3.8/dist-packages/airflow/example_dags/plugins/listener_plugin.py
[2023-06-14T14:54:22.072+0000] {processor.py:179} INFO - Processing /usr/local/lib/python3.8/dist-packages/airflow/example_dags/plugins/listener_plugin.py took 0.022 seconds
[2023-06-14T14:55:13.809+0000] {processor.py:157} INFO - Started process (PID=10768) to work on /usr/local/lib/python3.8/dist-packages/airflow/example_dags/plugins/listener_plugin.py
[2023-06-14T14:55:13.811+0000] {processor.py:826} INFO - Processing file /usr/local/lib/python3.8/dist-packages/airflow/example_dags/plugins/listener_plugin.py for tasks to queue
[2023-06-14T14:55:13.814+0000] {logging_mixin.py:149} INFO - [2023-06-14T14:55:13.813+0000] {dagbag.py:541} INFO - Filling up the DagBag from /usr/local/lib/python3.8/dist-packages/airflow/example_dags/plugins/listener_plugin.py
[2023-06-14T14:55:13.816+0000] {processor.py:838} WARNING - No viable dags retrieved from /usr/local/lib/python3.8/dist-packages/airflow/example_dags/plugins/listener_plugin.py
[2023-06-14T14:55:13.828+0000] {processor.py:179} INFO - Processing /usr/local/lib/python3.8/dist-packages/airflow/example_dags/plugins/listener_plugin.py took 0.022 seconds
[2023-06-14T14:56:08.616+0000] {processor.py:157} INFO - Started process (PID=10926) to work on /usr/local/lib/python3.8/dist-packages/airflow/example_dags/plugins/listener_plugin.py
[2023-06-14T14:56:08.617+0000] {processor.py:826} INFO - Processing file /usr/local/lib/python3.8/dist-packages/airflow/example_dags/plugins/listener_plugin.py for tasks to queue
[2023-06-14T14:56:08.621+0000] {logging_mixin.py:149} INFO - [2023-06-14T14:56:08.621+0000] {dagbag.py:541} INFO - Filling up the DagBag from /usr/local/lib/python3.8/dist-packages/airflow/example_dags/plugins/listener_plugin.py
[2023-06-14T14:56:08.625+0000] {processor.py:838} WARNING - No viable dags retrieved from /usr/local/lib/python3.8/dist-packages/airflow/example_dags/plugins/listener_plugin.py
[2023-06-14T14:56:08.637+0000] {processor.py:179} INFO - Processing /usr/local/lib/python3.8/dist-packages/airflow/example_dags/plugins/listener_plugin.py took 0.028 seconds
[2023-06-14T14:56:59.571+0000] {processor.py:157} INFO - Started process (PID=11083) to work on /usr/local/lib/python3.8/dist-packages/airflow/example_dags/plugins/listener_plugin.py
[2023-06-14T14:56:59.573+0000] {processor.py:826} INFO - Processing file /usr/local/lib/python3.8/dist-packages/airflow/example_dags/plugins/listener_plugin.py for tasks to queue
[2023-06-14T14:56:59.575+0000] {logging_mixin.py:149} INFO - [2023-06-14T14:56:59.575+0000] {dagbag.py:541} INFO - Filling up the DagBag from /usr/local/lib/python3.8/dist-packages/airflow/example_dags/plugins/listener_plugin.py
[2023-06-14T14:56:59.578+0000] {processor.py:838} WARNING - No viable dags retrieved from /usr/local/lib/python3.8/dist-packages/airflow/example_dags/plugins/listener_plugin.py
[2023-06-14T14:56:59.589+0000] {processor.py:179} INFO - Processing /usr/local/lib/python3.8/dist-packages/airflow/example_dags/plugins/listener_plugin.py took 0.022 seconds
[2023-06-14T14:57:49.488+0000] {processor.py:157} INFO - Started process (PID=11137) to work on /usr/local/lib/python3.8/dist-packages/airflow/example_dags/plugins/listener_plugin.py
[2023-06-14T14:57:49.489+0000] {processor.py:826} INFO - Processing file /usr/local/lib/python3.8/dist-packages/airflow/example_dags/plugins/listener_plugin.py for tasks to queue
[2023-06-14T14:57:49.492+0000] {logging_mixin.py:149} INFO - [2023-06-14T14:57:49.491+0000] {dagbag.py:541} INFO - Filling up the DagBag from /usr/local/lib/python3.8/dist-packages/airflow/example_dags/plugins/listener_plugin.py
[2023-06-14T14:57:49.494+0000] {processor.py:838} WARNING - No viable dags retrieved from /usr/local/lib/python3.8/dist-packages/airflow/example_dags/plugins/listener_plugin.py
[2023-06-14T14:57:49.506+0000] {processor.py:179} INFO - Processing /usr/local/lib/python3.8/dist-packages/airflow/example_dags/plugins/listener_plugin.py took 0.022 seconds
[2023-06-14T14:58:42.198+0000] {processor.py:157} INFO - Started process (PID=11293) to work on /usr/local/lib/python3.8/dist-packages/airflow/example_dags/plugins/listener_plugin.py
[2023-06-14T14:58:42.199+0000] {processor.py:826} INFO - Processing file /usr/local/lib/python3.8/dist-packages/airflow/example_dags/plugins/listener_plugin.py for tasks to queue
[2023-06-14T14:58:42.202+0000] {logging_mixin.py:149} INFO - [2023-06-14T14:58:42.202+0000] {dagbag.py:541} INFO - Filling up the DagBag from /usr/local/lib/python3.8/dist-packages/airflow/example_dags/plugins/listener_plugin.py
[2023-06-14T14:58:42.204+0000] {processor.py:838} WARNING - No viable dags retrieved from /usr/local/lib/python3.8/dist-packages/airflow/example_dags/plugins/listener_plugin.py
[2023-06-14T14:58:42.216+0000] {processor.py:179} INFO - Processing /usr/local/lib/python3.8/dist-packages/airflow/example_dags/plugins/listener_plugin.py took 0.022 seconds
[2023-06-14T14:59:25.753+0000] {processor.py:157} INFO - Started process (PID=11545) to work on /usr/local/lib/python3.8/dist-packages/airflow/example_dags/plugins/listener_plugin.py
[2023-06-14T14:59:25.755+0000] {processor.py:826} INFO - Processing file /usr/local/lib/python3.8/dist-packages/airflow/example_dags/plugins/listener_plugin.py for tasks to queue
[2023-06-14T14:59:25.757+0000] {logging_mixin.py:149} INFO - [2023-06-14T14:59:25.757+0000] {dagbag.py:541} INFO - Filling up the DagBag from /usr/local/lib/python3.8/dist-packages/airflow/example_dags/plugins/listener_plugin.py
[2023-06-14T14:59:25.760+0000] {processor.py:838} WARNING - No viable dags retrieved from /usr/local/lib/python3.8/dist-packages/airflow/example_dags/plugins/listener_plugin.py
[2023-06-14T14:59:25.771+0000] {processor.py:179} INFO - Processing /usr/local/lib/python3.8/dist-packages/airflow/example_dags/plugins/listener_plugin.py took 0.023 seconds
[2023-06-14T15:00:15.362+0000] {processor.py:157} INFO - Started process (PID=11701) to work on /usr/local/lib/python3.8/dist-packages/airflow/example_dags/plugins/listener_plugin.py
[2023-06-14T15:00:15.363+0000] {processor.py:826} INFO - Processing file /usr/local/lib/python3.8/dist-packages/airflow/example_dags/plugins/listener_plugin.py for tasks to queue
[2023-06-14T15:00:15.365+0000] {logging_mixin.py:149} INFO - [2023-06-14T15:00:15.365+0000] {dagbag.py:541} INFO - Filling up the DagBag from /usr/local/lib/python3.8/dist-packages/airflow/example_dags/plugins/listener_plugin.py
[2023-06-14T15:00:15.368+0000] {processor.py:838} WARNING - No viable dags retrieved from /usr/local/lib/python3.8/dist-packages/airflow/example_dags/plugins/listener_plugin.py
[2023-06-14T15:00:15.380+0000] {processor.py:179} INFO - Processing /usr/local/lib/python3.8/dist-packages/airflow/example_dags/plugins/listener_plugin.py took 0.022 seconds
[2023-06-14T15:01:07.032+0000] {processor.py:157} INFO - Started process (PID=11858) to work on /usr/local/lib/python3.8/dist-packages/airflow/example_dags/plugins/listener_plugin.py
[2023-06-14T15:01:07.033+0000] {processor.py:826} INFO - Processing file /usr/local/lib/python3.8/dist-packages/airflow/example_dags/plugins/listener_plugin.py for tasks to queue
[2023-06-14T15:01:07.036+0000] {logging_mixin.py:149} INFO - [2023-06-14T15:01:07.035+0000] {dagbag.py:541} INFO - Filling up the DagBag from /usr/local/lib/python3.8/dist-packages/airflow/example_dags/plugins/listener_plugin.py
[2023-06-14T15:01:07.038+0000] {processor.py:838} WARNING - No viable dags retrieved from /usr/local/lib/python3.8/dist-packages/airflow/example_dags/plugins/listener_plugin.py
[2023-06-14T15:01:07.050+0000] {processor.py:179} INFO - Processing /usr/local/lib/python3.8/dist-packages/airflow/example_dags/plugins/listener_plugin.py took 0.022 seconds
[2023-06-14T15:01:59.267+0000] {processor.py:157} INFO - Started process (PID=12013) to work on /usr/local/lib/python3.8/dist-packages/airflow/example_dags/plugins/listener_plugin.py
[2023-06-14T15:01:59.268+0000] {processor.py:826} INFO - Processing file /usr/local/lib/python3.8/dist-packages/airflow/example_dags/plugins/listener_plugin.py for tasks to queue
[2023-06-14T15:01:59.271+0000] {logging_mixin.py:149} INFO - [2023-06-14T15:01:59.271+0000] {dagbag.py:541} INFO - Filling up the DagBag from /usr/local/lib/python3.8/dist-packages/airflow/example_dags/plugins/listener_plugin.py
[2023-06-14T15:01:59.273+0000] {processor.py:838} WARNING - No viable dags retrieved from /usr/local/lib/python3.8/dist-packages/airflow/example_dags/plugins/listener_plugin.py
[2023-06-14T15:01:59.285+0000] {processor.py:179} INFO - Processing /usr/local/lib/python3.8/dist-packages/airflow/example_dags/plugins/listener_plugin.py took 0.022 seconds
[2023-06-14T15:02:49.695+0000] {processor.py:157} INFO - Started process (PID=12074) to work on /usr/local/lib/python3.8/dist-packages/airflow/example_dags/plugins/listener_plugin.py
[2023-06-14T15:02:49.697+0000] {processor.py:826} INFO - Processing file /usr/local/lib/python3.8/dist-packages/airflow/example_dags/plugins/listener_plugin.py for tasks to queue
[2023-06-14T15:02:49.699+0000] {logging_mixin.py:149} INFO - [2023-06-14T15:02:49.699+0000] {dagbag.py:541} INFO - Filling up the DagBag from /usr/local/lib/python3.8/dist-packages/airflow/example_dags/plugins/listener_plugin.py
[2023-06-14T15:02:49.701+0000] {processor.py:838} WARNING - No viable dags retrieved from /usr/local/lib/python3.8/dist-packages/airflow/example_dags/plugins/listener_plugin.py
[2023-06-14T15:02:49.714+0000] {processor.py:179} INFO - Processing /usr/local/lib/python3.8/dist-packages/airflow/example_dags/plugins/listener_plugin.py took 0.023 seconds
[2023-06-14T15:03:42.328+0000] {processor.py:157} INFO - Started process (PID=12333) to work on /usr/local/lib/python3.8/dist-packages/airflow/example_dags/plugins/listener_plugin.py
[2023-06-14T15:03:42.329+0000] {processor.py:826} INFO - Processing file /usr/local/lib/python3.8/dist-packages/airflow/example_dags/plugins/listener_plugin.py for tasks to queue
[2023-06-14T15:03:42.332+0000] {logging_mixin.py:149} INFO - [2023-06-14T15:03:42.332+0000] {dagbag.py:541} INFO - Filling up the DagBag from /usr/local/lib/python3.8/dist-packages/airflow/example_dags/plugins/listener_plugin.py
[2023-06-14T15:03:42.334+0000] {processor.py:838} WARNING - No viable dags retrieved from /usr/local/lib/python3.8/dist-packages/airflow/example_dags/plugins/listener_plugin.py
[2023-06-14T15:03:42.346+0000] {processor.py:179} INFO - Processing /usr/local/lib/python3.8/dist-packages/airflow/example_dags/plugins/listener_plugin.py took 0.022 seconds
[2023-06-14T15:04:32.691+0000] {processor.py:157} INFO - Started process (PID=12591) to work on /usr/local/lib/python3.8/dist-packages/airflow/example_dags/plugins/listener_plugin.py
[2023-06-14T15:04:32.692+0000] {processor.py:826} INFO - Processing file /usr/local/lib/python3.8/dist-packages/airflow/example_dags/plugins/listener_plugin.py for tasks to queue
[2023-06-14T15:04:32.695+0000] {logging_mixin.py:149} INFO - [2023-06-14T15:04:32.695+0000] {dagbag.py:541} INFO - Filling up the DagBag from /usr/local/lib/python3.8/dist-packages/airflow/example_dags/plugins/listener_plugin.py
[2023-06-14T15:04:32.698+0000] {processor.py:838} WARNING - No viable dags retrieved from /usr/local/lib/python3.8/dist-packages/airflow/example_dags/plugins/listener_plugin.py
[2023-06-14T15:04:32.709+0000] {processor.py:179} INFO - Processing /usr/local/lib/python3.8/dist-packages/airflow/example_dags/plugins/listener_plugin.py took 0.022 seconds
[2023-06-14T15:05:28.281+0000] {processor.py:157} INFO - Started process (PID=12987) to work on /usr/local/lib/python3.8/dist-packages/airflow/example_dags/plugins/listener_plugin.py
[2023-06-14T15:05:28.282+0000] {processor.py:826} INFO - Processing file /usr/local/lib/python3.8/dist-packages/airflow/example_dags/plugins/listener_plugin.py for tasks to queue
[2023-06-14T15:05:28.285+0000] {logging_mixin.py:149} INFO - [2023-06-14T15:05:28.284+0000] {dagbag.py:541} INFO - Filling up the DagBag from /usr/local/lib/python3.8/dist-packages/airflow/example_dags/plugins/listener_plugin.py
[2023-06-14T15:05:28.287+0000] {processor.py:838} WARNING - No viable dags retrieved from /usr/local/lib/python3.8/dist-packages/airflow/example_dags/plugins/listener_plugin.py
[2023-06-14T15:05:28.299+0000] {processor.py:179} INFO - Processing /usr/local/lib/python3.8/dist-packages/airflow/example_dags/plugins/listener_plugin.py took 0.023 seconds
[2023-06-14T15:06:22.780+0000] {processor.py:157} INFO - Started process (PID=13145) to work on /usr/local/lib/python3.8/dist-packages/airflow/example_dags/plugins/listener_plugin.py
[2023-06-14T15:06:22.782+0000] {processor.py:826} INFO - Processing file /usr/local/lib/python3.8/dist-packages/airflow/example_dags/plugins/listener_plugin.py for tasks to queue
[2023-06-14T15:06:22.785+0000] {logging_mixin.py:149} INFO - [2023-06-14T15:06:22.785+0000] {dagbag.py:541} INFO - Filling up the DagBag from /usr/local/lib/python3.8/dist-packages/airflow/example_dags/plugins/listener_plugin.py
[2023-06-14T15:06:22.787+0000] {processor.py:838} WARNING - No viable dags retrieved from /usr/local/lib/python3.8/dist-packages/airflow/example_dags/plugins/listener_plugin.py
[2023-06-14T15:06:22.799+0000] {processor.py:179} INFO - Processing /usr/local/lib/python3.8/dist-packages/airflow/example_dags/plugins/listener_plugin.py took 0.022 seconds
[2023-06-14T15:07:12.849+0000] {processor.py:157} INFO - Started process (PID=13408) to work on /usr/local/lib/python3.8/dist-packages/airflow/example_dags/plugins/listener_plugin.py
[2023-06-14T15:07:12.850+0000] {processor.py:826} INFO - Processing file /usr/local/lib/python3.8/dist-packages/airflow/example_dags/plugins/listener_plugin.py for tasks to queue
[2023-06-14T15:07:12.854+0000] {logging_mixin.py:149} INFO - [2023-06-14T15:07:12.854+0000] {dagbag.py:541} INFO - Filling up the DagBag from /usr/local/lib/python3.8/dist-packages/airflow/example_dags/plugins/listener_plugin.py
[2023-06-14T15:07:12.856+0000] {processor.py:838} WARNING - No viable dags retrieved from /usr/local/lib/python3.8/dist-packages/airflow/example_dags/plugins/listener_plugin.py
[2023-06-14T15:07:12.868+0000] {processor.py:179} INFO - Processing /usr/local/lib/python3.8/dist-packages/airflow/example_dags/plugins/listener_plugin.py took 0.023 seconds
[2023-06-14T15:08:04.319+0000] {processor.py:157} INFO - Started process (PID=13572) to work on /usr/local/lib/python3.8/dist-packages/airflow/example_dags/plugins/listener_plugin.py
[2023-06-14T15:08:04.320+0000] {processor.py:826} INFO - Processing file /usr/local/lib/python3.8/dist-packages/airflow/example_dags/plugins/listener_plugin.py for tasks to queue
[2023-06-14T15:08:04.323+0000] {logging_mixin.py:149} INFO - [2023-06-14T15:08:04.323+0000] {dagbag.py:541} INFO - Filling up the DagBag from /usr/local/lib/python3.8/dist-packages/airflow/example_dags/plugins/listener_plugin.py
[2023-06-14T15:08:04.325+0000] {processor.py:838} WARNING - No viable dags retrieved from /usr/local/lib/python3.8/dist-packages/airflow/example_dags/plugins/listener_plugin.py
[2023-06-14T15:08:04.338+0000] {processor.py:179} INFO - Processing /usr/local/lib/python3.8/dist-packages/airflow/example_dags/plugins/listener_plugin.py took 0.023 seconds
[2023-06-14T15:08:54.760+0000] {processor.py:157} INFO - Started process (PID=13727) to work on /usr/local/lib/python3.8/dist-packages/airflow/example_dags/plugins/listener_plugin.py
[2023-06-14T15:08:54.762+0000] {processor.py:826} INFO - Processing file /usr/local/lib/python3.8/dist-packages/airflow/example_dags/plugins/listener_plugin.py for tasks to queue
[2023-06-14T15:08:54.764+0000] {logging_mixin.py:149} INFO - [2023-06-14T15:08:54.764+0000] {dagbag.py:541} INFO - Filling up the DagBag from /usr/local/lib/python3.8/dist-packages/airflow/example_dags/plugins/listener_plugin.py
[2023-06-14T15:08:54.767+0000] {processor.py:838} WARNING - No viable dags retrieved from /usr/local/lib/python3.8/dist-packages/airflow/example_dags/plugins/listener_plugin.py
[2023-06-14T15:08:54.778+0000] {processor.py:179} INFO - Processing /usr/local/lib/python3.8/dist-packages/airflow/example_dags/plugins/listener_plugin.py took 0.022 seconds
[2023-06-14T15:09:43.196+0000] {processor.py:157} INFO - Started process (PID=13880) to work on /usr/local/lib/python3.8/dist-packages/airflow/example_dags/plugins/listener_plugin.py
[2023-06-14T15:09:43.197+0000] {processor.py:826} INFO - Processing file /usr/local/lib/python3.8/dist-packages/airflow/example_dags/plugins/listener_plugin.py for tasks to queue
[2023-06-14T15:09:43.201+0000] {logging_mixin.py:149} INFO - [2023-06-14T15:09:43.200+0000] {dagbag.py:541} INFO - Filling up the DagBag from /usr/local/lib/python3.8/dist-packages/airflow/example_dags/plugins/listener_plugin.py
[2023-06-14T15:09:43.203+0000] {processor.py:838} WARNING - No viable dags retrieved from /usr/local/lib/python3.8/dist-packages/airflow/example_dags/plugins/listener_plugin.py
[2023-06-14T15:09:43.214+0000] {processor.py:179} INFO - Processing /usr/local/lib/python3.8/dist-packages/airflow/example_dags/plugins/listener_plugin.py took 0.022 seconds
[2023-06-14T15:10:36.744+0000] {processor.py:157} INFO - Started process (PID=14036) to work on /usr/local/lib/python3.8/dist-packages/airflow/example_dags/plugins/listener_plugin.py
[2023-06-14T15:10:36.746+0000] {processor.py:826} INFO - Processing file /usr/local/lib/python3.8/dist-packages/airflow/example_dags/plugins/listener_plugin.py for tasks to queue
[2023-06-14T15:10:36.748+0000] {logging_mixin.py:149} INFO - [2023-06-14T15:10:36.748+0000] {dagbag.py:541} INFO - Filling up the DagBag from /usr/local/lib/python3.8/dist-packages/airflow/example_dags/plugins/listener_plugin.py
[2023-06-14T15:10:36.751+0000] {processor.py:838} WARNING - No viable dags retrieved from /usr/local/lib/python3.8/dist-packages/airflow/example_dags/plugins/listener_plugin.py
[2023-06-14T15:10:36.763+0000] {processor.py:179} INFO - Processing /usr/local/lib/python3.8/dist-packages/airflow/example_dags/plugins/listener_plugin.py took 0.023 seconds
[2023-06-14T15:11:19.838+0000] {processor.py:157} INFO - Started process (PID=14188) to work on /usr/local/lib/python3.8/dist-packages/airflow/example_dags/plugins/listener_plugin.py
[2023-06-14T15:11:19.840+0000] {processor.py:826} INFO - Processing file /usr/local/lib/python3.8/dist-packages/airflow/example_dags/plugins/listener_plugin.py for tasks to queue
[2023-06-14T15:11:19.842+0000] {logging_mixin.py:149} INFO - [2023-06-14T15:11:19.842+0000] {dagbag.py:541} INFO - Filling up the DagBag from /usr/local/lib/python3.8/dist-packages/airflow/example_dags/plugins/listener_plugin.py
[2023-06-14T15:11:19.845+0000] {processor.py:838} WARNING - No viable dags retrieved from /usr/local/lib/python3.8/dist-packages/airflow/example_dags/plugins/listener_plugin.py
[2023-06-14T15:11:19.858+0000] {processor.py:179} INFO - Processing /usr/local/lib/python3.8/dist-packages/airflow/example_dags/plugins/listener_plugin.py took 0.024 seconds
[2023-06-14T15:12:14.077+0000] {processor.py:157} INFO - Started process (PID=14350) to work on /usr/local/lib/python3.8/dist-packages/airflow/example_dags/plugins/listener_plugin.py
[2023-06-14T15:12:14.079+0000] {processor.py:826} INFO - Processing file /usr/local/lib/python3.8/dist-packages/airflow/example_dags/plugins/listener_plugin.py for tasks to queue
[2023-06-14T15:12:14.082+0000] {logging_mixin.py:149} INFO - [2023-06-14T15:12:14.081+0000] {dagbag.py:541} INFO - Filling up the DagBag from /usr/local/lib/python3.8/dist-packages/airflow/example_dags/plugins/listener_plugin.py
[2023-06-14T15:12:14.084+0000] {processor.py:838} WARNING - No viable dags retrieved from /usr/local/lib/python3.8/dist-packages/airflow/example_dags/plugins/listener_plugin.py
[2023-06-14T15:12:14.096+0000] {processor.py:179} INFO - Processing /usr/local/lib/python3.8/dist-packages/airflow/example_dags/plugins/listener_plugin.py took 0.022 seconds
[2023-06-14T15:13:05.979+0000] {processor.py:157} INFO - Started process (PID=14505) to work on /usr/local/lib/python3.8/dist-packages/airflow/example_dags/plugins/listener_plugin.py
[2023-06-14T15:13:05.980+0000] {processor.py:826} INFO - Processing file /usr/local/lib/python3.8/dist-packages/airflow/example_dags/plugins/listener_plugin.py for tasks to queue
[2023-06-14T15:13:05.983+0000] {logging_mixin.py:149} INFO - [2023-06-14T15:13:05.983+0000] {dagbag.py:541} INFO - Filling up the DagBag from /usr/local/lib/python3.8/dist-packages/airflow/example_dags/plugins/listener_plugin.py
[2023-06-14T15:13:05.986+0000] {processor.py:838} WARNING - No viable dags retrieved from /usr/local/lib/python3.8/dist-packages/airflow/example_dags/plugins/listener_plugin.py
[2023-06-14T15:13:05.997+0000] {processor.py:179} INFO - Processing /usr/local/lib/python3.8/dist-packages/airflow/example_dags/plugins/listener_plugin.py took 0.022 seconds
[2023-06-14T15:13:56.774+0000] {processor.py:157} INFO - Started process (PID=14681) to work on /usr/local/lib/python3.8/dist-packages/airflow/example_dags/plugins/listener_plugin.py
[2023-06-14T15:13:56.776+0000] {processor.py:826} INFO - Processing file /usr/local/lib/python3.8/dist-packages/airflow/example_dags/plugins/listener_plugin.py for tasks to queue
[2023-06-14T15:13:56.779+0000] {logging_mixin.py:149} INFO - [2023-06-14T15:13:56.779+0000] {dagbag.py:541} INFO - Filling up the DagBag from /usr/local/lib/python3.8/dist-packages/airflow/example_dags/plugins/listener_plugin.py
[2023-06-14T15:13:56.782+0000] {processor.py:838} WARNING - No viable dags retrieved from /usr/local/lib/python3.8/dist-packages/airflow/example_dags/plugins/listener_plugin.py
[2023-06-14T15:13:56.793+0000] {processor.py:179} INFO - Processing /usr/local/lib/python3.8/dist-packages/airflow/example_dags/plugins/listener_plugin.py took 0.023 seconds
[2023-06-14T15:14:44.861+0000] {processor.py:157} INFO - Started process (PID=14814) to work on /usr/local/lib/python3.8/dist-packages/airflow/example_dags/plugins/listener_plugin.py
[2023-06-14T15:14:44.863+0000] {processor.py:826} INFO - Processing file /usr/local/lib/python3.8/dist-packages/airflow/example_dags/plugins/listener_plugin.py for tasks to queue
[2023-06-14T15:14:44.866+0000] {logging_mixin.py:149} INFO - [2023-06-14T15:14:44.866+0000] {dagbag.py:541} INFO - Filling up the DagBag from /usr/local/lib/python3.8/dist-packages/airflow/example_dags/plugins/listener_plugin.py
[2023-06-14T15:14:44.869+0000] {processor.py:838} WARNING - No viable dags retrieved from /usr/local/lib/python3.8/dist-packages/airflow/example_dags/plugins/listener_plugin.py
[2023-06-14T15:14:44.880+0000] {processor.py:179} INFO - Processing /usr/local/lib/python3.8/dist-packages/airflow/example_dags/plugins/listener_plugin.py took 0.023 seconds
[2023-06-14T15:15:37.168+0000] {processor.py:157} INFO - Started process (PID=14969) to work on /usr/local/lib/python3.8/dist-packages/airflow/example_dags/plugins/listener_plugin.py
[2023-06-14T15:15:37.169+0000] {processor.py:826} INFO - Processing file /usr/local/lib/python3.8/dist-packages/airflow/example_dags/plugins/listener_plugin.py for tasks to queue
[2023-06-14T15:15:37.172+0000] {logging_mixin.py:149} INFO - [2023-06-14T15:15:37.172+0000] {dagbag.py:541} INFO - Filling up the DagBag from /usr/local/lib/python3.8/dist-packages/airflow/example_dags/plugins/listener_plugin.py
[2023-06-14T15:15:37.174+0000] {processor.py:838} WARNING - No viable dags retrieved from /usr/local/lib/python3.8/dist-packages/airflow/example_dags/plugins/listener_plugin.py
[2023-06-14T15:15:37.186+0000] {processor.py:179} INFO - Processing /usr/local/lib/python3.8/dist-packages/airflow/example_dags/plugins/listener_plugin.py took 0.022 seconds
