[2023-06-20T11:13:55.246+0000] {taskinstance.py:1103} INFO - Dependencies all met for dep_context=non-requeueable deps ti=<TaskInstance: airflow_dbt.dbt_task.model.jaffle_shop.stg_orders manual__2023-06-20T11:13:06.724880+00:00 [queued]>
[2023-06-20T11:13:55.254+0000] {taskinstance.py:1103} INFO - Dependencies all met for dep_context=requeueable deps ti=<TaskInstance: airflow_dbt.dbt_task.model.jaffle_shop.stg_orders manual__2023-06-20T11:13:06.724880+00:00 [queued]>
[2023-06-20T11:13:55.254+0000] {taskinstance.py:1308} INFO - Starting attempt 1 of 1
[2023-06-20T11:13:55.278+0000] {taskinstance.py:1327} INFO - Executing <Task(BashOperator): dbt_task.model.jaffle_shop.stg_orders> on 2023-06-20 11:13:06.724880+00:00
[2023-06-20T11:13:55.281+0000] {standard_task_runner.py:57} INFO - Started process 7583 to run task
[2023-06-20T11:13:55.286+0000] {standard_task_runner.py:84} INFO - Running: ['airflow', 'tasks', 'run', 'airflow_dbt', 'dbt_task.model.jaffle_shop.stg_orders', 'manual__2023-06-20T11:13:06.724880+00:00', '--job-id', '133', '--raw', '--subdir', 'DAGS_FOLDER/dbt_dag.py', '--cfg-path', '/tmp/tmp0fl9sw2y']
[2023-06-20T11:13:55.287+0000] {standard_task_runner.py:85} INFO - Job 133: Subtask dbt_task.model.jaffle_shop.stg_orders
[2023-06-20T11:13:55.341+0000] {task_command.py:410} INFO - Running <TaskInstance: airflow_dbt.dbt_task.model.jaffle_shop.stg_orders manual__2023-06-20T11:13:06.724880+00:00 [running]> on host ubuntu.thbnzb0d3dmuziyfg2t53bofqb.tx.internal.cloudapp.net
[2023-06-20T11:13:55.746+0000] {taskinstance.py:1545} INFO - Exporting env vars: AIRFLOW_CTX_DAG_OWNER='airflow' AIRFLOW_CTX_DAG_ID='airflow_dbt' AIRFLOW_CTX_TASK_ID='dbt_task.model.jaffle_shop.stg_orders' AIRFLOW_CTX_EXECUTION_DATE='2023-06-20T11:13:06.724880+00:00' AIRFLOW_CTX_TRY_NUMBER='1' AIRFLOW_CTX_DAG_RUN_ID='manual__2023-06-20T11:13:06.724880+00:00'
[2023-06-20T11:13:55.747+0000] {subprocess.py:63} INFO - Tmp dir root location: 
 /tmp
[2023-06-20T11:13:55.748+0000] {subprocess.py:75} INFO - Running command: ['/usr/bin/bash', '-c', 'cd /home/satyam/airflow/dags/dbt/ && dbt run --models stg_orders']
[2023-06-20T11:13:55.764+0000] {subprocess.py:86} INFO - Output:
[2023-06-20T11:13:58.356+0000] {subprocess.py:93} INFO - [0m11:13:58  Running with dbt=1.5.1
[2023-06-20T11:13:58.768+0000] {subprocess.py:93} INFO - [0m11:13:58  Found 5 models, 0 tests, 0 snapshots, 0 analyses, 321 macros, 0 operations, 0 seed files, 0 sources, 0 exposures, 0 metrics, 0 groups
[2023-06-20T11:13:58.770+0000] {subprocess.py:93} INFO - [0m11:13:58
[2023-06-20T11:13:59.938+0000] {subprocess.py:93} INFO - [0m11:13:59  Concurrency: 1 threads (target='dev')
[2023-06-20T11:13:59.938+0000] {subprocess.py:93} INFO - [0m11:13:59
[2023-06-20T11:13:59.945+0000] {subprocess.py:93} INFO - [0m11:13:59  1 of 1 START sql view model learn_dbt.stg_orders ............................... [RUN]
[2023-06-20T11:14:00.488+0000] {subprocess.py:93} INFO - [0m11:14:00  1 of 1 OK created sql view model learn_dbt.stg_orders .......................... [[32mSUCCESS 1[0m in 0.54s]
[2023-06-20T11:14:00.492+0000] {subprocess.py:93} INFO - [0m11:14:00
[2023-06-20T11:14:00.493+0000] {subprocess.py:93} INFO - [0m11:14:00  Finished running 1 view model in 0 hours 0 minutes and 1.72 seconds (1.72s).
[2023-06-20T11:14:00.505+0000] {subprocess.py:93} INFO - [0m11:14:00
[2023-06-20T11:14:00.506+0000] {subprocess.py:93} INFO - [0m11:14:00  [32mCompleted successfully[0m
[2023-06-20T11:14:00.506+0000] {subprocess.py:93} INFO - [0m11:14:00
[2023-06-20T11:14:00.507+0000] {subprocess.py:93} INFO - [0m11:14:00  Done. PASS=1 WARN=0 ERROR=0 SKIP=0 TOTAL=1
[2023-06-20T11:14:01.742+0000] {subprocess.py:97} INFO - Command exited with return code 0
[2023-06-20T11:14:01.773+0000] {taskinstance.py:1345} INFO - Marking task as SUCCESS. dag_id=airflow_dbt, task_id=dbt_task.model.jaffle_shop.stg_orders, execution_date=20230620T111306, start_date=20230620T111355, end_date=20230620T111401
[2023-06-20T11:14:01.826+0000] {local_task_job_runner.py:225} INFO - Task exited with return code 0
[2023-06-20T11:14:01.955+0000] {taskinstance.py:2651} INFO - 0 downstream tasks scheduled from follow-on schedule check
