[2023-06-23T16:08:11.293+0000] {processor.py:157} INFO - Started process (PID=46462) to work on /home/satyam/airflow/dags/task_builder.py
[2023-06-23T16:08:11.295+0000] {processor.py:826} INFO - Processing file /home/satyam/airflow/dags/task_builder.py for tasks to queue
[2023-06-23T16:08:11.296+0000] {logging_mixin.py:149} INFO - [2023-06-23T16:08:11.296+0000] {dagbag.py:541} INFO - Filling up the DagBag from /home/satyam/airflow/dags/task_builder.py
[2023-06-23T16:08:11.298+0000] {processor.py:838} WARNING - No viable dags retrieved from /home/satyam/airflow/dags/task_builder.py
[2023-06-23T16:08:11.312+0000] {processor.py:179} INFO - Processing /home/satyam/airflow/dags/task_builder.py took 0.023 seconds
[2023-06-23T16:08:42.460+0000] {processor.py:157} INFO - Started process (PID=46627) to work on /home/satyam/airflow/dags/task_builder.py
[2023-06-23T16:08:42.461+0000] {processor.py:826} INFO - Processing file /home/satyam/airflow/dags/task_builder.py for tasks to queue
[2023-06-23T16:08:42.462+0000] {logging_mixin.py:149} INFO - [2023-06-23T16:08:42.462+0000] {dagbag.py:541} INFO - Filling up the DagBag from /home/satyam/airflow/dags/task_builder.py
[2023-06-23T16:08:42.464+0000] {processor.py:838} WARNING - No viable dags retrieved from /home/satyam/airflow/dags/task_builder.py
[2023-06-23T16:08:42.479+0000] {processor.py:179} INFO - Processing /home/satyam/airflow/dags/task_builder.py took 0.023 seconds
[2023-06-23T16:09:09.804+0000] {processor.py:157} INFO - Started process (PID=46680) to work on /home/satyam/airflow/dags/task_builder.py
[2023-06-23T16:09:09.805+0000] {processor.py:826} INFO - Processing file /home/satyam/airflow/dags/task_builder.py for tasks to queue
[2023-06-23T16:09:09.806+0000] {logging_mixin.py:149} INFO - [2023-06-23T16:09:09.806+0000] {dagbag.py:541} INFO - Filling up the DagBag from /home/satyam/airflow/dags/task_builder.py
[2023-06-23T16:09:09.808+0000] {processor.py:838} WARNING - No viable dags retrieved from /home/satyam/airflow/dags/task_builder.py
[2023-06-23T16:09:09.821+0000] {processor.py:179} INFO - Processing /home/satyam/airflow/dags/task_builder.py took 0.022 seconds
[2023-06-23T16:09:32.806+0000] {processor.py:157} INFO - Started process (PID=46788) to work on /home/satyam/airflow/dags/task_builder.py
[2023-06-23T16:09:32.807+0000] {processor.py:826} INFO - Processing file /home/satyam/airflow/dags/task_builder.py for tasks to queue
[2023-06-23T16:09:32.808+0000] {logging_mixin.py:149} INFO - [2023-06-23T16:09:32.808+0000] {dagbag.py:541} INFO - Filling up the DagBag from /home/satyam/airflow/dags/task_builder.py
[2023-06-23T16:09:32.811+0000] {processor.py:838} WARNING - No viable dags retrieved from /home/satyam/airflow/dags/task_builder.py
[2023-06-23T16:09:32.825+0000] {processor.py:179} INFO - Processing /home/satyam/airflow/dags/task_builder.py took 0.024 seconds
[2023-06-23T16:09:54.293+0000] {processor.py:157} INFO - Started process (PID=46831) to work on /home/satyam/airflow/dags/task_builder.py
[2023-06-23T16:09:54.294+0000] {processor.py:826} INFO - Processing file /home/satyam/airflow/dags/task_builder.py for tasks to queue
[2023-06-23T16:09:54.295+0000] {logging_mixin.py:149} INFO - [2023-06-23T16:09:54.295+0000] {dagbag.py:541} INFO - Filling up the DagBag from /home/satyam/airflow/dags/task_builder.py
[2023-06-23T16:09:54.297+0000] {processor.py:838} WARNING - No viable dags retrieved from /home/satyam/airflow/dags/task_builder.py
[2023-06-23T16:09:54.324+0000] {processor.py:179} INFO - Processing /home/satyam/airflow/dags/task_builder.py took 0.036 seconds
[2023-06-23T16:10:25.126+0000] {processor.py:157} INFO - Started process (PID=47013) to work on /home/satyam/airflow/dags/task_builder.py
[2023-06-23T16:10:25.127+0000] {processor.py:826} INFO - Processing file /home/satyam/airflow/dags/task_builder.py for tasks to queue
[2023-06-23T16:10:25.128+0000] {logging_mixin.py:149} INFO - [2023-06-23T16:10:25.128+0000] {dagbag.py:541} INFO - Filling up the DagBag from /home/satyam/airflow/dags/task_builder.py
[2023-06-23T16:10:25.131+0000] {processor.py:838} WARNING - No viable dags retrieved from /home/satyam/airflow/dags/task_builder.py
[2023-06-23T16:10:25.146+0000] {processor.py:179} INFO - Processing /home/satyam/airflow/dags/task_builder.py took 0.024 seconds
[2023-06-23T16:10:47.260+0000] {processor.py:157} INFO - Started process (PID=47060) to work on /home/satyam/airflow/dags/task_builder.py
[2023-06-23T16:10:47.261+0000] {processor.py:826} INFO - Processing file /home/satyam/airflow/dags/task_builder.py for tasks to queue
[2023-06-23T16:10:47.262+0000] {logging_mixin.py:149} INFO - [2023-06-23T16:10:47.262+0000] {dagbag.py:541} INFO - Filling up the DagBag from /home/satyam/airflow/dags/task_builder.py
[2023-06-23T16:10:47.264+0000] {processor.py:838} WARNING - No viable dags retrieved from /home/satyam/airflow/dags/task_builder.py
[2023-06-23T16:10:47.278+0000] {processor.py:179} INFO - Processing /home/satyam/airflow/dags/task_builder.py took 0.023 seconds
[2023-06-23T16:11:14.439+0000] {processor.py:157} INFO - Started process (PID=47180) to work on /home/satyam/airflow/dags/task_builder.py
[2023-06-23T16:11:14.440+0000] {processor.py:826} INFO - Processing file /home/satyam/airflow/dags/task_builder.py for tasks to queue
[2023-06-23T16:11:14.441+0000] {logging_mixin.py:149} INFO - [2023-06-23T16:11:14.441+0000] {dagbag.py:541} INFO - Filling up the DagBag from /home/satyam/airflow/dags/task_builder.py
[2023-06-23T16:11:14.443+0000] {processor.py:838} WARNING - No viable dags retrieved from /home/satyam/airflow/dags/task_builder.py
[2023-06-23T16:11:14.457+0000] {processor.py:179} INFO - Processing /home/satyam/airflow/dags/task_builder.py took 0.022 seconds
[2023-06-23T16:11:40.446+0000] {processor.py:157} INFO - Started process (PID=47229) to work on /home/satyam/airflow/dags/task_builder.py
[2023-06-23T16:11:40.447+0000] {processor.py:826} INFO - Processing file /home/satyam/airflow/dags/task_builder.py for tasks to queue
[2023-06-23T16:11:40.448+0000] {logging_mixin.py:149} INFO - [2023-06-23T16:11:40.448+0000] {dagbag.py:541} INFO - Filling up the DagBag from /home/satyam/airflow/dags/task_builder.py
[2023-06-23T16:11:40.451+0000] {processor.py:838} WARNING - No viable dags retrieved from /home/satyam/airflow/dags/task_builder.py
[2023-06-23T16:11:40.464+0000] {processor.py:179} INFO - Processing /home/satyam/airflow/dags/task_builder.py took 0.023 seconds
[2023-06-23T16:12:05.865+0000] {processor.py:157} INFO - Started process (PID=47281) to work on /home/satyam/airflow/dags/task_builder.py
[2023-06-23T16:12:05.866+0000] {processor.py:826} INFO - Processing file /home/satyam/airflow/dags/task_builder.py for tasks to queue
[2023-06-23T16:12:05.867+0000] {logging_mixin.py:149} INFO - [2023-06-23T16:12:05.867+0000] {dagbag.py:541} INFO - Filling up the DagBag from /home/satyam/airflow/dags/task_builder.py
[2023-06-23T16:12:05.869+0000] {processor.py:838} WARNING - No viable dags retrieved from /home/satyam/airflow/dags/task_builder.py
[2023-06-23T16:12:05.884+0000] {processor.py:179} INFO - Processing /home/satyam/airflow/dags/task_builder.py took 0.023 seconds
[2023-06-23T16:12:32.207+0000] {processor.py:157} INFO - Started process (PID=47397) to work on /home/satyam/airflow/dags/task_builder.py
[2023-06-23T16:12:32.208+0000] {processor.py:826} INFO - Processing file /home/satyam/airflow/dags/task_builder.py for tasks to queue
[2023-06-23T16:12:32.209+0000] {logging_mixin.py:149} INFO - [2023-06-23T16:12:32.209+0000] {dagbag.py:541} INFO - Filling up the DagBag from /home/satyam/airflow/dags/task_builder.py
[2023-06-23T16:12:32.211+0000] {processor.py:838} WARNING - No viable dags retrieved from /home/satyam/airflow/dags/task_builder.py
[2023-06-23T16:12:32.225+0000] {processor.py:179} INFO - Processing /home/satyam/airflow/dags/task_builder.py took 0.022 seconds
[2023-06-23T16:12:56.751+0000] {processor.py:157} INFO - Started process (PID=47446) to work on /home/satyam/airflow/dags/task_builder.py
[2023-06-23T16:12:56.752+0000] {processor.py:826} INFO - Processing file /home/satyam/airflow/dags/task_builder.py for tasks to queue
[2023-06-23T16:12:56.753+0000] {logging_mixin.py:149} INFO - [2023-06-23T16:12:56.753+0000] {dagbag.py:541} INFO - Filling up the DagBag from /home/satyam/airflow/dags/task_builder.py
[2023-06-23T16:12:56.755+0000] {processor.py:838} WARNING - No viable dags retrieved from /home/satyam/airflow/dags/task_builder.py
[2023-06-23T16:12:56.769+0000] {processor.py:179} INFO - Processing /home/satyam/airflow/dags/task_builder.py took 0.023 seconds
[2023-06-23T16:13:29.058+0000] {processor.py:157} INFO - Started process (PID=47569) to work on /home/satyam/airflow/dags/task_builder.py
[2023-06-23T16:13:29.060+0000] {processor.py:826} INFO - Processing file /home/satyam/airflow/dags/task_builder.py for tasks to queue
[2023-06-23T16:13:29.061+0000] {logging_mixin.py:149} INFO - [2023-06-23T16:13:29.061+0000] {dagbag.py:541} INFO - Filling up the DagBag from /home/satyam/airflow/dags/task_builder.py
[2023-06-23T16:13:29.065+0000] {processor.py:838} WARNING - No viable dags retrieved from /home/satyam/airflow/dags/task_builder.py
[2023-06-23T16:13:29.086+0000] {processor.py:179} INFO - Processing /home/satyam/airflow/dags/task_builder.py took 0.036 seconds
[2023-06-23T16:13:48.972+0000] {processor.py:157} INFO - Started process (PID=47611) to work on /home/satyam/airflow/dags/task_builder.py
[2023-06-23T16:13:48.973+0000] {processor.py:826} INFO - Processing file /home/satyam/airflow/dags/task_builder.py for tasks to queue
[2023-06-23T16:13:48.974+0000] {logging_mixin.py:149} INFO - [2023-06-23T16:13:48.974+0000] {dagbag.py:541} INFO - Filling up the DagBag from /home/satyam/airflow/dags/task_builder.py
[2023-06-23T16:13:48.977+0000] {processor.py:838} WARNING - No viable dags retrieved from /home/satyam/airflow/dags/task_builder.py
[2023-06-23T16:13:48.993+0000] {processor.py:179} INFO - Processing /home/satyam/airflow/dags/task_builder.py took 0.025 seconds
[2023-06-23T16:14:19.704+0000] {processor.py:157} INFO - Started process (PID=47793) to work on /home/satyam/airflow/dags/task_builder.py
[2023-06-23T16:14:19.705+0000] {processor.py:826} INFO - Processing file /home/satyam/airflow/dags/task_builder.py for tasks to queue
[2023-06-23T16:14:19.706+0000] {logging_mixin.py:149} INFO - [2023-06-23T16:14:19.706+0000] {dagbag.py:541} INFO - Filling up the DagBag from /home/satyam/airflow/dags/task_builder.py
[2023-06-23T16:14:19.708+0000] {processor.py:838} WARNING - No viable dags retrieved from /home/satyam/airflow/dags/task_builder.py
[2023-06-23T16:14:19.723+0000] {processor.py:179} INFO - Processing /home/satyam/airflow/dags/task_builder.py took 0.024 seconds
[2023-06-23T16:14:40.036+0000] {processor.py:157} INFO - Started process (PID=47834) to work on /home/satyam/airflow/dags/task_builder.py
[2023-06-23T16:14:40.038+0000] {processor.py:826} INFO - Processing file /home/satyam/airflow/dags/task_builder.py for tasks to queue
[2023-06-23T16:14:40.038+0000] {logging_mixin.py:149} INFO - [2023-06-23T16:14:40.038+0000] {dagbag.py:541} INFO - Filling up the DagBag from /home/satyam/airflow/dags/task_builder.py
[2023-06-23T16:14:40.041+0000] {processor.py:838} WARNING - No viable dags retrieved from /home/satyam/airflow/dags/task_builder.py
[2023-06-23T16:14:40.057+0000] {processor.py:179} INFO - Processing /home/satyam/airflow/dags/task_builder.py took 0.026 seconds
[2023-06-23T16:15:11.839+0000] {processor.py:157} INFO - Started process (PID=48068) to work on /home/satyam/airflow/dags/task_builder.py
[2023-06-23T16:15:11.840+0000] {processor.py:826} INFO - Processing file /home/satyam/airflow/dags/task_builder.py for tasks to queue
[2023-06-23T16:15:11.841+0000] {logging_mixin.py:149} INFO - [2023-06-23T16:15:11.841+0000] {dagbag.py:541} INFO - Filling up the DagBag from /home/satyam/airflow/dags/task_builder.py
[2023-06-23T16:15:11.844+0000] {processor.py:838} WARNING - No viable dags retrieved from /home/satyam/airflow/dags/task_builder.py
[2023-06-23T16:15:11.858+0000] {processor.py:179} INFO - Processing /home/satyam/airflow/dags/task_builder.py took 0.023 seconds
[2023-06-23T16:15:28.459+0000] {processor.py:157} INFO - Started process (PID=48137) to work on /home/satyam/airflow/dags/task_builder.py
[2023-06-23T16:15:28.460+0000] {processor.py:826} INFO - Processing file /home/satyam/airflow/dags/task_builder.py for tasks to queue
[2023-06-23T16:15:28.460+0000] {logging_mixin.py:149} INFO - [2023-06-23T16:15:28.460+0000] {dagbag.py:541} INFO - Filling up the DagBag from /home/satyam/airflow/dags/task_builder.py
[2023-06-23T16:15:28.462+0000] {processor.py:838} WARNING - No viable dags retrieved from /home/satyam/airflow/dags/task_builder.py
[2023-06-23T16:15:28.476+0000] {processor.py:179} INFO - Processing /home/satyam/airflow/dags/task_builder.py took 0.022 seconds
[2023-06-23T16:16:05.558+0000] {processor.py:157} INFO - Started process (PID=48219) to work on /home/satyam/airflow/dags/task_builder.py
[2023-06-23T16:16:05.560+0000] {processor.py:826} INFO - Processing file /home/satyam/airflow/dags/task_builder.py for tasks to queue
[2023-06-23T16:16:05.561+0000] {logging_mixin.py:149} INFO - [2023-06-23T16:16:05.561+0000] {dagbag.py:541} INFO - Filling up the DagBag from /home/satyam/airflow/dags/task_builder.py
[2023-06-23T16:16:05.563+0000] {processor.py:838} WARNING - No viable dags retrieved from /home/satyam/airflow/dags/task_builder.py
[2023-06-23T16:16:05.576+0000] {processor.py:179} INFO - Processing /home/satyam/airflow/dags/task_builder.py took 0.022 seconds
[2023-06-23T16:16:17.679+0000] {processor.py:157} INFO - Started process (PID=48303) to work on /home/satyam/airflow/dags/task_builder.py
[2023-06-23T16:16:17.681+0000] {processor.py:826} INFO - Processing file /home/satyam/airflow/dags/task_builder.py for tasks to queue
[2023-06-23T16:16:17.682+0000] {logging_mixin.py:149} INFO - [2023-06-23T16:16:17.681+0000] {dagbag.py:541} INFO - Filling up the DagBag from /home/satyam/airflow/dags/task_builder.py
[2023-06-23T16:16:17.684+0000] {processor.py:838} WARNING - No viable dags retrieved from /home/satyam/airflow/dags/task_builder.py
[2023-06-23T16:16:17.697+0000] {processor.py:179} INFO - Processing /home/satyam/airflow/dags/task_builder.py took 0.021 seconds
[2023-06-23T16:17:02.302+0000] {processor.py:157} INFO - Started process (PID=48395) to work on /home/satyam/airflow/dags/task_builder.py
[2023-06-23T16:17:02.303+0000] {processor.py:826} INFO - Processing file /home/satyam/airflow/dags/task_builder.py for tasks to queue
[2023-06-23T16:17:02.304+0000] {logging_mixin.py:149} INFO - [2023-06-23T16:17:02.304+0000] {dagbag.py:541} INFO - Filling up the DagBag from /home/satyam/airflow/dags/task_builder.py
[2023-06-23T16:17:02.306+0000] {processor.py:838} WARNING - No viable dags retrieved from /home/satyam/airflow/dags/task_builder.py
[2023-06-23T16:17:02.321+0000] {processor.py:179} INFO - Processing /home/satyam/airflow/dags/task_builder.py took 0.022 seconds
[2023-06-23T16:17:07.448+0000] {processor.py:157} INFO - Started process (PID=48405) to work on /home/satyam/airflow/dags/task_builder.py
[2023-06-23T16:17:07.449+0000] {processor.py:826} INFO - Processing file /home/satyam/airflow/dags/task_builder.py for tasks to queue
[2023-06-23T16:17:07.450+0000] {logging_mixin.py:149} INFO - [2023-06-23T16:17:07.450+0000] {dagbag.py:541} INFO - Filling up the DagBag from /home/satyam/airflow/dags/task_builder.py
[2023-06-23T16:17:07.452+0000] {processor.py:838} WARNING - No viable dags retrieved from /home/satyam/airflow/dags/task_builder.py
[2023-06-23T16:17:07.486+0000] {processor.py:179} INFO - Processing /home/satyam/airflow/dags/task_builder.py took 0.043 seconds
[2023-06-23T16:17:57.086+0000] {processor.py:157} INFO - Started process (PID=48625) to work on /home/satyam/airflow/dags/task_builder.py
[2023-06-23T16:17:57.087+0000] {processor.py:826} INFO - Processing file /home/satyam/airflow/dags/task_builder.py for tasks to queue
[2023-06-23T16:17:57.087+0000] {logging_mixin.py:149} INFO - [2023-06-23T16:17:57.087+0000] {dagbag.py:541} INFO - Filling up the DagBag from /home/satyam/airflow/dags/task_builder.py
[2023-06-23T16:17:57.091+0000] {processor.py:838} WARNING - No viable dags retrieved from /home/satyam/airflow/dags/task_builder.py
[2023-06-23T16:17:57.104+0000] {processor.py:179} INFO - Processing /home/satyam/airflow/dags/task_builder.py took 0.022 seconds
[2023-06-23T16:17:59.118+0000] {processor.py:157} INFO - Started process (PID=48629) to work on /home/satyam/airflow/dags/task_builder.py
[2023-06-23T16:17:59.119+0000] {processor.py:826} INFO - Processing file /home/satyam/airflow/dags/task_builder.py for tasks to queue
[2023-06-23T16:17:59.120+0000] {logging_mixin.py:149} INFO - [2023-06-23T16:17:59.119+0000] {dagbag.py:541} INFO - Filling up the DagBag from /home/satyam/airflow/dags/task_builder.py
[2023-06-23T16:17:59.122+0000] {processor.py:838} WARNING - No viable dags retrieved from /home/satyam/airflow/dags/task_builder.py
[2023-06-23T16:17:59.137+0000] {processor.py:179} INFO - Processing /home/satyam/airflow/dags/task_builder.py took 0.024 seconds
[2023-06-23T16:18:22.967+0000] {processor.py:157} INFO - Started process (PID=48737) to work on /home/satyam/airflow/dags/task_builder.py
[2023-06-23T16:18:22.968+0000] {processor.py:826} INFO - Processing file /home/satyam/airflow/dags/task_builder.py for tasks to queue
[2023-06-23T16:18:22.969+0000] {logging_mixin.py:149} INFO - [2023-06-23T16:18:22.969+0000] {dagbag.py:541} INFO - Filling up the DagBag from /home/satyam/airflow/dags/task_builder.py
[2023-06-23T16:18:22.972+0000] {processor.py:838} WARNING - No viable dags retrieved from /home/satyam/airflow/dags/task_builder.py
[2023-06-23T16:18:22.987+0000] {processor.py:179} INFO - Processing /home/satyam/airflow/dags/task_builder.py took 0.024 seconds
[2023-06-23T16:18:24.460+0000] {processor.py:157} INFO - Started process (PID=48740) to work on /home/satyam/airflow/dags/task_builder.py
[2023-06-23T16:18:24.461+0000] {processor.py:826} INFO - Processing file /home/satyam/airflow/dags/task_builder.py for tasks to queue
[2023-06-23T16:18:24.462+0000] {logging_mixin.py:149} INFO - [2023-06-23T16:18:24.462+0000] {dagbag.py:541} INFO - Filling up the DagBag from /home/satyam/airflow/dags/task_builder.py
[2023-06-23T16:18:24.465+0000] {processor.py:838} WARNING - No viable dags retrieved from /home/satyam/airflow/dags/task_builder.py
[2023-06-23T16:18:24.478+0000] {processor.py:179} INFO - Processing /home/satyam/airflow/dags/task_builder.py took 0.021 seconds
[2023-06-23T16:18:51.399+0000] {processor.py:157} INFO - Started process (PID=48792) to work on /home/satyam/airflow/dags/task_builder.py
[2023-06-23T16:18:51.400+0000] {processor.py:826} INFO - Processing file /home/satyam/airflow/dags/task_builder.py for tasks to queue
[2023-06-23T16:18:51.401+0000] {logging_mixin.py:149} INFO - [2023-06-23T16:18:51.401+0000] {dagbag.py:541} INFO - Filling up the DagBag from /home/satyam/airflow/dags/task_builder.py
[2023-06-23T16:18:51.404+0000] {processor.py:838} WARNING - No viable dags retrieved from /home/satyam/airflow/dags/task_builder.py
[2023-06-23T16:18:51.418+0000] {processor.py:179} INFO - Processing /home/satyam/airflow/dags/task_builder.py took 0.023 seconds
[2023-06-23T16:18:51.577+0000] {processor.py:157} INFO - Started process (PID=48793) to work on /home/satyam/airflow/dags/task_builder.py
[2023-06-23T16:18:51.578+0000] {processor.py:826} INFO - Processing file /home/satyam/airflow/dags/task_builder.py for tasks to queue
[2023-06-23T16:18:51.579+0000] {logging_mixin.py:149} INFO - [2023-06-23T16:18:51.579+0000] {dagbag.py:541} INFO - Filling up the DagBag from /home/satyam/airflow/dags/task_builder.py
[2023-06-23T16:18:51.581+0000] {processor.py:838} WARNING - No viable dags retrieved from /home/satyam/airflow/dags/task_builder.py
[2023-06-23T16:18:51.594+0000] {processor.py:179} INFO - Processing /home/satyam/airflow/dags/task_builder.py took 0.021 seconds
[2023-06-23T16:19:46.219+0000] {processor.py:157} INFO - Started process (PID=49086) to work on /home/satyam/airflow/dags/task_builder.py
[2023-06-23T16:19:46.220+0000] {processor.py:826} INFO - Processing file /home/satyam/airflow/dags/task_builder.py for tasks to queue
[2023-06-23T16:19:46.221+0000] {logging_mixin.py:149} INFO - [2023-06-23T16:19:46.221+0000] {dagbag.py:541} INFO - Filling up the DagBag from /home/satyam/airflow/dags/task_builder.py
[2023-06-23T16:19:46.225+0000] {processor.py:838} WARNING - No viable dags retrieved from /home/satyam/airflow/dags/task_builder.py
[2023-06-23T16:19:46.241+0000] {processor.py:179} INFO - Processing /home/satyam/airflow/dags/task_builder.py took 0.027 seconds
[2023-06-23T16:19:47.830+0000] {processor.py:157} INFO - Started process (PID=49089) to work on /home/satyam/airflow/dags/task_builder.py
[2023-06-23T16:19:47.831+0000] {processor.py:826} INFO - Processing file /home/satyam/airflow/dags/task_builder.py for tasks to queue
[2023-06-23T16:19:47.832+0000] {logging_mixin.py:149} INFO - [2023-06-23T16:19:47.832+0000] {dagbag.py:541} INFO - Filling up the DagBag from /home/satyam/airflow/dags/task_builder.py
[2023-06-23T16:19:47.834+0000] {processor.py:838} WARNING - No viable dags retrieved from /home/satyam/airflow/dags/task_builder.py
[2023-06-23T16:19:47.848+0000] {processor.py:179} INFO - Processing /home/satyam/airflow/dags/task_builder.py took 0.022 seconds
[2023-06-23T16:20:13.139+0000] {processor.py:157} INFO - Started process (PID=49203) to work on /home/satyam/airflow/dags/task_builder.py
[2023-06-23T16:20:13.140+0000] {processor.py:826} INFO - Processing file /home/satyam/airflow/dags/task_builder.py for tasks to queue
[2023-06-23T16:20:13.141+0000] {logging_mixin.py:149} INFO - [2023-06-23T16:20:13.141+0000] {dagbag.py:541} INFO - Filling up the DagBag from /home/satyam/airflow/dags/task_builder.py
[2023-06-23T16:20:13.142+0000] {logging_mixin.py:149} INFO - [2023-06-23T16:20:13.142+0000] {dagbag.py:327} INFO - File /home/satyam/airflow/dags/task_builder.py assumed to contain no DAGs. Skipping.
[2023-06-23T16:20:13.143+0000] {processor.py:838} WARNING - No viable dags retrieved from /home/satyam/airflow/dags/task_builder.py
[2023-06-23T16:20:13.157+0000] {processor.py:179} INFO - Processing /home/satyam/airflow/dags/task_builder.py took 0.022 seconds
[2023-06-23T16:20:15.004+0000] {processor.py:157} INFO - Started process (PID=49207) to work on /home/satyam/airflow/dags/task_builder.py
[2023-06-23T16:20:15.005+0000] {processor.py:826} INFO - Processing file /home/satyam/airflow/dags/task_builder.py for tasks to queue
[2023-06-23T16:20:15.006+0000] {logging_mixin.py:149} INFO - [2023-06-23T16:20:15.006+0000] {dagbag.py:541} INFO - Filling up the DagBag from /home/satyam/airflow/dags/task_builder.py
[2023-06-23T16:20:15.007+0000] {logging_mixin.py:149} INFO - [2023-06-23T16:20:15.007+0000] {dagbag.py:327} INFO - File /home/satyam/airflow/dags/task_builder.py assumed to contain no DAGs. Skipping.
[2023-06-23T16:20:15.007+0000] {processor.py:838} WARNING - No viable dags retrieved from /home/satyam/airflow/dags/task_builder.py
[2023-06-23T16:20:15.024+0000] {processor.py:179} INFO - Processing /home/satyam/airflow/dags/task_builder.py took 0.026 seconds
[2023-06-23T16:21:06.703+0000] {processor.py:157} INFO - Started process (PID=49327) to work on /home/satyam/airflow/dags/task_builder.py
[2023-06-23T16:21:06.705+0000] {processor.py:826} INFO - Processing file /home/satyam/airflow/dags/task_builder.py for tasks to queue
[2023-06-23T16:21:06.706+0000] {logging_mixin.py:149} INFO - [2023-06-23T16:21:06.705+0000] {dagbag.py:541} INFO - Filling up the DagBag from /home/satyam/airflow/dags/task_builder.py
[2023-06-23T16:21:06.707+0000] {logging_mixin.py:149} INFO - [2023-06-23T16:21:06.707+0000] {dagbag.py:327} INFO - File /home/satyam/airflow/dags/task_builder.py assumed to contain no DAGs. Skipping.
[2023-06-23T16:21:06.708+0000] {processor.py:838} WARNING - No viable dags retrieved from /home/satyam/airflow/dags/task_builder.py
[2023-06-23T16:21:06.722+0000] {processor.py:179} INFO - Processing /home/satyam/airflow/dags/task_builder.py took 0.026 seconds
[2023-06-23T16:21:09.032+0000] {processor.py:157} INFO - Started process (PID=49332) to work on /home/satyam/airflow/dags/task_builder.py
[2023-06-23T16:21:09.033+0000] {processor.py:826} INFO - Processing file /home/satyam/airflow/dags/task_builder.py for tasks to queue
[2023-06-23T16:21:09.034+0000] {logging_mixin.py:149} INFO - [2023-06-23T16:21:09.034+0000] {dagbag.py:541} INFO - Filling up the DagBag from /home/satyam/airflow/dags/task_builder.py
[2023-06-23T16:21:09.035+0000] {logging_mixin.py:149} INFO - [2023-06-23T16:21:09.035+0000] {dagbag.py:327} INFO - File /home/satyam/airflow/dags/task_builder.py assumed to contain no DAGs. Skipping.
[2023-06-23T16:21:09.035+0000] {processor.py:838} WARNING - No viable dags retrieved from /home/satyam/airflow/dags/task_builder.py
[2023-06-23T16:21:09.049+0000] {processor.py:179} INFO - Processing /home/satyam/airflow/dags/task_builder.py took 0.022 seconds
[2023-06-23T16:21:32.714+0000] {processor.py:157} INFO - Started process (PID=49445) to work on /home/satyam/airflow/dags/task_builder.py
[2023-06-23T16:21:32.715+0000] {processor.py:826} INFO - Processing file /home/satyam/airflow/dags/task_builder.py for tasks to queue
[2023-06-23T16:21:32.715+0000] {logging_mixin.py:149} INFO - [2023-06-23T16:21:32.715+0000] {dagbag.py:541} INFO - Filling up the DagBag from /home/satyam/airflow/dags/task_builder.py
[2023-06-23T16:21:32.716+0000] {logging_mixin.py:149} INFO - [2023-06-23T16:21:32.716+0000] {dagbag.py:327} INFO - File /home/satyam/airflow/dags/task_builder.py assumed to contain no DAGs. Skipping.
[2023-06-23T16:21:32.717+0000] {processor.py:838} WARNING - No viable dags retrieved from /home/satyam/airflow/dags/task_builder.py
[2023-06-23T16:21:32.732+0000] {processor.py:179} INFO - Processing /home/satyam/airflow/dags/task_builder.py took 0.023 seconds
[2023-06-23T16:21:36.022+0000] {processor.py:157} INFO - Started process (PID=49451) to work on /home/satyam/airflow/dags/task_builder.py
[2023-06-23T16:21:36.023+0000] {processor.py:826} INFO - Processing file /home/satyam/airflow/dags/task_builder.py for tasks to queue
[2023-06-23T16:21:36.024+0000] {logging_mixin.py:149} INFO - [2023-06-23T16:21:36.023+0000] {dagbag.py:541} INFO - Filling up the DagBag from /home/satyam/airflow/dags/task_builder.py
[2023-06-23T16:21:36.031+0000] {logging_mixin.py:149} INFO - [2023-06-23T16:21:36.031+0000] {dagbag.py:327} INFO - File /home/satyam/airflow/dags/task_builder.py assumed to contain no DAGs. Skipping.
[2023-06-23T16:21:36.031+0000] {processor.py:838} WARNING - No viable dags retrieved from /home/satyam/airflow/dags/task_builder.py
[2023-06-23T16:21:36.046+0000] {processor.py:179} INFO - Processing /home/satyam/airflow/dags/task_builder.py took 0.029 seconds
[2023-06-23T16:21:59.156+0000] {processor.py:157} INFO - Started process (PID=49506) to work on /home/satyam/airflow/dags/task_builder.py
[2023-06-23T16:21:59.158+0000] {processor.py:826} INFO - Processing file /home/satyam/airflow/dags/task_builder.py for tasks to queue
[2023-06-23T16:21:59.159+0000] {logging_mixin.py:149} INFO - [2023-06-23T16:21:59.159+0000] {dagbag.py:541} INFO - Filling up the DagBag from /home/satyam/airflow/dags/task_builder.py
[2023-06-23T16:21:59.160+0000] {logging_mixin.py:149} INFO - [2023-06-23T16:21:59.160+0000] {dagbag.py:327} INFO - File /home/satyam/airflow/dags/task_builder.py assumed to contain no DAGs. Skipping.
[2023-06-23T16:21:59.160+0000] {processor.py:838} WARNING - No viable dags retrieved from /home/satyam/airflow/dags/task_builder.py
[2023-06-23T16:21:59.175+0000] {processor.py:179} INFO - Processing /home/satyam/airflow/dags/task_builder.py took 0.023 seconds
[2023-06-23T16:22:06.344+0000] {processor.py:157} INFO - Started process (PID=49521) to work on /home/satyam/airflow/dags/task_builder.py
[2023-06-23T16:22:06.345+0000] {processor.py:826} INFO - Processing file /home/satyam/airflow/dags/task_builder.py for tasks to queue
[2023-06-23T16:22:06.345+0000] {logging_mixin.py:149} INFO - [2023-06-23T16:22:06.345+0000] {dagbag.py:541} INFO - Filling up the DagBag from /home/satyam/airflow/dags/task_builder.py
[2023-06-23T16:22:06.346+0000] {logging_mixin.py:149} INFO - [2023-06-23T16:22:06.346+0000] {dagbag.py:327} INFO - File /home/satyam/airflow/dags/task_builder.py assumed to contain no DAGs. Skipping.
[2023-06-23T16:22:06.347+0000] {processor.py:838} WARNING - No viable dags retrieved from /home/satyam/airflow/dags/task_builder.py
[2023-06-23T16:22:06.361+0000] {processor.py:179} INFO - Processing /home/satyam/airflow/dags/task_builder.py took 0.022 seconds
[2023-06-23T16:22:35.517+0000] {processor.py:157} INFO - Started process (PID=49711) to work on /home/satyam/airflow/dags/task_builder.py
[2023-06-23T16:22:35.518+0000] {processor.py:826} INFO - Processing file /home/satyam/airflow/dags/task_builder.py for tasks to queue
[2023-06-23T16:22:35.519+0000] {logging_mixin.py:149} INFO - [2023-06-23T16:22:35.519+0000] {dagbag.py:541} INFO - Filling up the DagBag from /home/satyam/airflow/dags/task_builder.py
[2023-06-23T16:22:35.520+0000] {logging_mixin.py:149} INFO - [2023-06-23T16:22:35.520+0000] {dagbag.py:327} INFO - File /home/satyam/airflow/dags/task_builder.py assumed to contain no DAGs. Skipping.
[2023-06-23T16:22:35.520+0000] {processor.py:838} WARNING - No viable dags retrieved from /home/satyam/airflow/dags/task_builder.py
[2023-06-23T16:22:35.533+0000] {processor.py:179} INFO - Processing /home/satyam/airflow/dags/task_builder.py took 0.021 seconds
[2023-06-23T16:22:52.399+0000] {processor.py:157} INFO - Started process (PID=49749) to work on /home/satyam/airflow/dags/task_builder.py
[2023-06-23T16:22:52.400+0000] {processor.py:826} INFO - Processing file /home/satyam/airflow/dags/task_builder.py for tasks to queue
[2023-06-23T16:22:52.401+0000] {logging_mixin.py:149} INFO - [2023-06-23T16:22:52.401+0000] {dagbag.py:541} INFO - Filling up the DagBag from /home/satyam/airflow/dags/task_builder.py
[2023-06-23T16:22:52.402+0000] {logging_mixin.py:149} INFO - [2023-06-23T16:22:52.402+0000] {dagbag.py:327} INFO - File /home/satyam/airflow/dags/task_builder.py assumed to contain no DAGs. Skipping.
[2023-06-23T16:22:52.402+0000] {processor.py:838} WARNING - No viable dags retrieved from /home/satyam/airflow/dags/task_builder.py
[2023-06-23T16:22:52.415+0000] {processor.py:179} INFO - Processing /home/satyam/airflow/dags/task_builder.py took 0.021 seconds
[2023-06-23T16:23:04.341+0000] {processor.py:157} INFO - Started process (PID=49777) to work on /home/satyam/airflow/dags/task_builder.py
[2023-06-23T16:23:04.342+0000] {processor.py:826} INFO - Processing file /home/satyam/airflow/dags/task_builder.py for tasks to queue
[2023-06-23T16:23:04.342+0000] {logging_mixin.py:149} INFO - [2023-06-23T16:23:04.342+0000] {dagbag.py:541} INFO - Filling up the DagBag from /home/satyam/airflow/dags/task_builder.py
[2023-06-23T16:23:04.343+0000] {logging_mixin.py:149} INFO - [2023-06-23T16:23:04.343+0000] {dagbag.py:327} INFO - File /home/satyam/airflow/dags/task_builder.py assumed to contain no DAGs. Skipping.
[2023-06-23T16:23:04.344+0000] {processor.py:838} WARNING - No viable dags retrieved from /home/satyam/airflow/dags/task_builder.py
[2023-06-23T16:23:04.359+0000] {processor.py:179} INFO - Processing /home/satyam/airflow/dags/task_builder.py took 0.022 seconds
[2023-06-23T16:23:33.122+0000] {processor.py:157} INFO - Started process (PID=49892) to work on /home/satyam/airflow/dags/task_builder.py
[2023-06-23T16:23:33.123+0000] {processor.py:826} INFO - Processing file /home/satyam/airflow/dags/task_builder.py for tasks to queue
[2023-06-23T16:23:33.124+0000] {logging_mixin.py:149} INFO - [2023-06-23T16:23:33.124+0000] {dagbag.py:541} INFO - Filling up the DagBag from /home/satyam/airflow/dags/task_builder.py
[2023-06-23T16:23:33.125+0000] {logging_mixin.py:149} INFO - [2023-06-23T16:23:33.125+0000] {dagbag.py:327} INFO - File /home/satyam/airflow/dags/task_builder.py assumed to contain no DAGs. Skipping.
[2023-06-23T16:23:33.125+0000] {processor.py:838} WARNING - No viable dags retrieved from /home/satyam/airflow/dags/task_builder.py
[2023-06-23T16:23:33.139+0000] {processor.py:179} INFO - Processing /home/satyam/airflow/dags/task_builder.py took 0.021 seconds
