[2023-06-20T11:11:19.934+0000] {taskinstance.py:1103} INFO - Dependencies all met for dep_context=non-requeueable deps ti=<TaskInstance: airflow_dbt.dbt_task.model.jaffle_shop.fact_orders manual__2023-06-20T11:09:56.639377+00:00 [queued]>
[2023-06-20T11:11:19.941+0000] {taskinstance.py:1103} INFO - Dependencies all met for dep_context=requeueable deps ti=<TaskInstance: airflow_dbt.dbt_task.model.jaffle_shop.fact_orders manual__2023-06-20T11:09:56.639377+00:00 [queued]>
[2023-06-20T11:11:19.942+0000] {taskinstance.py:1308} INFO - Starting attempt 1 of 1
[2023-06-20T11:11:19.967+0000] {taskinstance.py:1327} INFO - Executing <Task(BashOperator): dbt_task.model.jaffle_shop.fact_orders> on 2023-06-20 11:09:56.639377+00:00
[2023-06-20T11:11:19.972+0000] {standard_task_runner.py:57} INFO - Started process 5752 to run task
[2023-06-20T11:11:19.976+0000] {standard_task_runner.py:84} INFO - Running: ['airflow', 'tasks', 'run', 'airflow_dbt', 'dbt_task.model.jaffle_shop.fact_orders', 'manual__2023-06-20T11:09:56.639377+00:00', '--job-id', '123', '--raw', '--subdir', 'DAGS_FOLDER/dbt_dag.py', '--cfg-path', '/tmp/tmpy7svcc0v']
[2023-06-20T11:11:19.977+0000] {standard_task_runner.py:85} INFO - Job 123: Subtask dbt_task.model.jaffle_shop.fact_orders
[2023-06-20T11:11:20.028+0000] {task_command.py:410} INFO - Running <TaskInstance: airflow_dbt.dbt_task.model.jaffle_shop.fact_orders manual__2023-06-20T11:09:56.639377+00:00 [running]> on host ubuntu.thbnzb0d3dmuziyfg2t53bofqb.tx.internal.cloudapp.net
[2023-06-20T11:11:20.259+0000] {taskinstance.py:1545} INFO - Exporting env vars: AIRFLOW_CTX_DAG_OWNER='airflow' AIRFLOW_CTX_DAG_ID='airflow_dbt' AIRFLOW_CTX_TASK_ID='dbt_task.model.jaffle_shop.fact_orders' AIRFLOW_CTX_EXECUTION_DATE='2023-06-20T11:09:56.639377+00:00' AIRFLOW_CTX_TRY_NUMBER='1' AIRFLOW_CTX_DAG_RUN_ID='manual__2023-06-20T11:09:56.639377+00:00'
[2023-06-20T11:11:20.260+0000] {subprocess.py:63} INFO - Tmp dir root location: 
 /tmp
[2023-06-20T11:11:20.260+0000] {subprocess.py:75} INFO - Running command: ['/usr/bin/bash', '-c', 'cd /home/satyam/airflow/dags/dbt/ && dbt run --models fact_orders']
[2023-06-20T11:11:20.269+0000] {subprocess.py:86} INFO - Output:
[2023-06-20T11:11:22.762+0000] {subprocess.py:93} INFO - [0m11:11:22  Running with dbt=1.5.1
[2023-06-20T11:11:23.168+0000] {subprocess.py:93} INFO - [0m11:11:23  Found 5 models, 0 tests, 0 snapshots, 0 analyses, 321 macros, 0 operations, 0 seed files, 0 sources, 0 exposures, 0 metrics, 0 groups
[2023-06-20T11:11:23.171+0000] {subprocess.py:93} INFO - [0m11:11:23
[2023-06-20T11:11:24.408+0000] {subprocess.py:93} INFO - [0m11:11:24  Concurrency: 1 threads (target='dev')
[2023-06-20T11:11:24.408+0000] {subprocess.py:93} INFO - [0m11:11:24
[2023-06-20T11:11:24.414+0000] {subprocess.py:93} INFO - [0m11:11:24  1 of 1 START sql table model learn_dbt.fact_orders ............................. [RUN]
[2023-06-20T11:11:26.088+0000] {subprocess.py:93} INFO - [0m11:11:26  1 of 1 OK created sql table model learn_dbt.fact_orders ........................ [[32mSUCCESS 1[0m in 1.67s]
[2023-06-20T11:11:26.092+0000] {subprocess.py:93} INFO - [0m11:11:26
[2023-06-20T11:11:26.093+0000] {subprocess.py:93} INFO - [0m11:11:26  Finished running 1 table model in 0 hours 0 minutes and 2.92 seconds (2.92s).
[2023-06-20T11:11:26.103+0000] {subprocess.py:93} INFO - [0m11:11:26
[2023-06-20T11:11:26.104+0000] {subprocess.py:93} INFO - [0m11:11:26  [32mCompleted successfully[0m
[2023-06-20T11:11:26.105+0000] {subprocess.py:93} INFO - [0m11:11:26
[2023-06-20T11:11:26.105+0000] {subprocess.py:93} INFO - [0m11:11:26  Done. PASS=1 WARN=0 ERROR=0 SKIP=0 TOTAL=1
[2023-06-20T11:11:27.361+0000] {subprocess.py:97} INFO - Command exited with return code 0
[2023-06-20T11:11:27.395+0000] {taskinstance.py:1345} INFO - Marking task as SUCCESS. dag_id=airflow_dbt, task_id=dbt_task.model.jaffle_shop.fact_orders, execution_date=20230620T110956, start_date=20230620T111119, end_date=20230620T111127
[2023-06-20T11:11:27.440+0000] {local_task_job_runner.py:225} INFO - Task exited with return code 0
[2023-06-20T11:11:27.486+0000] {taskinstance.py:2651} INFO - 1 downstream tasks scheduled from follow-on schedule check
