[2023-06-20T20:37:30.571+0000] {taskinstance.py:1103} INFO - Dependencies all met for dep_context=non-requeueable deps ti=<TaskInstance: airflow_dbt.dbt_task.model.development.product_sales manual__2023-06-20T20:35:53.493417+00:00 [queued]>
[2023-06-20T20:37:30.579+0000] {taskinstance.py:1103} INFO - Dependencies all met for dep_context=requeueable deps ti=<TaskInstance: airflow_dbt.dbt_task.model.development.product_sales manual__2023-06-20T20:35:53.493417+00:00 [queued]>
[2023-06-20T20:37:30.579+0000] {taskinstance.py:1308} INFO - Starting attempt 1 of 1
[2023-06-20T20:37:30.601+0000] {taskinstance.py:1327} INFO - Executing <Task(BashOperator): dbt_task.model.development.product_sales> on 2023-06-20 20:35:53.493417+00:00
[2023-06-20T20:37:30.605+0000] {standard_task_runner.py:57} INFO - Started process 22700 to run task
[2023-06-20T20:37:30.610+0000] {standard_task_runner.py:84} INFO - Running: ['airflow', 'tasks', 'run', 'airflow_dbt', 'dbt_task.model.development.product_sales', 'manual__2023-06-20T20:35:53.493417+00:00', '--job-id', '192', '--raw', '--subdir', 'DAGS_FOLDER/dbt_dag.py', '--cfg-path', '/tmp/tmp_gk_kxzy']
[2023-06-20T20:37:30.610+0000] {standard_task_runner.py:85} INFO - Job 192: Subtask dbt_task.model.development.product_sales
[2023-06-20T20:37:30.662+0000] {task_command.py:410} INFO - Running <TaskInstance: airflow_dbt.dbt_task.model.development.product_sales manual__2023-06-20T20:35:53.493417+00:00 [running]> on host ubuntu.thbnzb0d3dmuziyfg2t53bofqb.tx.internal.cloudapp.net
[2023-06-20T20:37:30.861+0000] {taskinstance.py:1545} INFO - Exporting env vars: AIRFLOW_CTX_DAG_OWNER='airflow' AIRFLOW_CTX_DAG_ID='airflow_dbt' AIRFLOW_CTX_TASK_ID='dbt_task.model.development.product_sales' AIRFLOW_CTX_EXECUTION_DATE='2023-06-20T20:35:53.493417+00:00' AIRFLOW_CTX_TRY_NUMBER='1' AIRFLOW_CTX_DAG_RUN_ID='manual__2023-06-20T20:35:53.493417+00:00'
[2023-06-20T20:37:30.863+0000] {subprocess.py:63} INFO - Tmp dir root location: 
 /tmp
[2023-06-20T20:37:30.863+0000] {subprocess.py:75} INFO - Running command: ['/usr/bin/bash', '-c', 'cd /home/satyam/airflow/dags/dbt/ && dbt run --models product_sales']
[2023-06-20T20:37:30.870+0000] {subprocess.py:86} INFO - Output:
[2023-06-20T20:37:33.328+0000] {subprocess.py:93} INFO - [0m20:37:33  Running with dbt=1.5.1
[2023-06-20T20:37:33.714+0000] {subprocess.py:93} INFO - [0m20:37:33  [[33mWARNING[0m]: Configuration paths exist in your dbt_project.yml file which do not apply to any resources.
[2023-06-20T20:37:33.715+0000] {subprocess.py:93} INFO - There are 3 unused configuration paths:
[2023-06-20T20:37:33.715+0000] {subprocess.py:93} INFO - - models.development.bronze
[2023-06-20T20:37:33.715+0000] {subprocess.py:93} INFO - - models.development.intermediate
[2023-06-20T20:37:33.715+0000] {subprocess.py:93} INFO - - models.development.staging
[2023-06-20T20:37:33.732+0000] {subprocess.py:93} INFO - [0m20:37:33  Found 7 models, 0 tests, 0 snapshots, 0 analyses, 321 macros, 0 operations, 0 seed files, 4 sources, 0 exposures, 0 metrics, 0 groups
[2023-06-20T20:37:33.735+0000] {subprocess.py:93} INFO - [0m20:37:33
[2023-06-20T20:37:35.002+0000] {subprocess.py:93} INFO - [0m20:37:35  Concurrency: 1 threads (target='dev')
[2023-06-20T20:37:35.002+0000] {subprocess.py:93} INFO - [0m20:37:35
[2023-06-20T20:37:35.008+0000] {subprocess.py:93} INFO - [0m20:37:35  1 of 1 START sql view model final_sales.product_sales .......................... [RUN]
[2023-06-20T20:37:35.727+0000] {subprocess.py:93} INFO - [0m20:37:35  1 of 1 OK created sql view model final_sales.product_sales ..................... [[32mSUCCESS 1[0m in 0.72s]
[2023-06-20T20:37:35.732+0000] {subprocess.py:93} INFO - [0m20:37:35
[2023-06-20T20:37:35.734+0000] {subprocess.py:93} INFO - [0m20:37:35  Finished running 1 view model in 0 hours 0 minutes and 2.00 seconds (2.00s).
[2023-06-20T20:37:35.744+0000] {subprocess.py:93} INFO - [0m20:37:35
[2023-06-20T20:37:35.745+0000] {subprocess.py:93} INFO - [0m20:37:35  [32mCompleted successfully[0m
[2023-06-20T20:37:35.746+0000] {subprocess.py:93} INFO - [0m20:37:35
[2023-06-20T20:37:35.746+0000] {subprocess.py:93} INFO - [0m20:37:35  Done. PASS=1 WARN=0 ERROR=0 SKIP=0 TOTAL=1
[2023-06-20T20:37:36.917+0000] {subprocess.py:97} INFO - Command exited with return code 0
[2023-06-20T20:37:36.953+0000] {taskinstance.py:1345} INFO - Marking task as SUCCESS. dag_id=airflow_dbt, task_id=dbt_task.model.development.product_sales, execution_date=20230620T203553, start_date=20230620T203730, end_date=20230620T203736
[2023-06-20T20:37:36.993+0000] {local_task_job_runner.py:225} INFO - Task exited with return code 0
[2023-06-20T20:37:37.003+0000] {taskinstance.py:2651} INFO - 0 downstream tasks scheduled from follow-on schedule check
