[2023-06-22T04:36:14.832+0000] {taskinstance.py:1103} INFO - Dependencies all met for dep_context=non-requeueable deps ti=<TaskInstance: airflow_dbt.dbt_task.source.development.sales_stage.products manual__2023-06-22T04:35:46.763656+00:00 [queued]>
[2023-06-22T04:36:14.840+0000] {taskinstance.py:1103} INFO - Dependencies all met for dep_context=requeueable deps ti=<TaskInstance: airflow_dbt.dbt_task.source.development.sales_stage.products manual__2023-06-22T04:35:46.763656+00:00 [queued]>
[2023-06-22T04:36:14.840+0000] {taskinstance.py:1308} INFO - Starting attempt 1 of 1
[2023-06-22T04:36:14.881+0000] {taskinstance.py:1327} INFO - Executing <Task(BashOperator): dbt_task.source.development.sales_stage.products> on 2023-06-22 04:35:46.763656+00:00
[2023-06-22T04:36:14.885+0000] {standard_task_runner.py:57} INFO - Started process 5321 to run task
[2023-06-22T04:36:14.891+0000] {standard_task_runner.py:84} INFO - Running: ['airflow', 'tasks', 'run', 'airflow_dbt', 'dbt_task.source.development.sales_stage.products', 'manual__2023-06-22T04:35:46.763656+00:00', '--job-id', '200', '--raw', '--subdir', 'DAGS_FOLDER/dbt_dag.py', '--cfg-path', '/tmp/tmpk4tiwhsk']
[2023-06-22T04:36:14.892+0000] {standard_task_runner.py:85} INFO - Job 200: Subtask dbt_task.source.development.sales_stage.products
[2023-06-22T04:36:15.001+0000] {task_command.py:410} INFO - Running <TaskInstance: airflow_dbt.dbt_task.source.development.sales_stage.products manual__2023-06-22T04:35:46.763656+00:00 [running]> on host ubuntu.thbnzb0d3dmuziyfg2t53bofqb.tx.internal.cloudapp.net
[2023-06-22T04:36:15.287+0000] {taskinstance.py:1545} INFO - Exporting env vars: AIRFLOW_CTX_DAG_OWNER='airflow' AIRFLOW_CTX_DAG_ID='airflow_dbt' AIRFLOW_CTX_TASK_ID='dbt_task.source.development.sales_stage.products' AIRFLOW_CTX_EXECUTION_DATE='2023-06-22T04:35:46.763656+00:00' AIRFLOW_CTX_TRY_NUMBER='1' AIRFLOW_CTX_DAG_RUN_ID='manual__2023-06-22T04:35:46.763656+00:00'
[2023-06-22T04:36:15.288+0000] {subprocess.py:63} INFO - Tmp dir root location: 
 /tmp
[2023-06-22T04:36:15.289+0000] {subprocess.py:75} INFO - Running command: ['/usr/bin/bash', '-c', 'cd /home/satyam/airflow/dags/dbt/ && dbt run --models bronze_products']
[2023-06-22T04:36:15.296+0000] {subprocess.py:86} INFO - Output:
[2023-06-22T04:36:17.760+0000] {subprocess.py:93} INFO - [0m04:36:17  Running with dbt=1.5.1
[2023-06-22T04:36:18.165+0000] {subprocess.py:93} INFO - [0m04:36:18  [[33mWARNING[0m]: Configuration paths exist in your dbt_project.yml file which do not apply to any resources.
[2023-06-22T04:36:18.165+0000] {subprocess.py:93} INFO - There are 3 unused configuration paths:
[2023-06-22T04:36:18.165+0000] {subprocess.py:93} INFO - - models.development.staging
[2023-06-22T04:36:18.166+0000] {subprocess.py:93} INFO - - models.development.bronze
[2023-06-22T04:36:18.166+0000] {subprocess.py:93} INFO - - models.development.intermediate
[2023-06-22T04:36:18.193+0000] {subprocess.py:93} INFO - [0m04:36:18  Found 7 models, 0 tests, 0 snapshots, 0 analyses, 321 macros, 0 operations, 0 seed files, 4 sources, 0 exposures, 0 metrics, 0 groups
[2023-06-22T04:36:18.196+0000] {subprocess.py:93} INFO - [0m04:36:18
[2023-06-22T04:36:19.511+0000] {subprocess.py:93} INFO - [0m04:36:19  Concurrency: 1 threads (target='dev')
[2023-06-22T04:36:19.511+0000] {subprocess.py:93} INFO - [0m04:36:19
[2023-06-22T04:36:19.517+0000] {subprocess.py:93} INFO - [0m04:36:19  1 of 1 START sql view model final_sales.bronze_products ........................ [RUN]
[2023-06-22T04:36:20.106+0000] {subprocess.py:93} INFO - [0m04:36:20  1 of 1 OK created sql view model final_sales.bronze_products ................... [[32mSUCCESS 1[0m in 0.59s]
[2023-06-22T04:36:20.110+0000] {subprocess.py:93} INFO - [0m04:36:20
[2023-06-22T04:36:20.111+0000] {subprocess.py:93} INFO - [0m04:36:20  Finished running 1 view model in 0 hours 0 minutes and 1.91 seconds (1.91s).
[2023-06-22T04:36:20.121+0000] {subprocess.py:93} INFO - [0m04:36:20
[2023-06-22T04:36:20.122+0000] {subprocess.py:93} INFO - [0m04:36:20  [32mCompleted successfully[0m
[2023-06-22T04:36:20.123+0000] {subprocess.py:93} INFO - [0m04:36:20
[2023-06-22T04:36:20.124+0000] {subprocess.py:93} INFO - [0m04:36:20  Done. PASS=1 WARN=0 ERROR=0 SKIP=0 TOTAL=1
[2023-06-22T04:36:21.409+0000] {subprocess.py:97} INFO - Command exited with return code 0
[2023-06-22T04:36:21.447+0000] {taskinstance.py:1345} INFO - Marking task as SUCCESS. dag_id=airflow_dbt, task_id=dbt_task.source.development.sales_stage.products, execution_date=20230622T043546, start_date=20230622T043614, end_date=20230622T043621
[2023-06-22T04:36:21.514+0000] {local_task_job_runner.py:225} INFO - Task exited with return code 0
[2023-06-22T04:36:21.664+0000] {taskinstance.py:2651} INFO - 1 downstream tasks scheduled from follow-on schedule check
