[2023-06-20T20:36:18.654+0000] {taskinstance.py:1103} INFO - Dependencies all met for dep_context=non-requeueable deps ti=<TaskInstance: airflow_dbt.dbt_task.source.development.sales_stage.products manual__2023-06-20T20:35:53.493417+00:00 [queued]>
[2023-06-20T20:36:18.662+0000] {taskinstance.py:1103} INFO - Dependencies all met for dep_context=requeueable deps ti=<TaskInstance: airflow_dbt.dbt_task.source.development.sales_stage.products manual__2023-06-20T20:35:53.493417+00:00 [queued]>
[2023-06-20T20:36:18.662+0000] {taskinstance.py:1308} INFO - Starting attempt 1 of 1
[2023-06-20T20:36:18.685+0000] {taskinstance.py:1327} INFO - Executing <Task(BashOperator): dbt_task.source.development.sales_stage.products> on 2023-06-20 20:35:53.493417+00:00
[2023-06-20T20:36:18.689+0000] {standard_task_runner.py:57} INFO - Started process 21634 to run task
[2023-06-20T20:36:18.694+0000] {standard_task_runner.py:84} INFO - Running: ['airflow', 'tasks', 'run', 'airflow_dbt', 'dbt_task.source.development.sales_stage.products', 'manual__2023-06-20T20:35:53.493417+00:00', '--job-id', '184', '--raw', '--subdir', 'DAGS_FOLDER/dbt_dag.py', '--cfg-path', '/tmp/tmpvqjtmpj3']
[2023-06-20T20:36:18.694+0000] {standard_task_runner.py:85} INFO - Job 184: Subtask dbt_task.source.development.sales_stage.products
[2023-06-20T20:36:18.746+0000] {task_command.py:410} INFO - Running <TaskInstance: airflow_dbt.dbt_task.source.development.sales_stage.products manual__2023-06-20T20:35:53.493417+00:00 [running]> on host ubuntu.thbnzb0d3dmuziyfg2t53bofqb.tx.internal.cloudapp.net
[2023-06-20T20:36:18.962+0000] {taskinstance.py:1545} INFO - Exporting env vars: AIRFLOW_CTX_DAG_OWNER='airflow' AIRFLOW_CTX_DAG_ID='airflow_dbt' AIRFLOW_CTX_TASK_ID='dbt_task.source.development.sales_stage.products' AIRFLOW_CTX_EXECUTION_DATE='2023-06-20T20:35:53.493417+00:00' AIRFLOW_CTX_TRY_NUMBER='1' AIRFLOW_CTX_DAG_RUN_ID='manual__2023-06-20T20:35:53.493417+00:00'
[2023-06-20T20:36:18.964+0000] {subprocess.py:63} INFO - Tmp dir root location: 
 /tmp
[2023-06-20T20:36:18.964+0000] {subprocess.py:75} INFO - Running command: ['/usr/bin/bash', '-c', 'cd /home/satyam/airflow/dags/dbt/ && dbt run --models bronze_products']
[2023-06-20T20:36:18.972+0000] {subprocess.py:86} INFO - Output:
[2023-06-20T20:36:21.450+0000] {subprocess.py:93} INFO - [0m20:36:21  Running with dbt=1.5.1
[2023-06-20T20:36:21.821+0000] {subprocess.py:93} INFO - [0m20:36:21  [[33mWARNING[0m]: Configuration paths exist in your dbt_project.yml file which do not apply to any resources.
[2023-06-20T20:36:21.821+0000] {subprocess.py:93} INFO - There are 3 unused configuration paths:
[2023-06-20T20:36:21.822+0000] {subprocess.py:93} INFO - - models.development.staging
[2023-06-20T20:36:21.822+0000] {subprocess.py:93} INFO - - models.development.bronze
[2023-06-20T20:36:21.822+0000] {subprocess.py:93} INFO - - models.development.intermediate
[2023-06-20T20:36:21.839+0000] {subprocess.py:93} INFO - [0m20:36:21  Found 7 models, 0 tests, 0 snapshots, 0 analyses, 321 macros, 0 operations, 0 seed files, 4 sources, 0 exposures, 0 metrics, 0 groups
[2023-06-20T20:36:21.841+0000] {subprocess.py:93} INFO - [0m20:36:21
[2023-06-20T20:36:23.270+0000] {subprocess.py:93} INFO - [0m20:36:23  Concurrency: 1 threads (target='dev')
[2023-06-20T20:36:23.270+0000] {subprocess.py:93} INFO - [0m20:36:23
[2023-06-20T20:36:23.277+0000] {subprocess.py:93} INFO - [0m20:36:23  1 of 1 START sql view model final_sales.bronze_products ........................ [RUN]
[2023-06-20T20:36:23.836+0000] {subprocess.py:93} INFO - [0m20:36:23  1 of 1 OK created sql view model final_sales.bronze_products ................... [[32mSUCCESS 1[0m in 0.56s]
[2023-06-20T20:36:23.841+0000] {subprocess.py:93} INFO - [0m20:36:23
[2023-06-20T20:36:23.841+0000] {subprocess.py:93} INFO - [0m20:36:23  Finished running 1 view model in 0 hours 0 minutes and 2.00 seconds (2.00s).
[2023-06-20T20:36:23.850+0000] {subprocess.py:93} INFO - [0m20:36:23
[2023-06-20T20:36:23.851+0000] {subprocess.py:93} INFO - [0m20:36:23  [32mCompleted successfully[0m
[2023-06-20T20:36:23.852+0000] {subprocess.py:93} INFO - [0m20:36:23
[2023-06-20T20:36:23.853+0000] {subprocess.py:93} INFO - [0m20:36:23  Done. PASS=1 WARN=0 ERROR=0 SKIP=0 TOTAL=1
[2023-06-20T20:36:24.987+0000] {subprocess.py:97} INFO - Command exited with return code 0
[2023-06-20T20:36:25.018+0000] {taskinstance.py:1345} INFO - Marking task as SUCCESS. dag_id=airflow_dbt, task_id=dbt_task.source.development.sales_stage.products, execution_date=20230620T203553, start_date=20230620T203618, end_date=20230620T203625
[2023-06-20T20:36:25.073+0000] {local_task_job_runner.py:225} INFO - Task exited with return code 0
[2023-06-20T20:36:25.185+0000] {taskinstance.py:2651} INFO - 1 downstream tasks scheduled from follow-on schedule check
