[2023-06-15T09:27:51.179+0000] {taskinstance.py:1103} INFO - Dependencies all met for dep_context=non-requeueable deps ti=<TaskInstance: airflow_dbt.model.jaffle_shop.stg_customers manual__2023-06-15T09:27:34.111690+00:00 [queued]>
[2023-06-15T09:27:51.185+0000] {taskinstance.py:1103} INFO - Dependencies all met for dep_context=requeueable deps ti=<TaskInstance: airflow_dbt.model.jaffle_shop.stg_customers manual__2023-06-15T09:27:34.111690+00:00 [queued]>
[2023-06-15T09:27:51.185+0000] {taskinstance.py:1308} INFO - Starting attempt 1 of 1
[2023-06-15T09:27:51.203+0000] {taskinstance.py:1327} INFO - Executing <Task(BashOperator): model.jaffle_shop.stg_customers> on 2023-06-15 09:27:34.111690+00:00
[2023-06-15T09:27:51.207+0000] {standard_task_runner.py:57} INFO - Started process 48226 to run task
[2023-06-15T09:27:51.211+0000] {standard_task_runner.py:84} INFO - Running: ['airflow', 'tasks', 'run', 'airflow_dbt', 'model.jaffle_shop.stg_customers', 'manual__2023-06-15T09:27:34.111690+00:00', '--job-id', '54', '--raw', '--subdir', 'DAGS_FOLDER/dbt_dag.py', '--cfg-path', '/tmp/tmpemjo9zz2']
[2023-06-15T09:27:51.211+0000] {standard_task_runner.py:85} INFO - Job 54: Subtask model.jaffle_shop.stg_customers
[2023-06-15T09:27:51.263+0000] {task_command.py:410} INFO - Running <TaskInstance: airflow_dbt.model.jaffle_shop.stg_customers manual__2023-06-15T09:27:34.111690+00:00 [running]> on host ubuntu.thbnzb0d3dmuziyfg2t53bofqb.tx.internal.cloudapp.net
[2023-06-15T09:27:51.349+0000] {taskinstance.py:1545} INFO - Exporting env vars: AIRFLOW_CTX_DAG_OWNER='airflow' AIRFLOW_CTX_DAG_ID='airflow_dbt' AIRFLOW_CTX_TASK_ID='model.jaffle_shop.stg_customers' AIRFLOW_CTX_EXECUTION_DATE='2023-06-15T09:27:34.111690+00:00' AIRFLOW_CTX_TRY_NUMBER='1' AIRFLOW_CTX_DAG_RUN_ID='manual__2023-06-15T09:27:34.111690+00:00'
[2023-06-15T09:27:51.353+0000] {subprocess.py:63} INFO - Tmp dir root location: 
 /tmp
[2023-06-15T09:27:51.354+0000] {subprocess.py:75} INFO - Running command: ['/usr/bin/bash', '-c', 'cd /home/satyam/airflow/dags/dbt/ && dbt run --models stg_customers']
[2023-06-15T09:27:51.363+0000] {subprocess.py:86} INFO - Output:
[2023-06-15T09:27:53.240+0000] {subprocess.py:93} INFO - [0m09:27:53  Running with dbt=1.5.1
[2023-06-15T09:27:53.594+0000] {subprocess.py:93} INFO - [0m09:27:53  Found 5 models, 0 tests, 0 snapshots, 0 analyses, 321 macros, 0 operations, 0 seed files, 0 sources, 0 exposures, 0 metrics, 0 groups
[2023-06-15T09:27:53.595+0000] {subprocess.py:93} INFO - [0m09:27:53
[2023-06-15T09:27:54.855+0000] {subprocess.py:93} INFO - [0m09:27:54  Concurrency: 1 threads (target='dev')
[2023-06-15T09:27:54.855+0000] {subprocess.py:93} INFO - [0m09:27:54
[2023-06-15T09:27:54.860+0000] {subprocess.py:93} INFO - [0m09:27:54  1 of 1 START sql view model learn_dbt.stg_customers ............................ [RUN]
[2023-06-15T09:27:55.537+0000] {subprocess.py:93} INFO - [0m09:27:55  1 of 1 OK created sql view model learn_dbt.stg_customers ....................... [[32mSUCCESS 1[0m in 0.67s]
[2023-06-15T09:27:55.541+0000] {subprocess.py:93} INFO - [0m09:27:55
[2023-06-15T09:27:55.541+0000] {subprocess.py:93} INFO - [0m09:27:55  Finished running 1 view model in 0 hours 0 minutes and 1.94 seconds (1.94s).
[2023-06-15T09:27:55.554+0000] {subprocess.py:93} INFO - [0m09:27:55
[2023-06-15T09:27:55.554+0000] {subprocess.py:93} INFO - [0m09:27:55  [32mCompleted successfully[0m
[2023-06-15T09:27:55.555+0000] {subprocess.py:93} INFO - [0m09:27:55
[2023-06-15T09:27:55.556+0000] {subprocess.py:93} INFO - [0m09:27:55  Done. PASS=1 WARN=0 ERROR=0 SKIP=0 TOTAL=1
[2023-06-15T09:27:56.901+0000] {subprocess.py:97} INFO - Command exited with return code 0
[2023-06-15T09:27:56.929+0000] {taskinstance.py:1345} INFO - Marking task as SUCCESS. dag_id=airflow_dbt, task_id=model.jaffle_shop.stg_customers, execution_date=20230615T092734, start_date=20230615T092751, end_date=20230615T092756
[2023-06-15T09:27:56.988+0000] {local_task_job_runner.py:225} INFO - Task exited with return code 0
[2023-06-15T09:27:57.006+0000] {taskinstance.py:2651} INFO - 0 downstream tasks scheduled from follow-on schedule check
