[2023-06-20T20:36:27.747+0000] {taskinstance.py:1103} INFO - Dependencies all met for dep_context=non-requeueable deps ti=<TaskInstance: airflow_dbt.dbt_task.source.development.sales_stage.customers manual__2023-06-20T20:35:53.493417+00:00 [queued]>
[2023-06-20T20:36:27.755+0000] {taskinstance.py:1103} INFO - Dependencies all met for dep_context=requeueable deps ti=<TaskInstance: airflow_dbt.dbt_task.source.development.sales_stage.customers manual__2023-06-20T20:35:53.493417+00:00 [queued]>
[2023-06-20T20:36:27.755+0000] {taskinstance.py:1308} INFO - Starting attempt 1 of 1
[2023-06-20T20:36:27.779+0000] {taskinstance.py:1327} INFO - Executing <Task(BashOperator): dbt_task.source.development.sales_stage.customers> on 2023-06-20 20:35:53.493417+00:00
[2023-06-20T20:36:27.782+0000] {standard_task_runner.py:57} INFO - Started process 21783 to run task
[2023-06-20T20:36:27.786+0000] {standard_task_runner.py:84} INFO - Running: ['airflow', 'tasks', 'run', 'airflow_dbt', 'dbt_task.source.development.sales_stage.customers', 'manual__2023-06-20T20:35:53.493417+00:00', '--job-id', '185', '--raw', '--subdir', 'DAGS_FOLDER/dbt_dag.py', '--cfg-path', '/tmp/tmph4519se9']
[2023-06-20T20:36:27.787+0000] {standard_task_runner.py:85} INFO - Job 185: Subtask dbt_task.source.development.sales_stage.customers
[2023-06-20T20:36:27.837+0000] {task_command.py:410} INFO - Running <TaskInstance: airflow_dbt.dbt_task.source.development.sales_stage.customers manual__2023-06-20T20:35:53.493417+00:00 [running]> on host ubuntu.thbnzb0d3dmuziyfg2t53bofqb.tx.internal.cloudapp.net
[2023-06-20T20:36:28.044+0000] {taskinstance.py:1545} INFO - Exporting env vars: AIRFLOW_CTX_DAG_OWNER='airflow' AIRFLOW_CTX_DAG_ID='airflow_dbt' AIRFLOW_CTX_TASK_ID='dbt_task.source.development.sales_stage.customers' AIRFLOW_CTX_EXECUTION_DATE='2023-06-20T20:35:53.493417+00:00' AIRFLOW_CTX_TRY_NUMBER='1' AIRFLOW_CTX_DAG_RUN_ID='manual__2023-06-20T20:35:53.493417+00:00'
[2023-06-20T20:36:28.045+0000] {subprocess.py:63} INFO - Tmp dir root location: 
 /tmp
[2023-06-20T20:36:28.046+0000] {subprocess.py:75} INFO - Running command: ['/usr/bin/bash', '-c', 'cd /home/satyam/airflow/dags/dbt/ && dbt run --models bronze_customers']
[2023-06-20T20:36:28.053+0000] {subprocess.py:86} INFO - Output:
[2023-06-20T20:36:30.505+0000] {subprocess.py:93} INFO - [0m20:36:30  Running with dbt=1.5.1
[2023-06-20T20:36:30.867+0000] {subprocess.py:93} INFO - [0m20:36:30  [[33mWARNING[0m]: Configuration paths exist in your dbt_project.yml file which do not apply to any resources.
[2023-06-20T20:36:30.867+0000] {subprocess.py:93} INFO - There are 3 unused configuration paths:
[2023-06-20T20:36:30.867+0000] {subprocess.py:93} INFO - - models.development.bronze
[2023-06-20T20:36:30.867+0000] {subprocess.py:93} INFO - - models.development.staging
[2023-06-20T20:36:30.867+0000] {subprocess.py:93} INFO - - models.development.intermediate
[2023-06-20T20:36:30.883+0000] {subprocess.py:93} INFO - [0m20:36:30  Found 7 models, 0 tests, 0 snapshots, 0 analyses, 321 macros, 0 operations, 0 seed files, 4 sources, 0 exposures, 0 metrics, 0 groups
[2023-06-20T20:36:30.885+0000] {subprocess.py:93} INFO - [0m20:36:30
[2023-06-20T20:36:31.875+0000] {subprocess.py:93} INFO - [0m20:36:31  Concurrency: 1 threads (target='dev')
[2023-06-20T20:36:31.876+0000] {subprocess.py:93} INFO - [0m20:36:31
[2023-06-20T20:36:31.883+0000] {subprocess.py:93} INFO - [0m20:36:31  1 of 1 START sql view model final_sales.bronze_customers ....................... [RUN]
[2023-06-20T20:36:32.449+0000] {subprocess.py:93} INFO - [0m20:36:32  1 of 1 OK created sql view model final_sales.bronze_customers .................. [[32mSUCCESS 1[0m in 0.56s]
[2023-06-20T20:36:32.453+0000] {subprocess.py:93} INFO - [0m20:36:32
[2023-06-20T20:36:32.455+0000] {subprocess.py:93} INFO - [0m20:36:32  Finished running 1 view model in 0 hours 0 minutes and 1.57 seconds (1.57s).
[2023-06-20T20:36:32.465+0000] {subprocess.py:93} INFO - [0m20:36:32
[2023-06-20T20:36:32.466+0000] {subprocess.py:93} INFO - [0m20:36:32  [32mCompleted successfully[0m
[2023-06-20T20:36:32.466+0000] {subprocess.py:93} INFO - [0m20:36:32
[2023-06-20T20:36:32.467+0000] {subprocess.py:93} INFO - [0m20:36:32  Done. PASS=1 WARN=0 ERROR=0 SKIP=0 TOTAL=1
[2023-06-20T20:36:33.660+0000] {subprocess.py:97} INFO - Command exited with return code 0
[2023-06-20T20:36:33.693+0000] {taskinstance.py:1345} INFO - Marking task as SUCCESS. dag_id=airflow_dbt, task_id=dbt_task.source.development.sales_stage.customers, execution_date=20230620T203553, start_date=20230620T203627, end_date=20230620T203633
[2023-06-20T20:36:33.729+0000] {local_task_job_runner.py:225} INFO - Task exited with return code 0
[2023-06-20T20:36:33.838+0000] {taskinstance.py:2651} INFO - 1 downstream tasks scheduled from follow-on schedule check
