[2023-06-17T18:12:52.278+0000] {taskinstance.py:1103} INFO - Dependencies all met for dep_context=non-requeueable deps ti=<TaskInstance: airflow_dbt.dbt_task.model.jaffle_shop.fact_orders manual__2023-06-17T18:12:14.465419+00:00 [queued]>
[2023-06-17T18:12:52.287+0000] {taskinstance.py:1103} INFO - Dependencies all met for dep_context=requeueable deps ti=<TaskInstance: airflow_dbt.dbt_task.model.jaffle_shop.fact_orders manual__2023-06-17T18:12:14.465419+00:00 [queued]>
[2023-06-17T18:12:52.287+0000] {taskinstance.py:1308} INFO - Starting attempt 1 of 1
[2023-06-17T18:12:52.314+0000] {taskinstance.py:1327} INFO - Executing <Task(BashOperator): dbt_task.model.jaffle_shop.fact_orders> on 2023-06-17 18:12:14.465419+00:00
[2023-06-17T18:12:52.319+0000] {standard_task_runner.py:57} INFO - Started process 3981 to run task
[2023-06-17T18:12:52.323+0000] {standard_task_runner.py:84} INFO - Running: ['airflow', 'tasks', 'run', 'airflow_dbt', 'dbt_task.model.jaffle_shop.fact_orders', 'manual__2023-06-17T18:12:14.465419+00:00', '--job-id', '87', '--raw', '--subdir', 'DAGS_FOLDER/dbt_dag.py', '--cfg-path', '/tmp/tmpb7svizfu']
[2023-06-17T18:12:52.324+0000] {standard_task_runner.py:85} INFO - Job 87: Subtask dbt_task.model.jaffle_shop.fact_orders
[2023-06-17T18:12:52.380+0000] {task_command.py:410} INFO - Running <TaskInstance: airflow_dbt.dbt_task.model.jaffle_shop.fact_orders manual__2023-06-17T18:12:14.465419+00:00 [running]> on host ubuntu.thbnzb0d3dmuziyfg2t53bofqb.tx.internal.cloudapp.net
[2023-06-17T18:12:52.629+0000] {taskinstance.py:1545} INFO - Exporting env vars: AIRFLOW_CTX_DAG_OWNER='airflow' AIRFLOW_CTX_DAG_ID='airflow_dbt' AIRFLOW_CTX_TASK_ID='dbt_task.model.jaffle_shop.fact_orders' AIRFLOW_CTX_EXECUTION_DATE='2023-06-17T18:12:14.465419+00:00' AIRFLOW_CTX_TRY_NUMBER='1' AIRFLOW_CTX_DAG_RUN_ID='manual__2023-06-17T18:12:14.465419+00:00'
[2023-06-17T18:12:52.631+0000] {subprocess.py:63} INFO - Tmp dir root location: 
 /tmp
[2023-06-17T18:12:52.631+0000] {subprocess.py:75} INFO - Running command: ['/usr/bin/bash', '-c', 'cd /home/satyam/airflow/dags/dbt/ && dbt run --models fact_orders']
[2023-06-17T18:12:52.639+0000] {subprocess.py:86} INFO - Output:
[2023-06-17T18:12:55.107+0000] {subprocess.py:93} INFO - [0m18:12:55  Running with dbt=1.5.1
[2023-06-17T18:12:55.525+0000] {subprocess.py:93} INFO - [0m18:12:55  Found 5 models, 0 tests, 0 snapshots, 0 analyses, 321 macros, 0 operations, 0 seed files, 0 sources, 0 exposures, 0 metrics, 0 groups
[2023-06-17T18:12:55.528+0000] {subprocess.py:93} INFO - [0m18:12:55
[2023-06-17T18:12:56.729+0000] {subprocess.py:93} INFO - [0m18:12:56  Concurrency: 1 threads (target='dev')
[2023-06-17T18:12:56.730+0000] {subprocess.py:93} INFO - [0m18:12:56
[2023-06-17T18:12:56.735+0000] {subprocess.py:93} INFO - [0m18:12:56  1 of 1 START sql table model learn_dbt.fact_orders ............................. [RUN]
[2023-06-17T18:12:59.439+0000] {subprocess.py:93} INFO - [0m18:12:59  1 of 1 OK created sql table model learn_dbt.fact_orders ........................ [[32mSUCCESS 1[0m in 2.70s]
[2023-06-17T18:12:59.443+0000] {subprocess.py:93} INFO - [0m18:12:59
[2023-06-17T18:12:59.444+0000] {subprocess.py:93} INFO - [0m18:12:59  Finished running 1 table model in 0 hours 0 minutes and 3.91 seconds (3.91s).
[2023-06-17T18:12:59.457+0000] {subprocess.py:93} INFO - [0m18:12:59
[2023-06-17T18:12:59.458+0000] {subprocess.py:93} INFO - [0m18:12:59  [32mCompleted successfully[0m
[2023-06-17T18:12:59.458+0000] {subprocess.py:93} INFO - [0m18:12:59
[2023-06-17T18:12:59.459+0000] {subprocess.py:93} INFO - [0m18:12:59  Done. PASS=1 WARN=0 ERROR=0 SKIP=0 TOTAL=1
[2023-06-17T18:13:00.666+0000] {subprocess.py:97} INFO - Command exited with return code 0
[2023-06-17T18:13:00.770+0000] {taskinstance.py:1345} INFO - Marking task as SUCCESS. dag_id=airflow_dbt, task_id=dbt_task.model.jaffle_shop.fact_orders, execution_date=20230617T181214, start_date=20230617T181252, end_date=20230617T181300
[2023-06-17T18:13:00.832+0000] {local_task_job_runner.py:225} INFO - Task exited with return code 0
[2023-06-17T18:13:00.848+0000] {taskinstance.py:2651} INFO - 1 downstream tasks scheduled from follow-on schedule check
