[2023-06-20T20:37:03.411+0000] {taskinstance.py:1103} INFO - Dependencies all met for dep_context=non-requeueable deps ti=<TaskInstance: airflow_dbt.dbt_task.model.development.bronze_customers manual__2023-06-20T20:35:53.493417+00:00 [queued]>
[2023-06-20T20:37:03.418+0000] {taskinstance.py:1103} INFO - Dependencies all met for dep_context=requeueable deps ti=<TaskInstance: airflow_dbt.dbt_task.model.development.bronze_customers manual__2023-06-20T20:35:53.493417+00:00 [queued]>
[2023-06-20T20:37:03.418+0000] {taskinstance.py:1308} INFO - Starting attempt 1 of 1
[2023-06-20T20:37:03.443+0000] {taskinstance.py:1327} INFO - Executing <Task(BashOperator): dbt_task.model.development.bronze_customers> on 2023-06-20 20:35:53.493417+00:00
[2023-06-20T20:37:03.447+0000] {standard_task_runner.py:57} INFO - Started process 22310 to run task
[2023-06-20T20:37:03.457+0000] {standard_task_runner.py:84} INFO - Running: ['airflow', 'tasks', 'run', 'airflow_dbt', 'dbt_task.model.development.bronze_customers', 'manual__2023-06-20T20:35:53.493417+00:00', '--job-id', '189', '--raw', '--subdir', 'DAGS_FOLDER/dbt_dag.py', '--cfg-path', '/tmp/tmpw49pu9ai']
[2023-06-20T20:37:03.457+0000] {standard_task_runner.py:85} INFO - Job 189: Subtask dbt_task.model.development.bronze_customers
[2023-06-20T20:37:03.507+0000] {task_command.py:410} INFO - Running <TaskInstance: airflow_dbt.dbt_task.model.development.bronze_customers manual__2023-06-20T20:35:53.493417+00:00 [running]> on host ubuntu.thbnzb0d3dmuziyfg2t53bofqb.tx.internal.cloudapp.net
[2023-06-20T20:37:03.729+0000] {taskinstance.py:1545} INFO - Exporting env vars: AIRFLOW_CTX_DAG_OWNER='airflow' AIRFLOW_CTX_DAG_ID='airflow_dbt' AIRFLOW_CTX_TASK_ID='dbt_task.model.development.bronze_customers' AIRFLOW_CTX_EXECUTION_DATE='2023-06-20T20:35:53.493417+00:00' AIRFLOW_CTX_TRY_NUMBER='1' AIRFLOW_CTX_DAG_RUN_ID='manual__2023-06-20T20:35:53.493417+00:00'
[2023-06-20T20:37:03.731+0000] {subprocess.py:63} INFO - Tmp dir root location: 
 /tmp
[2023-06-20T20:37:03.731+0000] {subprocess.py:75} INFO - Running command: ['/usr/bin/bash', '-c', 'cd /home/satyam/airflow/dags/dbt/ && dbt run --models bronze_customers']
[2023-06-20T20:37:03.739+0000] {subprocess.py:86} INFO - Output:
[2023-06-20T20:37:06.166+0000] {subprocess.py:93} INFO - [0m20:37:06  Running with dbt=1.5.1
[2023-06-20T20:37:06.553+0000] {subprocess.py:93} INFO - [0m20:37:06  [[33mWARNING[0m]: Configuration paths exist in your dbt_project.yml file which do not apply to any resources.
[2023-06-20T20:37:06.554+0000] {subprocess.py:93} INFO - There are 3 unused configuration paths:
[2023-06-20T20:37:06.554+0000] {subprocess.py:93} INFO - - models.development.intermediate
[2023-06-20T20:37:06.554+0000] {subprocess.py:93} INFO - - models.development.bronze
[2023-06-20T20:37:06.554+0000] {subprocess.py:93} INFO - - models.development.staging
[2023-06-20T20:37:06.571+0000] {subprocess.py:93} INFO - [0m20:37:06  Found 7 models, 0 tests, 0 snapshots, 0 analyses, 321 macros, 0 operations, 0 seed files, 4 sources, 0 exposures, 0 metrics, 0 groups
[2023-06-20T20:37:06.574+0000] {subprocess.py:93} INFO - [0m20:37:06
[2023-06-20T20:37:07.808+0000] {subprocess.py:93} INFO - [0m20:37:07  Concurrency: 1 threads (target='dev')
[2023-06-20T20:37:07.809+0000] {subprocess.py:93} INFO - [0m20:37:07
[2023-06-20T20:37:07.814+0000] {subprocess.py:93} INFO - [0m20:37:07  1 of 1 START sql view model final_sales.bronze_customers ....................... [RUN]
[2023-06-20T20:37:08.415+0000] {subprocess.py:93} INFO - [0m20:37:08  1 of 1 OK created sql view model final_sales.bronze_customers .................. [[32mSUCCESS 1[0m in 0.60s]
[2023-06-20T20:37:08.419+0000] {subprocess.py:93} INFO - [0m20:37:08
[2023-06-20T20:37:08.420+0000] {subprocess.py:93} INFO - [0m20:37:08  Finished running 1 view model in 0 hours 0 minutes and 1.84 seconds (1.84s).
[2023-06-20T20:37:08.429+0000] {subprocess.py:93} INFO - [0m20:37:08
[2023-06-20T20:37:08.430+0000] {subprocess.py:93} INFO - [0m20:37:08  [32mCompleted successfully[0m
[2023-06-20T20:37:08.431+0000] {subprocess.py:93} INFO - [0m20:37:08
[2023-06-20T20:37:08.431+0000] {subprocess.py:93} INFO - [0m20:37:08  Done. PASS=1 WARN=0 ERROR=0 SKIP=0 TOTAL=1
[2023-06-20T20:37:09.654+0000] {subprocess.py:97} INFO - Command exited with return code 0
[2023-06-20T20:37:09.687+0000] {taskinstance.py:1345} INFO - Marking task as SUCCESS. dag_id=airflow_dbt, task_id=dbt_task.model.development.bronze_customers, execution_date=20230620T203553, start_date=20230620T203703, end_date=20230620T203709
[2023-06-20T20:37:09.749+0000] {local_task_job_runner.py:225} INFO - Task exited with return code 0
[2023-06-20T20:37:09.770+0000] {taskinstance.py:2651} INFO - 0 downstream tasks scheduled from follow-on schedule check
