[2023-06-15T09:28:08.267+0000] {taskinstance.py:1103} INFO - Dependencies all met for dep_context=non-requeueable deps ti=<TaskInstance: airflow_dbt.model.jaffle_shop.dim_customers manual__2023-06-15T09:27:34.111690+00:00 [queued]>
[2023-06-15T09:28:08.273+0000] {taskinstance.py:1103} INFO - Dependencies all met for dep_context=requeueable deps ti=<TaskInstance: airflow_dbt.model.jaffle_shop.dim_customers manual__2023-06-15T09:27:34.111690+00:00 [queued]>
[2023-06-15T09:28:08.274+0000] {taskinstance.py:1308} INFO - Starting attempt 1 of 1
[2023-06-15T09:28:08.293+0000] {taskinstance.py:1327} INFO - Executing <Task(BashOperator): model.jaffle_shop.dim_customers> on 2023-06-15 09:27:34.111690+00:00
[2023-06-15T09:28:08.296+0000] {standard_task_runner.py:57} INFO - Started process 48494 to run task
[2023-06-15T09:28:08.300+0000] {standard_task_runner.py:84} INFO - Running: ['airflow', 'tasks', 'run', 'airflow_dbt', 'model.jaffle_shop.dim_customers', 'manual__2023-06-15T09:27:34.111690+00:00', '--job-id', '56', '--raw', '--subdir', 'DAGS_FOLDER/dbt_dag.py', '--cfg-path', '/tmp/tmpnfi7835_']
[2023-06-15T09:28:08.301+0000] {standard_task_runner.py:85} INFO - Job 56: Subtask model.jaffle_shop.dim_customers
[2023-06-15T09:28:08.352+0000] {task_command.py:410} INFO - Running <TaskInstance: airflow_dbt.model.jaffle_shop.dim_customers manual__2023-06-15T09:27:34.111690+00:00 [running]> on host ubuntu.thbnzb0d3dmuziyfg2t53bofqb.tx.internal.cloudapp.net
[2023-06-15T09:28:08.425+0000] {taskinstance.py:1545} INFO - Exporting env vars: AIRFLOW_CTX_DAG_OWNER='airflow' AIRFLOW_CTX_DAG_ID='airflow_dbt' AIRFLOW_CTX_TASK_ID='model.jaffle_shop.dim_customers' AIRFLOW_CTX_EXECUTION_DATE='2023-06-15T09:27:34.111690+00:00' AIRFLOW_CTX_TRY_NUMBER='1' AIRFLOW_CTX_DAG_RUN_ID='manual__2023-06-15T09:27:34.111690+00:00'
[2023-06-15T09:28:08.427+0000] {subprocess.py:63} INFO - Tmp dir root location: 
 /tmp
[2023-06-15T09:28:08.427+0000] {subprocess.py:75} INFO - Running command: ['/usr/bin/bash', '-c', 'cd /home/satyam/airflow/dags/dbt/ && dbt run --models dim_customers']
[2023-06-15T09:28:08.435+0000] {subprocess.py:86} INFO - Output:
[2023-06-15T09:28:10.334+0000] {subprocess.py:93} INFO - [0m09:28:10  Running with dbt=1.5.1
[2023-06-15T09:28:10.681+0000] {subprocess.py:93} INFO - [0m09:28:10  Found 5 models, 0 tests, 0 snapshots, 0 analyses, 321 macros, 0 operations, 0 seed files, 0 sources, 0 exposures, 0 metrics, 0 groups
[2023-06-15T09:28:10.683+0000] {subprocess.py:93} INFO - [0m09:28:10
[2023-06-15T09:28:12.087+0000] {subprocess.py:93} INFO - [0m09:28:12  Concurrency: 1 threads (target='dev')
[2023-06-15T09:28:12.088+0000] {subprocess.py:93} INFO - [0m09:28:12
[2023-06-15T09:28:12.092+0000] {subprocess.py:93} INFO - [0m09:28:12  1 of 1 START sql table model learn_dbt.dim_customers ........................... [RUN]
[2023-06-15T09:28:14.164+0000] {subprocess.py:93} INFO - [0m09:28:14  1 of 1 OK created sql table model learn_dbt.dim_customers ...................... [[32mSUCCESS 1[0m in 2.07s]
[2023-06-15T09:28:14.168+0000] {subprocess.py:93} INFO - [0m09:28:14
[2023-06-15T09:28:14.168+0000] {subprocess.py:93} INFO - [0m09:28:14  Finished running 1 table model in 0 hours 0 minutes and 3.48 seconds (3.48s).
[2023-06-15T09:28:14.177+0000] {subprocess.py:93} INFO - [0m09:28:14
[2023-06-15T09:28:14.178+0000] {subprocess.py:93} INFO - [0m09:28:14  [32mCompleted successfully[0m
[2023-06-15T09:28:14.179+0000] {subprocess.py:93} INFO - [0m09:28:14
[2023-06-15T09:28:14.179+0000] {subprocess.py:93} INFO - [0m09:28:14  Done. PASS=1 WARN=0 ERROR=0 SKIP=0 TOTAL=1
[2023-06-15T09:28:15.508+0000] {subprocess.py:97} INFO - Command exited with return code 0
[2023-06-15T09:28:15.536+0000] {taskinstance.py:1345} INFO - Marking task as SUCCESS. dag_id=airflow_dbt, task_id=model.jaffle_shop.dim_customers, execution_date=20230615T092734, start_date=20230615T092808, end_date=20230615T092815
[2023-06-15T09:28:15.571+0000] {local_task_job_runner.py:225} INFO - Task exited with return code 0
[2023-06-15T09:28:15.581+0000] {taskinstance.py:2651} INFO - 0 downstream tasks scheduled from follow-on schedule check
