[2023-06-20T20:28:53.825+0000] {taskinstance.py:1103} INFO - Dependencies all met for dep_context=non-requeueable deps ti=<TaskInstance: airflow_dbt.dbt_task.model.development.fct_payment_details manual__2023-06-20T20:27:34.750582+00:00 [queued]>
[2023-06-20T20:28:53.833+0000] {taskinstance.py:1103} INFO - Dependencies all met for dep_context=requeueable deps ti=<TaskInstance: airflow_dbt.dbt_task.model.development.fct_payment_details manual__2023-06-20T20:27:34.750582+00:00 [queued]>
[2023-06-20T20:28:53.833+0000] {taskinstance.py:1308} INFO - Starting attempt 1 of 1
[2023-06-20T20:28:53.857+0000] {taskinstance.py:1327} INFO - Executing <Task(BashOperator): dbt_task.model.development.fct_payment_details> on 2023-06-20 20:27:34.750582+00:00
[2023-06-20T20:28:53.861+0000] {standard_task_runner.py:57} INFO - Started process 19702 to run task
[2023-06-20T20:28:53.866+0000] {standard_task_runner.py:84} INFO - Running: ['airflow', 'tasks', 'run', 'airflow_dbt', 'dbt_task.model.development.fct_payment_details', 'manual__2023-06-20T20:27:34.750582+00:00', '--job-id', '178', '--raw', '--subdir', 'DAGS_FOLDER/dbt_dag.py', '--cfg-path', '/tmp/tmp3k7o8eoi']
[2023-06-20T20:28:53.867+0000] {standard_task_runner.py:85} INFO - Job 178: Subtask dbt_task.model.development.fct_payment_details
[2023-06-20T20:28:53.918+0000] {task_command.py:410} INFO - Running <TaskInstance: airflow_dbt.dbt_task.model.development.fct_payment_details manual__2023-06-20T20:27:34.750582+00:00 [running]> on host ubuntu.thbnzb0d3dmuziyfg2t53bofqb.tx.internal.cloudapp.net
[2023-06-20T20:28:54.122+0000] {taskinstance.py:1545} INFO - Exporting env vars: AIRFLOW_CTX_DAG_OWNER='airflow' AIRFLOW_CTX_DAG_ID='airflow_dbt' AIRFLOW_CTX_TASK_ID='dbt_task.model.development.fct_payment_details' AIRFLOW_CTX_EXECUTION_DATE='2023-06-20T20:27:34.750582+00:00' AIRFLOW_CTX_TRY_NUMBER='1' AIRFLOW_CTX_DAG_RUN_ID='manual__2023-06-20T20:27:34.750582+00:00'
[2023-06-20T20:28:54.124+0000] {subprocess.py:63} INFO - Tmp dir root location: 
 /tmp
[2023-06-20T20:28:54.124+0000] {subprocess.py:75} INFO - Running command: ['/usr/bin/bash', '-c', 'cd /home/satyam/airflow/dags/dbt/ && dbt run --models fct_payment_details']
[2023-06-20T20:28:54.131+0000] {subprocess.py:86} INFO - Output:
[2023-06-20T20:28:56.446+0000] {subprocess.py:93} INFO - [0m20:28:56  Running with dbt=1.5.1
[2023-06-20T20:28:56.832+0000] {subprocess.py:93} INFO - [0m20:28:56  [[33mWARNING[0m]: Configuration paths exist in your dbt_project.yml file which do not apply to any resources.
[2023-06-20T20:28:56.832+0000] {subprocess.py:93} INFO - There are 3 unused configuration paths:
[2023-06-20T20:28:56.832+0000] {subprocess.py:93} INFO - - models.development.bronze
[2023-06-20T20:28:56.832+0000] {subprocess.py:93} INFO - - models.development.intermediate
[2023-06-20T20:28:56.833+0000] {subprocess.py:93} INFO - - models.development.staging
[2023-06-20T20:28:56.849+0000] {subprocess.py:93} INFO - [0m20:28:56  Found 7 models, 0 tests, 0 snapshots, 0 analyses, 321 macros, 0 operations, 0 seed files, 4 sources, 0 exposures, 0 metrics, 0 groups
[2023-06-20T20:28:56.851+0000] {subprocess.py:93} INFO - [0m20:28:56
[2023-06-20T20:28:57.983+0000] {subprocess.py:93} INFO - [0m20:28:57  Concurrency: 1 threads (target='dev')
[2023-06-20T20:28:57.983+0000] {subprocess.py:93} INFO - [0m20:28:57
[2023-06-20T20:28:57.986+0000] {subprocess.py:93} INFO - [0m20:28:57  1 of 1 START sql view model sales.fct_payment_details .......................... [RUN]
[2023-06-20T20:28:58.594+0000] {subprocess.py:93} INFO - [0m20:28:58  1 of 1 OK created sql view model sales.fct_payment_details ..................... [[32mSUCCESS 1[0m in 0.61s]
[2023-06-20T20:28:58.598+0000] {subprocess.py:93} INFO - [0m20:28:58
[2023-06-20T20:28:58.599+0000] {subprocess.py:93} INFO - [0m20:28:58  Finished running 1 view model in 0 hours 0 minutes and 1.75 seconds (1.75s).
[2023-06-20T20:28:58.609+0000] {subprocess.py:93} INFO - [0m20:28:58
[2023-06-20T20:28:58.609+0000] {subprocess.py:93} INFO - [0m20:28:58  [32mCompleted successfully[0m
[2023-06-20T20:28:58.610+0000] {subprocess.py:93} INFO - [0m20:28:58
[2023-06-20T20:28:58.611+0000] {subprocess.py:93} INFO - [0m20:28:58  Done. PASS=1 WARN=0 ERROR=0 SKIP=0 TOTAL=1
[2023-06-20T20:28:59.763+0000] {subprocess.py:97} INFO - Command exited with return code 0
[2023-06-20T20:28:59.796+0000] {taskinstance.py:1345} INFO - Marking task as SUCCESS. dag_id=airflow_dbt, task_id=dbt_task.model.development.fct_payment_details, execution_date=20230620T202734, start_date=20230620T202853, end_date=20230620T202859
[2023-06-20T20:28:59.841+0000] {local_task_job_runner.py:225} INFO - Task exited with return code 0
[2023-06-20T20:28:59.860+0000] {taskinstance.py:2651} INFO - 0 downstream tasks scheduled from follow-on schedule check
