[2023-06-22T04:37:34.986+0000] {taskinstance.py:1103} INFO - Dependencies all met for dep_context=non-requeueable deps ti=<TaskInstance: airflow_dbt.dbt_task.model.development.product_sales manual__2023-06-22T04:35:46.763656+00:00 [queued]>
[2023-06-22T04:37:34.994+0000] {taskinstance.py:1103} INFO - Dependencies all met for dep_context=requeueable deps ti=<TaskInstance: airflow_dbt.dbt_task.model.development.product_sales manual__2023-06-22T04:35:46.763656+00:00 [queued]>
[2023-06-22T04:37:34.994+0000] {taskinstance.py:1308} INFO - Starting attempt 1 of 1
[2023-06-22T04:37:35.016+0000] {taskinstance.py:1327} INFO - Executing <Task(BashOperator): dbt_task.model.development.product_sales> on 2023-06-22 04:35:46.763656+00:00
[2023-06-22T04:37:35.020+0000] {standard_task_runner.py:57} INFO - Started process 6493 to run task
[2023-06-22T04:37:35.025+0000] {standard_task_runner.py:84} INFO - Running: ['airflow', 'tasks', 'run', 'airflow_dbt', 'dbt_task.model.development.product_sales', 'manual__2023-06-22T04:35:46.763656+00:00', '--job-id', '208', '--raw', '--subdir', 'DAGS_FOLDER/dbt_dag.py', '--cfg-path', '/tmp/tmpbjl_fpht']
[2023-06-22T04:37:35.026+0000] {standard_task_runner.py:85} INFO - Job 208: Subtask dbt_task.model.development.product_sales
[2023-06-22T04:37:35.091+0000] {task_command.py:410} INFO - Running <TaskInstance: airflow_dbt.dbt_task.model.development.product_sales manual__2023-06-22T04:35:46.763656+00:00 [running]> on host ubuntu.thbnzb0d3dmuziyfg2t53bofqb.tx.internal.cloudapp.net
[2023-06-22T04:37:35.338+0000] {taskinstance.py:1545} INFO - Exporting env vars: AIRFLOW_CTX_DAG_OWNER='airflow' AIRFLOW_CTX_DAG_ID='airflow_dbt' AIRFLOW_CTX_TASK_ID='dbt_task.model.development.product_sales' AIRFLOW_CTX_EXECUTION_DATE='2023-06-22T04:35:46.763656+00:00' AIRFLOW_CTX_TRY_NUMBER='1' AIRFLOW_CTX_DAG_RUN_ID='manual__2023-06-22T04:35:46.763656+00:00'
[2023-06-22T04:37:35.340+0000] {subprocess.py:63} INFO - Tmp dir root location: 
 /tmp
[2023-06-22T04:37:35.340+0000] {subprocess.py:75} INFO - Running command: ['/usr/bin/bash', '-c', 'cd /home/satyam/airflow/dags/dbt/ && dbt run --models product_sales']
[2023-06-22T04:37:35.349+0000] {subprocess.py:86} INFO - Output:
[2023-06-22T04:37:37.883+0000] {subprocess.py:93} INFO - [0m04:37:37  Running with dbt=1.5.1
[2023-06-22T04:37:38.288+0000] {subprocess.py:93} INFO - [0m04:37:38  [[33mWARNING[0m]: Configuration paths exist in your dbt_project.yml file which do not apply to any resources.
[2023-06-22T04:37:38.289+0000] {subprocess.py:93} INFO - There are 3 unused configuration paths:
[2023-06-22T04:37:38.289+0000] {subprocess.py:93} INFO - - models.development.bronze
[2023-06-22T04:37:38.289+0000] {subprocess.py:93} INFO - - models.development.intermediate
[2023-06-22T04:37:38.289+0000] {subprocess.py:93} INFO - - models.development.staging
[2023-06-22T04:37:38.306+0000] {subprocess.py:93} INFO - [0m04:37:38  Found 7 models, 0 tests, 0 snapshots, 0 analyses, 321 macros, 0 operations, 0 seed files, 4 sources, 0 exposures, 0 metrics, 0 groups
[2023-06-22T04:37:38.309+0000] {subprocess.py:93} INFO - [0m04:37:38
[2023-06-22T04:37:39.437+0000] {subprocess.py:93} INFO - [0m04:37:39  Concurrency: 1 threads (target='dev')
[2023-06-22T04:37:39.438+0000] {subprocess.py:93} INFO - [0m04:37:39
[2023-06-22T04:37:39.444+0000] {subprocess.py:93} INFO - [0m04:37:39  1 of 1 START sql view model final_sales.product_sales .......................... [RUN]
[2023-06-22T04:37:40.387+0000] {subprocess.py:93} INFO - [0m04:37:40  1 of 1 OK created sql view model final_sales.product_sales ..................... [[32mSUCCESS 1[0m in 0.94s]
[2023-06-22T04:37:40.391+0000] {subprocess.py:93} INFO - [0m04:37:40
[2023-06-22T04:37:40.392+0000] {subprocess.py:93} INFO - [0m04:37:40  Finished running 1 view model in 0 hours 0 minutes and 2.08 seconds (2.08s).
[2023-06-22T04:37:40.402+0000] {subprocess.py:93} INFO - [0m04:37:40
[2023-06-22T04:37:40.403+0000] {subprocess.py:93} INFO - [0m04:37:40  [32mCompleted successfully[0m
[2023-06-22T04:37:40.403+0000] {subprocess.py:93} INFO - [0m04:37:40
[2023-06-22T04:37:40.404+0000] {subprocess.py:93} INFO - [0m04:37:40  Done. PASS=1 WARN=0 ERROR=0 SKIP=0 TOTAL=1
[2023-06-22T04:37:41.694+0000] {subprocess.py:97} INFO - Command exited with return code 0
[2023-06-22T04:37:41.738+0000] {taskinstance.py:1345} INFO - Marking task as SUCCESS. dag_id=airflow_dbt, task_id=dbt_task.model.development.product_sales, execution_date=20230622T043546, start_date=20230622T043734, end_date=20230622T043741
[2023-06-22T04:37:41.809+0000] {local_task_job_runner.py:225} INFO - Task exited with return code 0
[2023-06-22T04:37:41.821+0000] {taskinstance.py:2651} INFO - 0 downstream tasks scheduled from follow-on schedule check
